# Time-averaged data for fix runningavgs
# TimeStep v_ra_etotal v_ra_temp v_ra_press v_ra_volume
502000     -6482.6578393506       128.5446810027      -682.0559900242    102002.7029850792
503000     -6475.4141633023       129.2952052544      -684.7231242858    102002.7029850792
504000     -6476.4178266083       129.1743379592      -694.2802677618    102002.7029850792
505000     -6475.6092849512       129.1997185525      -701.8009086339    102002.7029850792
506000     -6477.5258914651       129.0295479831      -706.7126465511    102002.7029850792
507000     -6475.8788708531       129.1810018548      -701.0939252340    102002.7029850792
508000     -6475.5156825004       129.2178032817      -696.4693703771    102002.7029850792
509000     -6473.2307687317       129.4078245396      -695.9103819687    102002.7029850792
510000     -6472.4513818851       129.4866087572      -696.7682726168    102002.7029850792
511000     -6469.9486597055       129.7403183198      -697.5174824793    102002.7029850792
512000     -6470.2631734608       129.6839542877      -698.1151785523    102002.7029850792
513000     -6469.9754312035       129.6886642806      -697.6083743553    102002.7029850792
514000     -6470.0742194522       129.6802289983      -696.9969775504    102002.7029850792
515000     -6469.8423980170       129.6918629487      -695.5189125269    102002.7029850792
516000     -6469.7789805052       129.7113484035      -695.3700199870    102002.7029850792
517000     -6469.5110320946       129.7458809260      -697.5868724694    102002.7029850792
518000     -6469.6953033485       129.7184262249      -699.5281736706    102002.7029850792
519000     -6469.7220410155       129.7090730929      -699.7566794919    102002.7029850792
520000     -6469.8255774191       129.6929867658      -699.9630847084    102002.7029850792
521000     -6469.9507634757       129.6779227388      -701.6866525624    102002.7029850792
522000     -6470.0159353757       129.6697583215      -702.6310542902    102002.7029850792
523000     -6469.8139240615       129.6757143007      -703.4566888008    102002.7029850792
524000     -6469.7140816516       129.7001081027      -705.3654544563    102002.7029850792
525000     -6469.4439540236       129.7244059520      -706.9396692243    102002.7029850792
526000     -6469.6388450574       129.7074671186      -707.7327019441    102002.7029850792
527000     -6469.5763042230       129.7094578687      -710.1531635739    102002.7029850792
528000     -6469.6116212717       129.7075493943      -709.6906620266    102002.7029850792
529000     -6468.9361819590       129.7733035062      -710.8686212672    102002.7029850792
530000     -6468.8020402668       129.7891042172      -713.9911448113    102002.7029850792
531000     -6468.6911840032       129.8077606526      -713.4341879924    102002.7029850792
532000     -6469.2598279534       129.7609184170      -713.0146624255    102002.7029850792
533000     -6469.0910688326       129.7739073737      -715.4299352816    102002.7029850792
534000     -6469.3117029631       129.7579563170      -714.3325531809    102002.7029850792
535000     -6469.4921171784       129.7469602024      -714.4175280084    102002.7029850792
536000     -6469.3566660080       129.7589925713      -716.5695080538    102002.7029850792
537000     -6469.4282431215       129.7619040691      -716.2088746581    102002.7029850792
538000     -6469.0511985577       129.7981205482      -716.0280640797    102002.7029850792
539000     -6469.2001335090       129.7880760499      -716.0292392202    102002.7029850791
540000     -6469.2392345433       129.7894616506      -715.8198092333    102002.7029850791
541000     -6468.8800742991       129.8265051224      -715.7332508741    102002.7029850791
542000     -6468.8374444830       129.8334764254      -716.2858457165    102002.7029850791
543000     -6468.7660568412       129.8450236983      -715.9667577326    102002.7029850791
544000     -6468.4633532303       129.8798192267      -715.6269508586    102002.7029850791
545000     -6468.3383288339       129.8930572087      -715.1033828592    102002.7029850791
546000     -6468.1539854883       129.9132840749      -714.8010256996    102002.7029850791
547000     -6468.1681591178       129.9129877473      -714.9692755036    102002.7029850791
548000     -6468.1131747523       129.9178559715      -715.3197734548    102002.7029850791
549000     -6467.9651894939       129.9360690238      -715.2602967757    102002.7029850791
550000     -6468.0142192262       129.9358334450      -714.5798739242    102002.7029850791
551000     -6467.7831138670       129.9614600739      -714.1279687422    102002.7029850791
552000     -6467.7909004196       129.9617819157      -713.5458367801    102002.7029850791
553000     -6467.8127645180       129.9640913996      -713.6500372233    102002.7029850791
554000     -6467.6701176064       129.9781169034      -714.0584596206    102002.7029850791
555000     -6467.4113044593       130.0055905811      -714.2536430526    102002.7029850791
556000     -6467.4692789276       130.0050462521      -713.9567080297    102002.7029850791
557000     -6467.3569771132       130.0136938330      -713.7239461240    102002.7029850791
558000     -6467.0784150231       130.0404978644      -713.4555200435    102002.7029850791
559000     -6467.1248409171       130.0369643821      -713.4038879313    102002.7029850791
560000     -6467.1567334797       130.0389629634      -713.6516640779    102002.7029850791
561000     -6467.2664806237       130.0294434511      -713.3793531792    102002.7029850791
562000     -6467.1647796791       130.0388118015      -713.7294017668    102002.7029850791
563000     -6466.9314573345       130.0626742603      -713.7070933511    102002.7029850791
564000     -6466.8717729720       130.0694114031      -712.8910027688    102002.7029850791
565000     -6466.7873827189       130.0757671331      -712.8907289165    102002.7029850791
566000     -6466.7895948107       130.0737962054      -713.0281723343    102002.7029850791
567000     -6466.8659778484       130.0659698779      -712.4721247597    102002.7029850791
568000     -6466.9236433299       130.0608672902      -711.7897422140    102002.7029850791
569000     -6467.0824076780       130.0446993310      -711.4487811308    102002.7029850791
570000     -6467.0110896368       130.0501544794      -710.7567428990    102002.7029850791
571000     -6467.0620029929       130.0464356980      -710.3562243163    102002.7029850791
572000     -6467.0185516387       130.0499303996      -710.2466090120    102002.7029850791
573000     -6466.8137876849       130.0714123252      -709.9251766821    102002.7029850791
574000     -6466.8887246372       130.0614932948      -709.7479900995    102002.7029850791
575000     -6466.9836641858       130.0539834217      -709.3241698150    102002.7029850791
576000     -6466.9426472759       130.0581817380      -709.1785943461    102002.7029850791
577000     -6466.9386073891       130.0601740388      -708.8739337839    102002.7029850791
578000     -6466.7157196991       130.0790292652      -709.0593959176    102002.7029850791
579000     -6466.6942107269       130.0835337472      -708.7947423215    102002.7029850791
580000     -6466.6196310009       130.0866987283      -709.0703481857    102002.7029850791
581000     -6466.5428461174       130.0926720955      -709.1331368173    102002.7029850791
582000     -6466.6599251197       130.0801461877      -708.9666222351    102002.7029850791
583000     -6466.8594253272       130.0639051515      -708.8329651940    102002.7029850791
584000     -6466.8217725360       130.0636175253      -708.9861785559    102002.7029850791
585000     -6466.8273157605       130.0608342739      -708.8823344006    102002.7029850791
586000     -6466.9632965391       130.0486934546      -708.8437465039    102002.7029850791
587000     -6467.0723475593       130.0398218908      -708.9998695619    102002.7029850791
588000     -6467.1000270638       130.0355172163      -708.7635449868    102002.7029850791
589000     -6467.0152601641       130.0426155862      -708.7104841819    102002.7029850791
590000     -6466.9413891866       130.0486812272      -708.8729520226    102002.7029850791
591000     -6466.9600098645       130.0443745560      -709.0199395001    102002.7029850792
592000     -6467.0069782435       130.0400813951      -708.7530749790    102002.7029850792
593000     -6467.0621228526       130.0328322351      -708.8882115914    102002.7029850792
594000     -6467.1547092412       130.0183385385      -709.1283093099    102002.7029850792
595000     -6467.1098375885       130.0217670064      -708.7826980797    102002.7029850792
596000     -6467.0806451158       130.0224329156      -708.7472807402    102002.7029850792
597000     -6466.9372846518       130.0324353069      -708.8508659362    102002.7029850792
598000     -6466.9348334093       130.0338387825      -708.6172783522    102002.7029850792
599000     -6467.0098780025       130.0287760837      -708.5805635199    102002.7029850792
600000     -6466.9846704268       130.0311596923      -708.8500966547    102002.7029850792
601000     -6467.0109710986       130.0298616871      -709.0624481961    102002.7029850792
602000     -6466.8786428452       130.0434037338      -709.3968530264    102002.7029850792
603000     -6466.9116715751       130.0407742410      -709.7008145749    102002.7029850792
604000     -6466.9794390857       130.0347912343      -709.7091655159    102002.7029850793
605000     -6467.0339106955       130.0281137539      -709.9924342807    102002.7029850793
606000     -6467.0757263448       130.0245985490      -710.0303608854    102002.7029850793
607000     -6467.1644787451       130.0164284955      -710.0407986320    102002.7029850793
608000     -6467.1884794331       130.0175682872      -710.1321367954    102002.7029850793
609000     -6467.2160650149       130.0143368613      -710.4424364320    102002.7029850793
610000     -6467.3571345355       130.0024186713      -710.6098689990    102002.7029850793
611000     -6467.3971091991       129.9985573120      -710.6651768473    102002.7029850793
612000     -6467.5052001041       129.9896385784      -711.0598909074    102002.7029850793
613000     -6467.5414096169       129.9864687379      -711.0923857264    102002.7029850793
614000     -6467.5973058779       129.9815579392      -711.2822705260    102002.7029850793
615000     -6467.5904797073       129.9811810950      -711.6315742450    102002.7029850793
616000     -6467.5765232983       129.9820037880      -711.8480811035    102002.7029850793
617000     -6467.5633014453       129.9830589514      -711.8662911954    102002.7029850793
618000     -6467.5440646911       129.9852027623      -712.0152674962    102002.7029850793
619000     -6467.4943435479       129.9921125495      -712.4306660031    102002.7029850793
620000     -6467.5000185511       129.9922088499      -712.5607289048    102002.7029850793
621000     -6467.6368751984       129.9802525151      -712.7211741035    102002.7029850793
622000     -6467.5982270500       129.9838467375      -712.8878897468    102002.7029850794
623000     -6467.5863391347       129.9863248757      -713.2133883778    102002.7029850794
624000     -6467.7276891980       129.9737996417      -713.2007636133    102002.7029850794
625000     -6467.7176299184       129.9765970871      -713.2249454840    102002.7029850794
626000     -6467.7451982710       129.9750390670      -713.5130028210    102002.7029850794
627000     -6467.7561300927       129.9745532156      -713.5976804356    102002.7029850794
628000     -6467.7775550547       129.9741433483      -713.7070463919    102002.7029850794
629000     -6467.9144705355       129.9620776530      -714.2067994628    102002.7029850794
630000     -6467.8437188557       129.9677618610      -714.1753483483    102002.7029850794
631000     -6467.8081715372       129.9726898025      -714.0546488208    102002.7029850794
632000     -6467.7293182024       129.9805971308      -714.5282276464    102002.7029850794
633000     -6467.7032832224       129.9851428887      -714.7753058504    102002.7029850794
634000     -6467.7932109871       129.9750492243      -715.0556688598    102002.7029850794
635000     -6467.8710701109       129.9689764367      -715.3980355672    102002.7029850794
636000     -6467.8491460073       129.9716880929      -715.4133272626    102002.7029850794
637000     -6467.7735583201       129.9797642726      -715.3349992950    102002.7029850794
638000     -6467.7451762713       129.9824237034      -715.6869312907    102002.7029850794
639000     -6467.6830187496       129.9878235468      -716.0909816789    102002.7029850794
640000     -6467.6569984197       129.9907406931      -716.2798818300    102002.7029850794
641000     -6467.6855888298       129.9880257945      -716.5489056242    102002.7029850794
642000     -6467.7230354509       129.9859543797      -716.7324966911    102002.7029850794
643000     -6467.6823166672       129.9899699851      -716.8445516070    102002.7029850794
644000     -6467.6619225874       129.9931964681      -717.0294401034    102002.7029850794
645000     -6467.6238083972       129.9980545232      -717.0807431194    102002.7029850794
646000     -6467.6215271823       129.9967372133      -717.2205235037    102002.7029850795
647000     -6467.6032608652       129.9981704344      -717.1858801503    102002.7029850795
648000     -6467.5787352016       129.9993909276      -717.2250830194    102002.7029850795
649000     -6467.4751353188       130.0086003790      -717.3049850833    102002.7029850795
650000     -6467.4323278458       130.0136751959      -717.1893417114    102002.7029850795
651000     -6467.4302918940       130.0145235891      -717.3364788401    102002.7029850795
652000     -6467.3873232969       130.0191472902      -717.5121729730    102002.7029850795
653000     -6467.3354830337       130.0236908302      -717.5620145484    102002.7029850795
654000     -6467.2550019236       130.0308421488      -717.6376251384    102002.7029850795
655000     -6467.2532673436       130.0326308786      -717.6487556050    102002.7029850795
656000     -6467.2943633822       130.0296005660      -717.6909030508    102002.7029850795
657000     -6467.3551319555       130.0238817517      -717.8445781511    102002.7029850795
658000     -6467.3930180995       130.0208049687      -717.9597086340    102002.7029850795
659000     -6467.4678858491       130.0148080611      -718.0939534768    102002.7029850795
660000     -6467.5314190652       130.0094534530      -718.3369146992    102002.7029850795
661000     -6467.5465133425       130.0077486171      -718.5629777861    102002.7029850795
662000     -6467.6377121094       130.0002236567      -718.6789715693    102002.7029850795
663000     -6467.7005885034       129.9945111731      -718.7588969033    102002.7029850795
664000     -6467.7219621481       129.9923961384      -718.9619356810    102002.7029850795
665000     -6467.8082101769       129.9840708788      -719.2156420776    102002.7029850795
666000     -6467.8180057284       129.9837585839      -719.4232971942    102002.7029850795
667000     -6467.7611491589       129.9895990136      -719.8434459602    102002.7029850795
668000     -6467.7769883148       129.9875044108      -720.2251790320    102002.7029850795
669000     -6467.7682129798       129.9871455264      -720.4657854948    102002.7029850795
670000     -6467.7660883204       129.9875307232      -720.5029227251    102002.7029850795
671000     -6467.6557825590       129.9966789583      -720.7876956076    102002.7029850795
672000     -6467.6550771656       129.9957326972      -720.9404793431    102002.7029850795
673000     -6467.7286279372       129.9901789292      -721.1376295282    102002.7029850795
674000     -6467.7592307503       129.9872732725      -721.4431363562    102002.7029850794
675000     -6467.8143958506       129.9827248121      -721.6719614381    102002.7029850794
676000     -6467.8778782911       129.9767812747      -721.8089099165    102002.7029850794
677000     -6467.8796219882       129.9777503194      -721.9510459379    102002.7029850794
678000     -6467.9167191193       129.9745072614      -722.2337923748    102002.7029850794
679000     -6467.9189513933       129.9755643288      -722.4974141179    102002.7029850794
680000     -6467.8967050560       129.9781038568      -722.7969059439    102002.7029850794
681000     -6467.8358156623       129.9849660304      -722.8440392455    102002.7029850794
682000     -6467.8645580920       129.9823776994      -722.9042099009    102002.7029850794
683000     -6467.9210698664       129.9778379802      -723.0605024978    102002.7029850794
684000     -6467.8826699052       129.9823569819      -723.1579899810    102002.7029850794
685000     -6467.8620495738       129.9852934248      -723.5658522914    102002.7029850794
686000     -6467.8654072779       129.9854725612      -723.7272818305    102002.7029850794
687000     -6467.8065631434       129.9906366302      -723.8641703828    102002.7029850794
688000     -6467.7577997861       129.9961074481      -723.8806478625    102002.7029850793
689000     -6467.7186440237       130.0002592181      -723.9467722875    102002.7029850793
690000     -6467.6898529385       130.0022096519      -724.1603508931    102002.7029850793
691000     -6467.6769961360       130.0043329919      -724.2821384623    102002.7029850793
692000     -6467.6517517801       130.0069312229      -724.4363945325    102002.7029850793
693000     -6467.6129403967       130.0110612959      -724.5508183297    102002.7029850793
694000     -6467.6002931192       130.0118208640      -724.6152139998    102002.7029850793
695000     -6467.5947829923       130.0122930974      -724.7723291219    102002.7029850793
696000     -6467.6835710841       130.0042937145      -725.1188250085    102002.7029850793
697000     -6467.6814804882       130.0044422755      -725.4143370863    102002.7029850793
698000     -6467.7428966449       129.9998003329      -725.4848047768    102002.7029850793
699000     -6467.7618407528       129.9966099796      -725.5504533168    102002.7029850793
700000     -6467.7572781065       129.9975703504      -725.4949370850    102002.7029850793
701000     -6467.7925550965       129.9947584018      -725.6612884018    102002.7029850793
702000     -6467.7192945392       130.0014955463      -725.8821634753    102002.7029850793
703000     -6467.7092437199       130.0026819090      -726.0662116809    102002.7029850793
704000     -6467.6945756811       130.0032900063      -726.3334234176    102002.7029850792
705000     -6467.7383119519       129.9987076517      -726.4609153581    102002.7029850792
706000     -6467.7499447748       129.9975641885      -726.4090180402    102002.7029850792
707000     -6467.7606601929       129.9970437799      -726.5322364783    102002.7029850792
708000     -6467.7602110628       129.9977448754      -726.6871571792    102002.7029850792
709000     -6467.7858849001       129.9963423473      -726.8903502420    102002.7029850792
710000     -6467.8215371227       129.9932522392      -727.0218410396    102002.7029850792
711000     -6467.8338527466       129.9930351831      -727.1717982310    102002.7029850792
712000     -6467.7690753788       129.9991773831      -727.3546815435    102002.7029850792
713000     -6467.7361338848       130.0016918904      -727.4033863559    102002.7029850792
714000     -6467.7271446208       130.0027614989      -727.4804468327    102002.7029850792
715000     -6467.8174725132       129.9947607648      -727.6714442393    102002.7029850792
716000     -6467.7956583833       129.9965860812      -727.5934575188    102002.7029850792
717000     -6467.8394934135       129.9925077120      -727.5791117459    102002.7029850792
718000     -6467.8431075435       129.9937468868      -727.6294255996    102002.7029850792
719000     -6467.8515692902       129.9937995930      -727.6743511442    102002.7029850792
720000     -6467.8448860268       129.9954696170      -727.7372889129    102002.7029850792
721000     -6467.9148129380       129.9897876753      -727.7777012349    102002.7029850792
722000     -6467.9296824373       129.9890943517      -727.7684544436    102002.7029850792
723000     -6467.9347863518       129.9885659615      -727.7830490241    102002.7029850792
724000     -6467.8633655368       129.9949870886      -727.6559254817    102002.7029850791
725000     -6467.8742812785       129.9942524046      -727.6356758140    102002.7029850791
726000     -6467.8730597964       129.9949475287      -727.7300874757    102002.7029850791
727000     -6467.9229169482       129.9898278156      -727.6874449420    102002.7029850791
728000     -6467.9482176772       129.9874166692      -727.6653082911    102002.7029850791
729000     -6467.9972968057       129.9837467997      -727.5933491362    102002.7029850791
730000     -6468.0545217999       129.9784841247      -727.5588960084    102002.7029850791
731000     -6468.0551306956       129.9787381620      -727.4429520989    102002.7029850791
732000     -6467.9946035522       129.9838390778      -727.4368593950    102002.7029850791
733000     -6467.9814211785       129.9854235971      -727.4984139067    102002.7029850791
734000     -6467.9120991854       129.9918768299      -727.6118338672    102002.7029850791
735000     -6467.9177700220       129.9913277551      -727.5614551572    102002.7029850791
736000     -6467.9198629709       129.9907457219      -727.5478005058    102002.7029850791
737000     -6467.9487730928       129.9879556161      -727.7429993755    102002.7029850791
738000     -6467.8853860372       129.9940000841      -727.6940248212    102002.7029850791
739000     -6467.8621569170       129.9967156233      -727.6270928230    102002.7029850791
740000     -6467.8193576832       130.0001048043      -727.9150576692    102002.7029850791
741000     -6467.8048738467       130.0017843111      -727.9347410317    102002.7029850791
742000     -6467.7813031593       130.0038735039      -728.0329851315    102002.7029850791
743000     -6467.7451981053       130.0069773176      -728.2322420603    102002.7029850791
744000     -6467.7228516699       130.0091507144      -728.2505347613    102002.7029850791
745000     -6467.6717988193       130.0126283575      -728.2295152481    102002.7029850791
746000     -6467.6401492097       130.0150765038      -728.3351568000    102002.7029850791
747000     -6467.6165535698       130.0166703318      -728.4318882251    102002.7029850791
748000     -6467.6013844726       130.0185606598      -728.6068016511    102002.7029850790
749000     -6467.5826088964       130.0196078638      -728.8343787175    102002.7029850790
750000     -6467.6259172042       130.0158324146      -728.8867686786    102002.7029850790
751000     -6467.6484227166       130.0132855073      -729.0555142748    102002.7029850790
752000     -6467.7030384301       130.0085700016      -729.0865058119    102002.7029850790
753000     -6467.7507113890       130.0048723005      -729.1138809616    102002.7029850790
754000     -6467.7570287202       130.0042737759      -729.2468832394    102002.7029850790
755000     -6467.7439004138       130.0047656761      -729.2512362165    102002.7029850790
756000     -6467.7054310605       130.0071826808      -729.2525248618    102002.7029850790
757000     -6467.7242172421       130.0051216851      -729.1777885289    102002.7029850790
758000     -6467.7212092249       130.0050006884      -729.2436670066    102002.7029850790
759000     -6467.7494968818       130.0019075569      -729.3409771019    102002.7029850790
760000     -6467.7681171207       129.9998218818      -729.3364202669    102002.7029850790
761000     -6467.7718876763       129.9989933611      -729.2760352593    102002.7029850790
762000     -6467.8273788293       129.9936786240      -729.1029980627    102002.7029850790
763000     -6467.8376761655       129.9915101139      -728.9541304123    102002.7029850790
764000     -6467.8499134519       129.9893266775      -728.8834136677    102002.7029850790
765000     -6467.8182847050       129.9920584858      -728.8768486151    102002.7029850790
766000     -6467.7857664805       129.9944613467      -728.9047724085    102002.7029850790
767000     -6467.8046444520       129.9926170311      -728.9267615861    102002.7029850790
768000     -6467.8011082971       129.9934342207      -728.9173209230    102002.7029850790
769000     -6467.7551058090       129.9979900883      -728.8838304625    102002.7029850790
770000     -6467.7536574571       129.9980048338      -728.8819730578    102002.7029850790
771000     -6467.7416958112       130.0000571904      -728.8296336758    102002.7029850790
772000     -6467.7384969396       130.0005691999      -728.8309930950    102002.7029850790
773000     -6467.7068152245       130.0037917048      -728.9754521954    102002.7029850790
774000     -6467.6831652197       130.0062988809      -728.8871314226    102002.7029850790
775000     -6467.6656426767       130.0082108097      -728.8333810281    102002.7029850790
776000     -6467.6363792164       130.0097780499      -728.9353115536    102002.7029850790
777000     -6467.6276346966       130.0103082770      -728.9667864768    102002.7029850789
778000     -6467.6093991896       130.0114131550      -729.0232810231    102002.7029850789
779000     -6467.6454585169       130.0074338937      -729.2492812227    102002.7029850789
780000     -6467.6527966110       130.0057829236      -729.2261173324    102002.7029850789
781000     -6467.6935988215       130.0019082810      -729.3076144228    102002.7029850789
782000     -6467.6845965293       130.0020315571      -729.3907209812    102002.7029850789
783000     -6467.6327064684       130.0067821432      -729.4495468373    102002.7029850789
784000     -6467.6514386280       130.0051407918      -729.5461893969    102002.7029850789
785000     -6467.6372653931       130.0063117036      -729.6161758950    102002.7029850789
786000     -6467.6481008205       130.0055985259      -729.6207233970    102002.7029850789
787000     -6467.6381298017       130.0058427959      -729.6115473976    102002.7029850789
788000     -6467.6202344116       130.0076082095      -729.6410879867    102002.7029850789
789000     -6467.5945324673       130.0097920599      -729.6669210884    102002.7029850789
790000     -6467.5438446472       130.0148904181      -729.8197041626    102002.7029850789
791000     -6467.5328761976       130.0154602105      -729.8574766989    102002.7029850789
792000     -6467.5450825946       130.0144097802      -729.9395262899    102002.7029850789
793000     -6467.5744729266       130.0113383734      -730.0728587702    102002.7029850789
794000     -6467.5921715488       130.0097743497      -730.0118178796    102002.7029850789
795000     -6467.5473857367       130.0129871664      -730.0315272263    102002.7029850789
796000     -6467.5175321340       130.0155886305      -730.0371177209    102002.7029850789
797000     -6467.5062726653       130.0164888596      -729.9788955790    102002.7029850789
798000     -6467.4747389243       130.0189590517      -730.0250847306    102002.7029850789
799000     -6467.4523585199       130.0209195021      -730.0451263643    102002.7029850789
800000     -6467.4606816638       130.0200382092      -730.0686613582    102002.7029850789
801000     -6467.4213833696       130.0236613380      -730.0700120566    102002.7029850789
802000     -6467.4077743754       130.0245210463      -730.0051628577    102002.7029850789
803000     -6467.3956222214       130.0263246451      -729.9536231941    102002.7029850789
804000     -6467.3605509062       130.0295064763      -729.9509667941    102002.7029850789
805000     -6467.3268915890       130.0319695647      -730.0871680607    102002.7029850789
806000     -6467.3251470794       130.0330541806      -730.1410241889    102002.7029850789
807000     -6467.3234442163       130.0333742068      -730.2303676873    102002.7029850789
808000     -6467.3633634359       130.0292938655      -730.3072261689    102002.7029850789
809000     -6467.3949131597       130.0263410454      -730.3296674001    102002.7029850789
810000     -6467.4135230396       130.0247740600      -730.2376689764    102002.7029850789
811000     -6467.4379702594       130.0225080016      -730.3046942837    102002.7029850789
812000     -6467.4951051199       130.0176317923      -730.3437266437    102002.7029850789
813000     -6467.5169441273       130.0164592503      -730.3863186923    102002.7029850789
814000     -6467.4992878742       130.0180503657      -730.4401547214    102002.7029850789
815000     -6467.4777956313       130.0202310598      -730.3341681053    102002.7029850788
816000     -6467.4506757426       130.0229606854      -730.2582367708    102002.7029850788
817000     -6467.4400567914       130.0242398875      -730.3129863015    102002.7029850788
818000     -6467.4576404402       130.0232751278      -730.3244792251    102002.7029850788
819000     -6467.4507599976       130.0239535372      -730.3121825537    102002.7029850788
820000     -6467.4121217199       130.0274750025      -730.3417156752    102002.7029850788
821000     -6467.4025989191       130.0293222870      -730.2659816327    102002.7029850788
822000     -6467.3844505620       130.0313094373      -730.3424152904    102002.7029850788
823000     -6467.3503114029       130.0346899415      -730.3759265827    102002.7029850788
824000     -6467.3714079071       130.0327701621      -730.4636415292    102002.7029850788
825000     -6467.3995108940       130.0304898707      -730.4491547526    102002.7029850788
826000     -6467.4041313348       130.0302563886      -730.3945763809    102002.7029850788
827000     -6467.4279207886       130.0283834847      -730.2916540010    102002.7029850788
828000     -6467.4520727200       130.0260957900      -730.2438960788    102002.7029850788
829000     -6467.4668884139       130.0255389961      -730.3058794532    102002.7029850788
830000     -6467.4502354972       130.0276582852      -730.4584985188    102002.7029850788
831000     -6467.4122195054       130.0311751827      -730.5651530276    102002.7029850788
832000     -6467.3895670446       130.0335252256      -730.5954068499    102002.7029850788
833000     -6467.3985145708       130.0323971495      -730.5568354595    102002.7029850788
834000     -6467.4034965757       130.0318377076      -730.5476472273    102002.7029850788
835000     -6467.3929513362       130.0332512904      -730.6912885671    102002.7029850788
836000     -6467.3551604285       130.0374062770      -730.7866424067    102002.7029850788
837000     -6467.3525155971       130.0382054464      -730.8109990900    102002.7029850788
838000     -6467.3498036747       130.0386685927      -730.7701106435    102002.7029850788
839000     -6467.3596057360       130.0374483520      -730.7092925143    102002.7029850788
840000     -6467.3334897495       130.0396623589      -730.6041239164    102002.7029850788
841000     -6467.3255256998       130.0407963049      -730.6409039088    102002.7029850788
842000     -6467.3278946613       130.0410235998      -730.7069932837    102002.7029850788
843000     -6467.2793375927       130.0450670475      -730.7390103025    102002.7029850788
844000     -6467.2714331258       130.0457092859      -730.5623277513    102002.7029850788
845000     -6467.2358734483       130.0492035703      -730.2512334483    102002.7029850788
846000     -6467.2415346181       130.0490123211      -730.1054643155    102002.7029850788
847000     -6467.2101108717       130.0520755134      -729.9955095239    102002.7029850788
848000     -6467.1871210913       130.0544711072      -730.0035239594    102002.7029850788
849000     -6467.1936896155       130.0537954523      -730.0792254661    102002.7029850788
850000     -6467.1880049920       130.0543471404      -729.9219585118    102002.7029850788
851000     -6467.1598692753       130.0567067914      -729.7390068415    102002.7029850788
852000     -6467.1538438023       130.0576536852      -729.6317727044    102002.7029850788
853000     -6467.1734636427       130.0563782986      -729.5807454498    102002.7029850788
854000     -6467.1919101643       130.0545559012      -729.7441148781    102002.7029850788
855000     -6467.1936876707       130.0551222381      -729.7642869549    102002.7029850788
856000     -6467.1888309234       130.0563383836      -729.7238072941    102002.7029850788
857000     -6467.1436576250       130.0603845742      -729.6383752834    102002.7029850788
858000     -6467.1266695408       130.0623029532      -729.5690538662    102002.7029850788
859000     -6467.1335543257       130.0617773837      -729.6316629025    102002.7029850788
860000     -6467.1744417732       130.0579262062      -729.8135964928    102002.7029850788
861000     -6467.1963391245       130.0560915762      -729.8185847913    102002.7029850788
862000     -6467.2342271650       130.0527988373      -729.7704014219    102002.7029850788
863000     -6467.2535952904       130.0509618557      -729.7287887693    102002.7029850788
864000     -6467.2559090091       130.0507838482      -729.7051058858    102002.7029850788
865000     -6467.2301899581       130.0533587043      -729.8286110191    102002.7029850788
866000     -6467.2218056324       130.0545655744      -729.9132343662    102002.7029850788
867000     -6467.2115480972       130.0558968927      -729.8842360446    102002.7029850788
868000     -6467.2322767425       130.0540376193      -729.7634945475    102002.7029850788
869000     -6467.2615397972       130.0513279776      -729.6854950530    102002.7029850788
870000     -6467.2419284147       130.0532869669      -729.5528362856    102002.7029850787
871000     -6467.2334865067       130.0537671468      -729.6860130868    102002.7029850787
872000     -6467.2099836940       130.0563817811      -729.7575302843    102002.7029850787
873000     -6467.1886132945       130.0588969925      -729.7359674654    102002.7029850787
874000     -6467.1759962062       130.0601746478      -729.6871251304    102002.7029850787
875000     -6467.1871268042       130.0592737346      -729.5064891009    102002.7029850787
876000     -6467.1953322049       130.0587916680      -729.3637041965    102002.7029850787
877000     -6467.2029844976       130.0578846643      -729.4118305780    102002.7029850787
878000     -6467.2115413465       130.0573458866      -729.4625159336    102002.7029850787
879000     -6467.2137962059       130.0576852285      -729.4734193999    102002.7029850787
880000     -6467.1751328826       130.0614002857      -729.4729078616    102002.7029850787
881000     -6467.1668553091       130.0621186992      -729.2948795803    102002.7029850787
882000     -6467.1348459785       130.0656868591      -729.2734394676    102002.7029850787
883000     -6467.1425809813       130.0650548381      -729.3253500963    102002.7029850787
884000     -6467.1574731725       130.0637811149      -729.2864105486    102002.7029850787
885000     -6467.1890722976       130.0612529018      -729.2066181374    102002.7029850787
886000     -6467.1588331111       130.0635590904      -729.1195251981    102002.7029850787
887000     -6467.1471800601       130.0647774277      -728.9415743325    102002.7029850787
888000     -6467.1800982640       130.0618899522      -728.8114345925    102002.7029850787
889000     -6467.1964991423       130.0600386529      -728.8660175472    102002.7029850787
890000     -6467.2107566036       130.0588306613      -728.8259146810    102002.7029850787
891000     -6467.2091193205       130.0591566040      -728.6632783630    102002.7029850787
892000     -6467.2213960925       130.0577619032      -728.5384950470    102002.7029850787
893000     -6467.2016173015       130.0596567306      -728.3831127312    102002.7029850787
894000     -6467.1997978561       130.0601139472      -728.2238603840    102002.7029850787
895000     -6467.2084173324       130.0593252376      -728.2519746244    102002.7029850787
896000     -6467.1942525853       130.0606698582      -728.1514281172    102002.7029850787
897000     -6467.1539313957       130.0642428363      -728.0083877670    102002.7029850787
898000     -6467.1376092347       130.0650388733      -727.7746534826    102002.7029850787
899000     -6467.1466220338       130.0638338038      -727.5823079828    102002.7029850787
900000     -6467.1655616186       130.0623344133      -727.4405325651    102002.7029850787
901000     -6467.1647126650       130.0621158448      -727.3993222957    102002.7029850787
902000     -6467.1533835540       130.0636512158      -727.3261862841    102002.7029850787
903000     -6467.1601292651       130.0633271074      -727.2269786126    102002.7029850787
904000     -6467.1410074902       130.0651069883      -727.0590019446    102002.7029850787
905000     -6467.1106081510       130.0675633720      -726.9275724575    102002.7029850787
906000     -6467.1207657433       130.0669913850      -726.8771409873    102002.7029850787
907000     -6467.1148683333       130.0674427889      -726.8740418339    102002.7029850787
908000     -6467.0789838369       130.0708854422      -726.8599682998    102002.7029850787
909000     -6467.0650044377       130.0724280617      -726.8084134866    102002.7029850787
910000     -6467.0394341782       130.0747710193      -726.6926148385    102002.7029850787
911000     -6467.0416888406       130.0746686766      -726.5228567785    102002.7029850787
912000     -6467.0751319731       130.0717615914      -726.4609262795    102002.7029850787
913000     -6467.1039764924       130.0692762147      -726.5462960664    102002.7029850787
914000     -6467.1013866217       130.0695156845      -726.5517775209    102002.7029850787
915000     -6467.0789381583       130.0715601993      -726.4553363129    102002.7029850787
916000     -6467.0596389157       130.0730931036      -726.4235482492    102002.7029850787
917000     -6467.0693612568       130.0724440342      -726.2942574404    102002.7029850787
918000     -6467.0894173540       130.0713379868      -726.2560432067    102002.7029850787
919000     -6467.0896959240       130.0707112234      -726.3792842963    102002.7029850787
920000     -6467.0953901270       130.0701969068      -726.3892959312    102002.7029850787
921000     -6467.1075139249       130.0689683396      -726.2542086928    102002.7029850787
922000     -6467.1402112181       130.0654777362      -726.1719727822    102002.7029850787
923000     -6467.1462467688       130.0648728789      -726.0785523766    102002.7029850787
924000     -6467.1622251906       130.0636558066      -725.9976747474    102002.7029850787
925000     -6467.1935017989       130.0606741423      -726.0345064636    102002.7029850787
926000     -6467.1858482017       130.0613775967      -726.1257229014    102002.7029850787
927000     -6467.1742861780       130.0630910007      -726.1247529994    102002.7029850786
928000     -6467.1484991382       130.0651140911      -726.1519166204    102002.7029850786
929000     -6467.1443689578       130.0656715857      -726.2062075268    102002.7029850786
930000     -6467.1624528998       130.0645588540      -726.1767216051    102002.7029850786
931000     -6467.1742689150       130.0636564960      -726.3034315960    102002.7029850786
932000     -6467.1955370721       130.0613337715      -726.3908420978    102002.7029850786
933000     -6467.1963192560       130.0619941935      -726.2795487444    102002.7029850786
934000     -6467.1898625918       130.0623195502      -726.2478751114    102002.7029850786
935000     -6467.1608013409       130.0652246409      -726.2905206388    102002.7029850786
936000     -6467.1570150035       130.0657203499      -726.3196989653    102002.7029850786
937000     -6467.1433130275       130.0675567339      -726.3762056272    102002.7029850786
938000     -6467.1627717449       130.0657317338      -726.3892805437    102002.7029850786
939000     -6467.1649531773       130.0653898618      -726.3137535820    102002.7029850786
940000     -6467.1526653766       130.0664300419      -726.2271130720    102002.7029850786
941000     -6467.1770370522       130.0647565344      -726.1747692941    102002.7029850786
942000     -6467.1734966739       130.0648367917      -726.2438347524    102002.7029850786
943000     -6467.1582087458       130.0663614130      -726.3225635472    102002.7029850786
944000     -6467.1233541068       130.0694220246      -726.3270105281    102002.7029850786
945000     -6467.1191416706       130.0697594518      -726.2736683888    102002.7029850786
946000     -6467.1346499110       130.0680822076      -726.2271294520    102002.7029850786
947000     -6467.1375499229       130.0683888685      -726.2185580778    102002.7029850786
948000     -6467.1403572094       130.0685067985      -726.2943243660    102002.7029850786
949000     -6467.1512917755       130.0679720124      -726.3986883523    102002.7029850786
950000     -6467.1978896956       130.0639386721      -726.3821513986    102002.7029850786
951000     -6467.1966287636       130.0633673741      -726.3991601188    102002.7029850786
952000     -6467.1852139668       130.0645210424      -726.3398341183    102002.7029850786
953000     -6467.1784079714       130.0654811932      -726.3809128838    102002.7029850786
954000     -6467.1570503394       130.0675423094      -726.4968740167    102002.7029850786
955000     -6467.1615336178       130.0670317563      -726.5501961667    102002.7029850786
956000     -6467.1825195171       130.0652942681      -726.5368559063    102002.7029850786
957000     -6467.1958419796       130.0637396668      -726.6109844500    102002.7029850786
958000     -6467.2085714974       130.0629201413      -726.5425871157    102002.7029850786
959000     -6467.1830693873       130.0654193916      -726.5550174449    102002.7029850786
960000     -6467.1747431593       130.0664884814      -726.6749341109    102002.7029850786
961000     -6467.1933692842       130.0649913262      -726.6428837854    102002.7029850786
962000     -6467.1925493537       130.0648856550      -726.5532021229    102002.7029850786
963000     -6467.1852419511       130.0649879366      -726.4672265710    102002.7029850786
964000     -6467.2130133419       130.0624763903      -726.4235041039    102002.7029850786
965000     -6467.2092970243       130.0630659416      -726.4396400603    102002.7029850786
966000     -6467.2072514570       130.0634624491      -726.6051260945    102002.7029850786
967000     -6467.2027560727       130.0640218911      -726.6114698161    102002.7029850786
968000     -6467.1767835731       130.0666372201      -726.5247036054    102002.7029850786
969000     -6467.1511349586       130.0685175883      -726.5143422988    102002.7029850786
970000     -6467.1372164798       130.0700463632      -726.4670839135    102002.7029850786
971000     -6467.1480823616       130.0691729597      -726.5322014689    102002.7029850786
972000     -6467.1811325994       130.0661002563      -726.6047907739    102002.7029850786
973000     -6467.1797549487       130.0666324470      -726.6415414694    102002.7029850786
974000     -6467.1928959976       130.0652918160      -726.6585168999    102002.7029850786
975000     -6467.2096577454       130.0640235085      -726.5757233715    102002.7029850786
976000     -6467.2181787394       130.0631591907      -726.5313505852    102002.7029850786
977000     -6467.2203248076       130.0628303963      -726.5767481509    102002.7029850786
978000     -6467.2229063141       130.0622246424      -726.5877586840    102002.7029850786
979000     -6467.2140004968       130.0635794752      -726.5430113649    102002.7029850786
980000     -6467.1896893074       130.0652917995      -726.5262917131    102002.7029850786
981000     -6467.1643199975       130.0670153517      -726.4434637831    102002.7029850786
982000     -6467.1427794361       130.0687427917      -726.3662907115    102002.7029850786
983000     -6467.1556639113       130.0673132195      -726.3668063650    102002.7029850786
984000     -6467.1816791201       130.0646072940      -726.3859355793    102002.7029850786
985000     -6467.1971166739       130.0632496587      -726.3338822371    102002.7029850786
986000     -6467.2243130042       130.0600060542      -726.3809756005    102002.7029850786
987000     -6467.2256559558       130.0595203535      -726.3247532325    102002.7029850786
988000     -6467.2592924624       130.0562913575      -726.2743157181    102002.7029850786
989000     -6467.2629088312       130.0553602939      -726.2664908558    102002.7029850786
990000     -6467.2388597627       130.0573188010      -726.1937227282    102002.7029850786
991000     -6467.2229047308       130.0586135448      -726.1853648454    102002.7029850786
992000     -6467.2042865416       130.0600378838      -726.1759738538    102002.7029850786
993000     -6467.2035059507       130.0594664920      -726.1255327564    102002.7029850786
994000     -6467.1868510084       130.0606924815      -726.0382350614    102002.7029850786
995000     -6467.2110166489       130.0583283422      -725.9859261949    102002.7029850786
996000     -6467.1959609219       130.0591286955      -725.9672128074    102002.7029850786
997000     -6467.2340794412       130.0557279062      -725.9279811750    102002.7029850786
998000     -6467.2300314994       130.0561232512      -725.8880836082    102002.7029850786
999000     -6467.2369250485       130.0550667639      -725.8910331049    102002.7029850786
1000000     -6467.2562561696       130.0529585880      -725.8529375307    102002.7029850786
