# Time-averaged data for fix runningavgs
# TimeStep v_ra_etotal v_ra_temp v_ra_press v_ra_volume
502000     -6596.3343891479       131.0705066139      -752.9813677789    102002.7029850792
503000     -6600.5013405918       130.6023952680      -784.9485624227    102002.7029850792
504000     -6601.0217628404       130.5989612561      -782.6770869121    102002.7029850792
505000     -6602.1134541303       130.4915392146      -759.1472792687    102002.7029850792
506000     -6604.8156977579       130.1504958125      -773.9462686407    102002.7029850792
507000     -6607.0877197366       129.9410929066      -777.7212249472    102002.7029850792
508000     -6607.3888268058       129.9333218502      -770.7248096421    102002.7029850792
509000     -6607.2542820484       129.9402801857      -769.9954657643    102002.7029850792
510000     -6607.4444092396       129.9180669735      -769.0911652008    102002.7029850792
511000     -6606.8524066745       129.9901328191      -769.4020937075    102002.7029850792
512000     -6606.5310746450       129.9663245648      -765.6338186563    102002.7029850792
513000     -6606.8794259001       129.9647071079      -765.2811870553    102002.7029850792
514000     -6606.4760737650       130.0016601620      -767.6353969903    102002.7029850792
515000     -6607.1481484919       129.9207442995      -766.4265830897    102002.7029850792
516000     -6607.1915668252       129.9418171118      -763.3072807321    102002.7029850792
517000     -6606.5332957667       129.9974522509      -762.3542896864    102002.7029850792
518000     -6606.4969725281       129.9774902746      -760.4276815583    102002.7029850792
519000     -6606.9322739028       129.9320223392      -759.1783175981    102002.7029850792
520000     -6607.0548692300       129.8938646925      -759.7701493061    102002.7029850792
521000     -6607.6394114544       129.8442530985      -759.3683018889    102002.7029850792
522000     -6607.6292786977       129.8481777420      -757.8994470982    102002.7029850792
523000     -6607.1834316642       129.8707569200      -757.7527280408    102002.7029850792
524000     -6607.3865077938       129.8273660440      -756.7382212975    102002.7029850792
525000     -6606.5578942533       129.8935127311      -756.0522391129    102002.7029850792
526000     -6606.1961880282       129.9149758455      -754.8298857117    102002.7029850792
527000     -6605.7769446123       129.9495559927      -754.4713011096    102002.7029850792
528000     -6605.3448038793       129.9710171119      -754.0938588073    102002.7029850792
529000     -6604.8993954115       130.0035134352      -753.0828604884    102002.7029850792
530000     -6604.5176740745       130.0264954471      -751.4943672843    102002.7029850792
531000     -6604.3852294548       130.0437790367      -751.1419391743    102002.7029850792
532000     -6604.0435045159       130.0724810696      -750.3782329203    102002.7029850792
533000     -6604.2432013655       130.0377959489      -748.8074920761    102002.7029850792
534000     -6603.8381583087       130.0681602569      -747.6884444030    102002.7029850792
535000     -6603.8032779629       130.0581762307      -747.2901482648    102002.7029850792
536000     -6603.7714040736       130.0558501935      -746.3200616936    102002.7029850792
537000     -6603.5926173203       130.0692046679      -747.1037975313    102002.7029850792
538000     -6603.6811528538       130.0436339794      -745.8127388881    102002.7029850792
539000     -6603.9416802286       130.0112385090      -744.8945230531    102002.7029850791
540000     -6603.6468902195       130.0215061986      -744.7521310380    102002.7029850791
541000     -6603.3881548665       130.0420545610      -743.7950149465    102002.7029850791
542000     -6603.0787694414       130.0722215381      -743.2973902113    102002.7029850791
543000     -6603.3021757902       130.0515070885      -743.3651163611    102002.7029850791
544000     -6603.3694241607       130.0458778092      -741.9226943500    102002.7029850791
545000     -6603.2730553043       130.0618088505      -741.7697761525    102002.7029850791
546000     -6603.3881442164       130.0642738964      -741.3765957863    102002.7029850791
547000     -6603.5787691676       130.0543481174      -741.4131072206    102002.7029850791
548000     -6603.5674012545       130.0564488547      -741.2595555496    102002.7029850791
549000     -6603.4827949646       130.0703159275      -741.4709500642    102002.7029850791
550000     -6603.2795402191       130.0921053410      -741.4867496911    102002.7029850791
551000     -6603.3415510552       130.0926464076      -741.6411266853    102002.7029850791
552000     -6603.3456038407       130.1024895652      -740.8483285388    102002.7029850791
553000     -6603.2382561215       130.1119301021      -740.6070524721    102002.7029850791
554000     -6603.1700288675       130.1134803667      -740.7908171474    102002.7029850791
555000     -6603.1938268320       130.1246064433      -740.1693353483    102002.7029850791
556000     -6603.3404358572       130.1126661575      -739.7423004107    102002.7029850791
557000     -6603.7001495886       130.0901539911      -739.8202954131    102002.7029850791
558000     -6603.8302127960       130.0868213836      -739.5605908411    102002.7029850791
559000     -6603.8302393486       130.0873890423      -739.1541313553    102002.7029850791
560000     -6603.8088574479       130.0791720787      -738.6853911470    102002.7029850791
561000     -6603.6961936307       130.0844099312      -738.3093468286    102002.7029850791
562000     -6603.5543048557       130.0919911663      -738.0389749174    102002.7029850791
563000     -6603.3679180532       130.1089758058      -737.9767384517    102002.7029850791
564000     -6603.2144523863       130.1199166789      -738.1358618478    102002.7029850791
565000     -6603.2526465792       130.1177337259      -738.2469940366    102002.7029850791
566000     -6603.3642991852       130.1112678045      -739.1507449956    102002.7029850791
567000     -6603.3835252784       130.1129639287      -739.0042736883    102002.7029850791
568000     -6603.4097792207       130.1162853785      -738.5482225518    102002.7029850791
569000     -6603.5114177415       130.1052739717      -739.5095227001    102002.7029850791
570000     -6603.6150338672       130.1019872225      -738.8324180225    102002.7029850791
571000     -6603.6354559963       130.0984282540      -738.7102114832    102002.7029850791
572000     -6603.5511363993       130.0952091883      -738.8741658401    102002.7029850791
573000     -6603.4582290437       130.0939584862      -738.4087145327    102002.7029850791
574000     -6603.3008038692       130.1035714759      -737.7862100201    102002.7029850791
575000     -6603.1548903811       130.1080051434      -738.2404696820    102002.7029850791
576000     -6603.0525401989       130.1202037664      -738.7239543005    102002.7029850791
577000     -6603.0408042481       130.1255787157      -738.7011531515    102002.7029850791
578000     -6602.9981706014       130.1277446550      -739.4249160556    102002.7029850791
579000     -6603.0670534963       130.1263128037      -739.5722874161    102002.7029850791
580000     -6603.2625255828       130.1115034932      -740.3077589146    102002.7029850791
581000     -6603.2663119599       130.1123627608      -740.1815530897    102002.7029850791
582000     -6603.2459542053       130.1126893768      -740.5488245605    102002.7029850791
583000     -6603.0992434050       130.1297125612      -740.8059742519    102002.7029850791
584000     -6603.0062064987       130.1313057767      -741.1805844153    102002.7029850791
585000     -6602.9088077542       130.1357049815      -740.8465492993    102002.7029850791
586000     -6602.8995439296       130.1385114785      -740.2541456916    102002.7029850791
587000     -6602.8999857422       130.1413997677      -739.9939066690    102002.7029850791
588000     -6602.9733531202       130.1303901492      -740.0047965333    102002.7029850791
589000     -6602.9432203683       130.1366867869      -739.7541930597    102002.7029850791
590000     -6602.8262958389       130.1467756154      -739.4198997467    102002.7029850791
591000     -6602.8631987704       130.1383895003      -739.6700775763    102002.7029850792
592000     -6602.7905430379       130.1459562759      -739.4116243018    102002.7029850792
593000     -6602.8057297539       130.1411523737      -739.3007812236    102002.7029850792
594000     -6602.9683408789       130.1263197485      -738.9791515430    102002.7029850792
595000     -6603.0887206354       130.1196376421      -738.8128964159    102002.7029850792
596000     -6603.1665528721       130.1143466658      -738.8234515740    102002.7029850792
597000     -6603.1581968023       130.1170833951      -738.8701000066    102002.7029850792
598000     -6603.1915477254       130.1111666793      -738.3069154614    102002.7029850792
599000     -6603.2749946518       130.1013907397      -738.1408215928    102002.7029850792
600000     -6603.2239095994       130.1023797014      -737.8116006917    102002.7029850792
601000     -6603.3336129500       130.0892539890      -737.3827097402    102002.7029850792
602000     -6603.3405289504       130.0877227942      -737.0003208621    102002.7029850792
603000     -6603.3142426387       130.0866570022      -736.7956772836    102002.7029850792
604000     -6603.2113675280       130.0952569455      -736.4020117621    102002.7029850793
605000     -6603.2307510599       130.0969747722      -735.9567323430    102002.7029850793
606000     -6603.2589096223       130.0965657076      -735.7924665210    102002.7029850793
607000     -6603.1160572774       130.1082319965      -735.7008778948    102002.7029850793
608000     -6603.0234376940       130.1147772996      -735.8877379492    102002.7029850793
609000     -6603.0184400175       130.1135963061      -735.8880791227    102002.7029850793
610000     -6603.1743729547       130.1018937545      -735.5956455806    102002.7029850793
611000     -6603.2337034403       130.1002251430      -735.3927075759    102002.7029850793
612000     -6603.1077743245       130.1095218032      -735.5333825368    102002.7029850793
613000     -6603.0564856622       130.1128545687      -735.3507843494    102002.7029850793
614000     -6603.0169800938       130.1196169193      -735.5108229371    102002.7029850793
615000     -6603.0084822029       130.1178557457      -735.9506620458    102002.7029850793
616000     -6603.0785464830       130.1125317160      -735.8051883636    102002.7029850793
617000     -6603.0891973070       130.1140588973      -735.6406417275    102002.7029850793
618000     -6603.0371485936       130.1202408976      -735.8210217125    102002.7029850793
619000     -6603.0035078781       130.1225573749      -736.2651079898    102002.7029850793
620000     -6602.9790384325       130.1247574280      -736.0155315122    102002.7029850793
621000     -6602.8507087590       130.1298280543      -735.9020278174    102002.7029850793
622000     -6602.7700407543       130.1311311322      -735.7421805065    102002.7029850794
623000     -6602.7128368457       130.1350689065      -735.5602054459    102002.7029850794
624000     -6602.6121946483       130.1412321952      -735.3708556814    102002.7029850794
625000     -6602.5652871961       130.1457119033      -734.9923654995    102002.7029850794
626000     -6602.5798201215       130.1426520070      -735.1880001486    102002.7029850794
627000     -6602.5760307304       130.1408824947      -735.0897290261    102002.7029850794
628000     -6602.4139927616       130.1517203024      -734.6916792669    102002.7029850794
629000     -6602.3774106438       130.1540268899      -734.5201951041    102002.7029850794
630000     -6602.4009776421       130.1512134741      -734.0697171910    102002.7029850794
631000     -6602.4867971934       130.1428046730      -733.7728718462    102002.7029850794
632000     -6602.5032902090       130.1396970674      -733.7363394047    102002.7029850794
633000     -6602.4281447076       130.1487623928      -733.6369047270    102002.7029850794
634000     -6602.4021270400       130.1504756357      -733.3770654895    102002.7029850794
635000     -6602.3612535516       130.1515083355      -733.0811606088    102002.7029850794
636000     -6602.3806949655       130.1523310519      -732.7408177647    102002.7029850794
637000     -6602.2759030524       130.1612063834      -732.4858866909    102002.7029850794
638000     -6602.2190427121       130.1647668018      -732.7864368315    102002.7029850794
639000     -6602.2116237998       130.1666223896      -733.0387987265    102002.7029850794
640000     -6602.1723672009       130.1705599136      -732.7465964589    102002.7029850794
641000     -6602.1706712017       130.1706766311      -732.8688503017    102002.7029850794
642000     -6602.1919742408       130.1687884221      -733.0357646322    102002.7029850794
643000     -6602.2439395656       130.1664803868      -733.0140667794    102002.7029850794
644000     -6602.2147567745       130.1677029368      -733.5601771700    102002.7029850794
645000     -6602.1319678508       130.1760565003      -733.7707276781    102002.7029850794
646000     -6602.0722326584       130.1822804558      -733.7300192594    102002.7029850795
647000     -6602.0815330412       130.1822876566      -733.5380680605    102002.7029850795
648000     -6602.1340462602       130.1762007256      -733.2032577174    102002.7029850795
649000     -6602.0517952429       130.1806578981      -733.0541853460    102002.7029850795
650000     -6602.0894394113       130.1755256853      -733.1229821768    102002.7029850795
651000     -6602.1717672924       130.1690256901      -733.2247722311    102002.7029850795
652000     -6602.2660542853       130.1629528869      -733.1209217869    102002.7029850795
653000     -6602.3407145218       130.1569254433      -733.1617888652    102002.7029850795
654000     -6602.3739559395       130.1527392022      -733.0072971041    102002.7029850795
655000     -6602.3561934007       130.1543575255      -732.7885922850    102002.7029850795
656000     -6602.3881557805       130.1513684779      -732.8873646708    102002.7029850795
657000     -6602.3821848016       130.1530690292      -733.2239861871    102002.7029850795
658000     -6602.4013847141       130.1500480533      -733.1766513348    102002.7029850795
659000     -6602.3869936845       130.1500296964      -733.2880509716    102002.7029850795
660000     -6602.4122431818       130.1467622201      -733.9283129179    102002.7029850795
661000     -6602.4847991571       130.1404979722      -734.2423534282    102002.7029850795
662000     -6602.5042650661       130.1396173289      -734.5492009699    102002.7029850795
663000     -6602.5081050751       130.1383836625      -734.6281348534    102002.7029850795
664000     -6602.4798127064       130.1392407219      -734.7436413119    102002.7029850795
665000     -6602.4604862617       130.1420517045      -734.6544876510    102002.7029850795
666000     -6602.4361736766       130.1465684097      -734.7085794694    102002.7029850795
667000     -6602.4527968850       130.1438531081      -734.8103283414    102002.7029850795
668000     -6602.4153009384       130.1458658798      -734.8514281475    102002.7029850795
669000     -6602.3193291393       130.1514045441      -734.8813110009    102002.7029850795
670000     -6602.2956540619       130.1528143607      -734.9311533628    102002.7029850795
671000     -6602.1888232889       130.1585490092      -734.8191119787    102002.7029850795
672000     -6602.1976400918       130.1556097998      -734.7464535278    102002.7029850795
673000     -6602.2134732456       130.1544318574      -734.7501406901    102002.7029850795
674000     -6602.2414592020       130.1529753883      -734.5465053650    102002.7029850794
675000     -6602.1877397288       130.1556680140      -734.4189739538    102002.7029850794
676000     -6602.1473766778       130.1587829218      -734.2689467152    102002.7029850794
677000     -6602.1031289955       130.1599794348      -734.3687618326    102002.7029850794
678000     -6602.0713966861       130.1611179649      -734.2504473439    102002.7029850794
679000     -6602.0303437276       130.1624230345      -734.4765070766    102002.7029850794
680000     -6601.9724903457       130.1663560488      -734.6560915967    102002.7029850794
681000     -6601.9891004612       130.1628812622      -734.5953225982    102002.7029850794
682000     -6601.9656818922       130.1637689263      -734.6245022996    102002.7029850794
683000     -6601.9584852010       130.1659761801      -734.7579981713    102002.7029850794
684000     -6601.9750645652       130.1667179969      -734.6466844697    102002.7029850794
685000     -6602.0206057875       130.1618092156      -734.6775454445    102002.7029850794
686000     -6602.0706057593       130.1573958678      -734.8475936711    102002.7029850794
687000     -6602.0544634038       130.1600234699      -735.1528660788    102002.7029850794
688000     -6602.1354881092       130.1550295172      -735.1765096679    102002.7029850793
689000     -6602.1708390514       130.1533625407      -735.1923761479    102002.7029850793
690000     -6602.2226517368       130.1496537590      -735.2235191279    102002.7029850793
691000     -6602.3004945684       130.1423784087      -735.3919533994    102002.7029850793
692000     -6602.3073348025       130.1405125522      -735.3865693218    102002.7029850793
693000     -6602.3582772497       130.1374656726      -735.1618562059    102002.7029850793
694000     -6602.3451659087       130.1385085955      -735.2453387861    102002.7029850793
695000     -6602.3018705896       130.1421664186      -734.9608793462    102002.7029850793
696000     -6602.2699620119       130.1437974940      -734.5334735290    102002.7029850793
697000     -6602.1974509145       130.1512318954      -734.2668975051    102002.7029850793
698000     -6602.2735010419       130.1443700796      -734.2607037263    102002.7029850793
699000     -6602.2692292276       130.1433620936      -734.1474928905    102002.7029850793
700000     -6602.2343105378       130.1435183539      -733.9019712622    102002.7029850793
701000     -6602.2364677828       130.1413980126      -733.6133800131    102002.7029850793
702000     -6602.3438888842       130.1320074971      -733.3229177213    102002.7029850793
703000     -6602.3838080377       130.1282610871      -733.0771367253    102002.7029850793
704000     -6602.3521453714       130.1293375961      -733.0649697176    102002.7029850792
705000     -6602.3228918021       130.1311490440      -732.8606684541    102002.7029850792
706000     -6602.3347098528       130.1287540530      -732.8379850226    102002.7029850792
707000     -6602.3725192346       130.1237913835      -732.6837738728    102002.7029850792
708000     -6602.4038651341       130.1187644485      -732.4748081587    102002.7029850792
709000     -6602.3619023069       130.1223306585      -732.1973789310    102002.7029850792
710000     -6602.3367557844       130.1242799259      -732.1982401440    102002.7029850792
711000     -6602.3010756140       130.1263653945      -732.2397397033    102002.7029850792
712000     -6602.3240625380       130.1260822877      -732.2310610128    102002.7029850792
713000     -6602.2629509145       130.1302182023      -732.1703177142    102002.7029850792
714000     -6602.2810501466       130.1259936319      -732.0466079039    102002.7029850792
715000     -6602.2924095007       130.1234025555      -731.9016504717    102002.7029850792
716000     -6602.2809693254       130.1231167619      -731.8791326489    102002.7029850792
717000     -6602.2479480094       130.1251495932      -731.8911598619    102002.7029850792
718000     -6602.2347791123       130.1269207210      -731.7108698319    102002.7029850792
719000     -6602.2187426994       130.1276095204      -731.6290661351    102002.7029850792
720000     -6602.2113854155       130.1270922512      -731.7175943766    102002.7029850792
721000     -6602.2609337233       130.1224256089      -731.6577636466    102002.7029850792
722000     -6602.3035052230       130.1195049629      -731.8849327371    102002.7029850792
723000     -6602.2705256686       130.1201450690      -732.0121759608    102002.7029850792
724000     -6602.2612850059       130.1186913463      -731.9886022891    102002.7029850791
725000     -6602.2611562642       130.1174787668      -732.0391242408    102002.7029850791
726000     -6602.2351133715       130.1195555884      -732.0256762279    102002.7029850791
727000     -6602.2731464226       130.1165256318      -731.9124233110    102002.7029850791
728000     -6602.2954022499       130.1137245301      -732.0113091481    102002.7029850791
729000     -6602.3425745124       130.1104424297      -731.9033399359    102002.7029850791
730000     -6602.3369049670       130.1104687735      -731.7803117289    102002.7029850791
731000     -6602.3334440676       130.1113311079      -732.0216366853    102002.7029850791
732000     -6602.3353792014       130.1109805702      -732.1964989423    102002.7029850791
733000     -6602.2887510958       130.1121660569      -732.2468552489    102002.7029850791
734000     -6602.2893701948       130.1138296789      -732.1954865367    102002.7029850791
735000     -6602.2310489668       130.1189015441      -732.4079768228    102002.7029850791
736000     -6602.2591684068       130.1168550875      -732.2504265296    102002.7029850791
737000     -6602.3095751013       130.1124812732      -732.0921340395    102002.7029850791
738000     -6602.3300725145       130.1124637709      -732.1224394525    102002.7029850791
739000     -6602.2940495629       130.1145989037      -732.2499828676    102002.7029850791
740000     -6602.2854874424       130.1162275628      -732.1508061084    102002.7029850791
741000     -6602.3376699079       130.1121446873      -732.2196008765    102002.7029850791
742000     -6602.3769025870       130.1067170809      -732.2328707207    102002.7029850791
743000     -6602.3702366527       130.1062148060      -732.3001981483    102002.7029850791
744000     -6602.4155956013       130.1016162783      -732.3267936188    102002.7029850791
745000     -6602.4688958764       130.0960985106      -732.2294985450    102002.7029850791
746000     -6602.4579961124       130.0937980063      -732.2737410232    102002.7029850791
747000     -6602.4507938798       130.0931189316      -732.2611739425    102002.7029850791
748000     -6602.5014454252       130.0884118947      -732.3222439449    102002.7029850790
749000     -6602.5648965943       130.0847033703      -732.0499837447    102002.7029850790
750000     -6602.5441397348       130.0861255501      -731.9735856876    102002.7029850790
751000     -6602.5519361837       130.0836602977      -731.9676071378    102002.7029850790
752000     -6602.5642398885       130.0810252527      -731.7855996530    102002.7029850790
753000     -6602.5626550621       130.0794393777      -731.5809571746    102002.7029850790
754000     -6602.5231072429       130.0823465715      -731.5039812343    102002.7029850790
755000     -6602.5222080621       130.0816071516      -731.1932672394    102002.7029850790
756000     -6602.5401330650       130.0795992728      -730.8995932409    102002.7029850790
757000     -6602.5697744342       130.0779679633      -730.7017214376    102002.7029850790
758000     -6602.5927435643       130.0756890163      -730.5955595535    102002.7029850790
759000     -6602.6497152732       130.0721777509      -730.4126059497    102002.7029850790
760000     -6602.6584987620       130.0716086891      -730.3638458807    102002.7029850790
761000     -6602.6780176074       130.0715114010      -730.3797589249    102002.7029850790
762000     -6602.6699916581       130.0708629424      -730.4660867749    102002.7029850790
763000     -6602.6505895371       130.0742356328      -730.3436674461    102002.7029850790
764000     -6602.6505617860       130.0755847408      -730.1277653347    102002.7029850790
765000     -6602.7015411250       130.0710840413      -730.0254851979    102002.7029850790
766000     -6602.7295332352       130.0692238974      -729.9778688132    102002.7029850790
767000     -6602.7632169487       130.0675908305      -729.7711517683    102002.7029850790
768000     -6602.7993170416       130.0642356221      -729.7841768429    102002.7029850790
769000     -6602.8320818365       130.0624078492      -729.7234560404    102002.7029850790
770000     -6602.8491058420       130.0616767747      -729.7205305186    102002.7029850790
771000     -6602.8641705849       130.0616599902      -729.5946771584    102002.7029850790
772000     -6602.8309632140       130.0646684110      -729.5205568917    102002.7029850790
773000     -6602.8419514595       130.0625319273      -729.3394619288    102002.7029850790
774000     -6602.8137570555       130.0655328430      -729.1908004892    102002.7029850790
775000     -6602.7769819831       130.0690000293      -729.1021876607    102002.7029850790
776000     -6602.7726071372       130.0687839978      -728.8879031042    102002.7029850790
777000     -6602.7294097268       130.0729661450      -728.9897936937    102002.7029850789
778000     -6602.7124126467       130.0755893739      -728.9669278522    102002.7029850789
779000     -6602.7096203088       130.0756962422      -728.9020174180    102002.7029850789
780000     -6602.6814889651       130.0771686456      -728.8851238101    102002.7029850789
781000     -6602.6560995232       130.0799522847      -728.8075859262    102002.7029850789
782000     -6602.6152386919       130.0829725460      -728.7814856759    102002.7029850789
783000     -6602.5953752680       130.0840391796      -728.6158487149    102002.7029850789
784000     -6602.5480674601       130.0888219084      -728.6955432584    102002.7029850789
785000     -6602.5147112235       130.0902421894      -728.7004111602    102002.7029850789
786000     -6602.4880207070       130.0912117759      -728.7160984698    102002.7029850789
787000     -6602.4592044196       130.0944017817      -728.6425813642    102002.7029850789
788000     -6602.4524405693       130.0949769501      -728.5752615907    102002.7029850789
789000     -6602.4695010242       130.0930404200      -728.6657712368    102002.7029850789
790000     -6602.4842685801       130.0917174639      -728.5866856145    102002.7029850789
791000     -6602.4886089476       130.0910571857      -728.5794761795    102002.7029850789
792000     -6602.4903358922       130.0900025356      -728.4569071626    102002.7029850789
793000     -6602.5026123439       130.0904957502      -728.4860740228    102002.7029850789
794000     -6602.5066394651       130.0912445260      -728.4827526691    102002.7029850789
795000     -6602.4714816611       130.0941796737      -728.6396223988    102002.7029850789
796000     -6602.5231555913       130.0897026033      -728.6231702662    102002.7029850789
797000     -6602.5414651323       130.0890355289      -728.5537095360    102002.7029850789
798000     -6602.5132082255       130.0906255624      -728.3843822262    102002.7029850789
799000     -6602.4957881939       130.0906723375      -728.4186335961    102002.7029850789
800000     -6602.5353536545       130.0879541273      -728.3457680868    102002.7029850789
801000     -6602.5163555792       130.0883067442      -728.3508596037    102002.7029850789
802000     -6602.5219100376       130.0881813051      -728.4359999350    102002.7029850789
803000     -6602.5358585348       130.0870522245      -728.5621837603    102002.7029850789
804000     -6602.5487744508       130.0854588397      -728.6317238276    102002.7029850789
805000     -6602.5694890479       130.0836300963      -728.7329888002    102002.7029850789
806000     -6602.5786298278       130.0822568622      -728.9690724377    102002.7029850789
807000     -6602.6687014635       130.0753749055      -728.8605826526    102002.7029850789
808000     -6602.6767078871       130.0747134517      -728.9609374064    102002.7029850789
809000     -6602.6971873656       130.0721441340      -729.1875136929    102002.7029850789
810000     -6602.7303046291       130.0677589476      -729.2584265583    102002.7029850789
811000     -6602.7418359793       130.0660267791      -729.3491158966    102002.7029850789
812000     -6602.7483694249       130.0627490598      -729.6173823230    102002.7029850789
813000     -6602.7242314873       130.0633167979      -729.6122967353    102002.7029850789
814000     -6602.6833644450       130.0654631583      -729.7347018617    102002.7029850789
815000     -6602.7035064930       130.0625449266      -729.8449828545    102002.7029850788
816000     -6602.7040798269       130.0611747825      -729.7075258326    102002.7029850788
817000     -6602.7229530443       130.0597242360      -729.7127386182    102002.7029850788
818000     -6602.6776616614       130.0623593308      -729.8460670126    102002.7029850788
819000     -6602.6566040936       130.0636924027      -729.8549181752    102002.7029850788
820000     -6602.6313097652       130.0668042630      -729.7983394339    102002.7029850788
821000     -6602.6110343332       130.0682792463      -729.8476551300    102002.7029850788
822000     -6602.5505791646       130.0714855839      -729.7740558277    102002.7029850788
823000     -6602.5421664196       130.0719794300      -729.7264092147    102002.7029850788
824000     -6602.5414766628       130.0741378956      -729.8364456435    102002.7029850788
825000     -6602.5244021075       130.0758906038      -729.8860756512    102002.7029850788
826000     -6602.5381312535       130.0750247771      -729.7913395310    102002.7029850788
827000     -6602.5855812817       130.0710138700      -729.8378731308    102002.7029850788
828000     -6602.5855466604       130.0715739640      -729.8718198759    102002.7029850788
829000     -6602.5930624048       130.0711210226      -729.8788740376    102002.7029850788
830000     -6602.5959172641       130.0704054472      -729.8204664878    102002.7029850788
831000     -6602.5958142471       130.0711304536      -729.8358741820    102002.7029850788
832000     -6602.6293764397       130.0687993160      -729.9273425910    102002.7029850788
833000     -6602.6078924347       130.0701938376      -730.0951783651    102002.7029850788
834000     -6602.5867660758       130.0733328328      -730.1476011381    102002.7029850788
835000     -6602.6086922236       130.0717750321      -730.1728789366    102002.7029850788
836000     -6602.6332196668       130.0700849596      -730.3419376749    102002.7029850788
837000     -6602.6507922355       130.0693484206      -730.4104724581    102002.7029850788
838000     -6602.7061344244       130.0650028276      -730.5351988591    102002.7029850788
839000     -6602.7200651126       130.0642659082      -730.5820233091    102002.7029850788
840000     -6602.7593541203       130.0607329700      -730.5557718382    102002.7029850788
841000     -6602.7568837045       130.0615033789      -730.6116609944    102002.7029850788
842000     -6602.7883967343       130.0585131283      -730.8338134423    102002.7029850788
843000     -6602.8054636742       130.0557876055      -730.9370245940    102002.7029850788
844000     -6602.7762654054       130.0596990659      -731.0122611878    102002.7029850788
845000     -6602.7897485719       130.0591301889      -731.0460243311    102002.7029850788
846000     -6602.7744291825       130.0595948918      -731.1745303979    102002.7029850788
847000     -6602.7948668398       130.0580920346      -731.3178724128    102002.7029850788
848000     -6602.7889529535       130.0590530180      -731.2882820970    102002.7029850788
849000     -6602.8459463518       130.0556271970      -731.2968549562    102002.7029850788
850000     -6602.8786153669       130.0537480687      -731.5150228058    102002.7029850788
851000     -6602.9265990904       130.0496875257      -731.4526720402    102002.7029850788
852000     -6602.9197253652       130.0497945626      -731.2107412393    102002.7029850788
853000     -6602.9559356935       130.0472028715      -731.2675673891    102002.7029850788
854000     -6602.9812713984       130.0448132601      -731.2393697325    102002.7029850788
855000     -6602.9858216056       130.0437983122      -731.2067998322    102002.7029850788
856000     -6602.9469101688       130.0480841310      -731.2661111187    102002.7029850788
857000     -6602.9393607070       130.0487549181      -731.3002584159    102002.7029850788
858000     -6602.9215664278       130.0497883222      -731.2568226312    102002.7029850788
859000     -6602.9216265119       130.0495061765      -731.1803474842    102002.7029850788
860000     -6602.9823328936       130.0446639827      -731.2245215171    102002.7029850788
861000     -6603.0028690279       130.0439517712      -731.2618201451    102002.7029850788
862000     -6602.9962872451       130.0439533509      -731.2860033413    102002.7029850788
863000     -6602.9972771090       130.0432528906      -731.4268484923    102002.7029850788
864000     -6602.9925645700       130.0437955705      -731.4487738194    102002.7029850788
865000     -6602.9525704724       130.0464625337      -731.5273501998    102002.7029850788
866000     -6602.9546077880       130.0455307276      -731.5900300075    102002.7029850788
867000     -6602.9426692024       130.0458368816      -731.5295757660    102002.7029850788
868000     -6602.9205356546       130.0478687830      -731.5469139496    102002.7029850788
869000     -6602.9263644205       130.0467172726      -731.4769929533    102002.7029850788
870000     -6602.9573427681       130.0449741245      -731.3791968857    102002.7029850787
871000     -6602.9503800944       130.0440779940      -731.4695423428    102002.7029850787
872000     -6602.9824236420       130.0421272387      -731.5689202057    102002.7029850787
873000     -6602.9903026681       130.0408740823      -731.5043559006    102002.7029850787
874000     -6603.0222219530       130.0386454093      -731.4296364707    102002.7029850787
875000     -6603.0588595751       130.0342914350      -731.5090995977    102002.7029850787
876000     -6603.0836502202       130.0342518240      -731.4686293473    102002.7029850787
877000     -6603.1173202682       130.0323890504      -731.4353007963    102002.7029850787
878000     -6603.0773770904       130.0358721166      -731.4456682655    102002.7029850787
879000     -6603.0855132616       130.0361567854      -731.4684586916    102002.7029850787
880000     -6603.0879203070       130.0359631964      -731.4137533241    102002.7029850787
881000     -6603.0794813075       130.0365905660      -731.3117717482    102002.7029850787
882000     -6603.0760130039       130.0365474972      -731.3467038733    102002.7029850787
883000     -6603.0852982436       130.0354792336      -731.3804744054    102002.7029850787
884000     -6603.0761006317       130.0362080785      -731.3868463470    102002.7029850787
885000     -6603.0744900475       130.0371820320      -731.3903146148    102002.7029850787
886000     -6603.0809205073       130.0369971288      -731.4117398702    102002.7029850787
887000     -6603.1052390661       130.0349620675      -731.4785144179    102002.7029850787
888000     -6603.1398452709       130.0323421326      -731.5562983474    102002.7029850787
889000     -6603.1104115349       130.0351793248      -731.5737315433    102002.7029850787
890000     -6603.1278945113       130.0343896974      -731.6741219186    102002.7029850787
891000     -6603.1637484278       130.0329002248      -731.6368575860    102002.7029850787
892000     -6603.1625731541       130.0340714055      -731.5847232692    102002.7029850787
893000     -6603.1782387766       130.0324363855      -731.6240880620    102002.7029850787
894000     -6603.2009959759       130.0307651010      -731.5545534715    102002.7029850787
895000     -6603.2230224000       130.0285686252      -731.5056600011    102002.7029850787
896000     -6603.2152087097       130.0290697005      -731.4376584917    102002.7029850787
897000     -6603.2026950452       130.0308348964      -731.4006147579    102002.7029850787
898000     -6603.1846189363       130.0327205589      -731.4322137366    102002.7029850787
899000     -6603.1843108778       130.0320572298      -731.4084768778    102002.7029850787
900000     -6603.1566669725       130.0339734785      -731.3304131584    102002.7029850787
901000     -6603.1388032458       130.0351236812      -731.3913863913    102002.7029850787
902000     -6603.1385250510       130.0344940453      -731.4262703586    102002.7029850787
903000     -6603.1529820244       130.0344097154      -731.4169943365    102002.7029850787
904000     -6603.1280533476       130.0365173452      -731.3808426930    102002.7029850787
905000     -6603.1217301157       130.0367626521      -731.3667051188    102002.7029850787
906000     -6603.1049329333       130.0382877653      -731.3167050236    102002.7029850787
907000     -6603.0785221007       130.0402480250      -731.2275604317    102002.7029850787
908000     -6603.0503420702       130.0423340648      -731.2199221622    102002.7029850787
909000     -6603.0153523634       130.0448926926      -731.3691274683    102002.7029850787
910000     -6603.0248804092       130.0446659781      -731.3720508348    102002.7029850787
911000     -6603.0503833283       130.0429180707      -731.4032861347    102002.7029850787
912000     -6603.0765862423       130.0398716015      -731.5774307464    102002.7029850787
913000     -6603.0879545558       130.0379254490      -731.6526321104    102002.7029850787
914000     -6603.0823977486       130.0393295265      -731.6691804317    102002.7029850787
915000     -6603.0710220306       130.0393450802      -731.7414595228    102002.7029850787
916000     -6603.0633727650       130.0398290886      -731.7865172184    102002.7029850787
917000     -6603.0842043903       130.0382793989      -731.7189345640    102002.7029850787
918000     -6603.1045367834       130.0363031169      -731.7874128583    102002.7029850787
919000     -6603.0787775773       130.0370743326      -731.8792436440    102002.7029850787
920000     -6603.0947131423       130.0345181985      -731.8586352360    102002.7029850787
921000     -6603.1103187463       130.0333884795      -731.9671252109    102002.7029850787
922000     -6603.1391692265       130.0302344586      -732.0149164556    102002.7029850787
923000     -6603.1584742531       130.0288396594      -731.9985367330    102002.7029850787
924000     -6603.1791161253       130.0271761391      -732.0753770194    102002.7029850787
925000     -6603.1659229969       130.0281339740      -732.1008804252    102002.7029850787
926000     -6603.1417885926       130.0294824035      -732.1840911970    102002.7029850787
927000     -6603.1471853649       130.0301160473      -732.1580576022    102002.7029850786
928000     -6603.1770905527       130.0278634158      -732.2765240349    102002.7029850786
929000     -6603.1925319580       130.0268619296      -732.3778309071    102002.7029850786
930000     -6603.2103068760       130.0263638645      -732.3422582369    102002.7029850786
931000     -6603.2091926461       130.0265651508      -732.2913482869    102002.7029850786
932000     -6603.2119700660       130.0262709193      -732.3648904759    102002.7029850786
933000     -6603.2071884061       130.0264708493      -732.3509022127    102002.7029850786
934000     -6603.2032228803       130.0266251716      -732.2693353962    102002.7029850786
935000     -6603.2078050034       130.0254092460      -732.2782175931    102002.7029850786
936000     -6603.2057742168       130.0253256338      -732.1908454463    102002.7029850786
937000     -6603.2004836158       130.0268339729      -732.1242542178    102002.7029850786
938000     -6603.1854903791       130.0288406744      -732.0381556728    102002.7029850786
939000     -6603.1861674968       130.0288758441      -732.0681826393    102002.7029850786
940000     -6603.1699414573       130.0314338364      -732.0140138718    102002.7029850786
941000     -6603.1678858354       130.0319154983      -731.9984901006    102002.7029850786
942000     -6603.1472677114       130.0332962339      -731.9577111854    102002.7029850786
943000     -6603.1295661303       130.0352506071      -731.8738739431    102002.7029850786
944000     -6603.1414303772       130.0342250964      -731.7811183037    102002.7029850786
945000     -6603.1446714123       130.0340450432      -731.7636793774    102002.7029850786
946000     -6603.1604201060       130.0320233080      -731.7781463409    102002.7029850786
947000     -6603.1786091155       130.0299992495      -731.7095449681    102002.7029850786
948000     -6603.1879372833       130.0290478966      -731.6629034995    102002.7029850786
949000     -6603.2091357341       130.0260791892      -731.7179981005    102002.7029850786
950000     -6603.2187416783       130.0249528384      -731.6359970994    102002.7029850786
951000     -6603.2397621678       130.0227972321      -731.5572759400    102002.7029850786
952000     -6603.2359460999       130.0231292772      -731.6018022966    102002.7029850786
953000     -6603.2369327659       130.0225513546      -731.5116285038    102002.7029850786
954000     -6603.2648390731       130.0191205884      -731.4735555924    102002.7029850786
955000     -6603.2833466639       130.0182145973      -731.4031972880    102002.7029850786
956000     -6603.2722573108       130.0194087898      -731.4086458970    102002.7029850786
957000     -6603.2767113602       130.0188897398      -731.4117575798    102002.7029850786
958000     -6603.2884066247       130.0182748647      -731.3408553262    102002.7029850786
959000     -6603.3155395659       130.0153269055      -731.3137354095    102002.7029850786
960000     -6603.3164056640       130.0149064636      -731.2146995794    102002.7029850786
961000     -6603.3018343263       130.0143380327      -731.1736649248    102002.7029850786
962000     -6603.2905578565       130.0158465452      -731.1716613112    102002.7029850786
963000     -6603.2950754160       130.0145825144      -731.2328844459    102002.7029850786
964000     -6603.3151756902       130.0120166104      -731.2185305050    102002.7029850786
965000     -6603.3159293165       130.0123975815      -731.0820056954    102002.7029850786
966000     -6603.3138957354       130.0122951556      -731.0300497412    102002.7029850786
967000     -6603.3082817099       130.0127948787      -730.9645840414    102002.7029850786
968000     -6603.2972616377       130.0125194019      -730.8522070408    102002.7029850786
969000     -6603.2940777469       130.0119196432      -730.8350951399    102002.7029850786
970000     -6603.2757797918       130.0124327459      -730.8359043717    102002.7029850786
971000     -6603.2673256590       130.0135453517      -730.8169501805    102002.7029850786
972000     -6603.2386381486       130.0154121950      -730.7474118844    102002.7029850786
973000     -6603.2045497265       130.0176070940      -730.7620759531    102002.7029850786
974000     -6603.2138776238       130.0171499718      -730.7073683662    102002.7029850786
975000     -6603.2124406626       130.0173838487      -730.6327570931    102002.7029850786
976000     -6603.1728845425       130.0201561841      -730.7075071733    102002.7029850786
977000     -6603.1708144766       130.0203237659      -730.5781940519    102002.7029850786
978000     -6603.1683522365       130.0203088392      -730.5017187488    102002.7029850786
979000     -6603.1411490049       130.0222063321      -730.5301898910    102002.7029850786
980000     -6603.1315889533       130.0222874732      -730.4597753106    102002.7029850786
981000     -6603.1201068649       130.0229020047      -730.3427313698    102002.7029850786
982000     -6603.0790331366       130.0257625818      -730.2604806501    102002.7029850786
983000     -6603.0665162723       130.0259584308      -730.2348627317    102002.7029850786
984000     -6603.0788501075       130.0239057420      -730.1283872132    102002.7029850786
985000     -6603.0837083000       130.0225539261      -730.0212772247    102002.7029850786
986000     -6603.0760636844       130.0225491526      -729.9224914497    102002.7029850786
987000     -6603.0857583440       130.0206807856      -729.8936214425    102002.7029850786
988000     -6603.0640187086       130.0212208977      -729.7986619551    102002.7029850786
989000     -6603.0502350956       130.0220014423      -729.7772535085    102002.7029850786
990000     -6603.0482587749       130.0214804646      -729.8224638055    102002.7029850786
991000     -6603.0445760858       130.0217431951      -729.8223857019    102002.7029850786
992000     -6603.0278053570       130.0232543472      -729.7912974331    102002.7029850786
993000     -6603.0491813797       130.0217464418      -729.6628583806    102002.7029850786
994000     -6603.0502649943       130.0213221253      -729.5814552241    102002.7029850786
995000     -6603.0487670914       130.0214532457      -729.4917904893    102002.7029850786
996000     -6603.0425104156       130.0219213584      -729.4549878325    102002.7029850786
997000     -6603.0409354409       130.0224783398      -729.3835049006    102002.7029850786
998000     -6603.0341457749       130.0227312243      -729.3037031034    102002.7029850786
999000     -6603.0258647091       130.0241154914      -729.1917751663    102002.7029850786
1000000     -6603.0057614836       130.0260378034      -729.0613710534    102002.7029850786
