# Time-averaged data for fix runningavgs
# TimeStep v_ra_etotal v_ra_temp v_ra_press v_ra_volume
502000    -10360.0556570663        90.8351083446      -769.4579364675    102002.7029850792
503000    -10366.9199310692        90.7259993374      -745.8955384617    102002.7029850792
504000    -10367.8453855355        90.7035661939      -730.7338206333    102002.7029850792
505000    -10367.2275934356        90.7536943183      -718.8092240082    102002.7029850792
506000    -10366.1938023963        90.8241190079      -713.5428884180    102002.7029850792
507000    -10364.3351136609        90.9303245057      -705.1897165264    102002.7029850792
508000    -10364.9943728479        90.8939083652      -708.3013091245    102002.7029850792
509000    -10364.6716612961        90.9176434031      -708.9798718927    102002.7029850792
510000    -10365.6276060267        90.8796171390      -709.1536026181    102002.7029850792
511000    -10366.0852946086        90.8513692490      -705.7466224781    102002.7029850792
512000    -10365.9737465563        90.8331898644      -704.5680827348    102002.7029850792
513000    -10366.2888717094        90.8234407776      -712.6376011219    102002.7029850792
514000    -10366.3390260215        90.8185560875      -712.8950397692    102002.7029850792
515000    -10366.7336072847        90.8021845200      -715.2694068173    102002.7029850792
516000    -10366.2590515638        90.8242417510      -715.0893756640    102002.7029850792
517000    -10366.0735004563        90.8293840154      -715.7654835428    102002.7029850792
518000    -10365.7871959936        90.8120303324      -714.3025768257    102002.7029850792
519000    -10365.4687662202        90.8214196584      -714.8206126922    102002.7029850792
520000    -10365.4113835777        90.8315788913      -714.9953544022    102002.7029850792
521000    -10365.0958148505        90.8365725762      -715.8616852717    102002.7029850792
522000    -10365.3080692866        90.8160785644      -717.5535094053    102002.7029850792
523000    -10365.1604951263        90.8239184941      -719.2066733507    102002.7029850792
524000    -10365.3534529761        90.8121011357      -722.5403162198    102002.7029850792
525000    -10365.3567462162        90.8184114446      -722.8384429807    102002.7029850792
526000    -10365.0244815933        90.8276835930      -722.8259304671    102002.7029850792
527000    -10364.7472885470        90.8390861998      -720.5381733121    102002.7029850792
528000    -10364.9014017608        90.8256357037      -719.9693079725    102002.7029850792
529000    -10364.6755227121        90.8254245214      -720.4064969794    102002.7029850792
530000    -10364.4943073454        90.8327546106      -720.1626596943    102002.7029850792
531000    -10364.5427343672        90.8286119783      -717.8860443779    102002.7029850792
532000    -10364.5021866788        90.8317353460      -716.9331734899    102002.7029850792
533000    -10364.3823549475        90.8371376152      -716.4933180240    102002.7029850792
534000    -10364.0950142958        90.8489815258      -713.1263861671    102002.7029850792
535000    -10364.2531652277        90.8396185539      -711.4660189528    102002.7029850792
536000    -10364.0272032118        90.8488783358      -711.8817311982    102002.7029850792
537000    -10363.7484384145        90.8620424243      -709.9881608473    102002.7029850792
538000    -10363.8507946287        90.8659598820      -709.6438559407    102002.7029850792
539000    -10363.7647529002        90.8728798766      -708.6645977909    102002.7029850791
540000    -10363.6694546515        90.8720273077      -707.8871737726    102002.7029850791
541000    -10363.6318608944        90.8693374933      -707.3388686635    102002.7029850791
542000    -10363.4119776932        90.8791541751      -706.2347490698    102002.7029850791
543000    -10363.5264360901        90.8749328156      -705.8891349040    102002.7029850791
544000    -10363.2381913020        90.8945040564      -705.1237378996    102002.7029850791
545000    -10363.3447790630        90.8919386764      -706.0440950443    102002.7029850791
546000    -10363.2995050864        90.8944221065      -705.1838484035    102002.7029850791
547000    -10363.1325737322        90.8987222465      -703.2722557497    102002.7029850791
548000    -10362.8543658828        90.9077387949      -702.9093075833    102002.7029850791
549000    -10362.6348912840        90.9155197207      -702.8534095405    102002.7029850791
550000    -10362.7057139812        90.9159668046      -703.6003186193    102002.7029850791
551000    -10362.7299988353        90.9175615641      -704.8897577916    102002.7029850791
552000    -10362.8075411207        90.9153575265      -705.2873978849    102002.7029850791
553000    -10362.7715429208        90.9123001458      -704.7789071224    102002.7029850791
554000    -10362.6816317336        90.9204545934      -705.6215128612    102002.7029850791
555000    -10362.5830816757        90.9255664723      -705.9015321687    102002.7029850791
556000    -10362.5791735009        90.9234014314      -705.5642491029    102002.7029850791
557000    -10362.5159533255        90.9258610793      -705.5493856470    102002.7029850791
558000    -10362.4773555999        90.9272354198      -705.4069068208    102002.7029850791
559000    -10362.5030942951        90.9276418093      -706.6333798601    102002.7029850791
560000    -10362.4361847535        90.9346733961      -708.3563052007    102002.7029850791
561000    -10362.6604241656        90.9209122473      -709.9222584353    102002.7029850791
562000    -10362.7148346912        90.9222523926      -710.7116856020    102002.7029850791
563000    -10362.5766115967        90.9300280984      -710.8280887757    102002.7029850791
564000    -10362.5679619427        90.9326245737      -710.4306340430    102002.7029850791
565000    -10362.6252117155        90.9288676555      -711.5909686309    102002.7029850791
566000    -10362.7596925449        90.9259275840      -712.8252118725    102002.7029850791
567000    -10362.7546427385        90.9240042741      -713.7530376963    102002.7029850791
568000    -10362.7128095964        90.9212871989      -714.9670361087    102002.7029850791
569000    -10362.8848815072        90.9175674127      -716.4297102367    102002.7029850791
570000    -10362.9772228504        90.9128095861      -716.6231878231    102002.7029850791
571000    -10363.0852485445        90.9099483225      -717.0322472662    102002.7029850791
572000    -10363.1011401402        90.9102815226      -717.2449030117    102002.7029850791
573000    -10363.0588375696        90.9065340952      -717.2606414684    102002.7029850791
574000    -10363.0347295336        90.9037163365      -717.5292855058    102002.7029850791
575000    -10362.8119249134        90.9125171236      -717.7914966406    102002.7029850791
576000    -10362.6950612644        90.9153965592      -717.9566268784    102002.7029850791
577000    -10362.7170568060        90.9153392395      -718.2223055825    102002.7029850791
578000    -10362.7341483217        90.9177066912      -717.4854308911    102002.7029850791
579000    -10362.8514846134        90.9142885638      -717.4820799132    102002.7029850791
580000    -10362.8881898016        90.9115460187      -717.4057594125    102002.7029850791
581000    -10362.8422212150        90.9143163412      -717.9363427589    102002.7029850791
582000    -10362.6551271341        90.9228883597      -718.4690176431    102002.7029850791
583000    -10362.4457113303        90.9294377398      -718.2466355338    102002.7029850791
584000    -10362.4274509254        90.9279659672      -718.9390841692    102002.7029850791
585000    -10362.3863629576        90.9264161596      -719.0591562207    102002.7029850791
586000    -10362.3442095047        90.9260091053      -719.6591440784    102002.7029850791
587000    -10362.3492523342        90.9229439289      -720.3031438529    102002.7029850791
588000    -10362.3224369737        90.9232526239      -721.4095121172    102002.7029850791
589000    -10362.3666602092        90.9201505534      -721.9524857534    102002.7029850791
590000    -10362.3913932435        90.9175710124      -722.3148555905    102002.7029850791
591000    -10362.3303646629        90.9219759036      -722.6085978393    102002.7029850792
592000    -10362.3051747488        90.9252690598      -723.3283173636    102002.7029850792
593000    -10362.4801550656        90.9204937507      -724.2025790612    102002.7029850792
594000    -10362.5245734922        90.9188498137      -724.6672728644    102002.7029850792
595000    -10362.6485645895        90.9157304237      -725.2643402656    102002.7029850792
596000    -10362.6302391361        90.9169539872      -725.9670756540    102002.7029850792
597000    -10362.5306433290        90.9238871680      -726.8036629666    102002.7029850792
598000    -10362.5363601475        90.9300706888      -727.5883022550    102002.7029850792
599000    -10362.5900635749        90.9316481835      -728.4068588260    102002.7029850792
600000    -10362.6115127524        90.9343545958      -729.6302737266    102002.7029850792
601000    -10362.5681377915        90.9388950303      -731.7028290770    102002.7029850792
602000    -10362.5449663405        90.9405629593      -732.5648673129    102002.7029850792
603000    -10362.4640756324        90.9428198624      -733.2637422571    102002.7029850792
604000    -10362.5326526578        90.9404138229      -734.5908865578    102002.7029850793
605000    -10362.5459788715        90.9424809258      -735.4703818597    102002.7029850793
606000    -10362.6003563799        90.9420067723      -736.5362313399    102002.7029850793
607000    -10362.6282545519        90.9431631378      -736.3907644319    102002.7029850793
608000    -10362.6406660553        90.9449268374      -736.7714047142    102002.7029850793
609000    -10362.6770856481        90.9437143419      -737.1931107102    102002.7029850793
610000    -10362.6764810538        90.9464019270      -738.1561600600    102002.7029850793
611000    -10362.7426067098        90.9471235924      -739.0913583792    102002.7029850793
612000    -10362.8586786431        90.9448298912      -739.8551687485    102002.7029850793
613000    -10362.8399306801        90.9501529523      -740.8592176363    102002.7029850793
614000    -10362.9578067748        90.9476794084      -741.9560234893    102002.7029850793
615000    -10363.0209204039        90.9495505326      -743.2196503511    102002.7029850793
616000    -10363.0543568547        90.9518515500      -744.0434354615    102002.7029850793
617000    -10363.1635304085        90.9501856542      -744.6376331748    102002.7029850793
618000    -10363.1862519032        90.9528545181      -745.6240733552    102002.7029850793
619000    -10363.2601805521        90.9527702720      -746.7403087255    102002.7029850793
620000    -10363.3624048310        90.9512081531      -747.3689066079    102002.7029850793
621000    -10363.4387825465        90.9518835596      -747.8521447843    102002.7029850793
622000    -10363.4262125842        90.9552073528      -747.9156343354    102002.7029850794
623000    -10363.3545612308        90.9574308151      -748.3697015101    102002.7029850794
624000    -10363.4140104469        90.9550461694      -748.9897146990    102002.7029850794
625000    -10363.3123993452        90.9601483407      -749.5545574022    102002.7029850794
626000    -10363.3689584050        90.9581686047      -749.7193130059    102002.7029850794
627000    -10363.3194818503        90.9621128641      -749.9747690832    102002.7029850794
628000    -10363.3792059268        90.9614787832      -750.6882062035    102002.7029850794
629000    -10363.4600660411        90.9625119558      -751.0218159852    102002.7029850794
630000    -10363.5630599374        90.9588227407      -751.5901723042    102002.7029850794
631000    -10363.6114544925        90.9611011557      -752.0891493139    102002.7029850794
632000    -10363.6251910555        90.9608423862      -752.6591657139    102002.7029850794
633000    -10363.6289790869        90.9604513154      -752.6580220020    102002.7029850794
634000    -10363.6153729762        90.9619107300      -752.4647911830    102002.7029850794
635000    -10363.5673303656        90.9616879071      -752.5599799286    102002.7029850794
636000    -10363.5793454616        90.9608657653      -752.3883208166    102002.7029850794
637000    -10363.4957933648        90.9656212606      -752.1235090418    102002.7029850794
638000    -10363.5218280439        90.9666269412      -752.3294947555    102002.7029850794
639000    -10363.5616790749        90.9673369275      -752.6896033643    102002.7029850794
640000    -10363.5222275377        90.9701332697      -752.7591585878    102002.7029850794
641000    -10363.5327627692        90.9708634829      -753.4736309151    102002.7029850794
642000    -10363.5481318476        90.9704134716      -753.6998602120    102002.7029850794
643000    -10363.6364369581        90.9663373167      -753.9850426015    102002.7029850794
644000    -10363.6677735424        90.9672535608      -754.1780694552    102002.7029850794
645000    -10363.7060967149        90.9663576722      -754.5801333943    102002.7029850794
646000    -10363.7025826685        90.9689669549      -755.1330721940    102002.7029850795
647000    -10363.7544211270        90.9666490154      -755.7520228251    102002.7029850795
648000    -10363.7511074541        90.9679771722      -756.0182937055    102002.7029850795
649000    -10363.7882613878        90.9695787749      -756.3866467697    102002.7029850795
650000    -10363.8354403010        90.9680400050      -756.8724613994    102002.7029850795
651000    -10363.8903955183        90.9664823388      -757.1531866955    102002.7029850795
652000    -10363.8956649539        90.9671999892      -757.3524850633    102002.7029850795
653000    -10363.9290756724        90.9673518200      -758.0950835137    102002.7029850795
654000    -10363.9865573966        90.9663217607      -758.5418035134    102002.7029850795
655000    -10364.0383963519        90.9641592392      -758.5593414495    102002.7029850795
656000    -10364.0366647499        90.9639660665      -758.2795318125    102002.7029850795
657000    -10364.1555843363        90.9610699459      -757.8766296740    102002.7029850795
658000    -10364.1529636898        90.9621632246      -757.8335146101    102002.7029850795
659000    -10364.1569725264        90.9633204317      -758.3087725326    102002.7029850795
660000    -10364.2067539738        90.9597442332      -758.4133682619    102002.7029850795
661000    -10364.2953093797        90.9561293235      -758.1931348188    102002.7029850795
662000    -10364.2927325778        90.9566544750      -758.1812340038    102002.7029850795
663000    -10364.3265955294        90.9574657552      -758.1072296157    102002.7029850795
664000    -10364.3280161512        90.9591463777      -758.1477584914    102002.7029850795
665000    -10364.4144459070        90.9569025565      -758.6517388849    102002.7029850795
666000    -10364.4707348546        90.9569027945      -758.9069738435    102002.7029850795
667000    -10364.5482388845        90.9551130220      -759.0233670555    102002.7029850795
668000    -10364.5957347499        90.9545260700      -759.0344054623    102002.7029850795
669000    -10364.5976331678        90.9556522578      -759.2428921602    102002.7029850795
670000    -10364.5751934425        90.9589573053      -759.3258385911    102002.7029850795
671000    -10364.5118323442        90.9621546024      -759.3016340248    102002.7029850795
672000    -10364.6013288909        90.9584908242      -759.6834711958    102002.7029850795
673000    -10364.6298102269        90.9571493725      -759.9438838563    102002.7029850795
674000    -10364.6197335006        90.9591832721      -760.1681403189    102002.7029850794
675000    -10364.7285935318        90.9563503375      -760.8240331215    102002.7029850794
676000    -10364.7785230274        90.9551854334      -761.3961132316    102002.7029850794
677000    -10364.7736469720        90.9567711169      -761.7255274198    102002.7029850794
678000    -10364.7927598396        90.9574587982      -761.8622306384    102002.7029850794
679000    -10364.8220694022        90.9572916189      -762.1069704023    102002.7029850794
680000    -10364.8444416123        90.9565487442      -762.2011297678    102002.7029850794
681000    -10364.8819834365        90.9558682180      -762.3165783393    102002.7029850794
682000    -10364.8660574243        90.9566504844      -761.9819082774    102002.7029850794
683000    -10364.8554222018        90.9574472502      -761.9192626224    102002.7029850794
684000    -10364.8149628116        90.9591738043      -761.9323215840    102002.7029850794
685000    -10364.7765673334        90.9612733233      -762.0373664863    102002.7029850794
686000    -10364.7597201365        90.9625826831      -761.9388949926    102002.7029850794
687000    -10364.7224827771        90.9649754123      -762.0032123089    102002.7029850794
688000    -10364.7385414505        90.9648472090      -762.1519362433    102002.7029850793
689000    -10364.7242610346        90.9650457806      -762.2976249874    102002.7029850793
690000    -10364.7005479730        90.9663802088      -762.3749205635    102002.7029850793
691000    -10364.7058359957        90.9668507102      -762.5681260727    102002.7029850793
692000    -10364.6823955056        90.9683362324      -762.7089697780    102002.7029850793
693000    -10364.6340734292        90.9715862957      -762.7470058899    102002.7029850793
694000    -10364.6714115748        90.9701671881      -762.9823803810    102002.7029850793
695000    -10364.5860831331        90.9743716414      -763.2411123507    102002.7029850793
696000    -10364.5812972967        90.9757907982      -763.4337223392    102002.7029850793
697000    -10364.5476918063        90.9766255502      -763.3958037745    102002.7029850793
698000    -10364.5029357907        90.9782993655      -763.3127048495    102002.7029850793
699000    -10364.5359872988        90.9756259520      -763.3123978103    102002.7029850793
700000    -10364.5013819708        90.9755548778      -763.3103749711    102002.7029850793
701000    -10364.4649161360        90.9771944041      -763.2725379203    102002.7029850793
702000    -10364.4810313508        90.9740775273      -763.3540004913    102002.7029850793
703000    -10364.4590841408        90.9752597816      -763.1629732000    102002.7029850793
704000    -10364.4387363665        90.9765947146      -762.7949635849    102002.7029850792
705000    -10364.4134831287        90.9784083128      -762.3216455684    102002.7029850792
706000    -10364.4317302396        90.9769381694      -762.1141884731    102002.7029850792
707000    -10364.4497377753        90.9775485171      -761.9794807619    102002.7029850792
708000    -10364.5450862587        90.9755010438      -762.0820433289    102002.7029850792
709000    -10364.5740191469        90.9757750492      -761.8786819249    102002.7029850792
710000    -10364.5801304467        90.9760564886      -761.9995153629    102002.7029850792
711000    -10364.6134905495        90.9768515841      -762.2183831514    102002.7029850792
712000    -10364.6160028337        90.9775256611      -762.1481397003    102002.7029850792
713000    -10364.6406780452        90.9773946327      -762.1677373260    102002.7029850792
714000    -10364.7200712686        90.9732254373      -762.4043292532    102002.7029850792
715000    -10364.6864880366        90.9753993226      -762.8408929984    102002.7029850792
716000    -10364.6527979097        90.9756156289      -763.0143512490    102002.7029850792
717000    -10364.6003347350        90.9767016963      -763.0557913548    102002.7029850792
718000    -10364.5315787834        90.9788739870      -763.2054279501    102002.7029850792
719000    -10364.5083676188        90.9807113008      -763.6112146509    102002.7029850792
720000    -10364.5342790521        90.9801117287      -763.5304067818    102002.7029850792
721000    -10364.4997627048        90.9824944525      -763.5311724744    102002.7029850792
722000    -10364.4332629006        90.9855392038      -763.4715028424    102002.7029850792
723000    -10364.4375421928        90.9847932140      -763.5008299400    102002.7029850792
724000    -10364.4989495095        90.9815491905      -763.8179562162    102002.7029850791
725000    -10364.5405850076        90.9815915995      -764.1492573918    102002.7029850791
726000    -10364.5823369988        90.9794852394      -764.5419550028    102002.7029850791
727000    -10364.6031429088        90.9796286011      -764.5960453359    102002.7029850791
728000    -10364.6403108842        90.9781273949      -764.4977466830    102002.7029850791
729000    -10364.6265514620        90.9782630552      -764.3692808061    102002.7029850791
730000    -10364.6448240115        90.9779036556      -764.5097434297    102002.7029850791
731000    -10364.6580723475        90.9784226817      -764.3961669521    102002.7029850791
732000    -10364.7197863628        90.9769629329      -764.2622622182    102002.7029850791
733000    -10364.7667569709        90.9756940792      -764.0467414870    102002.7029850791
734000    -10364.7449065480        90.9780502155      -763.8260024402    102002.7029850791
735000    -10364.7785952600        90.9776631770      -763.7055289997    102002.7029850791
736000    -10364.8071920695        90.9780570979      -763.4879518174    102002.7029850791
737000    -10364.8504549067        90.9782077010      -763.9332906316    102002.7029850791
738000    -10364.8827690479        90.9790703127      -764.2003841096    102002.7029850791
739000    -10364.9069229740        90.9795007412      -764.2181706359    102002.7029850791
740000    -10364.8464427789        90.9832837685      -763.9824553005    102002.7029850791
741000    -10364.8839830660        90.9822496428      -763.9644072799    102002.7029850791
742000    -10364.9100119542        90.9817560266      -764.0769589710    102002.7029850791
743000    -10364.8774428539        90.9829015248      -764.0424506816    102002.7029850791
744000    -10364.8962122043        90.9821761921      -763.8755541651    102002.7029850791
745000    -10364.8916967090        90.9836460260      -763.7841199698    102002.7029850791
746000    -10364.9413819788        90.9803375466      -763.7071618471    102002.7029850791
747000    -10364.9569479963        90.9791819385      -763.3322834080    102002.7029850791
748000    -10364.9186886384        90.9810311359      -762.9842812113    102002.7029850790
749000    -10364.9180019198        90.9804155509      -762.7031077286    102002.7029850790
750000    -10364.9253724325        90.9797309002      -762.7665433327    102002.7029850790
751000    -10364.9082854506        90.9805150483      -762.8198566712    102002.7029850790
752000    -10364.9524937217        90.9776429012      -762.9218244928    102002.7029850790
753000    -10364.9487492350        90.9776041247      -763.0642926685    102002.7029850790
754000    -10364.9585013383        90.9775261240      -763.1971345288    102002.7029850790
755000    -10364.9395438494        90.9783561162      -763.2245154251    102002.7029850790
756000    -10364.8662901401        90.9820384565      -763.1655443683    102002.7029850790
757000    -10364.8516773131        90.9824516408      -763.0278136339    102002.7029850790
758000    -10364.8878243563        90.9806097401      -763.0671339184    102002.7029850790
759000    -10364.8770019559        90.9803761916      -763.1283511554    102002.7029850790
760000    -10364.8358376223        90.9829699177      -763.2260200206    102002.7029850790
761000    -10364.8330283177        90.9842089320      -763.2026035442    102002.7029850790
762000    -10364.8306452093        90.9856736878      -763.3824475329    102002.7029850790
763000    -10364.8268494287        90.9873058993      -763.3804563876    102002.7029850790
764000    -10364.8385667058        90.9866061823      -763.5514564001    102002.7029850790
765000    -10364.9086825948        90.9842995005      -763.9800343179    102002.7029850790
766000    -10364.8969805343        90.9855208396      -764.2935716758    102002.7029850790
767000    -10364.9661768845        90.9835438670      -764.6071824955    102002.7029850790
768000    -10365.0009654359        90.9823473062      -764.7539016742    102002.7029850790
769000    -10365.0295983833        90.9808670865      -764.9885864991    102002.7029850790
770000    -10365.0468402894        90.9800598238      -765.3896590116    102002.7029850790
771000    -10365.0292070074        90.9822325478      -765.6336574377    102002.7029850790
772000    -10365.0399540173        90.9814592227      -766.0424260892    102002.7029850790
773000    -10365.0654759778        90.9807660646      -766.2391836939    102002.7029850790
774000    -10365.0551639990        90.9812543808      -766.0424903883    102002.7029850790
775000    -10365.0470705076        90.9819996432      -765.9550855215    102002.7029850790
776000    -10365.0753299125        90.9811964699      -765.9822859051    102002.7029850790
777000    -10365.1091436224        90.9795591558      -766.2849811730    102002.7029850789
778000    -10365.1320564625        90.9792129094      -766.6273287937    102002.7029850789
779000    -10365.1198287577        90.9792512041      -766.8496832503    102002.7029850789
780000    -10365.1045105576        90.9797932497      -766.8679419949    102002.7029850789
781000    -10365.1068900474        90.9784908094      -766.8867167879    102002.7029850789
782000    -10365.1228324503        90.9788050852      -767.0698817841    102002.7029850789
783000    -10365.1644856803        90.9773192670      -767.4637602059    102002.7029850789
784000    -10365.1795583283        90.9778401213      -767.8787994277    102002.7029850789
785000    -10365.1807720187        90.9777697909      -768.0926521389    102002.7029850789
786000    -10365.1779395421        90.9778043306      -767.9941669631    102002.7029850789
787000    -10365.1960656035        90.9770826265      -768.0850256314    102002.7029850789
788000    -10365.1840032416        90.9773314375      -768.0707508716    102002.7029850789
789000    -10365.2334534376        90.9755425299      -768.2730155751    102002.7029850789
790000    -10365.2488815423        90.9758842479      -768.3039518818    102002.7029850789
791000    -10365.2697417024        90.9753846101      -768.5949684496    102002.7029850789
792000    -10365.2670836302        90.9767229040      -768.7469650872    102002.7029850789
793000    -10365.2194359663        90.9795479356      -768.6881253608    102002.7029850789
794000    -10365.2307255200        90.9792180803      -768.5914351153    102002.7029850789
795000    -10365.2587730047        90.9790589639      -768.6399926401    102002.7029850789
796000    -10365.3024628636        90.9786379591      -768.5622193157    102002.7029850789
797000    -10365.3567936495        90.9768701000      -768.8826187773    102002.7029850789
798000    -10365.3546293229        90.9781304961      -769.1696297857    102002.7029850789
799000    -10365.4049403441        90.9777292567      -769.2733517099    102002.7029850789
800000    -10365.4435148193        90.9775959393      -769.5311236449    102002.7029850789
801000    -10365.4554356932        90.9788062934      -769.8698030010    102002.7029850789
802000    -10365.4823138554        90.9788835617      -770.1502985388    102002.7029850789
803000    -10365.4966404047        90.9797936897      -770.5454258511    102002.7029850789
804000    -10365.5090493353        90.9791237217      -770.8971773296    102002.7029850789
805000    -10365.5370372519        90.9796347385      -771.2033721164    102002.7029850789
806000    -10365.5631933791        90.9793497299      -771.5133210541    102002.7029850789
807000    -10365.6233284276        90.9774096986      -771.8883399576    102002.7029850789
808000    -10365.6625203386        90.9763393505      -772.0880058775    102002.7029850789
809000    -10365.6880676821        90.9747438728      -772.2114519094    102002.7029850789
810000    -10365.6807896991        90.9759961864      -772.3685874436    102002.7029850789
811000    -10365.7163187930        90.9754505323      -772.5301748005    102002.7029850789
812000    -10365.7522036711        90.9748665928      -772.7316150811    102002.7029850789
813000    -10365.7589920281        90.9756965957      -772.8179289628    102002.7029850789
814000    -10365.7816358736        90.9759265610      -772.9856130200    102002.7029850789
815000    -10365.7767319612        90.9775130265      -773.0213758104    102002.7029850788
816000    -10365.7943277811        90.9779604742      -773.0380820118    102002.7029850788
817000    -10365.8274237989        90.9769865917      -773.1762769219    102002.7029850788
818000    -10365.8568321154        90.9767564544      -773.3054370155    102002.7029850788
819000    -10365.8729735308        90.9768906849      -773.4400764898    102002.7029850788
820000    -10365.9325881013        90.9755592173      -773.5597260983    102002.7029850788
821000    -10365.9537057785        90.9750909248      -773.6192141621    102002.7029850788
822000    -10365.9868835923        90.9736003050      -773.8140507070    102002.7029850788
823000    -10366.0071615521        90.9733580606      -773.9848483430    102002.7029850788
824000    -10366.0388354095        90.9728694162      -774.2400241032    102002.7029850788
825000    -10366.0676582426        90.9714755824      -774.3996770388    102002.7029850788
826000    -10366.0900666252        90.9714218653      -774.5393726507    102002.7029850788
827000    -10366.0663468118        90.9728024697      -774.5981288394    102002.7029850788
828000    -10366.0616331157        90.9733155675      -774.4874418883    102002.7029850788
829000    -10366.0660195929        90.9740536660      -774.5311382778    102002.7029850788
830000    -10366.0907024260        90.9738589761      -774.5515496359    102002.7029850788
831000    -10366.1043838535        90.9736653784      -774.3551710618    102002.7029850788
832000    -10366.1212139838        90.9729999193      -774.4635183715    102002.7029850788
833000    -10366.1042522415        90.9742882144      -774.4792214175    102002.7029850788
834000    -10366.0963804692        90.9755739278      -774.5150804678    102002.7029850788
835000    -10366.1158886139        90.9751469700      -774.5411447749    102002.7029850788
836000    -10366.1280698193        90.9743133169      -774.6112595400    102002.7029850788
837000    -10366.1272000076        90.9737848089      -774.4412032048    102002.7029850788
838000    -10366.1413362103        90.9735656100      -774.4178734367    102002.7029850788
839000    -10366.1634441795        90.9727368335      -774.6705177559    102002.7029850788
840000    -10366.1335255069        90.9736576846      -774.9215943024    102002.7029850788
841000    -10366.0933431651        90.9747708795      -774.9475094521    102002.7029850788
842000    -10366.1234567809        90.9728551627      -775.1404826840    102002.7029850788
843000    -10366.1274687124        90.9728500429      -775.1312385337    102002.7029850788
844000    -10366.1142166383        90.9729199449      -775.1309349656    102002.7029850788
845000    -10366.1119034751        90.9724168736      -775.1568587868    102002.7029850788
846000    -10366.0969876973        90.9722442506      -775.1257158617    102002.7029850788
847000    -10366.1159429638        90.9713327872      -775.1673738833    102002.7029850788
848000    -10366.1323993945        90.9698561335      -775.1886236664    102002.7029850788
849000    -10366.1388241211        90.9684947111      -775.1447860552    102002.7029850788
850000    -10366.0694101470        90.9706680738      -775.1001356470    102002.7029850788
851000    -10366.0589611161        90.9709105792      -775.1285273990    102002.7029850788
852000    -10366.0640392526        90.9709809245      -775.1013249217    102002.7029850788
853000    -10366.0698640562        90.9708107417      -775.0173745728    102002.7029850788
854000    -10366.0489526444        90.9714515627      -774.9575884630    102002.7029850788
855000    -10366.0449258459        90.9712417715      -775.0467942250    102002.7029850788
856000    -10366.0199503393        90.9722141073      -775.0506782817    102002.7029850788
857000    -10366.0242039374        90.9718325096      -775.0155156215    102002.7029850788
858000    -10366.0152298059        90.9716085260      -775.0815918461    102002.7029850788
859000    -10366.0317067659        90.9704497066      -775.1406358331    102002.7029850788
860000    -10366.0060668149        90.9717661999      -775.2191524525    102002.7029850788
861000    -10365.9957991840        90.9718884735      -775.3334652766    102002.7029850788
862000    -10365.9950857872        90.9716579513      -775.2434980210    102002.7029850788
863000    -10365.9753108893        90.9732468268      -775.1486437490    102002.7029850788
864000    -10365.9836331771        90.9732214508      -774.9670458490    102002.7029850788
865000    -10365.9706630461        90.9729535393      -774.8619446483    102002.7029850788
866000    -10365.9415489552        90.9739817027      -774.6577990484    102002.7029850788
867000    -10365.9091410668        90.9760647548      -774.5326085294    102002.7029850788
868000    -10365.9045494428        90.9764783199      -774.4337029603    102002.7029850788
869000    -10365.8767333380        90.9779745515      -774.5797234307    102002.7029850788
870000    -10365.8544189951        90.9792734328      -774.4787859942    102002.7029850787
871000    -10365.8646851956        90.9792784236      -774.4909154851    102002.7029850787
872000    -10365.8479768735        90.9807200121      -774.5329740617    102002.7029850787
873000    -10365.8588608774        90.9812591381      -774.5036739954    102002.7029850787
874000    -10365.8875118371        90.9806265484      -774.6444852136    102002.7029850787
875000    -10365.8760823636        90.9818598040      -774.7671333276    102002.7029850787
876000    -10365.9046106945        90.9813417430      -774.7945835859    102002.7029850787
877000    -10365.9370202419        90.9802620749      -774.7992464979    102002.7029850787
878000    -10365.9230160653        90.9812129948      -774.6672395775    102002.7029850787
879000    -10365.9483289043        90.9805010769      -774.5997481860    102002.7029850787
880000    -10365.9893554295        90.9784718432      -774.4945582530    102002.7029850787
881000    -10366.0027897058        90.9779672401      -774.2877455896    102002.7029850787
882000    -10366.0516898139        90.9767426388      -774.3764952421    102002.7029850787
883000    -10366.0645782439        90.9765752524      -774.3312172619    102002.7029850787
884000    -10366.0761374209        90.9760362623      -774.2056413635    102002.7029850787
885000    -10366.0693906337        90.9763228513      -774.1288044100    102002.7029850787
886000    -10366.0698046652        90.9759776799      -773.9494807479    102002.7029850787
887000    -10366.0937365759        90.9744437679      -773.6809947105    102002.7029850787
888000    -10366.0999872054        90.9740677006      -773.6217596812    102002.7029850787
889000    -10366.1093524030        90.9736784253      -773.6634032351    102002.7029850787
890000    -10366.1228735444        90.9726960913      -773.6343678325    102002.7029850787
891000    -10366.1017870460        90.9732325011      -773.6704490759    102002.7029850787
892000    -10366.0857765224        90.9729146134      -773.7224091943    102002.7029850787
893000    -10366.0805277521        90.9734288393      -773.5535653299    102002.7029850787
894000    -10366.0488617706        90.9741899572      -773.4599087213    102002.7029850787
895000    -10366.0291143405        90.9748925205      -773.2722191202    102002.7029850787
896000    -10366.0071237644        90.9757824377      -773.1451852784    102002.7029850787
897000    -10366.0053821705        90.9762304102      -773.0849161974    102002.7029850787
898000    -10366.0163744217        90.9761948191      -773.2135374962    102002.7029850787
899000    -10366.0110066998        90.9764315296      -773.1730850488    102002.7029850787
900000    -10365.9821359071        90.9781847868      -773.0852652814    102002.7029850787
901000    -10365.9881363794        90.9780948603      -773.0637525056    102002.7029850787
902000    -10365.9751983211        90.9788627864      -773.0139906080    102002.7029850787
903000    -10365.9520644299        90.9795080134      -773.0336587376    102002.7029850787
904000    -10365.9433919417        90.9798527524      -773.1283909281    102002.7029850787
905000    -10365.9352520496        90.9801371270      -773.1018294584    102002.7029850787
906000    -10365.9200371401        90.9809257769      -773.1627053453    102002.7029850787
907000    -10365.9222926182        90.9810348919      -773.1332937367    102002.7029850787
908000    -10365.9257402813        90.9815429442      -773.0701236051    102002.7029850787
909000    -10365.9584662730        90.9805653101      -773.0614380633    102002.7029850787
910000    -10365.9535668880        90.9816022740      -773.0275517071    102002.7029850787
911000    -10365.9378113641        90.9819225989      -772.9366567633    102002.7029850787
912000    -10365.9513499446        90.9815314996      -773.0495297469    102002.7029850787
913000    -10365.9466260744        90.9826132797      -772.9918705208    102002.7029850787
914000    -10365.9545568723        90.9820719211      -772.7708264087    102002.7029850787
915000    -10365.9811409548        90.9807405327      -772.6385326313    102002.7029850787
916000    -10365.9916401040        90.9809579575      -772.7367634572    102002.7029850787
917000    -10365.9940212675        90.9813166361      -772.9346296750    102002.7029850787
918000    -10365.9862514594        90.9828198735      -772.9996013250    102002.7029850787
919000    -10365.9909101499        90.9828924231      -772.9602690278    102002.7029850787
920000    -10365.9939355750        90.9830586210      -772.8840053087    102002.7029850787
921000    -10365.9676853002        90.9840716930      -772.8223350188    102002.7029850787
922000    -10365.9507585128        90.9844912959      -772.7105169486    102002.7029850787
923000    -10365.9559113401        90.9841120817      -772.7193856279    102002.7029850787
924000    -10365.9313627440        90.9847988368      -772.6458040695    102002.7029850787
925000    -10365.9104590814        90.9858628514      -772.7048824302    102002.7029850787
926000    -10365.9118105105        90.9865497183      -772.8523362720    102002.7029850787
927000    -10365.9383990298        90.9855386947      -773.1120815570    102002.7029850786
928000    -10365.9391543044        90.9857314464      -773.0779703514    102002.7029850786
929000    -10365.9415071841        90.9848382563      -773.0913544643    102002.7029850786
930000    -10365.9502211583        90.9834638941      -773.0866402099    102002.7029850786
931000    -10365.9393480209        90.9836157023      -773.0905822575    102002.7029850786
932000    -10365.9177847602        90.9844837609      -772.9469190048    102002.7029850786
933000    -10365.8895605160        90.9852963621      -772.8569569820    102002.7029850786
934000    -10365.8568757776        90.9855073906      -772.7916989256    102002.7029850786
935000    -10365.8499398971        90.9853335180      -772.8795201482    102002.7029850786
936000    -10365.8501100305        90.9856015709      -772.8955215587    102002.7029850786
937000    -10365.8248067436        90.9869372120      -772.8671546594    102002.7029850786
938000    -10365.8186041117        90.9862986184      -772.8963195903    102002.7029850786
939000    -10365.8228454466        90.9862497691      -772.7777556474    102002.7029850786
940000    -10365.8088231784        90.9871395757      -772.7685741015    102002.7029850786
941000    -10365.7982668631        90.9875462862      -772.6763519004    102002.7029850786
942000    -10365.8078209905        90.9865800580      -772.8900732462    102002.7029850786
943000    -10365.7784133995        90.9881252133      -772.9603530486    102002.7029850786
944000    -10365.7883299635        90.9880157668      -773.0963157084    102002.7029850786
945000    -10365.7828663085        90.9882869060      -773.1243821527    102002.7029850786
946000    -10365.7606414845        90.9886788552      -773.1776086122    102002.7029850786
947000    -10365.7593929181        90.9887994947      -773.1889968816    102002.7029850786
948000    -10365.7585357506        90.9883650706      -773.2284871561    102002.7029850786
949000    -10365.7569207419        90.9883166173      -773.2502975765    102002.7029850786
950000    -10365.7398385664        90.9892474432      -773.3183415373    102002.7029850786
951000    -10365.7494999987        90.9892230386      -773.2192211593    102002.7029850786
952000    -10365.7335889060        90.9901548445      -773.2662661868    102002.7029850786
953000    -10365.7490669102        90.9903645172      -773.3040029654    102002.7029850786
954000    -10365.7837745809        90.9892350893      -773.4777084825    102002.7029850786
955000    -10365.7770677365        90.9898487544      -773.5587029720    102002.7029850786
956000    -10365.7759079659        90.9901035595      -773.6742178330    102002.7029850786
957000    -10365.7892938329        90.9894923336      -773.6684949280    102002.7029850786
958000    -10365.8003790892        90.9893975785      -773.5998336152    102002.7029850786
959000    -10365.8068703248        90.9894949115      -773.5377299563    102002.7029850786
960000    -10365.8046609807        90.9895182953      -773.4417327318    102002.7029850786
961000    -10365.8333808969        90.9880233727      -773.3697488614    102002.7029850786
962000    -10365.8286173282        90.9884535014      -773.3583936066    102002.7029850786
963000    -10365.8423096330        90.9881202241      -773.4253367476    102002.7029850786
964000    -10365.8594455757        90.9878283505      -773.4917082472    102002.7029850786
965000    -10365.8723996296        90.9878728362      -773.5232781305    102002.7029850786
966000    -10365.8620024910        90.9888858983      -773.3851402199    102002.7029850786
967000    -10365.8539836859        90.9889432753      -773.2560144107    102002.7029850786
968000    -10365.8446641244        90.9900902723      -773.0579908211    102002.7029850786
969000    -10365.8673830433        90.9897869363      -772.9450811910    102002.7029850786
970000    -10365.8797796672        90.9901613597      -772.9944816134    102002.7029850786
971000    -10365.8967250827        90.9896526829      -773.0064320107    102002.7029850786
972000    -10365.9348821003        90.9884316542      -773.1327496347    102002.7029850786
973000    -10365.9261501609        90.9891031674      -773.2493713664    102002.7029850786
974000    -10365.9397092687        90.9888178395      -773.2748751574    102002.7029850786
975000    -10365.9329562569        90.9892645270      -773.1886108136    102002.7029850786
976000    -10365.9291119588        90.9901174037      -773.2548542937    102002.7029850786
977000    -10365.9132639674        90.9904512482      -773.2529708938    102002.7029850786
978000    -10365.9231757537        90.9899100399      -773.3252083210    102002.7029850786
979000    -10365.9023864639        90.9905779763      -773.3828417438    102002.7029850786
980000    -10365.8960653410        90.9911649927      -773.5001171416    102002.7029850786
981000    -10365.9153665806        90.9902975594      -773.4377900784    102002.7029850786
982000    -10365.9169225982        90.9900286018      -773.3762251798    102002.7029850786
983000    -10365.9132425689        90.9903504013      -773.3696625099    102002.7029850786
984000    -10365.9173653409        90.9900673632      -773.3493773506    102002.7029850786
985000    -10365.9180820681        90.9902189019      -773.3616019467    102002.7029850786
986000    -10365.9122974377        90.9909786641      -773.5041985878    102002.7029850786
987000    -10365.9215261955        90.9909503283      -773.7322392529    102002.7029850786
988000    -10365.9200186366        90.9918184281      -773.8682406359    102002.7029850786
989000    -10365.9255708816        90.9917570330      -773.8091773035    102002.7029850786
990000    -10365.9279110699        90.9917319662      -773.8566801139    102002.7029850786
991000    -10365.9127348955        90.9924453611      -773.9028372868    102002.7029850786
992000    -10365.9324661839        90.9918945666      -773.9671375698    102002.7029850786
993000    -10365.9339873502        90.9919362523      -773.9112221798    102002.7029850786
994000    -10365.9230749978        90.9925167774      -773.8339210446    102002.7029850786
995000    -10365.8958300616        90.9938249707      -773.7335229002    102002.7029850786
996000    -10365.8972468967        90.9937055247      -773.6079781814    102002.7029850786
997000    -10365.9017268722        90.9937600787      -773.5396534785    102002.7029850786
998000    -10365.8999769819        90.9942402005      -773.4461221539    102002.7029850786
999000    -10365.8922395940        90.9946066803      -773.3021553699    102002.7029850786
1000000    -10365.8950240397        90.9946983309      -773.3646001233    102002.7029850786
