# Time-averaged data for fix runningavgs
# TimeStep v_ra_etotal v_ra_temp v_ra_press v_ra_volume
502000     -6876.9351865365        90.8571628824      -679.9687927670    102002.7029850792
503000     -6878.7203065943        90.5803318007      -680.8458815610    102002.7029850792
504000     -6880.5548562340        90.4037358580      -674.8140456629    102002.7029850792
505000     -6879.8262092197        90.4945161776      -679.6642616037    102002.7029850792
506000     -6879.1866961689        90.5327493711      -685.4501984996    102002.7029850792
507000     -6876.6471923871        90.7525093364      -684.9673718298    102002.7029850792
508000     -6876.2693337332        90.7998334410      -685.8779413237    102002.7029850792
509000     -6877.2416646938        90.7137023236      -684.0757244157    102002.7029850792
510000     -6876.9856329614        90.7107009020      -681.8129230717    102002.7029850792
511000     -6876.2629548564        90.7946035597      -678.6233539835    102002.7029850792
512000     -6875.8497982820        90.8254473294      -680.9724733509    102002.7029850792
513000     -6875.7935013027        90.8427888436      -680.1833590180    102002.7029850792
514000     -6875.7819862710        90.8470899375      -678.6711807983    102002.7029850792
515000     -6875.5959431594        90.8611104611      -679.5853478655    102002.7029850792
516000     -6875.4175624540        90.8874256863      -678.6144449911    102002.7029850792
517000     -6874.8807154964        90.9365566557      -677.2424429260    102002.7029850792
518000     -6874.5492102712        90.9726215950      -677.9978065063    102002.7029850792
519000     -6874.7204369592        90.9615978225      -678.1996325859    102002.7029850792
520000     -6874.8843969425        90.9508003031      -678.0513159709    102002.7029850792
521000     -6875.0963637669        90.9359518996      -678.1760034429    102002.7029850792
522000     -6875.1385858576        90.9342762252      -679.7702859616    102002.7029850792
523000     -6875.4522495015        90.9033625670      -680.1285733421    102002.7029850792
524000     -6875.6170374624        90.8858364666      -679.8943334511    102002.7029850792
525000     -6875.7913696871        90.8696539282      -680.5608774379    102002.7029850792
526000     -6876.0211990693        90.8525444091      -679.8122592055    102002.7029850792
527000     -6875.8208089666        90.8703813418      -680.8359835066    102002.7029850792
528000     -6875.4544560405        90.9076360502      -680.2365859201    102002.7029850792
529000     -6875.5836166089        90.9002244166      -680.1883845081    102002.7029850792
530000     -6875.8598796454        90.8740540758      -680.9806030587    102002.7029850792
531000     -6876.0818924387        90.8581293113      -680.6824121178    102002.7029850792
532000     -6876.1886673094        90.8509217421      -680.7363894110    102002.7029850792
533000     -6876.0786504327        90.8579475250      -680.8376381398    102002.7029850792
534000     -6876.0304208829        90.8643426040      -680.6771862672    102002.7029850792
535000     -6875.7025738490        90.8983829682      -680.4535811988    102002.7029850792
536000     -6875.6407786984        90.9003475086      -680.6319900670    102002.7029850792
537000     -6875.4826881284        90.9131667590      -680.2686482257    102002.7029850792
538000     -6875.5052494260        90.9100542834      -680.0448389123    102002.7029850792
539000     -6875.1708528817        90.9390286393      -680.2726711765    102002.7029850791
540000     -6875.2024502816        90.9360688713      -679.9627973985    102002.7029850791
541000     -6875.0509867060        90.9537083295      -679.9892199432    102002.7029850791
542000     -6874.8969549640        90.9670366824      -680.3054894038    102002.7029850791
543000     -6874.8243700408        90.9727786765      -680.6693464195    102002.7029850791
544000     -6874.8113391224        90.9760850660      -680.1202623111    102002.7029850791
545000     -6874.6827247337        90.9894593102      -680.6863434654    102002.7029850791
546000     -6874.7203631685        90.9855035732      -680.6353418332    102002.7029850791
547000     -6874.9481420269        90.9662947582      -680.0566106668    102002.7029850791
548000     -6874.9412624233        90.9641575510      -680.9836471247    102002.7029850791
549000     -6875.0592002234        90.9545362218      -680.7750974798    102002.7029850791
550000     -6875.1600850461        90.9428986239      -681.1080972940    102002.7029850791
551000     -6875.1112832115        90.9456207317      -682.0117154667    102002.7029850791
552000     -6875.1241392443        90.9452193947      -681.3084140902    102002.7029850791
553000     -6875.2772136454        90.9287801735      -681.1579608528    102002.7029850791
554000     -6875.3760495225        90.9193259221      -681.3129904894    102002.7029850791
555000     -6875.3998363796        90.9186875695      -680.8201969316    102002.7029850791
556000     -6875.2914286970        90.9295082864      -681.2104991898    102002.7029850791
557000     -6875.1554013030        90.9426923612      -681.6324936787    102002.7029850791
558000     -6875.2085330105        90.9389463725      -682.0475087271    102002.7029850791
559000     -6875.1108830034        90.9493874708      -682.0323902238    102002.7029850791
560000     -6875.0350542402        90.9575395874      -682.2900725971    102002.7029850791
561000     -6875.0117023978        90.9618518733      -682.5290104482    102002.7029850791
562000     -6874.8616793201        90.9780056838      -682.5881433736    102002.7029850791
563000     -6874.7861313873        90.9854230503      -683.1772361515    102002.7029850791
564000     -6874.6909890824        90.9952378815      -683.3061958460    102002.7029850791
565000     -6874.7957311822        90.9886457297      -682.6808181471    102002.7029850791
566000     -6874.7067086770        90.9957809022      -683.5571288602    102002.7029850791
567000     -6874.7171977537        90.9957844552      -683.9623015742    102002.7029850791
568000     -6874.8835715189        90.9818304980      -683.9185749758    102002.7029850791
569000     -6874.9278161670        90.9765396630      -684.0062999996    102002.7029850791
570000     -6874.9969749134        90.9707210825      -684.1280567893    102002.7029850791
571000     -6874.9854913566        90.9707685111      -684.2283669364    102002.7029850791
572000     -6874.9773962706        90.9695876974      -684.1840816367    102002.7029850791
573000     -6874.9610632533        90.9693450682      -684.4266791358    102002.7029850791
574000     -6875.0863509824        90.9578856708      -684.3838767886    102002.7029850791
575000     -6875.0419417388        90.9615268569      -684.3851242234    102002.7029850791
576000     -6875.1145426834        90.9540037599      -684.0347806710    102002.7029850791
577000     -6875.1573230115        90.9501805702      -683.7078632787    102002.7029850791
578000     -6875.2885495315        90.9380553781      -683.4036535068    102002.7029850791
579000     -6875.3039450485        90.9361756702      -683.2107417528    102002.7029850791
580000     -6875.2963333193        90.9388546132      -683.2937674970    102002.7029850791
581000     -6875.3191028840        90.9355528123      -683.2533691625    102002.7029850791
582000     -6875.3776308892        90.9290895236      -682.9719849175    102002.7029850791
583000     -6875.4442178402        90.9228419694      -683.0459948605    102002.7029850791
584000     -6875.5152090974        90.9159426096      -682.9201292104    102002.7029850791
585000     -6875.5981796787        90.9073045710      -682.2759885095    102002.7029850791
586000     -6875.5475097345        90.9113039567      -682.4405700537    102002.7029850791
587000     -6875.4964442748        90.9163086170      -682.5420106860    102002.7029850791
588000     -6875.4755373208        90.9190886573      -682.2740417148    102002.7029850791
589000     -6875.4165440607        90.9242126802      -682.1074377243    102002.7029850791
590000     -6875.4389472099        90.9212705246      -682.2806626152    102002.7029850791
591000     -6875.4543977371        90.9207935466      -682.2505858393    102002.7029850792
592000     -6875.4097609847        90.9256674998      -681.7607299091    102002.7029850792
593000     -6875.3092944406        90.9338199584      -681.7429982818    102002.7029850792
594000     -6875.2047034583        90.9429018149      -682.1714323935    102002.7029850792
595000     -6875.2233037273        90.9407145057      -681.6956760344    102002.7029850792
596000     -6875.3075198068        90.9311380581      -681.2066785415    102002.7029850792
597000     -6875.3220791081        90.9287018247      -681.5466296472    102002.7029850792
598000     -6875.3094109899        90.9297437637      -681.3875575941    102002.7029850792
599000     -6875.2873866698        90.9316089366      -681.2271462529    102002.7029850792
600000     -6875.1945428943        90.9384758254      -681.7612656947    102002.7029850792
601000     -6875.1931461440        90.9404624745      -681.7738679452    102002.7029850792
602000     -6875.1905937665        90.9391638925      -681.6285437583    102002.7029850792
603000     -6875.2091592200        90.9363675624      -681.6712471828    102002.7029850792
604000     -6875.2846069957        90.9300454703      -681.6609999875    102002.7029850793
605000     -6875.2783748980        90.9304531013      -681.5507346718    102002.7029850793
606000     -6875.2170493205        90.9358615748      -681.5362804569    102002.7029850793
607000     -6875.1443473065        90.9442339644      -681.7872365965    102002.7029850793
608000     -6875.1206576774        90.9467814238      -681.7698233479    102002.7029850793
609000     -6875.1132314913        90.9476330436      -681.7237374758    102002.7029850793
610000     -6875.0545095609        90.9538293839      -681.7671079428    102002.7029850793
611000     -6874.9886294851        90.9594879073      -681.8965758373    102002.7029850793
612000     -6874.9640456350        90.9616687315      -681.7131133501    102002.7029850793
613000     -6874.9292609517        90.9657911222      -681.6558530164    102002.7029850793
614000     -6874.9175944083        90.9673807683      -681.7818428959    102002.7029850793
615000     -6874.8868301221        90.9695290446      -681.6384892403    102002.7029850793
616000     -6874.8604951904        90.9722596558      -681.4069355341    102002.7029850793
617000     -6874.8435963364        90.9745738484      -681.6828102090    102002.7029850793
618000     -6874.8869692600        90.9712129329      -681.6138228610    102002.7029850793
619000     -6874.7946636754        90.9796602262      -681.3048390791    102002.7029850793
620000     -6874.7857317907        90.9801392667      -681.4754989192    102002.7029850793
621000     -6874.7388779389        90.9850730071      -681.4908446000    102002.7029850793
622000     -6874.7553038034        90.9833862423      -681.1740114004    102002.7029850794
623000     -6874.6865235878        90.9894008801      -681.0170619430    102002.7029850794
624000     -6874.6587232881        90.9923384494      -681.1651922956    102002.7029850794
625000     -6874.6199730741        90.9967745587      -681.0859077766    102002.7029850794
626000     -6874.5703054988        91.0010360031      -681.2716939280    102002.7029850794
627000     -6874.5334051360        91.0051125208      -681.5766626852    102002.7029850794
628000     -6874.5101610794        91.0071794591      -681.2660177895    102002.7029850794
629000     -6874.4713558721        91.0102783350      -681.1008292508    102002.7029850794
630000     -6874.4360903810        91.0132462466      -681.3293902265    102002.7029850794
631000     -6874.4190435723        91.0150184996      -681.3726705221    102002.7029850794
632000     -6874.4267770970        91.0137955780      -681.4898071759    102002.7029850794
633000     -6874.4819085401        91.0083175835      -681.5995255921    102002.7029850794
634000     -6874.5166532328        91.0051846592      -681.6234173811    102002.7029850794
635000     -6874.5448007352        91.0014343010      -681.8358443031    102002.7029850794
636000     -6874.5529391401        91.0015982966      -681.7151177841    102002.7029850794
637000     -6874.5084243187        91.0064782312      -681.7597650317    102002.7029850794
638000     -6874.4544070429        91.0103689690      -682.0343570922    102002.7029850794
639000     -6874.4428519461        91.0121159933      -682.0323592749    102002.7029850794
640000     -6874.3958780142        91.0167260923      -682.0630212390    102002.7029850794
641000     -6874.3478788585        91.0204450112      -682.2678454031    102002.7029850794
642000     -6874.3298575368        91.0213629251      -682.2157718439    102002.7029850794
643000     -6874.3715567481        91.0176368687      -682.3729106248    102002.7029850794
644000     -6874.4033190508        91.0148038382      -682.8205368401    102002.7029850794
645000     -6874.4604517196        91.0089497533      -682.9770400811    102002.7029850794
646000     -6874.4590560007        91.0100586609      -683.0117878428    102002.7029850795
647000     -6874.4750242120        91.0087419851      -683.2063122371    102002.7029850795
648000     -6874.5136393158        91.0049610993      -683.1561323030    102002.7029850795
649000     -6874.5124382140        91.0046153837      -683.0257290454    102002.7029850795
650000     -6874.5157559358        91.0041986349      -683.4050332760    102002.7029850795
651000     -6874.5107284437        91.0051295688      -683.6154757505    102002.7029850795
652000     -6874.4430000889        91.0118746632      -683.6204231409    102002.7029850795
653000     -6874.4361324609        91.0126220612      -683.6442906157    102002.7029850795
654000     -6874.5338099897        91.0037550394      -683.7753088646    102002.7029850795
655000     -6874.5846684934        90.9989896620      -683.7063733612    102002.7029850795
656000     -6874.5825575414        90.9992823790      -683.6311150241    102002.7029850795
657000     -6874.5229831094        91.0037906266      -683.9809820584    102002.7029850795
658000     -6874.5196767887        91.0053160654      -683.7732677873    102002.7029850795
659000     -6874.5135556567        91.0056132648      -683.6677973174    102002.7029850795
660000     -6874.4885107257        91.0074392798      -683.9581879885    102002.7029850795
661000     -6874.4615571621        91.0111172560      -683.9780609296    102002.7029850795
662000     -6874.4524962290        91.0119953458      -683.9633978797    102002.7029850795
663000     -6874.4688504321        91.0109021491      -684.1587553404    102002.7029850795
664000     -6874.4927308879        91.0087500507      -684.3162158434    102002.7029850795
665000     -6874.4936600448        91.0092275659      -684.3798535121    102002.7029850795
666000     -6874.4724247287        91.0117997876      -684.3757941516    102002.7029850795
667000     -6874.4550485205        91.0132698854      -684.5340019574    102002.7029850795
668000     -6874.4807917614        91.0105733282      -684.5689665791    102002.7029850795
669000     -6874.5321228371        91.0047078101      -684.5907390174    102002.7029850795
670000     -6874.5620524896        91.0021678505      -684.7174160137    102002.7029850795
671000     -6874.5391112207        91.0032651135      -684.7993377605    102002.7029850795
672000     -6874.4977065325        91.0065835541      -684.6596737652    102002.7029850795
673000     -6874.4766960832        91.0081991293      -684.8721214816    102002.7029850795
674000     -6874.4996756693        91.0062257887      -685.1619939650    102002.7029850794
675000     -6874.4997054076        91.0061134192      -685.0857652429    102002.7029850794
676000     -6874.4856214932        91.0073697866      -685.0931055217    102002.7029850794
677000     -6874.4703568880        91.0081956592      -685.2572126310    102002.7029850794
678000     -6874.5010272753        91.0051800524      -685.2890416613    102002.7029850794
679000     -6874.5050069186        91.0050739137      -685.1183870726    102002.7029850794
680000     -6874.4786259141        91.0071344423      -685.4342121210    102002.7029850794
681000     -6874.4859644969        91.0063960375      -685.6981359292    102002.7029850794
682000     -6874.4487572588        91.0094953630      -685.6669498126    102002.7029850794
683000     -6874.4474015202        91.0096669555      -685.8734804058    102002.7029850794
684000     -6874.4360056500        91.0102733275      -686.0686867622    102002.7029850794
685000     -6874.4679399847        91.0071928602      -685.9696228300    102002.7029850794
686000     -6874.4776676773        91.0055623992      -686.1476282174    102002.7029850794
687000     -6874.4635282559        91.0070937006      -686.3022541954    102002.7029850794
688000     -6874.4143190202        91.0117024172      -686.2905736203    102002.7029850793
689000     -6874.3968399341        91.0129466890      -686.3937112891    102002.7029850793
690000     -6874.3431548480        91.0175790560      -686.5651958417    102002.7029850793
691000     -6874.3136121782        91.0201684030      -686.4993613600    102002.7029850793
692000     -6874.3248474208        91.0196773310      -686.4075226779    102002.7029850793
693000     -6874.3651627166        91.0153247346      -686.4656382637    102002.7029850793
694000     -6874.4058308201        91.0120535417      -686.4288204881    102002.7029850793
695000     -6874.4135115906        91.0111103070      -686.3702266005    102002.7029850793
696000     -6874.3903951483        91.0137163704      -686.2499171678    102002.7029850793
697000     -6874.3971948489        91.0125803048      -686.3308297310    102002.7029850793
698000     -6874.3669519949        91.0151526719      -686.1039202502    102002.7029850793
699000     -6874.3365741329        91.0176307305      -686.0498019354    102002.7029850793
700000     -6874.3529999464        91.0160063981      -686.1657116313    102002.7029850793
701000     -6874.3697425922        91.0145328670      -686.0328014946    102002.7029850793
702000     -6874.3502161781        91.0163730481      -685.9347741556    102002.7029850793
703000     -6874.2901007740        91.0222156378      -685.9476368713    102002.7029850793
704000     -6874.2894143465        91.0220334411      -685.9212292561    102002.7029850792
705000     -6874.2930076521        91.0214586936      -685.9317671051    102002.7029850792
706000     -6874.2759010851        91.0232489972      -686.0697720842    102002.7029850792
707000     -6874.2692674162        91.0239473627      -686.1036541461    102002.7029850792
708000     -6874.3149209145        91.0195018180      -685.9688571244    102002.7029850792
709000     -6874.3286793185        91.0185808209      -685.8779954661    102002.7029850792
710000     -6874.3488775055        91.0165906739      -685.9699128795    102002.7029850792
711000     -6874.3713065868        91.0142461343      -685.8443465520    102002.7029850792
712000     -6874.3827411662        91.0127868101      -685.7453008615    102002.7029850792
713000     -6874.4065655828        91.0104826307      -685.8222290728    102002.7029850792
714000     -6874.4358398474        91.0069095216      -685.8394355828    102002.7029850792
715000     -6874.4430183936        91.0067204016      -685.7319600912    102002.7029850792
716000     -6874.4117031193        91.0099092432      -685.6363842107    102002.7029850792
717000     -6874.4250649226        91.0086172954      -685.5942830339    102002.7029850792
718000     -6874.4630992101        91.0049481932      -685.4728502924    102002.7029850792
719000     -6874.4825764340        91.0031418181      -685.4569669157    102002.7029850792
720000     -6874.4571854673        91.0057226308      -685.4653825180    102002.7029850792
721000     -6874.4253604615        91.0085686900      -685.3555560784    102002.7029850792
722000     -6874.4204656471        91.0082525696      -685.2365351525    102002.7029850792
723000     -6874.4551729547        91.0045666286      -685.3062278033    102002.7029850792
724000     -6874.4345422464        91.0065622039      -685.2225463620    102002.7029850791
725000     -6874.4251569008        91.0073765742      -685.2600539964    102002.7029850791
726000     -6874.3684527460        91.0120926145      -685.3774605885    102002.7029850791
727000     -6874.3948753254        91.0099976214      -685.4112306284    102002.7029850791
728000     -6874.3853344252        91.0105457241      -685.3111056968    102002.7029850791
729000     -6874.3437464909        91.0144909810      -685.2645702773    102002.7029850791
730000     -6874.3505343183        91.0141338531      -685.2258691193    102002.7029850791
731000     -6874.3717982163        91.0120933555      -685.1873423349    102002.7029850791
732000     -6874.3699469031        91.0122463356      -685.2110168381    102002.7029850791
733000     -6874.3296280272        91.0159612442      -685.1951415661    102002.7029850791
734000     -6874.3539206077        91.0141213729      -685.3234382666    102002.7029850791
735000     -6874.3131294257        91.0179926254      -685.1992864773    102002.7029850791
736000     -6874.3278489996        91.0168121642      -685.0082486336    102002.7029850791
737000     -6874.3600774705        91.0135056215      -685.0337229626    102002.7029850791
738000     -6874.3465606798        91.0149667208      -684.8799655202    102002.7029850791
739000     -6874.3346576413        91.0159473518      -684.8242222417    102002.7029850791
740000     -6874.3508204233        91.0142715160      -684.9387272768    102002.7029850791
741000     -6874.3745995709        91.0121623263      -684.9297938561    102002.7029850791
742000     -6874.3611301200        91.0133241862      -684.7637278972    102002.7029850791
743000     -6874.3716744229        91.0120901954      -684.7486897506    102002.7029850791
744000     -6874.4029685845        91.0095797816      -684.8488663516    102002.7029850791
745000     -6874.3893263844        91.0109704844      -684.7527942014    102002.7029850791
746000     -6874.3516161158        91.0147836517      -684.7677376366    102002.7029850791
747000     -6874.3394416895        91.0158308737      -684.8497319453    102002.7029850791
748000     -6874.3025384284        91.0198296785      -684.7440077800    102002.7029850790
749000     -6874.2946112941        91.0200219955      -684.7160700799    102002.7029850790
750000     -6874.2689580129        91.0227317499      -684.6781829497    102002.7029850790
751000     -6874.2509135107        91.0245042825      -684.6364979605    102002.7029850790
752000     -6874.2780720703        91.0217774605      -684.5779891192    102002.7029850790
753000     -6874.2918038620        91.0206341713      -684.5253190611    102002.7029850790
754000     -6874.3090956721        91.0191701880      -684.5826270525    102002.7029850790
755000     -6874.3429216049        91.0160740548      -684.5077852624    102002.7029850790
756000     -6874.3366022775        91.0163598304      -684.2838791096    102002.7029850790
757000     -6874.3074421472        91.0192174869      -684.3170247754    102002.7029850790
758000     -6874.3054038820        91.0189624561      -684.2972672036    102002.7029850790
759000     -6874.3240587840        91.0169032794      -684.2226170365    102002.7029850790
760000     -6874.3328490793        91.0162142300      -684.1629084351    102002.7029850790
761000     -6874.3673579161        91.0127657395      -684.1173459799    102002.7029850790
762000     -6874.3554634398        91.0135935074      -684.0152263931    102002.7029850790
763000     -6874.3399695560        91.0149455473      -683.8774299917    102002.7029850790
764000     -6874.3101973647        91.0176474359      -683.8342463006    102002.7029850790
765000     -6874.2941632902        91.0194329675      -683.7296803900    102002.7029850790
766000     -6874.2610295808        91.0223931975      -683.6425609579    102002.7029850790
767000     -6874.2427109722        91.0243559202      -683.5705733076    102002.7029850790
768000     -6874.2427613209        91.0241410256      -683.4628374119    102002.7029850790
769000     -6874.2676953418        91.0213940798      -683.3447994095    102002.7029850790
770000     -6874.2621506243        91.0215595478      -683.2282172756    102002.7029850790
771000     -6874.2975963410        91.0180590087      -683.1256971594    102002.7029850790
772000     -6874.3079176560        91.0172309372      -683.0454453029    102002.7029850790
773000     -6874.3427941579        91.0137755562      -682.8869138215    102002.7029850790
774000     -6874.3717945160        91.0111345553      -682.8414015372    102002.7029850790
775000     -6874.3984903262        91.0088185928      -682.7436617804    102002.7029850790
776000     -6874.4225524443        91.0062456803      -682.5809614210    102002.7029850790
777000     -6874.4080265622        91.0077383249      -682.5441077860    102002.7029850789
778000     -6874.3873158969        91.0101803017      -682.4765826217    102002.7029850789
779000     -6874.3739821155        91.0108798089      -682.3698074977    102002.7029850789
780000     -6874.3806311212        91.0100037484      -682.2672074360    102002.7029850789
781000     -6874.4206635638        91.0063650085      -682.1273110559    102002.7029850789
782000     -6874.4316137222        91.0048734102      -681.9388621662    102002.7029850789
783000     -6874.4317099811        91.0046790420      -681.7569915181    102002.7029850789
784000     -6874.4126622749        91.0066125675      -681.6496672647    102002.7029850789
785000     -6874.4075446101        91.0070789074      -681.4956482803    102002.7029850789
786000     -6874.3837660748        91.0092631056      -681.4597886453    102002.7029850789
787000     -6874.3624862070        91.0113429138      -681.3058766678    102002.7029850789
788000     -6874.3513887450        91.0119939921      -681.1919085891    102002.7029850789
789000     -6874.3498293612        91.0122466686      -681.0728879332    102002.7029850789
790000     -6874.3436755944        91.0128773288      -680.8988599592    102002.7029850789
791000     -6874.3134259383        91.0154512182      -680.7477074486    102002.7029850789
792000     -6874.2861071223        91.0179039569      -680.6989633867    102002.7029850789
793000     -6874.2651791242        91.0203141389      -680.5377317965    102002.7029850789
794000     -6874.2607167479        91.0206961883      -680.4702998637    102002.7029850789
795000     -6874.2239892813        91.0243505202      -680.3392416949    102002.7029850789
796000     -6874.2390237555        91.0228377261      -680.1752378399    102002.7029850789
797000     -6874.2641330763        91.0207460560      -680.0616364798    102002.7029850789
798000     -6874.2610004743        91.0208932806      -680.0538722699    102002.7029850789
799000     -6874.2530831809        91.0216775003      -679.9988937973    102002.7029850789
800000     -6874.2400563365        91.0233643414      -679.8962473298    102002.7029850789
801000     -6874.2221396815        91.0247568612      -679.9642141977    102002.7029850789
802000     -6874.2410821512        91.0233458341      -679.8149093992    102002.7029850789
803000     -6874.2410802739        91.0235457785      -679.7595710231    102002.7029850789
804000     -6874.2763498490        91.0205344807      -679.7677861271    102002.7029850789
805000     -6874.2839173736        91.0199578054      -679.6361243044    102002.7029850789
806000     -6874.3147067835        91.0173961815      -679.5180114362    102002.7029850789
807000     -6874.2994689633        91.0190055216      -679.4708545224    102002.7029850789
808000     -6874.2835164912        91.0205662802      -679.4278232596    102002.7029850789
809000     -6874.2758660387        91.0215599843      -679.3164882673    102002.7029850789
810000     -6874.2784041484        91.0213655777      -679.2271605464    102002.7029850789
811000     -6874.2709231670        91.0223347038      -679.1607263125    102002.7029850789
812000     -6874.2899258151        91.0208534511      -679.1002788566    102002.7029850789
813000     -6874.3221536787        91.0181046090      -679.0277436487    102002.7029850789
814000     -6874.3180907385        91.0184623007      -679.0462215558    102002.7029850789
815000     -6874.3495124806        91.0155330258      -679.0343698023    102002.7029850788
816000     -6874.3531512456        91.0151943623      -678.9119171749    102002.7029850788
817000     -6874.3368360314        91.0163927272      -678.8127239737    102002.7029850788
818000     -6874.3584428703        91.0142464609      -678.7508832127    102002.7029850788
819000     -6874.3918204621        91.0112413896      -678.6463099942    102002.7029850788
820000     -6874.3831287402        91.0115994653      -678.4563521967    102002.7029850788
821000     -6874.3855536333        91.0115624972      -678.3413822374    102002.7029850788
822000     -6874.3978858467        91.0104407408      -678.3020686199    102002.7029850788
823000     -6874.4154587465        91.0081468394      -678.0857998567    102002.7029850788
824000     -6874.4219745589        91.0070621747      -677.9281208611    102002.7029850788
825000     -6874.4404746392        91.0052706998      -677.8744365458    102002.7029850788
826000     -6874.4536456921        91.0042128870      -677.7441234771    102002.7029850788
827000     -6874.4809931913        91.0016817006      -677.6560726742    102002.7029850788
828000     -6874.4699420878        91.0023708069      -677.5652942846    102002.7029850788
829000     -6874.4653237322        91.0032151611      -677.4797680861    102002.7029850788
830000     -6874.4282902781        91.0063590701      -677.3155995418    102002.7029850788
831000     -6874.4226205195        91.0068207262      -677.2486320903    102002.7029850788
832000     -6874.3741750951        91.0106348977      -677.2401705129    102002.7029850788
833000     -6874.3976412857        91.0079860815      -677.1490820380    102002.7029850788
834000     -6874.3902262183        91.0081148424      -677.1570492441    102002.7029850788
835000     -6874.3836222015        91.0083727289      -677.1430333728    102002.7029850788
836000     -6874.3809578359        91.0086047197      -677.1409192375    102002.7029850788
837000     -6874.3650800553        91.0099301277      -677.0944393449    102002.7029850788
838000     -6874.3533854521        91.0112398540      -677.0901266768    102002.7029850788
839000     -6874.3627604864        91.0104603018      -677.0815981158    102002.7029850788
840000     -6874.3710520846        91.0098566250      -677.1022511608    102002.7029850788
841000     -6874.3535200349        91.0115066213      -677.0332871609    102002.7029850788
842000     -6874.3411785977        91.0129245762      -677.0808393092    102002.7029850788
843000     -6874.3281743532        91.0139473684      -677.0776184868    102002.7029850788
844000     -6874.3248084300        91.0139831491      -677.0104373286    102002.7029850788
845000     -6874.3384313813        91.0128680920      -677.0266497343    102002.7029850788
846000     -6874.3279265930        91.0133581845      -677.0418998204    102002.7029850788
847000     -6874.3540473943        91.0106482144      -676.9436045541    102002.7029850788
848000     -6874.3584608697        91.0100482092      -676.9163606623    102002.7029850788
849000     -6874.3821093321        91.0077735379      -676.8441244423    102002.7029850788
850000     -6874.3874150571        91.0068744093      -676.7285035268    102002.7029850788
851000     -6874.3890615297        91.0066745465      -676.6619373023    102002.7029850788
852000     -6874.3701572609        91.0084737869      -676.6735537010    102002.7029850788
853000     -6874.3665272146        91.0088199455      -676.6735808534    102002.7029850788
854000     -6874.3793091861        91.0074125687      -676.5860736070    102002.7029850788
855000     -6874.3993120629        91.0052850128      -676.6055393114    102002.7029850788
856000     -6874.3910402110        91.0058311377      -676.5824441128    102002.7029850788
857000     -6874.3780333132        91.0067891225      -676.4845665806    102002.7029850788
858000     -6874.3600457796        91.0084459424      -676.4671491067    102002.7029850788
859000     -6874.3420146981        91.0098909739      -676.4873543011    102002.7029850788
860000     -6874.3397532824        91.0103396180      -676.4169638264    102002.7029850788
861000     -6874.3559159590        91.0086931281      -676.3808487738    102002.7029850788
862000     -6874.3554060896        91.0089479474      -676.3859348161    102002.7029850788
863000     -6874.3318266691        91.0115068584      -676.3833342424    102002.7029850788
864000     -6874.3466473807        91.0100742558      -676.3615064947    102002.7029850788
865000     -6874.3593881419        91.0087465564      -676.3823847852    102002.7029850788
866000     -6874.3826782179        91.0067750192      -676.4125607717    102002.7029850788
867000     -6874.3821396358        91.0069350362      -676.3958361009    102002.7029850788
868000     -6874.3878336527        91.0063903192      -676.3894494764    102002.7029850788
869000     -6874.4218970856        91.0031952149      -676.3755632027    102002.7029850788
870000     -6874.4288569043        91.0023793075      -676.3428909171    102002.7029850787
871000     -6874.4465427192        91.0007186273      -676.3454512335    102002.7029850787
872000     -6874.4395603532        91.0015449689      -676.3778189349    102002.7029850787
873000     -6874.4415769892        91.0015873403      -676.3679931332    102002.7029850787
874000     -6874.4346919699        91.0016841636      -676.3546060823    102002.7029850787
875000     -6874.4316291153        91.0019500546      -676.3213132531    102002.7029850787
876000     -6874.4164018104        91.0034629583      -676.2426949067    102002.7029850787
877000     -6874.4045130077        91.0042306729      -676.2357716357    102002.7029850787
878000     -6874.3789479310        91.0067323475      -676.2657458192    102002.7029850787
879000     -6874.3740248819        91.0075652668      -676.2692427080    102002.7029850787
880000     -6874.3748921723        91.0073479989      -676.3297905361    102002.7029850787
881000     -6874.3697909789        91.0080120107      -676.3498981613    102002.7029850787
882000     -6874.3596293839        91.0092139155      -676.3640611331    102002.7029850787
883000     -6874.3498122350        91.0102238464      -676.3307973540    102002.7029850787
884000     -6874.3225929773        91.0124606370      -676.3035494771    102002.7029850787
885000     -6874.3101324589        91.0135867185      -676.3046063686    102002.7029850787
886000     -6874.3039323856        91.0140811277      -676.2912215211    102002.7029850787
887000     -6874.3090874064        91.0134062946      -676.2259063903    102002.7029850787
888000     -6874.3204076697        91.0121541918      -676.1923521185    102002.7029850787
889000     -6874.3237200583        91.0122751120      -676.2549785646    102002.7029850787
890000     -6874.3141746355        91.0129690859      -676.2029614172    102002.7029850787
891000     -6874.2893204522        91.0155498754      -676.2099269233    102002.7029850787
892000     -6874.2859392800        91.0156506493      -676.2491288342    102002.7029850787
893000     -6874.3159861205        91.0128644974      -676.1446907159    102002.7029850787
894000     -6874.3173682313        91.0128015945      -676.1411658323    102002.7029850787
895000     -6874.3122254836        91.0132591864      -676.1591102802    102002.7029850787
896000     -6874.3096697250        91.0135987929      -676.0910371957    102002.7029850787
897000     -6874.3220402281        91.0123198758      -676.0833963286    102002.7029850787
898000     -6874.3106479616        91.0131727625      -676.0679876990    102002.7029850787
899000     -6874.2911184742        91.0151670432      -676.0313269917    102002.7029850787
900000     -6874.2771108863        91.0164983212      -675.9642356290    102002.7029850787
901000     -6874.2700568487        91.0173352948      -675.9633590987    102002.7029850787
902000     -6874.2736157839        91.0170613700      -676.0081409117    102002.7029850787
903000     -6874.3012627723        91.0146568735      -675.9254325081    102002.7029850787
904000     -6874.3145574055        91.0132270027      -675.8719222577    102002.7029850787
905000     -6874.3342021060        91.0113772456      -675.8579328589    102002.7029850787
906000     -6874.3332826181        91.0112897544      -675.8157253331    102002.7029850787
907000     -6874.3299028821        91.0115826344      -675.7931071054    102002.7029850787
908000     -6874.3349793865        91.0110933551      -675.7501779287    102002.7029850787
909000     -6874.3374073654        91.0108520593      -675.7308821986    102002.7029850787
910000     -6874.3500907203        91.0095601037      -675.7117154197    102002.7029850787
911000     -6874.3451884636        91.0102165527      -675.6094647903    102002.7029850787
912000     -6874.3441976831        91.0102199649      -675.5724589574    102002.7029850787
913000     -6874.3538334983        91.0094093567      -675.5399857947    102002.7029850787
914000     -6874.3581677996        91.0090942711      -675.5274212023    102002.7029850787
915000     -6874.3370398780        91.0113470715      -675.4801460582    102002.7029850787
916000     -6874.3370901275        91.0114375408      -675.4352095607    102002.7029850787
917000     -6874.3210401017        91.0130280873      -675.3454570979    102002.7029850787
918000     -6874.3178004705        91.0136893920      -675.3360557944    102002.7029850787
919000     -6874.3054883847        91.0151373724      -675.3634408800    102002.7029850787
920000     -6874.2968758656        91.0156178725      -675.3561454404    102002.7029850787
921000     -6874.2909247611        91.0161853483      -675.3510769665    102002.7029850787
922000     -6874.3015460794        91.0152264602      -675.3220914767    102002.7029850787
923000     -6874.3248081058        91.0128417246      -675.2298606055    102002.7029850787
924000     -6874.3302133784        91.0124738739      -675.2235795798    102002.7029850787
925000     -6874.3320187821        91.0120346841      -675.2814028967    102002.7029850787
926000     -6874.3388313539        91.0114595954      -675.2590970588    102002.7029850787
927000     -6874.3479492459        91.0107118167      -675.2497077048    102002.7029850786
928000     -6874.3587569550        91.0096584168      -675.2468563326    102002.7029850786
929000     -6874.3713416558        91.0085417479      -675.2645902011    102002.7029850786
930000     -6874.3888171169        91.0067986121      -675.2957227225    102002.7029850786
931000     -6874.3860338227        91.0072337588      -675.3028105551    102002.7029850786
932000     -6874.4012899742        91.0054942425      -675.3418560813    102002.7029850786
933000     -6874.4076159112        91.0048747000      -675.2951729147    102002.7029850786
934000     -6874.4181190835        91.0036495546      -675.2744135256    102002.7029850786
935000     -6874.4358446532        91.0017543268      -675.3155502920    102002.7029850786
936000     -6874.4446646303        91.0008434090      -675.3225452884    102002.7029850786
937000     -6874.4644119373        90.9990529017      -675.3664262334    102002.7029850786
938000     -6874.4682229896        90.9987733542      -675.4798364742    102002.7029850786
939000     -6874.4871889120        90.9971970031      -675.4787378065    102002.7029850786
940000     -6874.5012975175        90.9960761393      -675.4763083794    102002.7029850786
941000     -6874.5081865514        90.9956627001      -675.5215503565    102002.7029850786
942000     -6874.4984410695        90.9966637036      -675.5829155112    102002.7029850786
943000     -6874.4979482829        90.9968658730      -675.6173430633    102002.7029850786
944000     -6874.4969496672        90.9971304829      -675.6925472338    102002.7029850786
945000     -6874.5052467865        90.9965601813      -675.7003072000    102002.7029850786
946000     -6874.5004647705        90.9971145945      -675.6732538019    102002.7029850786
947000     -6874.5016638565        90.9967581074      -675.6953750204    102002.7029850786
948000     -6874.5216326856        90.9949195407      -675.7745936443    102002.7029850786
949000     -6874.5264816485        90.9947198831      -675.8291881302    102002.7029850786
950000     -6874.5307624933        90.9940878750      -675.8274586663    102002.7029850786
951000     -6874.5250521327        90.9943332207      -675.8508017374    102002.7029850786
952000     -6874.5386973190        90.9931240119      -675.8483279865    102002.7029850786
953000     -6874.5411825601        90.9926055567      -675.8258918571    102002.7029850786
954000     -6874.5367202554        90.9930133722      -675.8488822443    102002.7029850786
955000     -6874.5300722581        90.9936227040      -675.9259158527    102002.7029850786
956000     -6874.5319796767        90.9933539036      -675.9454983056    102002.7029850786
957000     -6874.5106576739        90.9954823022      -675.9429185035    102002.7029850786
958000     -6874.5070905631        90.9959692442      -675.9480729511    102002.7029850786
959000     -6874.4944392756        90.9968426061      -675.9306178686    102002.7029850786
960000     -6874.5114040769        90.9954006980      -675.8821256202    102002.7029850786
961000     -6874.5142261397        90.9950716436      -675.9315252422    102002.7029850786
962000     -6874.5336280322        90.9931009593      -675.9642823068    102002.7029850786
963000     -6874.5243816236        90.9943345616      -675.9302971784    102002.7029850786
964000     -6874.5243654872        90.9942772385      -675.9729575578    102002.7029850786
965000     -6874.5212506843        90.9946268249      -675.9713144034    102002.7029850786
966000     -6874.5223131705        90.9948144868      -675.9635100553    102002.7029850786
967000     -6874.5037515593        90.9967626473      -676.0298385248    102002.7029850786
968000     -6874.4945226323        90.9978144060      -676.0836420691    102002.7029850786
969000     -6874.4987609554        90.9976442955      -676.0975771882    102002.7029850786
970000     -6874.4891896141        90.9984469261      -676.1061973722    102002.7029850786
971000     -6874.4858696875        90.9986031294      -676.1191946617    102002.7029850786
972000     -6874.4630691358        91.0003556023      -676.1827516423    102002.7029850786
973000     -6874.4648121372        91.0001942224      -676.2143908855    102002.7029850786
974000     -6874.4399254672        91.0024362251      -676.2837832409    102002.7029850786
975000     -6874.4276164754        91.0037946097      -676.3239737611    102002.7029850786
976000     -6874.4160121576        91.0045876582      -676.2694741534    102002.7029850786
977000     -6874.4125429946        91.0049448053      -676.2204806937    102002.7029850786
978000     -6874.4202563163        91.0042004307      -676.2274527608    102002.7029850786
979000     -6874.4263725619        91.0037660361      -676.1974736319    102002.7029850786
980000     -6874.4477322541        91.0017650237      -676.2238591164    102002.7029850786
981000     -6874.4543072126        91.0013512205      -676.2283872689    102002.7029850786
982000     -6874.4553147611        91.0013227535      -676.1584582823    102002.7029850786
983000     -6874.4571527990        91.0011520661      -676.1047859781    102002.7029850786
984000     -6874.4571218650        91.0013814730      -676.0789053681    102002.7029850786
985000     -6874.4505105544        91.0022954263      -676.0737084635    102002.7029850786
986000     -6874.4649733080        91.0009259724      -676.0866547974    102002.7029850786
987000     -6874.4618010224        91.0014531286      -676.0880275628    102002.7029850786
988000     -6874.4612462316        91.0017151825      -676.0633844018    102002.7029850786
989000     -6874.4569091980        91.0021619132      -676.0570891007    102002.7029850786
990000     -6874.4585670011        91.0019221787      -675.9733274574    102002.7029850786
991000     -6874.4558867979        91.0022224237      -675.9431314256    102002.7029850786
992000     -6874.4680756574        91.0010007996      -675.9989245284    102002.7029850786
993000     -6874.4744550817        91.0007113149      -675.9251279985    102002.7029850786
994000     -6874.4713167181        91.0011512469      -675.9126385601    102002.7029850786
995000     -6874.4712178198        91.0010902642      -675.9235433420    102002.7029850786
996000     -6874.4720192230        91.0010597481      -675.8283244205    102002.7029850786
997000     -6874.4752487685        91.0008780316      -675.7749358866    102002.7029850786
998000     -6874.4537326550        91.0029836456      -675.8294846609    102002.7029850786
999000     -6874.4586322653        91.0024690497      -675.7828547021    102002.7029850786
1000000     -6874.4762753506        91.0010288581      -675.7146348859    102002.7029850786
