# Time-averaged data for fix runningavgs
# TimeStep v_ra_etotal v_ra_temp v_ra_press v_ra_volume
502000     -6445.0907183466       130.4331113425      -727.7959362328    102002.7029850792
503000     -6450.3035183152       129.9836040890      -702.1769284667    102002.7029850792
504000     -6451.6750418050       129.8458968866      -700.7483492708    102002.7029850792
505000     -6452.4161706978       129.7977887418      -697.1109214577    102002.7029850792
506000     -6453.9150694817       129.6705214412      -693.9876618742    102002.7029850792
507000     -6454.2198998326       129.6246425424      -692.8986444804    102002.7029850792
508000     -6454.1854526827       129.6394128066      -692.6656461311    102002.7029850792
509000     -6455.5253982426       129.5082331855      -693.7776746416    102002.7029850792
510000     -6455.2006847874       129.5379639928      -692.7400441639    102002.7029850792
511000     -6454.7510236243       129.5707857136      -692.2213556581    102002.7029850792
512000     -6455.0371046714       129.5401370760      -692.6576446642    102002.7029850792
513000     -6455.2292791945       129.5385366721      -689.9713014149    102002.7029850792
514000     -6454.2447535242       129.6194401145      -692.6866383373    102002.7029850792
515000     -6453.5810172417       129.6943765673      -694.4151342956    102002.7029850792
516000     -6453.8605223052       129.6699553228      -692.8173605225    102002.7029850792
517000     -6453.8742848345       129.6666019042      -692.8446502459    102002.7029850792
518000     -6453.5331380647       129.7012415727      -692.4054145702    102002.7029850792
519000     -6453.5776471603       129.6982900496      -693.9385000202    102002.7029850792
520000     -6453.7707464786       129.6719795755      -695.5286080446    102002.7029850792
521000     -6453.1533125782       129.7371268990      -695.4977112033    102002.7029850792
522000     -6452.3272325072       129.8102073679      -697.0209026561    102002.7029850792
523000     -6452.2847008655       129.8184303945      -696.1208511517    102002.7029850792
524000     -6452.6502770003       129.7804157952      -695.9766590773    102002.7029850792
525000     -6452.5733207196       129.7855291569      -698.2447048227    102002.7029850792
526000     -6452.3826936239       129.8054613017      -698.7477166436    102002.7029850792
527000     -6452.2676650077       129.8146518184      -699.2793004048    102002.7029850792
528000     -6452.4180539408       129.8016416437      -699.9774453021    102002.7029850792
529000     -6452.2471931371       129.8183994257      -699.9711426579    102002.7029850792
530000     -6451.8043690600       129.8579342224      -700.2034008029    102002.7029850792
531000     -6451.4205705257       129.8936476669      -700.5305802656    102002.7029850792
532000     -6451.0740128020       129.9241630232      -702.2946021402    102002.7029850792
533000     -6450.7267894962       129.9613187530      -702.1324305667    102002.7029850792
534000     -6450.7803137327       129.9534186832      -701.6613908007    102002.7029850792
535000     -6451.0889916923       129.9202978204      -702.7699211397    102002.7029850792
536000     -6451.2663811050       129.9068119256      -702.7323907952    102002.7029850792
537000     -6451.3210678679       129.9019098034      -702.9904545009    102002.7029850792
538000     -6451.2216943708       129.9075747476      -703.3695482226    102002.7029850792
539000     -6451.3938633647       129.8891623954      -704.3524334926    102002.7029850791
540000     -6451.5757753223       129.8715990773      -704.4655634719    102002.7029850791
541000     -6451.7713173117       129.8542767627      -704.2428451042    102002.7029850791
542000     -6451.7759385449       129.8497918065      -704.3579218649    102002.7029850791
543000     -6452.0851008766       129.8212696031      -703.7471887193    102002.7029850791
544000     -6452.0322636099       129.8289302973      -704.0940280720    102002.7029850791
545000     -6451.8786908707       129.8429562229      -705.1153927142    102002.7029850791
546000     -6451.8664924909       129.8451669679      -704.9644138007    102002.7029850791
547000     -6451.7890291040       129.8497697219      -705.5703207392    102002.7029850791
548000     -6451.8165898183       129.8493526439      -705.4242985087    102002.7029850791
549000     -6451.9503479577       129.8355303653      -705.8339264614    102002.7029850791
550000     -6451.9912178951       129.8301028073      -707.0715800481    102002.7029850791
551000     -6452.0778911973       129.8248521454      -707.5512036980    102002.7029850791
552000     -6452.3713947565       129.7971408738      -707.9095852689    102002.7029850791
553000     -6452.3080168287       129.8012036175      -708.5997464542    102002.7029850791
554000     -6452.6202541309       129.7719103865      -708.8745639999    102002.7029850791
555000     -6452.7331788829       129.7633098231      -709.1160757211    102002.7029850791
556000     -6452.7886521691       129.7570013161      -710.4408500992    102002.7029850791
557000     -6452.8917685980       129.7477335960      -710.9864197358    102002.7029850791
558000     -6452.9154733781       129.7455479404      -711.4872893654    102002.7029850791
559000     -6453.0401500653       129.7356152638      -711.6374673688    102002.7029850791
560000     -6452.8883483634       129.7481925292      -712.3639031626    102002.7029850791
561000     -6452.9194762711       129.7455992173      -712.6245835879    102002.7029850791
562000     -6452.9048558408       129.7490422218      -712.9493102097    102002.7029850791
563000     -6452.9366870730       129.7435851498      -713.6315600246    102002.7029850791
564000     -6453.0986525890       129.7282894010      -713.5169147219    102002.7029850791
565000     -6453.1321787673       129.7259891907      -713.3448314413    102002.7029850791
566000     -6453.0393329937       129.7342745587      -713.7063972310    102002.7029850791
567000     -6452.9565205690       129.7423168081      -714.4440356510    102002.7029850791
568000     -6452.9646240066       129.7410740838      -715.1963143031    102002.7029850791
569000     -6453.0689492780       129.7328594838      -715.6162086949    102002.7029850791
570000     -6453.1418347518       129.7255038960      -716.2081292441    102002.7029850791
571000     -6453.2181049367       129.7180164171      -716.5292568448    102002.7029850791
572000     -6453.1815138352       129.7232767917      -716.6047239085    102002.7029850791
573000     -6452.9766227928       129.7411170050      -717.5463314237    102002.7029850791
574000     -6452.9286808217       129.7487251952      -717.6472879732    102002.7029850791
575000     -6452.7697257954       129.7651587180      -717.7706231803    102002.7029850791
576000     -6452.6097356131       129.7786691243      -718.1371567392    102002.7029850791
577000     -6452.5138789443       129.7883799514      -717.5770995396    102002.7029850791
578000     -6452.5291086273       129.7864088677      -717.5392680064    102002.7029850791
579000     -6452.6905512767       129.7715640059      -718.0133743468    102002.7029850791
580000     -6452.7068155546       129.7731524509      -717.8587377458    102002.7029850791
581000     -6452.5452555777       129.7861426825      -718.0232846479    102002.7029850791
582000     -6452.5581216172       129.7858533625      -718.0225891506    102002.7029850791
583000     -6452.4903343828       129.7916962906      -717.9286472661    102002.7029850791
584000     -6452.4360776138       129.7973035471      -717.7488198004    102002.7029850791
585000     -6452.4179325907       129.8006471970      -717.6092137021    102002.7029850791
586000     -6452.4589835724       129.7972819954      -717.7885021032    102002.7029850791
587000     -6452.3082428642       129.8118513278      -717.5981652093    102002.7029850791
588000     -6452.3284142534       129.8083395358      -717.3207824366    102002.7029850791
589000     -6452.3538975044       129.8058165023      -717.2112333887    102002.7029850791
590000     -6452.3195120846       129.8087880905      -717.0892958829    102002.7029850791
591000     -6452.2861008648       129.8109013603      -717.1693457833    102002.7029850792
592000     -6452.3623195341       129.8042718103      -716.9930595730    102002.7029850792
593000     -6452.4667407621       129.7960935421      -716.8694657631    102002.7029850792
594000     -6452.4166808534       129.7991800077      -716.5685626255    102002.7029850792
595000     -6452.5265210478       129.7881314758      -716.1556856923    102002.7029850792
596000     -6452.4782168698       129.7918914009      -716.2041333380    102002.7029850792
597000     -6452.4522673575       129.7946230716      -716.1660938680    102002.7029850792
598000     -6452.4363384669       129.7972620596      -715.9935881945    102002.7029850792
599000     -6452.2446745652       129.8137693245      -716.1184788337    102002.7029850792
600000     -6452.1681161970       129.8211542703      -715.9811603636    102002.7029850792
601000     -6452.1118632729       129.8269633482      -715.7376189550    102002.7029850792
602000     -6452.1077297281       129.8258844467      -715.7276535445    102002.7029850792
603000     -6452.2429872938       129.8112391167      -715.7519376060    102002.7029850792
604000     -6452.1957654404       129.8161014788      -715.7724887311    102002.7029850793
605000     -6452.1523605125       129.8215998656      -715.6898499082    102002.7029850793
606000     -6452.1851048763       129.8182595809      -715.8011840845    102002.7029850793
607000     -6452.2882930074       129.8084503402      -715.7116652838    102002.7029850793
608000     -6452.2648975970       129.8114341953      -715.6971053142    102002.7029850793
609000     -6452.1883738096       129.8186729155      -716.0943835731    102002.7029850793
610000     -6452.1591072166       129.8217950828      -716.3480569734    102002.7029850793
611000     -6452.2000673800       129.8186181924      -716.7014497473    102002.7029850793
612000     -6452.2924791431       129.8097434499      -717.1701256161    102002.7029850793
613000     -6452.3730008858       129.8031578254      -717.0476687840    102002.7029850793
614000     -6452.3379595944       129.8070069014      -717.3347418808    102002.7029850793
615000     -6452.2337375835       129.8167135241      -717.6529892288    102002.7029850793
616000     -6452.1236507817       129.8280299945      -717.5232126912    102002.7029850793
617000     -6452.0727009099       129.8326915834      -717.6425504808    102002.7029850793
618000     -6452.0644254465       129.8335591623      -717.6871342536    102002.7029850793
619000     -6452.0855434544       129.8311552370      -717.6963927269    102002.7029850793
620000     -6451.9858398687       129.8406665967      -717.7099449769    102002.7029850793
621000     -6451.8886195794       129.8496839255      -717.9189545184    102002.7029850793
622000     -6451.9018043504       129.8484122347      -718.0898025614    102002.7029850794
623000     -6451.9792474170       129.8419612877      -717.9511212082    102002.7029850794
624000     -6452.0148595637       129.8387902114      -718.0779321421    102002.7029850794
625000     -6452.0093473906       129.8387227706      -718.0941934317    102002.7029850794
626000     -6451.9904900398       129.8415887470      -718.0710069496    102002.7029850794
627000     -6451.9301870846       129.8474702997      -718.3685347773    102002.7029850794
628000     -6451.8755303256       129.8523624469      -718.3302158699    102002.7029850794
629000     -6451.8186737422       129.8573787396      -718.3626412644    102002.7029850794
630000     -6451.7744784691       129.8596426340      -718.5983444961    102002.7029850794
631000     -6451.7390734709       129.8631405492      -718.4195367590    102002.7029850794
632000     -6451.6958454204       129.8676079664      -718.4324734927    102002.7029850794
633000     -6451.6668880883       129.8699454382      -718.5318826657    102002.7029850794
634000     -6451.7012084051       129.8670236353      -718.3903757136    102002.7029850794
635000     -6451.7361821851       129.8633912161      -718.3924218110    102002.7029850794
636000     -6451.7982068485       129.8579904226      -718.2355776480    102002.7029850794
637000     -6451.8477553289       129.8535197457      -718.1311319309    102002.7029850794
638000     -6451.9265032851       129.8451062684      -718.0942086199    102002.7029850794
639000     -6451.9795425459       129.8406528460      -718.0648020895    102002.7029850794
640000     -6452.0430165369       129.8343899591      -718.0383143754    102002.7029850794
641000     -6452.0113818814       129.8380484137      -717.9518980429    102002.7029850794
642000     -6451.9830468393       129.8405765514      -718.0257241485    102002.7029850794
643000     -6451.9830404646       129.8407966408      -718.0516869642    102002.7029850794
644000     -6451.8944879893       129.8496946530      -718.0009793308    102002.7029850794
645000     -6451.8685328698       129.8516015498      -718.1654183444    102002.7029850794
646000     -6451.8343722812       129.8547352558      -718.0746124491    102002.7029850795
647000     -6451.7877992421       129.8599412146      -717.8505937508    102002.7029850795
648000     -6451.7304393186       129.8653634994      -717.9454393227    102002.7029850795
649000     -6451.7296393709       129.8659951779      -717.9709869468    102002.7029850795
650000     -6451.7140350837       129.8673567964      -718.1091302420    102002.7029850795
651000     -6451.6576595709       129.8734845619      -718.2525724553    102002.7029850795
652000     -6451.6049557404       129.8784243503      -718.1961900682    102002.7029850795
653000     -6451.6254497855       129.8758673430      -718.2759616693    102002.7029850795
654000     -6451.6512183387       129.8727353921      -718.3792633027    102002.7029850795
655000     -6451.6358797137       129.8743918068      -718.3762554677    102002.7029850795
656000     -6451.6823610882       129.8698068799      -718.4020400368    102002.7029850795
657000     -6451.7569791181       129.8621783225      -718.4428162060    102002.7029850795
658000     -6451.7781059402       129.8602278516      -718.5396662013    102002.7029850795
659000     -6451.7810532558       129.8603170281      -718.6552977925    102002.7029850795
660000     -6451.7665888776       129.8621668582      -718.8907516016    102002.7029850795
661000     -6451.7387013492       129.8648813019      -718.9311389112    102002.7029850795
662000     -6451.6413788362       129.8740578679      -718.8065507883    102002.7029850795
663000     -6451.5771226999       129.8796883350      -718.9002388344    102002.7029850795
664000     -6451.6519088334       129.8718305839      -718.8986614311    102002.7029850795
665000     -6451.6423778151       129.8727048017      -718.8336762208    102002.7029850795
666000     -6451.7166850913       129.8645988070      -718.8521419941    102002.7029850795
667000     -6451.7030655355       129.8658747351      -718.8048343907    102002.7029850795
668000     -6451.6410727579       129.8713608757      -718.7525674846    102002.7029850795
669000     -6451.6723033449       129.8683240759      -718.6994482076    102002.7029850795
670000     -6451.6813357819       129.8667692047      -718.6940589471    102002.7029850795
671000     -6451.6914917904       129.8656167728      -718.5273907068    102002.7029850795
672000     -6451.7552505918       129.8594183979      -718.4324520489    102002.7029850795
673000     -6451.7981300345       129.8546028047      -718.4614448264    102002.7029850795
674000     -6451.8401699347       129.8511500650      -718.3274556949    102002.7029850794
675000     -6451.8271512105       129.8518183744      -718.2095880645    102002.7029850794
676000     -6451.7575230830       129.8573817185      -718.1692226061    102002.7029850794
677000     -6451.8356912060       129.8506469370      -718.0793610531    102002.7029850794
678000     -6451.7805703026       129.8561664239      -717.9605423485    102002.7029850794
679000     -6451.7297895065       129.8608132734      -717.9895103616    102002.7029850794
680000     -6451.7259410461       129.8615230217      -717.9289571289    102002.7029850794
681000     -6451.6355145587       129.8699570147      -717.9324682152    102002.7029850794
682000     -6451.6034765139       129.8734732835      -717.7791911216    102002.7029850794
683000     -6451.5843090232       129.8762507064      -717.8776236701    102002.7029850794
684000     -6451.5505528772       129.8796770129      -717.9716114693    102002.7029850794
685000     -6451.4852401507       129.8858569015      -718.0779739903    102002.7029850794
686000     -6451.5266955550       129.8820013239      -718.2498356721    102002.7029850794
687000     -6451.5445520533       129.8805742950      -718.3780083511    102002.7029850794
688000     -6451.5612502296       129.8789502353      -718.5103996811    102002.7029850793
689000     -6451.6282062773       129.8732065982      -718.5232620213    102002.7029850793
690000     -6451.6803347563       129.8683063055      -718.5406174971    102002.7029850793
691000     -6451.6659376169       129.8692380645      -718.7183526080    102002.7029850793
692000     -6451.6591956177       129.8705037538      -718.7262287305    102002.7029850793
693000     -6451.6556736511       129.8709057830      -718.8007901510    102002.7029850793
694000     -6451.6798316887       129.8692126544      -718.9540427133    102002.7029850793
695000     -6451.7345737532       129.8645704687      -718.8926198185    102002.7029850793
696000     -6451.7768707776       129.8603121666      -718.9502011216    102002.7029850793
697000     -6451.8111440937       129.8570767197      -719.1009408257    102002.7029850793
698000     -6451.8140534510       129.8572859646      -719.0843370928    102002.7029850793
699000     -6451.8071920595       129.8583500922      -719.1655352617    102002.7029850793
700000     -6451.7411328134       129.8647602837      -719.3283752082    102002.7029850793
701000     -6451.6785652626       129.8712719332      -719.3236414841    102002.7029850793
702000     -6451.6775530940       129.8716141652      -719.3512444849    102002.7029850793
703000     -6451.6991995870       129.8699187150      -719.6660116416    102002.7029850793
704000     -6451.7126629057       129.8689751571      -719.8063721793    102002.7029850792
705000     -6451.7123138328       129.8692001460      -719.9123458143    102002.7029850792
706000     -6451.6871116396       129.8713271110      -720.1507424936    102002.7029850792
707000     -6451.6583631403       129.8742250113      -720.2894385203    102002.7029850792
708000     -6451.5955831949       129.8810669145      -720.4582068857    102002.7029850792
709000     -6451.5898420850       129.8812954098      -720.6543041261    102002.7029850792
710000     -6451.5486661766       129.8853666167      -720.8098301978    102002.7029850792
711000     -6451.5250528366       129.8876134732      -720.9422924133    102002.7029850792
712000     -6451.5573459259       129.8847602309      -721.0869327523    102002.7029850792
713000     -6451.5692032923       129.8838843624      -721.1819490895    102002.7029850792
714000     -6451.5794843692       129.8834045449      -721.3819196279    102002.7029850792
715000     -6451.5616333044       129.8850037040      -721.6102207002    102002.7029850792
716000     -6451.5779924977       129.8841723770      -721.6802247435    102002.7029850792
717000     -6451.5676587009       129.8846398419      -721.9048356531    102002.7029850792
718000     -6451.5572383786       129.8855174699      -721.9661200778    102002.7029850792
719000     -6451.5145055116       129.8903348740      -721.9758562666    102002.7029850792
720000     -6451.5725519178       129.8847282289      -722.1139185909    102002.7029850792
721000     -6451.5567118256       129.8861403631      -722.2825826808    102002.7029850792
722000     -6451.6291496437       129.8790228350      -722.5099244012    102002.7029850792
723000     -6451.6120821905       129.8810311139      -722.6412297305    102002.7029850792
724000     -6451.5785957982       129.8845654910      -722.8244498605    102002.7029850791
725000     -6451.6020385041       129.8825853127      -722.9527521177    102002.7029850791
726000     -6451.5658250266       129.8856804489      -723.0815066802    102002.7029850791
727000     -6451.5509318095       129.8874858955      -723.3036796050    102002.7029850791
728000     -6451.6115544633       129.8821686816      -723.3635708401    102002.7029850791
729000     -6451.6073591855       129.8829558076      -723.4622046491    102002.7029850791
730000     -6451.5929346907       129.8844736055      -723.4750957106    102002.7029850791
731000     -6451.5375243013       129.8892088466      -723.6093098882    102002.7029850791
732000     -6451.5124856009       129.8914738592      -723.6931790028    102002.7029850791
733000     -6451.5313993061       129.8896192134      -723.8209880891    102002.7029850791
734000     -6451.5284943584       129.8899284199      -723.8434767236    102002.7029850791
735000     -6451.5245398030       129.8901802723      -723.8818295276    102002.7029850791
736000     -6451.5093077934       129.8917345876      -723.9259641087    102002.7029850791
737000     -6451.4996123045       129.8934996382      -723.8566921787    102002.7029850791
738000     -6451.5254284710       129.8907769645      -723.8758094153    102002.7029850791
739000     -6451.4892959896       129.8947433645      -723.8610584266    102002.7029850791
740000     -6451.4654363519       129.8971343517      -723.7895508061    102002.7029850791
741000     -6451.4801136417       129.8961524379      -723.6295221253    102002.7029850791
742000     -6451.5045010961       129.8930028681      -723.5337531427    102002.7029850791
743000     -6451.5048222170       129.8930066232      -723.4040094911    102002.7029850791
744000     -6451.4726353420       129.8963253523      -723.3623764511    102002.7029850791
745000     -6451.4456976610       129.8990100442      -723.4147641201    102002.7029850791
746000     -6451.3905041703       129.9039031593      -723.4491891259    102002.7029850791
747000     -6451.3573340632       129.9066739942      -723.4587018514    102002.7029850791
748000     -6451.3890930367       129.9031422528      -723.3897825406    102002.7029850790
749000     -6451.4001515447       129.9018049928      -723.3219724690    102002.7029850790
750000     -6451.3922026798       129.9021616483      -723.2931800736    102002.7029850790
751000     -6451.3165940238       129.9086544118      -723.3724814639    102002.7029850790
752000     -6451.2974083197       129.9103546130      -723.3566388902    102002.7029850790
753000     -6451.2432061130       129.9153511094      -723.4617830228    102002.7029850790
754000     -6451.2175992031       129.9175640386      -723.5226227609    102002.7029850790
755000     -6451.1978366633       129.9186512541      -723.5841149833    102002.7029850790
756000     -6451.2025101847       129.9183844017      -723.6562761423    102002.7029850790
757000     -6451.2601056220       129.9128219290      -723.6957504157    102002.7029850790
758000     -6451.2633882236       129.9127435504      -723.6282111277    102002.7029850790
759000     -6451.3014035593       129.9093506921      -723.5693047649    102002.7029850790
760000     -6451.3307344130       129.9065405082      -723.6708450421    102002.7029850790
761000     -6451.3398218753       129.9056705050      -723.7197402257    102002.7029850790
762000     -6451.3640620680       129.9037708823      -723.8336861190    102002.7029850790
763000     -6451.3607447888       129.9041753395      -723.9959687179    102002.7029850790
764000     -6451.3328923114       129.9073437514      -724.1199379684    102002.7029850790
765000     -6451.2849561871       129.9120647034      -724.0881295902    102002.7029850790
766000     -6451.2673385229       129.9135599415      -724.1097240877    102002.7029850790
767000     -6451.2872215492       129.9118094494      -724.1363599863    102002.7029850790
768000     -6451.2830992687       129.9118485481      -724.0228181107    102002.7029850790
769000     -6451.2731532439       129.9124066151      -723.9783926986    102002.7029850790
770000     -6451.2669470374       129.9128632102      -724.0677590683    102002.7029850790
771000     -6451.2944237024       129.9101138811      -723.9650286676    102002.7029850790
772000     -6451.3264087361       129.9069006335      -723.9663846927    102002.7029850790
773000     -6451.3270671804       129.9068310849      -724.0065667908    102002.7029850790
774000     -6451.2971546090       129.9091838893      -724.0941597699    102002.7029850790
775000     -6451.2924998932       129.9096677837      -723.9967428298    102002.7029850790
776000     -6451.3103877281       129.9080163702      -724.1081856353    102002.7029850790
777000     -6451.2908626312       129.9098070359      -724.2012566321    102002.7029850789
778000     -6451.3287044635       129.9065760808      -724.2438870201    102002.7029850789
779000     -6451.3388625728       129.9060903851      -724.2891989252    102002.7029850789
780000     -6451.3602132883       129.9040533500      -724.3343548062    102002.7029850789
781000     -6451.3138029525       129.9082970620      -724.4949599538    102002.7029850789
782000     -6451.2857203737       129.9113139605      -724.5058867619    102002.7029850789
783000     -6451.2781116837       129.9125890722      -724.6974800548    102002.7029850789
784000     -6451.3158452551       129.9084705938      -724.8952093663    102002.7029850789
785000     -6451.3111868865       129.9092463209      -724.9369845082    102002.7029850789
786000     -6451.2735152875       129.9133015700      -725.0621722667    102002.7029850789
787000     -6451.2449616389       129.9166097408      -725.2317875444    102002.7029850789
788000     -6451.2487578046       129.9160595054      -725.3848731276    102002.7029850789
789000     -6451.2655781141       129.9140666607      -725.5834398815    102002.7029850789
790000     -6451.2882407305       129.9118500050      -725.6836428455    102002.7029850789
791000     -6451.3192778995       129.9088734704      -725.6798262625    102002.7029850789
792000     -6451.3258544228       129.9073669129      -725.8577229267    102002.7029850789
793000     -6451.3561459169       129.9048014239      -725.9226002713    102002.7029850789
794000     -6451.3533013613       129.9053872833      -725.9108474129    102002.7029850789
795000     -6451.3504035374       129.9054257661      -726.1546879084    102002.7029850789
796000     -6451.3793612784       129.9029087223      -726.2953790451    102002.7029850789
797000     -6451.3613153151       129.9051589527      -726.4080490472    102002.7029850789
798000     -6451.3670689252       129.9040983817      -726.6435007370    102002.7029850789
799000     -6451.3664832194       129.9041085078      -726.7779884187    102002.7029850789
800000     -6451.3591561464       129.9052533103      -726.9058325832    102002.7029850789
801000     -6451.3598709825       129.9055165967      -727.0464452899    102002.7029850789
802000     -6451.3665554421       129.9050043994      -727.0931722813    102002.7029850789
803000     -6451.3729969706       129.9041310379      -727.1695060363    102002.7029850789
804000     -6451.3613492164       129.9045679761      -727.2874068155    102002.7029850789
805000     -6451.4097379843       129.9005138528      -727.2428981974    102002.7029850789
806000     -6451.4127317829       129.9003181909      -727.4480388554    102002.7029850789
807000     -6451.4001450955       129.9009945235      -727.5777716121    102002.7029850789
808000     -6451.4031677535       129.9010284785      -727.5644898378    102002.7029850789
809000     -6451.3855878129       129.9026719375      -727.7068695388    102002.7029850789
810000     -6451.3837182797       129.9027663508      -727.7224051398    102002.7029850789
811000     -6451.4111860099       129.9000598074      -727.7197557802    102002.7029850789
812000     -6451.4414016009       129.8975652996      -727.7832943413    102002.7029850789
813000     -6451.4606559946       129.8959038805      -727.9308406478    102002.7029850789
814000     -6451.4864707746       129.8933170490      -728.0664939251    102002.7029850789
815000     -6451.4715187954       129.8944506297      -728.1501658693    102002.7029850788
816000     -6451.4154735682       129.9001950062      -728.2856395096    102002.7029850788
817000     -6451.4088917888       129.9012004959      -728.3885856762    102002.7029850788
818000     -6451.3848377157       129.9033778198      -728.3628371326    102002.7029850788
819000     -6451.3764505009       129.9039916793      -728.4958874733    102002.7029850788
820000     -6451.3704567372       129.9048344480      -728.5315023854    102002.7029850788
821000     -6451.3786165688       129.9041831555      -728.5834462923    102002.7029850788
822000     -6451.3385346992       129.9084634888      -728.7113339137    102002.7029850788
823000     -6451.3404943793       129.9086594070      -728.7128101117    102002.7029850788
824000     -6451.3252247171       129.9095177043      -728.8164454971    102002.7029850788
825000     -6451.3385673200       129.9082893320      -728.9488805005    102002.7029850788
826000     -6451.3727293121       129.9053721743      -728.9605000705    102002.7029850788
827000     -6451.3879246014       129.9039951838      -729.0420214648    102002.7029850788
828000     -6451.4033700514       129.9024702335      -729.0823929319    102002.7029850788
829000     -6451.3674922666       129.9058519788      -729.2250297075    102002.7029850788
830000     -6451.3821076086       129.9045876112      -729.2868607445    102002.7029850788
831000     -6451.3973606909       129.9037034787      -729.3173559171    102002.7029850788
832000     -6451.3785822783       129.9055576073      -729.4471041917    102002.7029850788
833000     -6451.3626184758       129.9072549040      -729.5662425542    102002.7029850788
834000     -6451.3200361445       129.9111815477      -729.6204037517    102002.7029850788
835000     -6451.3254640808       129.9113189188      -729.5831254954    102002.7029850788
836000     -6451.3079852024       129.9132593177      -729.6477115133    102002.7029850788
837000     -6451.2781017511       129.9161656372      -729.6885253991    102002.7029850788
838000     -6451.2784775827       129.9162854313      -729.6834310332    102002.7029850788
839000     -6451.2945302291       129.9146894747      -729.7887736063    102002.7029850788
840000     -6451.3042770233       129.9141152009      -729.8208729232    102002.7029850788
841000     -6451.3430614944       129.9103644063      -729.8540673316    102002.7029850788
842000     -6451.3644632949       129.9084036894      -729.9668550775    102002.7029850788
843000     -6451.3736322391       129.9077236872      -730.0966068989    102002.7029850788
844000     -6451.3721177142       129.9079385652      -730.0895164196    102002.7029850788
845000     -6451.3672836497       129.9087744660      -730.1443013388    102002.7029850788
846000     -6451.3567118180       129.9100084654      -730.2550678893    102002.7029850788
847000     -6451.3457730649       129.9112108676      -730.3096382096    102002.7029850788
848000     -6451.3248345842       129.9130350150      -730.4403830235    102002.7029850788
849000     -6451.3008860725       129.9156226522      -730.5713009875    102002.7029850788
850000     -6451.2799133136       129.9178421046      -730.6382147059    102002.7029850788
851000     -6451.2817263945       129.9178988040      -730.6983157801    102002.7029850788
852000     -6451.3052153813       129.9159513478      -730.8068714214    102002.7029850788
853000     -6451.3250234034       129.9139678711      -730.9184545210    102002.7029850788
854000     -6451.3417429208       129.9120300180      -730.9529875417    102002.7029850788
855000     -6451.3649984120       129.9097857292      -730.9483803520    102002.7029850788
856000     -6451.3762101709       129.9086612031      -730.9735626512    102002.7029850788
857000     -6451.3564462008       129.9102039051      -730.9995649774    102002.7029850788
858000     -6451.3246853958       129.9135822268      -730.9799674389    102002.7029850788
859000     -6451.3276183670       129.9133702921      -731.0308952574    102002.7029850788
860000     -6451.3121667488       129.9149957858      -731.0250232349    102002.7029850788
861000     -6451.2950635878       129.9166411161      -731.0044436760    102002.7029850788
862000     -6451.3220299028       129.9137828132      -731.0830617758    102002.7029850788
863000     -6451.3252296785       129.9137513639      -731.0428182633    102002.7029850788
864000     -6451.2912456205       129.9170625381      -731.0795102833    102002.7029850788
865000     -6451.2842927409       129.9178962678      -731.1355343601    102002.7029850788
866000     -6451.2495713551       129.9210894921      -731.2150375205    102002.7029850788
867000     -6451.2494010894       129.9207337194      -731.2699314561    102002.7029850788
868000     -6451.2835689576       129.9178114809      -731.3097697126    102002.7029850788
869000     -6451.2853527798       129.9176496438      -731.3310030389    102002.7029850788
870000     -6451.3134084383       129.9149204375      -731.3472221095    102002.7029850787
871000     -6451.3212988837       129.9140254198      -731.3824031035    102002.7029850787
872000     -6451.3466319935       129.9113277047      -731.4921561872    102002.7029850787
873000     -6451.3780057377       129.9083479071      -731.4733171736    102002.7029850787
874000     -6451.3543990898       129.9107252928      -731.5425300500    102002.7029850787
875000     -6451.3312163818       129.9128411131      -731.5680263595    102002.7029850787
876000     -6451.3117229479       129.9145514415      -731.5528670355    102002.7029850787
877000     -6451.2983986246       129.9158047966      -731.5112121583    102002.7029850787
878000     -6451.3330074170       129.9123276953      -731.6105854376    102002.7029850787
879000     -6451.3039795618       129.9150281252      -731.6670626536    102002.7029850787
880000     -6451.2970376664       129.9158328195      -731.5969663980    102002.7029850787
881000     -6451.2691816316       129.9186404482      -731.6217632595    102002.7029850787
882000     -6451.2676117885       129.9189227501      -731.6099770348    102002.7029850787
883000     -6451.2640895544       129.9189689918      -731.6102607501    102002.7029850787
884000     -6451.2995606911       129.9155257062      -731.5966057301    102002.7029850787
885000     -6451.2876530193       129.9163120735      -731.6015671011    102002.7029850787
886000     -6451.2732761913       129.9177809474      -731.5806915978    102002.7029850787
887000     -6451.2480726821       129.9202762612      -731.5379816710    102002.7029850787
888000     -6451.2341213727       129.9216778487      -731.5515422258    102002.7029850787
889000     -6451.2124886203       129.9237435306      -731.5046423150    102002.7029850787
890000     -6451.2257070793       129.9223995586      -731.4391978916    102002.7029850787
891000     -6451.2468720523       129.9201308772      -731.4380621087    102002.7029850787
892000     -6451.2544609150       129.9195384357      -731.3654690527    102002.7029850787
893000     -6451.2455029462       129.9202262862      -731.3047952649    102002.7029850787
894000     -6451.2225270038       129.9222756814      -731.2190814445    102002.7029850787
895000     -6451.1796408146       129.9266744610      -731.1546364133    102002.7029850787
896000     -6451.1726260805       129.9271772662      -731.1440409091    102002.7029850787
897000     -6451.1919977705       129.9253148498      -731.0384809517    102002.7029850787
898000     -6451.2090539739       129.9238707795      -730.9723567287    102002.7029850787
899000     -6451.2008431033       129.9245392586      -730.9646982596    102002.7029850787
900000     -6451.1585711243       129.9285298450      -730.7862273900    102002.7029850787
901000     -6451.1644943140       129.9278595989      -730.7314873271    102002.7029850787
902000     -6451.1438388163       129.9299899457      -730.6901120796    102002.7029850787
903000     -6451.1217043968       129.9321444739      -730.6014022872    102002.7029850787
904000     -6451.1033091739       129.9338389710      -730.5678181951    102002.7029850787
905000     -6451.0972589153       129.9345168193      -730.4819217961    102002.7029850787
906000     -6451.0781571694       129.9361830991      -730.5123224027    102002.7029850787
907000     -6451.0697650923       129.9370835417      -730.5373043292    102002.7029850787
908000     -6451.0277866335       129.9411736661      -730.5463233032    102002.7029850787
909000     -6451.0177533314       129.9420480874      -730.5968881655    102002.7029850787
910000     -6451.0305212420       129.9412333838      -730.5810306520    102002.7029850787
911000     -6451.0422402226       129.9401414008      -730.6027103422    102002.7029850787
912000     -6451.0203000215       129.9421231650      -730.6142501418    102002.7029850787
913000     -6450.9962923974       129.9447987038      -730.5698236543    102002.7029850787
914000     -6450.9924952456       129.9452346041      -730.5524309594    102002.7029850787
915000     -6450.9764310870       129.9468807816      -730.5632007304    102002.7029850787
916000     -6450.9520335557       129.9494406420      -730.4740203657    102002.7029850787
917000     -6450.9351035937       129.9507634416      -730.4102553835    102002.7029850787
918000     -6450.9662182946       129.9481579414      -730.3041095146    102002.7029850787
919000     -6450.9673162040       129.9481459333      -730.2938473187    102002.7029850787
920000     -6450.9547108524       129.9491989271      -730.2473841341    102002.7029850787
921000     -6450.9334616531       129.9514313981      -730.1459629907    102002.7029850787
922000     -6450.9081355028       129.9536218955      -730.1487613735    102002.7029850787
923000     -6450.9374611380       129.9509511369      -729.9917155363    102002.7029850787
924000     -6450.9258127646       129.9518626499      -729.8427800871    102002.7029850787
925000     -6450.9351561771       129.9509587859      -729.8030192698    102002.7029850787
926000     -6450.9645612343       129.9482481359      -729.7516931085    102002.7029850787
927000     -6450.9579881191       129.9486565040      -729.7615021267    102002.7029850786
928000     -6450.9451141660       129.9500178527      -729.7331502376    102002.7029850786
929000     -6450.9231687477       129.9520625355      -729.7028026427    102002.7029850786
930000     -6450.9271976467       129.9513879783      -729.6407487165    102002.7029850786
931000     -6450.9642879074       129.9482375663      -729.6139391037    102002.7029850786
932000     -6450.9761024504       129.9469794088      -729.7003670183    102002.7029850786
933000     -6450.9952117435       129.9451125836      -729.7057619738    102002.7029850786
934000     -6450.9906260256       129.9455574358      -729.7059813716    102002.7029850786
935000     -6450.9972877923       129.9450220483      -729.6839661024    102002.7029850786
936000     -6451.0260863075       129.9422899532      -729.7202297965    102002.7029850786
937000     -6451.0358560153       129.9414444386      -729.7087995890    102002.7029850786
938000     -6451.0529124394       129.9401674626      -729.7462767401    102002.7029850786
939000     -6451.0443508706       129.9409533921      -729.8746301669    102002.7029850786
940000     -6451.0588152116       129.9395289739      -729.8688850035    102002.7029850786
941000     -6451.0448288196       129.9409284044      -729.8306669514    102002.7029850786
942000     -6451.0416683546       129.9415493859      -729.8554684822    102002.7029850786
943000     -6451.0349519908       129.9423928320      -729.8804099136    102002.7029850786
944000     -6450.9972847955       129.9457628763      -729.8580612976    102002.7029850786
945000     -6451.0018453416       129.9457175229      -729.8502538202    102002.7029850786
946000     -6450.9702638405       129.9487891956      -729.8637844369    102002.7029850786
947000     -6450.9648160028       129.9491262557      -729.8179159419    102002.7029850786
948000     -6450.9833743213       129.9471519595      -729.7685955790    102002.7029850786
949000     -6450.9902636599       129.9466881311      -729.7620768085    102002.7029850786
950000     -6451.0265391295       129.9434444168      -729.7751271875    102002.7029850786
951000     -6451.0125986834       129.9447373296      -729.7937573978    102002.7029850786
952000     -6451.0085503482       129.9450220888      -729.8765468631    102002.7029850786
953000     -6451.0067884650       129.9453373926      -729.8502370225    102002.7029850786
954000     -6451.0356926215       129.9423753005      -729.8620314954    102002.7029850786
955000     -6451.0430700504       129.9417179787      -729.9163008687    102002.7029850786
956000     -6451.0647587712       129.9396297263      -729.9219697644    102002.7029850786
957000     -6451.0577299470       129.9404055347      -729.9448627183    102002.7029850786
958000     -6451.0355862033       129.9428558725      -729.8554535203    102002.7029850786
959000     -6451.0112422627       129.9448935620      -729.8900956697    102002.7029850786
960000     -6451.0080557544       129.9452373883      -729.8573296707    102002.7029850786
961000     -6450.9766851676       129.9481726634      -729.7777180886    102002.7029850786
962000     -6450.9697520089       129.9487575013      -729.7734330663    102002.7029850786
963000     -6450.9479025960       129.9509942852      -729.7488324497    102002.7029850786
964000     -6450.9574325366       129.9499426269      -729.7355128128    102002.7029850786
965000     -6450.9331283961       129.9525992866      -729.6881622591    102002.7029850786
966000     -6450.9339975674       129.9523754072      -729.6982468762    102002.7029850786
967000     -6450.9661158747       129.9491602772      -729.6918974714    102002.7029850786
968000     -6450.9813500399       129.9477304171      -729.6293179684    102002.7029850786
969000     -6450.9830054397       129.9476049565      -729.6465528363    102002.7029850786
970000     -6450.9800132113       129.9480911103      -729.6136577424    102002.7029850786
971000     -6450.9845587792       129.9474297990      -729.5937194172    102002.7029850786
972000     -6450.9760632877       129.9484946777      -729.5313667200    102002.7029850786
973000     -6450.9789577962       129.9482981203      -729.5237146077    102002.7029850786
974000     -6450.9978721684       129.9464826835      -729.4996732967    102002.7029850786
975000     -6451.0235172470       129.9439958071      -729.5271544770    102002.7029850786
976000     -6451.0176725857       129.9446472329      -729.5491625079    102002.7029850786
977000     -6450.9985488717       129.9464480154      -729.5110327650    102002.7029850786
978000     -6450.9780136908       129.9484290477      -729.5318524669    102002.7029850786
979000     -6450.9943313771       129.9468921191      -729.5265806253    102002.7029850786
980000     -6450.9974207274       129.9462937846      -729.5082209639    102002.7029850786
981000     -6451.0056661657       129.9454280247      -729.4465982956    102002.7029850786
982000     -6450.9913244755       129.9467854797      -729.4214272218    102002.7029850786
983000     -6450.9764311085       129.9483105226      -729.3717383135    102002.7029850786
984000     -6450.9477942206       129.9509914181      -729.2934070819    102002.7029850786
985000     -6450.9599109156       129.9497799204      -729.2159573200    102002.7029850786
986000     -6450.9841792948       129.9474632471      -729.1611593219    102002.7029850786
987000     -6450.9769862489       129.9481841927      -729.0737394439    102002.7029850786
988000     -6450.9629225085       129.9496562403      -729.0567880829    102002.7029850786
989000     -6450.9593633537       129.9499093964      -729.0771775924    102002.7029850786
990000     -6450.9736849712       129.9487453016      -729.0228206522    102002.7029850786
991000     -6450.9668937429       129.9492155758      -728.9780428583    102002.7029850786
992000     -6450.9514201238       129.9506438464      -728.9820478278    102002.7029850786
993000     -6450.9370946746       129.9517975553      -728.9895667414    102002.7029850786
994000     -6450.9262216730       129.9529479010      -728.8987920977    102002.7029850786
995000     -6450.9056429947       129.9550671797      -728.8709304842    102002.7029850786
996000     -6450.8922985875       129.9561187099      -728.9279378969    102002.7029850786
997000     -6450.9077565507       129.9546471346      -728.8390902049    102002.7029850786
998000     -6450.9327856474       129.9522101356      -728.8122313113    102002.7029850786
999000     -6450.9360681347       129.9518808114      -728.8569346876    102002.7029850786
1000000     -6450.9695794983       129.9488162624      -728.8169373966    102002.7029850786
