# Time-averaged data for fix runningavgs
# TimeStep v_ra_etotal v_ra_temp v_ra_press v_ra_volume
502000    -10962.6071980021        90.9498881086      1048.8603682304    102002.7029850792
503000    -10962.9805179633        90.7389029440      1035.1493620688    102002.7029850792
504000    -10962.2323424096        90.7153767043      1038.3281635069    102002.7029850792
505000    -10963.1004700522        90.6736595859      1030.7796784998    102002.7029850792
506000    -10961.7628464288        90.7307332643      1027.8571737356    102002.7029850792
507000    -10961.3314165086        90.7695591204      1029.7814420346    102002.7029850792
508000    -10960.4750695245        90.8118249656      1029.3887816843    102002.7029850792
509000    -10959.4936916004        90.8563958661      1027.7547234393    102002.7029850792
510000    -10958.2948166186        90.9221780167      1029.4857901907    102002.7029850792
511000    -10957.2626816559        90.9816459099      1028.8591344436    102002.7029850792
512000    -10956.6215224735        90.9891150491      1026.6344322015    102002.7029850792
513000    -10956.1003495502        90.9870715206      1028.0563004468    102002.7029850792
514000    -10956.6603511980        90.9539738577      1026.5486608274    102002.7029850792
515000    -10956.2747226637        90.9880135215      1028.0398221117    102002.7029850792
516000    -10955.7127393258        91.0155194913      1026.6058517366    102002.7029850792
517000    -10956.0464971406        91.0004625361      1026.9349810188    102002.7029850792
518000    -10956.1932852352        90.9909627468      1026.8994500546    102002.7029850792
519000    -10955.7454280620        90.9997077205      1026.5515356030    102002.7029850792
520000    -10956.1685100655        90.9811567701      1025.8868169495    102002.7029850792
521000    -10955.9429073285        90.9934971618      1024.0226037441    102002.7029850792
522000    -10955.7927344168        91.0106708526      1022.0626810198    102002.7029850792
523000    -10956.2626466809        90.9859390112      1022.1183383780    102002.7029850792
524000    -10956.0228018934        90.9995698577      1023.0632237137    102002.7029850792
525000    -10955.8893826174        91.0036138950      1022.7618989786    102002.7029850792
526000    -10956.0517379928        90.9934915505      1021.6765164093    102002.7029850792
527000    -10956.0623507772        90.9956821941      1021.0269154951    102002.7029850792
528000    -10955.9740997198        91.0031396900      1019.5543917280    102002.7029850792
529000    -10955.9517668015        90.9991285103      1018.6043273061    102002.7029850792
530000    -10956.1972085426        90.9862499261      1017.1586685891    102002.7029850792
531000    -10956.3342046631        90.9794191001      1016.1575296248    102002.7029850792
532000    -10956.3101041531        90.9853263208      1014.7033727476    102002.7029850792
533000    -10956.3123241718        90.9796732872      1014.1821801493    102002.7029850792
534000    -10956.2442340169        90.9812916652      1013.1278417113    102002.7029850792
535000    -10956.7113716063        90.9563345000      1013.1483962312    102002.7029850792
536000    -10956.9594571651        90.9436597747      1013.4754702979    102002.7029850792
537000    -10957.1466753730        90.9387022818      1013.0491035525    102002.7029850792
538000    -10957.1397243317        90.9431119145      1012.4046742165    102002.7029850792
539000    -10956.8218868479        90.9587889102      1013.0689917421    102002.7029850791
540000    -10956.9224905568        90.9598956761      1013.2548851564    102002.7029850791
541000    -10957.0750504521        90.9593207010      1012.8025642686    102002.7029850791
542000    -10957.3712313399        90.9526002035      1012.3070644368    102002.7029850791
543000    -10957.3353615137        90.9606866151      1011.4213210502    102002.7029850791
544000    -10957.1312638373        90.9796575755      1011.5109799922    102002.7029850791
545000    -10957.2569446934        90.9773837378      1010.9174904764    102002.7029850791
546000    -10957.2827769440        90.9838730181      1010.4705528942    102002.7029850791
547000    -10957.5202296382        90.9788805564      1008.4403078292    102002.7029850791
548000    -10957.7684535926        90.9741166772      1007.0363995598    102002.7029850791
549000    -10957.9155470339        90.9740819978      1006.0978066604    102002.7029850791
550000    -10958.0277676522        90.9762434520      1005.6132342340    102002.7029850791
551000    -10958.0945478367        90.9789928597      1004.3294288692    102002.7029850791
552000    -10958.1486786033        90.9848237534      1002.9015986756    102002.7029850791
553000    -10958.0901524944        90.9929343807      1002.4214948052    102002.7029850791
554000    -10958.1849197868        90.9936470495      1001.1678443141    102002.7029850791
555000    -10958.2501026594        90.9974149476      1000.3209254503    102002.7029850791
556000    -10958.3212652756        90.9956049639       998.5693812336    102002.7029850791
557000    -10958.1890768999        91.0107445338       998.0418123939    102002.7029850791
558000    -10958.4320340422        91.0075413239       997.8134491188    102002.7029850791
559000    -10958.4757915779        91.0090396487       997.8281295003    102002.7029850791
560000    -10958.4629165370        91.0147803141       997.9569368055    102002.7029850791
561000    -10958.3747722940        91.0215413944       998.3536344084    102002.7029850791
562000    -10958.2909761265        91.0312682116       998.3108739452    102002.7029850791
563000    -10958.2484820683        91.0339603947       998.9150589860    102002.7029850791
564000    -10958.2781613678        91.0341484704       998.8510067604    102002.7029850791
565000    -10958.3737523686        91.0310120054       998.7341971327    102002.7029850791
566000    -10958.6288131146        91.0201772464       998.7932068247    102002.7029850791
567000    -10958.5071917999        91.0304213488       999.1173496600    102002.7029850791
568000    -10958.5536251337        91.0306929642       999.0782716542    102002.7029850791
569000    -10958.7301088821        91.0254438273       999.1337461302    102002.7029850791
570000    -10958.7911055955        91.0256814575       999.7063733781    102002.7029850791
571000    -10958.7920166948        91.0284836569       999.7528486147    102002.7029850791
572000    -10958.7583056467        91.0317316690      1000.5068933305    102002.7029850791
573000    -10958.7976586728        91.0307845207      1001.4570982479    102002.7029850791
574000    -10958.9257374690        91.0258057898      1001.5014492602    102002.7029850791
575000    -10959.0206955872        91.0220930382      1000.8673341880    102002.7029850791
576000    -10959.0309452326        91.0266340594      1000.5193647065    102002.7029850791
577000    -10959.1965289138        91.0215907107      1000.1703949320    102002.7029850791
578000    -10959.2614096301        91.0203982124      1000.1251156311    102002.7029850791
579000    -10959.2960306186        91.0203603646       999.7864151402    102002.7029850791
580000    -10959.2857641094        91.0226461351       999.5992830158    102002.7029850791
581000    -10959.2872421592        91.0249167696       998.8744252503    102002.7029850791
582000    -10959.3900937678        91.0219791246       997.6535179014    102002.7029850791
583000    -10959.4645520341        91.0211704010       997.1787196628    102002.7029850791
584000    -10959.5478074486        91.0183239035       996.6952055601    102002.7029850791
585000    -10959.4976784450        91.0216868322       996.2770611348    102002.7029850791
586000    -10959.5254620138        91.0224243809       995.8484573843    102002.7029850791
587000    -10959.5245659204        91.0223613237       995.7533970000    102002.7029850791
588000    -10959.4821816015        91.0243145901       996.2169206921    102002.7029850791
589000    -10959.4228593010        91.0283235770       996.3168504661    102002.7029850791
590000    -10959.3133917962        91.0342523964       996.6958832753    102002.7029850791
591000    -10959.4136404110        91.0295792112       997.0445659900    102002.7029850792
592000    -10959.4083431915        91.0294289146       997.6206094650    102002.7029850792
593000    -10959.5470316558        91.0249873547       997.6243058613    102002.7029850792
594000    -10959.5515893596        91.0266549115       998.1025361428    102002.7029850792
595000    -10959.5096760164        91.0322793090       997.8549401848    102002.7029850792
596000    -10959.6183337736        91.0283746519       997.4030030140    102002.7029850792
597000    -10959.5936493853        91.0297246882       997.7654940770    102002.7029850792
598000    -10959.5699119168        91.0298328710       997.9992837339    102002.7029850792
599000    -10959.4988509136        91.0331068388       998.1475623643    102002.7029850792
600000    -10959.4139440231        91.0368879044       998.2938734794    102002.7029850792
601000    -10959.3617473496        91.0404787963       998.1388272927    102002.7029850792
602000    -10959.2861328942        91.0448429914       998.3949244712    102002.7029850792
603000    -10959.3219868444        91.0436370510       998.2318652565    102002.7029850792
604000    -10959.2703688677        91.0464863399       998.4147184611    102002.7029850793
605000    -10959.2437848755        91.0478710135       998.6628477793    102002.7029850793
606000    -10959.2671143746        91.0469461918       998.7506989686    102002.7029850793
607000    -10959.2821334706        91.0464525218       999.0583075088    102002.7029850793
608000    -10959.2495767538        91.0498023826       999.1711769117    102002.7029850793
609000    -10959.2666296897        91.0509696298       999.1871681393    102002.7029850793
610000    -10959.1536334223        91.0588523203       998.8556310606    102002.7029850793
611000    -10959.1760223977        91.0586702520       999.1342150226    102002.7029850793
612000    -10959.2775693526        91.0538989900       998.7602366762    102002.7029850793
613000    -10959.3405130243        91.0534011612       998.6649308056    102002.7029850793
614000    -10959.3878662343        91.0522429035       998.4601769489    102002.7029850793
615000    -10959.5158954550        91.0484329339       998.2354302976    102002.7029850793
616000    -10959.5152404027        91.0484604563       998.6450058458    102002.7029850793
617000    -10959.5345143351        91.0488678449       998.9207056838    102002.7029850793
618000    -10959.5919024113        91.0474072991       998.4849548400    102002.7029850793
619000    -10959.6238125499        91.0459200286       998.1994747560    102002.7029850793
620000    -10959.6369281669        91.0462742482       998.1457122612    102002.7029850793
621000    -10959.7596185016        91.0417679842       997.9196005449    102002.7029850793
622000    -10959.8761851670        91.0377918520       998.0563376974    102002.7029850794
623000    -10959.8756654925        91.0381302038       997.8176233144    102002.7029850794
624000    -10960.0057533337        91.0332824463       997.2989510195    102002.7029850794
625000    -10960.0037459616        91.0335080842       997.6494761883    102002.7029850794
626000    -10959.9836530535        91.0349240215       997.4902653351    102002.7029850794
627000    -10960.1103234429        91.0296510970       997.3614149754    102002.7029850794
628000    -10960.0730680254        91.0325422946       997.2548411124    102002.7029850794
629000    -10960.1025710536        91.0308326363       997.5489843536    102002.7029850794
630000    -10960.1423219323        91.0303009208       997.3996166655    102002.7029850794
631000    -10960.0770375001        91.0340069727       997.0320284011    102002.7029850794
632000    -10960.1029825960        91.0328011912       997.1894040432    102002.7029850794
633000    -10960.0716244017        91.0357806804       997.1392862018    102002.7029850794
634000    -10960.1460926213        91.0327341551       996.9697831386    102002.7029850794
635000    -10960.1915440704        91.0325035225       996.5244347931    102002.7029850794
636000    -10960.1027692355        91.0382170515       996.4789577973    102002.7029850794
637000    -10960.0952121393        91.0378898913       996.9578806139    102002.7029850794
638000    -10960.0409432005        91.0422300355       997.1034174208    102002.7029850794
639000    -10960.0089311962        91.0435884026       996.9941809100    102002.7029850794
640000    -10959.9874251766        91.0457388970       997.1291795333    102002.7029850794
641000    -10959.9877947949        91.0452315696       997.2313870579    102002.7029850794
642000    -10959.9825041984        91.0459737287       997.2924787895    102002.7029850794
643000    -10959.9555622511        91.0467434934       997.2962338831    102002.7029850794
644000    -10960.0546505444        91.0418708824       997.3110392853    102002.7029850794
645000    -10960.0652439578        91.0392363796       997.7885665509    102002.7029850794
646000    -10960.0889827359        91.0379832753       997.6019679881    102002.7029850795
647000    -10960.1041117288        91.0372674490       997.7812837252    102002.7029850795
648000    -10960.1283004840        91.0362870812       997.9748830061    102002.7029850795
649000    -10960.1173069577        91.0366776555       998.4251436773    102002.7029850795
650000    -10960.0402444568        91.0403568864       998.7278151790    102002.7029850795
651000    -10960.0354021423        91.0420089764       998.5502883022    102002.7029850795
652000    -10960.0527034989        91.0403740084       998.5727736800    102002.7029850795
653000    -10960.1088756705        91.0378239726       998.5917715129    102002.7029850795
654000    -10960.1780095865        91.0341333680       999.0789879754    102002.7029850795
655000    -10960.1963856293        91.0331807612       999.3891934923    102002.7029850795
656000    -10960.2340755494        91.0311457240       999.5269792033    102002.7029850795
657000    -10960.2796112585        91.0289318534       999.8536297333    102002.7029850795
658000    -10960.3907365069        91.0242302332       999.6966221589    102002.7029850795
659000    -10960.4002047469        91.0240777210      1000.0214449578    102002.7029850795
660000    -10960.3727334821        91.0265939482      1000.0777468478    102002.7029850795
661000    -10960.4059981394        91.0253058653       999.8979649933    102002.7029850795
662000    -10960.4136101370        91.0252955228       999.8795242909    102002.7029850795
663000    -10960.4531892804        91.0247446165       999.6714984254    102002.7029850795
664000    -10960.3847679226        91.0288683337       999.7861677450    102002.7029850795
665000    -10960.3668391200        91.0300210382      1000.0209298841    102002.7029850795
666000    -10960.4666341218        91.0242968981       999.8282290992    102002.7029850795
667000    -10960.4530939617        91.0242285417       999.9321907130    102002.7029850795
668000    -10960.5051882704        91.0229244526       999.9150299283    102002.7029850795
669000    -10960.5260822972        91.0213230414       999.9954381737    102002.7029850795
670000    -10960.6141055523        91.0170536893       999.8470153833    102002.7029850795
671000    -10960.6251973511        91.0169919899      1000.0785206728    102002.7029850795
672000    -10960.6811485178        91.0148424147      1000.1827631451    102002.7029850795
673000    -10960.6871039215        91.0147591584      1000.2446592448    102002.7029850795
674000    -10960.7175935893        91.0140377233      1000.0761237445    102002.7029850794
675000    -10960.8299975986        91.0104554082       999.6162467253    102002.7029850794
676000    -10960.8564276709        91.0113113896       999.4223730370    102002.7029850794
677000    -10960.8070570517        91.0152897414       999.5898789011    102002.7029850794
678000    -10960.7989705442        91.0170660048       999.3952819882    102002.7029850794
679000    -10960.8788295744        91.0146773945       999.3549138123    102002.7029850794
680000    -10960.9427524445        91.0135581118       999.1076593736    102002.7029850794
681000    -10960.9049607906        91.0166936682       999.1889291158    102002.7029850794
682000    -10960.9126982489        91.0171769298       999.2745097993    102002.7029850794
683000    -10960.9431586503        91.0165508521       999.4544933225    102002.7029850794
684000    -10960.9273858026        91.0185196485       999.3712571079    102002.7029850794
685000    -10960.9547989601        91.0189034242       999.1643110811    102002.7029850794
686000    -10961.0173853382        91.0172344407       998.9913533877    102002.7029850794
687000    -10961.0890923343        91.0153454363       999.0707774315    102002.7029850794
688000    -10961.1245807458        91.0123989992       999.0513627273    102002.7029850793
689000    -10961.1299378836        91.0129570011       998.8986341513    102002.7029850793
690000    -10961.1253751586        91.0136221416       998.6457081119    102002.7029850793
691000    -10961.0758300888        91.0167118566       998.4536634691    102002.7029850793
692000    -10961.0864152063        91.0179318819       998.1592345046    102002.7029850793
693000    -10961.1174922967        91.0173325729       998.0150854162    102002.7029850793
694000    -10961.1273818624        91.0187596651       997.9431000190    102002.7029850793
695000    -10961.1447446394        91.0195327820       997.9556900728    102002.7029850793
696000    -10961.1457321600        91.0200432751       997.9444458178    102002.7029850793
697000    -10961.0885378940        91.0221243513       998.1786657664    102002.7029850793
698000    -10961.0885113775        91.0224147316       998.0977374036    102002.7029850793
699000    -10961.1612758946        91.0198507169       997.9745699726    102002.7029850793
700000    -10961.2206246931        91.0177605932       997.8858535232    102002.7029850793
701000    -10961.2273384102        91.0172857527       997.8538759644    102002.7029850793
702000    -10961.2487551335        91.0167953139       997.5587721851    102002.7029850793
703000    -10961.2473707527        91.0169264222       997.5531772526    102002.7029850793
704000    -10961.2409897238        91.0173307650       997.4283840785    102002.7029850792
705000    -10961.2167167488        91.0179823504       997.4705537317    102002.7029850792
706000    -10961.2371696754        91.0174634669       997.3794296822    102002.7029850792
707000    -10961.2121454761        91.0182700493       997.4892519621    102002.7029850792
708000    -10961.1974518903        91.0189690688       997.3455143515    102002.7029850792
709000    -10961.1729238305        91.0196985323       997.4706051092    102002.7029850792
710000    -10961.1137994032        91.0227723285       997.4778614416    102002.7029850792
711000    -10961.0993734069        91.0239774612       997.3756556567    102002.7029850792
712000    -10961.1396656933        91.0224445727       997.3696877743    102002.7029850792
713000    -10961.0839812853        91.0245043009       997.4066985333    102002.7029850792
714000    -10961.0704722039        91.0252288004       997.0129956740    102002.7029850792
715000    -10961.1007401173        91.0240226211       997.0205663045    102002.7029850792
716000    -10961.0594743543        91.0259224886       997.0574170964    102002.7029850792
717000    -10961.0466138513        91.0261054140       997.2143054740    102002.7029850792
718000    -10961.1057577549        91.0232826986       997.1886507639    102002.7029850792
719000    -10961.1351080812        91.0225158380       997.0642635325    102002.7029850792
720000    -10961.1846528538        91.0203452012       996.7801816259    102002.7029850792
721000    -10961.1917922273        91.0200675511       996.5383529249    102002.7029850792
722000    -10961.2045853985        91.0196398197       996.3000822758    102002.7029850792
723000    -10961.2667014284        91.0173019290       996.1293659473    102002.7029850792
724000    -10961.2907229948        91.0163968930       995.8858959937    102002.7029850791
725000    -10961.2872290596        91.0167188724       995.6690859825    102002.7029850791
726000    -10961.2948502408        91.0163275249       995.5092678033    102002.7029850791
727000    -10961.3194070571        91.0149517357       995.4028093932    102002.7029850791
728000    -10961.2325234499        91.0180239039       995.2599465753    102002.7029850791
729000    -10961.3036066855        91.0147083309       994.8912130337    102002.7029850791
730000    -10961.2986157362        91.0146613376       994.8096503633    102002.7029850791
731000    -10961.3114311497        91.0135236820       994.7535707439    102002.7029850791
732000    -10961.2834037967        91.0137878664       994.5383026032    102002.7029850791
733000    -10961.2285707113        91.0165917092       994.5055460282    102002.7029850791
734000    -10961.1844752479        91.0177716585       994.5354926188    102002.7029850791
735000    -10961.1692039689        91.0178880601       994.3360150036    102002.7029850791
736000    -10961.1616375910        91.0177792653       994.1301163736    102002.7029850791
737000    -10961.1230809819        91.0198927776       994.2680051145    102002.7029850791
738000    -10961.1506282163        91.0186277089       994.1895040632    102002.7029850791
739000    -10961.1335836977        91.0193137475       994.1293633900    102002.7029850791
740000    -10961.1821375905        91.0167974562       993.9326672852    102002.7029850791
741000    -10961.1722405712        91.0161029649       993.7648702225    102002.7029850791
742000    -10961.1926175318        91.0148388409       993.5705319572    102002.7029850791
743000    -10961.1805523969        91.0151088127       993.2877648421    102002.7029850791
744000    -10961.2187656630        91.0122105823       993.0534628806    102002.7029850791
745000    -10961.2186673940        91.0116631136       993.0283428843    102002.7029850791
746000    -10961.1936620483        91.0123605191       993.1965477271    102002.7029850791
747000    -10961.1416800362        91.0146492202       993.1723473129    102002.7029850791
748000    -10961.1524796174        91.0140495669       993.2632057227    102002.7029850790
749000    -10961.1941007104        91.0127052006       993.1785036047    102002.7029850790
750000    -10961.1982146805        91.0124788004       993.2100397206    102002.7029850790
751000    -10961.1747458481        91.0143575389       993.1700949093    102002.7029850790
752000    -10961.1572251670        91.0155533577       993.2393417551    102002.7029850790
753000    -10961.1524722408        91.0149486637       993.2296068333    102002.7029850790
754000    -10961.1898892645        91.0127863265       993.1346029244    102002.7029850790
755000    -10961.1952550120        91.0127955151       993.1261009599    102002.7029850790
756000    -10961.2261039295        91.0117475829       993.1158207310    102002.7029850790
757000    -10961.2473697531        91.0110946577       993.1735062111    102002.7029850790
758000    -10961.2232804063        91.0139563601       993.2208646485    102002.7029850790
759000    -10961.2409245261        91.0128434998       993.2904070801    102002.7029850790
760000    -10961.2457407991        91.0136927960       993.3585394108    102002.7029850790
761000    -10961.2576665829        91.0132621667       993.4764246524    102002.7029850790
762000    -10961.2730536214        91.0122386863       993.5517816933    102002.7029850790
763000    -10961.3139846692        91.0105260156       993.6971442382    102002.7029850790
764000    -10961.3448227653        91.0091031143       993.7079457939    102002.7029850790
765000    -10961.3889817231        91.0078308429       993.7421970018    102002.7029850790
766000    -10961.3597166789        91.0093762266       993.8521604060    102002.7029850790
767000    -10961.3484490537        91.0095381476       993.8241510134    102002.7029850790
768000    -10961.3706027300        91.0086571296       993.9519645596    102002.7029850790
769000    -10961.3682630681        91.0097694096       993.8677218531    102002.7029850790
770000    -10961.4032506916        91.0085399636       993.8603214659    102002.7029850790
771000    -10961.4248889982        91.0078779828       993.9340576152    102002.7029850790
772000    -10961.4292429754        91.0083426976       993.9392244736    102002.7029850790
773000    -10961.4009911473        91.0109026871       994.1411712213    102002.7029850790
774000    -10961.4290263547        91.0099016585       994.3527011644    102002.7029850790
775000    -10961.4798998756        91.0080314987       994.3961919651    102002.7029850790
776000    -10961.4844859727        91.0082794549       994.5644436275    102002.7029850790
777000    -10961.4823288542        91.0085539504       994.5962763632    102002.7029850789
778000    -10961.4639070279        91.0097853494       994.7402130652    102002.7029850789
779000    -10961.4803911432        91.0099165856       994.9108508325    102002.7029850789
780000    -10961.4676388007        91.0109347997       994.9221641454    102002.7029850789
781000    -10961.5118630461        91.0089821441       994.8916755144    102002.7029850789
782000    -10961.5259327320        91.0089052833       995.1006485158    102002.7029850789
783000    -10961.5540622249        91.0078940243       995.1064863446    102002.7029850789
784000    -10961.5688488166        91.0079580212       995.1794889268    102002.7029850789
785000    -10961.5674251769        91.0086930278       995.0889511832    102002.7029850789
786000    -10961.5980829309        91.0077160854       994.9615373550    102002.7029850789
787000    -10961.6452449513        91.0061115825       994.9633286231    102002.7029850789
788000    -10961.6534777453        91.0064236496       994.9844820873    102002.7029850789
789000    -10961.6741679939        91.0062587991       994.9695308590    102002.7029850789
790000    -10961.7077803201        91.0049218074       994.9349769892    102002.7029850789
791000    -10961.7054031982        91.0054269472       994.8176583865    102002.7029850789
792000    -10961.7194512916        91.0048530527       994.7512331499    102002.7029850789
793000    -10961.7535401515        91.0033098130       994.6014211727    102002.7029850789
794000    -10961.7704808431        91.0034552704       994.5641870031    102002.7029850789
795000    -10961.7259763305        91.0057523170       994.5036677212    102002.7029850789
796000    -10961.7292436818        91.0060686573       994.5898528499    102002.7029850789
797000    -10961.7356301215        91.0060313518       994.5655472374    102002.7029850789
798000    -10961.7359792483        91.0067794028       994.6520136058    102002.7029850789
799000    -10961.7114085361        91.0079730747       994.7294016375    102002.7029850789
800000    -10961.7291371374        91.0072653680       994.8574659087    102002.7029850789
801000    -10961.7051225878        91.0080772547       994.8739552275    102002.7029850789
802000    -10961.7135174303        91.0080371933       994.9281453394    102002.7029850789
803000    -10961.7404535734        91.0068281571       994.9305840225    102002.7029850789
804000    -10961.7253598950        91.0073998385       995.1648154452    102002.7029850789
805000    -10961.7222256555        91.0076188213       995.3217278911    102002.7029850789
806000    -10961.7463701533        91.0065787858       995.3769876688    102002.7029850789
807000    -10961.7227238352        91.0079130436       995.3918484686    102002.7029850789
808000    -10961.7699542406        91.0056721183       995.4677366922    102002.7029850789
809000    -10961.7820523502        91.0054730867       995.6344892182    102002.7029850789
810000    -10961.7612774202        91.0064720610       995.7273991741    102002.7029850789
811000    -10961.7174654896        91.0085693018       995.8197243489    102002.7029850789
812000    -10961.7219725416        91.0081187870       995.8510323810    102002.7029850789
813000    -10961.7462829859        91.0068242726       995.9649608929    102002.7029850789
814000    -10961.7397166080        91.0073030741       996.0137977726    102002.7029850789
815000    -10961.7634791905        91.0063299252       995.9287498133    102002.7029850788
816000    -10961.7675320605        91.0070437706       995.8887072331    102002.7029850788
817000    -10961.7942636223        91.0063325293       995.9917292921    102002.7029850788
818000    -10961.7978269066        91.0061623956       996.0167899519    102002.7029850788
819000    -10961.8161331066        91.0054731851       995.8176701558    102002.7029850788
820000    -10961.8171147530        91.0061333556       995.8474268728    102002.7029850788
821000    -10961.8232129177        91.0057464517       995.9454753837    102002.7029850788
822000    -10961.8025996603        91.0073421136       995.8988790656    102002.7029850788
823000    -10961.8280903932        91.0066906982       995.8340023594    102002.7029850788
824000    -10961.8451050282        91.0056451081       995.8860605340    102002.7029850788
825000    -10961.8618323507        91.0054652926       995.8470113612    102002.7029850788
826000    -10961.9007467638        91.0037342556       995.8085887242    102002.7029850788
827000    -10961.9152676247        91.0040929147       995.7892605072    102002.7029850788
828000    -10961.9250120561        91.0038821829       995.8918157471    102002.7029850788
829000    -10961.9226116098        91.0047587627       995.9573882860    102002.7029850788
830000    -10961.9183333771        91.0053180748       996.1128181563    102002.7029850788
831000    -10961.8987445967        91.0062511782       996.1903365950    102002.7029850788
832000    -10961.8816937977        91.0067117455       996.1933975833    102002.7029850788
833000    -10961.9141211080        91.0056375331       996.0113398392    102002.7029850788
834000    -10961.8827617087        91.0072645273       995.9820253492    102002.7029850788
835000    -10961.9144414099        91.0064486617       995.8904982608    102002.7029850788
836000    -10961.9149142912        91.0071037737       995.9484427263    102002.7029850788
837000    -10961.9201574265        91.0068985021       995.8564418370    102002.7029850788
838000    -10961.9360618757        91.0068538107       995.7169302548    102002.7029850788
839000    -10961.9434002791        91.0069532059       995.6534956411    102002.7029850788
840000    -10961.9504434696        91.0066380319       995.5473426966    102002.7029850788
841000    -10961.9280619142        91.0083643784       995.6437950763    102002.7029850788
842000    -10961.9274767158        91.0089518667       995.7680962750    102002.7029850788
843000    -10961.9298530172        91.0094627639       995.8859733949    102002.7029850788
844000    -10961.9402013314        91.0093896218       995.9176672424    102002.7029850788
845000    -10961.9506591507        91.0095683652       996.0158645978    102002.7029850788
846000    -10961.9623179585        91.0095473520       996.2223796729    102002.7029850788
847000    -10961.9596350743        91.0101456304       996.3001859252    102002.7029850788
848000    -10961.9766535732        91.0093425660       996.4166276712    102002.7029850788
849000    -10961.9745539788        91.0094091465       996.4246762934    102002.7029850788
850000    -10961.9565898177        91.0099129320       996.3305406275    102002.7029850788
851000    -10961.9798738522        91.0094704600       996.3363965376    102002.7029850788
852000    -10962.0267805000        91.0074557378       996.1657166817    102002.7029850788
853000    -10962.0326751967        91.0068110554       996.2482983238    102002.7029850788
854000    -10962.0469371112        91.0062811993       996.0876381688    102002.7029850788
855000    -10962.0628976007        91.0051768074       995.8827077677    102002.7029850788
856000    -10962.0537282982        91.0055999243       995.8682130436    102002.7029850788
857000    -10962.0558082291        91.0056020036       995.9818280320    102002.7029850788
858000    -10962.0328154137        91.0064104664       996.0420921621    102002.7029850788
859000    -10962.0641628674        91.0053678507       995.9860649828    102002.7029850788
860000    -10962.0615529068        91.0050913543       995.9697666343    102002.7029850788
861000    -10962.0922205732        91.0033243301       996.0311600357    102002.7029850788
862000    -10962.0755424355        91.0035379021       996.2893758234    102002.7029850788
863000    -10962.0848875601        91.0030321546       996.3667429074    102002.7029850788
864000    -10962.1007361694        91.0022732625       996.4183715809    102002.7029850788
865000    -10962.1210731245        91.0013744647       996.5092518521    102002.7029850788
866000    -10962.1381991917        91.0004682283       996.5218201575    102002.7029850788
867000    -10962.1447382708        91.0003076139       996.5346276191    102002.7029850788
868000    -10962.1726502959        90.9998919098       996.4895695573    102002.7029850788
869000    -10962.1935346462        90.9993171236       996.4081747468    102002.7029850788
870000    -10962.1986071844        90.9994070005       996.2691056021    102002.7029850787
871000    -10962.1908280856        91.0001791054       996.2243507017    102002.7029850787
872000    -10962.1926963431        91.0004001919       996.1646732095    102002.7029850787
873000    -10962.1940556472        91.0003695065       996.1029305109    102002.7029850787
874000    -10962.2005111095        91.0003845291       996.1372936780    102002.7029850787
875000    -10962.1966534398        91.0004486567       996.0527836622    102002.7029850787
876000    -10962.2248079753        91.0001738232       995.9997553861    102002.7029850787
877000    -10962.2548036870        90.9993307556       995.9641218221    102002.7029850787
878000    -10962.2404807315        91.0005677944       995.8317080983    102002.7029850787
879000    -10962.2582229607        91.0001461572       995.7950701068    102002.7029850787
880000    -10962.2686551798        91.0003918990       995.7532839246    102002.7029850787
881000    -10962.3045362838        90.9997920676       995.5800431433    102002.7029850787
882000    -10962.3099112785        91.0006959060       995.5442686203    102002.7029850787
883000    -10962.2784004549        91.0027561856       995.4305219529    102002.7029850787
884000    -10962.2994692602        91.0024161498       995.3351235536    102002.7029850787
885000    -10962.3042351068        91.0022331581       995.4224386166    102002.7029850787
886000    -10962.2962756551        91.0023963493       995.3938528175    102002.7029850787
887000    -10962.3029052353        91.0024917145       995.5061975659    102002.7029850787
888000    -10962.3062375664        91.0021703967       995.5403795420    102002.7029850787
889000    -10962.3101334168        91.0020537171       995.4608750506    102002.7029850787
890000    -10962.3103177957        91.0023798220       995.4601296685    102002.7029850787
891000    -10962.3038091706        91.0032343381       995.4289735748    102002.7029850787
892000    -10962.3066912878        91.0034923468       995.4408369592    102002.7029850787
893000    -10962.3206446747        91.0036013270       995.4555315868    102002.7029850787
894000    -10962.3388365032        91.0030150598       995.5163898871    102002.7029850787
895000    -10962.3491689695        91.0032243064       995.5193945236    102002.7029850787
896000    -10962.3822423639        91.0020118143       995.3847306132    102002.7029850787
897000    -10962.3670714418        91.0029720647       995.4476725064    102002.7029850787
898000    -10962.3856297740        91.0023206287       995.3497078267    102002.7029850787
899000    -10962.3900450178        91.0023145396       995.4606601969    102002.7029850787
900000    -10962.3815953478        91.0031746423       995.4285718977    102002.7029850787
901000    -10962.3855142698        91.0030846040       995.4438403076    102002.7029850787
902000    -10962.3796543283        91.0030622271       995.3999623578    102002.7029850787
903000    -10962.3964947625        91.0021108884       995.3238633865    102002.7029850787
904000    -10962.3975198004        91.0019108775       995.3249139060    102002.7029850787
905000    -10962.3711714808        91.0029995047       995.2606495888    102002.7029850787
906000    -10962.3570513582        91.0036210230       995.3081691399    102002.7029850787
907000    -10962.3737037383        91.0032556509       995.1511983803    102002.7029850787
908000    -10962.4076363282        91.0021493398       994.9742696110    102002.7029850787
909000    -10962.4377230014        91.0008443068       995.0424046620    102002.7029850787
910000    -10962.4462169784        91.0002805372       995.0343351476    102002.7029850787
911000    -10962.4232677342        91.0010713902       994.9829576271    102002.7029850787
912000    -10962.4460510621        91.0003946826       994.9249671934    102002.7029850787
913000    -10962.4452474286        90.9997617211       994.9510221102    102002.7029850787
914000    -10962.4226606240        91.0007111937       994.9318598513    102002.7029850787
915000    -10962.4333654801        91.0000372861       994.9497489732    102002.7029850787
916000    -10962.4257847816        90.9997403103       994.9358877106    102002.7029850787
917000    -10962.4247954301        90.9988226645       994.8151201414    102002.7029850787
918000    -10962.4211995354        90.9992257246       994.7660813337    102002.7029850787
919000    -10962.4388141795        90.9979281262       994.7056258862    102002.7029850787
920000    -10962.4414951316        90.9976785035       994.6856436841    102002.7029850787
921000    -10962.4520077369        90.9975264593       994.6965135101    102002.7029850787
922000    -10962.4367562516        90.9984069953       994.7390401086    102002.7029850787
923000    -10962.4336147044        90.9982411454       994.8043219948    102002.7029850787
924000    -10962.4215317653        90.9981976198       994.8034015131    102002.7029850787
925000    -10962.4195305041        90.9980844418       994.8076270566    102002.7029850787
926000    -10962.4552501496        90.9959176652       994.7760107847    102002.7029850787
927000    -10962.4499774462        90.9957852807       994.8327014861    102002.7029850786
928000    -10962.4367569288        90.9962937851       994.8777717016    102002.7029850786
929000    -10962.4503356829        90.9952771119       994.8754769588    102002.7029850786
930000    -10962.4417019102        90.9955653157       994.9749257312    102002.7029850786
931000    -10962.4558021338        90.9939604251       995.1100048603    102002.7029850786
932000    -10962.4433133897        90.9943238447       995.1261722322    102002.7029850786
933000    -10962.4490065997        90.9934501427       995.1383750720    102002.7029850786
934000    -10962.4364365575        90.9935521397       995.2522649905    102002.7029850786
935000    -10962.4088004315        90.9943999549       995.3003946684    102002.7029850786
936000    -10962.4237211757        90.9932637146       995.3863638644    102002.7029850786
937000    -10962.4308942012        90.9926735713       995.4650664500    102002.7029850786
938000    -10962.4189655206        90.9928170464       995.5691943385    102002.7029850786
939000    -10962.4085053689        90.9932254563       995.6766220756    102002.7029850786
940000    -10962.3963505023        90.9937567375       995.7008456718    102002.7029850786
941000    -10962.3923962131        90.9934060350       995.7896817107    102002.7029850786
942000    -10962.4029456503        90.9925904825       995.8722859528    102002.7029850786
943000    -10962.3834145564        90.9929189193       995.8495625945    102002.7029850786
944000    -10962.3794636228        90.9928925165       995.9235979225    102002.7029850786
945000    -10962.3740969030        90.9925192549       996.0270753525    102002.7029850786
946000    -10962.3515382042        90.9934401182       996.1641409124    102002.7029850786
947000    -10962.3465687371        90.9935609625       996.2175676610    102002.7029850786
948000    -10962.3359865140        90.9935562511       996.3491210731    102002.7029850786
949000    -10962.3434011079        90.9931601873       996.4355458573    102002.7029850786
950000    -10962.3622858531        90.9917829139       996.5674586748    102002.7029850786
951000    -10962.3518849055        90.9921455123       996.7059220737    102002.7029850786
952000    -10962.3364506908        90.9928967963       996.7588222837    102002.7029850786
953000    -10962.3383195940        90.9923244368       996.8307988003    102002.7029850786
954000    -10962.3366050740        90.9923289060       997.0384048322    102002.7029850786
955000    -10962.3342313160        90.9924177027       997.1891751531    102002.7029850786
956000    -10962.3629110956        90.9911320354       997.2662865473    102002.7029850786
957000    -10962.3682309617        90.9909732035       997.3440157401    102002.7029850786
958000    -10962.3830065536        90.9898771402       997.4858897264    102002.7029850786
959000    -10962.3911037360        90.9891110060       997.5503207153    102002.7029850786
960000    -10962.3896782684        90.9888843634       997.5374193475    102002.7029850786
961000    -10962.3634757481        90.9899291224       997.6043373727    102002.7029850786
962000    -10962.3493829879        90.9904123554       997.6981526733    102002.7029850786
963000    -10962.3308591895        90.9914448115       997.8058780279    102002.7029850786
964000    -10962.3511709966        90.9910267945       997.8381155754    102002.7029850786
965000    -10962.3508713396        90.9913074165       997.8525637995    102002.7029850786
966000    -10962.3510485829        90.9916156058       997.8714472990    102002.7029850786
967000    -10962.3757584035        90.9904249716       997.9201686825    102002.7029850786
968000    -10962.3667001228        90.9908616051       997.9535978758    102002.7029850786
969000    -10962.3965199685        90.9895083055       997.8722538088    102002.7029850786
970000    -10962.3803541454        90.9902381497       998.0173209769    102002.7029850786
971000    -10962.3683756562        90.9908716197       998.0036533829    102002.7029850786
972000    -10962.3708131635        90.9909902099       997.9610079607    102002.7029850786
973000    -10962.3705906407        90.9908924468       997.8857786813    102002.7029850786
974000    -10962.3911628373        90.9903741499       997.8838700681    102002.7029850786
975000    -10962.4206700604        90.9893686005       998.0156528111    102002.7029850786
976000    -10962.4189441016        90.9899561708       998.0690422820    102002.7029850786
977000    -10962.4247362881        90.9901877851       998.0916435593    102002.7029850786
978000    -10962.4550966963        90.9893254833       997.9756566741    102002.7029850786
979000    -10962.4587246940        90.9892744997       997.9053319189    102002.7029850786
980000    -10962.4629511070        90.9892862621       997.8988310809    102002.7029850786
981000    -10962.4757498881        90.9888053188       997.8453901244    102002.7029850786
982000    -10962.5045296811        90.9876436594       997.8942355756    102002.7029850786
983000    -10962.5094801156        90.9873602824       997.8988929590    102002.7029850786
984000    -10962.5299120777        90.9863651794       997.9285568029    102002.7029850786
985000    -10962.5213799272        90.9871517584       997.9809144005    102002.7029850786
986000    -10962.5297903879        90.9868925652       998.0051718205    102002.7029850786
987000    -10962.5179182678        90.9875315323       998.0525843461    102002.7029850786
988000    -10962.5286941601        90.9868674630       998.1404744126    102002.7029850786
989000    -10962.5202780902        90.9872328763       998.1886586942    102002.7029850786
990000    -10962.5467849039        90.9862800684       998.2950724336    102002.7029850786
991000    -10962.5287452091        90.9875622911       998.3886484702    102002.7029850786
992000    -10962.5435700451        90.9872429140       998.3422610052    102002.7029850786
993000    -10962.5577721787        90.9868133940       998.2597692608    102002.7029850786
994000    -10962.5592815073        90.9873361734       998.3281957304    102002.7029850786
995000    -10962.5827122481        90.9866817309       998.2939581890    102002.7029850786
996000    -10962.5735081794        90.9871636302       998.3060999384    102002.7029850786
997000    -10962.5861369079        90.9867292028       998.1949009408    102002.7029850786
998000    -10962.5886087108        90.9864910771       998.0925427468    102002.7029850786
999000    -10962.5902360571        90.9865885396       998.1380268354    102002.7029850786
1000000    -10962.6029599391        90.9863748140       998.0745644545    102002.7029850786
