# Time-averaged data for fix runningavgs
# TimeStep v_ra_etotal v_ra_temp v_ra_press v_ra_volume
502000    -10809.4319358805        91.1137382451       337.5307803197    102002.7029850792
503000    -10813.9604598803        91.0557125579       324.0800056852    102002.7029850792
504000    -10814.7820599969        91.0591485317       316.6471784982    102002.7029850792
505000    -10814.0110818197        91.0329035550       315.8604529656    102002.7029850792
506000    -10810.7161447648        91.1212550890       311.8968273674    102002.7029850792
507000    -10810.7656365968        91.0842298231       313.9304526344    102002.7029850792
508000    -10810.8044604958        91.0648948922       319.9193529849    102002.7029850792
509000    -10810.9825414144        91.0551134250       323.0976300485    102002.7029850792
510000    -10812.4242288178        90.9874481420       326.9292492280    102002.7029850792
511000    -10813.0922344284        90.9652221902       326.5247735151    102002.7029850792
512000    -10813.9396699859        90.9461347091       327.8769214469    102002.7029850792
513000    -10815.5222411285        90.8782067017       327.8420772313    102002.7029850792
514000    -10815.6594697832        90.8781121579       328.4706571224    102002.7029850792
515000    -10816.6633919573        90.8247382416       329.6510464817    102002.7029850792
516000    -10816.5251724637        90.8319932526       332.6805659664    102002.7029850792
517000    -10816.7433067513        90.8155781826       334.5239729914    102002.7029850792
518000    -10816.0955231528        90.8499422025       337.2671721169    102002.7029850792
519000    -10815.7745672041        90.8606514113       338.2562172464    102002.7029850792
520000    -10815.7981966708        90.8528997839       339.6607317294    102002.7029850792
521000    -10815.5335355715        90.8613351507       342.5231159020    102002.7029850792
522000    -10815.7790190360        90.8526103701       343.1045533614    102002.7029850792
523000    -10816.0289934644        90.8490929313       343.4959297190    102002.7029850792
524000    -10815.6821529896        90.8739081924       345.5399205256    102002.7029850792
525000    -10815.9042398131        90.8742012684       346.0434404964    102002.7029850792
526000    -10816.2702713158        90.8679623358       346.7717379397    102002.7029850792
527000    -10816.7596187110        90.8524112632       348.3331272836    102002.7029850792
528000    -10817.0425473386        90.8534800855       348.2620722383    102002.7029850792
529000    -10817.1273228843        90.8612277585       348.4188552142    102002.7029850792
530000    -10817.0633427435        90.8683771013       348.0168812935    102002.7029850792
531000    -10816.8981618916        90.8822845087       349.0769181907    102002.7029850792
532000    -10816.9687941368        90.8845633132       348.7866019173    102002.7029850792
533000    -10816.6868697258        90.8950341281       350.0455531304    102002.7029850792
534000    -10816.7673175552        90.8948126689       350.7225490670    102002.7029850792
535000    -10816.6290949411        90.9060691079       350.8101779933    102002.7029850792
536000    -10816.3340153451        90.9206228720       351.9192982259    102002.7029850792
537000    -10816.5167985031        90.9226921699       352.4708230450    102002.7029850792
538000    -10816.4376423952        90.9261300966       352.5868062221    102002.7029850792
539000    -10816.7701662049        90.9114304800       352.9087887095    102002.7029850791
540000    -10816.7400082508        90.9115463580       352.8340348390    102002.7029850791
541000    -10816.6626153386        90.9160191789       353.8830604726    102002.7029850791
542000    -10816.7208192586        90.9129392559       355.2082119021    102002.7029850791
543000    -10816.7875048108        90.9029369303       355.4143316921    102002.7029850791
544000    -10816.5235202638        90.9103362432       356.9372814741    102002.7029850791
545000    -10816.5691583851        90.9010705240       358.0199106517    102002.7029850791
546000    -10816.1841031820        90.9139477481       359.2070828281    102002.7029850791
547000    -10815.8794419063        90.9262386129       360.3968210818    102002.7029850791
548000    -10815.8947517607        90.9231932641       360.6433688958    102002.7029850791
549000    -10815.8453000608        90.9224424767       361.2884257515    102002.7029850791
550000    -10815.5251376180        90.9307893866       362.7812538426    102002.7029850791
551000    -10815.4893862550        90.9311998278       363.3440026476    102002.7029850791
552000    -10815.4322558510        90.9315612643       364.1437765409    102002.7029850791
553000    -10815.3336075442        90.9347146784       365.0580371506    102002.7029850791
554000    -10814.9670670039        90.9458333614       365.4805712061    102002.7029850791
555000    -10814.8099148497        90.9513822415       365.9288310676    102002.7029850791
556000    -10814.5701472647        90.9596512163       365.9789170967    102002.7029850791
557000    -10814.5756171383        90.9589341198       366.7928520514    102002.7029850791
558000    -10814.7634806304        90.9514528818       366.5827296142    102002.7029850791
559000    -10814.6095966927        90.9622930135       367.0417124791    102002.7029850791
560000    -10814.4841894604        90.9676016052       367.3932674157    102002.7029850791
561000    -10814.2863973793        90.9762113058       368.2783118910    102002.7029850791
562000    -10814.2810098823        90.9795316693       368.2746816154    102002.7029850791
563000    -10814.2894105443        90.9810717255       368.6067239310    102002.7029850791
564000    -10814.3106490203        90.9821293706       368.2335607961    102002.7029850791
565000    -10814.4151587199        90.9783860281       367.8809270110    102002.7029850791
566000    -10814.4986187097        90.9765818583       368.1393866662    102002.7029850791
567000    -10814.6687238842        90.9707864723       368.4489571899    102002.7029850791
568000    -10814.7781359943        90.9689302721       368.1185286331    102002.7029850791
569000    -10814.7961532733        90.9684197123       368.9102096452    102002.7029850791
570000    -10814.7134874888        90.9695879825       369.8350056339    102002.7029850791
571000    -10814.5339029380        90.9741900415       370.0881106607    102002.7029850791
572000    -10814.2937987708        90.9814729275       370.3977441415    102002.7029850791
573000    -10814.2628687660        90.9800985547       370.2835989310    102002.7029850791
574000    -10814.3824937180        90.9703907517       370.5939596024    102002.7029850791
575000    -10814.3927483486        90.9690019357       371.0687902366    102002.7029850791
576000    -10814.4325316760        90.9686517234       371.0295363820    102002.7029850791
577000    -10814.3903544728        90.9693961846       371.0930293972    102002.7029850791
578000    -10814.4080170879        90.9676477492       371.3504513440    102002.7029850791
579000    -10814.5182732196        90.9611891322       371.6685213618    102002.7029850791
580000    -10814.2971911677        90.9698342069       372.0475095054    102002.7029850791
581000    -10814.1370247342        90.9797176029       372.0572899431    102002.7029850791
582000    -10814.1547746264        90.9775245399       372.3046870597    102002.7029850791
583000    -10814.0585525261        90.9819421134       372.2061707373    102002.7029850791
584000    -10813.8709969690        90.9881307440       372.7583339035    102002.7029850791
585000    -10813.7465976520        90.9952648572       372.7913870363    102002.7029850791
586000    -10813.6687778177        90.9979283819       373.1296412813    102002.7029850791
587000    -10813.7312869564        90.9930552049       373.0082035922    102002.7029850791
588000    -10813.7499061938        90.9933283477       373.4292120057    102002.7029850791
589000    -10813.7644446394        90.9927195934       372.9231839933    102002.7029850791
590000    -10813.7250420579        90.9938767310       372.7998379280    102002.7029850791
591000    -10813.7659257994        90.9934349113       372.9732827669    102002.7029850792
592000    -10813.7205606092        90.9985325952       372.2222995116    102002.7029850792
593000    -10813.7411539716        91.0003412017       371.8530553992    102002.7029850792
594000    -10813.8434725301        90.9987136426       371.1907646977    102002.7029850792
595000    -10813.8476028830        91.0010290665       370.4327507576    102002.7029850792
596000    -10813.7782101297        91.0040761516       369.7365971556    102002.7029850792
597000    -10813.7271031686        91.0077877777       369.3098058702    102002.7029850792
598000    -10813.8063589965        91.0058838259       368.6727288506    102002.7029850792
599000    -10813.9108229689        91.0036309645       367.8639340279    102002.7029850792
600000    -10813.9487781427        91.0022632367       367.9982617843    102002.7029850792
601000    -10814.0532053598        90.9997090839       367.8078440966    102002.7029850792
602000    -10814.1844860359        90.9945408726       367.9119612395    102002.7029850792
603000    -10814.1850642927        90.9965003365       368.1729591588    102002.7029850792
604000    -10814.1651636447        91.0004133706       367.9965742635    102002.7029850793
605000    -10814.2266878830        90.9977262637       367.4601876210    102002.7029850793
606000    -10814.3988154713        90.9927671195       367.2765839851    102002.7029850793
607000    -10814.4215897449        90.9931412342       367.2432931020    102002.7029850793
608000    -10814.4818938361        90.9921419393       366.9937297927    102002.7029850793
609000    -10814.5956473425        90.9863638829       366.7491308310    102002.7029850793
610000    -10814.6182902318        90.9861374669       366.7180037308    102002.7029850793
611000    -10814.6289885584        90.9883657863       367.0479920695    102002.7029850793
612000    -10814.6281304384        90.9902625390       367.5569996513    102002.7029850793
613000    -10814.6009832664        90.9919548286       367.7255923151    102002.7029850793
614000    -10814.5580987326        90.9945467205       367.9816496257    102002.7029850793
615000    -10814.4930857293        90.9974799245       368.2115658925    102002.7029850793
616000    -10814.5258268903        90.9947128402       368.1728158598    102002.7029850793
617000    -10814.4713435298        90.9945030877       368.5137251792    102002.7029850793
618000    -10814.4575836077        90.9946087269       368.3453114745    102002.7029850793
619000    -10814.4433590046        90.9963515079       368.4959500747    102002.7029850793
620000    -10814.4523013011        90.9958787364       368.4587705886    102002.7029850793
621000    -10814.3909441738        90.9992800691       368.3121866586    102002.7029850793
622000    -10814.3675765199        91.0008751250       368.3514527815    102002.7029850794
623000    -10814.3493530568        91.0025763556       368.5351126232    102002.7029850794
624000    -10814.4451191776        90.9979113486       368.4088574538    102002.7029850794
625000    -10814.4414570505        90.9962814655       368.6460389811    102002.7029850794
626000    -10814.4484298336        90.9962634041       368.5414513224    102002.7029850794
627000    -10814.4077862437        90.9981281331       368.6660702132    102002.7029850794
628000    -10814.3869662525        90.9995069245       368.8043992919    102002.7029850794
629000    -10814.4006219956        90.9974268153       368.6241140712    102002.7029850794
630000    -10814.3912111879        90.9972984138       368.2409251731    102002.7029850794
631000    -10814.5011641862        90.9916060755       367.8356092772    102002.7029850794
632000    -10814.3995313311        90.9960079937       367.3771634614    102002.7029850794
633000    -10814.4041327865        90.9958065327       367.4962018315    102002.7029850794
634000    -10814.3615230686        90.9967028202       367.7649905104    102002.7029850794
635000    -10814.3103830983        90.9990188161       367.6014019602    102002.7029850794
636000    -10814.2921975663        91.0007076482       367.5366830581    102002.7029850794
637000    -10814.2650211848        91.0028499465       367.7000475932    102002.7029850794
638000    -10814.2716243277        91.0020535657       367.7975037607    102002.7029850794
639000    -10814.2499923399        91.0030687107       367.9052614274    102002.7029850794
640000    -10814.2504591711        91.0013912603       368.1350931756    102002.7029850794
641000    -10814.2256095332        91.0017858262       368.5817465810    102002.7029850794
642000    -10814.3005221791        90.9971464001       368.8196657002    102002.7029850794
643000    -10814.3184120628        90.9947913032       368.9558621269    102002.7029850794
644000    -10814.2339495636        90.9988715499       369.1391242746    102002.7029850794
645000    -10814.2560212789        90.9949487341       369.5167666796    102002.7029850794
646000    -10814.2254995056        90.9943884072       369.5267281142    102002.7029850795
647000    -10814.2007150881        90.9944853037       369.3939099742    102002.7029850795
648000    -10814.1433815525        90.9962764226       369.5372766259    102002.7029850795
649000    -10814.1204433394        90.9971817885       369.8533424948    102002.7029850795
650000    -10814.0754020792        90.9991333872       369.8599550396    102002.7029850795
651000    -10814.0654506865        90.9984413327       370.0997483637    102002.7029850795
652000    -10814.1030603105        90.9956872434       370.1677156587    102002.7029850795
653000    -10814.2189702936        90.9905594728       370.2151967325    102002.7029850795
654000    -10814.2082047381        90.9889474282       370.6145898570    102002.7029850795
655000    -10814.1148164094        90.9931390278       370.7702533921    102002.7029850795
656000    -10814.0900976319        90.9950466010       370.9629948530    102002.7029850795
657000    -10814.1245063923        90.9926139589       371.2122278742    102002.7029850795
658000    -10814.1395334411        90.9926646277       371.1860570142    102002.7029850795
659000    -10814.1149411879        90.9934360243       371.5037598781    102002.7029850795
660000    -10814.0822133299        90.9943284955       371.9069698512    102002.7029850795
661000    -10814.1068282464        90.9943253897       372.0207658992    102002.7029850795
662000    -10814.0947731078        90.9935019266       372.3549713963    102002.7029850795
663000    -10814.1147314546        90.9927291961       372.7021108613    102002.7029850795
664000    -10814.0961715775        90.9915590742       372.8883777327    102002.7029850795
665000    -10814.0728796772        90.9932591909       372.9051171316    102002.7029850795
666000    -10814.1124138933        90.9915915231       372.8066858512    102002.7029850795
667000    -10814.0883008362        90.9930786893       372.4497317632    102002.7029850795
668000    -10814.1403751909        90.9904779623       372.4061533601    102002.7029850795
669000    -10814.0992718629        90.9927633035       372.2265904081    102002.7029850795
670000    -10814.0378004666        90.9950039669       372.2838552791    102002.7029850795
671000    -10814.0080958647        90.9949171396       372.2931153297    102002.7029850795
672000    -10814.0030789350        90.9955220926       372.3523133968    102002.7029850795
673000    -10813.9746328705        90.9969057955       372.3712262762    102002.7029850795
674000    -10813.9310185250        90.9999700880       372.2275351854    102002.7029850794
675000    -10813.9474989192        90.9997792965       372.1167908407    102002.7029850794
676000    -10813.9248217804        91.0014611828       372.2253690437    102002.7029850794
677000    -10813.9374691551        91.0013991977       372.2595008646    102002.7029850794
678000    -10813.9516522831        91.0014463272       372.4009911349    102002.7029850794
679000    -10813.9600848771        91.0007356185       372.5763533171    102002.7029850794
680000    -10813.9218049947        91.0035003657       372.8185019511    102002.7029850794
681000    -10813.8783724277        91.0045504196       372.9169864033    102002.7029850794
682000    -10813.8240425364        91.0063095253       373.0885697311    102002.7029850794
683000    -10813.8768561281        91.0032494465       373.1913028654    102002.7029850794
684000    -10813.8458696062        91.0031684451       373.6516199407    102002.7029850794
685000    -10813.7601384576        91.0067533952       373.8972511588    102002.7029850794
686000    -10813.7235927683        91.0089610967       373.7459525707    102002.7029850794
687000    -10813.7999602340        91.0063137837       373.7362210138    102002.7029850794
688000    -10813.7900970609        91.0072124870       373.7642935333    102002.7029850793
689000    -10813.8082117308        91.0068690115       374.1255475797    102002.7029850793
690000    -10813.8902661984        91.0036306817       374.0590364274    102002.7029850793
691000    -10813.9105197043        91.0030913274       374.1052504399    102002.7029850793
692000    -10813.8886490442        91.0045577575       374.1444918175    102002.7029850793
693000    -10813.8933576025        91.0032440028       374.0542995052    102002.7029850793
694000    -10813.8399213219        91.0054198148       374.0254975593    102002.7029850793
695000    -10813.8445477229        91.0046997113       374.1364988646    102002.7029850793
696000    -10813.8909713717        91.0029818939       374.3550303343    102002.7029850793
697000    -10813.9023989978        91.0022111801       374.2211818638    102002.7029850793
698000    -10813.8457876047        91.0047035673       374.2383407557    102002.7029850793
699000    -10813.8830887650        91.0039762359       374.3240780510    102002.7029850793
700000    -10813.8606217266        91.0066071581       374.3781450371    102002.7029850793
701000    -10813.9193367271        91.0053445641       374.4112893412    102002.7029850793
702000    -10813.9639158424        91.0037030086       374.3455601434    102002.7029850793
703000    -10813.9633612105        91.0042171304       374.5420938077    102002.7029850793
704000    -10814.0371781158        91.0013126302       374.4722546097    102002.7029850792
705000    -10814.0557704203        91.0008468141       374.3415332997    102002.7029850792
706000    -10813.9912051044        91.0045444570       374.4260334933    102002.7029850792
707000    -10814.0229812522        91.0029657629       374.4155267546    102002.7029850792
708000    -10814.0441683750        91.0032993017       374.4018011339    102002.7029850792
709000    -10814.0322454230        91.0037348151       374.2148010677    102002.7029850792
710000    -10814.0672190305        91.0030266201       374.3148450960    102002.7029850792
711000    -10814.0707059909        91.0030340939       374.4379193791    102002.7029850792
712000    -10814.0604400441        91.0023134725       374.5655042014    102002.7029850792
713000    -10814.1375625720        90.9989768437       374.4154715756    102002.7029850792
714000    -10814.1364171601        90.9985263506       374.2617110727    102002.7029850792
715000    -10814.1299617828        90.9992596161       374.2417114573    102002.7029850792
716000    -10814.0988236983        91.0004360146       374.1602632841    102002.7029850792
717000    -10814.1039114667        90.9997928979       374.1473095210    102002.7029850792
718000    -10814.1774903372        90.9966878790       374.2640028101    102002.7029850792
719000    -10814.1206278382        90.9996364901       374.5095998559    102002.7029850792
720000    -10814.1345970317        90.9994708043       374.6593342719    102002.7029850792
721000    -10814.1222316718        90.9996626686       375.0709372565    102002.7029850792
722000    -10814.1738980832        90.9969804308       375.2074076236    102002.7029850792
723000    -10814.1901512703        90.9966238399       375.2374496553    102002.7029850792
724000    -10814.1381967961        90.9990816784       375.3508890491    102002.7029850791
725000    -10814.1346555481        90.9990705733       375.5414164835    102002.7029850791
726000    -10814.1486049857        90.9991081940       375.4552911013    102002.7029850791
727000    -10814.1945248805        90.9965088682       375.5422683947    102002.7029850791
728000    -10814.1911949007        90.9961617439       375.5393399968    102002.7029850791
729000    -10814.2315123963        90.9929611727       375.3864115398    102002.7029850791
730000    -10814.2202884741        90.9922415746       375.6075304563    102002.7029850791
731000    -10814.2118223705        90.9919162112       375.5608940264    102002.7029850791
732000    -10814.2089525591        90.9916680531       375.5346207523    102002.7029850791
733000    -10814.2085417917        90.9907859199       375.4594010607    102002.7029850791
734000    -10814.2008985534        90.9912540776       375.3397011359    102002.7029850791
735000    -10814.2018415626        90.9919796709       375.3636101447    102002.7029850791
736000    -10814.2164137208        90.9902266180       375.3198719596    102002.7029850791
737000    -10814.1839461067        90.9914352590       375.4658234089    102002.7029850791
738000    -10814.1596005088        90.9927346976       375.7661986945    102002.7029850791
739000    -10814.1865274774        90.9907987455       375.7786915226    102002.7029850791
740000    -10814.2282666025        90.9897797049       375.7310180331    102002.7029850791
741000    -10814.2271598450        90.9909338367       375.7824955330    102002.7029850791
742000    -10814.2354342938        90.9907494615       375.6963596841    102002.7029850791
743000    -10814.2737431837        90.9888043906       375.6616367165    102002.7029850791
744000    -10814.3157334580        90.9870139557       375.5807324820    102002.7029850791
745000    -10814.3447213270        90.9858255194       375.5520217582    102002.7029850791
746000    -10814.3177937784        90.9872293534       375.7272550349    102002.7029850791
747000    -10814.3114750862        90.9878672919       375.5678991332    102002.7029850791
748000    -10814.2795137269        90.9909441337       375.5126730711    102002.7029850790
749000    -10814.3031600918        90.9908790525       375.4355722070    102002.7029850790
750000    -10814.3217995721        90.9908922322       375.3962222799    102002.7029850790
751000    -10814.2863067308        90.9939982584       375.4182161272    102002.7029850790
752000    -10814.3115203548        90.9948760252       375.2040612874    102002.7029850790
753000    -10814.3397366376        90.9928722244       375.0100697552    102002.7029850790
754000    -10814.3619800992        90.9917560276       375.0079407129    102002.7029850790
755000    -10814.3766721179        90.9918601656       374.9351506717    102002.7029850790
756000    -10814.3789968453        90.9924228796       375.0042647810    102002.7029850790
757000    -10814.3612103535        90.9941509358       375.0624285012    102002.7029850790
758000    -10814.4035893382        90.9929482242       375.0009037216    102002.7029850790
759000    -10814.4017706452        90.9943105483       375.0470186402    102002.7029850790
760000    -10814.3980043565        90.9952818794       375.0480526162    102002.7029850790
761000    -10814.4193156208        90.9947692745       375.1333408840    102002.7029850790
762000    -10814.4261451640        90.9947804490       375.0683170727    102002.7029850790
763000    -10814.4245457823        90.9957680763       374.7375612636    102002.7029850790
764000    -10814.4229202445        90.9968391363       374.7243996024    102002.7029850790
765000    -10814.4384943219        90.9970915192       374.6981393859    102002.7029850790
766000    -10814.4759981686        90.9966839595       374.5569307230    102002.7029850790
767000    -10814.4379393407        90.9995675687       374.6647441271    102002.7029850790
768000    -10814.4573336464        90.9994028751       374.4994595206    102002.7029850790
769000    -10814.4803236922        90.9997673660       374.4027176717    102002.7029850790
770000    -10814.4893531666        90.9990782905       374.2949078914    102002.7029850790
771000    -10814.5055715626        90.9990577455       374.4181921420    102002.7029850790
772000    -10814.5254332541        90.9986331683       374.4125087763    102002.7029850790
773000    -10814.5168695718        90.9999631167       374.4901607229    102002.7029850790
774000    -10814.5447878661        90.9994701243       374.4584613410    102002.7029850790
775000    -10814.5595514354        90.9995262117       374.4197981458    102002.7029850790
776000    -10814.5858582820        91.0002581256       374.4171366442    102002.7029850790
777000    -10814.5469089177        91.0032770516       374.3736677891    102002.7029850789
778000    -10814.5841627327        91.0024784038       374.2522047845    102002.7029850789
779000    -10814.6403718619        91.0007582070       374.0627498399    102002.7029850789
780000    -10814.6980090544        90.9990724306       373.8493722460    102002.7029850789
781000    -10814.7064878667        90.9986797698       373.6725997320    102002.7029850789
782000    -10814.7192656388        90.9991169849       373.4283767024    102002.7029850789
783000    -10814.7199744637        90.9995734410       373.3461756008    102002.7029850789
784000    -10814.7038826210        91.0005275904       373.1579458201    102002.7029850789
785000    -10814.6792179376        91.0019062613       373.0647993936    102002.7029850789
786000    -10814.6847652761        91.0015555973       372.7585931881    102002.7029850789
787000    -10814.6835991379        91.0014547206       372.6164619473    102002.7029850789
788000    -10814.6602662304        91.0032954456       372.4172219451    102002.7029850789
789000    -10814.6490879839        91.0039749532       372.2995947705    102002.7029850789
790000    -10814.6907957001        91.0019911092       372.0942269116    102002.7029850789
791000    -10814.6852343884        91.0020224179       371.9617898291    102002.7029850789
792000    -10814.6599157878        91.0031331288       372.0295087372    102002.7029850789
793000    -10814.7081126048        91.0007658028       371.8569558708    102002.7029850789
794000    -10814.7400894358        91.0002094509       371.7409583891    102002.7029850789
795000    -10814.7682039567        90.9991649895       371.6557819423    102002.7029850789
796000    -10814.7633067424        91.0004520491       371.4704716425    102002.7029850789
797000    -10814.7770886278        91.0004306651       371.4613019477    102002.7029850789
798000    -10814.7994453910        90.9994723686       371.3698228399    102002.7029850789
799000    -10814.7974591383        91.0007665483       371.3446223797    102002.7029850789
800000    -10814.8500793171        90.9986856395       371.3081710451    102002.7029850789
801000    -10814.8646109553        90.9985815348       371.1691469237    102002.7029850789
802000    -10814.9058452608        90.9972871736       371.0346759972    102002.7029850789
803000    -10814.9459550580        90.9962719534       370.9391099644    102002.7029850789
804000    -10814.9723513356        90.9965201262       370.9492586445    102002.7029850789
805000    -10814.9715211743        90.9977886605       370.7000951587    102002.7029850789
806000    -10814.9845175255        90.9979512994       370.5537939368    102002.7029850789
807000    -10814.9804518547        90.9998605880       370.4820529183    102002.7029850789
808000    -10815.0251083735        90.9982552822       370.4228650198    102002.7029850789
809000    -10815.0664639403        90.9969649170       370.3840984132    102002.7029850789
810000    -10815.0906426480        90.9962974399       370.4092384971    102002.7029850789
811000    -10815.1326159071        90.9951737657       370.2718188474    102002.7029850789
812000    -10815.1412991039        90.9955140812       370.2973363921    102002.7029850789
813000    -10815.1286523985        90.9968210257       370.2002149431    102002.7029850789
814000    -10815.1371990204        90.9975846453       370.1260167427    102002.7029850789
815000    -10815.1490754452        90.9982148728       370.0427696154    102002.7029850788
816000    -10815.1489407117        90.9986698570       369.9432222162    102002.7029850788
817000    -10815.1690832643        90.9984024640       369.9231578554    102002.7029850788
818000    -10815.1677153864        90.9986516295       369.9735905886    102002.7029850788
819000    -10815.1714624470        90.9983198884       369.8712939204    102002.7029850788
820000    -10815.1373695290        91.0000907253       369.8599011807    102002.7029850788
821000    -10815.1656760899        90.9989811047       369.7988387812    102002.7029850788
822000    -10815.1573610415        90.9997165476       369.7992982278    102002.7029850788
823000    -10815.1555889374        91.0004763966       369.7785773407    102002.7029850788
824000    -10815.1622892058        91.0012466848       369.6368223163    102002.7029850788
825000    -10815.2002388329        91.0002344126       369.4185606449    102002.7029850788
826000    -10815.2365802201        90.9996414261       369.1761010754    102002.7029850788
827000    -10815.2465331094        90.9996599148       369.0247209516    102002.7029850788
828000    -10815.2835044486        90.9988206776       368.9044000331    102002.7029850788
829000    -10815.2798393496        90.9995495456       368.7635327123    102002.7029850788
830000    -10815.2754694850        91.0009356185       368.5828124420    102002.7029850788
831000    -10815.2841367282        91.0018175921       368.5062487606    102002.7029850788
832000    -10815.2893410076        91.0024723268       368.3812874419    102002.7029850788
833000    -10815.3201321546        91.0015754876       368.3309301691    102002.7029850788
834000    -10815.3345847897        91.0019552348       368.1777335311    102002.7029850788
835000    -10815.3264478850        91.0025929518       368.1685955248    102002.7029850788
836000    -10815.3104231025        91.0045533141       368.1449707119    102002.7029850788
837000    -10815.3431875116        91.0036890882       368.0778839803    102002.7029850788
838000    -10815.3595006235        91.0031846987       367.9859169032    102002.7029850788
839000    -10815.4056521091        91.0016439167       367.8551551771    102002.7029850788
840000    -10815.4358296773        91.0003155896       367.8296869710    102002.7029850788
841000    -10815.4322038768        91.0005727940       367.7144796793    102002.7029850788
842000    -10815.3840673287        91.0026143575       367.7770184274    102002.7029850788
843000    -10815.3780438609        91.0030027218       367.6794371197    102002.7029850788
844000    -10815.3661891933        91.0038673925       367.5744474341    102002.7029850788
845000    -10815.3591715400        91.0047221757       367.4219422349    102002.7029850788
846000    -10815.3452389674        91.0048065014       367.3197076044    102002.7029850788
847000    -10815.3271609743        91.0044424842       367.3117678530    102002.7029850788
848000    -10815.3276086454        91.0032741737       367.2918978459    102002.7029850788
849000    -10815.2971992344        91.0038976492       367.4051563571    102002.7029850788
850000    -10815.2996558020        91.0031053523       367.5509890658    102002.7029850788
851000    -10815.2893649100        91.0024767140       367.6422872926    102002.7029850788
852000    -10815.2589748657        91.0029355472       367.7745675526    102002.7029850788
853000    -10815.2310959268        91.0043585099       367.8021178336    102002.7029850788
854000    -10815.2229275601        91.0048762847       367.8167414714    102002.7029850788
855000    -10815.1850897755        91.0067317356       367.7804121280    102002.7029850788
856000    -10815.1612368343        91.0076211133       367.8100579076    102002.7029850788
857000    -10815.1723137787        91.0063940846       367.6783868396    102002.7029850788
858000    -10815.1544707387        91.0070027050       367.5462606142    102002.7029850788
859000    -10815.1509633482        91.0077111500       367.4437225450    102002.7029850788
860000    -10815.1473924442        91.0080040275       367.4454599352    102002.7029850788
861000    -10815.1246919151        91.0086072764       367.3656537426    102002.7029850788
862000    -10815.1096274727        91.0087363657       367.5450296754    102002.7029850788
863000    -10815.1104771505        91.0085186396       367.4855424290    102002.7029850788
864000    -10815.0533310367        91.0102027550       367.5858940253    102002.7029850788
865000    -10815.0323987711        91.0106730527       367.6449730369    102002.7029850788
866000    -10815.0007876819        91.0121282176       367.6388633386    102002.7029850788
867000    -10815.0095588976        91.0117818444       367.6583108073    102002.7029850788
868000    -10814.9965065862        91.0123003285       367.6394042719    102002.7029850788
869000    -10815.0039353729        91.0112929790       367.5213884627    102002.7029850788
870000    -10814.9852507300        91.0111433617       367.4351253747    102002.7029850787
871000    -10814.9993237899        91.0101253809       367.4587478858    102002.7029850787
872000    -10815.0189636316        91.0091574836       367.4198157236    102002.7029850787
873000    -10815.0194838652        91.0090998465       367.3861765350    102002.7029850787
874000    -10815.0060045637        91.0094555232       367.3522166492    102002.7029850787
875000    -10815.0147168838        91.0088432565       367.2630021869    102002.7029850787
876000    -10815.0094529643        91.0088543248       367.3249427858    102002.7029850787
877000    -10814.9766301732        91.0098844713       367.3203185653    102002.7029850787
878000    -10814.9809323431        91.0093495263       367.2540105785    102002.7029850787
879000    -10814.9662141193        91.0101525634       367.2475665120    102002.7029850787
880000    -10814.9689410702        91.0102798964       367.1152591858    102002.7029850787
881000    -10814.9684066989        91.0101026322       367.0646549205    102002.7029850787
882000    -10814.9831110701        91.0093355478       367.0517006326    102002.7029850787
883000    -10815.0074005060        91.0075050963       367.0511384650    102002.7029850787
884000    -10815.0151006862        91.0069135805       367.1588064264    102002.7029850787
885000    -10815.0087558056        91.0076766651       367.1168796409    102002.7029850787
886000    -10815.0248925490        91.0067112448       366.9920944099    102002.7029850787
887000    -10815.0247808021        91.0068074903       366.9030153873    102002.7029850787
888000    -10815.0403023765        91.0063379865       366.8160696033    102002.7029850787
889000    -10815.0424135452        91.0067875128       366.7694037108    102002.7029850787
890000    -10815.0288370286        91.0076334844       366.6885232109    102002.7029850787
891000    -10815.0640231600        91.0067725953       366.4756221590    102002.7029850787
892000    -10815.0777966200        91.0071075916       366.3556355374    102002.7029850787
893000    -10815.0902972655        91.0067348158       366.1345412167    102002.7029850787
894000    -10815.1253892949        91.0055058156       365.9123162918    102002.7029850787
895000    -10815.1492271655        91.0045955076       365.7217592001    102002.7029850787
896000    -10815.1741110685        91.0034627608       365.5151902931    102002.7029850787
897000    -10815.1703234758        91.0043232127       365.4136626311    102002.7029850787
898000    -10815.1719366168        91.0044121216       365.2983762343    102002.7029850787
899000    -10815.1616499339        91.0050744525       365.2452646819    102002.7029850787
900000    -10815.1434176412        91.0066497397       365.1442671998    102002.7029850787
901000    -10815.1520372562        91.0069587307       365.0121768370    102002.7029850787
902000    -10815.1761015525        91.0063458370       364.8343857959    102002.7029850787
903000    -10815.1660810000        91.0076495786       364.7859171087    102002.7029850787
904000    -10815.1917741542        91.0074829840       364.6049480773    102002.7029850787
905000    -10815.1937110984        91.0077566046       364.6160157692    102002.7029850787
906000    -10815.1791008564        91.0085470454       364.5672887367    102002.7029850787
907000    -10815.1899170816        91.0084843811       364.4732513820    102002.7029850787
908000    -10815.1926659712        91.0089006357       364.3779602214    102002.7029850787
909000    -10815.2109571363        91.0079879291       364.2205079412    102002.7029850787
910000    -10815.2011874939        91.0090800871       364.1056875260    102002.7029850787
911000    -10815.2058444477        91.0091607021       364.0221289344    102002.7029850787
912000    -10815.2330256471        91.0086365227       363.8479528579    102002.7029850787
913000    -10815.2335309545        91.0090089375       363.7780302681    102002.7029850787
914000    -10815.2378338252        91.0093779050       363.7524265170    102002.7029850787
915000    -10815.2402684965        91.0092321559       363.5684706615    102002.7029850787
916000    -10815.2774849665        91.0076115967       363.4727137767    102002.7029850787
917000    -10815.2936777984        91.0069442620       363.3944682512    102002.7029850787
918000    -10815.2946480897        91.0068819771       363.2890225655    102002.7029850787
919000    -10815.2876426494        91.0070134086       363.2547620065    102002.7029850787
920000    -10815.3011731615        91.0064380897       363.1255132217    102002.7029850787
921000    -10815.2939686486        91.0067462812       363.1375258026    102002.7029850787
922000    -10815.2855197272        91.0073498973       363.1495777411    102002.7029850787
923000    -10815.2912612157        91.0068874987       363.0526758131    102002.7029850787
924000    -10815.3047352868        91.0061065519       363.1067078860    102002.7029850787
925000    -10815.2830762888        91.0075289149       363.0622033427    102002.7029850787
926000    -10815.2893565344        91.0075259365       363.0700460308    102002.7029850787
927000    -10815.2689041243        91.0083405486       363.1045560950    102002.7029850786
928000    -10815.2661287947        91.0085273432       363.1226575628    102002.7029850786
929000    -10815.2543274069        91.0087755047       363.1184139012    102002.7029850786
930000    -10815.2714983546        91.0084192635       363.0002667473    102002.7029850786
931000    -10815.2723262754        91.0086075197       363.0345577895    102002.7029850786
932000    -10815.2771273816        91.0081462849       363.0805772432    102002.7029850786
933000    -10815.2746971224        91.0081982017       362.9307119377    102002.7029850786
934000    -10815.2734630132        91.0084416953       362.9531493364    102002.7029850786
935000    -10815.2543053820        91.0095936597       363.0300825077    102002.7029850786
936000    -10815.2606227302        91.0092877976       362.9696543011    102002.7029850786
937000    -10815.2489272162        91.0100735246       362.9109515773    102002.7029850786
938000    -10815.2756522876        91.0100798476       362.8268200656    102002.7029850786
939000    -10815.2917952337        91.0098189928       362.7001520902    102002.7029850786
940000    -10815.2782519199        91.0107879093       362.6724780948    102002.7029850786
941000    -10815.3024922941        91.0104187363       362.6174214030    102002.7029850786
942000    -10815.3198406983        91.0098730557       362.5686514376    102002.7029850786
943000    -10815.3488200508        91.0092962376       362.4385532371    102002.7029850786
944000    -10815.3289007777        91.0106307929       362.3010566765    102002.7029850786
945000    -10815.3220297952        91.0116586801       362.1508886230    102002.7029850786
946000    -10815.2988232804        91.0128021864       362.0580926100    102002.7029850786
947000    -10815.3107586049        91.0126829076       361.9500728757    102002.7029850786
948000    -10815.3099532213        91.0124180777       361.8474296817    102002.7029850786
949000    -10815.3195786477        91.0124760339       361.6996820671    102002.7029850786
950000    -10815.3195928387        91.0124785479       361.5296002679    102002.7029850786
951000    -10815.3302484341        91.0123894347       361.2023365204    102002.7029850786
952000    -10815.3404132522        91.0116168458       360.9734538460    102002.7029850786
953000    -10815.3083634878        91.0126547683       360.8861151647    102002.7029850786
954000    -10815.3099175961        91.0122332702       360.8218236135    102002.7029850786
955000    -10815.3157139964        91.0122014968       360.7682681317    102002.7029850786
956000    -10815.2866604922        91.0136410496       360.6451179889    102002.7029850786
957000    -10815.2983328370        91.0130530138       360.6208217806    102002.7029850786
958000    -10815.3018572181        91.0135907595       360.7362624261    102002.7029850786
959000    -10815.3051615771        91.0136640419       360.7820481508    102002.7029850786
960000    -10815.3208237281        91.0134475010       360.7408860176    102002.7029850786
961000    -10815.3200744344        91.0137014544       360.6544620719    102002.7029850786
962000    -10815.3533289112        91.0123853974       360.6654113438    102002.7029850786
963000    -10815.3508279313        91.0122994997       360.6629123132    102002.7029850786
964000    -10815.3347703721        91.0135303682       360.5943122251    102002.7029850786
965000    -10815.3171387515        91.0143100781       360.6001635989    102002.7029850786
966000    -10815.3218157580        91.0140208491       360.5370869383    102002.7029850786
967000    -10815.3275142201        91.0137214661       360.4419363773    102002.7029850786
968000    -10815.3286630497        91.0137835306       360.4336924540    102002.7029850786
969000    -10815.3022487830        91.0151551294       360.4039298029    102002.7029850786
970000    -10815.2987159204        91.0151796787       360.4678492968    102002.7029850786
971000    -10815.3246055728        91.0137248362       360.4848029740    102002.7029850786
972000    -10815.3156887634        91.0144198330       360.5050514716    102002.7029850786
973000    -10815.3072483236        91.0146251570       360.5864497988    102002.7029850786
974000    -10815.3110149980        91.0140441420       360.6182724885    102002.7029850786
975000    -10815.3101434931        91.0136205377       360.6620024771    102002.7029850786
976000    -10815.3190111349        91.0134208950       360.5283425394    102002.7029850786
977000    -10815.3415484584        91.0127877629       360.4851358966    102002.7029850786
978000    -10815.3343493685        91.0133551786       360.4734813942    102002.7029850786
979000    -10815.3363837615        91.0134111148       360.3958596255    102002.7029850786
980000    -10815.3440628783        91.0129104375       360.3876632533    102002.7029850786
981000    -10815.3484642145        91.0128291876       360.3859438181    102002.7029850786
982000    -10815.3305495801        91.0140605538       360.3127086779    102002.7029850786
983000    -10815.3366462465        91.0138015488       360.2556655698    102002.7029850786
984000    -10815.3500143812        91.0130907030       360.1902906624    102002.7029850786
985000    -10815.3770696741        91.0120578155       360.0553556160    102002.7029850786
986000    -10815.3959481410        91.0113172748       359.9932143438    102002.7029850786
987000    -10815.4217790041        91.0101347823       360.0571321362    102002.7029850786
988000    -10815.4436386287        91.0097599197       360.0962092644    102002.7029850786
989000    -10815.4405374875        91.0103594078       360.0504543636    102002.7029850786
990000    -10815.4535573191        91.0102914380       359.9846250790    102002.7029850786
991000    -10815.4566516606        91.0101108806       359.9845123371    102002.7029850786
992000    -10815.4481350355        91.0110371349       360.0165060275    102002.7029850786
993000    -10815.4346926504        91.0124763013       360.0219580361    102002.7029850786
994000    -10815.4535350979        91.0115896367       360.0422904800    102002.7029850786
995000    -10815.4760122636        91.0113362947       360.0990894299    102002.7029850786
996000    -10815.4901291661        91.0110445202       360.1202767023    102002.7029850786
997000    -10815.5093027006        91.0104543987       360.0847226262    102002.7029850786
998000    -10815.5333169465        91.0100934273       360.0616966312    102002.7029850786
999000    -10815.5397138364        91.0107095177       360.0520231310    102002.7029850786
1000000    -10815.5428953644        91.0116100606       360.1068587429    102002.7029850786
