# Time-averaged data for fix runningavgs
# TimeStep v_ra_etotal v_ra_temp v_ra_press v_ra_volume
502000     -6670.5985953011       109.9245116786      -718.6805124726    102002.7029850792
503000     -6673.0851296387       109.7533465071      -696.0334974041    102002.7029850792
504000     -6674.6077400935       109.5826848416      -692.5816016501    102002.7029850792
505000     -6675.3481517956       109.5082050597      -694.5509205226    102002.7029850792
506000     -6674.7659755806       109.5639790100      -704.2877105681    102002.7029850792
507000     -6675.0093354708       109.5504680897      -704.4531599281    102002.7029850792
508000     -6675.1571966412       109.5528911972      -705.5559618682    102002.7029850792
509000     -6675.2128851714       109.5570381681      -706.3764898513    102002.7029850792
510000     -6674.2034733523       109.6435432634      -707.3056823851    102002.7029850792
511000     -6673.1778986273       109.7415393416      -706.8020561806    102002.7029850792
512000     -6671.7666679160       109.8626120731      -710.6691979254    102002.7029850792
513000     -6672.7334929492       109.7811916020      -711.3482885056    102002.7029850792
514000     -6672.8600573614       109.7688109815      -711.6014367516    102002.7029850792
515000     -6671.9847702287       109.8570792842      -711.0268382122    102002.7029850792
516000     -6671.1401886990       109.9367495440      -711.4309085078    102002.7029850792
517000     -6671.4142972909       109.9120948544      -710.8117511000    102002.7029850792
518000     -6671.1565752709       109.9433628975      -709.2111632893    102002.7029850792
519000     -6670.5354318029       109.9993609649      -710.7891278275    102002.7029850792
520000     -6670.5836862768       110.0044176718      -710.5978587807    102002.7029850792
521000     -6671.1630705530       109.9520244482      -708.5322162176    102002.7029850792
522000     -6671.2943010022       109.9395499785      -707.3064973971    102002.7029850792
523000     -6671.4389923407       109.9272020099      -706.7279770286    102002.7029850792
524000     -6671.2325017900       109.9518290341      -704.1279766525    102002.7029850792
525000     -6671.1857409920       109.9529244405      -704.3738843979    102002.7029850792
526000     -6671.3341908157       109.9423153247      -704.8410235327    102002.7029850792
527000     -6671.5091550851       109.9281567297      -703.6911547497    102002.7029850792
528000     -6671.6764945947       109.9062133968      -702.4247978210    102002.7029850792
529000     -6671.9194966834       109.8807239459      -702.0065990296    102002.7029850792
530000     -6671.9390236808       109.8839474639      -700.0823493341    102002.7029850792
531000     -6671.7470974465       109.8998374324      -699.6909201209    102002.7029850792
532000     -6671.4592180180       109.9240569774      -700.0899728980    102002.7029850792
533000     -6671.3953464117       109.9354137248      -699.0015369236    102002.7029850792
534000     -6671.4372516023       109.9328085869      -698.0930625036    102002.7029850792
535000     -6671.2602148252       109.9433642507      -697.7794940877    102002.7029850792
536000     -6670.9406325207       109.9745095639      -697.0897501803    102002.7029850792
537000     -6670.8920672428       109.9821354177      -696.1277761785    102002.7029850792
538000     -6670.9664467066       109.9751343002      -696.3142717272    102002.7029850792
539000     -6670.7540880934       109.9938497194      -695.8754359383    102002.7029850791
540000     -6670.6786141499       110.0009489397      -694.9886803997    102002.7029850791
541000     -6670.6289327686       110.0053462137      -694.5572261136    102002.7029850791
542000     -6670.8284291137       109.9885623612      -694.0618606989    102002.7029850791
543000     -6670.6990374334       109.9968452928      -694.3959393270    102002.7029850791
544000     -6670.4813627247       110.0179223324      -694.1788409647    102002.7029850791
545000     -6670.3397758212       110.0330312091      -694.6275927893    102002.7029850791
546000     -6670.1562861445       110.0507081881      -694.3922030106    102002.7029850791
547000     -6669.9782812834       110.0662971622      -694.1224800751    102002.7029850791
548000     -6669.8801545495       110.0763251940      -693.5420223707    102002.7029850791
549000     -6669.8477098135       110.0801895630      -693.3453573719    102002.7029850791
550000     -6669.6543259250       110.0977049511      -693.6884803871    102002.7029850791
551000     -6669.7141543996       110.0907377786      -694.2758170278    102002.7029850791
552000     -6669.6794753400       110.0927514408      -694.6213547700    102002.7029850791
553000     -6669.7329693046       110.0904598056      -694.5390711179    102002.7029850791
554000     -6669.6877457275       110.0918808528      -694.5482485016    102002.7029850791
555000     -6669.8649508966       110.0750367843      -694.2299809134    102002.7029850791
556000     -6669.8507750834       110.0760984112      -694.3170531304    102002.7029850791
557000     -6669.9623495120       110.0661151249      -694.4396372086    102002.7029850791
558000     -6670.0805815535       110.0553344321      -694.7231393946    102002.7029850791
559000     -6670.1548653940       110.0459376567      -694.8725139222    102002.7029850791
560000     -6670.2631273812       110.0363776394      -694.6295040844    102002.7029850791
561000     -6670.4277990748       110.0194978217      -694.6794600490    102002.7029850791
562000     -6670.4507501545       110.0168371590      -694.6916705689    102002.7029850791
563000     -6670.5552118645       110.0061463911      -694.6089330815    102002.7029850791
564000     -6670.6693016436       109.9959370232      -694.4830365703    102002.7029850791
565000     -6670.6684927269       109.9956282258      -694.1621398278    102002.7029850791
566000     -6670.5213185892       110.0096946603      -693.7385573821    102002.7029850791
567000     -6670.4756274658       110.0119120192      -693.1834156800    102002.7029850791
568000     -6670.5114009664       110.0106608694      -692.9780072159    102002.7029850791
569000     -6670.6387341228       109.9983356000      -692.8162236475    102002.7029850791
570000     -6670.7021733181       109.9884814165      -692.6941175756    102002.7029850791
571000     -6670.6841805318       109.9908830776      -692.7282725179    102002.7029850791
572000     -6670.6730867621       109.9928280814      -692.2023364813    102002.7029850791
573000     -6670.6271722759       109.9963675147      -692.1929857524    102002.7029850791
574000     -6670.5837853766       109.9979275628      -691.9866420023    102002.7029850791
575000     -6670.5934872846       109.9996420629      -691.6757920563    102002.7029850791
576000     -6670.5201736228       110.0079146865      -691.7815164385    102002.7029850791
577000     -6670.5547625392       110.0045916858      -692.1508178008    102002.7029850791
578000     -6670.7189549106       109.9907001804      -691.6277386455    102002.7029850791
579000     -6670.7808947402       109.9844983218      -691.2687580576    102002.7029850791
580000     -6670.9358725291       109.9702441571      -691.4957735166    102002.7029850791
581000     -6671.0829738666       109.9566906375      -691.2835399810    102002.7029850791
582000     -6671.1052555641       109.9563468915      -690.8604344117    102002.7029850791
583000     -6671.1149312159       109.9556327822      -690.6982328023    102002.7029850791
584000     -6671.1337086742       109.9534965873      -690.4189006377    102002.7029850791
585000     -6671.2016077285       109.9480873680      -690.1053084595    102002.7029850791
586000     -6671.2792769513       109.9411636334      -690.1467673052    102002.7029850791
587000     -6671.3846684906       109.9302598353      -690.2444872794    102002.7029850791
588000     -6671.4375933379       109.9261382377      -689.8055583033    102002.7029850791
589000     -6671.3836503544       109.9294288023      -689.8163314348    102002.7029850791
590000     -6671.3124836748       109.9364680705      -689.7728324789    102002.7029850791
591000     -6671.1757158399       109.9495015341      -689.6086044282    102002.7029850792
592000     -6671.1520641681       109.9504845871      -689.4653376442    102002.7029850792
593000     -6671.1337190912       109.9509073155      -689.4324198226    102002.7029850792
594000     -6671.0297050593       109.9618342820      -689.3132540692    102002.7029850792
595000     -6671.0526066271       109.9597096812      -688.9932194183    102002.7029850792
596000     -6671.0909866451       109.9533649764      -688.8308510137    102002.7029850792
597000     -6671.1486693392       109.9486966637      -688.7637467037    102002.7029850792
598000     -6671.2129400772       109.9439192213      -688.6833258797    102002.7029850792
599000     -6671.2724098072       109.9384265084      -688.7082378241    102002.7029850792
600000     -6671.3077575671       109.9349599178      -688.5621050584    102002.7029850792
601000     -6671.2879387177       109.9366944105      -688.5738248669    102002.7029850792
602000     -6671.2056690871       109.9463256952      -688.2026684259    102002.7029850792
603000     -6671.1492790169       109.9517859803      -688.2836381404    102002.7029850792
604000     -6671.0980141338       109.9563536114      -688.3213359838    102002.7029850793
605000     -6671.1006983975       109.9566615074      -688.2337763262    102002.7029850793
606000     -6671.2335623661       109.9441104223      -688.4254237707    102002.7029850793
607000     -6671.2133184981       109.9457174424      -688.4450146630    102002.7029850793
608000     -6671.0935623345       109.9573300792      -688.3111807616    102002.7029850793
609000     -6671.1532215641       109.9531285010      -688.3797256495    102002.7029850793
610000     -6671.1800815277       109.9499541046      -688.5203592834    102002.7029850793
611000     -6671.2556004673       109.9425784075      -688.7078459282    102002.7029850793
612000     -6671.2744065019       109.9416730320      -688.8786192352    102002.7029850793
613000     -6671.2202332728       109.9457418787      -688.9987552551    102002.7029850793
614000     -6671.1928879398       109.9483893956      -688.9126825928    102002.7029850793
615000     -6671.1688532017       109.9505545455      -688.6377538530    102002.7029850793
616000     -6671.1068544223       109.9555476733      -688.5848832029    102002.7029850793
617000     -6671.0365470929       109.9613891324      -688.8982735259    102002.7029850793
618000     -6671.1113821653       109.9549394559      -688.6634455578    102002.7029850793
619000     -6671.1120368750       109.9542543641      -688.5236917194    102002.7029850793
620000     -6671.0753915945       109.9566614554      -688.7090290973    102002.7029850793
621000     -6671.0168478533       109.9631994934      -688.4747519015    102002.7029850793
622000     -6670.9989103773       109.9649995663      -688.3609816808    102002.7029850794
623000     -6671.0560125593       109.9588301569      -688.4809015095    102002.7029850794
624000     -6670.9472136106       109.9697420929      -688.5868047820    102002.7029850794
625000     -6670.9349517632       109.9695371930      -688.5470706329    102002.7029850794
626000     -6670.8919471706       109.9731788056      -688.7259273110    102002.7029850794
627000     -6670.8424592204       109.9774400043      -688.8423062704    102002.7029850794
628000     -6670.8899867617       109.9735358129      -688.7012029056    102002.7029850794
629000     -6670.9207587633       109.9701879787      -688.6922560691    102002.7029850794
630000     -6670.9398087209       109.9686012487      -688.7278716546    102002.7029850794
631000     -6670.9505989438       109.9685370410      -688.5690702535    102002.7029850794
632000     -6670.9652565231       109.9666224497      -688.2296468003    102002.7029850794
633000     -6671.0066010293       109.9630148579      -688.0048599519    102002.7029850794
634000     -6670.9831277286       109.9654182465      -687.8867057841    102002.7029850794
635000     -6670.9533087503       109.9692943454      -687.8349418647    102002.7029850794
636000     -6670.9444266757       109.9700770182      -687.5482356631    102002.7029850794
637000     -6670.9629369052       109.9673952422      -687.5381388551    102002.7029850794
638000     -6671.0010327870       109.9642242099      -687.3405621942    102002.7029850794
639000     -6670.9787545867       109.9662492966      -687.0960153407    102002.7029850794
640000     -6671.0509134486       109.9594895443      -687.0616686545    102002.7029850794
641000     -6671.0381426528       109.9602668391      -687.1685187057    102002.7029850794
642000     -6670.9611929460       109.9686260114      -686.9994160294    102002.7029850794
643000     -6670.9068817705       109.9738792749      -686.7421142778    102002.7029850794
644000     -6670.8910985370       109.9749511142      -686.7624540145    102002.7029850794
645000     -6670.9193222559       109.9724193997      -686.4885022749    102002.7029850794
646000     -6670.9277072296       109.9717183305      -686.3753001409    102002.7029850795
647000     -6670.9220562963       109.9728657605      -686.3241618103    102002.7029850795
648000     -6670.9186969852       109.9728335992      -686.2514467745    102002.7029850795
649000     -6670.9649053738       109.9671230359      -686.1195196781    102002.7029850795
650000     -6670.9746366436       109.9664306579      -686.0871284441    102002.7029850795
651000     -6670.9603393580       109.9675174292      -685.8555135890    102002.7029850795
652000     -6670.9324970885       109.9689117332      -685.7729359655    102002.7029850795
653000     -6670.8725588546       109.9723511723      -685.7924027834    102002.7029850795
654000     -6670.8116785808       109.9777034613      -685.7651597233    102002.7029850795
655000     -6670.8249573513       109.9769309076      -685.8422706979    102002.7029850795
656000     -6670.9006776822       109.9695664900      -685.8390285734    102002.7029850795
657000     -6670.9276353283       109.9665725697      -685.9031154956    102002.7029850795
658000     -6670.9689662326       109.9616664357      -685.8647764013    102002.7029850795
659000     -6670.9760382523       109.9613457783      -685.7096180888    102002.7029850795
660000     -6670.8973435953       109.9678427487      -685.7471606418    102002.7029850795
661000     -6670.8691061959       109.9699742032      -685.8010989123    102002.7029850795
662000     -6670.8137441836       109.9750229173      -685.9000656993    102002.7029850795
663000     -6670.8335964214       109.9737633785      -685.9223030503    102002.7029850795
664000     -6670.8055885433       109.9769041264      -686.0004265466    102002.7029850795
665000     -6670.7462904558       109.9826900368      -686.0344388453    102002.7029850795
666000     -6670.7261531311       109.9842613823      -686.1183907619    102002.7029850795
667000     -6670.6973251102       109.9873864708      -686.1357617924    102002.7029850795
668000     -6670.6623701866       109.9905501586      -686.1642916550    102002.7029850795
669000     -6670.6474826766       109.9919410423      -686.2097850296    102002.7029850795
670000     -6670.6093293171       109.9955607119      -686.2040605696    102002.7029850795
671000     -6670.5837591776       109.9969533541      -686.3349831471    102002.7029850795
672000     -6670.6219314425       109.9925031736      -686.3208379933    102002.7029850795
673000     -6670.6200137111       109.9918568624      -686.2637119180    102002.7029850795
674000     -6670.5415956141       109.9984257206      -686.4040170824    102002.7029850794
675000     -6670.5748381230       109.9953800271      -686.6060899941    102002.7029850794
676000     -6670.5460944513       109.9986076922      -686.7359259975    102002.7029850794
677000     -6670.5240030802       110.0003375600      -686.8935976147    102002.7029850794
678000     -6670.5357234818       109.9993051335      -687.0256851473    102002.7029850794
679000     -6670.6002719055       109.9920150854      -687.0782317393    102002.7029850794
680000     -6670.6043072678       109.9909037912      -687.0145159742    102002.7029850794
681000     -6670.5848243995       109.9928351223      -687.2546422901    102002.7029850794
682000     -6670.6009985634       109.9910682819      -687.3600279186    102002.7029850794
683000     -6670.6102397072       109.9899393067      -687.3221229647    102002.7029850794
684000     -6670.6046818312       109.9900737529      -687.4447448106    102002.7029850794
685000     -6670.6428017463       109.9860811217      -687.3878282258    102002.7029850794
686000     -6670.6270653124       109.9875111739      -687.4638252833    102002.7029850794
687000     -6670.5901924927       109.9915763643      -687.4937821913    102002.7029850794
688000     -6670.5551107494       109.9955990444      -687.6744575705    102002.7029850793
689000     -6670.5464629789       109.9962526812      -687.8493461282    102002.7029850793
690000     -6670.6175536361       109.9894822728      -687.7212717738    102002.7029850793
691000     -6670.6232645257       109.9893484656      -687.8481285119    102002.7029850793
692000     -6670.5847140193       109.9930440415      -688.0032394768    102002.7029850793
693000     -6670.5751188802       109.9940338711      -688.0368334540    102002.7029850793
694000     -6670.5654697090       109.9945511216      -688.0699824192    102002.7029850793
695000     -6670.5664981935       109.9945505887      -688.1802598707    102002.7029850793
696000     -6670.6420513651       109.9876795237      -688.2206586113    102002.7029850793
697000     -6670.6426605135       109.9868630218      -688.3000801328    102002.7029850793
698000     -6670.6572868323       109.9854351474      -688.4117096909    102002.7029850793
699000     -6670.6499135409       109.9854822975      -688.4229512024    102002.7029850793
700000     -6670.6612151022       109.9847922350      -688.3894955811    102002.7029850793
701000     -6670.6272356276       109.9874777522      -688.5366423230    102002.7029850793
702000     -6670.6236416867       109.9879733902      -688.4801874296    102002.7029850793
703000     -6670.5653912096       109.9924672381      -688.4238126921    102002.7029850793
704000     -6670.5283128007       109.9958475982      -688.5710603626    102002.7029850792
705000     -6670.5012972254       109.9978605214      -688.5584154714    102002.7029850792
706000     -6670.5141176893       109.9964182501      -688.5551341692    102002.7029850792
707000     -6670.5157212103       109.9955886018      -688.5698653828    102002.7029850792
708000     -6670.5658903547       109.9909200862      -688.6508287501    102002.7029850792
709000     -6670.5993916410       109.9872547050      -688.5759778287    102002.7029850792
710000     -6670.5600189407       109.9913686304      -688.5497540137    102002.7029850792
711000     -6670.5145798342       109.9951849653      -688.6915816595    102002.7029850792
712000     -6670.5324868729       109.9939410079      -688.7023692426    102002.7029850792
713000     -6670.5808348390       109.9894810227      -688.6023110005    102002.7029850792
714000     -6670.5914517502       109.9879473613      -688.8804910653    102002.7029850792
715000     -6670.5955030430       109.9884440714      -688.9306901238    102002.7029850792
716000     -6670.5372145796       109.9932538470      -688.9583030278    102002.7029850792
717000     -6670.5354063948       109.9928650127      -688.9459569205    102002.7029850792
718000     -6670.5235262237       109.9933137373      -689.0016438729    102002.7029850792
719000     -6670.5181090078       109.9932982504      -688.8770575979    102002.7029850792
720000     -6670.4740039354       109.9978469011      -688.7969779091    102002.7029850792
721000     -6670.4398442082       110.0013408552      -688.8491077691    102002.7029850792
722000     -6670.4352552205       110.0017169223      -688.7709874147    102002.7029850792
723000     -6670.4340249453       110.0016945484      -688.6699387826    102002.7029850792
724000     -6670.4390464660       110.0010817841      -688.7157353542    102002.7029850791
725000     -6670.3905973565       110.0055901089      -688.7175115684    102002.7029850791
726000     -6670.3624742973       110.0075061325      -688.6803238187    102002.7029850791
727000     -6670.3763242268       110.0055714176      -688.5220142678    102002.7029850791
728000     -6670.4201237197       110.0007199980      -688.5342101529    102002.7029850791
729000     -6670.4209344944       110.0002482863      -688.5528537341    102002.7029850791
730000     -6670.4009646046       110.0021960463      -688.5100679613    102002.7029850791
731000     -6670.3812635946       110.0039677017      -688.6073237464    102002.7029850791
732000     -6670.3390247880       110.0079007754      -688.5683586836    102002.7029850791
733000     -6670.3177148979       110.0091997703      -688.4082174073    102002.7029850791
734000     -6670.3001214652       110.0103691004      -688.4097808171    102002.7029850791
735000     -6670.2991461029       110.0107669522      -688.2952153962    102002.7029850791
736000     -6670.3358596555       110.0070068728      -688.1797841057    102002.7029850791
737000     -6670.3575686760       110.0047628055      -688.1165126039    102002.7029850791
738000     -6670.3767050931       110.0026386409      -688.1935916471    102002.7029850791
739000     -6670.3887506957       110.0016648696      -688.0093885355    102002.7029850791
740000     -6670.3657624359       110.0038655239      -687.8538704097    102002.7029850791
741000     -6670.3309813113       110.0070146884      -687.8456802531    102002.7029850791
742000     -6670.3126276005       110.0083180006      -687.6845136636    102002.7029850791
743000     -6670.3464422364       110.0045587787      -687.6294557707    102002.7029850791
744000     -6670.3361714429       110.0051781746      -687.6037089007    102002.7029850791
745000     -6670.3064649511       110.0070809878      -687.6048803499    102002.7029850791
746000     -6670.3180667813       110.0057267299      -687.5079395996    102002.7029850791
747000     -6670.2706096876       110.0093612738      -687.4469867631    102002.7029850791
748000     -6670.2412031860       110.0114159101      -687.4298225644    102002.7029850790
749000     -6670.2557800969       110.0096059235      -687.4312468654    102002.7029850790
750000     -6670.2408231278       110.0100939964      -687.4322275615    102002.7029850790
751000     -6670.1895902847       110.0146510225      -687.4138144204    102002.7029850790
752000     -6670.1932382584       110.0136142658      -687.5268894900    102002.7029850790
753000     -6670.2354597181       110.0093718568      -687.5452476993    102002.7029850790
754000     -6670.2303921139       110.0103727167      -687.4950043779    102002.7029850790
755000     -6670.2330037125       110.0103106743      -687.5258268364    102002.7029850790
756000     -6670.2063857225       110.0124125539      -687.6465420139    102002.7029850790
757000     -6670.1861299132       110.0138826969      -687.6514626220    102002.7029850790
758000     -6670.2413663278       110.0083323600      -687.6122887440    102002.7029850790
759000     -6670.2280499990       110.0093463906      -687.6056416362    102002.7029850790
760000     -6670.2235490089       110.0092990039      -687.6282613208    102002.7029850790
761000     -6670.1828178657       110.0129966401      -687.5809372455    102002.7029850790
762000     -6670.1543976048       110.0150911868      -687.5762210140    102002.7029850790
763000     -6670.1595860911       110.0145343113      -687.5109469737    102002.7029850790
764000     -6670.1806114238       110.0122102474      -687.4541469343    102002.7029850790
765000     -6670.1841366443       110.0111979578      -687.3949861907    102002.7029850790
766000     -6670.1261164279       110.0168295634      -687.3452056162    102002.7029850790
767000     -6670.1064873638       110.0178458429      -687.2092936185    102002.7029850790
768000     -6670.1131820179       110.0163191070      -687.1341667210    102002.7029850790
769000     -6670.1187578609       110.0154329099      -687.0609222456    102002.7029850790
770000     -6670.1068631770       110.0165667440      -686.9051593138    102002.7029850790
771000     -6670.0919926427       110.0180519568      -686.8382497241    102002.7029850790
772000     -6670.0516845001       110.0216727592      -686.8427801956    102002.7029850790
773000     -6670.0252777727       110.0241231499      -686.7527383918    102002.7029850790
774000     -6670.0365362523       110.0230938417      -686.5978355054    102002.7029850790
775000     -6670.0368782909       110.0221025030      -686.5603304973    102002.7029850790
776000     -6670.0265217502       110.0233833163      -686.3850456831    102002.7029850790
777000     -6670.0231936255       110.0233178954      -686.3490524177    102002.7029850789
778000     -6669.9792902798       110.0275837889      -686.2153169702    102002.7029850789
779000     -6669.9534745838       110.0296428827      -686.0989373103    102002.7029850789
780000     -6669.9175946242       110.0327854321      -686.0670796179    102002.7029850789
781000     -6669.9065348882       110.0331767987      -685.9561402804    102002.7029850789
782000     -6669.9104299216       110.0327095327      -685.7735453921    102002.7029850789
783000     -6669.8690873822       110.0363381175      -685.6867959268    102002.7029850789
784000     -6669.8585262406       110.0375131342      -685.5676608507    102002.7029850789
785000     -6669.8123513575       110.0419763300      -685.4143329182    102002.7029850789
786000     -6669.7953278234       110.0430478235      -685.3189529209    102002.7029850789
787000     -6669.7567397234       110.0471648123      -685.2867647681    102002.7029850789
788000     -6669.7576152386       110.0473051914      -685.2253728507    102002.7029850789
789000     -6669.8053404834       110.0432894942      -685.0355651878    102002.7029850789
790000     -6669.8303000123       110.0408362466      -684.9954906517    102002.7029850789
791000     -6669.8444215119       110.0394787310      -684.8710726103    102002.7029850789
792000     -6669.8401502114       110.0396546743      -684.7290370714    102002.7029850789
793000     -6669.8286655806       110.0406539010      -684.6371189696    102002.7029850789
794000     -6669.8352174602       110.0404706749      -684.4840313790    102002.7029850789
795000     -6669.8562813235       110.0386079713      -684.3334045550    102002.7029850789
796000     -6669.8500940256       110.0396442612      -684.1715598041    102002.7029850789
797000     -6669.8829369195       110.0363371550      -684.0400614899    102002.7029850789
798000     -6669.8902006179       110.0360853376      -683.8471560867    102002.7029850789
799000     -6669.9319351662       110.0317271605      -683.7951620723    102002.7029850789
800000     -6669.9442526653       110.0301086385      -683.7212247100    102002.7029850789
801000     -6669.9598084337       110.0287945603      -683.5619573143    102002.7029850789
802000     -6669.9882395927       110.0260228051      -683.4725067715    102002.7029850789
803000     -6670.0132390046       110.0236694742      -683.3635263114    102002.7029850789
804000     -6670.0120187517       110.0241040282      -683.2459380427    102002.7029850789
805000     -6670.0408298273       110.0212628192      -683.2032906883    102002.7029850789
806000     -6670.0629484179       110.0195169634      -683.2129650577    102002.7029850789
807000     -6670.0657249845       110.0192626661      -683.1666226741    102002.7029850789
808000     -6670.0312015770       110.0228297225      -683.1518202554    102002.7029850789
809000     -6670.0260024571       110.0239211324      -683.1211740339    102002.7029850789
810000     -6669.9975355300       110.0269036842      -683.0847115622    102002.7029850789
811000     -6669.9943910743       110.0272634891      -682.9912132272    102002.7029850789
812000     -6669.9696418895       110.0297010073      -682.9312287908    102002.7029850789
813000     -6669.9499895055       110.0321948419      -682.9085581863    102002.7029850789
814000     -6669.9379619744       110.0332308532      -682.9418705572    102002.7029850789
815000     -6669.9559672551       110.0318684139      -682.9183724287    102002.7029850788
816000     -6669.9876788800       110.0294118867      -682.8377117787    102002.7029850788
817000     -6670.0176662708       110.0266007380      -682.8739461145    102002.7029850788
818000     -6670.0483433978       110.0236938287      -682.7897115286    102002.7029850788
819000     -6670.0741902461       110.0215403264      -682.6690982536    102002.7029850788
820000     -6670.0516570779       110.0240209361      -682.6059188897    102002.7029850788
821000     -6670.0353226782       110.0253225789      -682.5767756966    102002.7029850788
822000     -6670.0443669421       110.0249208791      -682.5254384740    102002.7029850788
823000     -6670.0454925493       110.0249033787      -682.5513260722    102002.7029850788
824000     -6670.0754772470       110.0220930514      -682.4699291413    102002.7029850788
825000     -6670.1022029038       110.0194078238      -682.4487557450    102002.7029850788
826000     -6670.1144908401       110.0181693783      -682.3854577415    102002.7029850788
827000     -6670.1376030912       110.0161813631      -682.3230344331    102002.7029850788
828000     -6670.1551819905       110.0148980570      -682.2351805683    102002.7029850788
829000     -6670.1253892762       110.0174474952      -682.2415367998    102002.7029850788
830000     -6670.0978352870       110.0198188569      -682.2537966608    102002.7029850788
831000     -6670.1080900189       110.0189467182      -682.2055019372    102002.7029850788
832000     -6670.0934999775       110.0202217712      -682.2534544421    102002.7029850788
833000     -6670.1095807114       110.0185475914      -682.2266105640    102002.7029850788
834000     -6670.0983083458       110.0195537321      -682.1734124258    102002.7029850788
835000     -6670.0965539729       110.0195947534      -682.1141118138    102002.7029850788
836000     -6670.1097931639       110.0180608778      -682.1274585737    102002.7029850788
837000     -6670.0942493292       110.0200397637      -682.0618700187    102002.7029850788
838000     -6670.0888839643       110.0205854381      -682.0034023101    102002.7029850788
839000     -6670.1061763765       110.0192050518      -681.9518432218    102002.7029850788
840000     -6670.1319378897       110.0167306019      -681.8605585435    102002.7029850788
841000     -6670.1546054867       110.0146633673      -681.8727563195    102002.7029850788
842000     -6670.1481218998       110.0148291431      -681.8275999874    102002.7029850788
843000     -6670.1437846481       110.0157678309      -681.8341144767    102002.7029850788
844000     -6670.1617605842       110.0141818745      -681.8252457542    102002.7029850788
845000     -6670.1774258968       110.0128648177      -681.8788143470    102002.7029850788
846000     -6670.1959188572       110.0109118870      -681.8389219722    102002.7029850788
847000     -6670.2202803465       110.0089937728      -681.8402870072    102002.7029850788
848000     -6670.2077271572       110.0097263425      -681.8780158577    102002.7029850788
849000     -6670.2111203151       110.0100761606      -681.8096101969    102002.7029850788
850000     -6670.2026327510       110.0104393698      -681.7472729320    102002.7029850788
851000     -6670.2085363434       110.0096998607      -681.7630899898    102002.7029850788
852000     -6670.1794937284       110.0119446518      -681.7704782810    102002.7029850788
853000     -6670.1889893792       110.0112489246      -681.6919387018    102002.7029850788
854000     -6670.2110019716       110.0090085891      -681.7285410911    102002.7029850788
855000     -6670.2081393944       110.0089563998      -681.7138858542    102002.7029850788
856000     -6670.1736871880       110.0120410754      -681.6641791439    102002.7029850788
857000     -6670.1517170035       110.0141665254      -681.6960409807    102002.7029850788
858000     -6670.1411649888       110.0154359710      -681.7228752040    102002.7029850788
859000     -6670.1471023449       110.0149743668      -681.6925254280    102002.7029850788
860000     -6670.1625372301       110.0134604235      -681.6911745147    102002.7029850788
861000     -6670.2016366330       110.0099769334      -681.7991309167    102002.7029850788
862000     -6670.2174378214       110.0086492847      -681.7759327627    102002.7029850788
863000     -6670.2248537627       110.0081592358      -681.7451206523    102002.7029850788
864000     -6670.1907677607       110.0115988525      -681.8544124566    102002.7029850788
865000     -6670.1793494991       110.0132256042      -681.8834404610    102002.7029850788
866000     -6670.1603682859       110.0149890817      -681.8726108807    102002.7029850788
867000     -6670.1430399302       110.0168462491      -681.9310044787    102002.7029850788
868000     -6670.1610027662       110.0151236268      -682.0401046346    102002.7029850788
869000     -6670.1474809504       110.0164708863      -681.9681257188    102002.7029850788
870000     -6670.1454393548       110.0170845494      -681.9650213741    102002.7029850787
871000     -6670.1654062792       110.0152976265      -682.1073518092    102002.7029850787
872000     -6670.1793275972       110.0146559895      -682.0705783079    102002.7029850787
873000     -6670.1705576917       110.0152923554      -682.0640338733    102002.7029850787
874000     -6670.2031427170       110.0122164588      -682.1985819696    102002.7029850787
875000     -6670.2246782300       110.0105451473      -682.2421087022    102002.7029850787
876000     -6670.2327319147       110.0095141893      -682.2592594358    102002.7029850787
877000     -6670.2437793918       110.0087148300      -682.3269628477    102002.7029850787
878000     -6670.2519857592       110.0079237061      -682.4636682443    102002.7029850787
879000     -6670.2900379770       110.0046668625      -682.4364732902    102002.7029850787
880000     -6670.3033019249       110.0036298746      -682.4824718874    102002.7029850787
881000     -6670.2927788888       110.0047720142      -682.5960100248    102002.7029850787
882000     -6670.2838939889       110.0061967469      -682.5635545548    102002.7029850787
883000     -6670.2613441559       110.0082136626      -682.6475702511    102002.7029850787
884000     -6670.2530351972       110.0091342213      -682.6611910972    102002.7029850787
885000     -6670.2506854318       110.0094370856      -682.6842793202    102002.7029850787
886000     -6670.2125175515       110.0129654191      -682.7090494107    102002.7029850787
887000     -6670.2083869103       110.0134128204      -682.7667226574    102002.7029850787
888000     -6670.2289525819       110.0117361067      -682.8324246791    102002.7029850787
889000     -6670.2531965270       110.0095180609      -682.9074619300    102002.7029850787
890000     -6670.2672538544       110.0082492451      -682.9503513459    102002.7029850787
891000     -6670.2657180138       110.0085907116      -683.0143253899    102002.7029850787
892000     -6670.2499440360       110.0101150509      -683.0071836443    102002.7029850787
893000     -6670.2481049499       110.0100252796      -683.0628540889    102002.7029850787
894000     -6670.2165720208       110.0132429442      -683.1034433889    102002.7029850787
895000     -6670.2128114174       110.0141484696      -683.0971910914    102002.7029850787
896000     -6670.1954108240       110.0158433120      -683.1395957575    102002.7029850787
897000     -6670.1951561673       110.0159309600      -683.2316620045    102002.7029850787
898000     -6670.2062624404       110.0151963396      -683.2164608889    102002.7029850787
899000     -6670.1977241386       110.0159272746      -683.2506533332    102002.7029850787
900000     -6670.2184262110       110.0139817519      -683.3235437432    102002.7029850787
901000     -6670.2189238284       110.0141515873      -683.3800395522    102002.7029850787
902000     -6670.1973357330       110.0159059094      -683.4958409257    102002.7029850787
903000     -6670.2023519890       110.0155909371      -683.5830415012    102002.7029850787
904000     -6670.1938300771       110.0167380243      -683.6470533818    102002.7029850787
905000     -6670.1772202846       110.0181444575      -683.7171562935    102002.7029850787
906000     -6670.1691062409       110.0189953691      -683.6976507957    102002.7029850787
907000     -6670.1700253496       110.0193259791      -683.6607899584    102002.7029850787
908000     -6670.1815271390       110.0180462358      -683.6829842255    102002.7029850787
909000     -6670.1810450406       110.0176709779      -683.6798804708    102002.7029850787
910000     -6670.1495091467       110.0208538199      -683.6184847165    102002.7029850787
911000     -6670.1539293049       110.0206208505      -683.5776330905    102002.7029850787
912000     -6670.1321046102       110.0225800248      -683.5650986196    102002.7029850787
913000     -6670.1214062927       110.0237937523      -683.5159951614    102002.7029850787
914000     -6670.1236551788       110.0233600446      -683.4956533499    102002.7029850787
915000     -6670.1335027909       110.0221284693      -683.5218372578    102002.7029850787
916000     -6670.1526254592       110.0201038962      -683.5151951306    102002.7029850787
917000     -6670.1525506969       110.0200484821      -683.5038649125    102002.7029850787
918000     -6670.1395918174       110.0213790226      -683.5016622047    102002.7029850787
919000     -6670.1079952258       110.0242080947      -683.5648018823    102002.7029850787
920000     -6670.1006247461       110.0248712869      -683.5545993483    102002.7029850787
921000     -6670.0817890647       110.0268732303      -683.5701119703    102002.7029850787
922000     -6670.0749159544       110.0276764108      -683.6104005182    102002.7029850787
923000     -6670.0794662838       110.0270615636      -683.5823664510    102002.7029850787
924000     -6670.0581247453       110.0290595000      -683.5920809312    102002.7029850787
925000     -6670.0386238784       110.0309061876      -683.5642293512    102002.7029850787
926000     -6670.0423462189       110.0305154609      -683.5208437606    102002.7029850787
927000     -6670.0424676749       110.0306427837      -683.5301665054    102002.7029850786
928000     -6670.0172885677       110.0330973424      -683.5884044394    102002.7029850786
929000     -6670.0196022369       110.0326795267      -683.5867255132    102002.7029850786
930000     -6670.0460696512       110.0300459058      -683.5765893621    102002.7029850786
931000     -6670.0493839230       110.0292741729      -683.6525224264    102002.7029850786
932000     -6670.0694162319       110.0270995385      -683.6761958669    102002.7029850786
933000     -6670.0671655986       110.0270296011      -683.6840908739    102002.7029850786
934000     -6670.0673806156       110.0268841412      -683.6831859190    102002.7029850786
935000     -6670.0856185696       110.0251426795      -683.6929103254    102002.7029850786
936000     -6670.0952103034       110.0242563362      -683.7205044590    102002.7029850786
937000     -6670.0991612661       110.0239271734      -683.7206393508    102002.7029850786
938000     -6670.0673469705       110.0264237216      -683.7889047479    102002.7029850786
939000     -6670.0679340182       110.0260527088      -683.8228402649    102002.7029850786
940000     -6670.0610842459       110.0271026001      -683.8552393611    102002.7029850786
941000     -6670.0287998557       110.0297909224      -683.8793279368    102002.7029850786
942000     -6670.0266300573       110.0299076250      -683.9102281115    102002.7029850786
943000     -6670.0260232946       110.0299353266      -683.9278750431    102002.7029850786
944000     -6670.0426340361       110.0280721338      -683.9815118786    102002.7029850786
945000     -6670.0391750144       110.0281361394      -684.0730822562    102002.7029850786
946000     -6670.0306414783       110.0292028897      -684.1559789514    102002.7029850786
947000     -6670.0200961602       110.0303981117      -684.1295144486    102002.7029850786
948000     -6670.0227867526       110.0300257413      -684.1979189789    102002.7029850786
949000     -6670.0202049043       110.0304958751      -684.2526223130    102002.7029850786
950000     -6670.0016287026       110.0323855057      -684.2602152371    102002.7029850786
951000     -6670.0101544486       110.0309297414      -684.3836074798    102002.7029850786
952000     -6670.0290277839       110.0289081217      -684.4223330756    102002.7029850786
953000     -6670.0328728657       110.0285274994      -684.3943435507    102002.7029850786
954000     -6670.0254131487       110.0290240797      -684.4169902912    102002.7029850786
955000     -6669.9967384288       110.0317257824      -684.4547617022    102002.7029850786
956000     -6669.9759016262       110.0335486424      -684.5269102488    102002.7029850786
957000     -6669.9693435245       110.0342901396      -684.5850153027    102002.7029850786
958000     -6669.9680685072       110.0345927888      -684.5634534936    102002.7029850786
959000     -6669.9592912773       110.0355581983      -684.6018572234    102002.7029850786
960000     -6669.9638208122       110.0353141772      -684.5856351316    102002.7029850786
961000     -6669.9676515284       110.0347290637      -684.6001484459    102002.7029850786
962000     -6669.9886547465       110.0328677370      -684.6735262079    102002.7029850786
963000     -6670.0111965625       110.0308312941      -684.6944703206    102002.7029850786
964000     -6670.0057599919       110.0312637218      -684.7468530943    102002.7029850786
965000     -6669.9982420869       110.0321585620      -684.8087797087    102002.7029850786
966000     -6669.9928694826       110.0328563104      -684.7999057339    102002.7029850786
967000     -6669.9971869367       110.0323909770      -684.7839142323    102002.7029850786
968000     -6670.0177234099       110.0305587180      -684.8671367701    102002.7029850786
969000     -6670.0322250078       110.0292906231      -684.8786785775    102002.7029850786
970000     -6670.0329817379       110.0292697607      -684.8639610372    102002.7029850786
971000     -6670.0186584016       110.0303254752      -684.8669354919    102002.7029850786
972000     -6670.0034328442       110.0319205033      -684.7949258014    102002.7029850786
973000     -6670.0108392249       110.0311018786      -684.7385007568    102002.7029850786
974000     -6670.0077786463       110.0313837913      -684.7331367485    102002.7029850786
975000     -6670.0288951579       110.0294183504      -684.7321795121    102002.7029850786
976000     -6670.0464592223       110.0279394209      -684.6987474335    102002.7029850786
977000     -6670.0633785888       110.0264237480      -684.6117060318    102002.7029850786
978000     -6670.0706543696       110.0256321031      -684.5925330500    102002.7029850786
979000     -6670.0847741401       110.0242218964      -684.5347279562    102002.7029850786
980000     -6670.0842372127       110.0244063503      -684.4462362060    102002.7029850786
981000     -6670.0879946049       110.0241963221      -684.4659339418    102002.7029850786
982000     -6670.0993829206       110.0232677673      -684.4591540831    102002.7029850786
983000     -6670.0939867086       110.0238941737      -684.4130745197    102002.7029850786
984000     -6670.0726395777       110.0259825801      -684.3651588532    102002.7029850786
985000     -6670.0749662896       110.0256850113      -684.3168770948    102002.7029850786
986000     -6670.0809914124       110.0250738277      -684.2732628322    102002.7029850786
987000     -6670.0613385437       110.0270317363      -684.2341315281    102002.7029850786
988000     -6670.0531440683       110.0276648525      -684.2105101006    102002.7029850786
989000     -6670.0455464662       110.0283205312      -684.1778382595    102002.7029850786
990000     -6670.0551353277       110.0273083469      -684.1085126741    102002.7029850786
991000     -6670.0467519065       110.0280892676      -684.1252042121    102002.7029850786
992000     -6670.0345053498       110.0294770488      -684.1031917286    102002.7029850786
993000     -6670.0213202285       110.0308653656      -684.0823081530    102002.7029850786
994000     -6670.0259448132       110.0303487560      -684.0927276387    102002.7029850786
995000     -6670.0108991805       110.0318557790      -684.0725024266    102002.7029850786
996000     -6670.0180565199       110.0312484887      -684.0634880261    102002.7029850786
997000     -6670.0390766289       110.0292037281      -683.9933637329    102002.7029850786
998000     -6670.0382987655       110.0292610826      -683.9297219189    102002.7029850786
999000     -6670.0393137985       110.0295766697      -683.8737734767    102002.7029850786
1000000     -6670.0644205112       110.0273497709      -683.8708983998    102002.7029850786
