# Time-averaged data for fix runningavgs
# TimeStep v_ra_etotal v_ra_temp v_ra_press v_ra_volume
502000     -7561.7564700534       129.1681711330      -796.0568675569    102002.7029850792
503000     -7553.6249313291       129.4314175159      -817.5718927475    102002.7029850792
504000     -7550.9035010774       129.7107565222      -817.0068060494    102002.7029850792
505000     -7544.2613411980       129.9309380051      -813.8507038561    102002.7029850792
506000     -7546.9822169536       129.8091154227      -798.7339863297    102002.7029850792
507000     -7546.7408610150       129.9467444377      -800.0152398951    102002.7029850792
508000     -7547.0994692162       129.9891056312      -804.7156186854    102002.7029850792
509000     -7546.4928827724       130.0803942653      -811.6201924074    102002.7029850792
510000     -7546.3910232645       130.0733445004      -814.7450898876    102002.7029850792
511000     -7548.6565514770       129.9583089167      -812.6704083909    102002.7029850792
512000     -7548.8016215498       129.9680461765      -813.0508040794    102002.7029850792
513000     -7548.3042085898       129.9492791489      -815.8345717701    102002.7029850792
514000     -7548.4206399152       129.9532345765      -816.1179117260    102002.7029850792
515000     -7549.6219454310       129.8758747811      -818.1303175658    102002.7029850792
516000     -7550.2570645061       129.8807968007      -817.7391177700    102002.7029850792
517000     -7551.7680096390       129.8358541135      -818.8450413715    102002.7029850792
518000     -7553.8636727657       129.7672672601      -820.3865184011    102002.7029850792
519000     -7554.8994112977       129.7441454831      -820.4217464497    102002.7029850792
520000     -7554.5500637668       129.7240359680      -823.7388943992    102002.7029850792
521000     -7553.9573156536       129.7726505214      -826.1486912377    102002.7029850792
522000     -7553.6713715351       129.7945721460      -826.1226018297    102002.7029850792
523000     -7553.6678850555       129.7699012638      -824.6719573763    102002.7029850792
524000     -7553.4360935318       129.7742251762      -824.4674689401    102002.7029850792
525000     -7552.4156246770       129.8118825335      -825.3256960474    102002.7029850792
526000     -7551.6971706185       129.8392048122      -827.7261301542    102002.7029850792
527000     -7551.5436615023       129.8509869191      -828.0258835771    102002.7029850792
528000     -7550.9374698443       129.8722550592      -827.7671028799    102002.7029850792
529000     -7550.3760957078       129.8815606905      -826.4275753405    102002.7029850792
530000     -7550.1212183112       129.8790885924      -827.8474401248    102002.7029850792
531000     -7550.7496664429       129.8658331982      -828.4627337162    102002.7029850792
532000     -7550.6591845253       129.8714712683      -828.6546603569    102002.7029850792
533000     -7550.5626960740       129.8773693974      -829.9046035003    102002.7029850792
534000     -7550.3184440864       129.8743331219      -831.1758471832    102002.7029850792
535000     -7550.5407321997       129.8702779717      -830.6667041515    102002.7029850792
536000     -7550.8903692259       129.8456922271      -829.5471544794    102002.7029850792
537000     -7550.7845578141       129.8448580032      -832.6566356427    102002.7029850792
538000     -7550.6673333507       129.8391565559      -833.7663782086    102002.7029850792
539000     -7550.7367140495       129.8226081308      -834.4745482010    102002.7029850791
540000     -7550.4878030302       129.8359678508      -835.2182190867    102002.7029850791
541000     -7550.6312266829       129.8499584358      -834.5773447585    102002.7029850791
542000     -7551.1552619623       129.8188582881      -833.1116291866    102002.7029850791
543000     -7551.0206636260       129.8194508087      -832.8140643118    102002.7029850791
544000     -7550.6913189897       129.8302575212      -832.9620504316    102002.7029850791
545000     -7550.7416423692       129.8218836475      -832.7657385771    102002.7029850791
546000     -7550.7580471578       129.8184457168      -832.4251886724    102002.7029850791
547000     -7550.8435964464       129.8289831582      -831.8900305493    102002.7029850791
548000     -7551.0098717408       129.8237538563      -832.3969803347    102002.7029850791
549000     -7551.2095893356       129.8239657697      -831.8304618661    102002.7029850791
550000     -7551.0078428621       129.8236481687      -831.5854586698    102002.7029850791
551000     -7551.0461696950       129.8152804847      -831.5264786977    102002.7029850791
552000     -7551.0408501741       129.8063366530      -831.6184110525    102002.7029850791
553000     -7550.8807319480       129.8043626014      -831.4519805421    102002.7029850791
554000     -7550.3784743376       129.8170386515      -833.1392926038    102002.7029850791
555000     -7550.2890914073       129.8240869834      -832.4119481953    102002.7029850791
556000     -7550.0079540189       129.8225847565      -832.3081765135    102002.7029850791
557000     -7549.9232211960       129.8263532318      -831.4942806218    102002.7029850791
558000     -7549.6237963533       129.8335427235      -830.7565308564    102002.7029850791
559000     -7549.5960612639       129.8248549868      -830.6113345022    102002.7029850791
560000     -7549.6235860869       129.8210511683      -831.4342867880    102002.7029850791
561000     -7549.8288733815       129.8109157243      -831.3051101412    102002.7029850791
562000     -7550.1782077175       129.7993101559      -830.0664432568    102002.7029850791
563000     -7550.5781713795       129.7922749528      -829.0193557233    102002.7029850791
564000     -7550.6414038811       129.7931303733      -828.8196176180    102002.7029850791
565000     -7550.6480244636       129.7883649274      -828.7030284909    102002.7029850791
566000     -7550.6387539044       129.7900177178      -828.3109295566    102002.7029850791
567000     -7550.6947087609       129.7951034475      -828.3657019487    102002.7029850791
568000     -7550.9759765128       129.7826137150      -828.7447122768    102002.7029850791
569000     -7551.0066513762       129.7841217669      -829.0675894481    102002.7029850791
570000     -7550.6902800107       129.8001927244      -828.9871220374    102002.7029850791
571000     -7550.5820928819       129.8140928976      -828.0243975708    102002.7029850791
572000     -7550.5179891364       129.8164034172      -827.7455057034    102002.7029850791
573000     -7550.3782793523       129.8199440199      -827.9592494975    102002.7029850791
574000     -7550.4184425151       129.8139013418      -828.1728604382    102002.7029850791
575000     -7550.6670131126       129.8116287824      -827.8980897680    102002.7029850791
576000     -7550.8306403614       129.8058062044      -827.7744497580    102002.7029850791
577000     -7550.8279306651       129.8204014530      -827.8379447391    102002.7029850791
578000     -7550.9512609916       129.8259568453      -828.1409288055    102002.7029850791
579000     -7551.4177714444       129.8167701422      -827.8828644765    102002.7029850791
580000     -7551.5173892697       129.8192254512      -827.5257844651    102002.7029850791
581000     -7551.6611404123       129.8199761491      -827.0602128400    102002.7029850791
582000     -7551.7289700602       129.8229639196      -826.6376092584    102002.7029850791
583000     -7551.8552948371       129.8136149966      -825.9141911982    102002.7029850791
584000     -7551.9091299407       129.8057288347      -825.8358220779    102002.7029850791
585000     -7551.9116909831       129.8039317076      -825.6038019401    102002.7029850791
586000     -7552.1411513663       129.7998458202      -825.7191017237    102002.7029850791
587000     -7552.0797223206       129.8032587865      -825.4103297483    102002.7029850791
588000     -7552.2162796767       129.8011432070      -824.8532297152    102002.7029850791
589000     -7552.1579653975       129.8126269130      -824.1246769169    102002.7029850791
590000     -7552.3352409797       129.8045665706      -823.8736121778    102002.7029850791
591000     -7552.3537347138       129.8077912896      -823.8074946486    102002.7029850792
592000     -7552.4567509308       129.8071538497      -824.0358633005    102002.7029850792
593000     -7552.5408690071       129.8014810354      -824.2525867558    102002.7029850792
594000     -7552.7315307567       129.7913013472      -824.1895962540    102002.7029850792
595000     -7552.7661191531       129.7945633030      -824.0076699251    102002.7029850792
596000     -7552.7358400997       129.7966742146      -823.9464694046    102002.7029850792
597000     -7552.6529493651       129.7997885621      -823.5672579865    102002.7029850792
598000     -7552.3645548771       129.8145055013      -824.0320239281    102002.7029850792
599000     -7552.2450581679       129.8223728024      -824.2404120100    102002.7029850792
600000     -7552.0310804994       129.8266429310      -824.4458266625    102002.7029850792
601000     -7551.8256255838       129.8328559669      -823.8823081815    102002.7029850792
602000     -7551.4754635367       129.8432529586      -823.5255335808    102002.7029850792
603000     -7551.3833856231       129.8403713663      -823.3045563876    102002.7029850792
604000     -7551.5623632133       129.8350673050      -823.1377169607    102002.7029850793
605000     -7551.6428813777       129.8355575421      -822.6938054219    102002.7029850793
606000     -7551.7859962205       129.8240524332      -821.7954229162    102002.7029850793
607000     -7551.7011515547       129.8286250916      -821.8005650836    102002.7029850793
608000     -7551.7315563700       129.8316765665      -822.3796760412    102002.7029850793
609000     -7551.8160956465       129.8311724367      -822.7215264576    102002.7029850793
610000     -7551.7827238098       129.8320454759      -823.0643983411    102002.7029850793
611000     -7551.8280907786       129.8350280253      -822.9255717945    102002.7029850793
612000     -7551.9382590641       129.8248827236      -823.2691537685    102002.7029850793
613000     -7551.8394273561       129.8308796550      -823.6057420906    102002.7029850793
614000     -7551.7547140009       129.8371340706      -823.3323002715    102002.7029850793
615000     -7551.6736639479       129.8414181957      -823.4629666269    102002.7029850793
616000     -7551.6920901250       129.8418236707      -823.7875321481    102002.7029850793
617000     -7551.8258290336       129.8455041549      -823.8207117064    102002.7029850793
618000     -7551.7717095557       129.8487434076      -823.5543795036    102002.7029850793
619000     -7551.7397757491       129.8458304435      -823.5049641078    102002.7029850793
620000     -7551.6864365036       129.8482713306      -823.1916448059    102002.7029850793
621000     -7551.6512711369       129.8520070745      -822.9144691274    102002.7029850793
622000     -7551.5980299394       129.8579642287      -822.8224399942    102002.7029850794
623000     -7551.5675798238       129.8554744474      -823.1933020822    102002.7029850794
624000     -7551.5499831309       129.8497566122      -823.2723463559    102002.7029850794
625000     -7551.5747264931       129.8500164724      -822.9658745637    102002.7029850794
626000     -7551.5019564796       129.8519720799      -823.3288875451    102002.7029850794
627000     -7551.4613173761       129.8551213363      -823.0578454498    102002.7029850794
628000     -7551.3489624913       129.8608754773      -822.7085752439    102002.7029850794
629000     -7551.2335222771       129.8607507728      -822.8287515584    102002.7029850794
630000     -7551.3625644431       129.8580535544      -822.7816278136    102002.7029850794
631000     -7551.2733046844       129.8670965372      -822.6482609088    102002.7029850794
632000     -7551.4248811146       129.8694902423      -822.2427570806    102002.7029850794
633000     -7551.5827315391       129.8686775036      -822.0698669650    102002.7029850794
634000     -7551.6148191070       129.8691242176      -822.0468898426    102002.7029850794
635000     -7551.6631653098       129.8690375058      -822.2307578017    102002.7029850794
636000     -7551.7006319219       129.8715652107      -822.2074906140    102002.7029850794
637000     -7551.7314185278       129.8714746112      -822.1989214521    102002.7029850794
638000     -7551.8238286433       129.8672760725      -821.8801022333    102002.7029850794
639000     -7551.8370295777       129.8656190927      -822.0096752188    102002.7029850794
640000     -7551.9041789514       129.8653047105      -821.7352517169    102002.7029850794
641000     -7551.7926798543       129.8757821709      -821.6499609499    102002.7029850794
642000     -7551.7980231268       129.8809471502      -821.8148701626    102002.7029850794
643000     -7551.8457323704       129.8803898593      -822.0510902335    102002.7029850794
644000     -7551.8406751763       129.8827093808      -822.1196498593    102002.7029850794
645000     -7551.8288623455       129.8879108107      -822.2480779655    102002.7029850794
646000     -7551.9257065584       129.8872650993      -822.6897094363    102002.7029850795
647000     -7551.9231419349       129.8942497087      -822.7843715508    102002.7029850795
648000     -7551.9638446257       129.8951654117      -823.0980022335    102002.7029850795
649000     -7552.0877528900       129.8874504955      -822.9261946959    102002.7029850795
650000     -7552.1079350068       129.8883578154      -823.0207392737    102002.7029850795
651000     -7552.0295777919       129.8875642152      -822.9106238495    102002.7029850795
652000     -7551.8569072309       129.8976668607      -823.2946834227    102002.7029850795
653000     -7551.9003951706       129.8970294816      -823.2447955643    102002.7029850795
654000     -7551.8868769934       129.8991351800      -823.0725809803    102002.7029850795
655000     -7551.8012162687       129.8984610533      -823.5167303673    102002.7029850795
656000     -7551.7828190726       129.9038410416      -823.7530939266    102002.7029850795
657000     -7551.7470065822       129.9051582383      -823.8398917634    102002.7029850795
658000     -7551.7623660014       129.9064420391      -823.6135957990    102002.7029850795
659000     -7551.7171819363       129.9106532751      -823.5933884994    102002.7029850795
660000     -7551.6665879333       129.9124714096      -823.6458947230    102002.7029850795
661000     -7551.7161394420       129.9112012807      -823.5362019951    102002.7029850795
662000     -7551.6240555107       129.9186274420      -823.4541796525    102002.7029850795
663000     -7551.6791072207       129.9113464004      -823.5348065748    102002.7029850795
664000     -7551.6788183624       129.9103237571      -823.6027429843    102002.7029850795
665000     -7551.6439789481       129.9121687183      -823.8035452052    102002.7029850795
666000     -7551.6336192886       129.9155629578      -823.9370555498    102002.7029850795
667000     -7551.5456477959       129.9152497433      -824.3114223642    102002.7029850795
668000     -7551.4617633905       129.9104830852      -824.7072644558    102002.7029850795
669000     -7551.3868917356       129.9086227215      -824.7827659514    102002.7029850795
670000     -7551.2926014377       129.9097340725      -824.7589513978    102002.7029850795
671000     -7551.2254994447       129.9096180096      -824.9260178154    102002.7029850795
672000     -7551.2189602327       129.9086107696      -824.9767468855    102002.7029850795
673000     -7551.2530720149       129.9080268121      -824.9647390022    102002.7029850795
674000     -7551.3081981712       129.9092887340      -824.8867872128    102002.7029850794
675000     -7551.3678119195       129.9140062576      -824.7422105173    102002.7029850794
676000     -7551.4390506572       129.9129376474      -824.7411545397    102002.7029850794
677000     -7551.4316128563       129.9170224741      -824.4980097546    102002.7029850794
678000     -7551.4335187052       129.9144510559      -824.4663231364    102002.7029850794
679000     -7551.4122142891       129.9153859022      -824.3721468334    102002.7029850794
680000     -7551.3902548947       129.9157823646      -824.3685780258    102002.7029850794
681000     -7551.3801897260       129.9150697750      -824.4288368311    102002.7029850794
682000     -7551.3352839021       129.9142591597      -824.3495571594    102002.7029850794
683000     -7551.3144031076       129.9140070645      -824.3355506138    102002.7029850794
684000     -7551.1477142763       129.9185989572      -824.2656208961    102002.7029850794
685000     -7551.1336045037       129.9164374564      -824.1577650323    102002.7029850794
686000     -7551.0582697376       129.9166180023      -824.2018314543    102002.7029850794
687000     -7551.0432504435       129.9164523565      -824.4077232459    102002.7029850794
688000     -7550.9926140930       129.9149592171      -824.8077740518    102002.7029850793
689000     -7550.9006600313       129.9189348264      -825.2689666028    102002.7029850793
690000     -7550.8863536433       129.9145265672      -825.2622988792    102002.7029850793
691000     -7550.8400560705       129.9141485595      -825.2111726270    102002.7029850793
692000     -7550.7067512167       129.9180694578      -825.4128298624    102002.7029850793
693000     -7550.6688259685       129.9191279866      -825.6285985427    102002.7029850793
694000     -7550.5500461330       129.9221452809      -825.6804295296    102002.7029850793
695000     -7550.5539449370       129.9190793043      -825.8969619227    102002.7029850793
696000     -7550.5395035061       129.9214130244      -825.8902003204    102002.7029850793
697000     -7550.5350121546       129.9215532692      -826.0419716551    102002.7029850793
698000     -7550.4615067376       129.9226699606      -825.8642282314    102002.7029850793
699000     -7550.3904837527       129.9247754658      -826.1531252487    102002.7029850793
700000     -7550.3399866042       129.9271379656      -825.9882996913    102002.7029850793
701000     -7550.2983768163       129.9281640960      -826.0761151715    102002.7029850793
702000     -7550.2398559487       129.9302127319      -826.1201486852    102002.7029850793
703000     -7550.1603797419       129.9330796229      -826.2048677583    102002.7029850793
704000     -7550.1739820968       129.9325909748      -826.1918469996    102002.7029850792
705000     -7550.1529145075       129.9335137793      -826.0583891779    102002.7029850792
706000     -7550.1189280199       129.9333284909      -825.8644524790    102002.7029850792
707000     -7550.0904208915       129.9326471124      -825.7889416997    102002.7029850792
708000     -7549.9846387690       129.9398071199      -825.8285986866    102002.7029850792
709000     -7549.9483468618       129.9399363035      -825.8596453278    102002.7029850792
710000     -7549.9105283246       129.9411891619      -825.8445519790    102002.7029850792
711000     -7549.9290143355       129.9407742361      -825.7682563611    102002.7029850792
712000     -7549.9988591193       129.9374014192      -825.6939443473    102002.7029850792
713000     -7550.0039198435       129.9353055882      -825.5414882502    102002.7029850792
714000     -7549.9705160051       129.9363504933      -825.4962848398    102002.7029850792
715000     -7549.9820361103       129.9387056376      -825.4259951915    102002.7029850792
716000     -7549.9957827027       129.9379064812      -825.4303188912    102002.7029850792
717000     -7549.9902282519       129.9375814039      -825.6514418265    102002.7029850792
718000     -7549.9492429762       129.9381396834      -825.6279695251    102002.7029850792
719000     -7549.9240379122       129.9388963236      -825.4648828298    102002.7029850792
720000     -7549.9741035390       129.9359313682      -825.6936781895    102002.7029850792
721000     -7549.9325139307       129.9336199778      -825.8464842807    102002.7029850792
722000     -7549.9215869817       129.9319353536      -825.7168590120    102002.7029850792
723000     -7549.7750779264       129.9368634175      -825.7547258413    102002.7029850792
724000     -7549.7419575572       129.9366803259      -825.6685613442    102002.7029850791
725000     -7549.6989143922       129.9379711830      -825.5761585847    102002.7029850791
726000     -7549.7478732388       129.9376732086      -825.3915210454    102002.7029850791
727000     -7549.8301392273       129.9327919191      -825.2499526659    102002.7029850791
728000     -7549.8165765890       129.9329604308      -824.9264996014    102002.7029850791
729000     -7549.8720383974       129.9291744926      -824.6902155928    102002.7029850791
730000     -7549.8268824600       129.9303704282      -824.7125155220    102002.7029850791
731000     -7549.7878085685       129.9323265989      -824.6940823540    102002.7029850791
732000     -7549.6778994739       129.9356270796      -824.9131983924    102002.7029850791
733000     -7549.5888222934       129.9388324070      -825.1907119400    102002.7029850791
734000     -7549.4937251969       129.9427737090      -825.3458779323    102002.7029850791
735000     -7549.4715138016       129.9437588965      -825.5202530339    102002.7029850791
736000     -7549.5150058118       129.9401700530      -825.4535112832    102002.7029850791
737000     -7549.5294022901       129.9381136099      -825.3436367103    102002.7029850791
738000     -7549.4895646178       129.9399667355      -825.3047047565    102002.7029850791
739000     -7549.4770866747       129.9372906273      -825.4580130892    102002.7029850791
740000     -7549.4739429759       129.9368561471      -825.3936279933    102002.7029850791
741000     -7549.4988808093       129.9376649076      -825.4585994564    102002.7029850791
742000     -7549.5223307397       129.9368741520      -825.6844241256    102002.7029850791
743000     -7549.5474517704       129.9345036871      -825.6450507392    102002.7029850791
744000     -7549.5484217798       129.9323758313      -825.4007194273    102002.7029850791
745000     -7549.4514956519       129.9374787889      -825.2599546297    102002.7029850791
746000     -7549.5626257614       129.9336021324      -825.2550404396    102002.7029850791
747000     -7549.5477119352       129.9339764285      -825.2805990791    102002.7029850791
748000     -7549.5385043981       129.9340793144      -825.4737048058    102002.7029850790
749000     -7549.5575602875       129.9328766419      -825.4676398095    102002.7029850790
750000     -7549.5685884888       129.9334033573      -825.3527473357    102002.7029850790
751000     -7549.5797599775       129.9315966251      -825.1686428404    102002.7029850790
752000     -7549.5815755345       129.9315200478      -824.9609743668    102002.7029850790
753000     -7549.5255362299       129.9337501158      -824.8702463151    102002.7029850790
754000     -7549.4432519188       129.9359834012      -824.8553017134    102002.7029850790
755000     -7549.4003914783       129.9395399700      -824.7664565793    102002.7029850790
756000     -7549.4187782415       129.9412665589      -824.8253984771    102002.7029850790
757000     -7549.3241575270       129.9461951233      -824.9356123211    102002.7029850790
758000     -7549.3091322047       129.9462394239      -824.8082018156    102002.7029850790
759000     -7549.3298823501       129.9466549492      -824.6332559846    102002.7029850790
760000     -7549.3725838337       129.9435268417      -824.5947009043    102002.7029850790
761000     -7549.3969161498       129.9404639795      -824.5788806842    102002.7029850790
762000     -7549.3577411801       129.9441404713      -824.3938619223    102002.7029850790
763000     -7549.2492268785       129.9484441169      -824.2810020335    102002.7029850790
764000     -7549.2856054981       129.9458813236      -824.1096005628    102002.7029850790
765000     -7549.2347309868       129.9460255257      -823.8759061885    102002.7029850790
766000     -7549.1919682008       129.9465135238      -823.9090381441    102002.7029850790
767000     -7549.2524927389       129.9441180506      -823.8524374078    102002.7029850790
768000     -7549.2586031795       129.9464358986      -823.6688694073    102002.7029850790
769000     -7549.2827565223       129.9428443727      -823.5531003651    102002.7029850790
770000     -7549.2796588313       129.9401066827      -823.3696241382    102002.7029850790
771000     -7549.2172880955       129.9419166061      -823.3487817323    102002.7029850790
772000     -7549.2808399187       129.9376103108      -823.1822729122    102002.7029850790
773000     -7549.2687240983       129.9365228988      -823.1011662971    102002.7029850790
774000     -7549.2540458771       129.9354399642      -823.0807537270    102002.7029850790
775000     -7549.1884782715       129.9384931463      -823.0169427577    102002.7029850790
776000     -7549.1345237170       129.9403356441      -822.8269670384    102002.7029850790
777000     -7549.1657986216       129.9373514566      -822.8602189776    102002.7029850789
778000     -7549.2018791684       129.9343857976      -822.8316378622    102002.7029850789
779000     -7549.2017275530       129.9345731099      -822.7834292319    102002.7029850789
780000     -7549.1699191490       129.9369059513      -822.5367115130    102002.7029850789
781000     -7549.1413276846       129.9385278074      -822.4070755232    102002.7029850789
782000     -7549.0775602835       129.9430447226      -822.3133880360    102002.7029850789
783000     -7549.0460335793       129.9413465886      -822.1681274676    102002.7029850789
784000     -7549.0171925112       129.9405003198      -822.1835348650    102002.7029850789
785000     -7548.9390187249       129.9421727295      -822.1756875056    102002.7029850789
786000     -7548.9090286042       129.9431067348      -822.1248787187    102002.7029850789
787000     -7548.8604429425       129.9446651724      -822.1090804170    102002.7029850789
788000     -7548.8139216063       129.9476050897      -822.1146287503    102002.7029850789
789000     -7548.7672550914       129.9496726368      -822.1101654175    102002.7029850789
790000     -7548.7928297454       129.9522120494      -822.1187787673    102002.7029850789
791000     -7548.7673531802       129.9544453991      -822.2419886636    102002.7029850789
792000     -7548.7455686352       129.9543128247      -822.3050543628    102002.7029850789
793000     -7548.8226927266       129.9493930823      -822.3315823385    102002.7029850789
794000     -7548.7986907840       129.9498926073      -822.4623283484    102002.7029850789
795000     -7548.7518638362       129.9522982220      -822.5970110962    102002.7029850789
796000     -7548.6674818566       129.9545151420      -822.5433833912    102002.7029850789
797000     -7548.6740187336       129.9530058037      -822.3861194378    102002.7029850789
798000     -7548.7187158539       129.9506371320      -822.3191608777    102002.7029850789
799000     -7548.6997935493       129.9517723580      -822.2170661810    102002.7029850789
800000     -7548.6172223532       129.9551119931      -822.2102662964    102002.7029850789
801000     -7548.5857921375       129.9543277043      -822.3250207473    102002.7029850789
802000     -7548.5976792955       129.9497770909      -822.4447097250    102002.7029850789
803000     -7548.5872117621       129.9491803145      -822.5935042965    102002.7029850789
804000     -7548.5574890608       129.9527546538      -822.6069757644    102002.7029850789
805000     -7548.5614551283       129.9529087834      -822.6104595734    102002.7029850789
806000     -7548.5698470005       129.9525570270      -822.5542879595    102002.7029850789
807000     -7548.6046611893       129.9538559376      -822.3830762256    102002.7029850789
808000     -7548.5844850226       129.9565715694      -822.6251459532    102002.7029850789
809000     -7548.5769539400       129.9580648927      -822.9321610414    102002.7029850789
810000     -7548.5881688164       129.9582606655      -823.1449817750    102002.7029850789
811000     -7548.5780401428       129.9604302538      -823.0870510237    102002.7029850789
812000     -7548.5698299450       129.9595980856      -823.1545810631    102002.7029850789
813000     -7548.5995094052       129.9572775939      -823.0975309792    102002.7029850789
814000     -7548.6512766970       129.9562539872      -823.1157730210    102002.7029850789
815000     -7548.6534973294       129.9603870318      -823.2378340231    102002.7029850788
816000     -7548.7353614760       129.9615237768      -823.4041082254    102002.7029850788
817000     -7548.7724798677       129.9598993353      -823.5302966529    102002.7029850788
818000     -7548.7872945106       129.9595513968      -823.6024990629    102002.7029850788
819000     -7548.7620241035       129.9623519107      -823.6372955290    102002.7029850788
820000     -7548.7534739380       129.9613983102      -823.5890626928    102002.7029850788
821000     -7548.7567347663       129.9628952706      -823.5279166690    102002.7029850788
822000     -7548.7277396957       129.9660673049      -823.7551243798    102002.7029850788
823000     -7548.7395525321       129.9659420998      -823.9016735632    102002.7029850788
824000     -7548.8028501654       129.9643385288      -824.1420296075    102002.7029850788
825000     -7548.8206486716       129.9629449679      -824.2268376348    102002.7029850788
826000     -7548.8273043723       129.9628030944      -824.2157645378    102002.7029850788
827000     -7548.8308149265       129.9605608068      -824.2929997262    102002.7029850788
828000     -7548.8136361782       129.9647128562      -824.3378104851    102002.7029850788
829000     -7548.7961462107       129.9664713752      -824.4879110690    102002.7029850788
830000     -7548.8564004196       129.9651328885      -824.3896402113    102002.7029850788
831000     -7548.8556197728       129.9670789677      -824.4601576205    102002.7029850788
832000     -7548.9118573201       129.9642840217      -824.4965760199    102002.7029850788
833000     -7548.9051166952       129.9655020620      -824.5647901359    102002.7029850788
834000     -7548.9453510786       129.9633715837      -824.5587480144    102002.7029850788
835000     -7548.9705033377       129.9626887529      -824.5156973097    102002.7029850788
836000     -7548.9665144200       129.9627870623      -824.6627588120    102002.7029850788
837000     -7548.9882829052       129.9615796796      -824.7366171083    102002.7029850788
838000     -7549.0185454426       129.9620141144      -824.6449036420    102002.7029850788
839000     -7549.0582490110       129.9601731214      -824.6199291700    102002.7029850788
840000     -7549.1352462899       129.9566968769      -824.5741619367    102002.7029850788
841000     -7549.1387403735       129.9560691862      -824.4116778593    102002.7029850788
842000     -7549.1558160808       129.9572838966      -824.3767646032    102002.7029850788
843000     -7549.1444383681       129.9577772338      -824.5087911595    102002.7029850788
844000     -7549.1349736419       129.9605760213      -824.4888968220    102002.7029850788
845000     -7549.1370116644       129.9610914922      -824.5319590587    102002.7029850788
846000     -7549.1610441521       129.9582555512      -824.5140532940    102002.7029850788
847000     -7549.1690574109       129.9576229538      -824.5396299942    102002.7029850788
848000     -7549.1623523806       129.9569412987      -824.4656177597    102002.7029850788
849000     -7549.1579900130       129.9554037509      -824.4332706119    102002.7029850788
850000     -7549.1242773970       129.9575612826      -824.4037827603    102002.7029850788
851000     -7549.1014257437       129.9580542342      -824.2571408457    102002.7029850788
852000     -7549.0886508620       129.9573295557      -824.1574995470    102002.7029850788
853000     -7549.0306623102       129.9577692630      -824.2159422087    102002.7029850788
854000     -7548.9826742597       129.9582917275      -824.1884538113    102002.7029850788
855000     -7548.9240350456       129.9590225725      -824.2602238287    102002.7029850788
856000     -7548.8777820657       129.9607045133      -824.3078164310    102002.7029850788
857000     -7548.8652751353       129.9610192533      -824.1245150069    102002.7029850788
858000     -7548.8944330683       129.9594649553      -823.9640442365    102002.7029850788
859000     -7548.8877698841       129.9595524156      -823.9232884578    102002.7029850788
860000     -7548.8827600549       129.9579175983      -823.7369623681    102002.7029850788
861000     -7548.9224134746       129.9570963425      -823.7345478034    102002.7029850788
862000     -7548.9384880203       129.9545371450      -823.8192235305    102002.7029850788
863000     -7548.9387616146       129.9555032871      -823.8031363193    102002.7029850788
864000     -7548.9303892487       129.9540560762      -823.8837479891    102002.7029850788
865000     -7548.9334655843       129.9545677755      -823.8537081434    102002.7029850788
866000     -7548.9392878516       129.9548548490      -823.7212554771    102002.7029850788
867000     -7548.8980468730       129.9543387830      -823.6092354358    102002.7029850788
868000     -7548.8104191041       129.9573234809      -823.5855542822    102002.7029850788
869000     -7548.8368704975       129.9554090367      -823.5518752449    102002.7029850788
870000     -7548.8498992583       129.9539754741      -823.6197406405    102002.7029850787
871000     -7548.8312318887       129.9541910297      -823.6162038756    102002.7029850787
872000     -7548.7675739039       129.9574983393      -823.7384081066    102002.7029850787
873000     -7548.7419207018       129.9577970907      -823.7039816751    102002.7029850787
874000     -7548.7320294903       129.9547719469      -823.6995657342    102002.7029850787
875000     -7548.7107064456       129.9536571655      -823.8412089484    102002.7029850787
876000     -7548.6943470770       129.9543334371      -823.9588283852    102002.7029850787
877000     -7548.7243812021       129.9515529536      -824.1569743796    102002.7029850787
878000     -7548.7118299693       129.9515570832      -824.2526334495    102002.7029850787
879000     -7548.6234248970       129.9546724809      -824.3306793193    102002.7029850787
880000     -7548.6059742262       129.9539072100      -824.3992614433    102002.7029850787
881000     -7548.5775073117       129.9533499943      -824.4106736289    102002.7029850787
882000     -7548.5693768553       129.9514448756      -824.5070209075    102002.7029850787
883000     -7548.5312759602       129.9527413527      -824.5533804539    102002.7029850787
884000     -7548.4453836762       129.9555325016      -824.6350997043    102002.7029850787
885000     -7548.4794045787       129.9533440949      -824.5576427481    102002.7029850787
886000     -7548.4683296248       129.9544218381      -824.5540067816    102002.7029850787
887000     -7548.4646558101       129.9544941465      -824.3890453359    102002.7029850787
888000     -7548.4741936804       129.9527477767      -824.3570941655    102002.7029850787
889000     -7548.5125304602       129.9515013675      -824.3919796122    102002.7029850787
890000     -7548.5476998959       129.9505433148      -824.3719065310    102002.7029850787
891000     -7548.5241054627       129.9522974342      -824.3593285701    102002.7029850787
892000     -7548.5332663651       129.9506339359      -824.4089657395    102002.7029850787
893000     -7548.5172301319       129.9522639172      -824.4798930681    102002.7029850787
894000     -7548.5530802306       129.9512959931      -824.4216561841    102002.7029850787
895000     -7548.5936795182       129.9489019206      -824.5144793005    102002.7029850787
896000     -7548.5794469097       129.9505116515      -824.4511991698    102002.7029850787
897000     -7548.5478545465       129.9508837364      -824.3774219554    102002.7029850787
898000     -7548.5484720545       129.9518498159      -824.4049157147    102002.7029850787
899000     -7548.5274558325       129.9520792968      -824.3479499589    102002.7029850787
900000     -7548.4493390601       129.9546804161      -824.3379333846    102002.7029850787
901000     -7548.3916451159       129.9566979254      -824.3158328626    102002.7029850787
902000     -7548.3568953799       129.9569407555      -824.3564948456    102002.7029850787
903000     -7548.3177913216       129.9591205969      -824.2577410027    102002.7029850787
904000     -7548.3016665031       129.9578847918      -824.1531715972    102002.7029850787
905000     -7548.3020420622       129.9568860871      -824.1611006190    102002.7029850787
906000     -7548.2772099223       129.9569407537      -824.1242220848    102002.7029850787
907000     -7548.2320075645       129.9578067846      -823.9539485729    102002.7029850787
908000     -7548.1752214654       129.9587459267      -823.9391749350    102002.7029850787
909000     -7548.1538655507       129.9588356977      -824.0183756816    102002.7029850787
910000     -7548.1337144250       129.9562426845      -824.0392327939    102002.7029850787
911000     -7548.0886984394       129.9551254488      -823.9808147709    102002.7029850787
912000     -7548.0573498918       129.9547091648      -823.9387390176    102002.7029850787
913000     -7548.0282107854       129.9538271367      -824.0895018517    102002.7029850787
914000     -7547.9787572337       129.9562680378      -824.1186409417    102002.7029850787
915000     -7547.9777586618       129.9565963356      -824.1417251599    102002.7029850787
916000     -7547.9539642980       129.9575054554      -824.1757141013    102002.7029850787
917000     -7547.9672845493       129.9551417886      -824.2396283292    102002.7029850787
918000     -7547.9548459748       129.9573087582      -824.1980187712    102002.7029850787
919000     -7547.9732674632       129.9571218443      -824.2556393638    102002.7029850787
920000     -7548.0105534729       129.9562879219      -824.3849286437    102002.7029850787
921000     -7548.0548294845       129.9542349846      -824.4375238922    102002.7029850787
922000     -7548.0387470107       129.9550867150      -824.4552265113    102002.7029850787
923000     -7547.9965185090       129.9554181311      -824.4980136812    102002.7029850787
924000     -7548.0141063004       129.9527099188      -824.4221258003    102002.7029850787
925000     -7548.0150861107       129.9524103711      -824.2988553672    102002.7029850787
926000     -7548.0176833431       129.9528753085      -824.3196507144    102002.7029850787
927000     -7548.0217089278       129.9521859127      -824.4840820339    102002.7029850786
928000     -7548.0631953369       129.9529860812      -824.3764000710    102002.7029850786
929000     -7548.0908117944       129.9543242494      -824.2265095424    102002.7029850786
930000     -7548.1036367159       129.9541616913      -824.0758360031    102002.7029850786
931000     -7548.0866492424       129.9544049635      -824.0140467271    102002.7029850786
932000     -7548.0642867469       129.9553403399      -824.0303626857    102002.7029850786
933000     -7548.0416982021       129.9570482163      -824.0226375560    102002.7029850786
934000     -7548.0134545978       129.9582707041      -824.0119953605    102002.7029850786
935000     -7547.9886550111       129.9595715788      -824.0717131112    102002.7029850786
936000     -7547.9828112839       129.9606819066      -824.1857473745    102002.7029850786
937000     -7548.0043233975       129.9617532270      -824.0301538927    102002.7029850786
938000     -7547.9870076368       129.9618864003      -823.9342236967    102002.7029850786
939000     -7547.9654075507       129.9633541615      -823.8673143005    102002.7029850786
940000     -7547.9501974872       129.9643519075      -823.7603277797    102002.7029850786
941000     -7547.9463447121       129.9635516157      -823.8156731206    102002.7029850786
942000     -7547.9274865073       129.9623539000      -823.9787420545    102002.7029850786
943000     -7547.9398404048       129.9632407450      -824.0659064937    102002.7029850786
944000     -7547.9708757088       129.9632927532      -824.0854114091    102002.7029850786
945000     -7547.9840190319       129.9635834969      -824.0572142282    102002.7029850786
946000     -7547.9884286989       129.9638790818      -824.0216705082    102002.7029850786
947000     -7547.9733848826       129.9648670485      -824.0436015404    102002.7029850786
948000     -7547.9661786772       129.9664085957      -824.0386334559    102002.7029850786
949000     -7547.9602911484       129.9671304378      -824.1977708253    102002.7029850786
950000     -7547.9590663788       129.9670820829      -824.3042756268    102002.7029850786
951000     -7548.0036421283       129.9644601698      -824.4481998263    102002.7029850786
952000     -7548.0276628006       129.9644574962      -824.4009567998    102002.7029850786
953000     -7548.0257128457       129.9645143425      -824.3516496032    102002.7029850786
954000     -7548.0184458258       129.9645664430      -824.3817413007    102002.7029850786
955000     -7548.0374583676       129.9631892902      -824.3379612029    102002.7029850786
956000     -7548.0503330422       129.9630770041      -824.4404346389    102002.7029850786
957000     -7548.0945316080       129.9612907960      -824.6215117311    102002.7029850786
958000     -7548.0974254254       129.9603466979      -824.6907544324    102002.7029850786
959000     -7548.0842682020       129.9616044908      -824.6626613870    102002.7029850786
960000     -7548.0426775893       129.9642503585      -824.7163324492    102002.7029850786
961000     -7548.0572758727       129.9640723893      -824.6812925567    102002.7029850786
962000     -7548.0780860098       129.9635360480      -824.7391849429    102002.7029850786
963000     -7548.1022803645       129.9611943182      -824.9714439593    102002.7029850786
964000     -7548.1068875634       129.9611255213      -824.9751110370    102002.7029850786
965000     -7548.1031900461       129.9598967835      -825.0130357222    102002.7029850786
966000     -7548.1269670114       129.9582227500      -824.9314330537    102002.7029850786
967000     -7548.1472611018       129.9572467967      -824.9004293725    102002.7029850786
968000     -7548.1272337448       129.9575316599      -824.8512810340    102002.7029850786
969000     -7548.1269303295       129.9572397244      -824.8220086134    102002.7029850786
970000     -7548.1028283027       129.9574840902      -824.8525495339    102002.7029850786
971000     -7548.0667196151       129.9588661234      -824.9152965030    102002.7029850786
972000     -7548.0596828053       129.9592393172      -824.9162647092    102002.7029850786
973000     -7548.0791414291       129.9589163675      -824.9340882847    102002.7029850786
974000     -7548.0810866080       129.9573915782      -824.9576472087    102002.7029850786
975000     -7548.0708015046       129.9578873737      -825.0209694208    102002.7029850786
976000     -7548.0796600734       129.9569791823      -825.0395314251    102002.7029850786
977000     -7548.0983695496       129.9551766131      -825.0653381619    102002.7029850786
978000     -7548.0911226865       129.9552566648      -825.0613856989    102002.7029850786
979000     -7548.0444123702       129.9562143827      -825.0431336037    102002.7029850786
980000     -7547.9667041352       129.9590219449      -825.0149475520    102002.7029850786
981000     -7547.9514663506       129.9590727220      -824.9593582658    102002.7029850786
982000     -7547.9332343776       129.9596864850      -824.8868546962    102002.7029850786
983000     -7547.9520024940       129.9595396143      -824.8496770394    102002.7029850786
984000     -7547.9630424923       129.9594496667      -824.8151435319    102002.7029850786
985000     -7547.9571176481       129.9592413969      -824.7822861368    102002.7029850786
986000     -7547.9537803362       129.9601451251      -824.8511992575    102002.7029850786
987000     -7547.9216649644       129.9611800697      -824.8792045634    102002.7029850786
988000     -7547.9099975437       129.9608168947      -824.9674041472    102002.7029850786
989000     -7547.9441300911       129.9603682610      -824.8658489393    102002.7029850786
990000     -7547.9219841814       129.9617546294      -824.7742493373    102002.7029850786
991000     -7547.9547392936       129.9595293521      -824.7887612399    102002.7029850786
992000     -7547.9533618976       129.9583188125      -824.9160828200    102002.7029850786
993000     -7547.9459653241       129.9580594949      -824.9673712363    102002.7029850786
994000     -7547.9466494587       129.9592477595      -825.2035927593    102002.7029850786
995000     -7547.9463280702       129.9587015395      -825.2710175926    102002.7029850786
996000     -7547.9828987450       129.9578159967      -825.2534264712    102002.7029850786
997000     -7547.9768249362       129.9585271821      -825.3204143373    102002.7029850786
998000     -7547.9805242736       129.9585370619      -825.2730355160    102002.7029850786
999000     -7547.9770673469       129.9590668914      -825.2765549995    102002.7029850786
1000000     -7548.0043288289       129.9586357114      -825.2624629067    102002.7029850786
