# Time-averaged data for fix runningavgs
# TimeStep v_ra_etotal v_ra_temp v_ra_press v_ra_volume
502000     -7266.3496727762       109.8689738920      -772.8202576232    102002.7029850792
503000     -7264.4447770902       110.0076270620      -766.0071601567    102002.7029850792
504000     -7259.4356981400       110.4090961374      -770.1338972702    102002.7029850792
505000     -7259.9728821323       110.3843205480      -775.6788051151    102002.7029850792
506000     -7263.4266539647       110.1476312122      -776.5249140088    102002.7029850792
507000     -7263.6753451927       110.1166311819      -771.4664953654    102002.7029850792
508000     -7262.5359387715       110.1661587099      -771.1971285467    102002.7029850792
509000     -7262.1167023034       110.1471027165      -768.3392527528    102002.7029850792
510000     -7262.7724471891       110.1784366654      -765.7947410791    102002.7029850792
511000     -7263.3230778221       110.1589174721      -772.5382767440    102002.7029850792
512000     -7264.3017252364       110.0922332275      -775.2414957128    102002.7029850792
513000     -7264.0087547303       110.1238499521      -771.5985666586    102002.7029850792
514000     -7263.3780989731       110.1703875869      -767.4327844272    102002.7029850792
515000     -7263.6511236361       110.1540202485      -766.4362832282    102002.7029850792
516000     -7264.4704388941       110.1014968870      -764.8566010914    102002.7029850792
517000     -7265.2607382362       110.0741637968      -763.4972159325    102002.7029850792
518000     -7265.2703892774       110.0872384008      -763.6540490797    102002.7029850792
519000     -7265.0644984486       110.1050244804      -764.5820537649    102002.7029850792
520000     -7265.4743688320       110.1024886545      -762.7621878941    102002.7029850792
521000     -7265.1304786999       110.1255786715      -763.3126317776    102002.7029850792
522000     -7265.0502171355       110.1364683058      -764.2102976455    102002.7029850792
523000     -7264.8221462822       110.1732868255      -765.1177466292    102002.7029850792
524000     -7264.9908637322       110.1784144936      -765.0070076821    102002.7029850792
525000     -7264.9941128842       110.1751611550      -766.7414650742    102002.7029850792
526000     -7265.0057882365       110.2076831396      -766.6244244627    102002.7029850792
527000     -7265.2698953208       110.2129743135      -765.6496912843    102002.7029850792
528000     -7265.6092272848       110.1915610952      -763.5176974640    102002.7029850792
529000     -7265.6472976208       110.1931617492      -761.9194152349    102002.7029850792
530000     -7266.0127568403       110.1548931677      -761.8746431010    102002.7029850792
531000     -7265.9562282930       110.1528249884      -762.0825442561    102002.7029850792
532000     -7265.8876260934       110.1650302254      -762.9151116617    102002.7029850792
533000     -7265.7117030875       110.1798195323      -762.9876542361    102002.7029850792
534000     -7265.7482495124       110.1813651613      -762.2873631255    102002.7029850792
535000     -7266.0846826738       110.1565153945      -761.6550937790    102002.7029850792
536000     -7266.1477212843       110.1599076538      -761.7198592366    102002.7029850792
537000     -7266.0500997763       110.1699842358      -761.5710290392    102002.7029850792
538000     -7265.9419833736       110.1766829626      -762.6085527007    102002.7029850792
539000     -7266.0636692997       110.1660594948      -763.5543691844    102002.7029850791
540000     -7265.9951638143       110.1464369351      -764.0971391103    102002.7029850791
541000     -7265.9239985086       110.1519141654      -765.3432682499    102002.7029850791
542000     -7265.5910575538       110.1567173326      -767.1914832996    102002.7029850791
543000     -7265.3550365120       110.1755111500      -767.5703825402    102002.7029850791
544000     -7265.5534875990       110.1649245273      -768.0581302215    102002.7029850791
545000     -7265.6169470229       110.1527951979      -769.0025317428    102002.7029850791
546000     -7265.7938931774       110.1394307317      -768.5451170129    102002.7029850791
547000     -7265.8816631827       110.1351801148      -768.3563364256    102002.7029850791
548000     -7265.8450067119       110.1316098512      -769.9393104094    102002.7029850791
549000     -7265.9875442248       110.1168154606      -770.3181801793    102002.7029850791
550000     -7265.6736765086       110.1299866172      -770.5326195197    102002.7029850791
551000     -7265.5434029746       110.1269161586      -770.2119671884    102002.7029850791
552000     -7265.4822729721       110.1188324781      -770.6867720659    102002.7029850791
553000     -7265.4124445249       110.1146388024      -772.0907187245    102002.7029850791
554000     -7265.4648205742       110.1092199586      -772.8711670547    102002.7029850791
555000     -7265.3071138902       110.1178494913      -772.6794971244    102002.7029850791
556000     -7265.3663438968       110.1147421084      -774.1949951027    102002.7029850791
557000     -7265.6388435211       110.1000309284      -774.3146229258    102002.7029850791
558000     -7265.8413268181       110.0893156945      -773.9699314118    102002.7029850791
559000     -7265.9369772122       110.0729306561      -773.4399449990    102002.7029850791
560000     -7266.0014884626       110.0739628003      -773.5449127061    102002.7029850791
561000     -7266.0441312538       110.0719329780      -772.9745283601    102002.7029850791
562000     -7266.2935295102       110.0543657762      -771.9497437335    102002.7029850791
563000     -7266.2946569681       110.0544161252      -772.1435956652    102002.7029850791
564000     -7266.4866043256       110.0415067510      -771.7045556452    102002.7029850791
565000     -7266.4933260628       110.0373461233      -770.9334131673    102002.7029850791
566000     -7266.3764950469       110.0488263732      -770.9126983549    102002.7029850791
567000     -7266.3769419876       110.0495200921      -771.7778858755    102002.7029850791
568000     -7266.6126915070       110.0462837266      -771.6682607565    102002.7029850791
569000     -7266.9403242389       110.0313826592      -772.5283240686    102002.7029850791
570000     -7267.0013746712       110.0305717659      -773.6793638573    102002.7029850791
571000     -7267.1201603389       110.0354763885      -774.4451311131    102002.7029850791
572000     -7267.1838878467       110.0424386121      -774.9485965457    102002.7029850791
573000     -7267.2016336911       110.0396099173      -776.3259779444    102002.7029850791
574000     -7267.1839144814       110.0424108778      -776.7604595737    102002.7029850791
575000     -7267.1446617861       110.0481224327      -776.3150783918    102002.7029850791
576000     -7267.0843789212       110.0475053788      -775.8141958198    102002.7029850791
577000     -7267.2351970535       110.0348200056      -775.8202084729    102002.7029850791
578000     -7267.2605391231       110.0347746157      -776.2629089888    102002.7029850791
579000     -7267.2488346636       110.0312242182      -776.6717469219    102002.7029850791
580000     -7267.3419035616       110.0247549877      -777.5806842143    102002.7029850791
581000     -7267.2035601901       110.0271240677      -777.6285805735    102002.7029850791
582000     -7267.1641829501       110.0313892308      -777.2612030408    102002.7029850791
583000     -7267.0316555755       110.0412400706      -776.9800365149    102002.7029850791
584000     -7267.2893772401       110.0274284697      -776.5538974727    102002.7029850791
585000     -7267.3836543157       110.0249649936      -776.6982158072    102002.7029850791
586000     -7267.4270760820       110.0226416097      -777.0756473891    102002.7029850791
587000     -7267.3769769687       110.0282224153      -776.9453467336    102002.7029850791
588000     -7267.3766402414       110.0252236926      -776.5876880159    102002.7029850791
589000     -7267.3883027957       110.0206098403      -776.2481817137    102002.7029850791
590000     -7267.3759799753       110.0211731006      -775.6075742888    102002.7029850791
591000     -7267.1796989729       110.0301262951      -774.6436892431    102002.7029850792
592000     -7267.1136432912       110.0295124455      -774.8735353478    102002.7029850792
593000     -7267.1690058784       110.0291531647      -774.6514193491    102002.7029850792
594000     -7267.3036646176       110.0219685909      -774.3684947281    102002.7029850792
595000     -7267.2514363891       110.0185921445      -774.1432253362    102002.7029850792
596000     -7267.1442273786       110.0252627803      -773.6137864290    102002.7029850792
597000     -7267.1208560964       110.0260268126      -773.8412666341    102002.7029850792
598000     -7267.1411486610       110.0270042426      -773.7557221195    102002.7029850792
599000     -7266.9538050710       110.0372823644      -773.5463446787    102002.7029850792
600000     -7266.9172584473       110.0381759859      -773.5118294704    102002.7029850792
601000     -7266.9036815093       110.0385923616      -773.5560927144    102002.7029850792
602000     -7266.8829806502       110.0381815483      -773.6004526749    102002.7029850792
603000     -7266.9298420463       110.0376498238      -773.4169860323    102002.7029850792
604000     -7266.8772908574       110.0443887492      -773.3169518974    102002.7029850793
605000     -7266.8244737504       110.0465528755      -773.4835141806    102002.7029850793
606000     -7266.9634017636       110.0403829357      -773.4404775918    102002.7029850793
607000     -7267.0769431374       110.0355764422      -773.4285360560    102002.7029850793
608000     -7267.0675005780       110.0397837917      -772.8343305849    102002.7029850793
609000     -7266.9705478567       110.0472958898      -772.4212697793    102002.7029850793
610000     -7266.9662082751       110.0487160039      -772.1933748265    102002.7029850793
611000     -7266.9944241225       110.0472229412      -772.3547352916    102002.7029850793
612000     -7267.0370805421       110.0484489883      -772.3633443659    102002.7029850793
613000     -7267.0289116293       110.0473980379      -772.1817334110    102002.7029850793
614000     -7267.1447911530       110.0379073232      -772.0567262204    102002.7029850793
615000     -7267.1690268457       110.0358794200      -771.8322758741    102002.7029850793
616000     -7267.1167828143       110.0390362463      -771.9497036366    102002.7029850793
617000     -7267.0514800703       110.0445093158      -771.8672355164    102002.7029850793
618000     -7266.9435912259       110.0501268319      -771.9780743320    102002.7029850793
619000     -7266.8601429691       110.0533694319      -771.4785760941    102002.7029850793
620000     -7266.8197202955       110.0582284569      -771.6010913050    102002.7029850793
621000     -7266.7899865181       110.0577849766      -771.2317093914    102002.7029850793
622000     -7266.7126960979       110.0657817672      -770.6556607369    102002.7029850794
623000     -7266.6962051915       110.0679129439      -770.8808864390    102002.7029850794
624000     -7266.6475220334       110.0712635537      -770.6367816674    102002.7029850794
625000     -7266.5518241649       110.0756371894      -770.2430154968    102002.7029850794
626000     -7266.5786970776       110.0733832706      -769.5803502753    102002.7029850794
627000     -7266.6310210677       110.0697422833      -769.5594794246    102002.7029850794
628000     -7266.6342214409       110.0715128593      -769.5146541884    102002.7029850794
629000     -7266.6658862093       110.0713463480      -769.3504798043    102002.7029850794
630000     -7266.7345267389       110.0704944397      -769.1718527306    102002.7029850794
631000     -7266.7586219029       110.0696882723      -768.9796392438    102002.7029850794
632000     -7266.7892758048       110.0656285688      -768.6716963281    102002.7029850794
633000     -7266.7653934442       110.0701911024      -768.3312387640    102002.7029850794
634000     -7266.6891749812       110.0772861848      -768.1142138679    102002.7029850794
635000     -7266.7023209731       110.0732303531      -768.1338059580    102002.7029850794
636000     -7266.6957263370       110.0735063531      -768.1819445830    102002.7029850794
637000     -7266.6611173495       110.0743907724      -768.1422713537    102002.7029850794
638000     -7266.7252536045       110.0732688674      -767.9945985826    102002.7029850794
639000     -7266.6789156835       110.0753717201      -767.9959783899    102002.7029850794
640000     -7266.6453167536       110.0795943276      -767.5989332423    102002.7029850794
641000     -7266.6552226043       110.0749428746      -767.9386348423    102002.7029850794
642000     -7266.6831281883       110.0718938983      -767.8119439331    102002.7029850794
643000     -7266.7540505028       110.0678389177      -767.7158138618    102002.7029850794
644000     -7266.7712606199       110.0656941573      -767.6489677404    102002.7029850794
645000     -7266.7928295155       110.0643855902      -767.3481215476    102002.7029850794
646000     -7266.7474409795       110.0659467670      -767.0133494369    102002.7029850795
647000     -7266.7164820513       110.0634022199      -766.8786528438    102002.7029850795
648000     -7266.6422334412       110.0638436689      -766.9375969152    102002.7029850795
649000     -7266.5715979306       110.0686501391      -767.1964231597    102002.7029850795
650000     -7266.5633781692       110.0695303930      -766.9554864736    102002.7029850795
651000     -7266.6108025017       110.0702036130      -766.6481268966    102002.7029850795
652000     -7266.5309337128       110.0717217082      -766.6268028765    102002.7029850795
653000     -7266.4895307148       110.0730327997      -766.4779418174    102002.7029850795
654000     -7266.4064217919       110.0745757224      -766.6684114647    102002.7029850795
655000     -7266.3261364053       110.0783598954      -766.6254536142    102002.7029850795
656000     -7266.2859176690       110.0780361647      -766.3727727603    102002.7029850795
657000     -7266.2084114473       110.0838226485      -766.0297608332    102002.7029850795
658000     -7266.2033300056       110.0830911810      -765.9344861033    102002.7029850795
659000     -7266.1544038522       110.0901396856      -765.6974866996    102002.7029850795
660000     -7266.1726601889       110.0915186860      -765.7229741785    102002.7029850795
661000     -7266.2550104738       110.0869196816      -765.6780532662    102002.7029850795
662000     -7266.3104336632       110.0839120104      -765.6584950486    102002.7029850795
663000     -7266.3143243159       110.0842613554      -765.7628658150    102002.7029850795
664000     -7266.3004545966       110.0857578582      -765.5877954115    102002.7029850795
665000     -7266.3742724693       110.0814910103      -765.5157258139    102002.7029850795
666000     -7266.3682967603       110.0802195004      -765.1577914733    102002.7029850795
667000     -7266.3374087349       110.0833673998      -764.8676187759    102002.7029850795
668000     -7266.3119003646       110.0848363104      -764.7055476307    102002.7029850795
669000     -7266.2415435462       110.0904891607      -764.5135357848    102002.7029850795
670000     -7266.2467719190       110.0911677864      -764.5643391529    102002.7029850795
671000     -7266.2273745639       110.0946452679      -764.3368743479    102002.7029850795
672000     -7266.2794683922       110.0900852947      -764.3191820616    102002.7029850795
673000     -7266.2675436300       110.0882593974      -764.2356835581    102002.7029850795
674000     -7266.2549488778       110.0867671305      -764.3624272321    102002.7029850794
675000     -7266.2550035403       110.0843907930      -764.1756374330    102002.7029850794
676000     -7266.2435835042       110.0823687968      -763.9444435411    102002.7029850794
677000     -7266.1751981448       110.0881530002      -763.4200896760    102002.7029850794
678000     -7266.1327068245       110.0910635633      -763.4238229210    102002.7029850794
679000     -7266.0524197638       110.0941944276      -763.3793896457    102002.7029850794
680000     -7265.9948345858       110.0956663910      -763.3981739023    102002.7029850794
681000     -7265.9662699993       110.0946274164      -763.4121233745    102002.7029850794
682000     -7266.0013309472       110.0938198640      -763.2377520704    102002.7029850794
683000     -7266.0226837965       110.0927718107      -763.1963872323    102002.7029850794
684000     -7265.9827568585       110.0971378914      -762.8833009433    102002.7029850794
685000     -7266.0015964930       110.0958867209      -762.7840702437    102002.7029850794
686000     -7265.9831242571       110.0996506705      -762.5939249352    102002.7029850794
687000     -7265.9860265049       110.0977716190      -762.8967598731    102002.7029850794
688000     -7266.0180965528       110.0953448805      -762.8451557826    102002.7029850793
689000     -7265.9881815455       110.0934845011      -762.6986863045    102002.7029850793
690000     -7266.0434971067       110.0877869034      -762.6005451308    102002.7029850793
691000     -7265.9424760543       110.0938677019      -762.5652621401    102002.7029850793
692000     -7265.9144086298       110.0942082687      -762.7866730801    102002.7029850793
693000     -7265.9431664898       110.0917366516      -762.7354475759    102002.7029850793
694000     -7265.9618385237       110.0917445144      -762.8885809855    102002.7029850793
695000     -7265.9673053463       110.0937024898      -762.8337515559    102002.7029850793
696000     -7266.0138186274       110.0896887150      -762.9126338022    102002.7029850793
697000     -7266.1064504973       110.0847148535      -762.7969966050    102002.7029850793
698000     -7266.0999316610       110.0838644958      -762.9450915912    102002.7029850793
699000     -7266.1754434594       110.0799310315      -763.1153757135    102002.7029850793
700000     -7266.1461148930       110.0810836519      -762.9965492667    102002.7029850793
701000     -7266.1339127878       110.0822652312      -762.9660167502    102002.7029850793
702000     -7266.1225587134       110.0833383890      -762.9142123519    102002.7029850793
703000     -7266.1129777541       110.0865447031      -763.0510640262    102002.7029850793
704000     -7266.1175805016       110.0875453703      -763.2009956326    102002.7029850792
705000     -7266.0751218883       110.0915155340      -763.4044324693    102002.7029850792
706000     -7266.0635035905       110.0929119442      -763.3611101145    102002.7029850792
707000     -7266.1057174348       110.0915127920      -763.3955412124    102002.7029850792
708000     -7266.0836318084       110.0956589816      -763.5036201107    102002.7029850792
709000     -7266.1208890090       110.0938755929      -763.2358866416    102002.7029850792
710000     -7266.1944780156       110.0894310752      -762.9201361790    102002.7029850792
711000     -7266.2421556562       110.0898693872      -762.9530667037    102002.7029850792
712000     -7266.3202136130       110.0859464121      -762.9989543012    102002.7029850792
713000     -7266.2880239837       110.0902330473      -762.9960997958    102002.7029850792
714000     -7266.2807115131       110.0912308988      -763.1107528459    102002.7029850792
715000     -7266.2582537775       110.0952608427      -763.3449469281    102002.7029850792
716000     -7266.2702609494       110.0930455065      -763.3009115438    102002.7029850792
717000     -7266.2955457466       110.0882775372      -763.2995832886    102002.7029850792
718000     -7266.2818670840       110.0875492403      -763.1888952374    102002.7029850792
719000     -7266.3100802985       110.0834779674      -763.1749362467    102002.7029850792
720000     -7266.3286250462       110.0807635029      -763.0645499955    102002.7029850792
721000     -7266.2840135003       110.0843156400      -762.9535941112    102002.7029850792
722000     -7266.2389007867       110.0871764623      -762.8804429609    102002.7029850792
723000     -7266.1905374383       110.0886565659      -763.0608641517    102002.7029850792
724000     -7266.1702923938       110.0897432533      -763.1364035464    102002.7029850791
725000     -7266.1884680163       110.0877831875      -763.1607794240    102002.7029850791
726000     -7266.1408539055       110.0903099012      -763.1229277311    102002.7029850791
727000     -7266.1506892674       110.0909295421      -762.8749247929    102002.7029850791
728000     -7266.1427155959       110.0903393500      -762.9206366153    102002.7029850791
729000     -7266.1922655902       110.0876425866      -762.7983479145    102002.7029850791
730000     -7266.2119323582       110.0857001940      -762.8070272502    102002.7029850791
731000     -7266.2252108110       110.0827349707      -762.5458912057    102002.7029850791
732000     -7266.1683489942       110.0869734297      -762.6765621596    102002.7029850791
733000     -7266.1371941845       110.0884203749      -762.5101086821    102002.7029850791
734000     -7266.1899180209       110.0837097402      -762.3669000493    102002.7029850791
735000     -7266.2323157456       110.0824174481      -762.4104737486    102002.7029850791
736000     -7266.2949610674       110.0800968176      -762.4918301110    102002.7029850791
737000     -7266.2890391241       110.0800687409      -762.5437664193    102002.7029850791
738000     -7266.3087003371       110.0789221833      -762.7286262088    102002.7029850791
739000     -7266.3091605143       110.0767726999      -762.8178028315    102002.7029850791
740000     -7266.3147508720       110.0768207187      -762.8407504575    102002.7029850791
741000     -7266.2949290632       110.0799164687      -762.9202685296    102002.7029850791
742000     -7266.2819216254       110.0837861892      -763.0135239443    102002.7029850791
743000     -7266.2890125748       110.0832506948      -763.1374332634    102002.7029850791
744000     -7266.2961011864       110.0837360625      -763.2005449494    102002.7029850791
745000     -7266.2854602447       110.0849289768      -763.1577721389    102002.7029850791
746000     -7266.2803472210       110.0851723128      -762.9477061134    102002.7029850791
747000     -7266.2952404935       110.0847717444      -762.8982102964    102002.7029850791
748000     -7266.3107764829       110.0844107269      -762.9331859650    102002.7029850790
749000     -7266.3472690824       110.0802198709      -762.7535446621    102002.7029850790
750000     -7266.3966146218       110.0768797269      -762.5596666208    102002.7029850790
751000     -7266.4112897224       110.0760285664      -762.5079030308    102002.7029850790
752000     -7266.4226817066       110.0758476902      -762.4135368208    102002.7029850790
753000     -7266.5009966441       110.0710066785      -762.3432665089    102002.7029850790
754000     -7266.5525143140       110.0687546839      -762.3301534389    102002.7029850790
755000     -7266.6040986087       110.0652723330      -762.1950671624    102002.7029850790
756000     -7266.6471613109       110.0648653714      -761.9508731889    102002.7029850790
757000     -7266.6597908790       110.0648753003      -762.0245463653    102002.7029850790
758000     -7266.6813342673       110.0649247973      -761.8545687831    102002.7029850790
759000     -7266.7341146105       110.0632185800      -761.7735276609    102002.7029850790
760000     -7266.8192854255       110.0593071598      -761.6845218141    102002.7029850790
761000     -7266.8078521955       110.0628578249      -761.5938190982    102002.7029850790
762000     -7266.8594305848       110.0625942967      -761.5613381721    102002.7029850790
763000     -7266.9173380298       110.0608887092      -761.5910311749    102002.7029850790
764000     -7266.9527084137       110.0609808660      -761.5827354812    102002.7029850790
765000     -7266.9540682066       110.0620284088      -761.3366853939    102002.7029850790
766000     -7266.9313518239       110.0648039685      -761.2349393867    102002.7029850790
767000     -7266.9451491373       110.0653026733      -761.3322422221    102002.7029850790
768000     -7267.0161029645       110.0621555806      -761.3700182545    102002.7029850790
769000     -7267.0451788326       110.0619083415      -761.3643275564    102002.7029850790
770000     -7267.0727173928       110.0599860053      -761.5127938132    102002.7029850790
771000     -7267.1099578884       110.0588537747      -761.3321787510    102002.7029850790
772000     -7267.1548933421       110.0566099031      -761.2719159079    102002.7029850790
773000     -7267.1299696460       110.0583801257      -761.3648595325    102002.7029850790
774000     -7267.1172602175       110.0606904373      -761.3230283905    102002.7029850790
775000     -7267.0839437899       110.0640584057      -761.3604339249    102002.7029850790
776000     -7267.1000163159       110.0636546263      -761.3647169192    102002.7029850790
777000     -7267.1338125366       110.0610485955      -761.4617079223    102002.7029850789
778000     -7267.1780624273       110.0575993113      -761.3835065375    102002.7029850789
779000     -7267.2140481730       110.0561478074      -761.4153457238    102002.7029850789
780000     -7267.2281745236       110.0554746656      -761.5617174076    102002.7029850789
781000     -7267.2369795219       110.0553504317      -761.6505278567    102002.7029850789
782000     -7267.2645822648       110.0545685719      -761.6968985435    102002.7029850789
783000     -7267.2443591030       110.0580337930      -761.7939629928    102002.7029850789
784000     -7267.2078879075       110.0598362143      -761.7895666820    102002.7029850789
785000     -7267.1985549201       110.0606487121      -761.7589315059    102002.7029850789
786000     -7267.1741746905       110.0617047731      -761.7881639722    102002.7029850789
787000     -7267.1259919058       110.0654080270      -761.9607610856    102002.7029850789
788000     -7267.1341740764       110.0652314904      -762.0442866812    102002.7029850789
789000     -7267.1726900155       110.0626358336      -762.0594614225    102002.7029850789
790000     -7267.1675189564       110.0640939283      -762.1342008895    102002.7029850789
791000     -7267.1583248784       110.0670490119      -762.1022215118    102002.7029850789
792000     -7267.1809113036       110.0668086531      -762.1936428006    102002.7029850789
793000     -7267.2481292875       110.0626961401      -761.9778985956    102002.7029850789
794000     -7267.2740118937       110.0611541385      -761.9883770953    102002.7029850789
795000     -7267.2913552933       110.0608589552      -761.9261147918    102002.7029850789
796000     -7267.2798284030       110.0621848633      -761.9371162769    102002.7029850789
797000     -7267.2793009330       110.0616956669      -762.0171629801    102002.7029850789
798000     -7267.2595982321       110.0626955791      -762.1597139332    102002.7029850789
799000     -7267.2705642246       110.0627852240      -762.0091078952    102002.7029850789
800000     -7267.2790602963       110.0624067673      -761.9917846314    102002.7029850789
801000     -7267.2749228514       110.0632923770      -761.9704478487    102002.7029850789
802000     -7267.3066874932       110.0608932712      -761.8952360158    102002.7029850789
803000     -7267.3498349349       110.0593290772      -761.9857981577    102002.7029850789
804000     -7267.3928616122       110.0545423866      -762.2139324497    102002.7029850789
805000     -7267.3851233387       110.0553889319      -762.0848402792    102002.7029850789
806000     -7267.4097599110       110.0552981999      -761.8626226358    102002.7029850789
807000     -7267.3853922676       110.0569166640      -761.8604656339    102002.7029850789
808000     -7267.3611529989       110.0582364192      -761.7523051265    102002.7029850789
809000     -7267.3863791618       110.0560844350      -761.8092653004    102002.7029850789
810000     -7267.3787779386       110.0554464712      -761.9498020163    102002.7029850789
811000     -7267.4031518068       110.0550708213      -761.9956756347    102002.7029850789
812000     -7267.3996222776       110.0556283449      -761.9975403808    102002.7029850789
813000     -7267.4080062090       110.0559321532      -761.9852015341    102002.7029850789
814000     -7267.4569053326       110.0531013701      -762.0745393516    102002.7029850789
815000     -7267.4569822362       110.0531369456      -762.0403941834    102002.7029850788
816000     -7267.5038908613       110.0513907767      -762.1110985573    102002.7029850788
817000     -7267.5109958227       110.0515646348      -762.1489326194    102002.7029850788
818000     -7267.5266570275       110.0505339639      -762.2161697035    102002.7029850788
819000     -7267.5233881147       110.0503752609      -762.2104359719    102002.7029850788
820000     -7267.4818880921       110.0519482687      -762.1530086378    102002.7029850788
821000     -7267.4742504230       110.0503048165      -762.1159353933    102002.7029850788
822000     -7267.4584307936       110.0517342978      -762.2347128175    102002.7029850788
823000     -7267.4541588372       110.0520615596      -762.4571730208    102002.7029850788
824000     -7267.4621667096       110.0512157452      -762.5284991645    102002.7029850788
825000     -7267.4551458762       110.0543409054      -762.5719820623    102002.7029850788
826000     -7267.4493624328       110.0550444159      -762.5422610279    102002.7029850788
827000     -7267.4140314871       110.0578301272      -762.5190950230    102002.7029850788
828000     -7267.4113724439       110.0587796390      -762.6045403299    102002.7029850788
829000     -7267.3999079119       110.0588076671      -762.6539729104    102002.7029850788
830000     -7267.4212623852       110.0563763905      -762.7214014346    102002.7029850788
831000     -7267.4113558755       110.0559170987      -762.7344899761    102002.7029850788
832000     -7267.4543421729       110.0523136917      -762.6841246342    102002.7029850788
833000     -7267.4517483603       110.0508545352      -762.5922950334    102002.7029850788
834000     -7267.4862080821       110.0473658257      -762.6003748840    102002.7029850788
835000     -7267.4941637594       110.0479447283      -762.7084560413    102002.7029850788
836000     -7267.5063822070       110.0467129412      -762.8416063200    102002.7029850788
837000     -7267.5232719230       110.0466011824      -762.9237213049    102002.7029850788
838000     -7267.5006814003       110.0473380811      -763.0725652359    102002.7029850788
839000     -7267.5071757975       110.0463124722      -763.1690631392    102002.7029850788
840000     -7267.5087032500       110.0459833899      -763.1737810598    102002.7029850788
841000     -7267.4834821837       110.0464865512      -763.2851397473    102002.7029850788
842000     -7267.4627822361       110.0457553380      -763.3939568724    102002.7029850788
843000     -7267.4825955947       110.0443683299      -763.4590138925    102002.7029850788
844000     -7267.4415963336       110.0463355223      -763.6503826847    102002.7029850788
845000     -7267.4298211541       110.0474447449      -763.7899766303    102002.7029850788
846000     -7267.4421871169       110.0473215222      -763.8715629302    102002.7029850788
847000     -7267.4464914694       110.0468428713      -763.9241911022    102002.7029850788
848000     -7267.4639448439       110.0450100690      -763.9634653694    102002.7029850788
849000     -7267.4408767948       110.0459306780      -763.8930783912    102002.7029850788
850000     -7267.4210203451       110.0471307609      -763.8975431434    102002.7029850788
851000     -7267.4162307127       110.0458475613      -763.9646814704    102002.7029850788
852000     -7267.3887563962       110.0446866828      -763.9440467732    102002.7029850788
853000     -7267.3799423472       110.0442982610      -764.1640918540    102002.7029850788
854000     -7267.3595147625       110.0438742398      -764.1993847605    102002.7029850788
855000     -7267.3491709200       110.0433394122      -764.2373510282    102002.7029850788
856000     -7267.3199143826       110.0441034618      -764.2299341525    102002.7029850788
857000     -7267.2705332160       110.0467344607      -764.1039867066    102002.7029850788
858000     -7267.2846831127       110.0451874243      -764.0585165840    102002.7029850788
859000     -7267.2817011531       110.0469113638      -764.0767108206    102002.7029850788
860000     -7267.2674522251       110.0477373969      -764.1751886091    102002.7029850788
861000     -7267.2305430964       110.0498247740      -764.2246053989    102002.7029850788
862000     -7267.2275675452       110.0506524879      -764.2139817360    102002.7029850788
863000     -7267.1773758610       110.0522766095      -764.1548696070    102002.7029850788
864000     -7267.1456324018       110.0539630485      -764.1029337696    102002.7029850788
865000     -7267.1161896817       110.0548138772      -764.1497003760    102002.7029850788
866000     -7267.1251769836       110.0534033941      -764.2535046583    102002.7029850788
867000     -7267.1215088463       110.0528608536      -764.3465371891    102002.7029850788
868000     -7267.1474319275       110.0523517264      -764.2116709124    102002.7029850788
869000     -7267.1396206106       110.0516000516      -764.2253521574    102002.7029850788
870000     -7267.1783684359       110.0487472411      -764.3114427632    102002.7029850787
871000     -7267.1693244026       110.0497080784      -764.2308133587    102002.7029850787
872000     -7267.1621621283       110.0493031670      -764.2994319676    102002.7029850787
873000     -7267.2127084513       110.0463300230      -764.3523950070    102002.7029850787
874000     -7267.2194895361       110.0462778103      -764.3034495530    102002.7029850787
875000     -7267.1894951037       110.0485052510      -764.1738057852    102002.7029850787
876000     -7267.2154215460       110.0451826558      -764.1891308911    102002.7029850787
877000     -7267.2199090709       110.0441337152      -764.4252666064    102002.7029850787
878000     -7267.2260619157       110.0447781498      -764.4417168401    102002.7029850787
879000     -7267.2106687461       110.0469149129      -764.4731690179    102002.7029850787
880000     -7267.2077393793       110.0468049014      -764.5628627619    102002.7029850787
881000     -7267.2138103300       110.0466690411      -764.5488119805    102002.7029850787
882000     -7267.2017294311       110.0465590564      -764.7510236142    102002.7029850787
883000     -7267.2026256901       110.0464647866      -764.8157850827    102002.7029850787
884000     -7267.2173509163       110.0467130189      -764.8480667130    102002.7029850787
885000     -7267.2112086606       110.0469225632      -765.0220111291    102002.7029850787
886000     -7267.1823670770       110.0487457423      -765.0054878886    102002.7029850787
887000     -7267.1897998108       110.0476435658      -764.9417999434    102002.7029850787
888000     -7267.1737266391       110.0485323944      -764.9112910280    102002.7029850787
889000     -7267.1752455023       110.0487862253      -764.9646082093    102002.7029850787
890000     -7267.1689280112       110.0481984870      -764.9684689788    102002.7029850787
891000     -7267.1758322714       110.0475821200      -764.9919905530    102002.7029850787
892000     -7267.1855146443       110.0472223986      -765.0230685277    102002.7029850787
893000     -7267.1925700084       110.0466188843      -765.0484660725    102002.7029850787
894000     -7267.1987069835       110.0453448953      -765.1025413912    102002.7029850787
895000     -7267.1772961505       110.0461961077      -765.1068823857    102002.7029850787
896000     -7267.1707884431       110.0456209502      -765.1897139985    102002.7029850787
897000     -7267.2048583558       110.0434537402      -765.2962549513    102002.7029850787
898000     -7267.2025514364       110.0439564749      -765.2738062239    102002.7029850787
899000     -7267.1987894549       110.0441660601      -765.3330338457    102002.7029850787
900000     -7267.1868200050       110.0446150574      -765.4931461659    102002.7029850787
901000     -7267.2048602086       110.0436566129      -765.6519930840    102002.7029850787
902000     -7267.2371066196       110.0412630205      -765.7980028113    102002.7029850787
903000     -7267.2633531411       110.0406650034      -765.8243606539    102002.7029850787
904000     -7267.2906060698       110.0395310028      -765.9031526073    102002.7029850787
905000     -7267.2614152394       110.0423838438      -765.9748603782    102002.7029850787
906000     -7267.2810779350       110.0423256048      -765.9500116468    102002.7029850787
907000     -7267.3044444695       110.0408427627      -765.9247636070    102002.7029850787
908000     -7267.3244533151       110.0406567006      -765.8870675635    102002.7029850787
909000     -7267.3416176883       110.0386814821      -765.9285205517    102002.7029850787
910000     -7267.3432699932       110.0387506059      -765.9879383936    102002.7029850787
911000     -7267.3425209727       110.0388440882      -765.9289444988    102002.7029850787
912000     -7267.3552568643       110.0393425507      -765.9176163109    102002.7029850787
913000     -7267.4149072813       110.0355667258      -765.9362270211    102002.7029850787
914000     -7267.4189852525       110.0357006381      -765.8271264995    102002.7029850787
915000     -7267.4044308239       110.0365948223      -765.8242565071    102002.7029850787
916000     -7267.4069438530       110.0361963065      -765.7307439179    102002.7029850787
917000     -7267.4180920532       110.0353483730      -765.7241267907    102002.7029850787
918000     -7267.4275159880       110.0346899296      -765.5876623285    102002.7029850787
919000     -7267.4546007409       110.0326403313      -765.3877920637    102002.7029850787
920000     -7267.4802070943       110.0315902755      -765.3327503642    102002.7029850787
921000     -7267.4806954718       110.0330349248      -765.3277351723    102002.7029850787
922000     -7267.4786921430       110.0347133774      -765.2874676663    102002.7029850787
923000     -7267.4938103951       110.0344354564      -765.2777330208    102002.7029850787
924000     -7267.4955249091       110.0352590238      -765.2351561422    102002.7029850787
925000     -7267.4996972793       110.0355196882      -765.2081502617    102002.7029850787
926000     -7267.5074628254       110.0360014342      -765.2079571572    102002.7029850787
927000     -7267.5349300127       110.0355763034      -765.2727922520    102002.7029850786
928000     -7267.5308987316       110.0369244248      -765.2325440858    102002.7029850786
929000     -7267.5620658146       110.0350752417      -765.1139369165    102002.7029850786
930000     -7267.5715655589       110.0349505464      -765.1041292500    102002.7029850786
931000     -7267.5989529566       110.0341153865      -764.9712826605    102002.7029850786
932000     -7267.6152511560       110.0340315659      -764.9618835543    102002.7029850786
933000     -7267.6386145817       110.0326886401      -764.9753573535    102002.7029850786
934000     -7267.6380721902       110.0331500250      -764.9499161367    102002.7029850786
935000     -7267.6469046698       110.0327405036      -764.9368361422    102002.7029850786
936000     -7267.6414707595       110.0342350627      -764.9022758352    102002.7029850786
937000     -7267.6950968102       110.0320167046      -764.9240590497    102002.7029850786
938000     -7267.7123191938       110.0323411367      -764.8571919492    102002.7029850786
939000     -7267.7353662571       110.0318060850      -764.8419262796    102002.7029850786
940000     -7267.7565602363       110.0313844551      -764.7902343034    102002.7029850786
941000     -7267.7502237280       110.0316183226      -764.8406537226    102002.7029850786
942000     -7267.7600921592       110.0315782504      -764.9548579466    102002.7029850786
943000     -7267.8140815110       110.0295327831      -764.8703187451    102002.7029850786
944000     -7267.8093827326       110.0293293705      -764.8868303535    102002.7029850786
945000     -7267.7882096262       110.0315261959      -764.8376174919    102002.7029850786
946000     -7267.7761626063       110.0326971698      -764.8184877366    102002.7029850786
947000     -7267.7713337465       110.0340465624      -764.9053648214    102002.7029850786
948000     -7267.7605913013       110.0361723118      -765.0550181182    102002.7029850786
949000     -7267.7766454668       110.0361066451      -765.0134150059    102002.7029850786
950000     -7267.7635676094       110.0372009234      -764.9310422158    102002.7029850786
951000     -7267.7377816975       110.0388017200      -764.9840248868    102002.7029850786
952000     -7267.7386821376       110.0393291263      -765.0021579490    102002.7029850786
953000     -7267.7126091922       110.0413064400      -764.9464477529    102002.7029850786
954000     -7267.7069515631       110.0414807956      -764.9781455105    102002.7029850786
955000     -7267.6934255425       110.0425249731      -764.9741523443    102002.7029850786
956000     -7267.6881415538       110.0417466522      -764.9004706673    102002.7029850786
957000     -7267.6700404193       110.0418908361      -764.8272964292    102002.7029850786
958000     -7267.6402446674       110.0441480945      -764.8389947505    102002.7029850786
959000     -7267.6454919791       110.0446773920      -764.9159915046    102002.7029850786
960000     -7267.6796768725       110.0430751495      -765.0401409305    102002.7029850786
961000     -7267.6915877623       110.0429200951      -765.0637049487    102002.7029850786
962000     -7267.6989392154       110.0425160866      -765.0074502013    102002.7029850786
963000     -7267.6822586778       110.0446301430      -764.9875216186    102002.7029850786
964000     -7267.6943160529       110.0448477331      -764.9226362953    102002.7029850786
965000     -7267.6724453979       110.0477552702      -764.9541745497    102002.7029850786
966000     -7267.6769328881       110.0483324216      -765.0306641444    102002.7029850786
967000     -7267.6618225945       110.0497662042      -765.1019141042    102002.7029850786
968000     -7267.6517043193       110.0510080508      -765.0998031585    102002.7029850786
969000     -7267.6492672827       110.0516165072      -765.0448536234    102002.7029850786
970000     -7267.6561306646       110.0513005249      -765.0332620218    102002.7029850786
971000     -7267.6518166180       110.0526045596      -764.9002637417    102002.7029850786
972000     -7267.6506248104       110.0531646997      -764.9333123446    102002.7029850786
973000     -7267.6592759356       110.0528100798      -765.0288331333    102002.7029850786
974000     -7267.6520651390       110.0544023616      -765.0358088168    102002.7029850786
975000     -7267.6313372493       110.0567269314      -764.9917329075    102002.7029850786
976000     -7267.6171191395       110.0569519163      -764.9001063716    102002.7029850786
977000     -7267.5899469382       110.0578823952      -764.8072229869    102002.7029850786
978000     -7267.5637760555       110.0585965533      -764.8232336541    102002.7029850786
979000     -7267.5648600384       110.0582711700      -764.7123338452    102002.7029850786
980000     -7267.5718536771       110.0569324826      -764.6743138128    102002.7029850786
981000     -7267.5849443845       110.0558212254      -764.7414291940    102002.7029850786
982000     -7267.5879328002       110.0549909160      -764.7025625016    102002.7029850786
983000     -7267.5806645539       110.0554223908      -764.6439117948    102002.7029850786
984000     -7267.5743134037       110.0555350235      -764.6825111596    102002.7029850786
985000     -7267.5452783203       110.0569358206      -764.7377680542    102002.7029850786
986000     -7267.5190737199       110.0588698620      -764.7836091383    102002.7029850786
987000     -7267.5256623134       110.0585894575      -764.8249150216    102002.7029850786
988000     -7267.5295181556       110.0592034822      -764.7224990823    102002.7029850786
989000     -7267.5428998280       110.0573126092      -764.7400985196    102002.7029850786
990000     -7267.5634655347       110.0559051679      -764.7660971214    102002.7029850786
991000     -7267.5783051200       110.0542375918      -764.7270332468    102002.7029850786
992000     -7267.5737926993       110.0543956871      -764.6894943508    102002.7029850786
993000     -7267.5744926606       110.0538779862      -764.6110525034    102002.7029850786
994000     -7267.5727246047       110.0536891234      -764.6209007092    102002.7029850786
995000     -7267.5758442392       110.0532685759      -764.6292294468    102002.7029850786
996000     -7267.5771376392       110.0524165740      -764.6163939471    102002.7029850786
997000     -7267.5893310459       110.0522833403      -764.6122058195    102002.7029850786
998000     -7267.5931424003       110.0524340292      -764.6922422753    102002.7029850786
999000     -7267.5853698320       110.0535249458      -764.6016326680    102002.7029850786
1000000     -7267.5935414247       110.0534773487      -764.5301905888    102002.7029850786
