# Time-averaged data for fix runningavgs
# TimeStep v_ra_etotal v_ra_temp v_ra_press v_ra_volume
502000    -10812.9821140308        90.8435957510       307.8039277822    102002.7029850792
503000    -10815.0125484558        90.8179324015       310.0813081922    102002.7029850792
504000    -10810.5253463685        91.0895427942       317.7348390107    102002.7029850792
505000    -10814.5198855686        90.9293355299       320.3470977787    102002.7029850792
506000    -10814.7128536380        90.9532741762       316.8268887413    102002.7029850792
507000    -10815.4377595390        90.8993912967       316.5528864919    102002.7029850792
508000    -10814.7830957506        90.9213145458       318.5818931290    102002.7029850792
509000    -10814.2488817064        90.9521060305       324.3229089884    102002.7029850792
510000    -10812.3838998785        91.0260396039       321.4934471154    102002.7029850792
511000    -10812.4955545259        91.0024022616       322.7022005410    102002.7029850792
512000    -10811.7698955588        91.0269333528       320.5342926893    102002.7029850792
513000    -10811.2070703001        91.0482208532       322.1184495164    102002.7029850792
514000    -10810.4459163577        91.0778959943       322.4500166635    102002.7029850792
515000    -10810.4780263883        91.0717668954       323.2628874543    102002.7029850792
516000    -10810.6373993362        91.0552362927       322.6907467688    102002.7029850792
517000    -10810.8483669475        91.0499944456       323.8843744837    102002.7029850792
518000    -10810.9687130526        91.0506765392       322.7025385849    102002.7029850792
519000    -10811.0879420877        91.0551258745       320.6217168167    102002.7029850792
520000    -10811.7919395782        91.0100769109       320.7377360794    102002.7029850792
521000    -10811.4273094980        91.0176494909       323.2566138953    102002.7029850792
522000    -10810.9669041058        91.0431891615       323.5399447236    102002.7029850792
523000    -10810.9453868057        91.0340778117       321.6492389505    102002.7029850792
524000    -10810.9355452283        91.0330794099       323.5111268272    102002.7029850792
525000    -10810.7650053519        91.0379166253       324.5605447388    102002.7029850792
526000    -10811.1892595550        91.0110578609       326.3359451857    102002.7029850792
527000    -10811.4274592851        90.9990060414       326.2274535031    102002.7029850792
528000    -10811.7594342040        90.9779137561       324.6584545331    102002.7029850792
529000    -10811.6920746164        90.9788224273       324.4019462749    102002.7029850792
530000    -10811.6634260049        90.9856731704       324.1770000968    102002.7029850792
531000    -10811.7340234735        90.9813365231       321.5344376693    102002.7029850792
532000    -10811.6148268679        90.9832290759       319.0855009522    102002.7029850792
533000    -10811.6957986271        90.9771476767       317.0942130635    102002.7029850792
534000    -10811.9159439438        90.9663492944       317.8129897087    102002.7029850792
535000    -10811.8059316217        90.9732157610       317.0578794140    102002.7029850792
536000    -10811.9534539267        90.9707451190       317.4225636523    102002.7029850792
537000    -10811.9710615406        90.9710080178       317.6406201902    102002.7029850792
538000    -10811.5702870640        90.9846013686       316.1017917589    102002.7029850792
539000    -10811.4741554910        90.9903434741       315.2539576555    102002.7029850791
540000    -10811.4956454563        90.9890215192       315.3768262920    102002.7029850791
541000    -10811.5691766478        90.9834905589       315.0369857452    102002.7029850791
542000    -10811.6266683007        90.9824582906       314.1468105013    102002.7029850791
543000    -10811.5146126324        90.9891459026       313.4365170672    102002.7029850791
544000    -10811.5715050887        90.9826426728       313.7935693084    102002.7029850791
545000    -10811.5052615572        90.9876540887       313.0468344356    102002.7029850791
546000    -10811.7639492870        90.9741292702       312.8502033895    102002.7029850791
547000    -10811.7828907616        90.9684809254       312.9866754336    102002.7029850791
548000    -10811.6110272042        90.9798169598       312.6517569977    102002.7029850791
549000    -10811.5197413291        90.9844516073       311.7137314256    102002.7029850791
550000    -10811.3223962278        90.9927219345       311.1257379182    102002.7029850791
551000    -10811.3951607495        90.9924693782       310.4466762193    102002.7029850791
552000    -10811.5706143814        90.9878009251       309.8064890175    102002.7029850791
553000    -10811.7691434096        90.9785649274       310.0272898343    102002.7029850791
554000    -10811.8224227558        90.9795241170       309.1923765918    102002.7029850791
555000    -10811.7881470977        90.9835159325       309.2764125991    102002.7029850791
556000    -10811.8286650535        90.9844009726       308.8100751764    102002.7029850791
557000    -10812.0128876627        90.9758282073       308.4775764578    102002.7029850791
558000    -10811.8429369391        90.9877293382       307.4742946051    102002.7029850791
559000    -10811.9961744779        90.9847561628       306.5163603096    102002.7029850791
560000    -10811.9395192229        90.9899210667       306.0970010185    102002.7029850791
561000    -10811.9466236971        90.9914488861       305.7027633433    102002.7029850791
562000    -10812.0667003495        90.9879530255       305.7178487946    102002.7029850791
563000    -10812.1874604816        90.9881462174       305.3051568543    102002.7029850791
564000    -10812.2041722651        90.9938469831       304.4697732766    102002.7029850791
565000    -10812.3867964357        90.9929774272       303.4590670828    102002.7029850791
566000    -10812.4156668863        90.9965841821       302.9410921564    102002.7029850791
567000    -10812.4553697996        90.9973533503       302.6712018357    102002.7029850791
568000    -10812.4337941737        91.0004792476       302.3570684970    102002.7029850791
569000    -10812.4685406777        91.0033543435       301.7696536015    102002.7029850791
570000    -10812.4715890158        91.0066011219       301.8586113604    102002.7029850791
571000    -10812.6502258716        91.0026367589       301.9150811655    102002.7029850791
572000    -10812.7279624898        91.0038799519       301.7291623670    102002.7029850791
573000    -10812.9695160052        90.9974894854       301.9329797916    102002.7029850791
574000    -10813.0040254791        91.0005128940       302.3556127231    102002.7029850791
575000    -10813.0006163628        91.0025203917       301.5454832654    102002.7029850791
576000    -10813.0452283422        91.0039620673       301.5867378813    102002.7029850791
577000    -10813.0334197334        91.0090417154       301.2322646546    102002.7029850791
578000    -10813.0051866556        91.0158000372       301.1731302690    102002.7029850791
579000    -10813.1083540010        91.0165882714       300.7229017915    102002.7029850791
580000    -10813.2842046320        91.0104026552       299.5360174323    102002.7029850791
581000    -10813.4781073223        91.0039554066       298.9334901532    102002.7029850791
582000    -10813.5849892372        91.0010442125       298.2653708039    102002.7029850791
583000    -10813.7200887931        90.9977534971       297.4029276710    102002.7029850791
584000    -10813.8565937254        90.9933197417       296.9281525804    102002.7029850791
585000    -10813.9555807417        90.9899844981       297.2467499250    102002.7029850791
586000    -10813.9818181033        90.9929330359       297.3275144593    102002.7029850791
587000    -10813.9917569780        90.9939999931       297.2408291443    102002.7029850791
588000    -10814.0512203826        90.9926571845       296.9333112769    102002.7029850791
589000    -10814.1394104015        90.9920316110       296.8880548908    102002.7029850791
590000    -10814.1433824971        90.9952845028       297.0468439549    102002.7029850791
591000    -10814.1498026876        90.9977374966       297.2917385279    102002.7029850792
592000    -10814.1808719591        90.9966891675       297.8521560904    102002.7029850792
593000    -10814.2390156818        90.9956207252       297.7197327588    102002.7029850792
594000    -10814.1984491752        90.9961537985       297.8872883025    102002.7029850792
595000    -10814.1621817036        90.9982838448       298.1139030520    102002.7029850792
596000    -10814.1910959595        90.9959934836       297.9185702318    102002.7029850792
597000    -10814.2079593013        90.9987455804       297.8279492595    102002.7029850792
598000    -10814.3418496523        90.9954268542       297.2447311384    102002.7029850792
599000    -10814.4064353952        90.9951790152       297.0866516992    102002.7029850792
600000    -10814.4560074351        90.9947613662       296.8976155407    102002.7029850792
601000    -10814.5004383354        90.9982829334       296.6601532870    102002.7029850792
602000    -10814.6167047836        90.9949085253       296.3876324206    102002.7029850792
603000    -10814.6716881844        90.9948909574       296.1169100712    102002.7029850792
604000    -10814.6820388867        90.9972467375       296.2475214157    102002.7029850793
605000    -10814.6326577945        91.0008792864       296.3728412076    102002.7029850793
606000    -10814.7115848471        90.9982162877       296.5347256823    102002.7029850793
607000    -10814.8779919129        90.9936088546       296.2266412169    102002.7029850793
608000    -10814.8959148175        90.9940269355       295.8752160739    102002.7029850793
609000    -10814.9626995809        90.9917460209       295.6909709790    102002.7029850793
610000    -10814.9889564324        90.9915682564       295.8113829699    102002.7029850793
611000    -10814.9026082702        90.9951203813       296.0289917641    102002.7029850793
612000    -10814.9893701369        90.9920630826       296.0086842255    102002.7029850793
613000    -10815.0079640721        90.9912736158       295.8482975319    102002.7029850793
614000    -10814.9223946966        90.9937154028       296.0259352211    102002.7029850793
615000    -10814.8458533356        90.9961149179       296.4478967778    102002.7029850793
616000    -10814.8455980722        90.9966233622       296.7014846732    102002.7029850793
617000    -10814.8873669096        90.9943929047       297.2443004401    102002.7029850793
618000    -10814.9016273012        90.9930023841       297.4262121688    102002.7029850793
619000    -10814.9194716937        90.9924575738       297.3023262779    102002.7029850793
620000    -10814.9538183638        90.9902569709       297.7683238926    102002.7029850793
621000    -10814.9518265131        90.9885599712       297.9874566398    102002.7029850793
622000    -10814.9104660387        90.9902501609       298.2817076970    102002.7029850794
623000    -10814.8700017882        90.9929132991       298.3211129564    102002.7029850794
624000    -10814.8676882222        90.9922968705       298.0255330700    102002.7029850794
625000    -10814.9350139284        90.9897155112       297.4034177622    102002.7029850794
626000    -10814.9393936985        90.9915429310       297.3575558288    102002.7029850794
627000    -10814.9950262317        90.9894502146       297.0366914673    102002.7029850794
628000    -10814.9857278881        90.9884967380       296.7300168204    102002.7029850794
629000    -10815.0646198418        90.9838529223       296.5991365946    102002.7029850794
630000    -10815.0200164138        90.9838462920       296.6743774218    102002.7029850794
631000    -10815.0178525746        90.9840001403       296.8804499994    102002.7029850794
632000    -10814.9831080825        90.9844757297       296.9906172069    102002.7029850794
633000    -10815.0345432157        90.9800657191       297.1530357924    102002.7029850794
634000    -10815.0676764217        90.9787215797       296.7033094405    102002.7029850794
635000    -10815.0083223329        90.9822395358       296.5528579067    102002.7029850794
636000    -10815.0217596973        90.9801622133       296.9213649423    102002.7029850794
637000    -10815.0607131794        90.9767827062       297.2163342158    102002.7029850794
638000    -10814.9924707209        90.9786510130       297.5593004427    102002.7029850794
639000    -10814.9846060064        90.9792415372       297.8413616071    102002.7029850794
640000    -10815.0180511246        90.9765473732       298.3946766139    102002.7029850794
641000    -10814.9396989156        90.9793226348       298.6179718377    102002.7029850794
642000    -10814.9160408416        90.9796165445       298.8727963615    102002.7029850794
643000    -10814.8180512081        90.9814333873       299.2096948157    102002.7029850794
644000    -10814.6922572436        90.9861223763       299.5901494747    102002.7029850794
645000    -10814.5899715754        90.9880842812       300.0425765483    102002.7029850794
646000    -10814.5403211441        90.9888610066       300.3763615777    102002.7029850795
647000    -10814.5668768469        90.9876675649       300.3804216561    102002.7029850795
648000    -10814.5112402216        90.9892270034       300.6486717245    102002.7029850795
649000    -10814.4701008589        90.9894062417       300.8796441804    102002.7029850795
650000    -10814.3658116430        90.9936425139       301.0418699099    102002.7029850795
651000    -10814.3670409393        90.9936555499       301.0438225693    102002.7029850795
652000    -10814.2907867131        90.9971701703       301.5507265168    102002.7029850795
653000    -10814.2529274120        90.9986820147       301.7861814023    102002.7029850795
654000    -10814.2205048962        91.0001429242       302.0583786869    102002.7029850795
655000    -10814.2122983130        91.0011107610       302.2732764253    102002.7029850795
656000    -10814.2099781781        91.0008983584       302.4185025065    102002.7029850795
657000    -10814.0887423417        91.0057304877       302.5485791325    102002.7029850795
658000    -10814.0556129759        91.0068836721       302.4184504620    102002.7029850795
659000    -10814.1435821787        91.0043518208       302.1507495624    102002.7029850795
660000    -10814.1407995978        91.0059987211       302.3863641752    102002.7029850795
661000    -10814.1823584448        91.0054567884       302.6697700815    102002.7029850795
662000    -10814.2164088343        91.0053618189       302.5974084562    102002.7029850795
663000    -10814.2483967184        91.0051980309       303.0236373881    102002.7029850795
664000    -10814.2915436498        91.0060812028       303.0706938313    102002.7029850795
665000    -10814.2990092090        91.0071039312       303.5044794775    102002.7029850795
666000    -10814.3486612190        91.0068479116       303.6496398996    102002.7029850795
667000    -10814.3968018131        91.0060251493       303.6075228336    102002.7029850795
668000    -10814.3797460874        91.0073696615       303.8979483510    102002.7029850795
669000    -10814.4170115013        91.0083928150       303.8036624032    102002.7029850795
670000    -10814.4382554628        91.0093305224       303.7510838915    102002.7029850795
671000    -10814.4474137608        91.0098925189       303.6772257903    102002.7029850795
672000    -10814.5457320243        91.0049307783       303.7455279923    102002.7029850795
673000    -10814.5805217726        91.0045563039       303.7050021847    102002.7029850795
674000    -10814.6406273648        91.0025714041       303.4362472819    102002.7029850794
675000    -10814.6026071716        91.0049676633       303.5055465771    102002.7029850794
676000    -10814.5192893656        91.0088384113       303.8716889105    102002.7029850794
677000    -10814.5106314842        91.0093281324       303.9400228017    102002.7029850794
678000    -10814.5091448981        91.0076552643       304.3037371894    102002.7029850794
679000    -10814.4547402816        91.0086844473       304.7449282918    102002.7029850794
680000    -10814.4047122227        91.0094787802       305.0439990255    102002.7029850794
681000    -10814.4162144596        91.0080817552       305.3979050720    102002.7029850794
682000    -10814.4098218972        91.0076897740       305.7462141236    102002.7029850794
683000    -10814.3452906205        91.0090119073       306.2793884961    102002.7029850794
684000    -10814.2926372328        91.0115916303       306.4245594801    102002.7029850794
685000    -10814.3180597942        91.0105044140       306.5713415549    102002.7029850794
686000    -10814.3232110592        91.0091767186       306.6188146515    102002.7029850794
687000    -10814.3572622255        91.0062926765       306.7243785768    102002.7029850794
688000    -10814.2602381786        91.0097852380       306.6370299419    102002.7029850793
689000    -10814.3046791697        91.0074117665       306.5171955070    102002.7029850793
690000    -10814.2630834635        91.0088755210       306.4494966613    102002.7029850793
691000    -10814.3147477863        91.0077027830       306.4854462195    102002.7029850793
692000    -10814.3457619207        91.0063681372       306.3221954785    102002.7029850793
693000    -10814.3930433180        91.0048263679       306.1751866646    102002.7029850793
694000    -10814.3926222173        91.0040783001       306.2199407619    102002.7029850793
695000    -10814.3719749490        91.0049566453       306.5026647153    102002.7029850793
696000    -10814.3509416633        91.0061167177       306.5057804362    102002.7029850793
697000    -10814.3338910976        91.0072432881       306.7182684802    102002.7029850793
698000    -10814.2987438151        91.0092080114       307.1953437411    102002.7029850793
699000    -10814.2306990673        91.0122215421       307.3449799837    102002.7029850793
700000    -10814.2239990233        91.0126194781       307.7601071959    102002.7029850793
701000    -10814.1503777161        91.0151736666       308.0941008419    102002.7029850793
702000    -10814.1646340803        91.0145229429       308.2553493881    102002.7029850793
703000    -10814.1680299817        91.0130521704       308.4533985675    102002.7029850793
704000    -10814.2119571939        91.0102476959       309.0367817309    102002.7029850792
705000    -10814.2008484213        91.0098628405       309.4264646855    102002.7029850792
706000    -10814.2014199254        91.0095778512       309.6122392929    102002.7029850792
707000    -10814.2282688447        91.0074824016       309.7099416247    102002.7029850792
708000    -10814.2443290838        91.0069385549       309.7868086863    102002.7029850792
709000    -10814.2524811722        91.0058150304       309.8635992761    102002.7029850792
710000    -10814.2892256403        91.0038814023       309.9842976682    102002.7029850792
711000    -10814.2701292516        91.0032780554       310.1427609783    102002.7029850792
712000    -10814.2358483993        91.0039074762       310.3070184388    102002.7029850792
713000    -10814.2371476520        91.0038804883       310.3886050357    102002.7029850792
714000    -10814.2529383160        91.0042356748       310.3930350482    102002.7029850792
715000    -10814.2701033336        91.0046411120       310.2442665290    102002.7029850792
716000    -10814.3304236932        91.0029452724       310.1970382953    102002.7029850792
717000    -10814.2487034244        91.0065163462       310.3597895445    102002.7029850792
718000    -10814.2494484503        91.0070817853       310.3776782855    102002.7029850792
719000    -10814.2357728371        91.0079681891       310.1438891858    102002.7029850792
720000    -10814.2300530557        91.0090334655       310.0752430051    102002.7029850792
721000    -10814.2302050197        91.0101886956       310.0235183742    102002.7029850792
722000    -10814.2787094007        91.0085851989       309.9542315450    102002.7029850792
723000    -10814.2974487332        91.0073340198       309.9749985906    102002.7029850792
724000    -10814.3345484565        91.0060101615       309.7100299346    102002.7029850791
725000    -10814.3136620675        91.0077890539       309.6379342003    102002.7029850791
726000    -10814.3206370735        91.0082801818       309.4503922781    102002.7029850791
727000    -10814.3437355062        91.0077812414       309.4715848752    102002.7029850791
728000    -10814.3265632308        91.0096778741       309.4206292242    102002.7029850791
729000    -10814.3670153486        91.0081328106       309.2891095599    102002.7029850791
730000    -10814.4150730264        91.0065465154       308.9337186007    102002.7029850791
731000    -10814.4102255779        91.0081851085       308.8198445523    102002.7029850791
732000    -10814.4289452336        91.0081421643       308.9497678430    102002.7029850791
733000    -10814.3959823827        91.0103275976       308.9078935431    102002.7029850791
734000    -10814.4598491578        91.0074860968       308.7885440483    102002.7029850791
735000    -10814.4763322732        91.0067537582       308.9087035190    102002.7029850791
736000    -10814.4818170262        91.0065317740       308.8916742564    102002.7029850791
737000    -10814.4460893193        91.0088363110       308.9644393711    102002.7029850791
738000    -10814.4616387901        91.0078915109       308.6994645812    102002.7029850791
739000    -10814.4668810734        91.0073343305       308.7690402945    102002.7029850791
740000    -10814.4640730428        91.0083054677       308.7109646752    102002.7029850791
741000    -10814.4775743266        91.0080810130       308.6515505585    102002.7029850791
742000    -10814.4908944510        91.0091530909       308.5928606569    102002.7029850791
743000    -10814.4687602811        91.0109286652       308.5536859120    102002.7029850791
744000    -10814.4683663970        91.0111304837       308.5824645304    102002.7029850791
745000    -10814.4399394657        91.0132498755       308.5796701267    102002.7029850791
746000    -10814.4136684227        91.0143956540       308.4729848649    102002.7029850791
747000    -10814.3398444019        91.0164732149       308.4932768086    102002.7029850791
748000    -10814.3457736640        91.0164363427       308.4425365423    102002.7029850790
749000    -10814.3206232694        91.0176530287       308.3030188101    102002.7029850790
750000    -10814.3180862221        91.0178559999       308.2463889208    102002.7029850790
751000    -10814.3385156254        91.0167462513       308.1583929733    102002.7029850790
752000    -10814.3557536329        91.0161100811       307.9570226550    102002.7029850790
753000    -10814.3815240315        91.0153570826       307.8625485202    102002.7029850790
754000    -10814.3418056863        91.0165701503       307.8122948700    102002.7029850790
755000    -10814.3924730988        91.0137986582       307.6857761844    102002.7029850790
756000    -10814.4018676011        91.0133485420       307.7263159701    102002.7029850790
757000    -10814.3964759837        91.0134369070       307.6929991542    102002.7029850790
758000    -10814.4119174949        91.0127784501       307.6161039446    102002.7029850790
759000    -10814.4769815899        91.0097651718       307.4881402276    102002.7029850790
760000    -10814.4650216568        91.0099624135       307.6201003265    102002.7029850790
761000    -10814.4912284374        91.0098276830       307.5717803802    102002.7029850790
762000    -10814.5215298826        91.0095236991       307.6310537991    102002.7029850790
763000    -10814.5392138177        91.0095656540       307.4769637343    102002.7029850790
764000    -10814.5597733597        91.0092384567       307.4225546140    102002.7029850790
765000    -10814.5877492716        91.0086746372       307.5208117837    102002.7029850790
766000    -10814.6236071679        91.0065621893       307.4403114646    102002.7029850790
767000    -10814.5988843072        91.0077045580       307.3475200898    102002.7029850790
768000    -10814.6056235410        91.0083071540       307.3668978002    102002.7029850790
769000    -10814.5997243216        91.0081694552       307.4014080043    102002.7029850790
770000    -10814.6684719415        91.0051282400       307.4423510920    102002.7029850790
771000    -10814.6666705429        91.0047651128       307.5616262438    102002.7029850790
772000    -10814.6504158058        91.0050724477       307.4883617261    102002.7029850790
773000    -10814.6376157598        91.0053593610       307.5117710148    102002.7029850790
774000    -10814.6317645234        91.0045921347       307.5032145754    102002.7029850790
775000    -10814.6871614608        91.0015296841       307.5896977462    102002.7029850790
776000    -10814.6650717525        91.0014503862       307.7803436310    102002.7029850790
777000    -10814.6574607774        91.0004449258       308.0357457152    102002.7029850789
778000    -10814.5989006886        91.0018518340       308.3251077320    102002.7029850789
779000    -10814.6037605005        91.0013885144       308.6221211760    102002.7029850789
780000    -10814.5911118431        91.0018102066       308.7321265599    102002.7029850789
781000    -10814.5757501682        91.0025738133       308.6707789799    102002.7029850789
782000    -10814.5730863993        91.0021356711       308.7142165911    102002.7029850789
783000    -10814.5988938962        91.0008344274       308.7981150908    102002.7029850789
784000    -10814.5813077342        91.0014987216       308.8768474302    102002.7029850789
785000    -10814.5767031013        91.0016612071       309.0268975369    102002.7029850789
786000    -10814.5439151213        91.0024977657       309.3380104096    102002.7029850789
787000    -10814.5393012926        91.0033757177       309.4902930237    102002.7029850789
788000    -10814.5684147458        91.0024822751       309.6210503355    102002.7029850789
789000    -10814.5879611700        91.0022322261       309.6608876390    102002.7029850789
790000    -10814.6382989987        91.0003098557       309.6547447117    102002.7029850789
791000    -10814.6315667017        91.0008883914       309.9499699415    102002.7029850789
792000    -10814.6292644076        91.0006786717       310.2464419124    102002.7029850789
793000    -10814.6150134931        91.0011328645       310.5018516593    102002.7029850789
794000    -10814.6238605714        91.0006612148       310.6632096849    102002.7029850789
795000    -10814.6594189368        90.9993787434       310.8560911907    102002.7029850789
796000    -10814.6738366844        90.9987121653       311.2128745862    102002.7029850789
797000    -10814.7259175377        90.9959405887       311.4549827445    102002.7029850789
798000    -10814.7190011998        90.9969870404       311.6054637390    102002.7029850789
799000    -10814.7255866012        90.9971568927       311.5528310836    102002.7029850789
800000    -10814.7474272317        90.9963570282       311.6047110630    102002.7029850789
801000    -10814.7597899428        90.9955653087       311.6041137477    102002.7029850789
802000    -10814.7670330317        90.9962414464       311.7265543560    102002.7029850789
803000    -10814.7894748186        90.9964202666       311.5992335665    102002.7029850789
804000    -10814.7642840518        90.9985628666       311.6427248444    102002.7029850789
805000    -10814.7911052072        90.9978190905       311.7691314502    102002.7029850789
806000    -10814.7999093379        90.9976034204       311.8863167684    102002.7029850789
807000    -10814.8019357568        90.9980340188       312.0761684370    102002.7029850789
808000    -10814.7883919725        90.9981094011       312.2393547889    102002.7029850789
809000    -10814.7427749949        90.9999900346       312.4583505094    102002.7029850789
810000    -10814.7106897861        91.0013331550       312.7451787160    102002.7029850789
811000    -10814.7118469027        91.0010187799       313.0124792480    102002.7029850789
812000    -10814.6922530314        91.0012209289       313.1918312029    102002.7029850789
813000    -10814.6725355995        91.0015764052       313.4273125836    102002.7029850789
814000    -10814.6874294797        91.0013470249       313.5515921166    102002.7029850789
815000    -10814.7147359615        91.0003556702       313.6402525323    102002.7029850788
816000    -10814.7164613424        91.0003567199       313.8502850704    102002.7029850788
817000    -10814.7174843894        91.0000894252       313.9020291324    102002.7029850788
818000    -10814.7356644500        90.9993865848       314.1601458668    102002.7029850788
819000    -10814.7378557743        90.9998618791       314.2541787880    102002.7029850788
820000    -10814.7103240879        91.0015285902       314.5514014709    102002.7029850788
821000    -10814.7271236689        91.0012047666       314.7198988015    102002.7029850788
822000    -10814.7715797312        91.0002718965       314.8345769262    102002.7029850788
823000    -10814.7775865305        91.0001453594       315.0478894782    102002.7029850788
824000    -10814.7762715478        91.0009165318       315.2866569247    102002.7029850788
825000    -10814.7592036938        91.0024364982       315.4198504287    102002.7029850788
826000    -10814.7665208318        91.0030371160       315.5062371927    102002.7029850788
827000    -10814.7595069989        91.0041964261       315.8012383671    102002.7029850788
828000    -10814.7614192463        91.0043543272       316.0969408875    102002.7029850788
829000    -10814.7536144603        91.0050183529       316.1202626090    102002.7029850788
830000    -10814.7451280349        91.0058095193       316.3738341502    102002.7029850788
831000    -10814.7564803814        91.0047791496       316.5587265840    102002.7029850788
832000    -10814.7352260579        91.0053934885       316.7403944709    102002.7029850788
833000    -10814.7589527933        91.0040719070       316.7374699216    102002.7029850788
834000    -10814.7574936438        91.0044932752       316.8918035847    102002.7029850788
835000    -10814.7845725178        91.0029571526       317.1243432289    102002.7029850788
836000    -10814.8227532888        91.0019075238       317.4157527021    102002.7029850788
837000    -10814.8470666626        91.0012614364       317.7227787191    102002.7029850788
838000    -10814.8635184749        91.0012558085       317.9017567493    102002.7029850788
839000    -10814.8638513813        91.0014168661       318.0437968582    102002.7029850788
840000    -10814.8732841086        91.0009590464       318.2631755150    102002.7029850788
841000    -10814.8757856550        91.0007389729       318.5280633511    102002.7029850788
842000    -10814.8638305671        91.0011418219       318.8938446016    102002.7029850788
843000    -10814.8615023638        91.0020965325       318.9989429197    102002.7029850788
844000    -10814.8790464915        91.0017426757       319.1671004623    102002.7029850788
845000    -10814.8950782504        91.0012575194       319.3362231283    102002.7029850788
846000    -10814.9034926332        91.0010554190       319.5281156794    102002.7029850788
847000    -10814.8917708965        91.0010075796       319.6875386960    102002.7029850788
848000    -10814.8745284403        91.0009882327       319.8446289722    102002.7029850788
849000    -10814.8558896714        91.0019916301       319.9538742509    102002.7029850788
850000    -10814.8555220354        91.0020803727       320.0340896675    102002.7029850788
851000    -10814.8408329869        91.0024242977       320.0986174845    102002.7029850788
852000    -10814.8558266135        91.0019067518       320.1616228908    102002.7029850788
853000    -10814.8885163122        91.0007257870       320.1877952363    102002.7029850788
854000    -10814.8930365995        91.0005841878       320.1781116702    102002.7029850788
855000    -10814.8915171572        90.9997279484       320.2427770654    102002.7029850788
856000    -10814.8764111167        91.0002351741       320.1944117698    102002.7029850788
857000    -10814.9005080786        90.9987346589       320.2540130940    102002.7029850788
858000    -10814.9182768476        90.9971254218       320.2082286200    102002.7029850788
859000    -10814.8873983743        90.9977993672       320.2869600353    102002.7029850788
860000    -10814.8725953809        90.9981796723       320.2183453618    102002.7029850788
861000    -10814.8775440623        90.9978079931       320.4154539088    102002.7029850788
862000    -10814.8521211494        90.9990470003       320.6574126096    102002.7029850788
863000    -10814.7999560224        91.0004196751       320.8775976692    102002.7029850788
864000    -10814.8148624956        90.9988365716       321.0000304804    102002.7029850788
865000    -10814.8015878132        90.9988417837       321.0350623560    102002.7029850788
866000    -10814.7957585161        90.9989083016       321.1912611161    102002.7029850788
867000    -10814.7661589194        90.9997936994       321.2932166228    102002.7029850788
868000    -10814.7674277599        90.9989386641       321.3775542527    102002.7029850788
869000    -10814.7560415632        90.9988375881       321.5767520587    102002.7029850788
870000    -10814.7609421805        90.9982302732       321.7595629769    102002.7029850787
871000    -10814.7575256287        90.9978506016       321.8516036416    102002.7029850787
872000    -10814.7760244648        90.9963502664       322.0037496570    102002.7029850787
873000    -10814.7647751871        90.9961226712       322.1477209498    102002.7029850787
874000    -10814.7509772800        90.9963336655       322.1092905843    102002.7029850787
875000    -10814.7674454184        90.9952252434       322.1574079342    102002.7029850787
876000    -10814.7519387824        90.9952318538       322.3592788933    102002.7029850787
877000    -10814.7587395168        90.9949111919       322.4469237177    102002.7029850787
878000    -10814.7831655669        90.9933039008       322.3265437584    102002.7029850787
879000    -10814.7853282506        90.9933091646       322.3324875970    102002.7029850787
880000    -10814.8168420035        90.9915125005       322.2996564154    102002.7029850787
881000    -10814.8153281975        90.9917167276       322.3260892069    102002.7029850787
882000    -10814.8231341308        90.9907045775       322.3941438272    102002.7029850787
883000    -10814.8221238839        90.9902054735       322.3943442790    102002.7029850787
884000    -10814.8167664066        90.9898464359       322.4934759120    102002.7029850787
885000    -10814.8373943187        90.9885157321       322.5773795888    102002.7029850787
886000    -10814.8350069885        90.9881350824       322.6273467607    102002.7029850787
887000    -10814.8324492769        90.9887190576       322.7387070920    102002.7029850787
888000    -10814.8338648918        90.9892706687       322.8224711803    102002.7029850787
889000    -10814.8241558885        90.9901954071       322.9201466422    102002.7029850787
890000    -10814.7941325721        90.9911083536       323.0866896831    102002.7029850787
891000    -10814.7792562884        90.9916103749       323.1233602832    102002.7029850787
892000    -10814.7546848046        90.9922009890       323.2706997282    102002.7029850787
893000    -10814.7457892965        90.9931449236       323.5080022253    102002.7029850787
894000    -10814.7357653513        90.9933003474       323.6701616137    102002.7029850787
895000    -10814.7402990258        90.9930942478       323.8486734223    102002.7029850787
896000    -10814.7197574473        90.9941201573       323.9556736325    102002.7029850787
897000    -10814.7082243808        90.9944082924       324.0392263586    102002.7029850787
898000    -10814.7097991822        90.9946374256       324.1449165227    102002.7029850787
899000    -10814.7047086869        90.9952676695       324.2755164215    102002.7029850787
900000    -10814.7159555897        90.9947004829       324.3027474519    102002.7029850787
901000    -10814.6985258980        90.9952504433       324.4288658346    102002.7029850787
902000    -10814.6917030430        90.9959095790       324.4924845165    102002.7029850787
903000    -10814.6763878876        90.9966071229       324.5071093112    102002.7029850787
904000    -10814.6691255787        90.9970279700       324.5720800523    102002.7029850787
905000    -10814.6910281062        90.9962796057       324.5711303547    102002.7029850787
906000    -10814.7016368902        90.9964871723       324.6692675286    102002.7029850787
907000    -10814.6513671039        90.9984760040       324.7957014743    102002.7029850787
908000    -10814.6549895846        90.9982072930       324.8694292599    102002.7029850787
909000    -10814.6631337473        90.9978180629       325.0256457253    102002.7029850787
910000    -10814.6535530409        90.9984976166       325.1653548630    102002.7029850787
911000    -10814.6923746478        90.9971050303       325.1933100093    102002.7029850787
912000    -10814.6998734300        90.9967580243       325.2403898702    102002.7029850787
913000    -10814.7336125134        90.9954459568       325.1496700518    102002.7029850787
914000    -10814.7469698862        90.9956238301       325.1853531596    102002.7029850787
915000    -10814.7519548263        90.9954557943       325.3876343122    102002.7029850787
916000    -10814.7579207929        90.9950005508       325.5069160293    102002.7029850787
917000    -10814.7807636197        90.9942623928       325.5630303352    102002.7029850787
918000    -10814.7521121839        90.9956189326       325.7145354877    102002.7029850787
919000    -10814.7529940258        90.9955347748       325.8487245654    102002.7029850787
920000    -10814.7307871515        90.9965949934       326.0007926575    102002.7029850787
921000    -10814.7358011223        90.9963873354       326.1610914096    102002.7029850787
922000    -10814.7528223730        90.9956826911       326.2173322440    102002.7029850787
923000    -10814.7646369303        90.9948454422       326.3496196953    102002.7029850787
924000    -10814.7402810399        90.9955151624       326.5080313280    102002.7029850787
925000    -10814.7225712110        90.9959209439       326.5678280054    102002.7029850787
926000    -10814.7137464975        90.9966216764       326.6566036492    102002.7029850787
927000    -10814.7038247507        90.9970305395       326.7715852238    102002.7029850786
928000    -10814.7017498907        90.9965927967       326.8446765766    102002.7029850786
929000    -10814.6978181837        90.9964712108       327.0616364610    102002.7029850786
930000    -10814.7033408306        90.9959996459       327.1377987658    102002.7029850786
931000    -10814.7039929210        90.9955686962       327.3008797013    102002.7029850786
932000    -10814.7039714860        90.9953783047       327.4441428625    102002.7029850786
933000    -10814.7183262350        90.9948068990       327.5780432936    102002.7029850786
934000    -10814.7315524834        90.9941424484       327.6608399769    102002.7029850786
935000    -10814.7379235300        90.9942833880       327.7313454160    102002.7029850786
936000    -10814.7241073603        90.9943847601       327.9308845831    102002.7029850786
937000    -10814.6808728997        90.9961651774       328.1724453907    102002.7029850786
938000    -10814.6838627823        90.9964183065       328.2596836503    102002.7029850786
939000    -10814.7137669069        90.9945367520       328.3996120716    102002.7029850786
940000    -10814.7177475481        90.9946239773       328.5503218712    102002.7029850786
941000    -10814.7105231569        90.9944030404       328.7080241829    102002.7029850786
942000    -10814.7184008457        90.9941228573       328.9142336511    102002.7029850786
943000    -10814.7141756769        90.9943073208       329.0397230038    102002.7029850786
944000    -10814.7090605730        90.9941211036       329.1770889524    102002.7029850786
945000    -10814.6914111339        90.9951463722       329.3185489674    102002.7029850786
946000    -10814.6862296796        90.9950692142       329.4436218832    102002.7029850786
947000    -10814.6817851080        90.9953271661       329.4813575191    102002.7029850786
948000    -10814.6893921842        90.9955310284       329.5551909310    102002.7029850786
949000    -10814.6782784791        90.9968455093       329.6376478227    102002.7029850786
950000    -10814.6810067848        90.9970336408       329.6960838487    102002.7029850786
951000    -10814.6995439711        90.9966407662       329.8005777507    102002.7029850786
952000    -10814.6968614552        90.9971767703       329.8641353376    102002.7029850786
953000    -10814.7139607935        90.9968024008       329.9855326232    102002.7029850786
954000    -10814.7626472091        90.9949838727       330.0636456282    102002.7029850786
955000    -10814.7690863737        90.9947157527       330.2172942612    102002.7029850786
956000    -10814.7760069405        90.9943319829       330.2474016068    102002.7029850786
957000    -10814.7474892938        90.9954637761       330.3730797740    102002.7029850786
958000    -10814.7633152216        90.9947622698       330.4195713152    102002.7029850786
959000    -10814.7786369859        90.9941016918       330.4954911239    102002.7029850786
960000    -10814.7778801883        90.9938626837       330.6453862876    102002.7029850786
961000    -10814.7895150002        90.9927105669       330.6816193767    102002.7029850786
962000    -10814.7741202493        90.9935763500       330.7335395475    102002.7029850786
963000    -10814.7578641831        90.9940578052       330.7998040124    102002.7029850786
964000    -10814.7656447303        90.9936327160       330.7530756369    102002.7029850786
965000    -10814.7715990663        90.9935073100       330.8336068797    102002.7029850786
966000    -10814.7758832551        90.9935374786       330.9492151002    102002.7029850786
967000    -10814.7872672893        90.9928684418       331.0394142507    102002.7029850786
968000    -10814.7979819601        90.9921836290       331.1560527913    102002.7029850786
969000    -10814.7888905904        90.9926041417       331.2833976076    102002.7029850786
970000    -10814.7939909951        90.9929140478       331.3441166173    102002.7029850786
971000    -10814.7903822627        90.9932852731       331.4506402312    102002.7029850786
972000    -10814.7933240779        90.9937462708       331.5600718230    102002.7029850786
973000    -10814.7815290773        90.9945875146       331.7514394975    102002.7029850786
974000    -10814.8199902666        90.9930133508       331.8802380364    102002.7029850786
975000    -10814.8203101044        90.9931858005       332.0657194657    102002.7029850786
976000    -10814.8409523652        90.9926740647       332.2840770371    102002.7029850786
977000    -10814.8520604956        90.9929230202       332.4393541198    102002.7029850786
978000    -10814.8527257226        90.9932766502       332.5494890015    102002.7029850786
979000    -10814.8619747801        90.9937643233       332.6807684268    102002.7029850786
980000    -10814.8543255308        90.9944146877       332.8018485963    102002.7029850786
981000    -10814.8479791385        90.9955028059       332.9646494896    102002.7029850786
982000    -10814.8504900009        90.9959686234       333.1090981703    102002.7029850786
983000    -10814.8573261056        90.9963435506       333.1921551255    102002.7029850786
984000    -10814.8615934762        90.9967562748       333.3246256523    102002.7029850786
985000    -10814.8673048542        90.9963351544       333.4099616884    102002.7029850786
986000    -10814.8659582031        90.9963628213       333.4137908919    102002.7029850786
987000    -10814.8788748120        90.9962270709       333.4010849221    102002.7029850786
988000    -10814.9010238768        90.9959176295       333.4911492850    102002.7029850786
989000    -10814.8806794135        90.9973482672       333.7007470148    102002.7029850786
990000    -10814.8883825217        90.9973789807       333.7028951602    102002.7029850786
991000    -10814.8741652166        90.9987814408       333.7399143524    102002.7029850786
992000    -10814.8999321587        90.9978936618       333.6728837495    102002.7029850786
993000    -10814.9006463295        90.9983980052       333.6372442987    102002.7029850786
994000    -10814.9362507510        90.9967819384       333.6858100848    102002.7029850786
995000    -10814.9468833861        90.9968520669       333.7361728470    102002.7029850786
996000    -10814.9557782199        90.9971566539       333.7573792729    102002.7029850786
997000    -10814.9593038757        90.9977215485       333.7705486483    102002.7029850786
998000    -10814.9716125225        90.9975291882       333.8059095414    102002.7029850786
999000    -10814.9993623041        90.9968204962       333.7245597089    102002.7029850786
1000000    -10814.9911429921        90.9977568208       333.7778046911    102002.7029850786
