# Time-averaged data for fix runningavgs
# TimeStep v_ra_etotal v_ra_temp v_ra_press v_ra_volume
502000     -6889.2380204858        91.5426394471      -625.1402660152    102002.7029850792
503000     -6888.3330948458        91.6263173396      -654.2335874376    102002.7029850792
504000     -6888.8049707858        91.5821115148      -666.1990356913    102002.7029850792
505000     -6890.5371312551        91.4216094420      -672.5911781254    102002.7029850792
506000     -6889.6843079535        91.5098124007      -675.5979883576    102002.7029850792
507000     -6890.1040317270        91.4656292046      -668.3310309235    102002.7029850792
508000     -6890.5461307958        91.4281352262      -667.0489504654    102002.7029850792
509000     -6891.1529716833        91.3732327471      -665.0824155398    102002.7029850792
510000     -6891.6771695731        91.3357069729      -669.3413927820    102002.7029850792
511000     -6891.1798961306        91.3843776783      -672.6087958608    102002.7029850792
512000     -6891.1182825146        91.3823737748      -676.3958098386    102002.7029850792
513000     -6891.6570551177        91.3321871624      -675.2495705362    102002.7029850792
514000     -6890.7521124196        91.4049993312      -673.3978731613    102002.7029850792
515000     -6891.3629053972        91.3437080686      -672.2847087278    102002.7029850792
516000     -6892.1219020849        91.2660369978      -670.3467122448    102002.7029850792
517000     -6892.3867189206        91.2471184614      -670.8924394843    102002.7029850792
518000     -6891.7511054537        91.2911963062      -669.9344123176    102002.7029850792
519000     -6891.6984807157        91.2905537969      -669.9490318871    102002.7029850792
520000     -6891.6819599702        91.2864249327      -668.5052265457    102002.7029850792
521000     -6891.2773647515        91.3256213918      -668.1667258778    102002.7029850792
522000     -6891.7738061008        91.2774359758      -668.1289326692    102002.7029850792
523000     -6892.4004852317        91.2189601004      -668.2616092116    102002.7029850792
524000     -6892.5174473612        91.2058537219      -668.7826464140    102002.7029850792
525000     -6892.7438097860        91.1846286106      -668.4801846882    102002.7029850792
526000     -6892.9586588055        91.1574908282      -667.1340158227    102002.7029850792
527000     -6892.8956683738        91.1566567829      -666.7906044956    102002.7029850792
528000     -6892.7206888484        91.1734176635      -666.8356635931    102002.7029850792
529000     -6892.7868720507        91.1663912577      -666.5305072477    102002.7029850792
530000     -6892.9195261809        91.1586531583      -668.0537818593    102002.7029850792
531000     -6892.8704546310        91.1631675966      -667.4833748158    102002.7029850792
532000     -6892.7024623552        91.1817260657      -667.1740365557    102002.7029850792
533000     -6892.7039853802        91.1804610477      -667.0972897331    102002.7029850792
534000     -6892.7425221388        91.1780229027      -665.9711897755    102002.7029850792
535000     -6892.6243667943        91.1892982862      -665.9037513598    102002.7029850792
536000     -6892.6750271550        91.1882988967      -666.4745380407    102002.7029850792
537000     -6892.6203808542        91.1907962017      -666.5104968559    102002.7029850792
538000     -6892.8342648854        91.1730209065      -666.1995983757    102002.7029850792
539000     -6892.9036258426        91.1625174508      -666.9915991650    102002.7029850791
540000     -6892.8460501509        91.1640560793      -666.9408551671    102002.7029850791
541000     -6892.6355358232        91.1840245431      -666.6158425339    102002.7029850791
542000     -6892.7274180744        91.1760776221      -667.0453487428    102002.7029850791
543000     -6892.6511730673        91.1819640168      -667.7357447583    102002.7029850791
544000     -6892.4980421970        91.2003842322      -667.1409939709    102002.7029850791
545000     -6892.4728148716        91.2006137238      -667.2687540314    102002.7029850791
546000     -6892.2765769583        91.2184945239      -667.2728289627    102002.7029850791
547000     -6892.4586193723        91.2043381506      -667.1901207321    102002.7029850791
548000     -6892.6167285674        91.1898810355      -667.8160128625    102002.7029850791
549000     -6892.6564321055        91.1875237831      -667.4642008216    102002.7029850791
550000     -6892.6772140360        91.1873487418      -667.7607364783    102002.7029850791
551000     -6892.6123541933        91.1934492108      -667.9158607830    102002.7029850791
552000     -6892.5638379596        91.1968896126      -667.3593394466    102002.7029850791
553000     -6892.6373060797        91.1878732875      -667.2893918020    102002.7029850791
554000     -6892.6066676839        91.1885461833      -667.2893043929    102002.7029850791
555000     -6892.7218115353        91.1749664205      -666.8512907000    102002.7029850791
556000     -6892.8238803247        91.1647412256      -666.2648365537    102002.7029850791
557000     -6892.8566833013        91.1612722413      -666.0068394927    102002.7029850791
558000     -6892.7913780139        91.1663491034      -665.9588988151    102002.7029850791
559000     -6892.8285091882        91.1628108562      -665.9178497063    102002.7029850791
560000     -6892.9274075256        91.1526976177      -665.8597042976    102002.7029850791
561000     -6892.9030493225        91.1527022985      -665.5980576269    102002.7029850791
562000     -6893.1105980588        91.1348219926      -665.2533313196    102002.7029850791
563000     -6893.1751755305        91.1299565117      -665.4057651262    102002.7029850791
564000     -6893.2175325831        91.1282181578      -665.2527459665    102002.7029850791
565000     -6893.2349111480        91.1269046035      -665.7365767438    102002.7029850791
566000     -6893.2810211480        91.1240043711      -665.5722221962    102002.7029850791
567000     -6893.2581017553        91.1258271840      -665.5301004502    102002.7029850791
568000     -6893.1265060094        91.1400243582      -665.2425805518    102002.7029850791
569000     -6893.1534541923        91.1370771006      -664.6650187934    102002.7029850791
570000     -6893.2373087566        91.1276005973      -664.4755149823    102002.7029850791
571000     -6893.3676464527        91.1168414132      -664.8990494954    102002.7029850791
572000     -6893.3904595430        91.1152370055      -665.4349109928    102002.7029850791
573000     -6893.4045710894        91.1116957603      -665.6358817733    102002.7029850791
574000     -6893.4737704160        91.1049649367      -665.9793369184    102002.7029850791
575000     -6893.6440955098        91.0893729304      -665.4942275430    102002.7029850791
576000     -6893.6963662477        91.0832150538      -665.0277087450    102002.7029850791
577000     -6893.7277752849        91.0790940669      -665.0580644470    102002.7029850791
578000     -6893.8634016135        91.0658758377      -665.0174928863    102002.7029850791
579000     -6893.8613119043        91.0671661412      -665.1165050368    102002.7029850791
580000     -6893.7722661225        91.0763598967      -665.3329924158    102002.7029850791
581000     -6893.7179708622        91.0815908157      -665.1074632423    102002.7029850791
582000     -6893.8394780124        91.0704577237      -665.2816805272    102002.7029850791
583000     -6893.8507012109        91.0674686103      -665.0732685744    102002.7029850791
584000     -6893.9378434099        91.0613574601      -664.8153485533    102002.7029850791
585000     -6893.9395654484        91.0621945802      -664.7731350640    102002.7029850791
586000     -6893.8714305942        91.0695627282      -664.8519991635    102002.7029850791
587000     -6893.7898120658        91.0760343544      -664.1929594782    102002.7029850791
588000     -6893.7633833219        91.0800394255      -663.8680228609    102002.7029850791
589000     -6893.7442554687        91.0805693014      -663.5643874691    102002.7029850791
590000     -6893.6931003134        91.0843716556      -663.7835510973    102002.7029850791
591000     -6893.6539768873        91.0893163748      -663.6843268720    102002.7029850792
592000     -6893.5828698405        91.0978528007      -663.4532241597    102002.7029850792
593000     -6893.5678384874        91.0982467276      -663.4638460602    102002.7029850792
594000     -6893.4859522011        91.1041629915      -662.7966978031    102002.7029850792
595000     -6893.4315239948        91.1080410565      -662.3652477747    102002.7029850792
596000     -6893.4131084160        91.1117564958      -662.1107910225    102002.7029850792
597000     -6893.3273091325        91.1195024453      -662.3057611215    102002.7029850792
598000     -6893.2929284237        91.1229728616      -662.3353519033    102002.7029850792
599000     -6893.2430203997        91.1258670318      -661.9786618295    102002.7029850792
600000     -6893.3198846695        91.1177648539      -661.5693172342    102002.7029850792
601000     -6893.3396187109        91.1158236360      -661.2017428084    102002.7029850792
602000     -6893.3745698568        91.1133306458      -660.8897814666    102002.7029850792
603000     -6893.4245902578        91.1080784987      -660.9166948237    102002.7029850792
604000     -6893.4042649646        91.1112138938      -661.1178850705    102002.7029850793
605000     -6893.3956751706        91.1132299316      -660.8240452192    102002.7029850793
606000     -6893.4428445989        91.1088101310      -660.8558140948    102002.7029850793
607000     -6893.5216150944        91.1005456784      -660.6029064351    102002.7029850793
608000     -6893.6048610921        91.0932111539      -660.4266888599    102002.7029850793
609000     -6893.6306825067        91.0903631321      -660.4873236725    102002.7029850793
610000     -6893.6584140830        91.0868330575      -660.5141483835    102002.7029850793
611000     -6893.5914854783        91.0926328274      -660.4060345333    102002.7029850793
612000     -6893.6019299959        91.0914990037      -660.1694981871    102002.7029850793
613000     -6893.5793165218        91.0935439666      -660.1336499019    102002.7029850793
614000     -6893.4881669634        91.1029221437      -659.7953482900    102002.7029850793
615000     -6893.4734222727        91.1038107177      -659.8856827950    102002.7029850793
616000     -6893.4559605013        91.1034508762      -659.8748326434    102002.7029850793
617000     -6893.5294340489        91.0954348961      -659.5704397248    102002.7029850793
618000     -6893.5787462186        91.0902351553      -659.3123790790    102002.7029850793
619000     -6893.6304523541        91.0831307331      -659.2048135224    102002.7029850793
620000     -6893.6271996070        91.0816285563      -659.1297941711    102002.7029850793
621000     -6893.6563647217        91.0784589466      -658.8584360673    102002.7029850793
622000     -6893.6273601007        91.0797024273      -658.9217015693    102002.7029850794
623000     -6893.6021665373        91.0818450275      -658.7361740711    102002.7029850794
624000     -6893.5223310142        91.0897653389      -658.4556551907    102002.7029850794
625000     -6893.5171203489        91.0902439055      -658.6108876950    102002.7029850794
626000     -6893.5136358447        91.0916506479      -658.5206197715    102002.7029850794
627000     -6893.5177438123        91.0905432360      -658.4088430056    102002.7029850794
628000     -6893.5165441730        91.0906590408      -658.5314661320    102002.7029850794
629000     -6893.5256037562        91.0889542137      -658.4801298030    102002.7029850794
630000     -6893.4719792774        91.0943346128      -658.2584701691    102002.7029850794
631000     -6893.4425848211        91.0967804401      -658.2672449175    102002.7029850794
632000     -6893.4199213250        91.0978715486      -658.3630697443    102002.7029850794
633000     -6893.4412257700        91.0943891418      -658.2102183687    102002.7029850794
634000     -6893.4646904413        91.0914522027      -658.2748847804    102002.7029850794
635000     -6893.5136474875        91.0849617275      -658.5405295808    102002.7029850794
636000     -6893.5096612369        91.0850588216      -658.2222739956    102002.7029850794
637000     -6893.4624681941        91.0892475884      -658.0710473345    102002.7029850794
638000     -6893.4910858545        91.0860959940      -658.0949522917    102002.7029850794
639000     -6893.4836000955        91.0858941167      -657.9647172034    102002.7029850794
640000     -6893.5226823666        91.0816759243      -658.0126303104    102002.7029850794
641000     -6893.5647701236        91.0776771963      -657.9556421246    102002.7029850794
642000     -6893.5624908656        91.0759720678      -657.7712521121    102002.7029850794
643000     -6893.5623615804        91.0743292959      -657.6543169136    102002.7029850794
644000     -6893.5990399093        91.0707709815      -657.4112265525    102002.7029850794
645000     -6893.5778873038        91.0716406157      -657.3387834465    102002.7029850794
646000     -6893.5313719047        91.0747875334      -657.4476088794    102002.7029850795
647000     -6893.4591619032        91.0812336582      -657.3570581547    102002.7029850795
648000     -6893.4634256209        91.0816352286      -657.2271422081    102002.7029850795
649000     -6893.4059158328        91.0865592087      -657.1499363683    102002.7029850795
650000     -6893.3453793356        91.0914369375      -656.8894628749    102002.7029850795
651000     -6893.3366160985        91.0933109017      -656.7793587162    102002.7029850795
652000     -6893.3352146609        91.0948902332      -656.6234473779    102002.7029850795
653000     -6893.3254264537        91.0944511418      -656.6480043015    102002.7029850795
654000     -6893.3511482502        91.0928832363      -656.6541157621    102002.7029850795
655000     -6893.3272547753        91.0948999301      -656.4334294978    102002.7029850795
656000     -6893.3203592938        91.0954274585      -656.2195181429    102002.7029850795
657000     -6893.2463108649        91.1011223181      -656.1033737870    102002.7029850795
658000     -6893.2624449363        91.0999622550      -655.9083024691    102002.7029850795
659000     -6893.3033917115        91.0969965893      -655.7682540668    102002.7029850795
660000     -6893.3447477481        91.0931597825      -656.0644930385    102002.7029850795
661000     -6893.4045860330        91.0877879450      -655.9861680817    102002.7029850795
662000     -6893.3722802745        91.0904836901      -656.0060263559    102002.7029850795
663000     -6893.3908083266        91.0898561477      -656.0129342672    102002.7029850795
664000     -6893.3853025064        91.0910150606      -655.9420372304    102002.7029850795
665000     -6893.4225610286        91.0880955833      -656.0586976274    102002.7029850795
666000     -6893.4008287370        91.0900207484      -656.1705798750    102002.7029850795
667000     -6893.3514345845        91.0942662878      -656.2287432527    102002.7029850795
668000     -6893.3555240345        91.0939976120      -656.3072352003    102002.7029850795
669000     -6893.3831694644        91.0908760871      -656.3893605776    102002.7029850795
670000     -6893.4124499872        91.0890493473      -656.3656478063    102002.7029850795
671000     -6893.4413121965        91.0872286936      -656.4257770789    102002.7029850795
672000     -6893.4554352916        91.0861885152      -656.4114651729    102002.7029850795
673000     -6893.4582017423        91.0848591342      -656.4518350790    102002.7029850795
674000     -6893.4102496341        91.0893839294      -656.3469303277    102002.7029850794
675000     -6893.4007297211        91.0894105752      -656.3380931536    102002.7029850794
676000     -6893.4338206582        91.0861007451      -656.2545515429    102002.7029850794
677000     -6893.4670335158        91.0821332905      -656.3325115411    102002.7029850794
678000     -6893.4966372661        91.0787981527      -656.1803861120    102002.7029850794
679000     -6893.4843142493        91.0789737611      -656.2071927586    102002.7029850794
680000     -6893.4701751811        91.0801772772      -656.2390931392    102002.7029850794
681000     -6893.5249887469        91.0747697306      -656.3205081792    102002.7029850794
682000     -6893.5468235272        91.0729466968      -656.2627808844    102002.7029850794
683000     -6893.5838215257        91.0688187010      -656.2898843071    102002.7029850794
684000     -6893.5656762794        91.0710885892      -656.3660238047    102002.7029850794
685000     -6893.5524321529        91.0719804455      -656.5188750542    102002.7029850794
686000     -6893.5069963465        91.0764312356      -656.5975413616    102002.7029850794
687000     -6893.4871588544        91.0780267918      -656.6192812930    102002.7029850794
688000     -6893.5071652675        91.0761773734      -656.5934595177    102002.7029850793
689000     -6893.5353211418        91.0738342428      -656.5544209627    102002.7029850793
690000     -6893.5656220942        91.0711114798      -656.3638469710    102002.7029850793
691000     -6893.6075899656        91.0664883006      -656.3616738916    102002.7029850793
692000     -6893.6324146308        91.0644940895      -656.3996707818    102002.7029850793
693000     -6893.6753921033        91.0594179570      -656.2961161546    102002.7029850793
694000     -6893.6714638474        91.0596298750      -656.2900148978    102002.7029850793
695000     -6893.6347331096        91.0622569189      -656.3268719740    102002.7029850793
696000     -6893.6078026451        91.0655369305      -656.2492585185    102002.7029850793
697000     -6893.6085961539        91.0657677733      -656.1257270147    102002.7029850793
698000     -6893.6368019168        91.0635834282      -656.2118327480    102002.7029850793
699000     -6893.6891689120        91.0584795095      -656.2450453416    102002.7029850793
700000     -6893.6937924207        91.0584537070      -656.2358728545    102002.7029850793
701000     -6893.6746184317        91.0594117405      -656.2994487654    102002.7029850793
702000     -6893.6991749944        91.0577917229      -656.2907612628    102002.7029850793
703000     -6893.7335322892        91.0537859330      -656.1405662514    102002.7029850793
704000     -6893.7464426047        91.0523050366      -656.1223153929    102002.7029850792
705000     -6893.7699308559        91.0495681963      -656.0656969183    102002.7029850792
706000     -6893.7451475950        91.0518384379      -656.1037364591    102002.7029850792
707000     -6893.7696681356        91.0492473776      -656.0525375939    102002.7029850792
708000     -6893.7772636854        91.0474005245      -656.0252061053    102002.7029850792
709000     -6893.7414824178        91.0501612326      -655.8843381841    102002.7029850792
710000     -6893.7171270854        91.0521006259      -655.6284001381    102002.7029850792
711000     -6893.7135853785        91.0523888843      -655.5848117953    102002.7029850792
712000     -6893.7423571216        91.0498302204      -655.5922889920    102002.7029850792
713000     -6893.7781610701        91.0461935906      -655.5819823680    102002.7029850792
714000     -6893.7576345884        91.0483541780      -655.4726879637    102002.7029850792
715000     -6893.7168309909        91.0520982209      -655.3417401484    102002.7029850792
716000     -6893.7142960423        91.0526988322      -655.1686615026    102002.7029850792
717000     -6893.6897854203        91.0554908079      -654.9767267263    102002.7029850792
718000     -6893.7244901646        91.0521381440      -654.8662593160    102002.7029850792
719000     -6893.7336175324        91.0512583733      -654.7977183591    102002.7029850792
720000     -6893.7181496409        91.0523631098      -654.6910369015    102002.7029850792
721000     -6893.7008969311        91.0540863934      -654.5522086549    102002.7029850792
722000     -6893.7236032568        91.0523399144      -654.3675788963    102002.7029850792
723000     -6893.7260375171        91.0520782751      -654.1817571898    102002.7029850792
724000     -6893.7711050920        91.0482129401      -653.9797589775    102002.7029850791
725000     -6893.7906449160        91.0464374191      -653.9168625725    102002.7029850791
726000     -6893.7817352811        91.0474160616      -653.8964962439    102002.7029850791
727000     -6893.7745533465        91.0483030317      -653.8234214127    102002.7029850791
728000     -6893.7861049662        91.0473263724      -653.6436269939    102002.7029850791
729000     -6893.7726317410        91.0488590740      -653.4494253461    102002.7029850791
730000     -6893.7452020292        91.0507033085      -653.2687768658    102002.7029850791
731000     -6893.7227181946        91.0525460183      -653.0479970701    102002.7029850791
732000     -6893.6801763657        91.0566488150      -652.9984053234    102002.7029850791
733000     -6893.6705330742        91.0573456579      -652.7793701170    102002.7029850791
734000     -6893.6747338191        91.0567887525      -652.6285414855    102002.7029850791
735000     -6893.6398820216        91.0604233704      -652.4254375574    102002.7029850791
736000     -6893.6494505385        91.0591162165      -652.2339566318    102002.7029850791
737000     -6893.6738146981        91.0569621462      -652.1447367192    102002.7029850791
738000     -6893.7254910301        91.0522821046      -651.9880542095    102002.7029850791
739000     -6893.7337934873        91.0521457158      -651.9492430240    102002.7029850791
740000     -6893.7805722746        91.0478564974      -651.9265223928    102002.7029850791
741000     -6893.7616319404        91.0494598648      -651.7735101754    102002.7029850791
742000     -6893.7843249316        91.0474911285      -651.5608580359    102002.7029850791
743000     -6893.8263323691        91.0437298243      -651.4219584024    102002.7029850791
744000     -6893.8085210458        91.0451306037      -651.4277993200    102002.7029850791
745000     -6893.8023128972        91.0454525130      -651.3387587145    102002.7029850791
746000     -6893.8141477085        91.0446270002      -651.2058099065    102002.7029850791
747000     -6893.8598587272        91.0398816603      -651.0468685661    102002.7029850791
748000     -6893.8640191913        91.0399291243      -650.9410464010    102002.7029850790
749000     -6893.8263050047        91.0432028953      -650.9117425146    102002.7029850790
750000     -6893.8305455865        91.0430106777      -650.8558988093    102002.7029850790
751000     -6893.8030730210        91.0449465236      -651.0031392205    102002.7029850790
752000     -6893.8130734952        91.0444054909      -650.9706392873    102002.7029850790
753000     -6893.8035306540        91.0454133201      -650.8139069880    102002.7029850790
754000     -6893.7895866235        91.0462938817      -650.8179318115    102002.7029850790
755000     -6893.7969419855        91.0452367213      -650.7901657862    102002.7029850790
756000     -6893.7775955163        91.0468101096      -650.7628179624    102002.7029850790
757000     -6893.7943527964        91.0449781119      -650.9210103992    102002.7029850790
758000     -6893.8176247749        91.0426541860      -651.0533703516    102002.7029850790
759000     -6893.8440823908        91.0399195470      -650.9439653283    102002.7029850790
760000     -6893.8462738259        91.0399973348      -650.9868479391    102002.7029850790
761000     -6893.8369826349        91.0411096880      -651.0603503230    102002.7029850790
762000     -6893.8489938843        91.0400973557      -651.0326827509    102002.7029850790
763000     -6893.8350913564        91.0415986630      -651.1498309076    102002.7029850790
764000     -6893.8250646611        91.0431297176      -651.3794714565    102002.7029850790
765000     -6893.8137303201        91.0441792184      -651.4359821040    102002.7029850790
766000     -6893.7969180533        91.0455371247      -651.3353381896    102002.7029850790
767000     -6893.7849717344        91.0462095746      -651.2543244893    102002.7029850790
768000     -6893.7566572146        91.0492820481      -651.2948992839    102002.7029850790
769000     -6893.7622026924        91.0489577610      -651.3604296452    102002.7029850790
770000     -6893.7820257660        91.0471044912      -651.5302853803    102002.7029850790
771000     -6893.7856637101        91.0472451665      -651.6503072812    102002.7029850790
772000     -6893.8208302830        91.0441433176      -651.6401151488    102002.7029850790
773000     -6893.8166005768        91.0445667430      -651.6110321185    102002.7029850790
774000     -6893.8190001366        91.0442161672      -651.6330725469    102002.7029850790
775000     -6893.8663417200        91.0400346419      -651.6394302390    102002.7029850790
776000     -6893.8585675966        91.0400100907      -651.8263485040    102002.7029850790
777000     -6893.8363715209        91.0426984551      -651.9274674404    102002.7029850789
778000     -6893.8462905896        91.0418590196      -652.0741155928    102002.7029850789
779000     -6893.8659543929        91.0400703442      -652.0471639025    102002.7029850789
780000     -6893.8351595360        91.0427316902      -652.0429032664    102002.7029850789
781000     -6893.8525454414        91.0414876017      -652.1642477202    102002.7029850789
782000     -6893.8707096516        91.0397169832      -652.2439601016    102002.7029850789
783000     -6893.8913547801        91.0379078422      -652.3110587221    102002.7029850789
784000     -6893.9321420754        91.0342600232      -652.3278379236    102002.7029850789
785000     -6893.9447637644        91.0325177999      -652.3296989461    102002.7029850789
786000     -6893.9704707637        91.0302192380      -652.2995460816    102002.7029850789
787000     -6893.9772539154        91.0293464452      -652.3837677050    102002.7029850789
788000     -6893.9730840952        91.0293602821      -652.5760698229    102002.7029850789
789000     -6893.9354174091        91.0328999972      -652.6151865317    102002.7029850789
790000     -6893.9213784381        91.0342572240      -652.6133511879    102002.7029850789
791000     -6893.9234300905        91.0339090008      -652.6059682514    102002.7029850789
792000     -6893.8797887167        91.0377362258      -652.5769378498    102002.7029850789
793000     -6893.8871419126        91.0373732130      -652.4829237750    102002.7029850789
794000     -6893.8805326056        91.0380577669      -652.5609241177    102002.7029850789
795000     -6893.8673103347        91.0393282484      -652.6343378009    102002.7029850789
796000     -6893.8499201051        91.0408566659      -652.5515171402    102002.7029850789
797000     -6893.8572811749        91.0399678233      -652.5670369299    102002.7029850789
798000     -6893.8828933993        91.0377097568      -652.5084652306    102002.7029850789
799000     -6893.9170076381        91.0345094797      -652.4446599402    102002.7029850789
800000     -6893.9164456448        91.0345331662      -652.5533113258    102002.7029850789
801000     -6893.9303189028        91.0330101946      -652.6903964787    102002.7029850789
802000     -6893.9578638365        91.0305670057      -652.6542321657    102002.7029850789
803000     -6893.9490685966        91.0312388486      -652.6758293936    102002.7029850789
804000     -6893.9133597096        91.0338746339      -652.5819858847    102002.7029850789
805000     -6893.9172134955        91.0338039171      -652.4981651208    102002.7029850789
806000     -6893.9057197484        91.0348054295      -652.6053583706    102002.7029850789
807000     -6893.8867741026        91.0365410597      -652.6534027691    102002.7029850789
808000     -6893.8824199384        91.0368158757      -652.6111762386    102002.7029850789
809000     -6893.9124995626        91.0339680331      -652.5620854009    102002.7029850789
810000     -6893.9215203494        91.0325207848      -652.4901494654    102002.7029850789
811000     -6893.9266275876        91.0321266181      -652.4493337636    102002.7029850789
812000     -6893.9271992201        91.0321094057      -652.4734810018    102002.7029850789
813000     -6893.9161392366        91.0333783036      -652.5197737345    102002.7029850789
814000     -6893.9171032847        91.0334896787      -652.4837375697    102002.7029850789
815000     -6893.9349977681        91.0317583549      -652.5020460292    102002.7029850788
816000     -6893.9448235812        91.0309862836      -652.4290668528    102002.7029850788
817000     -6893.9550023301        91.0302941856      -652.4193446713    102002.7029850788
818000     -6893.9402897144        91.0313191550      -652.4351342420    102002.7029850788
819000     -6893.9550546817        91.0298422784      -652.4740643032    102002.7029850788
820000     -6893.9760200051        91.0279115119      -652.4305520491    102002.7029850788
821000     -6893.9808205857        91.0268801510      -652.4933463390    102002.7029850788
822000     -6893.9833868729        91.0267175199      -652.4658360284    102002.7029850788
823000     -6893.9749744864        91.0278323783      -652.4280652453    102002.7029850788
824000     -6893.9668764505        91.0281205715      -652.5045988324    102002.7029850788
825000     -6893.9383762276        91.0309040208      -652.5937129147    102002.7029850788
826000     -6893.9658200669        91.0290221472      -652.5820228913    102002.7029850788
827000     -6893.9794898383        91.0281685516      -652.6869122322    102002.7029850788
828000     -6893.9503557727        91.0303367071      -652.6878147613    102002.7029850788
829000     -6893.9798240372        91.0281492568      -652.6421985897    102002.7029850788
830000     -6893.9875679177        91.0273134817      -652.6812382653    102002.7029850788
831000     -6893.9981127884        91.0259885426      -652.8073113952    102002.7029850788
832000     -6894.0050354592        91.0252796763      -652.8578132671    102002.7029850788
833000     -6894.0045825055        91.0254671449      -652.8412497414    102002.7029850788
834000     -6893.9895241438        91.0261449890      -652.8904993354    102002.7029850788
835000     -6893.9789282809        91.0272041238      -652.8191175912    102002.7029850788
836000     -6893.9894618634        91.0265591033      -652.7766712051    102002.7029850788
837000     -6894.0145036509        91.0239985239      -652.8192198533    102002.7029850788
838000     -6894.0227107144        91.0234021597      -652.8485902775    102002.7029850788
839000     -6894.0374722206        91.0219782364      -652.8093268707    102002.7029850788
840000     -6894.0444938595        91.0207879392      -652.8374012698    102002.7029850788
841000     -6894.0374074290        91.0213185095      -652.7698752663    102002.7029850788
842000     -6894.0286223057        91.0219275218      -652.7433245207    102002.7029850788
843000     -6894.0488819854        91.0201797839      -652.7981738065    102002.7029850788
844000     -6894.0618751190        91.0189167865      -652.8560688734    102002.7029850788
845000     -6894.0764856200        91.0178825393      -652.8494139025    102002.7029850788
846000     -6894.0608152056        91.0192513319      -652.8954362391    102002.7029850788
847000     -6894.0451930219        91.0205530502      -652.9578890535    102002.7029850788
848000     -6894.0446531672        91.0209993982      -652.9212237373    102002.7029850788
849000     -6894.0503455503        91.0204688175      -652.9723460414    102002.7029850788
850000     -6894.0509719405        91.0200514857      -653.0125007822    102002.7029850788
851000     -6894.0845813484        91.0174023167      -652.9592383703    102002.7029850788
852000     -6894.0681505581        91.0188711925      -652.9449561655    102002.7029850788
853000     -6894.0610451999        91.0194347356      -653.0262616049    102002.7029850788
854000     -6894.0589461493        91.0196197321      -653.1270486717    102002.7029850788
855000     -6894.0783699484        91.0180295426      -653.1639100091    102002.7029850788
856000     -6894.0766215158        91.0181116292      -653.1705302318    102002.7029850788
857000     -6894.0497207794        91.0210018792      -653.0948694942    102002.7029850788
858000     -6894.0451116830        91.0215462516      -653.0603879032    102002.7029850788
859000     -6894.0417505635        91.0219043677      -653.1258669898    102002.7029850788
860000     -6894.0318859996        91.0235679264      -653.1616510150    102002.7029850788
861000     -6894.0306029720        91.0237577867      -653.2352775166    102002.7029850788
862000     -6894.0251228835        91.0245137599      -653.2332097871    102002.7029850788
863000     -6894.0202124969        91.0250991963      -653.2132415463    102002.7029850788
864000     -6894.0170806195        91.0253829269      -653.1442269460    102002.7029850788
865000     -6893.9923098148        91.0274317129      -653.1180160538    102002.7029850788
866000     -6894.0128853962        91.0254730773      -653.0206326226    102002.7029850788
867000     -6894.0203074400        91.0245667062      -653.0557077879    102002.7029850788
868000     -6894.0267617834        91.0233800922      -653.1016435046    102002.7029850788
869000     -6894.0516516733        91.0209314397      -653.0771092783    102002.7029850788
870000     -6894.0509321908        91.0207174665      -653.0744290050    102002.7029850787
871000     -6894.0482468511        91.0208987003      -653.0810775835    102002.7029850787
872000     -6894.0320121624        91.0223621464      -653.0606785434    102002.7029850787
873000     -6894.0187359817        91.0239395073      -653.0784067068    102002.7029850787
874000     -6894.0124992180        91.0245365995      -653.1208858919    102002.7029850787
875000     -6893.9919875197        91.0264026998      -653.0992655301    102002.7029850787
876000     -6893.9850913834        91.0270590464      -653.0494801913    102002.7029850787
877000     -6893.9518160743        91.0295609301      -653.0434772030    102002.7029850787
878000     -6893.9744320723        91.0275799511      -653.0307395920    102002.7029850787
879000     -6893.9779301338        91.0273017060      -653.0138519066    102002.7029850787
880000     -6893.9844384639        91.0261621156      -653.0587426605    102002.7029850787
881000     -6893.9863110766        91.0259771541      -653.0056795037    102002.7029850787
882000     -6893.9883485534        91.0254431405      -652.9024083473    102002.7029850787
883000     -6893.9913825360        91.0249015967      -652.9207285001    102002.7029850787
884000     -6894.0050558715        91.0236345759      -652.9483649638    102002.7029850787
885000     -6894.0105538219        91.0229181110      -652.9812961766    102002.7029850787
886000     -6894.0116970479        91.0226459498      -653.0540951348    102002.7029850787
887000     -6894.0141394041        91.0222057643      -653.1025802926    102002.7029850787
888000     -6894.0133967035        91.0225613805      -653.0363083038    102002.7029850787
889000     -6894.0220386241        91.0214699684      -653.0232795525    102002.7029850787
890000     -6894.0060637105        91.0227732577      -653.0721200962    102002.7029850787
891000     -6894.0085750537        91.0225771329      -653.1119966120    102002.7029850787
892000     -6894.0225632017        91.0209071387      -653.1183077570    102002.7029850787
893000     -6894.0462141320        91.0188632906      -653.0645320831    102002.7029850787
894000     -6894.0452692424        91.0186023576      -653.0327939376    102002.7029850787
895000     -6894.0587996693        91.0170453217      -653.0455042771    102002.7029850787
896000     -6894.0794458535        91.0151533667      -653.0763641736    102002.7029850787
897000     -6894.0912094425        91.0142826839      -653.1283055592    102002.7029850787
898000     -6894.0687712680        91.0161934948      -653.1938586748    102002.7029850787
899000     -6894.0470102928        91.0178241353      -653.1697612476    102002.7029850787
900000     -6894.0353011125        91.0188688973      -653.1429989525    102002.7029850787
901000     -6894.0238058249        91.0195228925      -653.1287489130    102002.7029850787
902000     -6894.0295511274        91.0192975589      -653.1122151611    102002.7029850787
903000     -6894.0074996492        91.0212365731      -653.1136215624    102002.7029850787
904000     -6894.0030033601        91.0218682489      -653.1974647624    102002.7029850787
905000     -6893.9807749657        91.0241820224      -653.2573084403    102002.7029850787
906000     -6893.9703613745        91.0252393476      -653.2190551116    102002.7029850787
907000     -6893.9620335293        91.0261127265      -653.2172677938    102002.7029850787
908000     -6893.9460382816        91.0274781748      -653.1746448327    102002.7029850787
909000     -6893.9500432306        91.0268727823      -653.1303558707    102002.7029850787
910000     -6893.9656086522        91.0249711612      -653.2311407516    102002.7029850787
911000     -6893.9719427829        91.0241164343      -653.2434232393    102002.7029850787
912000     -6893.9629507588        91.0246424919      -653.2016168288    102002.7029850787
913000     -6893.9641467718        91.0246088759      -653.2082729950    102002.7029850787
914000     -6893.9472748633        91.0260076554      -653.1182639614    102002.7029850787
915000     -6893.9412929186        91.0265586481      -653.0737650842    102002.7029850787
916000     -6893.9631817752        91.0245576299      -653.1004927868    102002.7029850787
917000     -6893.9785393117        91.0228516202      -653.1275558563    102002.7029850787
918000     -6893.9932656750        91.0215340251      -653.0934645554    102002.7029850787
919000     -6894.0124289976        91.0197250861      -653.0785504728    102002.7029850787
920000     -6894.0050898389        91.0201893166      -653.0243474793    102002.7029850787
921000     -6893.9844137902        91.0223184699      -652.9500592276    102002.7029850787
922000     -6893.9827575840        91.0223071609      -652.9801776997    102002.7029850787
923000     -6893.9869970344        91.0220804206      -653.0165256577    102002.7029850787
924000     -6894.0018898627        91.0208595850      -653.0448034977    102002.7029850787
925000     -6893.9982847722        91.0209520114      -653.0567591442    102002.7029850787
926000     -6893.9971321950        91.0208337348      -652.9866654426    102002.7029850787
927000     -6894.0214816593        91.0184950714      -652.8913745062    102002.7029850786
928000     -6894.0168766112        91.0189274847      -652.9087045130    102002.7029850786
929000     -6894.0265674691        91.0178747953      -652.9350816290    102002.7029850786
930000     -6894.0326722822        91.0171483152      -652.9773399785    102002.7029850786
931000     -6894.0228965727        91.0181035042      -652.9890100269    102002.7029850786
932000     -6894.0127878751        91.0189917847      -652.9696317244    102002.7029850786
933000     -6894.0147218983        91.0186398450      -652.9363746203    102002.7029850786
934000     -6893.9993065270        91.0199635204      -652.9223023302    102002.7029850786
935000     -6893.9953183616        91.0203350416      -652.9319931625    102002.7029850786
936000     -6894.0048080196        91.0195346631      -652.9528583172    102002.7029850786
937000     -6894.0161762125        91.0183241749      -652.9826473771    102002.7029850786
938000     -6894.0195463503        91.0179550693      -653.0112300580    102002.7029850786
939000     -6894.0377739280        91.0162735925      -652.9976277559    102002.7029850786
940000     -6894.0488645101        91.0155237639      -653.0077345956    102002.7029850786
941000     -6894.0669222254        91.0136631762      -653.0071616141    102002.7029850786
942000     -6894.0609920342        91.0142334502      -653.0648885315    102002.7029850786
943000     -6894.0536879348        91.0153028879      -653.1179370430    102002.7029850786
944000     -6894.0297652244        91.0172828969      -653.1455093376    102002.7029850786
945000     -6894.0391773593        91.0168121863      -653.0751389956    102002.7029850786
946000     -6894.0368920214        91.0166900019      -653.0440499377    102002.7029850786
947000     -6894.0487170181        91.0155685550      -653.0871271339    102002.7029850786
948000     -6894.0557073221        91.0153246597      -653.1072225226    102002.7029850786
949000     -6894.0602018170        91.0148814538      -653.1816136386    102002.7029850786
950000     -6894.0710594981        91.0138771656      -653.2784290869    102002.7029850786
951000     -6894.0641855081        91.0146388339      -653.2882173385    102002.7029850786
952000     -6894.0644517297        91.0148791183      -653.2821451762    102002.7029850786
953000     -6894.0462087884        91.0164245296      -653.3007091622    102002.7029850786
954000     -6894.0344293703        91.0174886451      -653.3435565696    102002.7029850786
955000     -6894.0449646499        91.0166905929      -653.3973951082    102002.7029850786
956000     -6894.0632526193        91.0149317368      -653.4543770768    102002.7029850786
957000     -6894.0711010464        91.0144534330      -653.5563092886    102002.7029850786
958000     -6894.0539725297        91.0162050057      -653.5681051318    102002.7029850786
959000     -6894.0517419491        91.0164301309      -653.6087253804    102002.7029850786
960000     -6894.0295614526        91.0186768819      -653.7333976745    102002.7029850786
961000     -6894.0188884737        91.0200209106      -653.7737390190    102002.7029850786
962000     -6894.0259798245        91.0193951433      -653.8303936652    102002.7029850786
963000     -6894.0261062912        91.0192901933      -653.8709122304    102002.7029850786
964000     -6894.0417759047        91.0182208473      -653.8398478495    102002.7029850786
965000     -6894.0431190546        91.0180152219      -653.8688181001    102002.7029850786
966000     -6894.0633493976        91.0159801056      -653.9034448278    102002.7029850786
967000     -6894.0819689978        91.0145554704      -653.9150276897    102002.7029850786
968000     -6894.0780934671        91.0152151699      -653.9538628487    102002.7029850786
969000     -6894.0772112504        91.0152073426      -653.9822664530    102002.7029850786
970000     -6894.0699780810        91.0162076462      -653.9949070513    102002.7029850786
971000     -6894.0671570650        91.0166136088      -653.9737737208    102002.7029850786
972000     -6894.0480452003        91.0178825734      -653.9776840065    102002.7029850786
973000     -6894.0368790274        91.0192019433      -653.9729438155    102002.7029850786
974000     -6894.0306017620        91.0196896223      -653.9669122388    102002.7029850786
975000     -6894.0454610968        91.0179522871      -654.0127543591    102002.7029850786
976000     -6894.0439278058        91.0178711871      -654.0471017279    102002.7029850786
977000     -6894.0495926283        91.0171364333      -654.0274649422    102002.7029850786
978000     -6894.0535570005        91.0160387800      -654.0297872946    102002.7029850786
979000     -6894.0361993740        91.0178719840      -654.0114672289    102002.7029850786
980000     -6894.0388164304        91.0174470413      -653.9703868234    102002.7029850786
981000     -6894.0562891151        91.0154393915      -654.0040734531    102002.7029850786
982000     -6894.0543750102        91.0159538954      -654.0813123776    102002.7029850786
983000     -6894.0488078505        91.0164247846      -654.1066299795    102002.7029850786
984000     -6894.0412698889        91.0170043018      -654.0829281178    102002.7029850786
985000     -6894.0373272247        91.0170281742      -654.1011807990    102002.7029850786
986000     -6894.0333523258        91.0174772743      -654.0714263189    102002.7029850786
987000     -6894.0238931214        91.0182701680      -654.0876845678    102002.7029850786
988000     -6894.0219970153        91.0181412319      -654.1695643862    102002.7029850786
989000     -6894.0384571027        91.0165792176      -654.2259812907    102002.7029850786
990000     -6894.0216744873        91.0180840203      -654.2160704259    102002.7029850786
991000     -6894.0233406120        91.0179277588      -654.2091373655    102002.7029850786
992000     -6894.0093204934        91.0193862032      -654.1999714242    102002.7029850786
993000     -6894.0112975665        91.0195010659      -654.1766167533    102002.7029850786
994000     -6893.9924165089        91.0213818131      -654.2394243559    102002.7029850786
995000     -6893.9882962912        91.0218867444      -654.2284801772    102002.7029850786
996000     -6894.0066972689        91.0199246610      -654.1792250178    102002.7029850786
997000     -6894.0219514161        91.0187636830      -654.1524730197    102002.7029850786
998000     -6894.0185481547        91.0192860421      -654.1213679032    102002.7029850786
999000     -6894.0121915695        91.0200143828      -654.0991752005    102002.7029850786
1000000     -6894.0204756901        91.0191704197      -654.1590613912    102002.7029850786
