# Time-averaged data for fix runningavgs
# TimeStep v_ra_etotal v_ra_temp v_ra_press v_ra_volume
502000     -9833.7734631081       109.9015874365      -569.0047374300    102002.7029850792
503000     -9838.5306345702       109.8091577322      -587.5353470560    102002.7029850792
504000     -9840.4525275166       109.7417124397      -601.6447724633    102002.7029850792
505000     -9838.2002662744       109.7584086998      -612.2299167787    102002.7029850792
506000     -9839.4911158915       109.6523692162      -617.0413033815    102002.7029850792
507000     -9838.1742446419       109.7110660863      -616.5137638024    102002.7029850792
508000     -9836.2537938037       109.7931787382      -607.5937298944    102002.7029850792
509000     -9836.3215407299       109.7694216461      -601.3314163388    102002.7029850792
510000     -9835.7058593310       109.8325652397      -596.2391647309    102002.7029850792
511000     -9835.2973523933       109.8447241982      -595.5060338386    102002.7029850792
512000     -9835.6819893958       109.8122552965      -602.5343507645    102002.7029850792
513000     -9834.0786617039       109.9110690961      -600.8026789372    102002.7029850792
514000     -9834.2967105482       109.9117302668      -598.7476986667    102002.7029850792
515000     -9835.5721624056       109.8493092649      -596.8153198848    102002.7029850792
516000     -9835.4484072205       109.8628486040      -593.9768270007    102002.7029850792
517000     -9835.3274296045       109.8847611997      -594.6393248983    102002.7029850792
518000     -9835.7368799462       109.8822843211      -596.2460344630    102002.7029850792
519000     -9836.5997298229       109.8451592076      -602.8706294507    102002.7029850792
520000     -9836.1640591320       109.8432415556      -604.9560018069    102002.7029850792
521000     -9836.2750937070       109.8360080731      -609.1144606485    102002.7029850792
522000     -9836.3493901406       109.8073477366      -613.3300632385    102002.7029850792
523000     -9836.2855022659       109.8104518673      -613.0580557626    102002.7029850792
524000     -9836.1324103897       109.8173420780      -615.2978471471    102002.7029850792
525000     -9835.3922052770       109.8529932030      -614.6832181832    102002.7029850792
526000     -9835.3312575573       109.8464190956      -615.1775793477    102002.7029850792
527000     -9835.1824119729       109.8484555762      -616.0317235160    102002.7029850792
528000     -9835.4626934539       109.8320234323      -615.6289556898    102002.7029850792
529000     -9835.5513632004       109.8316300419      -614.3851243469    102002.7029850792
530000     -9835.5282248802       109.8330239398      -615.8091473040    102002.7029850792
531000     -9835.3952199209       109.8506839299      -617.6738439613    102002.7029850792
532000     -9834.7887240334       109.8870430092      -620.2678305051    102002.7029850792
533000     -9834.6347799709       109.8924219119      -620.4271846558    102002.7029850792
534000     -9834.5049524751       109.8942961883      -620.9715559722    102002.7029850792
535000     -9834.6645031182       109.8857814532      -622.6440441966    102002.7029850792
536000     -9834.6151189034       109.8956844515      -621.2405875033    102002.7029850792
537000     -9834.3275930266       109.9074987359      -617.9181987626    102002.7029850792
538000     -9834.3887535635       109.8943193759      -616.5717370537    102002.7029850792
539000     -9834.3146385116       109.8919029420      -614.6926580746    102002.7029850791
540000     -9834.1054439514       109.8963146774      -612.6943350969    102002.7029850791
541000     -9834.2732056301       109.8847614610      -614.0623598873    102002.7029850791
542000     -9834.3564792707       109.8836742993      -616.1450445457    102002.7029850791
543000     -9833.9944663862       109.8993616814      -617.8811864261    102002.7029850791
544000     -9833.9996027733       109.8985451946      -617.6567209425    102002.7029850791
545000     -9833.9231533681       109.8934868315      -616.1962365948    102002.7029850791
546000     -9833.7659991967       109.9036108408      -613.6070654557    102002.7029850791
547000     -9833.7689769098       109.9084488413      -612.9279384552    102002.7029850791
548000     -9833.6725293351       109.9165879264      -613.9109220828    102002.7029850791
549000     -9833.7262863704       109.9218568766      -615.3739010531    102002.7029850791
550000     -9833.6505330345       109.9249354187      -614.8031061933    102002.7029850791
551000     -9833.5223030756       109.9312668074      -614.0399859981    102002.7029850791
552000     -9833.6879203905       109.9240270823      -614.0280367923    102002.7029850791
553000     -9833.9400914506       109.9169001253      -613.0761154622    102002.7029850791
554000     -9833.8999508213       109.9217640843      -613.2211638384    102002.7029850791
555000     -9833.8640093135       109.9209722236      -613.9142289316    102002.7029850791
556000     -9834.0380026220       109.9148170120      -613.9679986946    102002.7029850791
557000     -9834.3654638251       109.9123267864      -614.7138694675    102002.7029850791
558000     -9834.4691978080       109.9164151248      -614.7201898043    102002.7029850791
559000     -9834.8077604856       109.9021107349      -615.9588001196    102002.7029850791
560000     -9834.8822103013       109.9048774938      -617.7826456001    102002.7029850791
561000     -9835.0379580232       109.9026376841      -619.5331959526    102002.7029850791
562000     -9835.0526797282       109.9055217559      -618.8574506234    102002.7029850791
563000     -9835.2174701470       109.9058981105      -617.6904973018    102002.7029850791
564000     -9835.4881426054       109.8989305641      -618.1419615803    102002.7029850791
565000     -9835.5924715451       109.8915318957      -618.4908046534    102002.7029850791
566000     -9835.5435267712       109.8986796922      -617.5433542141    102002.7029850791
567000     -9835.4479408175       109.9055849245      -616.9445767088    102002.7029850791
568000     -9835.6339490981       109.8987381983      -616.9423624129    102002.7029850791
569000     -9835.6041136889       109.9006632892      -617.4299268098    102002.7029850791
570000     -9835.4049526448       109.9064980394      -616.6765220664    102002.7029850791
571000     -9835.1929715635       109.9184382766      -614.9145501755    102002.7029850791
572000     -9835.1347973647       109.9214549437      -613.6868286563    102002.7029850791
573000     -9835.1304054758       109.9177426379      -612.7884607610    102002.7029850791
574000     -9835.1670477982       109.9106593445      -613.6829352913    102002.7029850791
575000     -9835.3092076848       109.8992337121      -613.3730730558    102002.7029850791
576000     -9835.1585298533       109.9042085533      -612.8774924202    102002.7029850791
577000     -9835.2557655221       109.8976055312      -613.1303461081    102002.7029850791
578000     -9835.1923549476       109.9007114009      -612.7723108085    102002.7029850791
579000     -9835.3150367561       109.8915598817      -613.3497443481    102002.7029850791
580000     -9835.0946420799       109.9018448888      -614.5900752459    102002.7029850791
581000     -9835.1559913766       109.8990456848      -615.2222507376    102002.7029850791
582000     -9835.2359805850       109.8990500747      -615.1373554005    102002.7029850791
583000     -9835.0614826327       109.9092534520      -614.8858026220    102002.7029850791
584000     -9835.0378046187       109.9107584433      -614.8057613085    102002.7029850791
585000     -9835.0383074236       109.9084577094      -615.1087364758    102002.7029850791
586000     -9834.9087600849       109.9088120123      -615.6726335319    102002.7029850791
587000     -9834.9685124396       109.9058047434      -615.5589905471    102002.7029850791
588000     -9834.8967683996       109.9066518690      -615.5705673756    102002.7029850791
589000     -9834.6862908314       109.9163213395      -615.4480969766    102002.7029850791
590000     -9834.6100986626       109.9201877209      -615.7400801720    102002.7029850791
591000     -9834.3941558688       109.9242902557      -616.1849527371    102002.7029850792
592000     -9834.2570314739       109.9310968091      -616.5614482865    102002.7029850792
593000     -9834.2066452177       109.9327686988      -616.7168241462    102002.7029850792
594000     -9834.2552408970       109.9287673518      -616.4540093448    102002.7029850792
595000     -9834.3434084327       109.9242501556      -616.6354032144    102002.7029850792
596000     -9834.3163319045       109.9239578213      -616.7978490657    102002.7029850792
597000     -9834.1853974865       109.9255032102      -616.6063201475    102002.7029850792
598000     -9834.2931944975       109.9196956822      -616.8203090165    102002.7029850792
599000     -9834.2095335990       109.9236509634      -617.0190777892    102002.7029850792
600000     -9834.1971753526       109.9252747855      -616.6001388647    102002.7029850792
601000     -9834.1172176373       109.9275885694      -615.7655220276    102002.7029850792
602000     -9834.1006786762       109.9311305733      -614.9037187999    102002.7029850792
603000     -9834.0833963683       109.9324813189      -614.7316535048    102002.7029850792
604000     -9834.0340345237       109.9327947416      -614.5323856352    102002.7029850793
605000     -9834.0592528792       109.9323914350      -614.0982488173    102002.7029850793
606000     -9834.2200991647       109.9279847713      -613.9623383092    102002.7029850793
607000     -9834.2540381926       109.9288880363      -613.9965205050    102002.7029850793
608000     -9834.1998805387       109.9307461174      -613.5679329032    102002.7029850793
609000     -9834.1595882136       109.9314018904      -612.6129937398    102002.7029850793
610000     -9834.2621887067       109.9276151313      -612.6793303821    102002.7029850793
611000     -9834.3514462136       109.9248992920      -612.8961767103    102002.7029850793
612000     -9834.3819107133       109.9250208823      -612.8850310537    102002.7029850793
613000     -9834.2628923948       109.9327079172      -612.7982531787    102002.7029850793
614000     -9834.3515225200       109.9282410829      -612.5881429428    102002.7029850793
615000     -9834.4058359893       109.9286528229      -612.8907247326    102002.7029850793
616000     -9834.5296284799       109.9226377190      -613.7137379342    102002.7029850793
617000     -9834.6082062020       109.9217660017      -613.9459616480    102002.7029850793
618000     -9834.5250307526       109.9236617909      -614.0851912566    102002.7029850793
619000     -9834.4345205859       109.9263858234      -613.8633915632    102002.7029850793
620000     -9834.5147033253       109.9192861990      -613.8612046164    102002.7029850793
621000     -9834.4808371894       109.9181090608      -614.0496695477    102002.7029850793
622000     -9834.4403204343       109.9208922681      -613.8719331333    102002.7029850794
623000     -9834.5351689481       109.9162262799      -613.8800765078    102002.7029850794
624000     -9834.5470506065       109.9180687793      -613.7986930775    102002.7029850794
625000     -9834.5101431884       109.9187670063      -613.8909920156    102002.7029850794
626000     -9834.4594348801       109.9197535602      -613.5284369956    102002.7029850794
627000     -9834.4750622538       109.9191785934      -613.0194648956    102002.7029850794
628000     -9834.4617318332       109.9180325567      -612.4657551601    102002.7029850794
629000     -9834.3805697159       109.9200931739      -612.3132142916    102002.7029850794
630000     -9834.4400714336       109.9163980920      -611.6829166500    102002.7029850794
631000     -9834.3568828333       109.9234317084      -610.8119646958    102002.7029850794
632000     -9834.3664958352       109.9248328242      -610.4141328082    102002.7029850794
633000     -9834.3876667694       109.9265364428      -610.3884509455    102002.7029850794
634000     -9834.4198612003       109.9272193674      -610.4366409462    102002.7029850794
635000     -9834.4797980821       109.9242303276      -610.5703018123    102002.7029850794
636000     -9834.4517398808       109.9251029485      -610.3607839557    102002.7029850794
637000     -9834.3389037142       109.9274439141      -609.8150801827    102002.7029850794
638000     -9834.2143947152       109.9289569200      -609.4075413007    102002.7029850794
639000     -9834.1960937642       109.9281047933      -609.4212107008    102002.7029850794
640000     -9834.1503682556       109.9289121570      -609.4139820192    102002.7029850794
641000     -9834.0877123240       109.9284312093      -609.2432465763    102002.7029850794
642000     -9834.0635865007       109.9306326292      -609.2334697620    102002.7029850794
643000     -9834.0423230575       109.9307929506      -609.0143694368    102002.7029850794
644000     -9834.0656160791       109.9273236302      -608.7668009991    102002.7029850794
645000     -9834.0582811441       109.9285896341      -608.7926695255    102002.7029850794
646000     -9834.0630555836       109.9281109421      -608.7044201921    102002.7029850795
647000     -9834.0876670760       109.9264415935      -608.8194780862    102002.7029850795
648000     -9834.1314723503       109.9256326712      -608.7620831816    102002.7029850795
649000     -9834.0170203996       109.9320269142      -608.9227913589    102002.7029850795
650000     -9834.0884562655       109.9304690621      -608.7358188422    102002.7029850795
651000     -9834.1662281392       109.9297424519      -608.4462776852    102002.7029850795
652000     -9834.1505879677       109.9300712150      -608.0868544086    102002.7029850795
653000     -9834.3071299668       109.9264371656      -608.1192301565    102002.7029850795
654000     -9834.3314862522       109.9245454841      -607.9026038962    102002.7029850795
655000     -9834.3020192083       109.9253992116      -607.7773056016    102002.7029850795
656000     -9834.2282374380       109.9269661696      -607.9860945911    102002.7029850795
657000     -9834.2602199804       109.9248183862      -607.7301447436    102002.7029850795
658000     -9834.1965651919       109.9279143420      -607.4755952468    102002.7029850795
659000     -9834.2620522385       109.9255872418      -607.3128473837    102002.7029850795
660000     -9834.2887986689       109.9242646116      -607.1276153643    102002.7029850795
661000     -9834.2675140250       109.9250028947      -607.1622262354    102002.7029850795
662000     -9834.2508087985       109.9232579704      -607.1200850398    102002.7029850795
663000     -9834.2564432271       109.9217359515      -607.2399723200    102002.7029850795
664000     -9834.2567808579       109.9206927992      -607.2790371061    102002.7029850795
665000     -9834.2113440899       109.9235998439      -607.3293875834    102002.7029850795
666000     -9834.1646476339       109.9249763489      -607.4201156781    102002.7029850795
667000     -9834.2472122531       109.9225876580      -607.5920906193    102002.7029850795
668000     -9834.2892263358       109.9234083071      -607.5198060008    102002.7029850795
669000     -9834.2924975043       109.9226396399      -607.4146501183    102002.7029850795
670000     -9834.3280305748       109.9225269804      -607.1877169768    102002.7029850795
671000     -9834.3186712922       109.9249164218      -606.9125195461    102002.7029850795
672000     -9834.2502725742       109.9296623222      -607.0785647923    102002.7029850795
673000     -9834.2393707131       109.9337746877      -607.3231840646    102002.7029850795
674000     -9834.2415639362       109.9359694661      -607.1215453251    102002.7029850794
675000     -9834.2480508593       109.9365083918      -606.7939110081    102002.7029850794
676000     -9834.2967063647       109.9340351801      -606.8265573418    102002.7029850794
677000     -9834.2940215018       109.9352211503      -606.4609430082    102002.7029850794
678000     -9834.2304944630       109.9375135002      -606.6683233195    102002.7029850794
679000     -9834.2217995229       109.9376151921      -606.8234139694    102002.7029850794
680000     -9834.2275271505       109.9387123769      -606.9912662113    102002.7029850794
681000     -9834.2705987217       109.9378596951      -606.9931173630    102002.7029850794
682000     -9834.3050961749       109.9361370388      -606.8886469413    102002.7029850794
683000     -9834.2933918969       109.9372404023      -606.8395354362    102002.7029850794
684000     -9834.2903608451       109.9374986715      -606.8782714513    102002.7029850794
685000     -9834.2410530791       109.9403617747      -606.8284896147    102002.7029850794
686000     -9834.2273768800       109.9429615471      -606.9567797963    102002.7029850794
687000     -9834.1795230275       109.9435755835      -607.0567397141    102002.7029850794
688000     -9834.1716829282       109.9442725057      -607.4803981959    102002.7029850793
689000     -9834.2214215490       109.9438155570      -607.9163031286    102002.7029850793
690000     -9834.3201599631       109.9410552170      -608.1283655569    102002.7029850793
691000     -9834.3996660439       109.9385706793      -608.2832175425    102002.7029850793
692000     -9834.3748218069       109.9400958162      -608.9077834414    102002.7029850793
693000     -9834.3824939655       109.9392490597      -609.0430961013    102002.7029850793
694000     -9834.2490842934       109.9450631019      -608.3248045955    102002.7029850793
695000     -9834.2285856277       109.9433859650      -607.9030220540    102002.7029850793
696000     -9834.1753252155       109.9458296952      -607.7849336524    102002.7029850793
697000     -9834.1417617573       109.9452553123      -608.0623839720    102002.7029850793
698000     -9834.1497344204       109.9440797153      -608.2590944958    102002.7029850793
699000     -9834.1467723559       109.9441826459      -608.1350210940    102002.7029850793
700000     -9834.1565180962       109.9450373783      -608.4062100514    102002.7029850793
701000     -9834.1690595485       109.9455064005      -608.5821043953    102002.7029850793
702000     -9834.1983389573       109.9445511592      -608.4779870097    102002.7029850793
703000     -9834.2465441436       109.9429265561      -608.6972245584    102002.7029850793
704000     -9834.2774668727       109.9421234521      -608.8525794667    102002.7029850792
705000     -9834.2726965904       109.9427204491      -608.6685854917    102002.7029850792
706000     -9834.2613986097       109.9443565800      -608.3635776545    102002.7029850792
707000     -9834.2422222959       109.9445359633      -607.8837718898    102002.7029850792
708000     -9834.2648634619       109.9424672836      -607.7271181342    102002.7029850792
709000     -9834.2080865237       109.9437633699      -607.8711596013    102002.7029850792
710000     -9834.1821323948       109.9456313799      -607.6402065991    102002.7029850792
711000     -9834.2163785818       109.9445299278      -607.6455939238    102002.7029850792
712000     -9834.2911733160       109.9419303888      -607.7720837013    102002.7029850792
713000     -9834.3061207103       109.9411208637      -607.7693695130    102002.7029850792
714000     -9834.3123283383       109.9412395566      -607.3255339979    102002.7029850792
715000     -9834.3740826027       109.9386922060      -607.3816229602    102002.7029850792
716000     -9834.4590139830       109.9360840672      -607.3096642501    102002.7029850792
717000     -9834.4559457265       109.9371445303      -607.3612914589    102002.7029850792
718000     -9834.3581752689       109.9412172191      -607.5761368964    102002.7029850792
719000     -9834.4227720831       109.9396039122      -607.6190385314    102002.7029850792
720000     -9834.3978166841       109.9415427537      -607.5188046521    102002.7029850792
721000     -9834.4237110227       109.9418973425      -607.7926800150    102002.7029850792
722000     -9834.4591500438       109.9415946484      -608.1970976653    102002.7029850792
723000     -9834.5174303988       109.9387075783      -608.1793896440    102002.7029850792
724000     -9834.4963978162       109.9409810787      -608.4247173845    102002.7029850791
725000     -9834.5034734345       109.9409554933      -608.6475651960    102002.7029850791
726000     -9834.5053213364       109.9425926855      -608.9743222196    102002.7029850791
727000     -9834.5361852611       109.9407692197      -609.3203334677    102002.7029850791
728000     -9834.5196325460       109.9414856449      -609.5201169228    102002.7029850791
729000     -9834.4416199505       109.9445203098      -609.6388602508    102002.7029850791
730000     -9834.4337532839       109.9429879092      -609.7420892286    102002.7029850791
731000     -9834.4110387547       109.9438703152      -609.7821499285    102002.7029850791
732000     -9834.4446720532       109.9424817817      -609.9901669579    102002.7029850791
733000     -9834.4622493877       109.9425471052      -610.1520393466    102002.7029850791
734000     -9834.4891188020       109.9401362226      -610.3337804571    102002.7029850791
735000     -9834.4633270012       109.9407606820      -610.4993976130    102002.7029850791
736000     -9834.4148988719       109.9435136125      -610.3243400985    102002.7029850791
737000     -9834.3981044968       109.9443972167      -610.1651779050    102002.7029850791
738000     -9834.3303698126       109.9464402035      -610.1652614041    102002.7029850791
739000     -9834.3431532755       109.9462916073      -610.3511337154    102002.7029850791
740000     -9834.3114919589       109.9467365590      -610.2775209848    102002.7029850791
741000     -9834.2802630051       109.9462556996      -610.0269477100    102002.7029850791
742000     -9834.2405009154       109.9459150424      -609.7476146109    102002.7029850791
743000     -9834.2275287098       109.9471677270      -609.5495349503    102002.7029850791
744000     -9834.2216004418       109.9474751841      -609.5779822758    102002.7029850791
745000     -9834.2358919747       109.9463132590      -609.7395555461    102002.7029850791
746000     -9834.2279643434       109.9491448639      -609.5508988979    102002.7029850791
747000     -9834.1947131476       109.9517495610      -609.5277176218    102002.7029850791
748000     -9834.1938992060       109.9513232749      -609.3412864789    102002.7029850790
749000     -9834.2260889229       109.9491740220      -609.5576133991    102002.7029850790
750000     -9834.2691324630       109.9474072174      -609.3169712121    102002.7029850790
751000     -9834.2623520034       109.9463713289      -608.9807907744    102002.7029850790
752000     -9834.2499897576       109.9467337176      -608.5194930030    102002.7029850790
753000     -9834.2565971684       109.9450559661      -608.2562583833    102002.7029850790
754000     -9834.1757292319       109.9488251045      -608.1194213800    102002.7029850790
755000     -9834.2080969745       109.9460530400      -607.8646570360    102002.7029850790
756000     -9834.2180977343       109.9454480175      -607.8655002583    102002.7029850790
757000     -9834.2261974472       109.9443587085      -607.6931039208    102002.7029850790
758000     -9834.1968981172       109.9443695579      -607.5244182568    102002.7029850790
759000     -9834.1903460345       109.9434472473      -607.3090028354    102002.7029850790
760000     -9834.1773580589       109.9442865708      -607.1686840989    102002.7029850790
761000     -9834.1199234951       109.9445996768      -606.9581008081    102002.7029850790
762000     -9834.1134913567       109.9431501671      -607.1508065012    102002.7029850790
763000     -9834.0601012811       109.9441329325      -606.9104218020    102002.7029850790
764000     -9833.9965429782       109.9464944306      -606.7709722537    102002.7029850790
765000     -9833.9568453389       109.9474779537      -606.8174108481    102002.7029850790
766000     -9833.8940743803       109.9485500870      -606.7395683249    102002.7029850790
767000     -9833.8680277792       109.9485652185      -606.7825008530    102002.7029850790
768000     -9833.8062963581       109.9510476671      -606.6868092033    102002.7029850790
769000     -9833.7811167090       109.9510418895      -606.5098271040    102002.7029850790
770000     -9833.7618377034       109.9516903995      -606.2064342256    102002.7029850790
771000     -9833.7806478878       109.9505184169      -606.0309178808    102002.7029850790
772000     -9833.8391539681       109.9466786960      -605.8163680586    102002.7029850790
773000     -9833.8637659536       109.9460268813      -605.7970165938    102002.7029850790
774000     -9833.8219780589       109.9478093472      -605.6550212216    102002.7029850790
775000     -9833.7985308881       109.9479459534      -605.5864301924    102002.7029850790
776000     -9833.7430823234       109.9500191900      -605.4322531069    102002.7029850790
777000     -9833.6756746453       109.9532402927      -605.2272024981    102002.7029850789
778000     -9833.6329376646       109.9545809123      -605.0693287607    102002.7029850789
779000     -9833.6057874982       109.9552255236      -604.8883531086    102002.7029850789
780000     -9833.6038970614       109.9545392109      -604.9559570651    102002.7029850789
781000     -9833.6283586074       109.9525179769      -604.8746709298    102002.7029850789
782000     -9833.5986103182       109.9548001131      -604.6255997167    102002.7029850789
783000     -9833.6388847775       109.9515897840      -604.7146512920    102002.7029850789
784000     -9833.6147465878       109.9517592212      -604.7159029333    102002.7029850789
785000     -9833.5904152264       109.9533389926      -604.8465284030    102002.7029850789
786000     -9833.5862982819       109.9527430813      -605.0674279799    102002.7029850789
787000     -9833.5767698753       109.9530460203      -605.5093954296    102002.7029850789
788000     -9833.5729284811       109.9538240381      -605.5696292502    102002.7029850789
789000     -9833.6135960030       109.9527329752      -605.8701243201    102002.7029850789
790000     -9833.6705993802       109.9513148430      -606.1683240666    102002.7029850789
791000     -9833.6294634212       109.9534794085      -606.4395481154    102002.7029850789
792000     -9833.5836689923       109.9558159018      -606.4899390062    102002.7029850789
793000     -9833.6067910906       109.9559118044      -606.5671836773    102002.7029850789
794000     -9833.6228373624       109.9553295850      -606.3765939407    102002.7029850789
795000     -9833.6304851850       109.9559515291      -606.4831291953    102002.7029850789
796000     -9833.6246246400       109.9574798492      -606.4851452039    102002.7029850789
797000     -9833.5772674923       109.9607830498      -606.5023077930    102002.7029850789
798000     -9833.5695465515       109.9614891051      -606.3934585687    102002.7029850789
799000     -9833.5399428999       109.9625589816      -606.3878173417    102002.7029850789
800000     -9833.4579664233       109.9647097697      -606.1939167872    102002.7029850789
801000     -9833.4340920241       109.9647299344      -606.2205566202    102002.7029850789
802000     -9833.4465926654       109.9646562614      -606.4717320445    102002.7029850789
803000     -9833.4382660543       109.9652384666      -606.5860261552    102002.7029850789
804000     -9833.4776422062       109.9628888781      -606.9401436623    102002.7029850789
805000     -9833.4424144127       109.9647843404      -607.1024736010    102002.7029850789
806000     -9833.4308028734       109.9644770608      -607.1237099848    102002.7029850789
807000     -9833.4059063053       109.9650280205      -607.2476239798    102002.7029850789
808000     -9833.4016865495       109.9642989638      -607.4407087365    102002.7029850789
809000     -9833.3752136722       109.9649835288      -607.5278219439    102002.7029850789
810000     -9833.3123623191       109.9662537327      -607.4771375602    102002.7029850789
811000     -9833.2639925694       109.9670759033      -607.5282150398    102002.7029850789
812000     -9833.2233841874       109.9685863203      -607.6785999100    102002.7029850789
813000     -9833.1732158321       109.9705974932      -607.7883429639    102002.7029850789
814000     -9833.1070865372       109.9733063775      -607.8443234772    102002.7029850789
815000     -9833.1074913494       109.9738994438      -608.0184249498    102002.7029850788
816000     -9833.1624286656       109.9716361212      -608.2966023996    102002.7029850788
817000     -9833.1615029640       109.9720436311      -608.4991849873    102002.7029850788
818000     -9833.1462413127       109.9728917799      -608.5512367355    102002.7029850788
819000     -9833.1261697151       109.9740656604      -608.7364376483    102002.7029850788
820000     -9833.1116162701       109.9751485934      -608.7829029715    102002.7029850788
821000     -9833.0591758639       109.9773869971      -608.7970568484    102002.7029850788
822000     -9833.0202694550       109.9787157332      -608.9730581960    102002.7029850788
823000     -9832.9702686166       109.9801176019      -608.8702004457    102002.7029850788
824000     -9832.9581615347       109.9807084842      -608.9291281013    102002.7029850788
825000     -9832.8993469095       109.9841440378      -608.8769145868    102002.7029850788
826000     -9832.9424834070       109.9825986564      -608.6510330043    102002.7029850788
827000     -9832.9640619738       109.9820534264      -608.4533361303    102002.7029850788
828000     -9832.9533648266       109.9828306670      -608.4028030982    102002.7029850788
829000     -9832.9497870628       109.9840514266      -608.3466699452    102002.7029850788
830000     -9832.9612315163       109.9837822302      -608.3727872105    102002.7029850788
831000     -9832.9682846775       109.9837614943      -608.4298123021    102002.7029850788
832000     -9832.9793022379       109.9827114321      -608.6415708973    102002.7029850788
833000     -9833.0125138691       109.9818350609      -608.9694406366    102002.7029850788
834000     -9833.0328993146       109.9817785297      -609.0502813421    102002.7029850788
835000     -9833.1127922316       109.9783724885      -609.4915321690    102002.7029850788
836000     -9833.0985078368       109.9794793137      -609.7867609309    102002.7029850788
837000     -9833.1344649342       109.9783031047      -609.9753204933    102002.7029850788
838000     -9833.1290936983       109.9786172257      -610.0085370075    102002.7029850788
839000     -9833.1504923028       109.9783744102      -610.1691973305    102002.7029850788
840000     -9833.1944404423       109.9770778845      -610.3821134362    102002.7029850788
841000     -9833.2071623149       109.9760878795      -610.4319976640    102002.7029850788
842000     -9833.2046708044       109.9753176959      -610.3024000753    102002.7029850788
843000     -9833.1927741003       109.9749006040      -610.0619495973    102002.7029850788
844000     -9833.1764741061       109.9756985249      -610.0557733406    102002.7029850788
845000     -9833.1663049657       109.9763962184      -610.1099039810    102002.7029850788
846000     -9833.1387868381       109.9787097842      -610.0655966529    102002.7029850788
847000     -9833.1664097650       109.9781444534      -610.1820579055    102002.7029850788
848000     -9833.1692778467       109.9780284813      -610.4503001628    102002.7029850788
849000     -9833.2349536872       109.9755740248      -610.3961908945    102002.7029850788
850000     -9833.2410290637       109.9757774170      -610.2694435220    102002.7029850788
851000     -9833.1607007638       109.9790679507      -610.0726241095    102002.7029850788
852000     -9833.1657276932       109.9787641666      -610.0994109062    102002.7029850788
853000     -9833.1854290770       109.9780595836      -610.1424457556    102002.7029850788
854000     -9833.2289407652       109.9764977716      -610.2267446123    102002.7029850788
855000     -9833.2014951456       109.9773310259      -610.3129293823    102002.7029850788
856000     -9833.1880990865       109.9773020119      -610.4166570816    102002.7029850788
857000     -9833.2035657480       109.9766504305      -610.7968776972    102002.7029850788
858000     -9833.2095497498       109.9765107040      -610.8401055640    102002.7029850788
859000     -9833.1744109893       109.9782037445      -610.7071715157    102002.7029850788
860000     -9833.1586051566       109.9788970528      -610.4017966933    102002.7029850788
861000     -9833.1903982235       109.9775714520      -610.2708204916    102002.7029850788
862000     -9833.1432010949       109.9790603108      -609.9278328275    102002.7029850788
863000     -9833.1434502621       109.9794728042      -609.6672713672    102002.7029850788
864000     -9833.1913745878       109.9773709114      -609.5697399645    102002.7029850788
865000     -9833.1661875375       109.9792280396      -609.4168573426    102002.7029850788
866000     -9833.1492744315       109.9807340988      -609.2728496814    102002.7029850788
867000     -9833.1318650505       109.9813197104      -609.2431652934    102002.7029850788
868000     -9833.1370443188       109.9806882426      -609.1194483915    102002.7029850788
869000     -9833.1259241854       109.9821485028      -609.0999053056    102002.7029850788
870000     -9833.1095078474       109.9839360938      -608.9207676577    102002.7029850787
871000     -9833.1169451171       109.9839552728      -608.8594722677    102002.7029850787
872000     -9833.1272029932       109.9836051759      -608.7301699815    102002.7029850787
873000     -9833.1590776501       109.9815069863      -608.8090714671    102002.7029850787
874000     -9833.1400024288       109.9817193578      -608.7295642198    102002.7029850787
875000     -9833.1498392182       109.9799303265      -608.6416499515    102002.7029850787
876000     -9833.1302457134       109.9798096846      -608.6105326135    102002.7029850787
877000     -9833.1322750643       109.9791456367      -608.4018915141    102002.7029850787
878000     -9833.1234791927       109.9786460549      -608.3644268153    102002.7029850787
879000     -9833.0902296387       109.9786065777      -608.2677822641    102002.7029850787
880000     -9833.0861787147       109.9777729466      -608.1702514691    102002.7029850787
881000     -9833.0618587573       109.9790664697      -608.1041681274    102002.7029850787
882000     -9833.0092639531       109.9804305217      -608.1476036758    102002.7029850787
883000     -9832.9754277007       109.9807306538      -608.3012383893    102002.7029850787
884000     -9832.9437090864       109.9818176857      -608.2620737501    102002.7029850787
885000     -9832.9178213594       109.9822215205      -608.0826484063    102002.7029850787
886000     -9832.9324869535       109.9803748063      -608.0716986600    102002.7029850787
887000     -9832.9353248534       109.9792497217      -607.9344083018    102002.7029850787
888000     -9832.9131838513       109.9797279697      -607.8255495801    102002.7029850787
889000     -9832.8582414625       109.9812046078      -607.6298326580    102002.7029850787
890000     -9832.8899391160       109.9800042177      -607.6044986106    102002.7029850787
891000     -9832.9007159944       109.9799248506      -607.5250418767    102002.7029850787
892000     -9832.9338924582       109.9794563880      -607.4780658850    102002.7029850787
893000     -9832.9082914589       109.9803413994      -607.5065084688    102002.7029850787
894000     -9832.8894440239       109.9800432480      -607.6162039117    102002.7029850787
895000     -9832.8729704851       109.9800499215      -607.6133995324    102002.7029850787
896000     -9832.8605477357       109.9797405032      -607.5487996534    102002.7029850787
897000     -9832.8698588603       109.9783455825      -607.3938022423    102002.7029850787
898000     -9832.8499072185       109.9793847285      -607.2666133823    102002.7029850787
899000     -9832.8668625441       109.9770093895      -607.2294169567    102002.7029850787
900000     -9832.8314064318       109.9776415023      -607.1849122161    102002.7029850787
901000     -9832.8148192958       109.9769134704      -607.1358575325    102002.7029850787
902000     -9832.7993187430       109.9765717739      -607.2108299921    102002.7029850787
903000     -9832.8184111372       109.9753095852      -607.2268273213    102002.7029850787
904000     -9832.8147815552       109.9760260363      -607.1704050185    102002.7029850787
905000     -9832.7890257655       109.9776215653      -607.1027666918    102002.7029850787
906000     -9832.7762975465       109.9777333970      -607.2565538475    102002.7029850787
907000     -9832.7419013276       109.9784910464      -607.4287442298    102002.7029850787
908000     -9832.7437739305       109.9784686672      -607.4373746071    102002.7029850787
909000     -9832.7425852677       109.9779208554      -607.4791149387    102002.7029850787
910000     -9832.7115721672       109.9788974121      -607.3162882904    102002.7029850787
911000     -9832.7188690963       109.9781599191      -607.3480347308    102002.7029850787
912000     -9832.7400245287       109.9781151957      -607.5996365473    102002.7029850787
913000     -9832.7429775111       109.9779536186      -607.5728731885    102002.7029850787
914000     -9832.7198896184       109.9792230345      -607.4465225125    102002.7029850787
915000     -9832.7321653712       109.9779247945      -607.4657551940    102002.7029850787
916000     -9832.7557541796       109.9767466924      -607.5216385985    102002.7029850787
917000     -9832.7407808321       109.9772183918      -607.4201220087    102002.7029850787
918000     -9832.7427342610       109.9771392709      -607.4138168845    102002.7029850787
919000     -9832.7419227993       109.9776180294      -607.3786023005    102002.7029850787
920000     -9832.6993769441       109.9792064172      -607.3461701079    102002.7029850787
921000     -9832.6955217172       109.9794961136      -607.4763208294    102002.7029850787
922000     -9832.6649049338       109.9813562686      -607.4831741962    102002.7029850787
923000     -9832.6469813444       109.9826015505      -607.4837597777    102002.7029850787
924000     -9832.6349740260       109.9828709713      -607.4954269269    102002.7029850787
925000     -9832.6066786486       109.9840421098      -607.5002142540    102002.7029850787
926000     -9832.6001775311       109.9841776683      -607.6177396011    102002.7029850787
927000     -9832.5692470291       109.9856597892      -607.6995774985    102002.7029850786
928000     -9832.5704746229       109.9860589134      -607.6984816212    102002.7029850786
929000     -9832.5423762435       109.9876778590      -607.6796761512    102002.7029850786
930000     -9832.5498250174       109.9867669486      -607.7768181847    102002.7029850786
931000     -9832.5715820445       109.9862832101      -608.0132106937    102002.7029850786
932000     -9832.5494935755       109.9879484896      -608.0247384993    102002.7029850786
933000     -9832.5328460924       109.9887396215      -607.9795038714    102002.7029850786
934000     -9832.5438293866       109.9883786116      -607.9483818927    102002.7029850786
935000     -9832.5173959584       109.9883675927      -607.8852594284    102002.7029850786
936000     -9832.5256983731       109.9875410345      -607.8997383532    102002.7029850786
937000     -9832.5272407129       109.9876874027      -607.9919248839    102002.7029850786
938000     -9832.5129725786       109.9885495177      -608.1208441905    102002.7029850786
939000     -9832.5062328720       109.9878112815      -608.1503283297    102002.7029850786
940000     -9832.5104257006       109.9865642955      -608.2134099136    102002.7029850786
941000     -9832.5292918384       109.9857217171      -608.2975639364    102002.7029850786
942000     -9832.5569787920       109.9843009210      -608.2844199423    102002.7029850786
943000     -9832.5402530701       109.9852805821      -608.2612974470    102002.7029850786
944000     -9832.5377984812       109.9852660012      -608.3269909714    102002.7029850786
945000     -9832.5301694353       109.9853775013      -608.4023312362    102002.7029850786
946000     -9832.5433502740       109.9846794501      -608.5051467689    102002.7029850786
947000     -9832.5156730886       109.9857727179      -608.3812652246    102002.7029850786
948000     -9832.5088162697       109.9863074678      -608.3035919438    102002.7029850786
949000     -9832.5391048575       109.9851725377      -608.3613365005    102002.7029850786
950000     -9832.5364420160       109.9846101124      -608.4920314403    102002.7029850786
951000     -9832.5577141652       109.9844421203      -608.5350258695    102002.7029850786
952000     -9832.5724582901       109.9834274731      -608.5876151091    102002.7029850786
953000     -9832.5616977371       109.9850601674      -608.5798222002    102002.7029850786
954000     -9832.5497275475       109.9863134907      -608.5497124590    102002.7029850786
955000     -9832.5720216698       109.9859956779      -608.6683903662    102002.7029850786
956000     -9832.5874187531       109.9867916860      -608.8516273245    102002.7029850786
957000     -9832.5888224370       109.9878011636      -608.9281954748    102002.7029850786
958000     -9832.5990680170       109.9887709211      -608.9908913634    102002.7029850786
959000     -9832.6047268149       109.9887677713      -609.1562171184    102002.7029850786
960000     -9832.5977872119       109.9895189987      -609.0953059826    102002.7029850786
961000     -9832.6095770625       109.9907735449      -609.2461479309    102002.7029850786
962000     -9832.6456461614       109.9892611019      -609.2679537950    102002.7029850786
963000     -9832.6712671324       109.9886728088      -609.2356731519    102002.7029850786
964000     -9832.6852329516       109.9886937117      -609.3874948588    102002.7029850786
965000     -9832.6835963417       109.9892845403      -609.5095494065    102002.7029850786
966000     -9832.7024381317       109.9892457863      -609.8289033622    102002.7029850786
967000     -9832.7048161684       109.9893551636      -609.9627927931    102002.7029850786
968000     -9832.7237860532       109.9872596555      -609.9532719295    102002.7029850786
969000     -9832.7148443868       109.9870831392      -609.8495886994    102002.7029850786
970000     -9832.6901804512       109.9881559013      -609.9831107739    102002.7029850786
971000     -9832.6881077087       109.9881117494      -609.9218044411    102002.7029850786
972000     -9832.7062396188       109.9876645125      -609.9838418813    102002.7029850786
973000     -9832.7123199843       109.9881820782      -609.8982746098    102002.7029850786
974000     -9832.7316634105       109.9875061286      -609.8038349491    102002.7029850786
975000     -9832.7463194581       109.9872527332      -609.7215372205    102002.7029850786
976000     -9832.7708456587       109.9857115928      -609.7257735890    102002.7029850786
977000     -9832.7771885598       109.9850875840      -609.7893162967    102002.7029850786
978000     -9832.8113306580       109.9837942169      -609.8147071293    102002.7029850786
979000     -9832.8033215057       109.9847357577      -609.7807522283    102002.7029850786
980000     -9832.8160186968       109.9849030779      -609.7439175192    102002.7029850786
981000     -9832.8071685584       109.9854687993      -609.7100158878    102002.7029850786
982000     -9832.8190935142       109.9843865716      -609.7550637803    102002.7029850786
983000     -9832.8371717507       109.9838353110      -609.8207070263    102002.7029850786
984000     -9832.8328561001       109.9843383671      -609.8982055064    102002.7029850786
985000     -9832.8285898511       109.9848186956      -609.8854221922    102002.7029850786
986000     -9832.8334095460       109.9849389557      -609.8626877982    102002.7029850786
987000     -9832.8452320450       109.9843997248      -609.8519126086    102002.7029850786
988000     -9832.8273452802       109.9849561791      -609.9378054144    102002.7029850786
989000     -9832.8129007039       109.9856086673      -609.9210101478    102002.7029850786
990000     -9832.8240382211       109.9854213668      -609.8296271382    102002.7029850786
991000     -9832.8256090878       109.9856571413      -609.6938335186    102002.7029850786
992000     -9832.8412403916       109.9852883246      -609.7023879777    102002.7029850786
993000     -9832.8469378242       109.9857690163      -609.6726978973    102002.7029850786
994000     -9832.8319359646       109.9862588701      -609.6350578954    102002.7029850786
995000     -9832.8281157374       109.9857486968      -609.6832023735    102002.7029850786
996000     -9832.8139454796       109.9849396953      -609.6774941530    102002.7029850786
997000     -9832.8040285471       109.9850897045      -609.5960532132    102002.7029850786
998000     -9832.7930370583       109.9857914056      -609.6477973373    102002.7029850786
999000     -9832.7873136726       109.9869526394      -609.7911054416    102002.7029850786
1000000     -9832.7682107247       109.9878443240      -609.7719216351    102002.7029850786
