# Time-averaged data for fix runningavgs
# TimeStep v_ra_etotal v_ra_temp v_ra_press v_ra_volume
502000     -6767.8496816075       110.7250700876      -737.7807230188    102002.7029850792
503000     -6767.2847960177       110.6330095259      -738.1840760124    102002.7029850792
504000     -6767.1890406841       110.6043454343      -737.0370449036    102002.7029850792
505000     -6767.0175806090       110.6280647435      -728.3797838035    102002.7029850792
506000     -6768.3620412692       110.5726276292      -731.7365459842    102002.7029850792
507000     -6768.0405281900       110.6002184294      -733.9018411420    102002.7029850792
508000     -6768.4405307814       110.5667759585      -738.3785041045    102002.7029850792
509000     -6769.1903665861       110.5181473915      -733.2512575366    102002.7029850792
510000     -6769.3234505800       110.5035989553      -729.7142790398    102002.7029850792
511000     -6770.9370491900       110.3532419552      -729.2245292508    102002.7029850792
512000     -6772.1988141356       110.2642299055      -730.6239208252    102002.7029850792
513000     -6773.3344446347       110.1760321590      -733.8189507602    102002.7029850792
514000     -6773.6472486315       110.1562920379      -736.2565878548    102002.7029850792
515000     -6773.8111185309       110.1533260287      -734.4666907268    102002.7029850792
516000     -6773.2640030522       110.2096032895      -735.3202831830    102002.7029850792
517000     -6773.1686060239       110.2267911490      -735.1249413042    102002.7029850792
518000     -6773.6779154501       110.1941581656      -735.7061552739    102002.7029850792
519000     -6774.2994100173       110.1317374415      -741.0145556376    102002.7029850792
520000     -6774.6487287858       110.1022381190      -740.8474311453    102002.7029850792
521000     -6775.3416455421       110.0513419789      -740.3317364940    102002.7029850792
522000     -6775.5437785848       110.0283582025      -741.3271480313    102002.7029850792
523000     -6775.9828910140       109.9831547566      -741.2900112344    102002.7029850792
524000     -6776.1541439001       109.9776818915      -741.1035129598    102002.7029850792
525000     -6775.8613775231       110.0098934732      -741.4674443460    102002.7029850792
526000     -6776.0152363815       109.9982549528      -740.2775582325    102002.7029850792
527000     -6775.6995959488       110.0141347202      -739.4058390057    102002.7029850792
528000     -6775.2734350416       110.0482976859      -737.5681857030    102002.7029850792
529000     -6775.3936616781       110.0459096318      -735.6190116713    102002.7029850792
530000     -6775.2817326362       110.0594167296      -735.0248060794    102002.7029850792
531000     -6775.0945759649       110.0778408175      -733.9580037999    102002.7029850792
532000     -6774.9606135349       110.0807129129      -732.8675727891    102002.7029850792
533000     -6774.7781368230       110.0951805717      -731.5202625484    102002.7029850792
534000     -6774.8623520584       110.0883077319      -731.4087593062    102002.7029850792
535000     -6775.0823242874       110.0652551543      -730.0861158033    102002.7029850792
536000     -6775.1956361403       110.0605502665      -728.8164268682    102002.7029850792
537000     -6774.8135762867       110.0985272605      -728.4369976737    102002.7029850792
538000     -6774.9910746640       110.0859787024      -728.5454335775    102002.7029850792
539000     -6775.1296267898       110.0789879762      -727.5323342925    102002.7029850791
540000     -6775.2181922449       110.0756799894      -726.2468651010    102002.7029850791
541000     -6775.1042128614       110.0889397246      -726.0573273417    102002.7029850791
542000     -6774.8909687607       110.1131946461      -724.9216131746    102002.7029850791
543000     -6774.7358196682       110.1289880197      -724.1691498600    102002.7029850791
544000     -6774.6450625775       110.1408702592      -724.2206740574    102002.7029850791
545000     -6774.5514325648       110.1473890629      -724.3013119594    102002.7029850791
546000     -6774.6493277018       110.1388622392      -723.6987961055    102002.7029850791
547000     -6774.9256162856       110.1158341557      -723.7225934391    102002.7029850791
548000     -6774.9828953881       110.1147143678      -723.5974118774    102002.7029850791
549000     -6774.8105819172       110.1318223071      -723.1699216890    102002.7029850791
550000     -6774.8799467268       110.1255682225      -723.1845580301    102002.7029850791
551000     -6774.8285159045       110.1306040296      -723.2547807910    102002.7029850791
552000     -6774.6961680093       110.1444181862      -723.3124103691    102002.7029850791
553000     -6774.7245626766       110.1452146769      -723.0113420503    102002.7029850791
554000     -6774.7784256223       110.1383319884      -723.6316460364    102002.7029850791
555000     -6774.7828299222       110.1365073750      -723.8972300353    102002.7029850791
556000     -6774.5469111682       110.1563339981      -723.6528035676    102002.7029850791
557000     -6774.5091485067       110.1603841584      -723.5368709035    102002.7029850791
558000     -6774.4170373713       110.1638051853      -723.6760123483    102002.7029850791
559000     -6774.3377881535       110.1765393547      -723.5483186333    102002.7029850791
560000     -6774.2544181827       110.1824430418      -723.3438916326    102002.7029850791
561000     -6774.3007683902       110.1808637233      -722.8885069234    102002.7029850791
562000     -6774.3341830264       110.1770890543      -722.4706568987    102002.7029850791
563000     -6774.5200986172       110.1599872202      -722.5692307608    102002.7029850791
564000     -6774.4023723064       110.1700193141      -722.0398137314    102002.7029850791
565000     -6774.3811274137       110.1742685761      -721.5377957054    102002.7029850791
566000     -6774.3345850492       110.1753768368      -721.7990061468    102002.7029850791
567000     -6774.4317846484       110.1664943290      -721.0476670301    102002.7029850791
568000     -6774.4768971611       110.1645591688      -720.3247189245    102002.7029850791
569000     -6774.4737334060       110.1652101074      -720.2420412024    102002.7029850791
570000     -6774.7401398657       110.1427326667      -720.0301388193    102002.7029850791
571000     -6774.7678780371       110.1410416699      -719.5520199341    102002.7029850791
572000     -6774.6903558125       110.1490112813      -719.0048984285    102002.7029850791
573000     -6774.6119267925       110.1565334798      -718.9224940723    102002.7029850791
574000     -6774.6654209174       110.1535334861      -718.8984631588    102002.7029850791
575000     -6774.9171657334       110.1345786623      -718.5993161230    102002.7029850791
576000     -6774.8785247089       110.1384405585      -718.4544614915    102002.7029850791
577000     -6775.0259589719       110.1246585765      -718.4032205696    102002.7029850791
578000     -6774.9313778404       110.1342459811      -718.6527379970    102002.7029850791
579000     -6774.9324451397       110.1312119622      -718.8059248754    102002.7029850791
580000     -6774.9532254976       110.1288468031      -718.0264300751    102002.7029850791
581000     -6774.7610022364       110.1412055708      -718.1801381324    102002.7029850791
582000     -6774.7058576516       110.1454469593      -718.0841604322    102002.7029850791
583000     -6774.8177669389       110.1333767777      -717.2806323483    102002.7029850791
584000     -6774.8212806581       110.1318278403      -717.1885529435    102002.7029850791
585000     -6774.8735405632       110.1216531643      -717.0167379360    102002.7029850791
586000     -6774.7665199716       110.1316689883      -716.6022026379    102002.7029850791
587000     -6774.8663677943       110.1184867654      -716.3067068077    102002.7029850791
588000     -6774.9108285814       110.1156433732      -716.0792151174    102002.7029850791
589000     -6774.9784855323       110.1099344465      -715.8356151903    102002.7029850791
590000     -6774.8594239889       110.1211438002      -715.9453850306    102002.7029850791
591000     -6774.8894724283       110.1181702171      -715.6652476116    102002.7029850792
592000     -6774.9513720687       110.1121313887      -715.7185591238    102002.7029850792
593000     -6774.9472359068       110.1134264978      -715.4953665071    102002.7029850792
594000     -6774.8279237366       110.1227875630      -715.2320499191    102002.7029850792
595000     -6774.8698916527       110.1209308848      -714.9309827418    102002.7029850792
596000     -6774.8799541711       110.1176284101      -714.7552891906    102002.7029850792
597000     -6774.9966382344       110.1062151037      -714.5758502457    102002.7029850792
598000     -6774.9395051310       110.1107453573      -714.5185329325    102002.7029850792
599000     -6774.9864363045       110.1081796592      -714.0370680413    102002.7029850792
600000     -6775.0626705434       110.1007742399      -713.9360062064    102002.7029850792
601000     -6775.1149561486       110.0971143260      -714.0220046181    102002.7029850792
602000     -6775.1518494266       110.0918953713      -713.3258812942    102002.7029850792
603000     -6775.0309275066       110.0990462656      -713.0809981727    102002.7029850792
604000     -6774.9830751715       110.1020281741      -712.5643137725    102002.7029850793
605000     -6774.9655047934       110.1034690487      -712.0615178187    102002.7029850793
606000     -6774.9302642651       110.1034325653      -712.0234261540    102002.7029850793
607000     -6775.0791076374       110.0862845762      -711.8113253505    102002.7029850793
608000     -6775.0415444193       110.0919645467      -711.5963010293    102002.7029850793
609000     -6774.9684216820       110.0983642786      -711.4094774155    102002.7029850793
610000     -6774.9066849058       110.1031729200      -711.4379100362    102002.7029850793
611000     -6774.8686758255       110.1075879130      -711.3740509117    102002.7029850793
612000     -6774.8986811666       110.1031054579      -711.3087364453    102002.7029850793
613000     -6774.9354181878       110.0983206415      -711.3632060283    102002.7029850793
614000     -6775.0732827237       110.0851080505      -711.4373630570    102002.7029850793
615000     -6774.9792187551       110.0912858084      -711.4151326304    102002.7029850793
616000     -6774.9469364451       110.0910012719      -711.1076816443    102002.7029850793
617000     -6774.8624031739       110.0992506952      -711.2105156166    102002.7029850793
618000     -6774.8361011576       110.1003446676      -711.4128367989    102002.7029850793
619000     -6774.7980252680       110.1006406598      -711.4667239352    102002.7029850793
620000     -6774.8493539689       110.0951052907      -711.1937725015    102002.7029850793
621000     -6774.9214974127       110.0866617647      -711.2440051066    102002.7029850793
622000     -6774.8984150719       110.0869929723      -711.0302720704    102002.7029850794
623000     -6774.8438286810       110.0904200758      -710.4367973940    102002.7029850794
624000     -6774.7850800464       110.0936975402      -710.6691522472    102002.7029850794
625000     -6774.8071350258       110.0915315428      -710.5203968493    102002.7029850794
626000     -6774.7932926156       110.0896489463      -710.2444102991    102002.7029850794
627000     -6774.8787274832       110.0797845866      -709.9580812110    102002.7029850794
628000     -6774.8406223349       110.0788309775      -709.8097736674    102002.7029850794
629000     -6774.8608156719       110.0755782566      -709.6492219850    102002.7029850794
630000     -6774.9121596360       110.0692506311      -709.7961322492    102002.7029850794
631000     -6774.9632598695       110.0650121308      -709.7867301056    102002.7029850794
632000     -6774.9594129796       110.0640179091      -709.5364605709    102002.7029850794
633000     -6774.9227975449       110.0665687457      -709.4944348876    102002.7029850794
634000     -6774.8243798195       110.0736060273      -709.4666544328    102002.7029850794
635000     -6774.8780172016       110.0659878100      -709.1149511661    102002.7029850794
636000     -6774.8966027552       110.0636275457      -709.3305045486    102002.7029850794
637000     -6774.9246009374       110.0592752765      -709.3796661222    102002.7029850794
638000     -6774.8956021702       110.0599242900      -709.4143666596    102002.7029850794
639000     -6774.8938405032       110.0606494176      -709.6837556443    102002.7029850794
640000     -6774.9010988289       110.0605151225      -709.4790847975    102002.7029850794
641000     -6774.8292037428       110.0648574746      -709.1682367900    102002.7029850794
642000     -6774.7326009741       110.0722258912      -709.0883121502    102002.7029850794
643000     -6774.7413934179       110.0706249033      -709.1542942254    102002.7029850794
644000     -6774.7633273577       110.0676642259      -709.1235922963    102002.7029850794
645000     -6774.8237153288       110.0615861694      -709.1647572637    102002.7029850794
646000     -6774.9358471273       110.0522892261      -709.4209370332    102002.7029850795
647000     -6774.8718150843       110.0562167912      -709.8176328957    102002.7029850795
648000     -6774.8781698509       110.0565867113      -709.5408156942    102002.7029850795
649000     -6774.7762744033       110.0638447469      -709.3615512332    102002.7029850795
650000     -6774.7651223932       110.0665426329      -709.7121471023    102002.7029850795
651000     -6774.7872681904       110.0654628223      -709.8034407492    102002.7029850795
652000     -6774.6979438926       110.0733874282      -709.7824090999    102002.7029850795
653000     -6774.6769191674       110.0748909693      -710.1141698325    102002.7029850795
654000     -6774.7551346227       110.0676424786      -710.3110064798    102002.7029850795
655000     -6774.7985845109       110.0632278979      -710.7630626270    102002.7029850795
656000     -6774.7940432638       110.0635979477      -711.1116676155    102002.7029850795
657000     -6774.7806328227       110.0647427849      -711.2380506450    102002.7029850795
658000     -6774.8053034315       110.0632781875      -711.8343732579    102002.7029850795
659000     -6774.8313607403       110.0602140194      -711.9152083861    102002.7029850795
660000     -6774.8216558242       110.0586329241      -711.8140012878    102002.7029850795
661000     -6774.7461431850       110.0640796927      -712.0371192464    102002.7029850795
662000     -6774.7278201816       110.0662145112      -712.2085081145    102002.7029850795
663000     -6774.7216810782       110.0664346192      -712.2616725040    102002.7029850795
664000     -6774.7557011339       110.0622267473      -712.3266286963    102002.7029850795
665000     -6774.7335520728       110.0610327566      -712.5546743367    102002.7029850795
666000     -6774.6784116567       110.0655290679      -712.3774274581    102002.7029850795
667000     -6774.6978856693       110.0630047640      -712.3947479608    102002.7029850795
668000     -6774.7281400386       110.0577434918      -712.6264843712    102002.7029850795
669000     -6774.7364598672       110.0555693234      -712.4679557332    102002.7029850795
670000     -6774.7878973716       110.0488319729      -712.5714586784    102002.7029850795
671000     -6774.7854837981       110.0467056330      -712.3904843581    102002.7029850795
672000     -6774.7522250519       110.0492685272      -712.6217452399    102002.7029850795
673000     -6774.6709422319       110.0568644410      -712.6453238393    102002.7029850795
674000     -6774.6594959458       110.0592514513      -712.7689722834    102002.7029850794
675000     -6774.6051527530       110.0632156754      -713.1609476370    102002.7029850794
676000     -6774.5914496334       110.0655266106      -713.5340412791    102002.7029850794
677000     -6774.5821036243       110.0678721880      -713.6184838696    102002.7029850794
678000     -6774.5678341528       110.0695408090      -713.7484094404    102002.7029850794
679000     -6774.5666204912       110.0649850275      -714.1054029899    102002.7029850794
680000     -6774.5379166163       110.0677275911      -714.4007928078    102002.7029850794
681000     -6774.5297265771       110.0711738761      -714.5509770814    102002.7029850794
682000     -6774.4876175681       110.0764413107      -714.7177409660    102002.7029850794
683000     -6774.4825228362       110.0763042889      -715.0367562239    102002.7029850794
684000     -6774.4226387304       110.0822869404      -715.0613959557    102002.7029850794
685000     -6774.4144037248       110.0834123652      -715.3753860500    102002.7029850794
686000     -6774.3627455670       110.0883932267      -715.6935732190    102002.7029850794
687000     -6774.3634335235       110.0891739351      -716.0012031767    102002.7029850794
688000     -6774.3384569995       110.0924143354      -716.1164275224    102002.7029850793
689000     -6774.2945924199       110.0962490713      -716.2664449359    102002.7029850793
690000     -6774.2807991695       110.0989401421      -716.3399771279    102002.7029850793
691000     -6774.2521404648       110.1023034854      -716.5559420960    102002.7029850793
692000     -6774.2432181480       110.1042639504      -716.7944593578    102002.7029850793
693000     -6774.2473299094       110.1034026215      -717.0600217671    102002.7029850793
694000     -6774.2885038655       110.0996281783      -717.2649607638    102002.7029850793
695000     -6774.2958010898       110.0983958587      -717.2987418740    102002.7029850793
696000     -6774.2761108602       110.1000417706      -717.4188696636    102002.7029850793
697000     -6774.2589977273       110.1012318892      -717.4616332318    102002.7029850793
698000     -6774.2852662450       110.0964604489      -717.6881207041    102002.7029850793
699000     -6774.2980724250       110.0954366202      -717.8031250643    102002.7029850793
700000     -6774.3414717217       110.0905584716      -717.9129436297    102002.7029850793
701000     -6774.2948379941       110.0931617826      -717.8723591356    102002.7029850793
702000     -6774.2700702537       110.0949834353      -717.8101154726    102002.7029850793
703000     -6774.2169444348       110.0995815048      -717.9323452926    102002.7029850793
704000     -6774.2022538166       110.1004701024      -718.1437018798    102002.7029850792
705000     -6774.1500902750       110.1053207654      -718.2675393429    102002.7029850792
706000     -6774.1233374994       110.1073625368      -718.3140304637    102002.7029850792
707000     -6774.0791834316       110.1111446741      -718.3405367288    102002.7029850792
708000     -6774.0796901693       110.1098864723      -718.4443286203    102002.7029850792
709000     -6774.1089897567       110.1066785461      -718.4562933139    102002.7029850792
710000     -6774.0454789611       110.1106678785      -718.5941818960    102002.7029850792
711000     -6774.0259966629       110.1123829937      -718.7538755955    102002.7029850792
712000     -6774.0056249462       110.1112659239      -718.7596607499    102002.7029850792
713000     -6773.9637301739       110.1123986244      -718.7249221077    102002.7029850792
714000     -6773.9182505825       110.1135483097      -718.8104288918    102002.7029850792
715000     -6773.9112874575       110.1117506491      -718.7611145920    102002.7029850792
716000     -6773.9451252288       110.1073015855      -718.7628321422    102002.7029850792
717000     -6773.9756871172       110.1043633297      -718.8342426420    102002.7029850792
718000     -6773.9728289007       110.1053304559      -718.8531453439    102002.7029850792
719000     -6773.9673616877       110.1044290670      -718.7142201944    102002.7029850792
720000     -6774.0286257029       110.1000288582      -718.5347068927    102002.7029850792
721000     -6774.0753803576       110.0955613984      -718.7547821614    102002.7029850792
722000     -6774.0741346649       110.0956053853      -718.8831473834    102002.7029850792
723000     -6774.0697585708       110.0957528491      -718.8768086478    102002.7029850792
724000     -6774.0352420466       110.0993727223      -718.9197321052    102002.7029850791
725000     -6774.0170995817       110.1000481853      -718.8660689381    102002.7029850791
726000     -6774.0031944990       110.1021787925      -718.5842749197    102002.7029850791
727000     -6774.0026470901       110.1022707747      -718.5092912634    102002.7029850791
728000     -6774.0127025757       110.1015845553      -718.7021968166    102002.7029850791
729000     -6774.0385264147       110.0991765232      -718.6503119057    102002.7029850791
730000     -6774.0459015411       110.0983017939      -718.5557268043    102002.7029850791
731000     -6774.0247844156       110.1013193035      -718.6007899906    102002.7029850791
732000     -6773.9816491965       110.1043484451      -718.5834637816    102002.7029850791
733000     -6773.9878863418       110.1030253042      -718.4750257872    102002.7029850791
734000     -6773.9589199746       110.1038974051      -718.5387830901    102002.7029850791
735000     -6773.9852515404       110.1022223580      -718.6498069474    102002.7029850791
736000     -6774.0059783112       110.1005769824      -718.7211298180    102002.7029850791
737000     -6773.9622772724       110.1055294515      -718.6994513514    102002.7029850791
738000     -6773.9679808297       110.1056796894      -718.7250475416    102002.7029850791
739000     -6773.9646086860       110.1056228012      -718.8477517711    102002.7029850791
740000     -6774.0063085638       110.1021601325      -718.9705642524    102002.7029850791
741000     -6774.0332866394       110.0995132174      -718.8294393238    102002.7029850791
742000     -6774.0432528742       110.0977330616      -719.0312714098    102002.7029850791
743000     -6774.0581688799       110.0941282721      -719.0441642025    102002.7029850791
744000     -6774.0532772630       110.0930855213      -718.9347936110    102002.7029850791
745000     -6774.0819861038       110.0887936945      -718.9461765894    102002.7029850791
746000     -6774.0565794742       110.0886224918      -719.1096762798    102002.7029850791
747000     -6774.0270179625       110.0903470216      -718.9255184988    102002.7029850791
748000     -6774.0244607260       110.0905415808      -718.9833480041    102002.7029850790
749000     -6773.9983408515       110.0924258033      -719.1443897963    102002.7029850790
750000     -6773.9652387535       110.0954732555      -719.0440888531    102002.7029850790
751000     -6773.9783771310       110.0935510620      -719.0585147827    102002.7029850790
752000     -6773.9763896659       110.0919621856      -718.9542801156    102002.7029850790
753000     -6773.9389395826       110.0947167598      -718.9441107172    102002.7029850790
754000     -6773.9009668313       110.0972141369      -718.8306072011    102002.7029850790
755000     -6773.8947355882       110.0970423844      -718.7828988928    102002.7029850790
756000     -6773.8602800233       110.0999362112      -718.6954183998    102002.7029850790
757000     -6773.8582376262       110.1005653095      -718.7600030451    102002.7029850790
758000     -6773.8906629742       110.0966974870      -718.6598208884    102002.7029850790
759000     -6773.9007090328       110.0962295940      -718.6172812098    102002.7029850790
760000     -6773.9176648286       110.0960618740      -718.4571414228    102002.7029850790
761000     -6773.9367443660       110.0934571157      -718.4520309275    102002.7029850790
762000     -6773.9684600570       110.0894069102      -718.3390359514    102002.7029850790
763000     -6773.9876237652       110.0881322996      -718.3185420798    102002.7029850790
764000     -6774.0012071136       110.0863861236      -718.4222502766    102002.7029850790
765000     -6773.9681876993       110.0876094146      -718.4342473584    102002.7029850790
766000     -6773.9853886449       110.0863815017      -718.4650054574    102002.7029850790
767000     -6774.0162422751       110.0829539747      -718.3549111972    102002.7029850790
768000     -6774.0604003148       110.0791332512      -718.3497566897    102002.7029850790
769000     -6774.0536198853       110.0791527344      -718.4145296212    102002.7029850790
770000     -6774.0707494991       110.0764011053      -718.4920584681    102002.7029850790
771000     -6774.0581692369       110.0773119878      -718.5096324315    102002.7029850790
772000     -6774.1105248001       110.0724036921      -718.4808061044    102002.7029850790
773000     -6774.1194070945       110.0708033126      -718.3448969405    102002.7029850790
774000     -6774.1210899097       110.0691509574      -718.2410897217    102002.7029850790
775000     -6774.1101751538       110.0689023968      -718.2225551391    102002.7029850790
776000     -6774.1346846344       110.0673278253      -718.2905031505    102002.7029850790
777000     -6774.1159984444       110.0682175890      -718.2138396736    102002.7029850789
778000     -6774.1008324639       110.0695798144      -718.0806313721    102002.7029850789
779000     -6774.1181534860       110.0673158437      -718.0868998866    102002.7029850789
780000     -6774.1442410750       110.0648629895      -717.9959396033    102002.7029850789
781000     -6774.1150800451       110.0682661556      -717.9709903170    102002.7029850789
782000     -6774.1297310813       110.0672101271      -718.0580391334    102002.7029850789
783000     -6774.1303436941       110.0670040602      -718.1771065009    102002.7029850789
784000     -6774.1765182036       110.0630532708      -718.0140489101    102002.7029850789
785000     -6774.1827519657       110.0619057842      -717.8738163691    102002.7029850789
786000     -6774.2089326831       110.0610627730      -717.9566492464    102002.7029850789
787000     -6774.2107859489       110.0617294285      -718.0003704607    102002.7029850789
788000     -6774.1992413727       110.0626300279      -717.9235907637    102002.7029850789
789000     -6774.1996832683       110.0629294822      -718.0553629934    102002.7029850789
790000     -6774.1700260045       110.0655978686      -718.0342456198    102002.7029850789
791000     -6774.1774103200       110.0648747248      -717.8940046663    102002.7029850789
792000     -6774.1925240319       110.0638324558      -717.8336546656    102002.7029850789
793000     -6774.1783933845       110.0657126884      -717.7798221022    102002.7029850789
794000     -6774.1872493082       110.0655833994      -717.7861759987    102002.7029850789
795000     -6774.1444587338       110.0697319398      -717.9273224481    102002.7029850789
796000     -6774.1165800603       110.0725921609      -717.8193270609    102002.7029850789
797000     -6774.1323516974       110.0719198817      -717.7544118282    102002.7029850789
798000     -6774.1448517876       110.0706819317      -717.6266683975    102002.7029850789
799000     -6774.1779418198       110.0679601090      -717.5024304367    102002.7029850789
800000     -6774.2179831460       110.0642326748      -717.4820090158    102002.7029850789
801000     -6774.2273898839       110.0631454061      -717.3493325506    102002.7029850789
802000     -6774.2462257044       110.0618551059      -717.2689205048    102002.7029850789
803000     -6774.2737390092       110.0588658328      -717.1367196455    102002.7029850789
804000     -6774.3096880804       110.0556306643      -716.9235761327    102002.7029850789
805000     -6774.3378356109       110.0535778858      -716.9408188027    102002.7029850789
806000     -6774.3400893554       110.0543365380      -717.0890180577    102002.7029850789
807000     -6774.3489533909       110.0539370424      -717.0420899917    102002.7029850789
808000     -6774.3072188719       110.0573040879      -716.9307914977    102002.7029850789
809000     -6774.3013661813       110.0586948238      -717.1062356308    102002.7029850789
810000     -6774.3375952640       110.0564158762      -716.9388550698    102002.7029850789
811000     -6774.3598583677       110.0549885532      -716.8683344868    102002.7029850789
812000     -6774.3787218432       110.0544708950      -717.0473345297    102002.7029850789
813000     -6774.3867237067       110.0543276151      -717.1709184234    102002.7029850789
814000     -6774.4092863337       110.0520878602      -717.2154757508    102002.7029850789
815000     -6774.4281719002       110.0503059535      -717.1147092068    102002.7029850788
816000     -6774.4314261947       110.0501432169      -717.2534788277    102002.7029850788
817000     -6774.4580909512       110.0478281450      -717.3359851946    102002.7029850788
818000     -6774.4989860108       110.0448153247      -717.2727987657    102002.7029850788
819000     -6774.5127813579       110.0437765234      -717.3480164385    102002.7029850788
820000     -6774.5528057559       110.0404071918      -717.4050167693    102002.7029850788
821000     -6774.5620814316       110.0398318227      -717.3528561963    102002.7029850788
822000     -6774.5888365306       110.0375463407      -717.3464380636    102002.7029850788
823000     -6774.6154252659       110.0354927105      -717.4175579561    102002.7029850788
824000     -6774.5827234885       110.0387673413      -717.5363515244    102002.7029850788
825000     -6774.5767449902       110.0399868748      -717.4873743023    102002.7029850788
826000     -6774.5421173880       110.0434796112      -717.3516696396    102002.7029850788
827000     -6774.5247588622       110.0447999606      -717.3207763811    102002.7029850788
828000     -6774.5204748457       110.0460253428      -717.2137514123    102002.7029850788
829000     -6774.4948889229       110.0483855148      -717.2068511114    102002.7029850788
830000     -6774.4683075520       110.0507590258      -717.2224611697    102002.7029850788
831000     -6774.4380463952       110.0535198647      -717.1343249405    102002.7029850788
832000     -6774.4256460540       110.0541761151      -717.1071237417    102002.7029850788
833000     -6774.4096615740       110.0554505668      -716.9646750921    102002.7029850788
834000     -6774.4017246646       110.0558100418      -716.8353200063    102002.7029850788
835000     -6774.4031757034       110.0549360438      -716.9393784161    102002.7029850788
836000     -6774.3455904565       110.0587313694      -716.9049753210    102002.7029850788
837000     -6774.3433883297       110.0585735713      -716.7535239193    102002.7029850788
838000     -6774.3036070103       110.0615742251      -716.7311536628    102002.7029850788
839000     -6774.3094689383       110.0613081831      -716.7944935202    102002.7029850788
840000     -6774.3200651702       110.0599539714      -716.6661027940    102002.7029850788
841000     -6774.3010800955       110.0618004253      -716.6561209898    102002.7029850788
842000     -6774.2875767705       110.0619862992      -716.7127172127    102002.7029850788
843000     -6774.2925187888       110.0612439245      -716.5891431633    102002.7029850788
844000     -6774.3094109915       110.0594077732      -716.5343770076    102002.7029850788
845000     -6774.3011776037       110.0595662385      -716.4995524205    102002.7029850788
846000     -6774.2733387729       110.0617929792      -716.4535039850    102002.7029850788
847000     -6774.2505826068       110.0638385535      -716.5316071300    102002.7029850788
848000     -6774.2629694013       110.0638114528      -716.4888852960    102002.7029850788
849000     -6774.2679777012       110.0640611366      -716.4003332640    102002.7029850788
850000     -6774.2974329353       110.0620575680      -716.3889521188    102002.7029850788
851000     -6774.3129782596       110.0603974002      -716.3431036165    102002.7029850788
852000     -6774.2911606450       110.0625870921      -716.2843775745    102002.7029850788
853000     -6774.2841143198       110.0644173388      -716.3737824421    102002.7029850788
854000     -6774.2891911313       110.0646601865      -716.3841221451    102002.7029850788
855000     -6774.2989365128       110.0642850531      -716.2797075437    102002.7029850788
856000     -6774.2781737291       110.0654460783      -716.3453043914    102002.7029850788
857000     -6774.2788720069       110.0658017474      -716.2558649440    102002.7029850788
858000     -6774.3187522469       110.0621574029      -716.2141011417    102002.7029850788
859000     -6774.3229567830       110.0607966893      -716.1781722571    102002.7029850788
860000     -6774.3047735813       110.0631201970      -716.1702263144    102002.7029850788
861000     -6774.2882912398       110.0644966824      -716.0673262619    102002.7029850788
862000     -6774.2727858615       110.0658039581      -716.0520005641    102002.7029850788
863000     -6774.2803754713       110.0653421666      -716.0636544430    102002.7029850788
864000     -6774.2659109119       110.0673089647      -716.0616671810    102002.7029850788
865000     -6774.2945764645       110.0653021515      -716.1708216027    102002.7029850788
866000     -6774.3167680619       110.0634579943      -716.0426898541    102002.7029850788
867000     -6774.3355634958       110.0618968211      -715.9605698164    102002.7029850788
868000     -6774.3415619691       110.0602802690      -715.9855618279    102002.7029850788
869000     -6774.3672874604       110.0578606068      -715.9249552145    102002.7029850788
870000     -6774.3789998759       110.0572767039      -715.8727259063    102002.7029850787
871000     -6774.3523775785       110.0601492289      -715.9749595455    102002.7029850787
872000     -6774.3597750732       110.0606160425      -715.9231582998    102002.7029850787
873000     -6774.3347629689       110.0630162797      -715.8687149991    102002.7029850787
874000     -6774.3379290062       110.0634291392      -715.7355402394    102002.7029850787
875000     -6774.3086048581       110.0661200628      -715.7333990124    102002.7029850787
876000     -6774.2839351679       110.0676081318      -715.7927879144    102002.7029850787
877000     -6774.2513218265       110.0694713185      -715.8393524910    102002.7029850787
878000     -6774.2336112781       110.0704849457      -715.8795772633    102002.7029850787
879000     -6774.2517327290       110.0694063383      -715.8800479964    102002.7029850787
880000     -6774.2590517893       110.0690128798      -715.9230781888    102002.7029850787
881000     -6774.2387636634       110.0718812997      -716.0265100414    102002.7029850787
882000     -6774.2397087553       110.0728100787      -716.1207359949    102002.7029850787
883000     -6774.2544501806       110.0714968012      -716.2439801247    102002.7029850787
884000     -6774.2704384433       110.0710058155      -716.3907536701    102002.7029850787
885000     -6774.2934770485       110.0695743744      -716.4482526827    102002.7029850787
886000     -6774.3216586764       110.0672040340      -716.4968958791    102002.7029850787
887000     -6774.3444202226       110.0659211952      -716.5536470194    102002.7029850787
888000     -6774.3752917616       110.0634831857      -716.5955496850    102002.7029850787
889000     -6774.3742070419       110.0632452435      -716.5846026424    102002.7029850787
890000     -6774.3829322591       110.0618670109      -716.4890601518    102002.7029850787
891000     -6774.3840448137       110.0619802191      -716.5788451753    102002.7029850787
892000     -6774.3634127761       110.0639078698      -716.6283398258    102002.7029850787
893000     -6774.3596958346       110.0649974203      -716.6266135381    102002.7029850787
894000     -6774.3473593974       110.0661208236      -716.7035213044    102002.7029850787
895000     -6774.3367863612       110.0675859955      -716.7752756700    102002.7029850787
896000     -6774.3381972934       110.0676193754      -716.7832185012    102002.7029850787
897000     -6774.3299238720       110.0684500701      -716.7561759807    102002.7029850787
898000     -6774.3126733335       110.0704449899      -716.7120337405    102002.7029850787
899000     -6774.3074581840       110.0708699930      -716.7959148256    102002.7029850787
900000     -6774.2815603970       110.0728856603      -716.7762342606    102002.7029850787
901000     -6774.2951535949       110.0723229320      -716.7938517274    102002.7029850787
902000     -6774.2966340061       110.0717218738      -716.7174020172    102002.7029850787
903000     -6774.2732545327       110.0733381841      -716.7284097516    102002.7029850787
904000     -6774.2420806546       110.0761030369      -716.7569371355    102002.7029850787
905000     -6774.2387410215       110.0768619731      -716.6389087799    102002.7029850787
906000     -6774.2654187872       110.0741864552      -716.7412594259    102002.7029850787
907000     -6774.2707183705       110.0734353230      -716.7255633416    102002.7029850787
908000     -6774.2500834462       110.0758330200      -716.6885257043    102002.7029850787
909000     -6774.2578555975       110.0750347440      -716.6216229933    102002.7029850787
910000     -6774.2814240756       110.0733462926      -716.5936674033    102002.7029850787
911000     -6774.2778141148       110.0736766404      -716.6458235109    102002.7029850787
912000     -6774.2823774610       110.0727519003      -716.6829302195    102002.7029850787
913000     -6774.2889906859       110.0722290979      -716.6844024922    102002.7029850787
914000     -6774.2831844963       110.0733421284      -716.6852685085    102002.7029850787
915000     -6774.2725465185       110.0745112287      -716.7113224369    102002.7029850787
916000     -6774.2900981701       110.0736575116      -716.6058720592    102002.7029850787
917000     -6774.3312321507       110.0707907609      -716.5692764744    102002.7029850787
918000     -6774.3375496501       110.0706602666      -716.6187982522    102002.7029850787
919000     -6774.3639445388       110.0681548458      -716.6623428449    102002.7029850787
920000     -6774.3675058542       110.0671462068      -716.5936992753    102002.7029850787
921000     -6774.3750759449       110.0667072095      -716.5091674910    102002.7029850787
922000     -6774.3637798715       110.0675194009      -716.5055009797    102002.7029850787
923000     -6774.3664355032       110.0672372640      -716.4305860292    102002.7029850787
924000     -6774.3803250225       110.0657551077      -716.4696259753    102002.7029850787
925000     -6774.3696087571       110.0664700965      -716.5175133060    102002.7029850787
926000     -6774.3430028040       110.0682400384      -716.4654689212    102002.7029850787
927000     -6774.3363262706       110.0685804855      -716.3720517855    102002.7029850786
928000     -6774.3208157673       110.0693747325      -716.3015722522    102002.7029850786
929000     -6774.3145607590       110.0690828198      -716.2736996766    102002.7029850786
930000     -6774.2994703318       110.0694499457      -716.2246841542    102002.7029850786
931000     -6774.2912855106       110.0691616115      -716.1510853517    102002.7029850786
932000     -6774.2972250602       110.0681383901      -716.1402332177    102002.7029850786
933000     -6774.3004501107       110.0671260217      -716.1052946025    102002.7029850786
934000     -6774.3040060676       110.0656263159      -716.0582316046    102002.7029850786
935000     -6774.3141979938       110.0644933878      -716.0876627787    102002.7029850786
936000     -6774.3111890965       110.0647251715      -716.0450648104    102002.7029850786
937000     -6774.2923749932       110.0659848544      -715.9920561937    102002.7029850786
938000     -6774.2850734288       110.0667037493      -715.9721566859    102002.7029850786
939000     -6774.2798612402       110.0668903713      -716.0044224483    102002.7029850786
940000     -6774.2686500803       110.0685671835      -716.0015204742    102002.7029850786
941000     -6774.2528206178       110.0698974844      -715.9821895985    102002.7029850786
942000     -6774.2516340829       110.0705607238      -716.0706193800    102002.7029850786
943000     -6774.2342428673       110.0715297412      -716.1278466138    102002.7029850786
944000     -6774.2468871594       110.0697585941      -716.0702101880    102002.7029850786
945000     -6774.2441409405       110.0700564401      -716.0327667000    102002.7029850786
946000     -6774.2283655983       110.0714850212      -716.0347827848    102002.7029850786
947000     -6774.2144691177       110.0737923928      -716.0035575291    102002.7029850786
948000     -6774.2263664958       110.0719673527      -715.9563311839    102002.7029850786
949000     -6774.2465303981       110.0704040140      -715.9217997686    102002.7029850786
950000     -6774.2530582284       110.0695802907      -715.8652665828    102002.7029850786
951000     -6774.2789991076       110.0672036910      -715.8184792333    102002.7029850786
952000     -6774.2776192987       110.0669047998      -715.7694438517    102002.7029850786
953000     -6774.2540824673       110.0693336947      -715.7090202485    102002.7029850786
954000     -6774.2400634170       110.0700884429      -715.7591198496    102002.7029850786
955000     -6774.2309880187       110.0708508291      -715.7710288439    102002.7029850786
956000     -6774.2273113869       110.0714713878      -715.7104953544    102002.7029850786
957000     -6774.2182058553       110.0722414934      -715.6836452229    102002.7029850786
958000     -6774.2349153380       110.0708557375      -715.6296161683    102002.7029850786
959000     -6774.2506032526       110.0691364723      -715.6011800811    102002.7029850786
960000     -6774.2506011430       110.0693334411      -715.6192338284    102002.7029850786
961000     -6774.2279543860       110.0709756784      -715.6621093581    102002.7029850786
962000     -6774.2284448184       110.0716486973      -715.6725276559    102002.7029850786
963000     -6774.2208556934       110.0721504562      -715.7028876645    102002.7029850786
964000     -6774.1975106801       110.0738251181      -715.6363100133    102002.7029850786
965000     -6774.1923878902       110.0746966587      -715.6176511871    102002.7029850786
966000     -6774.2088217666       110.0732395360      -715.7012614118    102002.7029850786
967000     -6774.2271271941       110.0713679777      -715.7373501093    102002.7029850786
968000     -6774.2327098803       110.0713892074      -715.7137743820    102002.7029850786
969000     -6774.2308854920       110.0716860861      -715.6982288473    102002.7029850786
970000     -6774.2462230293       110.0706035802      -715.6986656827    102002.7029850786
971000     -6774.2545850227       110.0694624279      -715.5659135529    102002.7029850786
972000     -6774.2716160673       110.0675927195      -715.4686694141    102002.7029850786
973000     -6774.2904121987       110.0656747878      -715.5187655484    102002.7029850786
974000     -6774.2970799020       110.0655949427      -715.4741730073    102002.7029850786
975000     -6774.2927228202       110.0667741122      -715.3417018255    102002.7029850786
976000     -6774.3067056800       110.0658738963      -715.3531942968    102002.7029850786
977000     -6774.3054222987       110.0668639619      -715.2935999935    102002.7029850786
978000     -6774.2998146967       110.0682210983      -715.2550220190    102002.7029850786
979000     -6774.2907175898       110.0688622511      -715.2514828926    102002.7029850786
980000     -6774.2680583773       110.0713897267      -715.1952583849    102002.7029850786
981000     -6774.2738742618       110.0711455549      -715.1332439725    102002.7029850786
982000     -6774.2669587835       110.0716561797      -715.0869579809    102002.7029850786
983000     -6774.2524967640       110.0729762493      -715.0138332479    102002.7029850786
984000     -6774.2795618985       110.0714322016      -715.0387287935    102002.7029850786
985000     -6774.2974735523       110.0704779320      -715.0596748424    102002.7029850786
986000     -6774.3032356674       110.0707807026      -715.0488415665    102002.7029850786
987000     -6774.3404488707       110.0681946118      -715.0037360623    102002.7029850786
988000     -6774.3425264282       110.0676013693      -714.9873494533    102002.7029850786
989000     -6774.3530437145       110.0661110534      -714.9305208989    102002.7029850786
990000     -6774.3330634147       110.0682584327      -714.8485918130    102002.7029850786
991000     -6774.3249124467       110.0684056820      -714.9374656072    102002.7029850786
992000     -6774.3338290459       110.0681589638      -714.9574292292    102002.7029850786
993000     -6774.3240773677       110.0697710289      -714.8628561275    102002.7029850786
994000     -6774.3186624004       110.0699882441      -714.7349003446    102002.7029850786
995000     -6774.3272925824       110.0689475258      -714.6544359448    102002.7029850786
996000     -6774.3384602050       110.0678914240      -714.5269121873    102002.7029850786
997000     -6774.3433516552       110.0672825929      -714.4881499748    102002.7029850786
998000     -6774.3269577896       110.0690263612      -714.4790203250    102002.7029850786
999000     -6774.3225477159       110.0694313073      -714.4436646786    102002.7029850786
1000000     -6774.3364462376       110.0680876044      -714.4342975552    102002.7029850786
