# Time-averaged data for fix runningavgs
# TimeStep v_ra_etotal v_ra_temp v_ra_press v_ra_volume
502000     -7807.8992846948       130.4281452932      -918.5888487562    102002.7029850792
503000     -7814.6515386163       130.0311389022      -882.3275204090    102002.7029850792
504000     -7809.3953671711       130.2854916566      -891.4889102335    102002.7029850792
505000     -7814.5829252872       130.1902029510      -888.4158168657    102002.7029850792
506000     -7818.6021705738       130.0036114945      -881.9728701624    102002.7029850792
507000     -7817.0090924999       129.9877467392      -879.3205551105    102002.7029850792
508000     -7816.4024384575       130.0864467726      -877.0556133269    102002.7029850792
509000     -7816.2233177614       130.0409060830      -877.8764979504    102002.7029850792
510000     -7816.3323215295       130.0219125830      -874.8539036092    102002.7029850792
511000     -7817.6535617052       129.8923245597      -879.7423755983    102002.7029850792
512000     -7816.5013672238       129.9095470738      -881.3715835728    102002.7029850792
513000     -7814.8509596303       129.9956036522      -882.6666382062    102002.7029850792
514000     -7815.6801799344       129.9417840389      -880.4677841880    102002.7029850792
515000     -7815.3136251081       129.9617632698      -879.2292611135    102002.7029850792
516000     -7815.6465334135       129.9421757584      -879.7550799458    102002.7029850792
517000     -7815.1170757145       129.9376612097      -882.2725016643    102002.7029850792
518000     -7816.0066805884       129.8879979644      -882.0390715197    102002.7029850792
519000     -7814.3619265860       129.9623681967      -880.9685812410    102002.7029850792
520000     -7813.3619962232       130.0138113945      -879.3139040001    102002.7029850792
521000     -7812.8401060618       129.9904812108      -879.4111649161    102002.7029850792
522000     -7812.1046140174       129.9909238271      -880.2556733522    102002.7029850792
523000     -7811.6095873951       129.9845349439      -878.1539052379    102002.7029850792
524000     -7811.4426551648       129.9739873007      -877.7467614731    102002.7029850792
525000     -7811.9477388744       129.9651844952      -877.8253838753    102002.7029850792
526000     -7811.1945636718       130.0062825569      -877.8509960939    102002.7029850792
527000     -7811.0021802725       129.9990836794      -879.9503395690    102002.7029850792
528000     -7811.1288979528       129.9919506940      -880.1851512120    102002.7029850792
529000     -7811.0351666133       129.9834700775      -879.0197666743    102002.7029850792
530000     -7810.5023856818       129.9968479239      -880.0337954480    102002.7029850792
531000     -7810.7773240264       129.9677277311      -880.6189512762    102002.7029850792
532000     -7810.8837560662       129.9672065176      -880.8972177891    102002.7029850792
533000     -7811.7240141645       129.9459176745      -880.7284679824    102002.7029850792
534000     -7812.1345690011       129.9378039241      -880.3526011486    102002.7029850792
535000     -7812.1657977704       129.9422741527      -879.8235242560    102002.7029850792
536000     -7812.5408755787       129.9382888801      -878.8215354035    102002.7029850792
537000     -7812.7743197028       129.9208458644      -879.2330457170    102002.7029850792
538000     -7812.6013480524       129.9507886181      -879.8185647163    102002.7029850792
539000     -7812.3714464656       129.9607099337      -880.3838621918    102002.7029850791
540000     -7812.6258993547       129.9386690671      -879.8726512414    102002.7029850791
541000     -7812.4468960094       129.9564231900      -878.5559106695    102002.7029850791
542000     -7812.3688807859       129.9843021928      -877.6483775018    102002.7029850791
543000     -7812.4917922868       129.9831547221      -877.4696270970    102002.7029850791
544000     -7812.5736477815       129.9812026516      -877.8072028252    102002.7029850791
545000     -7812.4683698482       129.9741183900      -878.4275127980    102002.7029850791
546000     -7812.6043897994       129.9621658498      -878.4557033656    102002.7029850791
547000     -7812.8684553303       129.9502309501      -878.1687202873    102002.7029850791
548000     -7812.9468679810       129.9491417485      -877.8098334266    102002.7029850791
549000     -7812.5328229358       129.9474771582      -878.4921549535    102002.7029850791
550000     -7812.0531509983       129.9568292265      -878.9632174214    102002.7029850791
551000     -7811.6648282663       129.9499573361      -879.0900503899    102002.7029850791
552000     -7811.8057582170       129.9323837081      -878.8748349443    102002.7029850791
553000     -7811.8146198238       129.9276156974      -880.0333029169    102002.7029850791
554000     -7811.9490285177       129.9179804140      -880.7878986245    102002.7029850791
555000     -7811.4513797528       129.9383544233      -880.8380270935    102002.7029850791
556000     -7811.3787723459       129.9382412668      -881.2395360788    102002.7029850791
557000     -7811.2857675724       129.9506732576      -882.6497330979    102002.7029850791
558000     -7811.2961501739       129.9545586980      -882.8976120170    102002.7029850791
559000     -7811.2262920842       129.9518212699      -882.6670976713    102002.7029850791
560000     -7811.2573864635       129.9447244636      -882.9552812926    102002.7029850791
561000     -7811.0505682020       129.9432456207      -882.8272635113    102002.7029850791
562000     -7810.6937390147       129.9438056458      -882.5763810492    102002.7029850791
563000     -7810.4721756046       129.9467351040      -883.4745863892    102002.7029850791
564000     -7810.6477788793       129.9383640548      -883.8549015490    102002.7029850791
565000     -7810.4473972404       129.9476090094      -884.1265633398    102002.7029850791
566000     -7810.5164445663       129.9401435899      -883.6369346384    102002.7029850791
567000     -7810.5974954807       129.9504643605      -883.2061092091    102002.7029850791
568000     -7810.1781649108       129.9666302400      -883.4787495779    102002.7029850791
569000     -7810.1821836366       129.9605938820      -883.1868205953    102002.7029850791
570000     -7810.1593313269       129.9640984614      -883.1804445050    102002.7029850791
571000     -7810.2510343113       129.9577680043      -883.1090775150    102002.7029850791
572000     -7810.0745664401       129.9594857538      -882.5745916323    102002.7029850791
573000     -7810.1715994518       129.9581719980      -882.3225849118    102002.7029850791
574000     -7810.2123201691       129.9527009984      -882.4602322675    102002.7029850791
575000     -7810.2493636113       129.9520677269      -882.4476087479    102002.7029850791
576000     -7810.1967393415       129.9587689866      -882.0771749789    102002.7029850791
577000     -7809.9885482570       129.9670847359      -882.6224449697    102002.7029850791
578000     -7810.0589010838       129.9550273162      -882.9792916580    102002.7029850791
579000     -7810.0620099103       129.9576582488      -883.0488011214    102002.7029850791
580000     -7809.8214498902       129.9653698520      -883.2466172444    102002.7029850791
581000     -7809.6906730077       129.9701022873      -882.8390545748    102002.7029850791
582000     -7809.0952163150       129.9843748688      -882.6441109731    102002.7029850791
583000     -7808.7993419861       129.9821750033      -882.2111379060    102002.7029850791
584000     -7808.7101549348       129.9753176166      -882.1282001056    102002.7029850791
585000     -7808.7096977177       129.9648227319      -881.5426535825    102002.7029850791
586000     -7808.5360155350       129.9661714613      -881.5020630844    102002.7029850791
587000     -7808.3234421693       129.9647203596      -881.9456785630    102002.7029850791
588000     -7808.3057991312       129.9646076959      -882.0835683941    102002.7029850791
589000     -7808.2699853611       129.9520283518      -882.5306940493    102002.7029850791
590000     -7808.1493369038       129.9551144124      -882.9545137821    102002.7029850791
591000     -7808.0118960925       129.9531478766      -883.2356734012    102002.7029850792
592000     -7807.9063110803       129.9551201190      -883.0501031452    102002.7029850792
593000     -7807.7319914983       129.9557981767      -883.3097599727    102002.7029850792
594000     -7807.7919345955       129.9538690802      -883.2155005759    102002.7029850792
595000     -7807.7254189934       129.9542230105      -883.0133299658    102002.7029850792
596000     -7807.6842357261       129.9515196072      -882.6316787424    102002.7029850792
597000     -7807.6732614160       129.9547291551      -882.6052818576    102002.7029850792
598000     -7807.7674912976       129.9505390913      -882.9315079617    102002.7029850792
599000     -7807.9419841164       129.9444182571      -882.7851123156    102002.7029850792
600000     -7807.8966367749       129.9408477537      -882.3666555835    102002.7029850792
601000     -7807.8928519515       129.9442516885      -881.8566513796    102002.7029850792
602000     -7808.1151931127       129.9349242219      -881.6275309634    102002.7029850792
603000     -7808.2314824894       129.9311261035      -881.7828302126    102002.7029850792
604000     -7808.1298952135       129.9315942544      -882.0870061696    102002.7029850793
605000     -7807.9366958146       129.9398568288      -882.3277503040    102002.7029850793
606000     -7807.8592484446       129.9426954061      -882.4895935041    102002.7029850793
607000     -7807.7556204713       129.9538308356      -882.2018522988    102002.7029850793
608000     -7807.9456109884       129.9496762240      -882.1619600312    102002.7029850793
609000     -7807.9421818576       129.9515870836      -881.7474329182    102002.7029850793
610000     -7807.8203090882       129.9452831881      -881.8252858212    102002.7029850793
611000     -7807.7498643788       129.9425090447      -881.1327353034    102002.7029850793
612000     -7807.7063050706       129.9361956441      -880.9540023454    102002.7029850793
613000     -7807.5841390734       129.9359008275      -881.4008882212    102002.7029850793
614000     -7807.3373660135       129.9444007316      -881.5439247300    102002.7029850793
615000     -7807.3729304748       129.9385584288      -881.7770048734    102002.7029850793
616000     -7807.3033347591       129.9362644864      -881.5298479431    102002.7029850793
617000     -7807.4258795596       129.9307495385      -881.0724762492    102002.7029850793
618000     -7807.6726567639       129.9204450681      -880.8735160607    102002.7029850793
619000     -7807.7925469361       129.9172920377      -880.6321652340    102002.7029850793
620000     -7807.7319637605       129.9133905809      -880.6623443781    102002.7029850793
621000     -7807.5911309714       129.9202709706      -880.9089200754    102002.7029850793
622000     -7807.6829061821       129.9254456936      -880.8300533627    102002.7029850794
623000     -7807.7494985355       129.9286561900      -880.3778728480    102002.7029850794
624000     -7807.6640323897       129.9315102409      -880.3544126537    102002.7029850794
625000     -7807.7061342019       129.9265228732      -880.1702175621    102002.7029850794
626000     -7807.8824018921       129.9200793226      -879.3916433929    102002.7029850794
627000     -7807.8518544419       129.9138609199      -879.4053039797    102002.7029850794
628000     -7807.7794754946       129.9129661817      -879.3507692978    102002.7029850794
629000     -7807.8646210256       129.9143912022      -879.1946651057    102002.7029850794
630000     -7807.7272255383       129.9178791837      -879.3834846639    102002.7029850794
631000     -7807.8505621179       129.9113976349      -879.5461988758    102002.7029850794
632000     -7807.7382748687       129.9131831945      -880.0015046157    102002.7029850794
633000     -7807.7565811598       129.9123084359      -880.0551827262    102002.7029850794
634000     -7807.8256198770       129.9115560932      -880.0833792941    102002.7029850794
635000     -7807.8161064710       129.9072320145      -880.6314005506    102002.7029850794
636000     -7807.7725646401       129.9087653918      -880.6109121123    102002.7029850794
637000     -7807.7660175311       129.9100411702      -880.4765897239    102002.7029850794
638000     -7807.7759202187       129.9087035586      -880.3943568905    102002.7029850794
639000     -7807.8344534485       129.9043991892      -880.4685793096    102002.7029850794
640000     -7807.8337419196       129.9035582351      -880.3175036437    102002.7029850794
641000     -7807.7871588793       129.8997635817      -880.1788350892    102002.7029850794
642000     -7807.7504356549       129.9015315575      -880.0021239763    102002.7029850794
643000     -7807.6085709474       129.9029614022      -880.2176940187    102002.7029850794
644000     -7807.4915695286       129.9011231878      -880.7303675957    102002.7029850794
645000     -7807.4746120885       129.8984982827      -880.9690660528    102002.7029850794
646000     -7807.4736504605       129.8960123741      -881.2938100373    102002.7029850795
647000     -7807.4020460919       129.8989693160      -881.6247987296    102002.7029850795
648000     -7807.3795411818       129.9017009612      -881.8607923855    102002.7029850795
649000     -7807.5020961963       129.9012939990      -881.5257914415    102002.7029850795
650000     -7807.5024472553       129.9013901922      -881.9001722550    102002.7029850795
651000     -7807.4562918654       129.9050418994      -882.3618888929    102002.7029850795
652000     -7807.4663400029       129.9064935601      -882.3064394707    102002.7029850795
653000     -7807.4310619779       129.9127598315      -882.3896579688    102002.7029850795
654000     -7807.3836262652       129.9139333356      -882.7942053493    102002.7029850795
655000     -7807.3970035735       129.9123062453      -883.1132188272    102002.7029850795
656000     -7807.4324814399       129.9089212415      -883.3363715798    102002.7029850795
657000     -7807.5011136839       129.9068876360      -883.6063989313    102002.7029850795
658000     -7807.4947140568       129.9058040086      -883.9083326163    102002.7029850795
659000     -7807.5640920560       129.9037620403      -883.6084557697    102002.7029850795
660000     -7807.5371694195       129.9044919696      -883.7059499858    102002.7029850795
661000     -7807.5380178208       129.9072490122      -883.4471018592    102002.7029850795
662000     -7807.5624559759       129.9057793404      -883.6123515077    102002.7029850795
663000     -7807.5249132205       129.9089604877      -883.6950180385    102002.7029850795
664000     -7807.3547950659       129.9134771301      -883.7788606668    102002.7029850795
665000     -7807.3318918963       129.9104124679      -883.6304070862    102002.7029850795
666000     -7807.3909143489       129.9083223687      -883.4184332559    102002.7029850795
667000     -7807.3532791637       129.9129705622      -883.3179433188    102002.7029850795
668000     -7807.3616750750       129.9107572939      -883.3767165426    102002.7029850795
669000     -7807.2873817264       129.9088686681      -883.5121455409    102002.7029850795
670000     -7807.0574331671       129.9121971312      -883.6123104292    102002.7029850795
671000     -7806.9779017738       129.9145421688      -883.7232681828    102002.7029850795
672000     -7806.8169914077       129.9170824755      -883.6690001942    102002.7029850795
673000     -7806.7899916538       129.9128917186      -883.8660205093    102002.7029850795
674000     -7806.7180609384       129.9158465544      -883.8378956902    102002.7029850794
675000     -7806.6750181367       129.9178558930      -883.7500799105    102002.7029850794
676000     -7806.5498417708       129.9164864045      -883.7865729260    102002.7029850794
677000     -7806.4508329290       129.9144343722      -884.3551744546    102002.7029850794
678000     -7806.3541976731       129.9155508251      -884.3808018492    102002.7029850794
679000     -7806.2961650973       129.9196328817      -884.5029201726    102002.7029850794
680000     -7806.2047012171       129.9197740325      -884.7914440585    102002.7029850794
681000     -7806.1643799502       129.9170392156      -884.8319013635    102002.7029850794
682000     -7806.0689303034       129.9168530195      -884.9620433502    102002.7029850794
683000     -7805.9095646375       129.9229907962      -885.0974608246    102002.7029850794
684000     -7805.8314696131       129.9239865964      -885.4481712479    102002.7029850794
685000     -7805.7135839209       129.9269867410      -885.5487153886    102002.7029850794
686000     -7805.6543872787       129.9301445023      -885.5992837826    102002.7029850794
687000     -7805.5306355220       129.9315099570      -885.4266536888    102002.7029850794
688000     -7805.4908032285       129.9296565404      -885.1146573020    102002.7029850793
689000     -7805.3143165173       129.9392729104      -884.8814117229    102002.7029850793
690000     -7805.3765430597       129.9368004764      -885.0042941902    102002.7029850793
691000     -7805.2600114018       129.9419683063      -885.2297954021    102002.7029850793
692000     -7805.2705568883       129.9433114177      -884.8938369924    102002.7029850793
693000     -7805.2202716863       129.9423752815      -884.7201395403    102002.7029850793
694000     -7805.2045218874       129.9421378291      -884.5372520650    102002.7029850793
695000     -7805.1407623895       129.9425307710      -884.5274363789    102002.7029850793
696000     -7805.1267990441       129.9368495832      -884.5185552900    102002.7029850793
697000     -7805.1407819713       129.9361859073      -884.3538100899    102002.7029850793
698000     -7805.0056464186       129.9391833631      -884.6956210144    102002.7029850793
699000     -7804.9695595884       129.9344965293      -884.7216540157    102002.7029850793
700000     -7804.8116868178       129.9380830134      -884.5339416514    102002.7029850793
701000     -7804.7780293651       129.9371372307      -884.5468808886    102002.7029850793
702000     -7804.6712296343       129.9390226333      -884.4675893620    102002.7029850793
703000     -7804.6543176046       129.9373549868      -884.6196924676    102002.7029850793
704000     -7804.6506645866       129.9356360997      -884.8793552066    102002.7029850792
705000     -7804.6589022085       129.9327028565      -885.0315098982    102002.7029850792
706000     -7804.5527637152       129.9328037447      -885.1784984077    102002.7029850792
707000     -7804.5312195650       129.9344406314      -884.9748222024    102002.7029850792
708000     -7804.5158900871       129.9317365066      -884.9747581038    102002.7029850792
709000     -7804.5042332980       129.9312939616      -884.9071228556    102002.7029850792
710000     -7804.4871020436       129.9308559098      -884.9621980913    102002.7029850792
711000     -7804.4613650251       129.9316933143      -885.0802776452    102002.7029850792
712000     -7804.4961650210       129.9310804587      -885.2971044983    102002.7029850792
713000     -7804.4660996581       129.9297887094      -885.2551633451    102002.7029850792
714000     -7804.4926943378       129.9266518237      -885.2351851707    102002.7029850792
715000     -7804.5021002058       129.9258204082      -885.1328700015    102002.7029850792
716000     -7804.4345208067       129.9261165842      -885.1439451450    102002.7029850792
717000     -7804.4164587677       129.9271114480      -884.8834547415    102002.7029850792
718000     -7804.4372832621       129.9224972952      -885.0205429189    102002.7029850792
719000     -7804.3944238219       129.9238266665      -884.9526220805    102002.7029850792
720000     -7804.4537556149       129.9215957906      -884.8002503858    102002.7029850792
721000     -7804.5702628972       129.9178320487      -884.9465170395    102002.7029850792
722000     -7804.5650386361       129.9181427666      -884.9240131986    102002.7029850792
723000     -7804.5791471935       129.9185719289      -885.0511693418    102002.7029850792
724000     -7804.5580484683       129.9191215543      -884.9828510802    102002.7029850791
725000     -7804.4970804964       129.9178298935      -884.9905450141    102002.7029850791
726000     -7804.4549391346       129.9168645717      -885.1194589862    102002.7029850791
727000     -7804.4398266205       129.9189002480      -885.2983931197    102002.7029850791
728000     -7804.3882269057       129.9196700149      -885.2174947825    102002.7029850791
729000     -7804.3851268252       129.9175756163      -885.1862944302    102002.7029850791
730000     -7804.3820939784       129.9183879266      -885.3728364630    102002.7029850791
731000     -7804.4527322840       129.9191230047      -885.1703521775    102002.7029850791
732000     -7804.4681369544       129.9197964664      -885.2021951121    102002.7029850791
733000     -7804.4821007001       129.9248020345      -885.1792406511    102002.7029850791
734000     -7804.4741728874       129.9260297055      -885.2940599606    102002.7029850791
735000     -7804.5095283278       129.9245846010      -885.2851382124    102002.7029850791
736000     -7804.6106068624       129.9219832861      -885.1075346335    102002.7029850791
737000     -7804.6300287539       129.9249181505      -884.9135850552    102002.7029850791
738000     -7804.5832012110       129.9287902506      -884.8182037451    102002.7029850791
739000     -7804.6683394976       129.9250331602      -884.6537148090    102002.7029850791
740000     -7804.6296482978       129.9245429111      -884.6296972197    102002.7029850791
741000     -7804.6551414696       129.9263187731      -884.5523217630    102002.7029850791
742000     -7804.6673314841       129.9308106516      -884.6248601028    102002.7029850791
743000     -7804.6925853886       129.9303598948      -884.8235556366    102002.7029850791
744000     -7804.8079602764       129.9271787915      -884.7399280061    102002.7029850791
745000     -7804.8027010506       129.9259259864      -884.9092086029    102002.7029850791
746000     -7804.8446092973       129.9243703954      -884.8411023249    102002.7029850791
747000     -7804.8846946753       129.9243814172      -885.0597458404    102002.7029850791
748000     -7804.8288491798       129.9251314845      -885.2207289621    102002.7029850790
749000     -7804.8283683946       129.9226449122      -885.3515033677    102002.7029850790
750000     -7804.8403500594       129.9228689730      -885.4296643958    102002.7029850790
751000     -7804.9060849998       129.9225701703      -885.5281876807    102002.7029850790
752000     -7804.9281013277       129.9246076239      -885.4591830653    102002.7029850790
753000     -7804.9272060083       129.9264788429      -885.5163731748    102002.7029850790
754000     -7804.9514626474       129.9271456658      -885.5660624242    102002.7029850790
755000     -7804.9832844115       129.9262108034      -885.6370388249    102002.7029850790
756000     -7804.9499445966       129.9306487609      -885.6613934386    102002.7029850790
757000     -7804.9599831522       129.9312780872      -885.7300702882    102002.7029850790
758000     -7805.0279615500       129.9267043725      -885.7954796109    102002.7029850790
759000     -7805.0355440696       129.9294126205      -885.8270343232    102002.7029850790
760000     -7805.0524863533       129.9303417341      -885.9214220702    102002.7029850790
761000     -7805.0779587116       129.9288198106      -885.8508426732    102002.7029850790
762000     -7805.1241255004       129.9259582982      -885.9276577176    102002.7029850790
763000     -7805.1606802554       129.9227785934      -885.9510667668    102002.7029850790
764000     -7805.0906231299       129.9244535739      -886.0093285918    102002.7029850790
765000     -7805.1084205448       129.9228772062      -886.0755784396    102002.7029850790
766000     -7805.1277322217       129.9244159504      -886.0580989946    102002.7029850790
767000     -7805.0593712680       129.9291187686      -885.9589958035    102002.7029850790
768000     -7805.0392927861       129.9295403778      -885.9561872531    102002.7029850790
769000     -7805.0041169543       129.9310570136      -885.8538175742    102002.7029850790
770000     -7804.9263903384       129.9327339790      -885.7013699857    102002.7029850790
771000     -7804.8439325875       129.9357245238      -885.4358314041    102002.7029850790
772000     -7804.7273365816       129.9381751542      -885.4567907893    102002.7029850790
773000     -7804.6973445813       129.9391209954      -885.3605594034    102002.7029850790
774000     -7804.6859664815       129.9403381017      -885.3679262242    102002.7029850790
775000     -7804.6596182111       129.9403480210      -885.2694631738    102002.7029850790
776000     -7804.6677623069       129.9381027124      -885.3231468093    102002.7029850790
777000     -7804.6126863369       129.9381314478      -885.4068092314    102002.7029850789
778000     -7804.5291045753       129.9421628680      -885.4341682835    102002.7029850789
779000     -7804.5395881334       129.9426012173      -885.6719107222    102002.7029850789
780000     -7804.5380278094       129.9430185555      -885.6172359984    102002.7029850789
781000     -7804.5163069665       129.9451257180      -885.5541447956    102002.7029850789
782000     -7804.4811991851       129.9454535469      -885.4959402627    102002.7029850789
783000     -7804.4903541079       129.9438134606      -885.3655454090    102002.7029850789
784000     -7804.4779627024       129.9422844185      -885.5263125777    102002.7029850789
785000     -7804.4542312419       129.9423772380      -885.4180542823    102002.7029850789
786000     -7804.3573737357       129.9462781597      -885.6077691807    102002.7029850789
787000     -7804.3124886578       129.9451351788      -885.5662079000    102002.7029850789
788000     -7804.3155393893       129.9419565359      -885.5358484522    102002.7029850789
789000     -7804.2663835925       129.9431726097      -885.5535084975    102002.7029850789
790000     -7804.2761408584       129.9417952137      -885.5128039108    102002.7029850789
791000     -7804.2602091327       129.9448775465      -885.6740352321    102002.7029850789
792000     -7804.2866235971       129.9456356246      -885.6881878733    102002.7029850789
793000     -7804.2750663639       129.9463019423      -885.8073546289    102002.7029850789
794000     -7804.3238487434       129.9433880881      -885.8398659003    102002.7029850789
795000     -7804.3185430733       129.9428744532      -885.8053014620    102002.7029850789
796000     -7804.2758050514       129.9431267467      -885.7048535016    102002.7029850789
797000     -7804.2360365297       129.9434722944      -885.7050969298    102002.7029850789
798000     -7804.2316794889       129.9400627343      -885.7138611422    102002.7029850789
799000     -7804.1745625774       129.9422137311      -885.7498483838    102002.7029850789
800000     -7804.1245392044       129.9432693821      -885.7764378295    102002.7029850789
801000     -7804.1296937325       129.9408423054      -885.8903859951    102002.7029850789
802000     -7804.1229892171       129.9424760107      -885.8950274042    102002.7029850789
803000     -7804.1531992614       129.9423455869      -885.8302817610    102002.7029850789
804000     -7804.1786432447       129.9417205263      -885.8263945318    102002.7029850789
805000     -7804.1968464513       129.9429734727      -885.7857637134    102002.7029850789
806000     -7804.2617322086       129.9428748423      -885.5763001035    102002.7029850789
807000     -7804.2448546506       129.9438817315      -885.5315480570    102002.7029850789
808000     -7804.2678907164       129.9447198364      -885.3666432173    102002.7029850789
809000     -7804.2314402467       129.9456182415      -885.2089833885    102002.7029850789
810000     -7804.1791196084       129.9477331109      -885.2192671352    102002.7029850789
811000     -7804.1770633839       129.9491669309      -885.0872189430    102002.7029850789
812000     -7804.2231049702       129.9496339251      -885.0146981610    102002.7029850789
813000     -7804.2573958522       129.9480454341      -884.9999769944    102002.7029850789
814000     -7804.2976812016       129.9462985949      -884.9316559805    102002.7029850789
815000     -7804.2808615478       129.9471671315      -884.9271580417    102002.7029850788
816000     -7804.3075231439       129.9475747224      -884.9696282201    102002.7029850788
817000     -7804.2814692072       129.9507454974      -885.0347047379    102002.7029850788
818000     -7804.3506829445       129.9499843594      -885.0683313087    102002.7029850788
819000     -7804.4112802609       129.9497879528      -885.2376772479    102002.7029850788
820000     -7804.4132803387       129.9492137615      -885.3466094603    102002.7029850788
821000     -7804.4332947504       129.9497770625      -885.1701930762    102002.7029850788
822000     -7804.3963946386       129.9512812244      -885.1308652229    102002.7029850788
823000     -7804.3679633287       129.9518127396      -885.1868905168    102002.7029850788
824000     -7804.3635433942       129.9519155131      -885.5500726283    102002.7029850788
825000     -7804.3114697215       129.9554407212      -885.7570858438    102002.7029850788
826000     -7804.3061093576       129.9565855540      -885.8214682789    102002.7029850788
827000     -7804.3398976385       129.9536097178      -886.1274404165    102002.7029850788
828000     -7804.3829629206       129.9518123441      -886.2229467329    102002.7029850788
829000     -7804.4111716758       129.9516215265      -886.2576987154    102002.7029850788
830000     -7804.4418046134       129.9502479904      -886.4207550649    102002.7029850788
831000     -7804.4655411227       129.9504706701      -886.4701058774    102002.7029850788
832000     -7804.4745775444       129.9509603828      -886.6561585481    102002.7029850788
833000     -7804.4993315537       129.9499068238      -886.8724969089    102002.7029850788
834000     -7804.4730452082       129.9533593687      -886.9382577392    102002.7029850788
835000     -7804.4834987491       129.9533093251      -886.9635582930    102002.7029850788
836000     -7804.4955935680       129.9530196042      -886.8856809350    102002.7029850788
837000     -7804.4928636538       129.9501600207      -887.0097439207    102002.7029850788
838000     -7804.5070089276       129.9486454278      -887.0166195218    102002.7029850788
839000     -7804.4904584520       129.9515427948      -887.1248101875    102002.7029850788
840000     -7804.4970636936       129.9519877791      -887.2388463771    102002.7029850788
841000     -7804.4707530033       129.9539829234      -887.4189884229    102002.7029850788
842000     -7804.4250366795       129.9543559287      -887.4401552115    102002.7029850788
843000     -7804.4500886856       129.9534637230      -887.4586717684    102002.7029850788
844000     -7804.4722848599       129.9521541407      -887.4002422279    102002.7029850788
845000     -7804.5009456681       129.9496516682      -887.6424610561    102002.7029850788
846000     -7804.4998638440       129.9500868728      -887.7916956341    102002.7029850788
847000     -7804.4661441431       129.9517247950      -887.8906444735    102002.7029850788
848000     -7804.5164919072       129.9508560384      -887.7971290891    102002.7029850788
849000     -7804.4567129034       129.9506237679      -887.8247065296    102002.7029850788
850000     -7804.4588853958       129.9509943815      -887.9021036819    102002.7029850788
851000     -7804.5098140708       129.9502687114      -887.9182903787    102002.7029850788
852000     -7804.5296696034       129.9508569453      -887.9746429834    102002.7029850788
853000     -7804.5515403714       129.9497699093      -888.0662541171    102002.7029850788
854000     -7804.5724089398       129.9488800018      -888.3774629157    102002.7029850788
855000     -7804.5631502445       129.9498174899      -888.3069239125    102002.7029850788
856000     -7804.5033878320       129.9512951795      -888.2479304390    102002.7029850788
857000     -7804.4659718746       129.9536081787      -888.1797027685    102002.7029850788
858000     -7804.4665288096       129.9519063173      -888.1207513032    102002.7029850788
859000     -7804.4532369028       129.9503687173      -888.0526301891    102002.7029850788
860000     -7804.4436958612       129.9467229591      -888.1004059983    102002.7029850788
861000     -7804.4025751642       129.9464447460      -888.0855292083    102002.7029850788
862000     -7804.4223939292       129.9464842493      -887.9992048326    102002.7029850788
863000     -7804.4512856541       129.9454747126      -888.0606805867    102002.7029850788
864000     -7804.4221455066       129.9462311020      -888.1131361297    102002.7029850788
865000     -7804.4159835333       129.9470545937      -888.1343404795    102002.7029850788
866000     -7804.4391351725       129.9455986650      -888.1390501076    102002.7029850788
867000     -7804.4804353214       129.9458660117      -888.0684796607    102002.7029850788
868000     -7804.4113718502       129.9458587876      -888.0506750348    102002.7029850788
869000     -7804.4320726752       129.9443257511      -888.1184709483    102002.7029850788
870000     -7804.4351302639       129.9440748963      -887.9765363249    102002.7029850787
871000     -7804.3370953478       129.9465526207      -887.8828806636    102002.7029850787
872000     -7804.2740341071       129.9476273585      -887.9192408742    102002.7029850787
873000     -7804.2045191208       129.9488360260      -887.8875073723    102002.7029850787
874000     -7804.2096176570       129.9469882318      -887.9157116727    102002.7029850787
875000     -7804.2331590737       129.9457783394      -887.8968408899    102002.7029850787
876000     -7804.2148538648       129.9465216792      -887.9652136677    102002.7029850787
877000     -7804.2005394252       129.9473263175      -887.9292597312    102002.7029850787
878000     -7804.1748410315       129.9483424405      -887.7982114618    102002.7029850787
879000     -7804.1727590322       129.9492114860      -887.8287465889    102002.7029850787
880000     -7804.0888452017       129.9526141383      -887.8632217161    102002.7029850787
881000     -7804.0169436720       129.9553090061      -887.8023732649    102002.7029850787
882000     -7803.9915421648       129.9554347162      -887.6452744601    102002.7029850787
883000     -7803.9814813648       129.9551631911      -887.5597582357    102002.7029850787
884000     -7803.9616204279       129.9559991162      -887.4619166248    102002.7029850787
885000     -7803.9522401469       129.9558419913      -887.4557680495    102002.7029850787
886000     -7803.9657786615       129.9537637940      -887.4434126504    102002.7029850787
887000     -7803.9625395576       129.9562338278      -887.3697772970    102002.7029850787
888000     -7803.9232738187       129.9577855142      -887.4128058909    102002.7029850787
889000     -7803.9199145527       129.9587447368      -887.2935119853    102002.7029850787
890000     -7803.9126461709       129.9592658846      -887.2035355191    102002.7029850787
891000     -7803.9092849736       129.9604589734      -887.0821530076    102002.7029850787
892000     -7803.9221208712       129.9586323687      -887.0158115486    102002.7029850787
893000     -7803.9422201119       129.9593760348      -886.9188382789    102002.7029850787
894000     -7803.9062085221       129.9611953391      -886.8237994291    102002.7029850787
895000     -7803.9116173361       129.9595119461      -886.7723932969    102002.7029850787
896000     -7803.9358846964       129.9575946419      -886.6301288854    102002.7029850787
897000     -7803.8975667381       129.9589934225      -886.5781959263    102002.7029850787
898000     -7803.8812123599       129.9606035997      -886.3995360179    102002.7029850787
899000     -7803.8540769512       129.9623829265      -886.2529018492    102002.7029850787
900000     -7803.8416975721       129.9610362719      -886.2231814482    102002.7029850787
901000     -7803.8119629969       129.9616734145      -886.2240735609    102002.7029850787
902000     -7803.8108462432       129.9605656401      -886.4156274248    102002.7029850787
903000     -7803.8342138018       129.9591981382      -886.3512370458    102002.7029850787
904000     -7803.8330184349       129.9601819970      -886.2626697245    102002.7029850787
905000     -7803.8814186705       129.9574940650      -886.3025782081    102002.7029850787
906000     -7803.8997701139       129.9566367166      -886.3151070924    102002.7029850787
907000     -7803.9460178569       129.9552152540      -886.3456891623    102002.7029850787
908000     -7803.9514181762       129.9549084891      -886.4029951316    102002.7029850787
909000     -7803.9400569101       129.9570345287      -886.4546825977    102002.7029850787
910000     -7803.9362572993       129.9564085508      -886.4914243047    102002.7029850787
911000     -7803.9743693267       129.9555151068      -886.4026727809    102002.7029850787
912000     -7803.9798086551       129.9543064029      -886.4649026777    102002.7029850787
913000     -7803.9890253727       129.9555414115      -886.3511159171    102002.7029850787
914000     -7803.9824254354       129.9554370929      -886.1988670153    102002.7029850787
915000     -7803.9697547717       129.9561977105      -886.1488038936    102002.7029850787
916000     -7803.9587873380       129.9554870082      -886.2112852599    102002.7029850787
917000     -7803.9388357135       129.9580832492      -886.1701399968    102002.7029850787
918000     -7803.9155359248       129.9585229232      -886.1408319895    102002.7029850787
919000     -7803.9411613052       129.9583236717      -886.0698251860    102002.7029850787
920000     -7803.9476737068       129.9581246142      -885.9798227878    102002.7029850787
921000     -7803.9414715847       129.9584115929      -885.9143349904    102002.7029850787
922000     -7803.9645524801       129.9569206535      -885.9680488216    102002.7029850787
923000     -7803.9795817855       129.9569607649      -886.0466096801    102002.7029850787
924000     -7803.9810634199       129.9563318472      -886.0035374375    102002.7029850787
925000     -7803.9885337815       129.9547028655      -886.0105545880    102002.7029850787
926000     -7803.9940628306       129.9558252326      -885.9465366288    102002.7029850787
927000     -7804.0121442771       129.9554241731      -885.8303753712    102002.7029850786
928000     -7803.9922458781       129.9561824449      -885.9290386481    102002.7029850786
929000     -7803.9527982701       129.9558989775      -885.9497753556    102002.7029850786
930000     -7803.9745742481       129.9549217470      -886.0476880663    102002.7029850786
931000     -7803.9859809195       129.9529654116      -886.1667578442    102002.7029850786
932000     -7804.0243665144       129.9518745851      -886.2022787584    102002.7029850786
933000     -7804.0076223074       129.9535501365      -886.2444111715    102002.7029850786
934000     -7804.0675393471       129.9511848959      -886.1750645197    102002.7029850786
935000     -7804.0687547255       129.9519709407      -886.1224913038    102002.7029850786
936000     -7804.0638754449       129.9541833209      -886.0929571911    102002.7029850786
937000     -7804.0458239353       129.9566555157      -886.1155454811    102002.7029850786
938000     -7804.0399127231       129.9572665354      -886.2675301066    102002.7029850786
939000     -7804.0486077452       129.9574640491      -886.2131134695    102002.7029850786
940000     -7804.0247377872       129.9586103298      -886.1984747231    102002.7029850786
941000     -7804.0354133861       129.9576366625      -886.2156473161    102002.7029850786
942000     -7804.0332315883       129.9585915707      -886.2572625463    102002.7029850786
943000     -7804.0543578649       129.9580669687      -886.2247624164    102002.7029850786
944000     -7804.0266239783       129.9590260803      -886.3611364353    102002.7029850786
945000     -7804.0136157055       129.9584287056      -886.2489320162    102002.7029850786
946000     -7803.9936459911       129.9577687112      -886.2271943120    102002.7029850786
947000     -7803.9951370146       129.9590030118      -886.2382470617    102002.7029850786
948000     -7803.9907528330       129.9598043336      -886.2282161468    102002.7029850786
949000     -7803.9643301123       129.9606287345      -886.2630417960    102002.7029850786
950000     -7803.9769911542       129.9596347235      -886.2435827867    102002.7029850786
951000     -7803.9797393620       129.9582697862      -886.2940904853    102002.7029850786
952000     -7804.0179171509       129.9575208958      -886.1539347009    102002.7029850786
953000     -7804.0136494932       129.9564031490      -886.1348543465    102002.7029850786
954000     -7804.0109325094       129.9549295305      -886.1639437843    102002.7029850786
955000     -7804.0034981138       129.9547068485      -886.2483085932    102002.7029850786
956000     -7803.9763461072       129.9546821083      -886.2332002328    102002.7029850786
957000     -7803.9728966475       129.9550730122      -886.1189638534    102002.7029850786
958000     -7803.9655662810       129.9545351270      -886.1649109154    102002.7029850786
959000     -7803.9894856530       129.9544607204      -886.0829358915    102002.7029850786
960000     -7804.0085518954       129.9522259823      -886.0815681902    102002.7029850786
961000     -7803.9636612482       129.9537036441      -886.1125128962    102002.7029850786
962000     -7803.9207061213       129.9560558503      -886.1052874021    102002.7029850786
963000     -7803.9095455599       129.9543743756      -886.1981979461    102002.7029850786
964000     -7803.8885163976       129.9532670919      -886.2004839726    102002.7029850786
965000     -7803.8718326748       129.9518078058      -886.0925347384    102002.7029850786
966000     -7803.8486022995       129.9513463684      -886.0078345982    102002.7029850786
967000     -7803.8347930486       129.9515395016      -885.9756038502    102002.7029850786
968000     -7803.8174499702       129.9521649392      -885.9736276927    102002.7029850786
969000     -7803.7697885016       129.9520885677      -885.8733562295    102002.7029850786
970000     -7803.7402134596       129.9532516607      -885.7578108673    102002.7029850786
971000     -7803.7318628891       129.9551186602      -885.7217115099    102002.7029850786
972000     -7803.7369403830       129.9563315190      -885.6315380542    102002.7029850786
973000     -7803.7000897904       129.9577168830      -885.5875673352    102002.7029850786
974000     -7803.6725133200       129.9598785063      -885.7089250565    102002.7029850786
975000     -7803.6535083556       129.9606525761      -885.6869159133    102002.7029850786
976000     -7803.6391476735       129.9611030035      -885.6082360845    102002.7029850786
977000     -7803.6239227212       129.9620391644      -885.5403521694    102002.7029850786
978000     -7803.6017241026       129.9636521265      -885.4560661458    102002.7029850786
979000     -7803.6326026872       129.9618958887      -885.5848648292    102002.7029850786
980000     -7803.6282822412       129.9618566018      -885.6567155376    102002.7029850786
981000     -7803.6473624109       129.9605638209      -885.6860504665    102002.7029850786
982000     -7803.6249852397       129.9613131233      -885.6485111956    102002.7029850786
983000     -7803.5892317534       129.9624380349      -885.7084172530    102002.7029850786
984000     -7803.5705220810       129.9632599048      -885.7802721849    102002.7029850786
985000     -7803.5276173446       129.9631735413      -885.8331102437    102002.7029850786
986000     -7803.4957629653       129.9637342585      -885.7794059549    102002.7029850786
987000     -7803.4430238606       129.9626002196      -885.9792349716    102002.7029850786
988000     -7803.4309570717       129.9627114516      -886.0458412892    102002.7029850786
989000     -7803.3883670568       129.9643627976      -886.1074315097    102002.7029850786
990000     -7803.3794280834       129.9640925593      -886.1138708325    102002.7029850786
991000     -7803.3359943675       129.9654431216      -886.0965466235    102002.7029850786
992000     -7803.3202696669       129.9662124867      -886.0946820235    102002.7029850786
993000     -7803.3131275200       129.9663586095      -886.1406774715    102002.7029850786
994000     -7803.3539704524       129.9639148793      -886.1255170986    102002.7029850786
995000     -7803.3676662122       129.9627239828      -886.2396022020    102002.7029850786
996000     -7803.3822247958       129.9622598586      -886.2386761805    102002.7029850786
997000     -7803.3806515063       129.9609023186      -886.3132881320    102002.7029850786
998000     -7803.3633782020       129.9621560482      -886.4323256636    102002.7029850786
999000     -7803.3646437541       129.9623002837      -886.4511851953    102002.7029850786
1000000     -7803.3441665474       129.9612963685      -886.5072036154    102002.7029850786
