# Time-averaged data for fix runningavgs
# TimeStep v_ra_etotal v_ra_temp v_ra_press v_ra_volume
502000     -6849.8375281569       110.6388572596      -717.2229679958    102002.7029850792
503000     -6851.6095149634       110.3180829572      -718.2680081865    102002.7029850792
504000     -6849.2676732480       110.6152945697      -719.4434118860    102002.7029850792
505000     -6850.7691873414       110.5098315052      -719.9013043986    102002.7029850792
506000     -6852.8907265558       110.4302012299      -718.4114720294    102002.7029850792
507000     -6853.8175087986       110.3286429873      -721.2228342934    102002.7029850792
508000     -6853.6252651489       110.3551002067      -717.7713844221    102002.7029850792
509000     -6853.9117538187       110.3333459686      -719.9926101643    102002.7029850792
510000     -6853.2168470229       110.4157074430      -717.8681976927    102002.7029850792
511000     -6853.7909445658       110.3484348766      -718.3842782514    102002.7029850792
512000     -6854.7035919153       110.2651076538      -719.3988439007    102002.7029850792
513000     -6854.8974526607       110.2740199295      -717.1120713346    102002.7029850792
514000     -6854.7162801751       110.2913668524      -719.9266209799    102002.7029850792
515000     -6854.8939487992       110.2772190224      -716.8503012759    102002.7029850792
516000     -6855.7051153021       110.2134574703      -715.1615596362    102002.7029850792
517000     -6856.3110683674       110.1700105551      -716.0723118533    102002.7029850792
518000     -6856.9706825495       110.1149550366      -717.0212169281    102002.7029850792
519000     -6857.5053688180       110.0808135336      -718.1225734135    102002.7029850792
520000     -6858.4628869496       110.0137779135      -718.8630496278    102002.7029850792
521000     -6858.7735624100       110.0116001242      -720.6623355993    102002.7029850792
522000     -6858.2744979633       110.0686826526      -721.1809263051    102002.7029850792
523000     -6858.0129226649       110.0981185008      -721.2434612988    102002.7029850792
524000     -6858.0641808932       110.0977976822      -721.6863061738    102002.7029850792
525000     -6858.2338825868       110.0830618878      -721.5409274388    102002.7029850792
526000     -6858.5334357979       110.0624848047      -721.6463315120    102002.7029850792
527000     -6859.0674603107       110.0223819496      -722.6348912930    102002.7029850792
528000     -6859.0422082083       110.0257115498      -723.1450196169    102002.7029850792
529000     -6858.7618808120       110.0434502925      -722.2595969423    102002.7029850792
530000     -6858.9107603056       110.0245248572      -723.1982039684    102002.7029850792
531000     -6858.9674085265       110.0141097269      -723.0755231660    102002.7029850792
532000     -6858.6089106776       110.0423821448      -723.7937658610    102002.7029850792
533000     -6858.5075994335       110.0392373942      -725.2561961584    102002.7029850792
534000     -6858.1088723680       110.0595650169      -726.6738835415    102002.7029850792
535000     -6858.1098005538       110.0500150104      -727.0381521985    102002.7029850792
536000     -6858.2547653218       110.0233636877      -727.2284805731    102002.7029850792
537000     -6858.3524050940       110.0193125876      -728.6116976532    102002.7029850792
538000     -6858.4870888146       109.9933463932      -729.0447186121    102002.7029850792
539000     -6858.7232321973       109.9733385992      -729.9070292045    102002.7029850791
540000     -6858.3513862169       110.0067059821      -731.0743329964    102002.7029850791
541000     -6858.4892981053       109.9929208365      -731.3195042811    102002.7029850791
542000     -6858.4478500404       110.0009617398      -731.0557970846    102002.7029850791
543000     -6858.4719386603       109.9992977373      -730.9085952565    102002.7029850791
544000     -6858.5933077651       109.9862315038      -731.0180323702    102002.7029850791
545000     -6858.6866764741       109.9777957501      -731.0469630012    102002.7029850791
546000     -6858.9365633124       109.9574657182      -731.1260463099    102002.7029850791
547000     -6858.9911778726       109.9472466448      -731.4996655831    102002.7029850791
548000     -6858.9799786688       109.9537742494      -732.0595795315    102002.7029850791
549000     -6858.9519116149       109.9469157677      -731.0806293759    102002.7029850791
550000     -6858.9157344337       109.9518901781      -730.6962905576    102002.7029850791
551000     -6858.9338074771       109.9538499143      -730.4812818498    102002.7029850791
552000     -6859.0276334744       109.9494356043      -729.9728348690    102002.7029850791
553000     -6858.9888508351       109.9530185856      -729.8103556514    102002.7029850791
554000     -6858.8926140724       109.9579055685      -730.6865182798    102002.7029850791
555000     -6858.6336144651       109.9857155850      -730.5182684168    102002.7029850791
556000     -6858.5758477893       109.9874906484      -729.6575511790    102002.7029850791
557000     -6858.5361736942       109.9898750011      -729.8969642899    102002.7029850791
558000     -6858.4273876914       109.9982702531      -729.4947369546    102002.7029850791
559000     -6858.3426421544       110.0080376995      -729.3594264462    102002.7029850791
560000     -6858.2849720005       110.0194333399      -728.9758844719    102002.7029850791
561000     -6858.3217869637       110.0178609503      -728.2183150477    102002.7029850791
562000     -6858.0684193185       110.0368447967      -728.3811277367    102002.7029850791
563000     -6858.1124059921       110.0326805714      -728.8049963386    102002.7029850791
564000     -6858.0356763667       110.0422305589      -728.1594394051    102002.7029850791
565000     -6858.0557258201       110.0397718612      -728.2872969729    102002.7029850791
566000     -6858.2813151893       110.0205190603      -727.9361180572    102002.7029850791
567000     -6858.2837193236       110.0146623711      -727.7406193659    102002.7029850791
568000     -6858.3617532357       110.0033556727      -727.8404218400    102002.7029850791
569000     -6858.4705256466       109.9904761641      -727.8798777527    102002.7029850791
570000     -6858.4562245019       109.9901133751      -727.7132772060    102002.7029850791
571000     -6858.4970129672       109.9807458531      -727.0605663484    102002.7029850791
572000     -6858.6871690351       109.9608968368      -727.2417497743    102002.7029850791
573000     -6858.7926781506       109.9540413614      -727.7886433893    102002.7029850791
574000     -6858.7425153105       109.9581230916      -727.8968847099    102002.7029850791
575000     -6858.6711625211       109.9620061513      -727.8593648694    102002.7029850791
576000     -6858.5349454333       109.9729537109      -728.3708269622    102002.7029850791
577000     -6858.5123584376       109.9761128926      -728.3780678396    102002.7029850791
578000     -6858.3296022390       109.9965306938      -728.2633923922    102002.7029850791
579000     -6858.2765388318       109.9987692141      -728.4753489693    102002.7029850791
580000     -6858.1290082837       110.0125758625      -728.9533678907    102002.7029850791
581000     -6858.1312820390       110.0183921384      -729.2686025881    102002.7029850791
582000     -6858.0189689170       110.0299428702      -729.8763705592    102002.7029850791
583000     -6858.0476916000       110.0282252026      -730.2716648225    102002.7029850791
584000     -6857.9896619630       110.0314754218      -730.7150826848    102002.7029850791
585000     -6857.9221719527       110.0382550603      -730.8339223414    102002.7029850791
586000     -6857.8797592370       110.0395613607      -731.3291683880    102002.7029850791
587000     -6857.8366033666       110.0427170594      -731.6769824628    102002.7029850791
588000     -6857.7397851536       110.0534944763      -731.9080272500    102002.7029850791
589000     -6857.7432927443       110.0523206207      -732.5038180873    102002.7029850791
590000     -6857.7917602769       110.0422037852      -732.5440179202    102002.7029850791
591000     -6857.8577723175       110.0387462018      -732.7647833901    102002.7029850792
592000     -6858.0208057743       110.0276291278      -733.1697124558    102002.7029850792
593000     -6858.0934987958       110.0221900650      -733.5427362722    102002.7029850792
594000     -6858.1366735108       110.0187617633      -733.6702389581    102002.7029850792
595000     -6858.2550663233       110.0105320311      -733.7447522322    102002.7029850792
596000     -6858.3084339368       110.0066325259      -734.1886797791    102002.7029850792
597000     -6858.2078382863       110.0161281434      -734.3927113825    102002.7029850792
598000     -6858.2838890654       110.0149026468      -734.2384305906    102002.7029850792
599000     -6858.4087605023       110.0061386478      -734.7260193981    102002.7029850792
600000     -6858.3541454047       110.0122326793      -734.9780007328    102002.7029850792
601000     -6858.4145863973       110.0127870044      -734.7913301432    102002.7029850792
602000     -6858.4472974511       110.0102066861      -734.9111658345    102002.7029850792
603000     -6858.4004428862       110.0130354959      -735.3444768628    102002.7029850792
604000     -6858.4584633585       110.0085891934      -735.4681538994    102002.7029850793
605000     -6858.4881870873       110.0079407189      -735.5656743242    102002.7029850793
606000     -6858.4363251114       110.0101803103      -735.9070153649    102002.7029850793
607000     -6858.4794876046       110.0071336888      -735.7079546533    102002.7029850793
608000     -6858.5410970094       110.0027257197      -735.5767246141    102002.7029850793
609000     -6858.5054407288       110.0030933010      -735.9372146852    102002.7029850793
610000     -6858.5101059742       110.0020861805      -736.0579685299    102002.7029850793
611000     -6858.4870587052       110.0013073191      -735.9456358123    102002.7029850793
612000     -6858.5073519294       110.0007000548      -735.8991844203    102002.7029850793
613000     -6858.3910558855       110.0092467102      -735.7916699080    102002.7029850793
614000     -6858.4601898787       110.0053607826      -735.8655532842    102002.7029850793
615000     -6858.4346652010       110.0081852467      -735.5006050544    102002.7029850793
616000     -6858.3877207143       110.0139835051      -735.4086672014    102002.7029850793
617000     -6858.4098721411       110.0129623204      -735.5127418922    102002.7029850793
618000     -6858.4689361807       110.0069910508      -735.5896488476    102002.7029850793
619000     -6858.4875099415       110.0068934138      -735.5181387435    102002.7029850793
620000     -6858.4653940972       110.0128049173      -735.0971363483    102002.7029850793
621000     -6858.3517947652       110.0210290041      -735.0494627682    102002.7029850793
622000     -6858.3764316317       110.0209236022      -734.8069071078    102002.7029850794
623000     -6858.4047724177       110.0164516192      -734.6845149622    102002.7029850794
624000     -6858.4041977595       110.0168229725      -734.6666002342    102002.7029850794
625000     -6858.3373219732       110.0187619546      -734.6139848686    102002.7029850794
626000     -6858.3236703447       110.0205588127      -734.2837097276    102002.7029850794
627000     -6858.3618655382       110.0178083977      -734.2149576422    102002.7029850794
628000     -6858.4211881716       110.0125123382      -734.1449270996    102002.7029850794
629000     -6858.4197113059       110.0137304108      -734.4205194714    102002.7029850794
630000     -6858.4576181709       110.0090388517      -734.7326695926    102002.7029850794
631000     -6858.5190561051       110.0040375349      -734.6712832268    102002.7029850794
632000     -6858.5455745097       110.0009829521      -734.9511894018    102002.7029850794
633000     -6858.5094662074       110.0020255473      -734.9790459530    102002.7029850794
634000     -6858.4200160906       110.0080330121      -734.9657340780    102002.7029850794
635000     -6858.4213960843       110.0086897922      -734.9266254511    102002.7029850794
636000     -6858.3966952403       110.0087537230      -734.6440134985    102002.7029850794
637000     -6858.3301150901       110.0119751108      -734.5306827620    102002.7029850794
638000     -6858.2990838491       110.0117783741      -734.6552738312    102002.7029850794
639000     -6858.2729161815       110.0150583798      -734.8899662927    102002.7029850794
640000     -6858.2396298284       110.0210292062      -734.8786675337    102002.7029850794
641000     -6858.1733320304       110.0265929797      -735.0281211021    102002.7029850794
642000     -6858.1578081411       110.0291398668      -735.1786110590    102002.7029850794
643000     -6858.1955593391       110.0254487576      -735.0647467564    102002.7029850794
644000     -6858.1732872064       110.0297739301      -734.9891443104    102002.7029850794
645000     -6858.1450724224       110.0255359513      -735.1562328092    102002.7029850794
646000     -6858.2016767617       110.0216479694      -734.9951307119    102002.7029850795
647000     -6858.1806065792       110.0264221578      -735.3832464687    102002.7029850795
648000     -6858.1380083687       110.0291328800      -735.6488383049    102002.7029850795
649000     -6858.1298699875       110.0293105612      -735.7507154466    102002.7029850795
650000     -6858.1283873753       110.0286275181      -735.5559403355    102002.7029850795
651000     -6858.1156874643       110.0293272376      -735.6529679496    102002.7029850795
652000     -6858.0629299941       110.0338774405      -735.7755194452    102002.7029850795
653000     -6858.0104421420       110.0372682086      -735.6656906512    102002.7029850795
654000     -6857.9677615729       110.0379493691      -736.0500349351    102002.7029850795
655000     -6857.9965170632       110.0348965886      -736.2617549442    102002.7029850795
656000     -6858.0508589540       110.0312781966      -736.1437377786    102002.7029850795
657000     -6858.0538752748       110.0291818329      -736.3097708747    102002.7029850795
658000     -6858.0357757454       110.0306063810      -736.4667174476    102002.7029850795
659000     -6857.9891534736       110.0339826706      -736.6813973972    102002.7029850795
660000     -6858.0290632464       110.0312724196      -737.0715816592    102002.7029850795
661000     -6857.9977830534       110.0309846874      -737.3529703682    102002.7029850795
662000     -6857.9746425802       110.0328068968      -737.4435590245    102002.7029850795
663000     -6857.9784573076       110.0310726918      -737.3197129834    102002.7029850795
664000     -6857.9125022888       110.0351256469      -737.3758895259    102002.7029850795
665000     -6857.9275194413       110.0315440769      -737.4480328308    102002.7029850795
666000     -6857.9449949161       110.0264825227      -737.7070542656    102002.7029850795
667000     -6857.9130144654       110.0275810156      -737.8057541877    102002.7029850795
668000     -6857.9689255749       110.0233774219      -737.9745750068    102002.7029850795
669000     -6857.9869210687       110.0210179095      -737.9805227806    102002.7029850795
670000     -6857.9451973340       110.0220833647      -738.0839751362    102002.7029850795
671000     -6857.8739891999       110.0272980813      -738.0738823786    102002.7029850795
672000     -6857.8586727111       110.0288469165      -738.2230581783    102002.7029850795
673000     -6857.8060560435       110.0306332679      -738.7393753853    102002.7029850795
674000     -6857.8040255871       110.0313331015      -739.0346208642    102002.7029850794
675000     -6857.7525058940       110.0357473812      -739.1683347538    102002.7029850794
676000     -6857.7606129524       110.0337646014      -739.2238404278    102002.7029850794
677000     -6857.8152645025       110.0283774616      -739.2723597046    102002.7029850794
678000     -6857.8070212533       110.0295764884      -739.4934107268    102002.7029850794
679000     -6857.8101287986       110.0267705965      -739.7562206608    102002.7029850794
680000     -6857.7139532322       110.0336282250      -739.5846857378    102002.7029850794
681000     -6857.6983962491       110.0317302070      -739.4438112033    102002.7029850794
682000     -6857.6106302624       110.0367863000      -739.3055657789    102002.7029850794
683000     -6857.5992893219       110.0368885809      -738.8945938294    102002.7029850794
684000     -6857.5171446390       110.0434557168      -738.8526928623    102002.7029850794
685000     -6857.5017959049       110.0427527760      -739.1614366537    102002.7029850794
686000     -6857.5498930495       110.0382796755      -738.9201498078    102002.7029850794
687000     -6857.5792082946       110.0333287621      -738.6391338981    102002.7029850794
688000     -6857.6137101903       110.0284915016      -738.5570489022    102002.7029850793
689000     -6857.6150857360       110.0278429315      -738.4662034311    102002.7029850793
690000     -6857.5854344730       110.0306327579      -738.3671458029    102002.7029850793
691000     -6857.5280684174       110.0349777180      -738.2937814326    102002.7029850793
692000     -6857.4812181163       110.0375488169      -738.3150818681    102002.7029850793
693000     -6857.4227859480       110.0418787595      -738.3265728218    102002.7029850793
694000     -6857.3907027032       110.0431612395      -738.3432874028    102002.7029850793
695000     -6857.3780340505       110.0427206673      -738.3500581987    102002.7029850793
696000     -6857.4077556127       110.0377995440      -738.4638991301    102002.7029850793
697000     -6857.4152507159       110.0366727303      -738.5247992113    102002.7029850793
698000     -6857.3881101926       110.0378734257      -738.7438680466    102002.7029850793
699000     -6857.3757896616       110.0400983103      -738.6760133957    102002.7029850793
700000     -6857.3643754780       110.0409153322      -738.6121864304    102002.7029850793
701000     -6857.3336929642       110.0405009574      -738.6862255766    102002.7029850793
702000     -6857.3071846781       110.0426988953      -738.7103307745    102002.7029850793
703000     -6857.3258276425       110.0419266517      -738.8973131986    102002.7029850793
704000     -6857.3361860658       110.0398804054      -738.9057043594    102002.7029850792
705000     -6857.2754758797       110.0453883002      -738.8148680055    102002.7029850792
706000     -6857.2649257541       110.0459356651      -738.7141101435    102002.7029850792
707000     -6857.3161047115       110.0418748945      -738.8001822183    102002.7029850792
708000     -6857.3401921065       110.0400504222      -738.7398949237    102002.7029850792
709000     -6857.3295161642       110.0410857724      -739.0524143824    102002.7029850792
710000     -6857.2861817423       110.0459832409      -739.3752663734    102002.7029850792
711000     -6857.2658952496       110.0490879838      -739.2869104381    102002.7029850792
712000     -6857.2343107812       110.0542993547      -739.4171201553    102002.7029850792
713000     -6857.2226936817       110.0543333899      -739.6565398464    102002.7029850792
714000     -6857.2424626888       110.0539318178      -739.5154661056    102002.7029850792
715000     -6857.2444359540       110.0544798799      -739.7883907014    102002.7029850792
716000     -6857.3050611719       110.0504876012      -740.0925290329    102002.7029850792
717000     -6857.3317791826       110.0496811234      -739.9924062239    102002.7029850792
718000     -6857.2974978073       110.0510944946      -739.9194001160    102002.7029850792
719000     -6857.3031845516       110.0520412085      -739.8291936659    102002.7029850792
720000     -6857.2743949572       110.0552874319      -739.8442030371    102002.7029850792
721000     -6857.2835654260       110.0536660140      -739.8150409663    102002.7029850792
722000     -6857.2963549732       110.0524835660      -739.7573439147    102002.7029850792
723000     -6857.2574668674       110.0541894175      -739.6599225825    102002.7029850792
724000     -6857.2182085512       110.0580902025      -739.6336261121    102002.7029850791
725000     -6857.2354529949       110.0565626647      -739.5507099077    102002.7029850791
726000     -6857.2743797985       110.0523297752      -739.5382057315    102002.7029850791
727000     -6857.2576538943       110.0530302681      -739.7167368863    102002.7029850791
728000     -6857.2502050264       110.0521788672      -739.7793551669    102002.7029850791
729000     -6857.2594553009       110.0514575272      -739.9101883277    102002.7029850791
730000     -6857.2365405518       110.0541590967      -739.9970122468    102002.7029850791
731000     -6857.2077090420       110.0559160083      -739.8517683162    102002.7029850791
732000     -6857.1685432017       110.0583184754      -739.8810208831    102002.7029850791
733000     -6857.1465200140       110.0617183505      -739.9646475877    102002.7029850791
734000     -6857.1410479524       110.0625068683      -740.2287679186    102002.7029850791
735000     -6857.1562269074       110.0606033066      -740.3997239774    102002.7029850791
736000     -6857.1896446190       110.0567989979      -740.3441019798    102002.7029850791
737000     -6857.2286221149       110.0550220780      -740.3116883344    102002.7029850791
738000     -6857.2483908327       110.0527359669      -740.3607635014    102002.7029850791
739000     -6857.3058045008       110.0485841401      -740.4384309138    102002.7029850791
740000     -6857.3171943013       110.0462629380      -740.6359351672    102002.7029850791
741000     -6857.3204166488       110.0453990891      -740.7262321566    102002.7029850791
742000     -6857.3223136562       110.0444021642      -740.6320429017    102002.7029850791
743000     -6857.3502621993       110.0397890736      -740.6771073225    102002.7029850791
744000     -6857.3559851610       110.0387722975      -740.8404225003    102002.7029850791
745000     -6857.3992436018       110.0345944997      -740.7969059022    102002.7029850791
746000     -6857.3604413331       110.0366952225      -741.1185325610    102002.7029850791
747000     -6857.3279406849       110.0387983062      -741.3208529472    102002.7029850791
748000     -6857.3167262275       110.0403285356      -741.2701420979    102002.7029850790
749000     -6857.3524865072       110.0373968145      -741.4317668994    102002.7029850790
750000     -6857.3616241967       110.0373882003      -741.5516644582    102002.7029850790
751000     -6857.3438158712       110.0388812428      -741.7584403962    102002.7029850790
752000     -6857.3385398912       110.0387053912      -742.0039262320    102002.7029850790
753000     -6857.3202841514       110.0406414726      -742.0584444453    102002.7029850790
754000     -6857.3120371733       110.0427774821      -742.1601789749    102002.7029850790
755000     -6857.3132752013       110.0427576061      -742.1895667899    102002.7029850790
756000     -6857.3360928688       110.0409956320      -742.2367439980    102002.7029850790
757000     -6857.3129481565       110.0431115367      -742.3895443171    102002.7029850790
758000     -6857.3492659872       110.0394007911      -742.6026556050    102002.7029850790
759000     -6857.3688345801       110.0373384266      -742.5998689692    102002.7029850790
760000     -6857.3679324282       110.0354338983      -742.7170444439    102002.7029850790
761000     -6857.3810319190       110.0341817182      -742.8337614434    102002.7029850790
762000     -6857.3972603160       110.0330349368      -742.8166363427    102002.7029850790
763000     -6857.4117939990       110.0289547790      -742.9195369443    102002.7029850790
764000     -6857.4123404172       110.0272157841      -742.9496202977    102002.7029850790
765000     -6857.4480638321       110.0243720558      -742.9333793100    102002.7029850790
766000     -6857.4753184683       110.0246802342      -743.0435615916    102002.7029850790
767000     -6857.4660523632       110.0257800862      -743.0084037787    102002.7029850790
768000     -6857.4409787350       110.0271603714      -743.0567397771    102002.7029850790
769000     -6857.4023245823       110.0307318982      -743.2531932389    102002.7029850790
770000     -6857.3801946339       110.0313673865      -743.2217074433    102002.7029850790
771000     -6857.3296659220       110.0349956899      -743.0296139922    102002.7029850790
772000     -6857.2679601515       110.0378411283      -743.1039748856    102002.7029850790
773000     -6857.2447698200       110.0392373647      -742.9761846766    102002.7029850790
774000     -6857.2277840195       110.0413245185      -742.7935781318    102002.7029850790
775000     -6857.1983102362       110.0435885408      -743.0476594426    102002.7029850790
776000     -6857.2024452273       110.0441367319      -743.1958836925    102002.7029850790
777000     -6857.2291600738       110.0429213695      -743.1822576833    102002.7029850789
778000     -6857.2218239910       110.0437923144      -743.2108515548    102002.7029850789
779000     -6857.2165275018       110.0424576043      -743.1321514377    102002.7029850789
780000     -6857.2195815440       110.0421131015      -743.1178893571    102002.7029850789
781000     -6857.1863834658       110.0449501057      -743.2463616043    102002.7029850789
782000     -6857.1963160102       110.0448471100      -743.3218706599    102002.7029850789
783000     -6857.1883068612       110.0454526808      -743.5541047063    102002.7029850789
784000     -6857.1652456691       110.0468488521      -743.5003252198    102002.7029850789
785000     -6857.1856344836       110.0438179910      -743.7029235328    102002.7029850789
786000     -6857.1872822999       110.0452565926      -743.6689969808    102002.7029850789
787000     -6857.1278262079       110.0488805925      -743.7199678874    102002.7029850789
788000     -6857.1230443301       110.0497252244      -743.8351499013    102002.7029850789
789000     -6857.1411376819       110.0488476875      -743.9197239429    102002.7029850789
790000     -6857.1220743485       110.0506933499      -743.8393889704    102002.7029850789
791000     -6857.1159168237       110.0516999167      -743.8283216962    102002.7029850789
792000     -6857.1483886433       110.0489054135      -743.9155103024    102002.7029850789
793000     -6857.1184024127       110.0523001436      -743.9328780585    102002.7029850789
794000     -6857.1191228133       110.0525831054      -744.0418168583    102002.7029850789
795000     -6857.1269954254       110.0522532661      -744.2333418548    102002.7029850789
796000     -6857.0823510737       110.0561946315      -744.2829227649    102002.7029850789
797000     -6857.0996712212       110.0551279541      -744.4204842856    102002.7029850789
798000     -6857.0613271711       110.0579904780      -744.4390651953    102002.7029850789
799000     -6857.0795897998       110.0586516319      -744.4134929864    102002.7029850789
800000     -6857.0614243116       110.0587902691      -744.4992178873    102002.7029850789
801000     -6857.0342299366       110.0622029918      -744.4814016762    102002.7029850789
802000     -6857.0128199728       110.0640965848      -744.5410922578    102002.7029850789
803000     -6856.9816918351       110.0664248914      -744.5549559712    102002.7029850789
804000     -6856.9979331845       110.0642613567      -744.4680942208    102002.7029850789
805000     -6856.9943188795       110.0633013524      -744.3515300682    102002.7029850789
806000     -6857.0028803866       110.0613332534      -744.2414017207    102002.7029850789
807000     -6856.9894109250       110.0591839909      -744.1805164630    102002.7029850789
808000     -6856.9933616401       110.0582050052      -744.2573652187    102002.7029850789
809000     -6857.0101905430       110.0558657006      -744.1874154337    102002.7029850789
810000     -6856.9863016255       110.0563036829      -744.2257261436    102002.7029850789
811000     -6856.9740650375       110.0560452685      -744.1872817736    102002.7029850789
812000     -6856.9679507372       110.0560578541      -744.0591407058    102002.7029850789
813000     -6856.9539223357       110.0565090712      -744.1041907479    102002.7029850789
814000     -6856.9265238577       110.0581243127      -744.1363611074    102002.7029850789
815000     -6856.9209835010       110.0578948470      -744.1207758115    102002.7029850788
816000     -6856.9526973919       110.0550593112      -744.1088965360    102002.7029850788
817000     -6856.9653928982       110.0526720484      -743.9501678313    102002.7029850788
818000     -6856.9697635252       110.0526264197      -743.9386502015    102002.7029850788
819000     -6856.9612311135       110.0537184716      -743.8798247754    102002.7029850788
820000     -6856.9672294508       110.0533818583      -743.9151570548    102002.7029850788
821000     -6856.9969640780       110.0513127513      -743.9325076320    102002.7029850788
822000     -6857.0218593533       110.0489809400      -743.9606328919    102002.7029850788
823000     -6857.0644303260       110.0464574185      -743.9020949645    102002.7029850788
824000     -6857.0857531812       110.0446819395      -743.7590258094    102002.7029850788
825000     -6857.0930268340       110.0431684460      -743.7719048145    102002.7029850788
826000     -6857.1236279988       110.0410875897      -743.7111158012    102002.7029850788
827000     -6857.1426087367       110.0403113404      -743.7031051179    102002.7029850788
828000     -6857.1511567381       110.0396532172      -743.7576639389    102002.7029850788
829000     -6857.1765224516       110.0378091341      -743.7703187709    102002.7029850788
830000     -6857.1906922242       110.0368697166      -743.7990618764    102002.7029850788
831000     -6857.2206347251       110.0346724557      -743.7463345924    102002.7029850788
832000     -6857.2050236667       110.0351465639      -743.6593414143    102002.7029850788
833000     -6857.1950246454       110.0358435776      -743.4844229997    102002.7029850788
834000     -6857.1824500484       110.0359361367      -743.5062691607    102002.7029850788
835000     -6857.1756047925       110.0358962605      -743.4377221161    102002.7029850788
836000     -6857.1825366532       110.0354283860      -743.3975777033    102002.7029850788
837000     -6857.1978200056       110.0325838565      -743.3825371680    102002.7029850788
838000     -6857.2122711218       110.0319370541      -743.3071270901    102002.7029850788
839000     -6857.1933212886       110.0330771634      -743.2170081415    102002.7029850788
840000     -6857.1956555808       110.0331276182      -743.3372085396    102002.7029850788
841000     -6857.1885139973       110.0331915058      -743.3744559217    102002.7029850788
842000     -6857.2317131478       110.0299782573      -743.3088212209    102002.7029850788
843000     -6857.2419420578       110.0298074179      -743.2996443981    102002.7029850788
844000     -6857.2082839704       110.0324971579      -743.1754851568    102002.7029850788
845000     -6857.1912243586       110.0342577984      -743.1486168535    102002.7029850788
846000     -6857.1655727776       110.0361564945      -743.2675898768    102002.7029850788
847000     -6857.1289670568       110.0384358283      -743.1792427218    102002.7029850788
848000     -6857.1472869850       110.0370266053      -743.2004814346    102002.7029850788
849000     -6857.1224593845       110.0379460705      -743.1753490244    102002.7029850788
850000     -6857.1004791007       110.0394876734      -743.1587967567    102002.7029850788
851000     -6857.1009177167       110.0397976345      -743.0845254481    102002.7029850788
852000     -6857.0658617595       110.0426779370      -743.1810078306    102002.7029850788
853000     -6857.0724849293       110.0428084046      -743.2366381912    102002.7029850788
854000     -6857.0818078001       110.0418804595      -743.2424665678    102002.7029850788
855000     -6857.1011744344       110.0406566009      -743.1731019644    102002.7029850788
856000     -6857.1055708477       110.0395424396      -743.1571226356    102002.7029850788
857000     -6857.1254622299       110.0378369090      -743.2318153783    102002.7029850788
858000     -6857.1206014039       110.0394401010      -743.3832836480    102002.7029850788
859000     -6857.1153242035       110.0409784587      -743.3663184613    102002.7029850788
860000     -6857.0919913119       110.0438296534      -743.5093418993    102002.7029850788
861000     -6857.0833598694       110.0443861436      -743.5307549899    102002.7029850788
862000     -6857.1092927692       110.0423088878      -743.4379356710    102002.7029850788
863000     -6857.1148301175       110.0418646057      -743.4006798276    102002.7029850788
864000     -6857.1517480911       110.0383028429      -743.4212827663    102002.7029850788
865000     -6857.1622072559       110.0375790358      -743.3794946945    102002.7029850788
866000     -6857.1726373221       110.0361447184      -743.3315718872    102002.7029850788
867000     -6857.1835461624       110.0345682033      -743.3468578140    102002.7029850788
868000     -6857.1873998022       110.0343760623      -743.3213073023    102002.7029850788
869000     -6857.2080077072       110.0329878162      -743.1859463092    102002.7029850788
870000     -6857.2190511961       110.0318908773      -743.1735901920    102002.7029850787
871000     -6857.2376747743       110.0301586051      -743.1636973334    102002.7029850787
872000     -6857.2661949067       110.0271733007      -743.2014225328    102002.7029850787
873000     -6857.2666694207       110.0273225744      -743.1241140064    102002.7029850787
874000     -6857.2667740130       110.0273017762      -743.0736279157    102002.7029850787
875000     -6857.2825730224       110.0248942949      -743.0660381960    102002.7029850787
876000     -6857.2577913839       110.0260577149      -743.1105727285    102002.7029850787
877000     -6857.2609334917       110.0259799096      -743.0549852297    102002.7029850787
878000     -6857.2938110896       110.0224028449      -743.0358004737    102002.7029850787
879000     -6857.3031362595       110.0218575119      -742.9908033615    102002.7029850787
880000     -6857.3067016369       110.0210346548      -742.9904877328    102002.7029850787
881000     -6857.3054924237       110.0211402375      -742.9874880491    102002.7029850787
882000     -6857.3013502270       110.0222015790      -743.0239863732    102002.7029850787
883000     -6857.2647449146       110.0244191494      -743.1234709297    102002.7029850787
884000     -6857.2774869929       110.0240714833      -743.0512589712    102002.7029850787
885000     -6857.2734131020       110.0251707753      -743.0972576936    102002.7029850787
886000     -6857.2811422817       110.0246551123      -743.1503085515    102002.7029850787
887000     -6857.3073655818       110.0232436257      -743.1752703870    102002.7029850787
888000     -6857.3151828376       110.0221612904      -743.0577586829    102002.7029850787
889000     -6857.3137340773       110.0220647403      -743.0733928524    102002.7029850787
890000     -6857.3249500634       110.0222430748      -743.2365677735    102002.7029850787
891000     -6857.3409268741       110.0218251379      -743.1919632949    102002.7029850787
892000     -6857.3391924433       110.0213259854      -743.2884840874    102002.7029850787
893000     -6857.3355362435       110.0210944184      -743.3109329838    102002.7029850787
894000     -6857.3081536850       110.0228837885      -743.2711220686    102002.7029850787
895000     -6857.2901656705       110.0245334714      -743.3413873903    102002.7029850787
896000     -6857.2797587487       110.0249846765      -743.3051088317    102002.7029850787
897000     -6857.2662695225       110.0264248693      -743.2572286087    102002.7029850787
898000     -6857.2456020803       110.0277352037      -743.3344829924    102002.7029850787
899000     -6857.2009254252       110.0312902292      -743.3890486282    102002.7029850787
900000     -6857.1915142035       110.0309801878      -743.4244034342    102002.7029850787
901000     -6857.1925462665       110.0305950807      -743.3703161343    102002.7029850787
902000     -6857.2164706685       110.0285457398      -743.4138007978    102002.7029850787
903000     -6857.2287869746       110.0272029886      -743.3636035948    102002.7029850787
904000     -6857.2284698354       110.0276672629      -743.3566239252    102002.7029850787
905000     -6857.2415740036       110.0272514161      -743.3311840545    102002.7029850787
906000     -6857.2598361484       110.0252549285      -743.4124222644    102002.7029850787
907000     -6857.2702381469       110.0237146074      -743.3919544921    102002.7029850787
908000     -6857.2455099572       110.0255540635      -743.3792856097    102002.7029850787
909000     -6857.2550770295       110.0249603721      -743.3906823672    102002.7029850787
910000     -6857.2772859619       110.0231321928      -743.4310132043    102002.7029850787
911000     -6857.2500430580       110.0256761923      -743.5314637697    102002.7029850787
912000     -6857.2452972368       110.0261060530      -743.4801277683    102002.7029850787
913000     -6857.2480473320       110.0250185767      -743.5301221312    102002.7029850787
914000     -6857.2436986044       110.0246263282      -743.5173060431    102002.7029850787
915000     -6857.2303744096       110.0251589167      -743.4959299540    102002.7029850787
916000     -6857.2313275673       110.0253430955      -743.4153491754    102002.7029850787
917000     -6857.2435551042       110.0236191445      -743.3735796180    102002.7029850787
918000     -6857.2407516207       110.0241478584      -743.3474375444    102002.7029850787
919000     -6857.2164321460       110.0261346529      -743.4040976108    102002.7029850787
920000     -6857.2239179588       110.0252790037      -743.4542027624    102002.7029850787
921000     -6857.2163913824       110.0257783118      -743.4771068515    102002.7029850787
922000     -6857.1748013762       110.0287112871      -743.5551236242    102002.7029850787
923000     -6857.1701802078       110.0289552777      -743.5901988111    102002.7029850787
924000     -6857.1586041005       110.0300798917      -743.5785939830    102002.7029850787
925000     -6857.1611667534       110.0300331170      -743.6610103910    102002.7029850787
926000     -6857.1372359570       110.0325839087      -743.7494161853    102002.7029850787
927000     -6857.1226521760       110.0337443923      -743.7146996050    102002.7029850786
928000     -6857.1220916490       110.0336732485      -743.7896782628    102002.7029850786
929000     -6857.0976776536       110.0359305975      -743.7295483256    102002.7029850786
930000     -6857.0711974808       110.0377681290      -743.7865694896    102002.7029850786
931000     -6857.0720625752       110.0370557516      -743.8880560721    102002.7029850786
932000     -6857.0774612487       110.0364434797      -743.8625964807    102002.7029850786
933000     -6857.0676404850       110.0361875168      -743.9427282251    102002.7029850786
934000     -6857.0568056834       110.0362203618      -743.9468036366    102002.7029850786
935000     -6857.0516327694       110.0357823285      -744.0403824271    102002.7029850786
936000     -6857.0441588190       110.0359975983      -744.1032596937    102002.7029850786
937000     -6857.0378049814       110.0369205919      -744.2060077500    102002.7029850786
938000     -6857.0263611106       110.0375385195      -744.2990779384    102002.7029850786
939000     -6857.0163904954       110.0389492856      -744.3266231664    102002.7029850786
940000     -6857.0091685662       110.0387350190      -744.3578432158    102002.7029850786
941000     -6857.0097949826       110.0380309065      -744.4626689592    102002.7029850786
942000     -6857.0129586867       110.0381238849      -744.3850052871    102002.7029850786
943000     -6856.9942650863       110.0385022526      -744.3457976012    102002.7029850786
944000     -6856.9670654432       110.0402233375      -744.4229631294    102002.7029850786
945000     -6856.9618823171       110.0404560574      -744.3631647030    102002.7029850786
946000     -6856.9483316202       110.0406195745      -744.3990964918    102002.7029850786
947000     -6856.9433613668       110.0400786025      -744.4651657285    102002.7029850786
948000     -6856.9529149498       110.0389458956      -744.5228427157    102002.7029850786
949000     -6856.9697601225       110.0375560938      -744.6136403858    102002.7029850786
950000     -6856.9700694970       110.0363568309      -744.7070249865    102002.7029850786
951000     -6856.9692929305       110.0359956749      -744.6223509865    102002.7029850786
952000     -6856.9608402892       110.0352440152      -744.6552855180    102002.7029850786
953000     -6856.9356548768       110.0355021199      -744.6919187448    102002.7029850786
954000     -6856.9006249753       110.0371445141      -744.6519191867    102002.7029850786
955000     -6856.8867181938       110.0369957386      -744.6587889262    102002.7029850786
956000     -6856.8825657153       110.0371055318      -744.6682625964    102002.7029850786
957000     -6856.8850850441       110.0362946720      -744.5547950037    102002.7029850786
958000     -6856.8558429111       110.0386373066      -744.5206550852    102002.7029850786
959000     -6856.8412347574       110.0395780793      -744.5597063370    102002.7029850786
960000     -6856.8250218530       110.0408015466      -744.5662681720    102002.7029850786
961000     -6856.8327916601       110.0397260227      -744.5908147177    102002.7029850786
962000     -6856.8419435967       110.0387199851      -744.6472919718    102002.7029850786
963000     -6856.8245070658       110.0393457445      -744.5480689806    102002.7029850786
964000     -6856.8113081513       110.0403159203      -744.5306933369    102002.7029850786
965000     -6856.8143913016       110.0405742862      -744.4948348850    102002.7029850786
966000     -6856.8252121808       110.0393210441      -744.4933530419    102002.7029850786
967000     -6856.8330021651       110.0383823292      -744.4902302102    102002.7029850786
968000     -6856.8256135945       110.0393178434      -744.4739813877    102002.7029850786
969000     -6856.8117769236       110.0403131878      -744.4583763786    102002.7029850786
970000     -6856.7929829682       110.0426023554      -744.3614421066    102002.7029850786
971000     -6856.7815436232       110.0430870560      -744.4348562216    102002.7029850786
972000     -6856.7830300486       110.0423874135      -744.4375293447    102002.7029850786
973000     -6856.7908431211       110.0411311727      -744.4931637750    102002.7029850786
974000     -6856.8200256238       110.0388906267      -744.4828743893    102002.7029850786
975000     -6856.8354321213       110.0378814123      -744.4389565145    102002.7029850786
976000     -6856.8564288199       110.0356855177      -744.3752369475    102002.7029850786
977000     -6856.8494665851       110.0354932569      -744.4003085898    102002.7029850786
978000     -6856.8625291363       110.0340935713      -744.4269938504    102002.7029850786
979000     -6856.8450577155       110.0353489806      -744.4613826301    102002.7029850786
980000     -6856.8473757260       110.0356966135      -744.5327575846    102002.7029850786
981000     -6856.8588699633       110.0352385051      -744.5202584989    102002.7029850786
982000     -6856.8767043927       110.0338213320      -744.5161787822    102002.7029850786
983000     -6856.8777746848       110.0337602028      -744.5130460842    102002.7029850786
984000     -6856.8816172600       110.0345254332      -744.4792540627    102002.7029850786
985000     -6856.8958530111       110.0342392171      -744.4556588416    102002.7029850786
986000     -6856.8946270366       110.0340781589      -744.6203549799    102002.7029850786
987000     -6856.8987317305       110.0337829877      -744.5803202916    102002.7029850786
988000     -6856.9325571398       110.0317508294      -744.5724913524    102002.7029850786
989000     -6856.9418125255       110.0312006045      -744.5971380656    102002.7029850786
990000     -6856.9810203621       110.0286049488      -744.5152920929    102002.7029850786
991000     -6856.9886751579       110.0276534939      -744.5166849766    102002.7029850786
992000     -6856.9884466924       110.0272725880      -744.5438853112    102002.7029850786
993000     -6856.9859744488       110.0276055616      -744.5535912767    102002.7029850786
994000     -6856.9802801876       110.0277358883      -744.5574344072    102002.7029850786
995000     -6856.9761099989       110.0277420748      -744.5462133626    102002.7029850786
996000     -6856.9870819681       110.0258749467      -744.6325612111    102002.7029850786
997000     -6856.9960352694       110.0251996131      -744.6114144248    102002.7029850786
998000     -6856.9946484626       110.0242303171      -744.6376828349    102002.7029850786
999000     -6857.0108854439       110.0220808602      -744.6567352196    102002.7029850786
1000000     -6856.9914696923       110.0230378701      -744.6704574674    102002.7029850786
