# Time-averaged data for fix runningavgs
# TimeStep v_ra_etotal v_ra_temp v_ra_press v_ra_volume
502000     -9653.8852232580       130.1774025891        15.9139340766    102002.7029850792
503000     -9652.8621316121       129.9706909675        19.4947707131    102002.7029850792
504000     -9652.3093838677       129.8914324597        35.2584954457    102002.7029850792
505000     -9647.9781837057       130.0707598137        38.7274431955    102002.7029850792
506000     -9646.7201150947       130.0800182634        33.2172768171    102002.7029850792
507000     -9649.2850542933       129.9542669268        19.1733342479    102002.7029850792
508000     -9649.7352787192       129.9275628422        14.7709849713    102002.7029850792
509000     -9649.1210632856       129.9481743597         5.1036423337    102002.7029850792
510000     -9649.3496568121       129.9468524597        -3.5515984398    102002.7029850792
511000     -9649.8430238149       129.9038381847       -10.5680338024    102002.7029850792
512000     -9649.9646172072       129.9049106739       -10.7165286307    102002.7029850792
513000     -9648.8962645314       129.9425338521        -7.2430348790    102002.7029850792
514000     -9648.3942262485       129.9931649889        -4.8778259241    102002.7029850792
515000     -9648.2684741787       129.9935335619        -1.3143343954    102002.7029850792
516000     -9648.4454348940       129.9657260831         1.3272626645    102002.7029850792
517000     -9648.7249199736       129.9149765453        -0.4826087700    102002.7029850792
518000     -9649.6454174464       129.8941790837        -2.6300710740    102002.7029850792
519000     -9649.9448942255       129.9230147615        -3.6306672792    102002.7029850792
520000     -9649.2520663309       129.9505631138        -5.8345523347    102002.7029850792
521000     -9648.9693049089       129.9750398107       -11.6298876170    102002.7029850792
522000     -9648.7443604682       129.9756587235       -12.2717056142    102002.7029850792
523000     -9648.1897909503       130.0030299892       -12.1036326310    102002.7029850792
524000     -9648.8962971590       129.9716703850       -12.3314980220    102002.7029850792
525000     -9649.1924964797       129.9731997526       -12.6913653292    102002.7029850792
526000     -9649.3244497635       129.9791377294       -10.5533421707    102002.7029850792
527000     -9649.9138307380       129.9612194045       -11.8890117505    102002.7029850792
528000     -9649.9937243107       129.9675087977       -14.3156425870    102002.7029850792
529000     -9650.5337281950       129.9493900763       -16.8737688352    102002.7029850792
530000     -9651.0221865080       129.9320881889       -17.2912717615    102002.7029850792
531000     -9651.3258942233       129.9170081633       -16.5328880171    102002.7029850792
532000     -9651.1700757923       129.9235752972       -14.8598499293    102002.7029850792
533000     -9651.5868295148       129.9128250401       -13.4769915441    102002.7029850792
534000     -9651.5903771601       129.9258575224       -11.7830652618    102002.7029850792
535000     -9651.6156830418       129.9185146197       -11.2453970492    102002.7029850792
536000     -9651.5272705782       129.9221023208       -12.4034377111    102002.7029850792
537000     -9651.3812795651       129.9120477741       -12.4979356773    102002.7029850792
538000     -9651.3946973087       129.9041176393       -12.6934951140    102002.7029850792
539000     -9651.7788432944       129.8847523710       -12.3636544189    102002.7029850791
540000     -9651.8647255069       129.8832624387       -13.7377408974    102002.7029850791
541000     -9651.9879418035       129.8858618099       -12.6952036734    102002.7029850791
542000     -9652.1625803539       129.8894941536       -14.3388539355    102002.7029850791
543000     -9651.9668237348       129.9001038599       -14.5015020354    102002.7029850791
544000     -9652.2372723143       129.8830240398       -15.3875345671    102002.7029850791
545000     -9652.4379455887       129.8733227681       -17.2832174286    102002.7029850791
546000     -9652.4805101888       129.8768261776       -19.2366265367    102002.7029850791
547000     -9652.7399391043       129.8664115350       -20.6503941734    102002.7029850791
548000     -9652.9680062569       129.8567911445       -21.4471493953    102002.7029850791
549000     -9653.1606141888       129.8538304856       -21.4489081759    102002.7029850791
550000     -9653.1474290080       129.8583954161       -22.7224166635    102002.7029850791
551000     -9653.1950145937       129.8566132347       -23.1778741391    102002.7029850791
552000     -9653.4916525177       129.8501020853       -24.1198056306    102002.7029850791
553000     -9653.2631691780       129.8516094203       -23.1831818112    102002.7029850791
554000     -9653.2670304494       129.8488316615       -21.7008953744    102002.7029850791
555000     -9653.2016133050       129.8487484873       -21.5462433061    102002.7029850791
556000     -9653.0837369860       129.8573503522       -21.2390535856    102002.7029850791
557000     -9653.3135902133       129.8490889123       -21.9782138889    102002.7029850791
558000     -9653.2788964545       129.8441173892       -20.3934981781    102002.7029850791
559000     -9652.9578741865       129.8564294887       -17.7784938611    102002.7029850791
560000     -9652.9387577481       129.8494009712       -16.7226437807    102002.7029850791
561000     -9652.3753132706       129.8653726899       -15.1335548329    102002.7029850791
562000     -9652.0609674822       129.8661629596       -13.1490003201    102002.7029850791
563000     -9652.1399225528       129.8600733842       -13.2475231726    102002.7029850791
564000     -9652.1970647605       129.8525611001       -13.4044204979    102002.7029850791
565000     -9652.4098191545       129.8413360604       -14.3064356690    102002.7029850791
566000     -9652.4674415346       129.8392700569       -14.2725152973    102002.7029850791
567000     -9652.4712328021       129.8399898800       -16.0474143275    102002.7029850791
568000     -9652.3899230146       129.8406447157       -17.2467354744    102002.7029850791
569000     -9652.4170453875       129.8385061587       -18.4219124908    102002.7029850791
570000     -9652.3556273560       129.8390918947       -19.7215098291    102002.7029850791
571000     -9652.0983471741       129.8448638078       -20.6835735468    102002.7029850791
572000     -9652.2020583604       129.8434251913       -21.7608243449    102002.7029850791
573000     -9652.2960874445       129.8423503931       -22.5371698177    102002.7029850791
574000     -9652.3145270405       129.8453426765       -22.5909897011    102002.7029850791
575000     -9652.1595266425       129.8523564906       -22.6036912095    102002.7029850791
576000     -9651.9457504193       129.8611253093       -22.5277653184    102002.7029850791
577000     -9652.0206346267       129.8646036134       -23.4659741732    102002.7029850791
578000     -9651.8141036815       129.8758786339       -22.6394600761    102002.7029850791
579000     -9651.9652171807       129.8704454769       -22.7439272841    102002.7029850791
580000     -9652.0109367613       129.8672081783       -23.4615914408    102002.7029850791
581000     -9651.9641666768       129.8648163821       -23.8250335074    102002.7029850791
582000     -9652.1028440713       129.8549450743       -24.4822074925    102002.7029850791
583000     -9652.0276567823       129.8618914424       -24.0281760560    102002.7029850791
584000     -9651.8331248591       129.8698552969       -24.6189688923    102002.7029850791
585000     -9651.6384786292       129.8780010676       -25.7120275315    102002.7029850791
586000     -9651.5478340701       129.8783665242       -25.9378184389    102002.7029850791
587000     -9651.6262380656       129.8765053648       -26.8558207096    102002.7029850791
588000     -9651.9340790854       129.8655199260       -27.2150415843    102002.7029850791
589000     -9651.8820084366       129.8676354909       -27.4471525025    102002.7029850791
590000     -9651.8908377354       129.8728330547       -27.3558258746    102002.7029850791
591000     -9651.9404732511       129.8751792128       -27.1550019454    102002.7029850792
592000     -9651.9531223528       129.8716562313       -26.4707215913    102002.7029850792
593000     -9651.7207623853       129.8758158240       -25.1667896968    102002.7029850792
594000     -9651.7148580851       129.8684049867       -24.8180741800    102002.7029850792
595000     -9651.7418128809       129.8640370824       -24.5900916391    102002.7029850792
596000     -9651.6552710395       129.8686439320       -24.7523144609    102002.7029850792
597000     -9651.5053161943       129.8726554446       -24.5660589867    102002.7029850792
598000     -9651.3370645937       129.8764103149       -24.2192410263    102002.7029850792
599000     -9651.3485554330       129.8756703432       -24.2138417933    102002.7029850792
600000     -9651.4303847719       129.8665181325       -24.0550367288    102002.7029850792
601000     -9651.3906705118       129.8638624204       -24.1521333108    102002.7029850792
602000     -9651.2520434314       129.8739308704       -23.7833083000    102002.7029850792
603000     -9651.2816115092       129.8756386201       -23.7965959819    102002.7029850792
604000     -9651.4338850769       129.8709465392       -24.5016762046    102002.7029850793
605000     -9651.3433362536       129.8794469390       -23.9938259643    102002.7029850793
606000     -9651.3717399766       129.8778899179       -23.6616957049    102002.7029850793
607000     -9651.5320849833       129.8706423491       -23.9534357664    102002.7029850793
608000     -9651.6568042696       129.8680774527       -24.3408424887    102002.7029850793
609000     -9651.7231268193       129.8684023979       -25.2123203181    102002.7029850793
610000     -9651.8097260522       129.8638735281       -26.2450200897    102002.7029850793
611000     -9651.7835821037       129.8638588043       -26.9171842610    102002.7029850793
612000     -9651.7422843322       129.8686469735       -27.5992532750    102002.7029850793
613000     -9651.7627508225       129.8685638237       -27.5745066809    102002.7029850793
614000     -9651.6550421752       129.8752109335       -26.9337608003    102002.7029850793
615000     -9651.6649986508       129.8741383131       -26.5930177078    102002.7029850793
616000     -9651.6509913804       129.8721510434       -26.5208527694    102002.7029850793
617000     -9651.6067574666       129.8697340161       -25.9378023646    102002.7029850793
618000     -9651.5385841490       129.8724302431       -25.7398986185    102002.7029850793
619000     -9651.7162319993       129.8676614121       -26.2295777169    102002.7029850793
620000     -9651.7975614472       129.8646375615       -26.4106072335    102002.7029850793
621000     -9651.9343785349       129.8592378423       -25.4951296468    102002.7029850793
622000     -9651.9243525178       129.8593170978       -24.9883168281    102002.7029850794
623000     -9651.9427477296       129.8584317185       -25.3352947502    102002.7029850794
624000     -9651.8398981863       129.8676104790       -25.5910465005    102002.7029850794
625000     -9651.6949285465       129.8729484588       -24.9131289035    102002.7029850794
626000     -9651.6861980704       129.8772628613       -24.6234904648    102002.7029850794
627000     -9651.7109180010       129.8789007337       -24.3763038663    102002.7029850794
628000     -9651.6292124858       129.8848979295       -24.3262381294    102002.7029850794
629000     -9651.5861429330       129.8906008228       -24.4921305955    102002.7029850794
630000     -9651.6301268449       129.8898514422       -24.7615703398    102002.7029850794
631000     -9651.7240165274       129.8881765281       -24.9638832038    102002.7029850794
632000     -9651.7805002549       129.8829555644       -24.9361592378    102002.7029850794
633000     -9651.7853021502       129.8882685334       -25.0862983176    102002.7029850794
634000     -9651.8507158355       129.8879765141       -25.1310256765    102002.7029850794
635000     -9651.7812042656       129.8917462678       -24.7717618730    102002.7029850794
636000     -9651.6569995064       129.8981275729       -24.5873595630    102002.7029850794
637000     -9651.6561440121       129.8982424420       -25.0540942923    102002.7029850794
638000     -9651.6798194880       129.8956504619       -25.5484061767    102002.7029850794
639000     -9651.5806655797       129.9017558556       -25.0114463993    102002.7029850794
640000     -9651.5873339800       129.9015653755       -24.3530703559    102002.7029850794
641000     -9651.5675046762       129.9030335357       -24.5038119838    102002.7029850794
642000     -9651.5761172429       129.8991947935       -24.2363838795    102002.7029850794
643000     -9651.6067704061       129.8971697425       -24.3345027469    102002.7029850794
644000     -9651.5958088718       129.8988379561       -24.1398491443    102002.7029850794
645000     -9651.6620877170       129.8948729526       -24.3606621388    102002.7029850794
646000     -9651.6747697898       129.8960951902       -24.3860081723    102002.7029850795
647000     -9651.6571059574       129.8988744217       -24.4195602995    102002.7029850795
648000     -9651.7483999284       129.8954222101       -24.4142008052    102002.7029850795
649000     -9651.7718103349       129.8945821647       -24.9868775083    102002.7029850795
650000     -9651.7246963403       129.8964068747       -24.9976889493    102002.7029850795
651000     -9651.7879540337       129.8946727566       -24.7725973489    102002.7029850795
652000     -9651.7349098756       129.8952065410       -24.8364656949    102002.7029850795
653000     -9651.6516650224       129.8993849021       -24.3773535979    102002.7029850795
654000     -9651.5653132964       129.9051162257       -23.9843107266    102002.7029850795
655000     -9651.6123820513       129.9050799739       -24.0765681790    102002.7029850795
656000     -9651.6500932451       129.9050064971       -24.1924125577    102002.7029850795
657000     -9651.6110438179       129.9046871492       -23.9346044786    102002.7029850795
658000     -9651.6224133357       129.8986041958       -23.6725762514    102002.7029850795
659000     -9651.5999023602       129.8967472545       -23.4546679518    102002.7029850795
660000     -9651.6398341822       129.8949324590       -23.8815579671    102002.7029850795
661000     -9651.6591218975       129.8939060797       -23.7894161142    102002.7029850795
662000     -9651.6317270021       129.8934029071       -23.6817320123    102002.7029850795
663000     -9651.6554704272       129.8907566780       -23.6602812587    102002.7029850795
664000     -9651.5638654565       129.8947320118       -23.2065799143    102002.7029850795
665000     -9651.5795011432       129.8943188630       -23.3976339593    102002.7029850795
666000     -9651.5902158653       129.8938000009       -24.1784193762    102002.7029850795
667000     -9651.4804913662       129.9020118022       -24.2907674762    102002.7029850795
668000     -9651.4328778446       129.9034600004       -24.4944676976    102002.7029850795
669000     -9651.5571025568       129.8995351217       -24.9390082471    102002.7029850795
670000     -9651.5771404686       129.8986277742       -24.9215009666    102002.7029850795
671000     -9651.5406589526       129.9001132752       -24.6464773219    102002.7029850795
672000     -9651.4636303149       129.9053288598       -25.0144630997    102002.7029850795
673000     -9651.4377063778       129.9040734529       -24.8999312934    102002.7029850795
674000     -9651.3836751748       129.9067904996       -24.6391003178    102002.7029850794
675000     -9651.2981022190       129.9094241451       -24.0523793473    102002.7029850794
676000     -9651.2691387632       129.9099692347       -24.0778617398    102002.7029850794
677000     -9651.2400419984       129.9088304634       -23.9713644748    102002.7029850794
678000     -9651.1682851229       129.9095384326       -24.2349875130    102002.7029850794
679000     -9651.2007233583       129.9073013038       -24.6095903183    102002.7029850794
680000     -9651.2200445436       129.9068868942       -24.5628032148    102002.7029850794
681000     -9651.3195865121       129.9033312349       -24.7013242755    102002.7029850794
682000     -9651.3182499584       129.9026882891       -24.4510815360    102002.7029850794
683000     -9651.2611489906       129.9049479391       -24.2263988501    102002.7029850794
684000     -9651.2558371021       129.9038798648       -24.1596365080    102002.7029850794
685000     -9651.2567136297       129.9025726827       -24.1089803522    102002.7029850794
686000     -9651.1015593896       129.9099683603       -23.8290230314    102002.7029850794
687000     -9651.0153230446       129.9126499615       -23.5693209974    102002.7029850794
688000     -9651.0343461878       129.9120216922       -23.8678922723    102002.7029850793
689000     -9650.9563226385       129.9168408967       -24.1770390253    102002.7029850793
690000     -9650.9401982665       129.9180074970       -24.4170760938    102002.7029850793
691000     -9650.8683326714       129.9227601709       -24.3156715038    102002.7029850793
692000     -9650.8376209648       129.9268051780       -24.3072036619    102002.7029850793
693000     -9650.8663550303       129.9282145134       -23.8904643093    102002.7029850793
694000     -9650.9982080719       129.9246217592       -24.0240605012    102002.7029850793
695000     -9651.0649131401       129.9253640761       -24.3421039533    102002.7029850793
696000     -9651.0492778682       129.9276050691       -24.4415111357    102002.7029850793
697000     -9651.1208313620       129.9258280855       -24.5570843225    102002.7029850793
698000     -9651.1030276452       129.9266893340       -24.4980153299    102002.7029850793
699000     -9651.0912176353       129.9275526412       -24.5331890459    102002.7029850793
700000     -9651.1508892688       129.9260375221       -24.8797618050    102002.7029850793
701000     -9651.1785603375       129.9257475050       -25.1632346589    102002.7029850793
702000     -9651.1821749975       129.9260587198       -25.2527717104    102002.7029850793
703000     -9651.2809999772       129.9239127433       -25.7585387440    102002.7029850793
704000     -9651.2830409419       129.9266392476       -26.1534881248    102002.7029850792
705000     -9651.3150472950       129.9268004986       -26.3978895623    102002.7029850792
706000     -9651.3410605734       129.9271679159       -26.9078165988    102002.7029850792
707000     -9651.3204561830       129.9312897627       -27.2685738651    102002.7029850792
708000     -9651.2998069101       129.9340416979       -27.9108667190    102002.7029850792
709000     -9651.3597068162       129.9330040816       -28.2680453273    102002.7029850792
710000     -9651.4334342953       129.9321395656       -28.3957899703    102002.7029850792
711000     -9651.4275941308       129.9338432532       -28.1794790400    102002.7029850792
712000     -9651.4218643059       129.9372367193       -28.1883380523    102002.7029850792
713000     -9651.4154487151       129.9415076218       -28.4173283456    102002.7029850792
714000     -9651.4378790687       129.9426194620       -28.5480655822    102002.7029850792
715000     -9651.4131330996       129.9440808477       -28.6712042816    102002.7029850792
716000     -9651.3378614064       129.9475289227       -28.4333008221    102002.7029850792
717000     -9651.3400948971       129.9470055845       -28.2050710919    102002.7029850792
718000     -9651.4007023675       129.9454887079       -27.8113646121    102002.7029850792
719000     -9651.3958584430       129.9458923816       -27.4777410853    102002.7029850792
720000     -9651.4704261545       129.9444923314       -27.6870716034    102002.7029850792
721000     -9651.5978728688       129.9414485846       -27.7324680210    102002.7029850792
722000     -9651.6082697238       129.9417721356       -27.8612616518    102002.7029850792
723000     -9651.6582856762       129.9374326936       -27.6681392632    102002.7029850792
724000     -9651.6302665283       129.9380204296       -27.2446751239    102002.7029850791
725000     -9651.6409799518       129.9363915718       -26.8876743160    102002.7029850791
726000     -9651.6278120703       129.9366248865       -26.5963461473    102002.7029850791
727000     -9651.6626962310       129.9377770886       -26.1976805398    102002.7029850791
728000     -9651.7349371598       129.9345576638       -26.0436094170    102002.7029850791
729000     -9651.7425988167       129.9339689458       -25.6739465868    102002.7029850791
730000     -9651.7235855425       129.9351874199       -25.2383117009    102002.7029850791
731000     -9651.7368913616       129.9371522781       -25.0242252293    102002.7029850791
732000     -9651.7878894333       129.9358396796       -25.3083439235    102002.7029850791
733000     -9651.8193182167       129.9353630812       -25.1975622537    102002.7029850791
734000     -9651.7771828141       129.9390232432       -25.2625079374    102002.7029850791
735000     -9651.8381305324       129.9369768201       -25.2869668178    102002.7029850791
736000     -9651.8284817650       129.9384552007       -25.0215922809    102002.7029850791
737000     -9651.8393836189       129.9363185147       -24.7880181013    102002.7029850791
738000     -9651.8951994395       129.9346203405       -24.6649362166    102002.7029850791
739000     -9651.8920731389       129.9354540129       -24.2671926953    102002.7029850791
740000     -9651.8355976531       129.9391489990       -24.1242037251    102002.7029850791
741000     -9651.8923142749       129.9364475324       -24.0821027603    102002.7029850791
742000     -9651.9572663574       129.9343002598       -23.9785633475    102002.7029850791
743000     -9651.9358577954       129.9355066333       -23.9117468233    102002.7029850791
744000     -9651.9918736665       129.9337765800       -23.8148014270    102002.7029850791
745000     -9652.0061210998       129.9323626887       -23.7391691644    102002.7029850791
746000     -9652.0866951452       129.9290283576       -23.8558153479    102002.7029850791
747000     -9652.0475143705       129.9309791641       -24.0973416974    102002.7029850791
748000     -9652.0753053985       129.9301959319       -24.3626114761    102002.7029850790
749000     -9652.0499067588       129.9307305701       -24.3802937476    102002.7029850790
750000     -9652.0653544420       129.9307116305       -24.4532279947    102002.7029850790
751000     -9652.0448970511       129.9314394223       -24.7639443691    102002.7029850790
752000     -9652.0870921465       129.9297340297       -25.0043479243    102002.7029850790
753000     -9652.0723214324       129.9286228290       -25.0000186002    102002.7029850790
754000     -9652.0988841031       129.9262662793       -25.0791964554    102002.7029850790
755000     -9652.1036532352       129.9242463954       -24.9084157451    102002.7029850790
756000     -9652.0645422204       129.9246416888       -24.6818156621    102002.7029850790
757000     -9652.0609835597       129.9254206011       -24.5904370932    102002.7029850790
758000     -9652.0038875910       129.9258138339       -24.4572846809    102002.7029850790
759000     -9651.9652805312       129.9270380873       -24.4582342198    102002.7029850790
760000     -9651.9190466663       129.9284973221       -24.6336628584    102002.7029850790
761000     -9651.9077044323       129.9287173011       -24.5870044243    102002.7029850790
762000     -9651.9597909571       129.9271464684       -24.6836582659    102002.7029850790
763000     -9651.9350196555       129.9269408640       -24.6758136555    102002.7029850790
764000     -9651.9068483832       129.9275011654       -24.7084118456    102002.7029850790
765000     -9651.8965433143       129.9281484857       -24.6925511341    102002.7029850790
766000     -9651.9342364281       129.9259658732       -24.9546678830    102002.7029850790
767000     -9651.9392870025       129.9266352007       -25.3159441647    102002.7029850790
768000     -9651.9157043181       129.9272696399       -25.4330992318    102002.7029850790
769000     -9651.9352770986       129.9265319123       -25.3775476648    102002.7029850790
770000     -9651.8801108771       129.9289153290       -25.4001683114    102002.7029850790
771000     -9651.8465638745       129.9318912366       -25.3755954484    102002.7029850790
772000     -9651.8611354764       129.9323054843       -25.4094523163    102002.7029850790
773000     -9651.8826572739       129.9336012961       -25.7439586778    102002.7029850790
774000     -9651.9404855927       129.9324165186       -26.1754079897    102002.7029850790
775000     -9651.9823207329       129.9303497243       -26.6481009459    102002.7029850790
776000     -9651.9557777350       129.9329038550       -27.1553924221    102002.7029850790
777000     -9651.9690577555       129.9349300904       -27.4149047239    102002.7029850789
778000     -9651.9358019366       129.9373200601       -27.7231495773    102002.7029850789
779000     -9651.9120235309       129.9406081198       -28.0075200592    102002.7029850789
780000     -9651.9142723737       129.9395553624       -28.3187777481    102002.7029850789
781000     -9651.9239184525       129.9409490801       -28.5217345606    102002.7029850789
782000     -9651.9176453232       129.9417263332       -28.6689986127    102002.7029850789
783000     -9651.8997379093       129.9434780882       -28.6758744848    102002.7029850789
784000     -9651.8134721461       129.9464204521       -28.4774025500    102002.7029850789
785000     -9651.8328863458       129.9452688431       -28.5104810373    102002.7029850789
786000     -9651.8197565442       129.9440217345       -28.5384499298    102002.7029850789
787000     -9651.8854569534       129.9402764786       -28.7348046415    102002.7029850789
788000     -9651.8863864642       129.9404148986       -28.8055749926    102002.7029850789
789000     -9651.7945467964       129.9441388010       -28.9168905637    102002.7029850789
790000     -9651.7790566012       129.9441128382       -29.0227762442    102002.7029850789
791000     -9651.7778247636       129.9451119310       -29.1562918546    102002.7029850789
792000     -9651.7318477230       129.9468709788       -29.2336436720    102002.7029850789
793000     -9651.7052191747       129.9477780536       -29.1656080170    102002.7029850789
794000     -9651.6598018131       129.9499416399       -29.2606682233    102002.7029850789
795000     -9651.6437114608       129.9512353901       -29.3561426970    102002.7029850789
796000     -9651.6696290238       129.9505004821       -29.2136404715    102002.7029850789
797000     -9651.6839482508       129.9512734950       -29.1916451119    102002.7029850789
798000     -9651.6985159483       129.9518146187       -29.0852918693    102002.7029850789
799000     -9651.7363783286       129.9512289364       -29.1464855989    102002.7029850789
800000     -9651.7495930024       129.9522559234       -29.0745437538    102002.7029850789
801000     -9651.6912084958       129.9557064399       -29.0122179926    102002.7029850789
802000     -9651.6806949315       129.9559372953       -28.9566757393    102002.7029850789
803000     -9651.7118589823       129.9540132990       -28.8277380296    102002.7029850789
804000     -9651.7567383265       129.9519847596       -28.7004189925    102002.7029850789
805000     -9651.7386681030       129.9528931536       -28.7976715577    102002.7029850789
806000     -9651.7642577727       129.9533813590       -28.9134382630    102002.7029850789
807000     -9651.7491353637       129.9533282117       -28.7601560938    102002.7029850789
808000     -9651.7535113269       129.9527880191       -28.6699127146    102002.7029850789
809000     -9651.7159278613       129.9542331002       -28.7015261439    102002.7029850789
810000     -9651.6592514801       129.9550247103       -28.7930780730    102002.7029850789
811000     -9651.6324500440       129.9547329240       -28.6913867541    102002.7029850789
812000     -9651.6080263153       129.9548671508       -28.6736688883    102002.7029850789
813000     -9651.5514418524       129.9573719316       -28.5102988562    102002.7029850789
814000     -9651.5318260497       129.9569739260       -28.4955193231    102002.7029850789
815000     -9651.4616739200       129.9597411527       -28.3578201663    102002.7029850788
816000     -9651.4247591632       129.9614016273       -28.2544215908    102002.7029850788
817000     -9651.3627867612       129.9632274042       -28.3179345403    102002.7029850788
818000     -9651.2943712312       129.9648460875       -28.4267919968    102002.7029850788
819000     -9651.3141663856       129.9639593599       -28.3777241017    102002.7029850788
820000     -9651.3192502696       129.9637263532       -28.1075786258    102002.7029850788
821000     -9651.3782783809       129.9615476949       -28.1173842651    102002.7029850788
822000     -9651.3848946403       129.9614278363       -28.2193843773    102002.7029850788
823000     -9651.3699434355       129.9622782709       -28.2385166385    102002.7029850788
824000     -9651.3485284343       129.9636272315       -28.1516242542    102002.7029850788
825000     -9651.3038703282       129.9653579671       -28.1975410484    102002.7029850788
826000     -9651.2925007583       129.9657080357       -28.0743838163    102002.7029850788
827000     -9651.2424503649       129.9676970238       -28.0828762020    102002.7029850788
828000     -9651.2522157325       129.9670510425       -28.2064202218    102002.7029850788
829000     -9651.2762747907       129.9664725953       -28.4568085628    102002.7029850788
830000     -9651.3187398041       129.9640316936       -28.5898095925    102002.7029850788
831000     -9651.3376622506       129.9636578714       -28.6113908043    102002.7029850788
832000     -9651.3539022105       129.9639762572       -28.4723685581    102002.7029850788
833000     -9651.3683159221       129.9634870677       -28.5590009880    102002.7029850788
834000     -9651.3363730286       129.9647585676       -28.5314879830    102002.7029850788
835000     -9651.2891855296       129.9674174289       -28.4005424971    102002.7029850788
836000     -9651.2804168219       129.9680646547       -28.2749366128    102002.7029850788
837000     -9651.2365376796       129.9710643986       -28.1557407910    102002.7029850788
838000     -9651.2385924819       129.9711407960       -28.2973798869    102002.7029850788
839000     -9651.2669801568       129.9715062097       -28.5268784763    102002.7029850788
840000     -9651.2841909111       129.9712154544       -28.6601447330    102002.7029850788
841000     -9651.3176204539       129.9708503746       -28.7536246943    102002.7029850788
842000     -9651.2650181271       129.9733839393       -28.6283789620    102002.7029850788
843000     -9651.2758901560       129.9738291032       -28.6679929095    102002.7029850788
844000     -9651.2557650016       129.9753623727       -28.7642728319    102002.7029850788
845000     -9651.2520715871       129.9743770053       -28.9575353561    102002.7029850788
846000     -9651.2102711110       129.9760635497       -28.9663075839    102002.7029850788
847000     -9651.1878979902       129.9767201717       -28.7885524099    102002.7029850788
848000     -9651.2160786945       129.9750401912       -28.7645098447    102002.7029850788
849000     -9651.1961085863       129.9761410512       -28.7796137880    102002.7029850788
850000     -9651.2166047456       129.9762900439       -28.9073455355    102002.7029850788
851000     -9651.2194566061       129.9768774956       -29.1211647057    102002.7029850788
852000     -9651.2437526593       129.9764779478       -29.4171034168    102002.7029850788
853000     -9651.2509949970       129.9763164157       -29.6271736384    102002.7029850788
854000     -9651.2991456134       129.9741272360       -30.0250868898    102002.7029850788
855000     -9651.3307330746       129.9736378826       -30.3861190484    102002.7029850788
856000     -9651.3515299078       129.9734526798       -30.5035119765    102002.7029850788
857000     -9651.3611538690       129.9738037011       -30.5869003967    102002.7029850788
858000     -9651.3652943154       129.9742792668       -30.7063152887    102002.7029850788
859000     -9651.3522324366       129.9733547560       -30.6896163109    102002.7029850788
860000     -9651.3566174350       129.9724538516       -30.7571294023    102002.7029850788
861000     -9651.3225546314       129.9740356936       -30.8873987388    102002.7029850788
862000     -9651.2596961698       129.9758618525       -30.8645180746    102002.7029850788
863000     -9651.2824552262       129.9739990409       -30.9922761666    102002.7029850788
864000     -9651.2634913079       129.9754520249       -31.0194019230    102002.7029850788
865000     -9651.2350545430       129.9758091421       -30.9067171837    102002.7029850788
866000     -9651.2152851751       129.9759318411       -30.8981136859    102002.7029850788
867000     -9651.1679997305       129.9773926593       -30.8636283184    102002.7029850788
868000     -9651.1390300362       129.9778686715       -30.6115903875    102002.7029850788
869000     -9651.1176367014       129.9784345573       -30.5451023808    102002.7029850788
870000     -9651.0958398097       129.9794174737       -30.6359743636    102002.7029850787
871000     -9651.0975866259       129.9789960606       -30.6244334801    102002.7029850787
872000     -9651.1182439339       129.9773988039       -30.6877225421    102002.7029850787
873000     -9651.1108709627       129.9771336231       -30.6519250134    102002.7029850787
874000     -9651.0690083345       129.9786432340       -30.5402099209    102002.7029850787
875000     -9651.0616936463       129.9780790517       -30.4213613113    102002.7029850787
876000     -9651.0444982373       129.9786889382       -30.4313958853    102002.7029850787
877000     -9651.0305061874       129.9793922270       -30.6332979713    102002.7029850787
878000     -9651.0375304482       129.9778014580       -30.6210282259    102002.7029850787
879000     -9651.0202495652       129.9778697558       -30.5626724182    102002.7029850787
880000     -9650.9841877464       129.9781296144       -30.5176129730    102002.7029850787
881000     -9650.9378548032       129.9788703076       -30.7888291141    102002.7029850787
882000     -9650.9142959989       129.9785288235       -30.9439519013    102002.7029850787
883000     -9650.8951118617       129.9794579215       -30.7730282096    102002.7029850787
884000     -9650.8738819242       129.9796102443       -30.7780344490    102002.7029850787
885000     -9650.8459623937       129.9801269530       -30.5886137340    102002.7029850787
886000     -9650.7983693469       129.9819231552       -30.5833508325    102002.7029850787
887000     -9650.8073082019       129.9812336430       -30.7987081660    102002.7029850787
888000     -9650.7405636083       129.9842436229       -30.7918925148    102002.7029850787
889000     -9650.7638263293       129.9831520804       -30.5671489081    102002.7029850787
890000     -9650.7729233664       129.9825146794       -30.2982962840    102002.7029850787
891000     -9650.7642992774       129.9819147649       -30.2222857496    102002.7029850787
892000     -9650.7836933618       129.9803402609       -30.1323127527    102002.7029850787
893000     -9650.8072889221       129.9803841778       -29.9915942148    102002.7029850787
894000     -9650.8241878468       129.9801682547       -29.9574922017    102002.7029850787
895000     -9650.8142816639       129.9804111921       -29.9396627229    102002.7029850787
896000     -9650.8629609377       129.9782366722       -29.7849988979    102002.7029850787
897000     -9650.8421117707       129.9794180031       -29.6480006610    102002.7029850787
898000     -9650.8426198337       129.9790327954       -29.5468203569    102002.7029850787
899000     -9650.8142040110       129.9800368861       -29.4049143501    102002.7029850787
900000     -9650.8273088675       129.9787946425       -29.2199618913    102002.7029850787
901000     -9650.8455422101       129.9776636831       -29.0053356331    102002.7029850787
902000     -9650.8818446517       129.9754010791       -28.7720175148    102002.7029850787
903000     -9650.8760008387       129.9762224615       -28.6628851798    102002.7029850787
904000     -9650.8761741875       129.9772041734       -28.5337211812    102002.7029850787
905000     -9650.8627599848       129.9779418613       -28.3021400465    102002.7029850787
906000     -9650.8780216752       129.9762878428       -28.1592747844    102002.7029850787
907000     -9650.8844809338       129.9755230702       -27.9257661620    102002.7029850787
908000     -9650.8725120963       129.9754018552       -27.6452505854    102002.7029850787
909000     -9650.8460733080       129.9770420329       -27.3788097482    102002.7029850787
910000     -9650.8449252837       129.9778546763       -27.1418060603    102002.7029850787
911000     -9650.8752186089       129.9763826783       -27.0987808002    102002.7029850787
912000     -9650.8475458963       129.9773957680       -27.0331417265    102002.7029850787
913000     -9650.8217362570       129.9792007007       -26.8331842785    102002.7029850787
914000     -9650.7901129825       129.9803916009       -26.6504541631    102002.7029850787
915000     -9650.7988095869       129.9791569907       -26.5664221665    102002.7029850787
916000     -9650.8022265334       129.9795845715       -26.4879907111    102002.7029850787
917000     -9650.8185352010       129.9784364296       -26.2928223051    102002.7029850787
918000     -9650.8642408936       129.9766844388       -26.2314415964    102002.7029850787
919000     -9650.8588329593       129.9773031108       -26.0879591555    102002.7029850787
920000     -9650.8237088546       129.9785943390       -25.9017389595    102002.7029850787
921000     -9650.8307528682       129.9792164109       -25.8012799096    102002.7029850787
922000     -9650.8319655393       129.9791606736       -25.6604136194    102002.7029850787
923000     -9650.8001181097       129.9803986664       -25.5019528263    102002.7029850787
924000     -9650.7686615063       129.9811351387       -25.2395345867    102002.7029850787
925000     -9650.7672499054       129.9800717094       -24.9903353452    102002.7029850787
926000     -9650.7089889771       129.9818274866       -24.9953572085    102002.7029850787
927000     -9650.6756910199       129.9831156849       -25.0393469196    102002.7029850786
928000     -9650.6358370170       129.9836216522       -25.0843573803    102002.7029850786
929000     -9650.6092557998       129.9841558822       -25.0792676874    102002.7029850786
930000     -9650.6094024815       129.9836717549       -24.9972527909    102002.7029850786
931000     -9650.5569720114       129.9846941538       -24.8853431881    102002.7029850786
932000     -9650.5705438201       129.9827285319       -24.8540964091    102002.7029850786
933000     -9650.5515289871       129.9831640509       -24.8037046077    102002.7029850786
934000     -9650.5203506420       129.9834660140       -24.5792279187    102002.7029850786
935000     -9650.5013936577       129.9850202502       -24.4946340446    102002.7029850786
936000     -9650.4999123902       129.9845502664       -24.4398069982    102002.7029850786
937000     -9650.4640968089       129.9857157977       -24.3250751333    102002.7029850786
938000     -9650.4735889275       129.9849014899       -24.3138013076    102002.7029850786
939000     -9650.4672721661       129.9855842304       -24.2299400868    102002.7029850786
940000     -9650.4789315942       129.9850391391       -24.3050210255    102002.7029850786
941000     -9650.4742687758       129.9855132206       -24.4017748735    102002.7029850786
942000     -9650.4800725272       129.9849186408       -24.3312200643    102002.7029850786
943000     -9650.4347482013       129.9864461518       -24.3389621825    102002.7029850786
944000     -9650.4119326937       129.9866284260       -24.4016532066    102002.7029850786
945000     -9650.4273429792       129.9844042669       -24.3951424094    102002.7029850786
946000     -9650.3840096384       129.9862511297       -24.1648624185    102002.7029850786
947000     -9650.4144021783       129.9846774051       -24.0181280816    102002.7029850786
948000     -9650.3991394054       129.9851079545       -23.9326321706    102002.7029850786
949000     -9650.3906891009       129.9855112114       -23.7322324516    102002.7029850786
950000     -9650.4262613806       129.9847066691       -23.6653951215    102002.7029850786
951000     -9650.3809657048       129.9865112475       -23.4146108042    102002.7029850786
952000     -9650.3344123069       129.9879698596       -23.2717961089    102002.7029850786
953000     -9650.3430274770       129.9870927795       -23.3110456435    102002.7029850786
954000     -9650.3503774728       129.9865490077       -23.2030392293    102002.7029850786
955000     -9650.3616987530       129.9858350990       -23.1615174360    102002.7029850786
956000     -9650.3449765855       129.9861740627       -23.0059984843    102002.7029850786
957000     -9650.3280958584       129.9859166142       -22.9295272692    102002.7029850786
958000     -9650.3438685439       129.9845324682       -22.7954747182    102002.7029850786
959000     -9650.3111902696       129.9847615455       -22.7383935805    102002.7029850786
960000     -9650.2950069793       129.9854633717       -22.5109952282    102002.7029850786
961000     -9650.2662434870       129.9868631296       -22.3213837468    102002.7029850786
962000     -9650.2667416630       129.9877751404       -22.2697527237    102002.7029850786
963000     -9650.2893613739       129.9863624347       -22.1451796840    102002.7029850786
964000     -9650.3213825682       129.9847889927       -22.0128436693    102002.7029850786
965000     -9650.3319225613       129.9850517591       -21.8848048406    102002.7029850786
966000     -9650.3459334386       129.9847686681       -21.5560495479    102002.7029850786
967000     -9650.3554180038       129.9841561407       -21.2977309631    102002.7029850786
968000     -9650.3536594008       129.9836227833       -21.1211977331    102002.7029850786
969000     -9650.3752497219       129.9821847887       -20.8541969259    102002.7029850786
970000     -9650.3556743322       129.9820004629       -20.5941667957    102002.7029850786
971000     -9650.3517235105       129.9823959264       -20.3957863509    102002.7029850786
972000     -9650.3955992433       129.9816120196       -20.2622250302    102002.7029850786
973000     -9650.3591936761       129.9824913525       -20.1374127482    102002.7029850786
974000     -9650.3519972232       129.9821850836       -20.0298474220    102002.7029850786
975000     -9650.3526482926       129.9812426074       -19.9591741504    102002.7029850786
976000     -9650.3378934364       129.9809975123       -20.0276268544    102002.7029850786
977000     -9650.3193633422       129.9816166325       -20.1148596799    102002.7029850786
978000     -9650.2981393680       129.9826636864       -20.0250856679    102002.7029850786
979000     -9650.2687934552       129.9838948232       -20.0114134615    102002.7029850786
980000     -9650.2821273983       129.9825565263       -19.9767180142    102002.7029850786
981000     -9650.2539444920       129.9843480293       -19.9370058420    102002.7029850786
982000     -9650.2461517235       129.9846771636       -19.9242880476    102002.7029850786
983000     -9650.2682138410       129.9825522400       -19.7859853444    102002.7029850786
984000     -9650.2615335514       129.9824994310       -19.8500463604    102002.7029850786
985000     -9650.2524074331       129.9826766249       -19.8824172110    102002.7029850786
986000     -9650.2408139648       129.9834086308       -19.7321723262    102002.7029850786
987000     -9650.2487526034       129.9824535272       -19.6800036339    102002.7029850786
988000     -9650.2499650825       129.9821405056       -19.7558684046    102002.7029850786
989000     -9650.2685138485       129.9807173857       -19.8632185842    102002.7029850786
990000     -9650.2673085592       129.9810374933       -19.9907017607    102002.7029850786
991000     -9650.2342092885       129.9827617661       -19.7457576657    102002.7029850786
992000     -9650.2211949391       129.9819815920       -19.6410401467    102002.7029850786
993000     -9650.2092173154       129.9820968284       -19.3696668409    102002.7029850786
994000     -9650.2228880184       129.9815727499       -19.2589786029    102002.7029850786
995000     -9650.2066253406       129.9827114586       -19.2665540934    102002.7029850786
996000     -9650.2295056453       129.9820238218       -19.2839365313    102002.7029850786
997000     -9650.2687566838       129.9800908143       -19.2249769135    102002.7029850786
998000     -9650.2836194613       129.9799593493       -19.1805326958    102002.7029850786
999000     -9650.2979997335       129.9804530020       -19.1409390639    102002.7029850786
1000000     -9650.3108226136       129.9808516556       -19.1245084508    102002.7029850786
