# Time-averaged data for fix runningavgs
# TimeStep v_ra_etotal v_ra_temp v_ra_press v_ra_volume
502000     -9400.5062060867       129.8009237680      -518.4879352608    102002.7029850792
503000     -9408.7551427054       129.4772647811      -528.9426145278    102002.7029850792
504000     -9407.9739843813       129.6663844390      -503.5471048476    102002.7029850792
505000     -9405.7820478663       129.9001059951      -475.6590623908    102002.7029850792
506000     -9403.4688649910       130.0554740780      -469.5830297677    102002.7029850792
507000     -9402.5642935458       130.0971098328      -474.4531098556    102002.7029850792
508000     -9401.0835641260       130.1566292387      -466.0655522593    102002.7029850792
509000     -9402.1171704937       130.1726955253      -461.4421135311    102002.7029850792
510000     -9403.0638632550       130.1117678621      -456.9857497747    102002.7029850792
511000     -9403.0439315917       130.1165302987      -456.3714563163    102002.7029850792
512000     -9403.5746595149       130.0457216925      -458.1793156711    102002.7029850792
513000     -9404.3346286062       129.9819573955      -456.8756502603    102002.7029850792
514000     -9404.4614095077       129.9763022251      -454.0445685330    102002.7029850792
515000     -9403.6212718267       129.9912823896      -455.4643908716    102002.7029850792
516000     -9404.3551295239       129.9328465224      -452.1463873322    102002.7029850792
517000     -9404.9084884395       129.9339670887      -446.8960775317    102002.7029850792
518000     -9405.3361351101       129.9101718702      -439.8959609585    102002.7029850792
519000     -9404.4504396603       129.9554391179      -436.3807134996    102002.7029850792
520000     -9404.3165857846       129.9496948691      -434.5251069115    102002.7029850792
521000     -9404.2237785437       129.9198610566      -434.6513062085    102002.7029850792
522000     -9404.5201064587       129.9095312787      -433.7830862249    102002.7029850792
523000     -9405.4070605786       129.8632244058      -432.2104185947    102002.7029850792
524000     -9405.2393106818       129.8931342966      -431.7572676078    102002.7029850792
525000     -9404.5723325949       129.9282965447      -430.3665103350    102002.7029850792
526000     -9404.9176701849       129.9120155058      -430.8883318097    102002.7029850792
527000     -9404.8942304575       129.8983202923      -429.0426739988    102002.7029850792
528000     -9405.6437327128       129.8679104318      -432.7284324662    102002.7029850792
529000     -9405.7975278660       129.8510037155      -432.6922541612    102002.7029850792
530000     -9406.3226742829       129.8413025670      -433.5435025378    102002.7029850792
531000     -9406.4431898519       129.8456717327      -432.9516584352    102002.7029850792
532000     -9406.4577350888       129.8264414947      -432.6951441182    102002.7029850792
533000     -9406.6325997879       129.8145712896      -433.6078073453    102002.7029850792
534000     -9406.5928817931       129.8157327425      -434.5888018187    102002.7029850792
535000     -9405.9553570555       129.8346403790      -434.8602289251    102002.7029850792
536000     -9405.9636146498       129.8417966515      -434.6074103069    102002.7029850792
537000     -9406.2327968221       129.8316003572      -435.1130762716    102002.7029850792
538000     -9406.3818522352       129.8312772834      -436.1278507283    102002.7029850792
539000     -9406.6973155968       129.8196666211      -436.6892737585    102002.7029850791
540000     -9406.6110500809       129.8234692909      -437.7268382279    102002.7029850791
541000     -9406.0947072912       129.8457185409      -436.7542831974    102002.7029850791
542000     -9406.1414269402       129.8561347859      -436.4408476337    102002.7029850791
543000     -9406.2431421744       129.8599690573      -436.9804756660    102002.7029850791
544000     -9406.0056178583       129.8746053665      -437.2889857232    102002.7029850791
545000     -9406.1022850278       129.8803242828      -437.5743970937    102002.7029850791
546000     -9405.8949906587       129.9008080400      -436.7475197934    102002.7029850791
547000     -9405.8269740376       129.9109339287      -436.8835960092    102002.7029850791
548000     -9405.8316215719       129.9151002163      -439.3309204266    102002.7029850791
549000     -9405.6384108476       129.9144960483      -439.0135163265    102002.7029850791
550000     -9405.9810277720       129.8917495046      -437.8589974919    102002.7029850791
551000     -9406.2948512558       129.8806505458      -436.8983888659    102002.7029850791
552000     -9406.5099040238       129.8773040893      -437.0606990497    102002.7029850791
553000     -9406.6728386439       129.8676560976      -437.6122367732    102002.7029850791
554000     -9406.7315543487       129.8689756720      -439.2526968908    102002.7029850791
555000     -9406.7057829010       129.8772752675      -440.4018870677    102002.7029850791
556000     -9407.0741643627       129.8641029636      -441.2312463862    102002.7029850791
557000     -9407.2715980578       129.8581244186      -441.1717273511    102002.7029850791
558000     -9407.2153855189       129.8583527527      -440.5896286712    102002.7029850791
559000     -9407.1286638894       129.8664353000      -441.0174763926    102002.7029850791
560000     -9407.0933376946       129.8709281219      -441.2337563870    102002.7029850791
561000     -9407.0442452749       129.8785260610      -440.5385805850    102002.7029850791
562000     -9407.0353714249       129.8814463239      -440.3795146853    102002.7029850791
563000     -9406.9373853458       129.8819674315      -440.1451773553    102002.7029850791
564000     -9407.1448277620       129.8714107257      -441.0268740128    102002.7029850791
565000     -9407.3457145022       129.8576561542      -442.7809333051    102002.7029850791
566000     -9407.2100097297       129.8630517620      -442.6621287290    102002.7029850791
567000     -9406.9732082980       129.8713818525      -443.5467037826    102002.7029850791
568000     -9406.8260198967       129.8744384798      -444.5245467504    102002.7029850791
569000     -9406.8722820992       129.8638187793      -445.4035367776    102002.7029850791
570000     -9407.0205453497       129.8524020169      -446.3270952234    102002.7029850791
571000     -9407.0273909349       129.8494061106      -447.3773921977    102002.7029850791
572000     -9407.0974094190       129.8443039731      -447.7917598436    102002.7029850791
573000     -9407.2237337801       129.8380989005      -447.6587232742    102002.7029850791
574000     -9407.2122035088       129.8387923218      -447.7931876877    102002.7029850791
575000     -9406.9558190771       129.8456121931      -448.2983162211    102002.7029850791
576000     -9406.8266131664       129.8530538300      -448.3773305198    102002.7029850791
577000     -9406.6484761541       129.8606010417      -448.6215653114    102002.7029850791
578000     -9406.7794354035       129.8542809308      -448.3910466319    102002.7029850791
579000     -9406.6939011091       129.8606709363      -447.9267423598    102002.7029850791
580000     -9406.5580971009       129.8689498388      -446.5497790000    102002.7029850791
581000     -9406.6252934123       129.8676492792      -445.5477686612    102002.7029850791
582000     -9406.7277318979       129.8647728126      -444.9788351222    102002.7029850791
583000     -9406.7372953779       129.8608471196      -444.4902756404    102002.7029850791
584000     -9406.4914201916       129.8742854019      -444.5562798117    102002.7029850791
585000     -9406.3957791590       129.8755694836      -444.0838237131    102002.7029850791
586000     -9406.2360408763       129.8787055998      -443.8174614652    102002.7029850791
587000     -9406.0804621423       129.8804199172      -443.2728822582    102002.7029850791
588000     -9405.9086499506       129.8883186668      -442.6471094125    102002.7029850791
589000     -9405.8933577337       129.8893457831      -442.3004967014    102002.7029850791
590000     -9405.9609498342       129.8826846620      -442.0080769960    102002.7029850791
591000     -9406.0537878526       129.8823715510      -442.3944008317    102002.7029850792
592000     -9406.0117566552       129.8872686871      -443.6278491515    102002.7029850792
593000     -9405.8992959927       129.8906798903      -443.7879180978    102002.7029850792
594000     -9405.8348713490       129.8905420694      -443.3444032456    102002.7029850792
595000     -9405.6573111164       129.8977438358      -442.6567595319    102002.7029850792
596000     -9405.6023398307       129.8981586554      -442.0734166359    102002.7029850792
597000     -9405.5181097220       129.8976564846      -441.7517333847    102002.7029850792
598000     -9405.4175279391       129.8998391357      -440.7952382407    102002.7029850792
599000     -9405.2437791767       129.9096100258      -439.9513336744    102002.7029850792
600000     -9405.0610359776       129.9164364184      -439.6687974742    102002.7029850792
601000     -9405.1318925709       129.9162928297      -439.7262804367    102002.7029850792
602000     -9405.0381804527       129.9239271029      -439.5388975327    102002.7029850792
603000     -9405.1798179167       129.9215214044      -439.3506159126    102002.7029850792
604000     -9405.1856208971       129.9239092433      -439.4620003703    102002.7029850793
605000     -9405.2526298251       129.9241762084      -439.7346661007    102002.7029850793
606000     -9405.2624941786       129.9249535729      -439.2411354324    102002.7029850793
607000     -9405.2915953218       129.9286414538      -438.6425983172    102002.7029850793
608000     -9405.2764309557       129.9268639242      -438.6434425739    102002.7029850793
609000     -9405.0956236005       129.9355845859      -438.8262538869    102002.7029850793
610000     -9405.1166946602       129.9356993355      -439.6402251311    102002.7029850793
611000     -9405.0803484780       129.9341119475      -439.1860118325    102002.7029850793
612000     -9404.9377005254       129.9338495934      -438.4719078981    102002.7029850793
613000     -9404.8038800797       129.9409035825      -438.8006684856    102002.7029850793
614000     -9404.7282859810       129.9407088987      -438.8336668535    102002.7029850793
615000     -9404.6635388002       129.9408087346      -439.3909523294    102002.7029850793
616000     -9404.4809473753       129.9476196728      -439.1534804699    102002.7029850793
617000     -9404.5619515802       129.9453107847      -439.1580496948    102002.7029850793
618000     -9404.5299096982       129.9519070637      -439.3315790625    102002.7029850793
619000     -9404.5827950259       129.9500407842      -439.3401605982    102002.7029850793
620000     -9404.6684744074       129.9466320969      -439.9244164702    102002.7029850793
621000     -9404.6840885629       129.9463248176      -440.2465516106    102002.7029850793
622000     -9404.7863769769       129.9443988473      -440.4909229298    102002.7029850794
623000     -9404.9046394739       129.9386600838      -440.7420476321    102002.7029850794
624000     -9404.9260706691       129.9402695316      -441.3247306479    102002.7029850794
625000     -9405.0407028291       129.9377465248      -442.0979042277    102002.7029850794
626000     -9405.0612091939       129.9364561584      -441.8703265129    102002.7029850794
627000     -9405.1081363418       129.9349678880      -441.9314186702    102002.7029850794
628000     -9405.2003061350       129.9310939900      -442.0225092307    102002.7029850794
629000     -9405.2262784338       129.9302200818      -441.7645104978    102002.7029850794
630000     -9405.3270161313       129.9278470808      -442.0363803695    102002.7029850794
631000     -9405.2922088080       129.9323847357      -441.9842660366    102002.7029850794
632000     -9405.2786180533       129.9323539550      -442.3585767291    102002.7029850794
633000     -9405.4129629032       129.9282011741      -442.9650134530    102002.7029850794
634000     -9405.3191446535       129.9329204994      -443.2159330084    102002.7029850794
635000     -9405.1966717923       129.9419676220      -442.9943542466    102002.7029850794
636000     -9405.3204269860       129.9396072980      -443.3839176198    102002.7029850794
637000     -9405.4135314822       129.9368660425      -444.0619579041    102002.7029850794
638000     -9405.4885728262       129.9369979685      -444.3955703023    102002.7029850794
639000     -9405.6732768737       129.9294801560      -444.6217089701    102002.7029850794
640000     -9405.7633722694       129.9281808865      -444.3093713259    102002.7029850794
641000     -9405.8743873022       129.9264868272      -444.0914597258    102002.7029850794
642000     -9405.8841911050       129.9301732705      -443.7856608286    102002.7029850794
643000     -9405.9655530837       129.9314832581      -443.3578353906    102002.7029850794
644000     -9405.9746109087       129.9340092411      -442.7947032278    102002.7029850794
645000     -9405.9681485671       129.9355400592      -442.4756462148    102002.7029850794
646000     -9405.8846266028       129.9397578549      -441.8126012472    102002.7029850795
647000     -9405.7229170304       129.9473864921      -441.5931265377    102002.7029850795
648000     -9405.6701000899       129.9491991052      -441.7735457428    102002.7029850795
649000     -9405.7522766013       129.9460748228      -441.9576699161    102002.7029850795
650000     -9405.7571448007       129.9479595495      -442.4078867752    102002.7029850795
651000     -9405.8789457597       129.9464234510      -442.8278738350    102002.7029850795
652000     -9405.9597686130       129.9413225509      -442.5281112814    102002.7029850795
653000     -9405.8728977486       129.9462327931      -442.0397333553    102002.7029850795
654000     -9405.9807335929       129.9412490886      -442.0177362658    102002.7029850795
655000     -9405.9951569517       129.9385292560      -441.7647902345    102002.7029850795
656000     -9405.8765548473       129.9428952856      -441.8105746943    102002.7029850795
657000     -9405.8500694981       129.9452472858      -442.0864251839    102002.7029850795
658000     -9405.7276373608       129.9485365234      -442.1036137141    102002.7029850795
659000     -9405.7695249639       129.9454877137      -441.7334045096    102002.7029850795
660000     -9405.7854029063       129.9444949001      -441.7612771366    102002.7029850795
661000     -9405.7574954458       129.9497470069      -441.4457057696    102002.7029850795
662000     -9405.7323188497       129.9514986111      -441.1694860438    102002.7029850795
663000     -9405.7441215045       129.9514823498      -441.3510646829    102002.7029850795
664000     -9405.7774971231       129.9526979021      -442.7163144254    102002.7029850795
665000     -9405.7593878671       129.9543749378      -442.9092982004    102002.7029850795
666000     -9405.7070560394       129.9582564102      -442.9093493430    102002.7029850795
667000     -9405.6300297698       129.9619190313      -443.0978692648    102002.7029850795
668000     -9405.7370877277       129.9579951797      -443.1837142128    102002.7029850795
669000     -9405.7109780793       129.9562662942      -443.0727989008    102002.7029850795
670000     -9405.7381577963       129.9543443851      -443.3591278286    102002.7029850795
671000     -9405.6504191236       129.9571855755      -443.3214512508    102002.7029850795
672000     -9405.6838814304       129.9544973906      -443.2943709815    102002.7029850795
673000     -9405.7271940833       129.9490915568      -443.0482741571    102002.7029850795
674000     -9405.6819961029       129.9501000291      -442.9235471293    102002.7029850794
675000     -9405.6371199584       129.9496166819      -443.3898450970    102002.7029850794
676000     -9405.5455938025       129.9519083528      -443.1665014560    102002.7029850794
677000     -9405.4902919587       129.9534735828      -443.1102298898    102002.7029850794
678000     -9405.5470716057       129.9492899200      -443.1070079762    102002.7029850794
679000     -9405.5307461894       129.9510636697      -442.9187454993    102002.7029850794
680000     -9405.5671986754       129.9504071052      -443.0765829944    102002.7029850794
681000     -9405.5320957393       129.9520510571      -443.3915294688    102002.7029850794
682000     -9405.5454541195       129.9501290293      -443.2267454100    102002.7029850794
683000     -9405.5223456929       129.9513973601      -442.8896071121    102002.7029850794
684000     -9405.4022174076       129.9575034623      -442.7054861589    102002.7029850794
685000     -9405.3132938947       129.9592080619      -442.7404234938    102002.7029850794
686000     -9405.3219407017       129.9565575334      -442.7633244709    102002.7029850794
687000     -9405.3326384166       129.9544398376      -443.3184779019    102002.7029850794
688000     -9405.3446231164       129.9540484587      -443.5690356360    102002.7029850793
689000     -9405.3916656763       129.9511498532      -443.6345917591    102002.7029850793
690000     -9405.3830028541       129.9520217044      -444.2368614579    102002.7029850793
691000     -9405.4329395432       129.9536661607      -444.6267632057    102002.7029850793
692000     -9405.3818112390       129.9590748030      -445.1068376613    102002.7029850793
693000     -9405.3468185927       129.9611540599      -445.1767959170    102002.7029850793
694000     -9405.3445800185       129.9635465715      -445.3952068517    102002.7029850793
695000     -9405.4077802998       129.9625893866      -445.3566886892    102002.7029850793
696000     -9405.3942629425       129.9646302862      -445.1280298695    102002.7029850793
697000     -9405.4184432316       129.9637713684      -444.9769552577    102002.7029850793
698000     -9405.3808901473       129.9638085530      -444.7880630845    102002.7029850793
699000     -9405.4058316407       129.9615118291      -444.3656833325    102002.7029850793
700000     -9405.4382560531       129.9588316358      -444.0253399813    102002.7029850793
701000     -9405.4928579293       129.9570243595      -443.9249471400    102002.7029850793
702000     -9405.5216988516       129.9551416592      -443.8679801308    102002.7029850793
703000     -9405.5873645107       129.9522955065      -443.8995237765    102002.7029850793
704000     -9405.6301618731       129.9506215857      -444.0048522837    102002.7029850792
705000     -9405.5869367863       129.9515466392      -443.7947273919    102002.7029850792
706000     -9405.4820991191       129.9549190460      -443.2191409190    102002.7029850792
707000     -9405.4723406617       129.9541396073      -443.0649179064    102002.7029850792
708000     -9405.4503389520       129.9560749104      -443.0010334711    102002.7029850792
709000     -9405.3939384958       129.9597870519      -442.8806274840    102002.7029850792
710000     -9405.4178285321       129.9591079831      -442.8662482015    102002.7029850792
711000     -9405.3197780743       129.9636120913      -442.8320751667    102002.7029850792
712000     -9405.3494089149       129.9622019490      -443.1857410656    102002.7029850792
713000     -9405.4211524053       129.9584009581      -443.3154711540    102002.7029850792
714000     -9405.4356187508       129.9580788990      -443.3341486973    102002.7029850792
715000     -9405.4832026913       129.9562488930      -443.7024126690    102002.7029850792
716000     -9405.5369579704       129.9549549169      -444.2631711129    102002.7029850792
717000     -9405.5368153778       129.9586296037      -444.5465354771    102002.7029850792
718000     -9405.5427968648       129.9587341700      -444.4261543911    102002.7029850792
719000     -9405.5338825995       129.9576306269      -444.2353885322    102002.7029850792
720000     -9405.5859799366       129.9567888379      -443.8388547127    102002.7029850792
721000     -9405.5943385815       129.9572605406      -443.6484480419    102002.7029850792
722000     -9405.5024894313       129.9595974788      -443.3335942871    102002.7029850792
723000     -9405.4624991756       129.9599478667      -443.0787041246    102002.7029850792
724000     -9405.4711766952       129.9595265240      -443.1916526089    102002.7029850791
725000     -9405.4942877111       129.9580752387      -443.7540429544    102002.7029850791
726000     -9405.5148104220       129.9580308598      -444.1578366609    102002.7029850791
727000     -9405.4901526337       129.9609607873      -444.3394011801    102002.7029850791
728000     -9405.4625506610       129.9647222923      -444.5531279809    102002.7029850791
729000     -9405.4588335302       129.9666293497      -444.4798786626    102002.7029850791
730000     -9405.4337596555       129.9694411641      -444.3370868137    102002.7029850791
731000     -9405.4341550059       129.9720075893      -444.0710755201    102002.7029850791
732000     -9405.4499452987       129.9717359848      -443.7835551626    102002.7029850791
733000     -9405.4819816254       129.9724076308      -443.6433120267    102002.7029850791
734000     -9405.4970405440       129.9718565163      -443.2324676517    102002.7029850791
735000     -9405.4423620078       129.9732270166      -442.5890691051    102002.7029850791
736000     -9405.3523555005       129.9760505853      -442.1982207332    102002.7029850791
737000     -9405.3218461470       129.9773712689      -441.7375545469    102002.7029850791
738000     -9405.3364476438       129.9763059276      -441.5677037233    102002.7029850791
739000     -9405.3475303630       129.9769301173      -441.3700665700    102002.7029850791
740000     -9405.3870077484       129.9752998818      -441.2395506242    102002.7029850791
741000     -9405.3831431755       129.9752899255      -441.1664609132    102002.7029850791
742000     -9405.4481826162       129.9717160715      -440.9670711844    102002.7029850791
743000     -9405.4326614630       129.9747311628      -440.9286133453    102002.7029850791
744000     -9405.4936361245       129.9734926248      -440.8939701597    102002.7029850791
745000     -9405.5034766004       129.9727077411      -440.6243958177    102002.7029850791
746000     -9405.5345838530       129.9707523874      -440.5680884268    102002.7029850791
747000     -9405.4977885343       129.9729548437      -440.2691231085    102002.7029850791
748000     -9405.5180859578       129.9730966812      -440.2421972217    102002.7029850790
749000     -9405.5325734301       129.9742606023      -439.9119916454    102002.7029850790
750000     -9405.5595267910       129.9745624004      -439.4310205611    102002.7029850790
751000     -9405.5585974649       129.9751529737      -439.1065026004    102002.7029850790
752000     -9405.5643334878       129.9735236295      -438.9453906921    102002.7029850790
753000     -9405.6357449134       129.9710237386      -439.0775717760    102002.7029850790
754000     -9405.6489816329       129.9683671201      -439.0546785021    102002.7029850790
755000     -9405.6262392320       129.9682712151      -438.8445568807    102002.7029850790
756000     -9405.6350970692       129.9666707664      -438.6016504117    102002.7029850790
757000     -9405.6444497720       129.9690589483      -438.3009886400    102002.7029850790
758000     -9405.6674117956       129.9691974586      -438.0319798058    102002.7029850790
759000     -9405.6808173543       129.9694008337      -437.7083265331    102002.7029850790
760000     -9405.7364243082       129.9683389181      -437.3260132393    102002.7029850790
761000     -9405.7300292044       129.9707190002      -437.0407326483    102002.7029850790
762000     -9405.7293247202       129.9712783633      -436.7791712942    102002.7029850790
763000     -9405.7179702062       129.9744946913      -436.4470945887    102002.7029850790
764000     -9405.7365450780       129.9732597376      -436.2262695137    102002.7029850790
765000     -9405.8548497096       129.9683322846      -436.1139125713    102002.7029850790
766000     -9405.7957297539       129.9711697357      -436.0879383826    102002.7029850790
767000     -9405.7582509591       129.9737161388      -436.0872076972    102002.7029850790
768000     -9405.8084494248       129.9724287337      -436.1523205408    102002.7029850790
769000     -9405.7950960147       129.9741736154      -436.0406653785    102002.7029850790
770000     -9405.8058072634       129.9730599323      -435.8687867091    102002.7029850790
771000     -9405.8147490681       129.9709544263      -435.6008789473    102002.7029850790
772000     -9405.7647430083       129.9739016064      -435.2950213823    102002.7029850790
773000     -9405.7691805697       129.9751166401      -435.1164172809    102002.7029850790
774000     -9405.7533590364       129.9757671560      -434.8105457185    102002.7029850790
775000     -9405.8059582491       129.9742370921      -434.9063674466    102002.7029850790
776000     -9405.8127609570       129.9739949574      -434.9109349061    102002.7029850790
777000     -9405.8455615608       129.9729258575      -434.8200774488    102002.7029850789
778000     -9405.9062937626       129.9710598203      -434.4816545793    102002.7029850789
779000     -9405.8994099674       129.9720125095      -434.3508525288    102002.7029850789
780000     -9405.9538506000       129.9701733505      -433.9567231312    102002.7029850789
781000     -9405.9822547543       129.9701986618      -433.7287629489    102002.7029850789
782000     -9405.9786481215       129.9716247460      -433.8828051753    102002.7029850789
783000     -9405.9538993534       129.9745199164      -433.9473693437    102002.7029850789
784000     -9405.9087231244       129.9763625275      -433.8304869693    102002.7029850789
785000     -9405.9579533833       129.9755690447      -433.6539366242    102002.7029850789
786000     -9405.9866693707       129.9744797698      -433.5578078873    102002.7029850789
787000     -9405.9578447478       129.9766795964      -433.5876308636    102002.7029850789
788000     -9405.9443430744       129.9775929208      -433.8788989805    102002.7029850789
789000     -9405.9238074605       129.9783519801      -433.7562531298    102002.7029850789
790000     -9405.9343111773       129.9777218069      -433.7432172621    102002.7029850789
791000     -9405.9290885162       129.9792166655      -433.6484002654    102002.7029850789
792000     -9406.0144947270       129.9746957433      -433.5312083703    102002.7029850789
793000     -9406.0401569367       129.9747928932      -433.5662210128    102002.7029850789
794000     -9406.0780075476       129.9730003580      -433.4265572530    102002.7029850789
795000     -9406.1143563797       129.9720202352      -433.2033656678    102002.7029850789
796000     -9406.0969290195       129.9733348066      -432.9987886863    102002.7029850789
797000     -9406.0503807305       129.9738027129      -432.8880905341    102002.7029850789
798000     -9406.0501981796       129.9735695458      -432.7739326555    102002.7029850789
799000     -9406.0153036333       129.9746550150      -432.6085010490    102002.7029850789
800000     -9406.0110989613       129.9748387969      -432.2758167428    102002.7029850789
801000     -9406.0156083658       129.9754867953      -432.1933880128    102002.7029850789
802000     -9406.0286719511       129.9753644829      -431.8422992622    102002.7029850789
803000     -9406.1075808344       129.9723173268      -431.7441464175    102002.7029850789
804000     -9406.1021743908       129.9752096174      -431.5786602661    102002.7029850789
805000     -9406.0943751057       129.9765988191      -431.2627316175    102002.7029850789
806000     -9406.0739901200       129.9777608098      -431.4174362697    102002.7029850789
807000     -9406.0515572009       129.9796024537      -431.3921801251    102002.7029850789
808000     -9406.0363600939       129.9815570325      -431.1164332929    102002.7029850789
809000     -9406.0428550098       129.9830239070      -431.1927092364    102002.7029850789
810000     -9406.0577037588       129.9837819640      -431.1967991222    102002.7029850789
811000     -9406.0490227392       129.9851840438      -430.9755063876    102002.7029850789
812000     -9406.0539076135       129.9848082426      -430.7862375487    102002.7029850789
813000     -9406.0023200346       129.9881901753      -430.6464249928    102002.7029850789
814000     -9405.9939129865       129.9887720251      -430.5579128759    102002.7029850789
815000     -9405.9433375781       129.9922304790      -430.5413857127    102002.7029850788
816000     -9405.9584286513       129.9925774264      -430.3046245616    102002.7029850788
817000     -9406.0313310276       129.9905135397      -429.9759647079    102002.7029850788
818000     -9406.0579369136       129.9905889793      -430.1157600739    102002.7029850788
819000     -9406.0525137096       129.9900474516      -430.1950026357    102002.7029850788
820000     -9406.0716700220       129.9898201166      -430.2277695971    102002.7029850788
821000     -9406.0406857303       129.9906577748      -430.1808608936    102002.7029850788
822000     -9406.0243831734       129.9921460940      -430.1468305330    102002.7029850788
823000     -9406.0511791274       129.9910412762      -430.0351262774    102002.7029850788
824000     -9406.0118290951       129.9934421344      -430.0470487779    102002.7029850788
825000     -9406.0001694124       129.9946679849      -429.8870884144    102002.7029850788
826000     -9406.0210730505       129.9950263177      -429.7286769263    102002.7029850788
827000     -9406.0312947566       129.9949412512      -429.4438487235    102002.7029850788
828000     -9406.0106588327       129.9950226873      -429.2945078693    102002.7029850788
829000     -9405.9924749304       129.9956291117      -429.0637225776    102002.7029850788
830000     -9406.0389130713       129.9922864017      -429.0362938058    102002.7029850788
831000     -9406.0285296926       129.9916272962      -428.9165206229    102002.7029850788
832000     -9406.0031050260       129.9921497820      -428.7123830769    102002.7029850788
833000     -9405.9360718219       129.9951612247      -428.4114723311    102002.7029850788
834000     -9405.9296331901       129.9951808059      -428.4387249701    102002.7029850788
835000     -9405.9949334469       129.9920375870      -428.5507332104    102002.7029850788
836000     -9405.9723367435       129.9918265940      -428.2324484964    102002.7029850788
837000     -9405.9122005538       129.9940733264      -427.7094217586    102002.7029850788
838000     -9405.9598128406       129.9913319362      -427.6476976055    102002.7029850788
839000     -9405.9597157984       129.9913837784      -427.6189610628    102002.7029850788
840000     -9406.0357352268       129.9883065667      -427.6895211892    102002.7029850788
841000     -9406.0268494016       129.9894510704      -427.6178662953    102002.7029850788
842000     -9406.1135040488       129.9878967624      -427.3722205329    102002.7029850788
843000     -9406.1799691090       129.9877471223      -427.1402212400    102002.7029850788
844000     -9406.2226261609       129.9874311634      -427.0863917694    102002.7029850788
845000     -9406.2711892165       129.9861058539      -427.0724323042    102002.7029850788
846000     -9406.3410352002       129.9842354155      -426.9336639982    102002.7029850788
847000     -9406.3463999149       129.9858409978      -426.8988572507    102002.7029850788
848000     -9406.3531606804       129.9864996694      -426.8039147438    102002.7029850788
849000     -9406.3697463342       129.9860844520      -426.7341547205    102002.7029850788
850000     -9406.3418599766       129.9875683521      -426.7538774108    102002.7029850788
851000     -9406.3900778793       129.9868864659      -426.7929216396    102002.7029850788
852000     -9406.3720418657       129.9888326194      -426.6391561832    102002.7029850788
853000     -9406.4024168201       129.9886578804      -426.6431219756    102002.7029850788
854000     -9406.3942206937       129.9906408426      -426.5802211871    102002.7029850788
855000     -9406.3878251494       129.9914856605      -426.3402253153    102002.7029850788
856000     -9406.4010948724       129.9914344271      -426.3040919072    102002.7029850788
857000     -9406.3962132728       129.9916304391      -426.1031112163    102002.7029850788
858000     -9406.4260893131       129.9908953521      -426.1092624102    102002.7029850788
859000     -9406.3820957892       129.9938682889      -425.9051983804    102002.7029850788
860000     -9406.3795952105       129.9938903704      -425.6609182409    102002.7029850788
861000     -9406.3783466633       129.9943469217      -425.5828524568    102002.7029850788
862000     -9406.3580578904       129.9953201530      -425.4816480191    102002.7029850788
863000     -9406.2931610085       129.9979339511      -425.3069194243    102002.7029850788
864000     -9406.3035281774       129.9973481190      -425.3616210366    102002.7029850788
865000     -9406.3148080272       129.9976256004      -425.3505547286    102002.7029850788
866000     -9406.3197876543       129.9982165854      -425.1524541468    102002.7029850788
867000     -9406.2928929647       129.9992683329      -424.9099550015    102002.7029850788
868000     -9406.2906815518       130.0002160681      -424.7530633332    102002.7029850788
869000     -9406.3193664906       129.9997024933      -424.6252697907    102002.7029850788
870000     -9406.3584783841       129.9980806622      -424.5323803994    102002.7029850787
871000     -9406.3326289722       129.9993780129      -424.2421449137    102002.7029850787
872000     -9406.3900311745       129.9965838067      -424.3458481162    102002.7029850787
873000     -9406.3901162503       129.9958087208      -424.5971995360    102002.7029850787
874000     -9406.3929440618       129.9950033425      -424.5394855552    102002.7029850787
875000     -9406.3929290545       129.9955506562      -424.3336635009    102002.7029850787
876000     -9406.3974922463       129.9950603625      -424.1518330590    102002.7029850787
877000     -9406.3987917276       129.9967754914      -424.1973346908    102002.7029850787
878000     -9406.3934047796       129.9969908980      -424.2226285830    102002.7029850787
879000     -9406.3759145726       129.9987401595      -424.1637138829    102002.7029850787
880000     -9406.3865822481       129.9996844503      -424.1605166950    102002.7029850787
881000     -9406.4185161846       129.9989868772      -424.0236908218    102002.7029850787
882000     -9406.4890165114       129.9971785526      -424.0053066437    102002.7029850787
883000     -9406.5039014903       129.9980566025      -423.9806759625    102002.7029850787
884000     -9406.5107026255       129.9984138466      -423.9768677958    102002.7029850787
885000     -9406.5339923289       129.9980441159      -423.9857681806    102002.7029850787
886000     -9406.5512232659       129.9976780833      -424.1145906500    102002.7029850787
887000     -9406.5783012710       129.9973863163      -424.0394116183    102002.7029850787
888000     -9406.5622718494       129.9975864921      -423.9058279287    102002.7029850787
889000     -9406.5396077466       129.9985160248      -423.7834950553    102002.7029850787
890000     -9406.5577382876       129.9991093899      -423.6713881485    102002.7029850787
891000     -9406.5710499390       129.9988953281      -423.7022883779    102002.7029850787
892000     -9406.5557268837       130.0002566744      -423.8258550007    102002.7029850787
893000     -9406.5636141390       129.9993047698      -423.9015157992    102002.7029850787
894000     -9406.5754580233       129.9982718105      -423.8738486683    102002.7029850787
895000     -9406.5603909208       129.9988713815      -423.6957394211    102002.7029850787
896000     -9406.6037689986       129.9978403224      -423.6901189634    102002.7029850787
897000     -9406.5762237817       130.0001931346      -423.4641673257    102002.7029850787
898000     -9406.6211393573       129.9986262809      -423.4058767681    102002.7029850787
899000     -9406.6574868932       129.9983431322      -423.3711575925    102002.7029850787
900000     -9406.6745657415       129.9989126936      -423.2298983592    102002.7029850787
901000     -9406.7157919281       129.9969193662      -423.2267591656    102002.7029850787
902000     -9406.7198269554       129.9973312887      -423.2667187328    102002.7029850787
903000     -9406.7149264355       129.9973866341      -423.0588892070    102002.7029850787
904000     -9406.7319724299       129.9967097176      -422.8832616520    102002.7029850787
905000     -9406.7695044889       129.9963444149      -422.6317123789    102002.7029850787
906000     -9406.7411487822       129.9988844058      -422.4504339005    102002.7029850787
907000     -9406.7511258835       129.9994476849      -422.3186413268    102002.7029850787
908000     -9406.7663290648       129.9985985939      -422.1158033966    102002.7029850787
909000     -9406.7802764359       129.9981223662      -422.0532127586    102002.7029850787
910000     -9406.7845684052       129.9975403425      -421.8947314595    102002.7029850787
911000     -9406.7950118151       129.9977906914      -421.7132789602    102002.7029850787
912000     -9406.7970076326       129.9977921500      -421.6850910232    102002.7029850787
913000     -9406.8231426447       129.9967089034      -421.7875620196    102002.7029850787
914000     -9406.8543048298       129.9949844409      -421.7671828740    102002.7029850787
915000     -9406.8512757137       129.9941554604      -421.6493297483    102002.7029850787
916000     -9406.8156253428       129.9954431803      -421.5918719057    102002.7029850787
917000     -9406.7905325092       129.9966161281      -421.2864652021    102002.7029850787
918000     -9406.7616406127       129.9977195903      -421.2442073154    102002.7029850787
919000     -9406.7724591287       129.9968153132      -421.2332254832    102002.7029850787
920000     -9406.7586858453       129.9967102574      -421.2096519512    102002.7029850787
921000     -9406.7397654210       129.9970096472      -421.1575523994    102002.7029850787
922000     -9406.7470747277       129.9975013173      -420.9694315061    102002.7029850787
923000     -9406.7173868969       130.0002384269      -420.9815013998    102002.7029850787
924000     -9406.7293746899       130.0006005094      -420.9161717947    102002.7029850787
925000     -9406.7406612447       130.0002451042      -420.7791270899    102002.7029850787
926000     -9406.7004683736       130.0020682479      -420.7121787388    102002.7029850787
927000     -9406.6731482062       130.0026750683      -420.5962723217    102002.7029850786
928000     -9406.6983249101       130.0005030207      -420.4075628802    102002.7029850786
929000     -9406.6865144742       130.0005712574      -420.3023308416    102002.7029850786
930000     -9406.6863628538       130.0011058790      -420.1284834982    102002.7029850786
931000     -9406.6954326706       130.0015974384      -419.9974839958    102002.7029850786
932000     -9406.7125487280       130.0009232691      -419.9354180182    102002.7029850786
933000     -9406.6740200293       130.0028826674      -419.7878695188    102002.7029850786
934000     -9406.6365139629       130.0039920282      -419.6124414717    102002.7029850786
935000     -9406.6241955095       130.0035253576      -419.3972785120    102002.7029850786
936000     -9406.6498754152       130.0018495316      -419.4178604138    102002.7029850786
937000     -9406.6554715414       130.0019200548      -419.4308244826    102002.7029850786
938000     -9406.6715818648       130.0029390516      -419.5833639547    102002.7029850786
939000     -9406.7057726666       130.0034401513      -419.6934401326    102002.7029850786
940000     -9406.6858299859       130.0050863948      -419.8219747952    102002.7029850786
941000     -9406.6684040734       130.0066142399      -419.9770096479    102002.7029850786
942000     -9406.6947257609       130.0058517173      -420.2462913392    102002.7029850786
943000     -9406.6815316575       130.0069890713      -420.1877991816    102002.7029850786
944000     -9406.6791830140       130.0066127597      -420.1301995587    102002.7029850786
945000     -9406.7002217813       130.0053447569      -420.2265566782    102002.7029850786
946000     -9406.6857654173       130.0048190196      -420.2230406943    102002.7029850786
947000     -9406.6641012100       130.0055956623      -420.2293790512    102002.7029850786
948000     -9406.6707101670       130.0057725914      -420.2362656231    102002.7029850786
949000     -9406.6649464504       130.0051892112      -420.2869232957    102002.7029850786
950000     -9406.6744205515       130.0040344157      -420.3850507844    102002.7029850786
951000     -9406.6925292951       130.0031609476      -420.5855828624    102002.7029850786
952000     -9406.7123769063       130.0014373564      -420.8907197209    102002.7029850786
953000     -9406.6732941849       130.0024509488      -420.9116724025    102002.7029850786
954000     -9406.6686584263       130.0018841372      -420.9525310551    102002.7029850786
955000     -9406.6791273502       130.0017240073      -421.1450138417    102002.7029850786
956000     -9406.6478753346       130.0022950326      -421.1514450871    102002.7029850786
957000     -9406.6673699407       130.0010015905      -421.0848806061    102002.7029850786
958000     -9406.6713750354       130.0007445752      -420.9722689384    102002.7029850786
959000     -9406.6453895972       130.0022642360      -420.9946427337    102002.7029850786
960000     -9406.6516135267       130.0015550462      -420.9693439104    102002.7029850786
961000     -9406.6662657017       130.0002330981      -420.8759693449    102002.7029850786
962000     -9406.6566358014       130.0003446429      -420.8039595478    102002.7029850786
963000     -9406.6391149000       130.0010005006      -420.8126853505    102002.7029850786
964000     -9406.6453865700       130.0008312452      -420.8817024493    102002.7029850786
965000     -9406.6604916545       129.9999822944      -420.8092758455    102002.7029850786
966000     -9406.6145374411       130.0013689568      -420.6945929643    102002.7029850786
967000     -9406.5921609793       130.0023849556      -420.5003797621    102002.7029850786
968000     -9406.5909989882       130.0022771861      -420.4599523447    102002.7029850786
969000     -9406.6045440294       130.0018212723      -420.5174294331    102002.7029850786
970000     -9406.5654815701       130.0034051870      -420.4490722236    102002.7029850786
971000     -9406.5956267551       130.0020844081      -420.7043241718    102002.7029850786
972000     -9406.5808151811       130.0026814735      -420.8105910532    102002.7029850786
973000     -9406.5724085764       130.0037172848      -420.8632263047    102002.7029850786
974000     -9406.5771852797       130.0027985962      -420.8662210041    102002.7029850786
975000     -9406.5784971674       130.0020298697      -420.8162033330    102002.7029850786
976000     -9406.5587831936       130.0013496234      -420.7794562657    102002.7029850786
977000     -9406.5270970935       130.0026668300      -420.8038259830    102002.7029850786
978000     -9406.4943689066       130.0036669505      -420.9420736431    102002.7029850786
979000     -9406.4771874744       130.0033015920      -421.0508525082    102002.7029850786
980000     -9406.4943257774       130.0027392381      -421.2033783809    102002.7029850786
981000     -9406.4999235294       130.0015880684      -421.3069714856    102002.7029850786
982000     -9406.5227431326       130.0007393442      -421.4484642007    102002.7029850786
983000     -9406.5300429428       130.0005742722      -421.3701700453    102002.7029850786
984000     -9406.5476736152       129.9993256942      -421.3115887036    102002.7029850786
985000     -9406.5592414732       129.9995757432      -421.3709905903    102002.7029850786
986000     -9406.5782672707       129.9988531115      -421.4500473921    102002.7029850786
987000     -9406.6085729402       129.9972676825      -421.6882897532    102002.7029850786
988000     -9406.5929644653       129.9982731318      -421.8380206318    102002.7029850786
989000     -9406.5657212660       129.9991104003      -421.9322969628    102002.7029850786
990000     -9406.5207291566       130.0003389456      -421.8916113911    102002.7029850786
991000     -9406.5116329853       130.0004973254      -421.9160031201    102002.7029850786
992000     -9406.5098011949       129.9995333228      -422.0132929282    102002.7029850786
993000     -9406.5215661242       129.9976343623      -422.0131967911    102002.7029850786
994000     -9406.5085860888       129.9973427413      -422.0628672409    102002.7029850786
995000     -9406.5110073090       129.9970427105      -422.0175599453    102002.7029850786
996000     -9406.5003520276       129.9973060467      -421.9457158224    102002.7029850786
997000     -9406.4784856464       129.9979137110      -421.9055612931    102002.7029850786
998000     -9406.4471208004       129.9991344408      -421.9335774744    102002.7029850786
999000     -9406.4431548214       129.9986646763      -421.8538216169    102002.7029850786
1000000     -9406.4607442178       129.9973588343      -421.9648577853    102002.7029850786
