# Time-averaged data for fix runningavgs
# TimeStep v_ra_etotal v_ra_temp v_ra_press v_ra_volume
502000     -6622.4992622917       129.7682050777      -760.4562437049    102002.7029850792
503000     -6625.7100424746       129.4622369977      -737.6121191576    102002.7029850792
504000     -6626.0644172705       129.4480802991      -745.7140738512    102002.7029850792
505000     -6627.9867536319       129.3453403418      -761.6344491608    102002.7029850792
506000     -6629.1472798339       129.3375744295      -766.3663054141    102002.7029850792
507000     -6628.7635742851       129.3865789916      -763.6306065341    102002.7029850792
508000     -6628.7363012382       129.4012555269      -759.6162702380    102002.7029850792
509000     -6626.2762826083       129.6054027153      -753.3990054673    102002.7029850792
510000     -6625.6397975833       129.6282800723      -752.0876303882    102002.7029850792
511000     -6625.2866772607       129.6384934645      -753.3658829652    102002.7029850792
512000     -6624.9499482655       129.6832501100      -753.5885655376    102002.7029850792
513000     -6624.8082941190       129.6378911681      -750.0659666516    102002.7029850792
514000     -6624.6291490601       129.6481675237      -747.8713233583    102002.7029850792
515000     -6623.6270256492       129.7107515424      -746.4964286332    102002.7029850792
516000     -6623.1859148167       129.7544653731      -745.5657722438    102002.7029850792
517000     -6623.3867742842       129.7494558998      -747.4052994275    102002.7029850792
518000     -6623.8533758071       129.6917657049      -748.7969126667    102002.7029850792
519000     -6623.9880138331       129.7110857087      -747.7362829662    102002.7029850792
520000     -6623.8092869119       129.7209362495      -748.2407626059    102002.7029850792
521000     -6623.8712565079       129.7253668454      -747.6420474268    102002.7029850792
522000     -6623.7613788707       129.7546354684      -749.7744567234    102002.7029850792
523000     -6623.3881748260       129.7801150354      -751.8368470387    102002.7029850792
524000     -6622.5012662052       129.8561881092      -753.2058292505    102002.7029850792
525000     -6622.2751418665       129.8742326504      -752.7584598381    102002.7029850792
526000     -6621.3972488723       129.9365636467      -753.1739929386    102002.7029850792
527000     -6620.9731648190       129.9631569018      -754.1431297923    102002.7029850792
528000     -6620.8998466440       129.9793201980      -755.0546950333    102002.7029850792
529000     -6620.9145788601       129.9747000487      -756.5698844983    102002.7029850792
530000     -6620.6919019487       129.9799153590      -757.3976658854    102002.7029850792
531000     -6620.0978173769       130.0246741379      -756.7840382779    102002.7029850792
532000     -6619.9162577536       130.0452437621      -755.2340073334    102002.7029850792
533000     -6619.7016823333       130.0485037566      -755.7259107546    102002.7029850792
534000     -6619.3710120061       130.0719943345      -756.4724871394    102002.7029850792
535000     -6619.1218398995       130.0875653300      -756.6636301493    102002.7029850792
536000     -6618.7443648046       130.1207854634      -755.6465267689    102002.7029850792
537000     -6618.6996274769       130.1251419009      -754.8263940532    102002.7029850792
538000     -6619.0745577074       130.1034986399      -755.0626870115    102002.7029850792
539000     -6619.4831847706       130.0766401063      -754.5243020460    102002.7029850791
540000     -6619.6160222953       130.0746367529      -754.9928396872    102002.7029850791
541000     -6619.5049345192       130.0878581991      -756.1906961836    102002.7029850791
542000     -6619.3393883071       130.1012994714      -757.5832046535    102002.7029850791
543000     -6619.0934660021       130.1291740869      -757.8117393060    102002.7029850791
544000     -6619.0702153378       130.1325183352      -757.3757154268    102002.7029850791
545000     -6618.8060293602       130.1544680147      -757.2836804144    102002.7029850791
546000     -6618.7505453646       130.1612015949      -757.4109690212    102002.7029850791
547000     -6618.7956185632       130.1553395492      -758.9176796596    102002.7029850791
548000     -6618.6087486865       130.1724148236      -760.0658203385    102002.7029850791
549000     -6618.7626649649       130.1571127922      -759.3122977320    102002.7029850791
550000     -6618.6455131939       130.1659870478      -758.6722459439    102002.7029850791
551000     -6618.7055471107       130.1645729235      -758.5096081409    102002.7029850791
552000     -6618.3425175394       130.1856904154      -758.5213071858    102002.7029850791
553000     -6618.3312477163       130.1790874567      -758.5801861266    102002.7029850791
554000     -6618.6259707145       130.1582407468      -758.9207327703    102002.7029850791
555000     -6618.7217141969       130.1457511299      -758.3886313992    102002.7029850791
556000     -6618.6680613953       130.1458345551      -758.1514454914    102002.7029850791
557000     -6618.9307642565       130.1249887818      -757.6120835573    102002.7029850791
558000     -6619.0939285052       130.1161751257      -757.1159046527    102002.7029850791
559000     -6619.1863263513       130.1064589435      -757.5522118066    102002.7029850791
560000     -6619.2474276461       130.0975438135      -756.9674335921    102002.7029850791
561000     -6619.3324034688       130.0846936570      -756.5272746875    102002.7029850791
562000     -6619.2930419510       130.0800553213      -756.0388111420    102002.7029850791
563000     -6619.2259098897       130.0760675701      -755.6853507589    102002.7029850791
564000     -6619.2631408255       130.0686124101      -755.7015710177    102002.7029850791
565000     -6619.3409813946       130.0619688070      -755.5917010499    102002.7029850791
566000     -6619.2130237428       130.0729927067      -755.2443162319    102002.7029850791
567000     -6619.0047783924       130.0780279469      -755.2284194658    102002.7029850791
568000     -6619.0421789265       130.0652229111      -754.4141501260    102002.7029850791
569000     -6618.8937343708       130.0714523985      -753.4486459416    102002.7029850791
570000     -6618.9894507014       130.0562751801      -753.3863481747    102002.7029850791
571000     -6618.9921083274       130.0506813762      -753.8762811203    102002.7029850791
572000     -6619.0654027572       130.0404873860      -753.9275445100    102002.7029850791
573000     -6618.9056096911       130.0564130739      -754.1703401045    102002.7029850791
574000     -6618.9251035770       130.0539356257      -754.0595944021    102002.7029850791
575000     -6619.1188128878       130.0362528004      -753.7424529544    102002.7029850791
576000     -6618.9319683517       130.0527311557      -753.7153492441    102002.7029850791
577000     -6618.8486329568       130.0583461846      -754.3431207388    102002.7029850791
578000     -6618.9204757341       130.0529643158      -754.9111229021    102002.7029850791
579000     -6618.9929562738       130.0481376514      -754.5443657996    102002.7029850791
580000     -6619.0066268775       130.0465424153      -754.5952020333    102002.7029850791
581000     -6619.0033113771       130.0534867640      -754.8355073123    102002.7029850791
582000     -6618.8774130327       130.0677953542      -754.9670481015    102002.7029850791
583000     -6618.7996480881       130.0762643163      -755.1106157430    102002.7029850791
584000     -6618.7619977505       130.0777106600      -755.9237592145    102002.7029850791
585000     -6618.8628003020       130.0672079724      -755.9807927753    102002.7029850791
586000     -6618.9347229959       130.0662483968      -756.1458580332    102002.7029850791
587000     -6618.8851317897       130.0675036065      -756.3561500999    102002.7029850791
588000     -6618.8586659075       130.0654091040      -756.9151537440    102002.7029850791
589000     -6618.7169194091       130.0783470512      -756.9921276072    102002.7029850791
590000     -6618.6709595757       130.0827536510      -757.8419566213    102002.7029850791
591000     -6618.7486987824       130.0767189018      -758.0063415867    102002.7029850792
592000     -6618.9066954488       130.0648306521      -757.5901331082    102002.7029850792
593000     -6618.9627228748       130.0589683917      -758.0971510122    102002.7029850792
594000     -6619.0234614122       130.0560933788      -758.3792737952    102002.7029850792
595000     -6618.9695585951       130.0670200550      -758.7865851724    102002.7029850792
596000     -6618.8471706155       130.0781365708      -759.5548986474    102002.7029850792
597000     -6618.7754156585       130.0839057031      -759.8681352214    102002.7029850792
598000     -6618.9652569745       130.0715517717      -759.9263225413    102002.7029850792
599000     -6618.9837441087       130.0716754406      -759.5646607765    102002.7029850792
600000     -6618.9925459988       130.0733043251      -759.5257033147    102002.7029850792
601000     -6619.0690951273       130.0703781545      -759.3746932219    102002.7029850792
602000     -6618.9920441642       130.0765843743      -759.7713044024    102002.7029850792
603000     -6618.9640654090       130.0808860353      -760.1805394437    102002.7029850792
604000     -6618.9538557680       130.0857763032      -759.9659433788    102002.7029850793
605000     -6618.9288685103       130.0870262033      -759.8271674738    102002.7029850793
606000     -6618.9174986576       130.0894063401      -760.2662603530    102002.7029850793
607000     -6619.0187697558       130.0854049623      -760.4545611613    102002.7029850793
608000     -6619.1437419234       130.0810650642      -760.7715973704    102002.7029850793
609000     -6619.2425378986       130.0734042820      -761.1234325664    102002.7029850793
610000     -6619.3866968831       130.0627313231      -761.2462258405    102002.7029850793
611000     -6619.5030280748       130.0565763148      -761.1867006678    102002.7029850793
612000     -6619.5712912215       130.0533943630      -761.4200356953    102002.7029850793
613000     -6619.6995373256       130.0457186253      -761.4304010695    102002.7029850793
614000     -6619.7705560151       130.0425885403      -761.4784691875    102002.7029850793
615000     -6619.8023607025       130.0430019643      -761.8512444743    102002.7029850793
616000     -6619.7326488179       130.0477662295      -761.9662254630    102002.7029850793
617000     -6619.7991972276       130.0425419885      -761.9275591743    102002.7029850793
618000     -6619.9603524747       130.0337805577      -761.9498268132    102002.7029850793
619000     -6619.8890737937       130.0415597171      -762.1729331314    102002.7029850793
620000     -6619.8792210446       130.0394112996      -762.1118775229    102002.7029850793
621000     -6619.9392218567       130.0332194305      -762.1489401243    102002.7029850793
622000     -6619.9911840241       130.0273438192      -762.0717708673    102002.7029850794
623000     -6620.0015945768       130.0269396763      -761.9670074102    102002.7029850794
624000     -6619.8769498271       130.0393365843      -761.8895281509    102002.7029850794
625000     -6619.8094471680       130.0423852508      -762.2401107153    102002.7029850794
626000     -6619.7650532035       130.0451028994      -762.4871597831    102002.7029850794
627000     -6619.8502100267       130.0390229611      -762.6351228726    102002.7029850794
628000     -6619.8529758393       130.0413310469      -762.6823840892    102002.7029850794
629000     -6619.7387698100       130.0498774499      -762.6949925370    102002.7029850794
630000     -6619.6209951169       130.0585195169      -762.4051324212    102002.7029850794
631000     -6619.5930034171       130.0580541723      -762.2847357795    102002.7029850794
632000     -6619.5361385621       130.0590676718      -762.1290594355    102002.7029850794
633000     -6619.5788175858       130.0540766055      -762.1240412272    102002.7029850794
634000     -6619.6217143566       130.0500915044      -762.1227794962    102002.7029850794
635000     -6619.5125435270       130.0603870848      -762.0808444978    102002.7029850794
636000     -6619.5200335348       130.0612867141      -762.1202001951    102002.7029850794
637000     -6619.4496677965       130.0684061808      -762.0085561905    102002.7029850794
638000     -6619.4791988501       130.0648132981      -762.2713133385    102002.7029850794
639000     -6619.6099364174       130.0573458697      -762.0644813893    102002.7029850794
640000     -6619.7151865850       130.0490040910      -761.8512903825    102002.7029850794
641000     -6619.7495917120       130.0471227838      -761.5245817653    102002.7029850794
642000     -6619.7470942413       130.0499564741      -761.5108486505    102002.7029850794
643000     -6619.6732935029       130.0570643483      -761.2869361276    102002.7029850794
644000     -6619.6232817703       130.0620136909      -761.2329285028    102002.7029850794
645000     -6619.6121974678       130.0638250283      -761.5795001436    102002.7029850794
646000     -6619.6812451735       130.0560790744      -761.4479542477    102002.7029850795
647000     -6619.6157584548       130.0616080165      -761.4300359331    102002.7029850795
648000     -6619.5317910059       130.0647678972      -761.5022280822    102002.7029850795
649000     -6619.5221361336       130.0649925995      -761.4251757849    102002.7029850795
650000     -6619.6013060297       130.0575363248      -761.6695433945    102002.7029850795
651000     -6619.5217849107       130.0648576253      -761.9911503571    102002.7029850795
652000     -6619.5229906656       130.0632986431      -761.9663760584    102002.7029850795
653000     -6619.4801726308       130.0635797158      -762.0258795782    102002.7029850795
654000     -6619.4652461722       130.0632963438      -762.0923448362    102002.7029850795
655000     -6619.4587291790       130.0662348751      -762.0496098342    102002.7029850795
656000     -6619.4008441791       130.0698112637      -761.9844563948    102002.7029850795
657000     -6619.3660107887       130.0707748299      -762.0280692527    102002.7029850795
658000     -6619.2614069220       130.0788742961      -761.9928211421    102002.7029850795
659000     -6619.2187284213       130.0789462679      -762.1253720956    102002.7029850795
660000     -6619.2011792186       130.0799375231      -762.0697960711    102002.7029850795
661000     -6619.1858914950       130.0768386820      -761.9727229902    102002.7029850795
662000     -6619.1932636604       130.0773025231      -762.0597083824    102002.7029850795
663000     -6619.1571188142       130.0818721194      -761.9380756965    102002.7029850795
664000     -6619.1870894025       130.0783490029      -762.0124643069    102002.7029850795
665000     -6619.1744078707       130.0802869189      -762.4573874328    102002.7029850795
666000     -6619.2185249628       130.0773305709      -762.5154845216    102002.7029850795
667000     -6619.2976548936       130.0736354622      -762.4927319630    102002.7029850795
668000     -6619.3835592639       130.0656359739      -762.8655335700    102002.7029850795
669000     -6619.3721801855       130.0663970528      -762.9549281041    102002.7029850795
670000     -6619.2770255765       130.0743642165      -762.9354255265    102002.7029850795
671000     -6619.3282343723       130.0726733213      -763.1925078610    102002.7029850795
672000     -6619.4128274048       130.0651864512      -763.3975643010    102002.7029850795
673000     -6619.4481047782       130.0620924510      -763.5426667178    102002.7029850795
674000     -6619.5366942611       130.0546566310      -763.7985785764    102002.7029850794
675000     -6619.5453373084       130.0541922482      -763.8502722570    102002.7029850794
676000     -6619.5355163616       130.0545123790      -763.9706087247    102002.7029850794
677000     -6619.5944656328       130.0475801197      -764.2664057476    102002.7029850794
678000     -6619.5860155563       130.0469155497      -764.3794145929    102002.7029850794
679000     -6619.5697437510       130.0492414591      -764.6051007434    102002.7029850794
680000     -6619.5321488313       130.0510219583      -764.5453827015    102002.7029850794
681000     -6619.5540541918       130.0491489135      -764.5944454911    102002.7029850794
682000     -6619.5858725868       130.0462243208      -764.5924285529    102002.7029850794
683000     -6619.6271960090       130.0420834168      -764.4987997181    102002.7029850794
684000     -6619.5856904612       130.0474167986      -764.4185067620    102002.7029850794
685000     -6619.5458336915       130.0493563352      -764.2587135849    102002.7029850794
686000     -6619.5271420799       130.0501754249      -764.0982295588    102002.7029850794
687000     -6619.5554607890       130.0469508528      -763.9085124063    102002.7029850794
688000     -6619.5770117272       130.0447116192      -763.8722350104    102002.7029850793
689000     -6619.5125702180       130.0512860118      -763.8629561826    102002.7029850793
690000     -6619.5114365514       130.0503426405      -763.7592442447    102002.7029850793
691000     -6619.5576310575       130.0477193155      -763.5849729602    102002.7029850793
692000     -6619.5521641301       130.0475185116      -763.5411474430    102002.7029850793
693000     -6619.5711441585       130.0434344852      -763.4209067487    102002.7029850793
694000     -6619.5998903974       130.0373697445      -763.2265102524    102002.7029850793
695000     -6619.5889464475       130.0345745014      -763.0827899447    102002.7029850793
696000     -6619.6214988585       130.0302708424      -762.8887261699    102002.7029850793
697000     -6619.6724565712       130.0246305736      -762.7758099215    102002.7029850793
698000     -6619.6940430044       130.0202969715      -762.6228681368    102002.7029850793
699000     -6619.6564620333       130.0229735856      -762.4409578657    102002.7029850793
700000     -6619.6352493826       130.0248836942      -762.3388147159    102002.7029850793
701000     -6619.6002851668       130.0261925026      -762.3320941395    102002.7029850793
702000     -6619.5660683011       130.0300026733      -762.2448079720    102002.7029850793
703000     -6619.6027971266       130.0275257352      -762.2902605495    102002.7029850793
704000     -6619.6475839835       130.0233181591      -762.1110997122    102002.7029850792
705000     -6619.6597219284       130.0213811117      -761.9949483731    102002.7029850792
706000     -6619.6588979758       130.0214808308      -761.8464773798    102002.7029850792
707000     -6619.6214927980       130.0242949062      -761.5963714641    102002.7029850792
708000     -6619.5699111594       130.0290296693      -761.4239183688    102002.7029850792
709000     -6619.5604477986       130.0289331484      -761.1853296698    102002.7029850792
710000     -6619.5746452639       130.0266624996      -761.1528258523    102002.7029850792
711000     -6619.5982710774       130.0223510062      -761.0332428928    102002.7029850792
712000     -6619.5996039409       130.0227679884      -760.8068034209    102002.7029850792
713000     -6619.5698088506       130.0259053172      -760.7895336163    102002.7029850792
714000     -6619.5450891462       130.0293638725      -760.7334293945    102002.7029850792
715000     -6619.5412637465       130.0296503708      -760.7654670040    102002.7029850792
716000     -6619.4913680871       130.0335453434      -760.7380311411    102002.7029850792
717000     -6619.4302776411       130.0379798762      -760.6888428503    102002.7029850792
718000     -6619.4416120984       130.0369424465      -760.5548840489    102002.7029850792
719000     -6619.4442770740       130.0367024726      -760.4703733379    102002.7029850792
720000     -6619.3594325586       130.0427007386      -760.2479252692    102002.7029850792
721000     -6619.3235344573       130.0455458599      -760.0753362544    102002.7029850792
722000     -6619.3686329470       130.0416841781      -759.9620114280    102002.7029850792
723000     -6619.4009559775       130.0396215810      -759.9902241554    102002.7029850792
724000     -6619.3492853730       130.0419561229      -760.0246881043    102002.7029850791
725000     -6619.3112763407       130.0450128242      -760.0455381522    102002.7029850791
726000     -6619.2854615706       130.0473323311      -760.0980546485    102002.7029850791
727000     -6619.2427712515       130.0511277399      -760.0708222761    102002.7029850791
728000     -6619.2799577778       130.0468003916      -760.1821266417    102002.7029850791
729000     -6619.2859834870       130.0455996387      -760.2717269239    102002.7029850791
730000     -6619.3296168133       130.0436080442      -760.3713894010    102002.7029850791
731000     -6619.2957026256       130.0452947023      -760.4439124753    102002.7029850791
732000     -6619.3535122726       130.0403481931      -760.6306172835    102002.7029850791
733000     -6619.3854796729       130.0380832226      -760.4919283349    102002.7029850791
734000     -6619.3255768424       130.0410833270      -760.5995247735    102002.7029850791
735000     -6619.3453951118       130.0391771132      -760.5746485827    102002.7029850791
736000     -6619.3558211556       130.0369448787      -760.6141837325    102002.7029850791
737000     -6619.3505522302       130.0371912566      -760.6349756389    102002.7029850791
738000     -6619.3663442762       130.0360454728      -760.6283664795    102002.7029850791
739000     -6619.4200380978       130.0305931506      -760.8029748211    102002.7029850791
740000     -6619.3767679466       130.0327403609      -760.8629069793    102002.7029850791
741000     -6619.3419362158       130.0350925279      -760.7843747828    102002.7029850791
742000     -6619.3166321740       130.0364066581      -760.8734381692    102002.7029850791
743000     -6619.3191390975       130.0352417043      -761.1016316311    102002.7029850791
744000     -6619.3504362947       130.0326229132      -760.9021618750    102002.7029850791
745000     -6619.3750780813       130.0296833162      -760.9071300881    102002.7029850791
746000     -6619.3965787556       130.0273316970      -761.1398147337    102002.7029850791
747000     -6619.4030672587       130.0252695433      -761.1283391770    102002.7029850791
748000     -6619.4478543655       130.0216497532      -761.0845623451    102002.7029850790
749000     -6619.4601536744       130.0201360967      -761.2293611228    102002.7029850790
750000     -6619.5242803536       130.0149191389      -761.1506625005    102002.7029850790
751000     -6619.5580790030       130.0109987136      -761.3650737389    102002.7029850790
752000     -6619.5869856341       130.0093176752      -761.4591063101    102002.7029850790
753000     -6619.5539408621       130.0149485620      -761.5276680467    102002.7029850790
754000     -6619.5472805478       130.0155022434      -761.6239373407    102002.7029850790
755000     -6619.5860654377       130.0128817900      -761.4616449071    102002.7029850790
756000     -6619.6301562391       130.0096190631      -761.6298486837    102002.7029850790
757000     -6619.6651374704       130.0083352723      -761.6682403952    102002.7029850790
758000     -6619.6478953084       130.0103606066      -761.6915739010    102002.7029850790
759000     -6619.6552255590       130.0106755667      -761.7150706288    102002.7029850790
760000     -6619.6719384265       130.0098227025      -761.7994777247    102002.7029850790
761000     -6619.6406933937       130.0148178687      -761.7781864794    102002.7029850790
762000     -6619.6863674503       130.0125882101      -761.7094771179    102002.7029850790
763000     -6619.7118153499       130.0124136385      -761.7640318021    102002.7029850790
764000     -6619.7498145101       130.0120877240      -761.8359518935    102002.7029850790
765000     -6619.8270855506       130.0083886600      -761.9231081107    102002.7029850790
766000     -6619.8624864894       130.0056757491      -762.0708208611    102002.7029850790
767000     -6619.8471217921       130.0073944426      -762.0768732553    102002.7029850790
768000     -6619.8551749033       130.0086142743      -761.9614525179    102002.7029850790
769000     -6619.8504188269       130.0098451521      -762.1932127745    102002.7029850790
770000     -6619.8274220829       130.0123796637      -762.2445464645    102002.7029850790
771000     -6619.8264907114       130.0142860902      -762.2666395133    102002.7029850790
772000     -6619.8407247944       130.0150328759      -762.3830552283    102002.7029850790
773000     -6619.8986425755       130.0120205332      -762.4429768894    102002.7029850790
774000     -6619.8865501434       130.0133458449      -762.5303662985    102002.7029850790
775000     -6619.8540192992       130.0159970401      -762.7103924926    102002.7029850790
776000     -6619.8184450539       130.0199132688      -762.8939821587    102002.7029850790
777000     -6619.8036931137       130.0218758338      -762.9298656496    102002.7029850789
778000     -6619.7902713770       130.0238247251      -762.9213542957    102002.7029850789
779000     -6619.8501448692       130.0211826399      -762.9288128954    102002.7029850789
780000     -6619.8934456794       130.0190278624      -762.9714302506    102002.7029850789
781000     -6619.8848397181       130.0181135754      -763.1333412070    102002.7029850789
782000     -6619.9050988084       130.0154593609      -763.0834421427    102002.7029850789
783000     -6619.9060718397       130.0148146786      -762.9024957413    102002.7029850789
784000     -6619.8761922584       130.0156097138      -762.9506937781    102002.7029850789
785000     -6619.8522275244       130.0183352037      -762.8462115250    102002.7029850789
786000     -6619.8516387946       130.0196508894      -762.9766986859    102002.7029850789
787000     -6619.8811856880       130.0158362378      -763.1404116832    102002.7029850789
788000     -6619.8786667810       130.0164029056      -763.1512468934    102002.7029850789
789000     -6619.9233155246       130.0136739149      -763.0606704640    102002.7029850789
790000     -6619.9258366082       130.0129004117      -762.9623049296    102002.7029850789
791000     -6619.8994017153       130.0155459841      -762.9289501438    102002.7029850789
792000     -6619.8500956475       130.0200460265      -762.8925688161    102002.7029850789
793000     -6619.8209622519       130.0205576543      -762.8583346244    102002.7029850789
794000     -6619.8262311696       130.0187867734      -762.8107618029    102002.7029850789
795000     -6619.8243729560       130.0174777838      -762.7552906738    102002.7029850789
796000     -6619.7944025320       130.0183459909      -762.5670004695    102002.7029850789
797000     -6619.7773231243       130.0187394365      -762.4948922066    102002.7029850789
798000     -6619.7777217685       130.0190678989      -762.3860986927    102002.7029850789
799000     -6619.7632043332       130.0210666398      -762.3126716609    102002.7029850789
800000     -6619.7389082330       130.0238654069      -762.4587018971    102002.7029850789
801000     -6619.7676415181       130.0228400779      -762.5028049569    102002.7029850789
802000     -6619.7225695466       130.0271850455      -762.5123077244    102002.7029850789
803000     -6619.7033287236       130.0296363189      -762.5704102686    102002.7029850789
804000     -6619.6696970360       130.0334489646      -762.6062510585    102002.7029850789
805000     -6619.6513601864       130.0358295406      -762.6923477890    102002.7029850789
806000     -6619.6472720963       130.0369066820      -762.6858289863    102002.7029850789
807000     -6619.6410479620       130.0391209009      -762.7562304140    102002.7029850789
808000     -6619.6589274329       130.0384380210      -762.8091302801    102002.7029850789
809000     -6619.6861011809       130.0365501846      -762.7319930554    102002.7029850789
810000     -6619.7318569513       130.0323261970      -762.7817146687    102002.7029850789
811000     -6619.7563800566       130.0308120013      -762.8613652796    102002.7029850789
812000     -6619.7848059788       130.0280649362      -762.7234423611    102002.7029850789
813000     -6619.7928817558       130.0272694449      -762.7175321006    102002.7029850789
814000     -6619.8099387857       130.0268709513      -762.7643135345    102002.7029850789
815000     -6619.8228532219       130.0262206262      -762.8128858430    102002.7029850788
816000     -6619.8473363245       130.0259788998      -762.8441202187    102002.7029850788
817000     -6619.8436027166       130.0266538053      -762.8152747674    102002.7029850788
818000     -6619.8344662760       130.0281079031      -762.6967811628    102002.7029850788
819000     -6619.8693322308       130.0257348538      -762.7050841165    102002.7029850788
820000     -6619.8591876894       130.0265156917      -762.6154580658    102002.7029850788
821000     -6619.8631963944       130.0248451538      -762.5865244319    102002.7029850788
822000     -6619.8983990427       130.0219402862      -762.6509708684    102002.7029850788
823000     -6619.9090558546       130.0213324326      -762.5388659239    102002.7029850788
824000     -6619.8710473635       130.0242393466      -762.4727655820    102002.7029850788
825000     -6619.8589312950       130.0243159444      -762.3992355933    102002.7029850788
826000     -6619.8289394688       130.0251064003      -762.3035725819    102002.7029850788
827000     -6619.8139630007       130.0255044823      -762.2799307847    102002.7029850788
828000     -6619.8076304771       130.0251674408      -762.1765820237    102002.7029850788
829000     -6619.8172642662       130.0229420924      -762.2338518789    102002.7029850788
830000     -6619.8205171209       130.0228321025      -762.3462387221    102002.7029850788
831000     -6619.8066172210       130.0231665696      -762.2650483840    102002.7029850788
832000     -6619.8331756317       130.0201765858      -762.2322601732    102002.7029850788
833000     -6619.8437637884       130.0185800361      -762.2117307209    102002.7029850788
834000     -6619.8335652133       130.0215165093      -762.3424174776    102002.7029850788
835000     -6619.8205424776       130.0226731365      -762.3039280925    102002.7029850788
836000     -6619.8039209236       130.0241500242      -762.5316478267    102002.7029850788
837000     -6619.7701070910       130.0275097158      -762.5373894802    102002.7029850788
838000     -6619.7596510674       130.0276191389      -762.5718558214    102002.7029850788
839000     -6619.7837966127       130.0252954883      -762.6930924084    102002.7029850788
840000     -6619.7920377944       130.0238970239      -762.6957667017    102002.7029850788
841000     -6619.7627977349       130.0263216065      -762.8168343996    102002.7029850788
842000     -6619.7720170550       130.0261407681      -762.9417975798    102002.7029850788
843000     -6619.7899504991       130.0238625001      -762.9706054024    102002.7029850788
844000     -6619.8109447003       130.0203987463      -762.9514909768    102002.7029850788
845000     -6619.8066110108       130.0196950523      -762.9723997967    102002.7029850788
846000     -6619.8096673082       130.0179405486      -762.9661419491    102002.7029850788
847000     -6619.7922728508       130.0175012293      -762.8918441271    102002.7029850788
848000     -6619.7881462532       130.0173372875      -762.9047527181    102002.7029850788
849000     -6619.7948098418       130.0157134391      -763.0025683286    102002.7029850788
850000     -6619.7891415545       130.0150206019      -763.0653934351    102002.7029850788
851000     -6619.7974917976       130.0114594712      -763.1208747727    102002.7029850788
852000     -6619.7849273816       130.0105576653      -763.1719549672    102002.7029850788
853000     -6619.8334137384       130.0053225952      -763.1421362387    102002.7029850788
854000     -6619.8246333273       130.0059413773      -763.1740612957    102002.7029850788
855000     -6619.8449055411       130.0041271822      -763.2871411210    102002.7029850788
856000     -6619.8602222662       130.0017021629      -763.4745846061    102002.7029850788
857000     -6619.8494317992       130.0033812136      -763.4931410248    102002.7029850788
858000     -6619.8303895092       130.0050486723      -763.7458921101    102002.7029850788
859000     -6619.8562164547       130.0034105554      -763.8949948373    102002.7029850788
860000     -6619.8436921112       130.0047869828      -763.9815388806    102002.7029850788
861000     -6619.8454400495       130.0050807953      -764.0404003570    102002.7029850788
862000     -6619.8254331064       130.0071022070      -764.1419964692    102002.7029850788
863000     -6619.8157045824       130.0064345374      -764.0802520831    102002.7029850788
864000     -6619.8010603625       130.0077873666      -764.0649890564    102002.7029850788
865000     -6619.7602420080       130.0115288931      -763.9482401621    102002.7029850788
866000     -6619.7573884502       130.0104624054      -763.9276922898    102002.7029850788
867000     -6619.7825580414       130.0081086047      -763.9982311609    102002.7029850788
868000     -6619.7297202952       130.0124237919      -764.0906331475    102002.7029850788
869000     -6619.7268401093       130.0123918609      -764.1532703583    102002.7029850788
870000     -6619.7344595118       130.0118349228      -764.0771046856    102002.7029850787
871000     -6619.7088234791       130.0148495850      -764.0058395089    102002.7029850787
872000     -6619.7153993521       130.0139605540      -764.0186017761    102002.7029850787
873000     -6619.7232714411       130.0136358945      -764.0534329499    102002.7029850787
874000     -6619.7475839553       130.0125486950      -764.0508983125    102002.7029850787
875000     -6619.7339122634       130.0131120478      -764.1656888832    102002.7029850787
876000     -6619.7046996921       130.0155042699      -764.2112349936    102002.7029850787
877000     -6619.6955067174       130.0157045793      -764.1691915619    102002.7029850787
878000     -6619.7617027617       130.0105644797      -764.0780585119    102002.7029850787
879000     -6619.7812874363       130.0082551754      -764.0694992567    102002.7029850787
880000     -6619.7583258732       130.0086453880      -763.9882533683    102002.7029850787
881000     -6619.7297957297       130.0104325683      -763.9223847258    102002.7029850787
882000     -6619.7495332631       130.0070142671      -764.0684178723    102002.7029850787
883000     -6619.7120574687       130.0105252405      -764.1313651865    102002.7029850787
884000     -6619.7057865573       130.0101735294      -764.1895840123    102002.7029850787
885000     -6619.7066657952       130.0107124433      -764.2802647224    102002.7029850787
886000     -6619.7140629752       130.0100395383      -764.2858415760    102002.7029850787
887000     -6619.7041945304       130.0103624141      -764.2478887662    102002.7029850787
888000     -6619.6744663566       130.0128142282      -764.3049867156    102002.7029850787
889000     -6619.6496995689       130.0144599291      -764.3716924744    102002.7029850787
890000     -6619.6347169614       130.0168804220      -764.4018988775    102002.7029850787
891000     -6619.6396679473       130.0160767345      -764.4151471350    102002.7029850787
892000     -6619.6292320022       130.0180031187      -764.3775877243    102002.7029850787
893000     -6619.6126717860       130.0187398182      -764.2687470280    102002.7029850787
894000     -6619.6314493279       130.0163001354      -764.1496671354    102002.7029850787
895000     -6619.6133348914       130.0177788705      -764.0694333591    102002.7029850787
896000     -6619.6180639880       130.0172694058      -763.9725462913    102002.7029850787
897000     -6619.6096059020       130.0177018649      -763.9075287771    102002.7029850787
898000     -6619.5926096109       130.0195895393      -763.8339326935    102002.7029850787
899000     -6619.6051342017       130.0182728966      -763.7358679520    102002.7029850787
900000     -6619.5980408054       130.0180488356      -763.7106866856    102002.7029850787
901000     -6619.5614651547       130.0214265929      -763.6639235080    102002.7029850787
902000     -6619.5484017916       130.0216918661      -763.5657315331    102002.7029850787
903000     -6619.5525748660       130.0198364893      -763.5478462997    102002.7029850787
904000     -6619.5746528018       130.0171400286      -763.4741502899    102002.7029850787
905000     -6619.5620607608       130.0172530887      -763.4151485663    102002.7029850787
906000     -6619.5874607407       130.0153359581      -763.3387721754    102002.7029850787
907000     -6619.5916049270       130.0138872530      -763.2639848218    102002.7029850787
908000     -6619.6079914926       130.0120105366      -763.1766581332    102002.7029850787
909000     -6619.6006202075       130.0124310832      -763.0858809407    102002.7029850787
910000     -6619.6294922031       130.0109182461      -762.9573069026    102002.7029850787
911000     -6619.6140393348       130.0122461999      -762.9265396254    102002.7029850787
912000     -6619.5848660438       130.0150727146      -762.8851077421    102002.7029850787
913000     -6619.6100003855       130.0132394393      -762.8388336208    102002.7029850787
914000     -6619.5997601515       130.0134627198      -762.7334278346    102002.7029850787
915000     -6619.6340154955       130.0108184606      -762.6722449558    102002.7029850787
916000     -6619.6263664065       130.0115531159      -762.6788436633    102002.7029850787
917000     -6619.6165530671       130.0128732095      -762.6710004933    102002.7029850787
918000     -6619.6281817224       130.0127517962      -762.6630997683    102002.7029850787
919000     -6619.6331905447       130.0131450041      -762.7503011478    102002.7029850787
920000     -6619.6220740578       130.0145827561      -762.7434514157    102002.7029850787
921000     -6619.6246096177       130.0135047453      -762.6405382140    102002.7029850787
922000     -6619.6282273794       130.0129714548      -762.6662045441    102002.7029850787
923000     -6619.5891750884       130.0164511636      -762.6681862408    102002.7029850787
924000     -6619.5814918038       130.0180680275      -762.6329085061    102002.7029850787
925000     -6619.5666068387       130.0191519287      -762.6693133271    102002.7029850787
926000     -6619.5778971934       130.0170880559      -762.6539292506    102002.7029850787
927000     -6619.6059422205       130.0155988693      -762.6558486166    102002.7029850786
928000     -6619.6013746022       130.0159158258      -762.6755010955    102002.7029850786
929000     -6619.6065108854       130.0162665194      -762.6201851460    102002.7029850786
930000     -6619.5985236789       130.0173290211      -762.6865226588    102002.7029850786
931000     -6619.5601125252       130.0207669320      -762.8123405441    102002.7029850786
932000     -6619.5725059406       130.0198554048      -762.9243602267    102002.7029850786
933000     -6619.5437604443       130.0223682793      -762.9750924518    102002.7029850786
934000     -6619.5736569229       130.0195969227      -762.9431091097    102002.7029850786
935000     -6619.5906540024       130.0187156383      -762.9515032102    102002.7029850786
936000     -6619.5917975226       130.0190733272      -762.9200491655    102002.7029850786
937000     -6619.5775117289       130.0212779805      -762.9177225732    102002.7029850786
938000     -6619.5861346703       130.0205953599      -763.0140642308    102002.7029850786
939000     -6619.6212094911       130.0178528364      -762.9461209735    102002.7029850786
940000     -6619.6404513392       130.0161114231      -762.8876312735    102002.7029850786
941000     -6619.6506013662       130.0146822768      -762.8441312298    102002.7029850786
942000     -6619.6378794157       130.0155224620      -762.8390071968    102002.7029850786
943000     -6619.6181995516       130.0175222785      -762.8960947951    102002.7029850786
944000     -6619.6343203269       130.0172394717      -762.9262826479    102002.7029850786
945000     -6619.6702603662       130.0145745674      -762.9075061065    102002.7029850786
946000     -6619.7078883033       130.0120086339      -762.8918386312    102002.7029850786
947000     -6619.7242556039       130.0109986352      -762.8008418427    102002.7029850786
948000     -6619.7238465873       130.0107131604      -762.7809982648    102002.7029850786
949000     -6619.7345415404       130.0087016310      -762.7136097814    102002.7029850786
950000     -6619.7536523391       130.0063817255      -762.6471726045    102002.7029850786
951000     -6619.7661799022       130.0037298742      -762.5872096798    102002.7029850786
952000     -6619.7690862919       130.0029000931      -762.5172857644    102002.7029850786
953000     -6619.7440571076       130.0044198002      -762.4546161872    102002.7029850786
954000     -6619.7203336462       130.0054048304      -762.3524194945    102002.7029850786
955000     -6619.6945723858       130.0059662486      -762.3073740166    102002.7029850786
956000     -6619.7085120355       130.0047741907      -762.3208771267    102002.7029850786
957000     -6619.7313272989       130.0019898302      -762.3491552533    102002.7029850786
958000     -6619.7305964093       130.0017504522      -762.3322005042    102002.7029850786
959000     -6619.7208656996       130.0029218421      -762.3367456580    102002.7029850786
960000     -6619.7237950040       130.0021489979      -762.3115964260    102002.7029850786
961000     -6619.6965260567       130.0043387284      -762.2611060643    102002.7029850786
962000     -6619.6769135134       130.0060503841      -762.3487435221    102002.7029850786
963000     -6619.6694803154       130.0056613600      -762.3715960330    102002.7029850786
964000     -6619.6544366135       130.0069956839      -762.4356382956    102002.7029850786
965000     -6619.6444256431       130.0076011214      -762.4200540545    102002.7029850786
966000     -6619.6218354112       130.0097795469      -762.3341938232    102002.7029850786
967000     -6619.6286766688       130.0095006637      -762.3475939839    102002.7029850786
968000     -6619.6077574262       130.0115010234      -762.3512496084    102002.7029850786
969000     -6619.6085193584       130.0108265077      -762.4141996706    102002.7029850786
970000     -6619.6046288226       130.0098082922      -762.5147286826    102002.7029850786
971000     -6619.5996075478       130.0095471148      -762.5115887174    102002.7029850786
972000     -6619.5602443777       130.0118968727      -762.5080237426    102002.7029850786
973000     -6619.5163097463       130.0141410952      -762.5428365127    102002.7029850786
974000     -6619.4888388072       130.0160141076      -762.5669946079    102002.7029850786
975000     -6619.4762097477       130.0168526583      -762.6352754405    102002.7029850786
976000     -6619.4390296651       130.0187382589      -762.6881546017    102002.7029850786
977000     -6619.4238735171       130.0194001579      -762.6408264122    102002.7029850786
978000     -6619.4331426445       130.0174432146      -762.6298834248    102002.7029850786
979000     -6619.4399941566       130.0156864765      -762.6214497431    102002.7029850786
980000     -6619.4525116575       130.0151419081      -762.6023999194    102002.7029850786
981000     -6619.4578825024       130.0139540938      -762.6518488592    102002.7029850786
982000     -6619.4587104194       130.0132482428      -762.6408838117    102002.7029850786
983000     -6619.4410473114       130.0141429337      -762.5465659993    102002.7029850786
984000     -6619.4161695857       130.0153865188      -762.4872217280    102002.7029850786
985000     -6619.4150167963       130.0152587069      -762.4226673775    102002.7029850786
986000     -6619.4194890596       130.0151528444      -762.3906345336    102002.7029850786
987000     -6619.4322045898       130.0142904537      -762.3336511098    102002.7029850786
988000     -6619.4196672234       130.0155308042      -762.2926787086    102002.7029850786
989000     -6619.4028067263       130.0163382404      -762.2835257018    102002.7029850786
990000     -6619.3906999271       130.0165119676      -762.1952251475    102002.7029850786
991000     -6619.3831930221       130.0168074266      -762.1210665638    102002.7029850786
992000     -6619.3986955372       130.0164035145      -762.0817187943    102002.7029850786
993000     -6619.4051655914       130.0164339194      -762.0413011372    102002.7029850786
994000     -6619.4207754610       130.0159945860      -762.0010842069    102002.7029850786
995000     -6619.4448207153       130.0139843273      -762.0605023313    102002.7029850786
996000     -6619.4375057632       130.0140544848      -761.9918265569    102002.7029850786
997000     -6619.4216663331       130.0140492608      -761.8564993989    102002.7029850786
998000     -6619.4274112799       130.0129472880      -761.7910905457    102002.7029850786
999000     -6619.4196123474       130.0126641442      -761.7874224102    102002.7029850786
1000000     -6619.4519262997       130.0097482084      -761.7207426382    102002.7029850786
