# Time-averaged data for fix runningavgs
# TimeStep v_ra_etotal v_ra_temp v_ra_press v_ra_volume
502000     -7572.6861807530       109.5656921144      -706.8057739776    102002.7029850792
503000     -7571.4334608570       109.6423740407      -720.9344848404    102002.7029850792
504000     -7572.1743723345       109.7306048208      -720.6020312915    102002.7029850792
505000     -7574.0113236737       109.7318076829      -709.3554749439    102002.7029850792
506000     -7576.1283235442       109.5963980130      -705.7275840899    102002.7029850792
507000     -7576.1117805514       109.5986826607      -702.4567557952    102002.7029850792
508000     -7575.5388751220       109.5827214913      -707.9947182306    102002.7029850792
509000     -7576.1387109802       109.5460857758      -705.4475474043    102002.7029850792
510000     -7576.1131629683       109.5529579290      -705.2267146706    102002.7029850792
511000     -7576.9230792326       109.5257845042      -706.1558019978    102002.7029850792
512000     -7577.2982885185       109.5434116949      -707.9530729182    102002.7029850792
513000     -7576.9355972221       109.5909189265      -710.3702430259    102002.7029850792
514000     -7577.2955566629       109.5689817719      -712.8992008069    102002.7029850792
515000     -7577.5107518819       109.5747381597      -713.1561303014    102002.7029850792
516000     -7576.9591664871       109.6080905929      -714.7328339164    102002.7029850792
517000     -7576.6498057931       109.6439471343      -711.8610273548    102002.7029850792
518000     -7575.5681117523       109.7041252971      -711.5695728619    102002.7029850792
519000     -7575.7856720510       109.6991779397      -713.1883280392    102002.7029850792
520000     -7576.0236888298       109.7044393292      -713.1100499952    102002.7029850792
521000     -7575.6458143493       109.7044336339      -711.3757286630    102002.7029850792
522000     -7575.7213638536       109.6975137282      -710.3907894514    102002.7029850792
523000     -7575.3187987559       109.7284192128      -709.5244354924    102002.7029850792
524000     -7574.9494037145       109.7474952262      -709.3569065960    102002.7029850792
525000     -7574.0769334511       109.7910602409      -709.0518202358    102002.7029850792
526000     -7573.8754109702       109.8004042652      -709.9520314406    102002.7029850792
527000     -7573.8510959118       109.8065188190      -710.8878789006    102002.7029850792
528000     -7573.7010400309       109.8243275014      -710.8501113694    102002.7029850792
529000     -7573.8736065319       109.8275633473      -711.3484649361    102002.7029850792
530000     -7574.0102672135       109.8245224865      -712.2535712195    102002.7029850792
531000     -7574.2524645144       109.8116770116      -713.9694775079    102002.7029850792
532000     -7574.4080082814       109.8115172166      -715.2546096324    102002.7029850792
533000     -7574.2030944275       109.8184594108      -716.0347619754    102002.7029850792
534000     -7573.9416450302       109.8378513430      -716.4860155234    102002.7029850792
535000     -7573.8425001456       109.8471484593      -718.4515725581    102002.7029850792
536000     -7574.3152273144       109.8231213958      -719.1437444150    102002.7029850792
537000     -7574.7190216895       109.8137553379      -720.0110214464    102002.7029850792
538000     -7574.5999069114       109.8321804117      -720.3285388262    102002.7029850792
539000     -7574.3833382742       109.8505553690      -722.3807493146    102002.7029850791
540000     -7574.5001866460       109.8468975646      -723.5444662276    102002.7029850791
541000     -7574.5372922142       109.8524822206      -723.9902396366    102002.7029850791
542000     -7574.2732314417       109.8722168103      -723.9725008190    102002.7029850791
543000     -7573.9953165652       109.8955037421      -722.8642322409    102002.7029850791
544000     -7573.7928891381       109.9031335615      -723.3819676308    102002.7029850791
545000     -7574.0585517856       109.8758961510      -724.6687569800    102002.7029850791
546000     -7573.9395277617       109.8788772383      -724.4893689579    102002.7029850791
547000     -7573.8817229760       109.8878455636      -724.2170243242    102002.7029850791
548000     -7573.8375364837       109.8893147775      -724.6174979224    102002.7029850791
549000     -7573.6481581378       109.8888773662      -725.5370777600    102002.7029850791
550000     -7573.5490972365       109.8703793216      -725.6677016013    102002.7029850791
551000     -7573.4382563980       109.8624891378      -726.6160781871    102002.7029850791
552000     -7573.1454611047       109.8656023798      -726.8495641420    102002.7029850791
553000     -7573.0508645806       109.8591957989      -727.3970471214    102002.7029850791
554000     -7572.6993721045       109.8797921810      -726.8703304997    102002.7029850791
555000     -7572.2654115276       109.8945141295      -727.6725942946    102002.7029850791
556000     -7571.9646072677       109.9147605641      -727.7139197683    102002.7029850791
557000     -7571.7781831273       109.9225507149      -727.4436804045    102002.7029850791
558000     -7571.6507384062       109.9285407599      -727.5313699905    102002.7029850791
559000     -7571.5196998832       109.9384503395      -727.5781844191    102002.7029850791
560000     -7571.3786020614       109.9373020598      -727.2738037741    102002.7029850791
561000     -7571.3254690644       109.9311629033      -727.5086758340    102002.7029850791
562000     -7571.5251952747       109.9184310245      -727.4731957079    102002.7029850791
563000     -7571.4311110462       109.9241836580      -727.5346440826    102002.7029850791
564000     -7571.3317537320       109.9385957149      -727.6237225058    102002.7029850791
565000     -7571.2326613340       109.9433299654      -727.6113437586    102002.7029850791
566000     -7571.0796876382       109.9562787280      -727.7477328429    102002.7029850791
567000     -7571.2640919805       109.9424285730      -727.6876798760    102002.7029850791
568000     -7571.2722292051       109.9431021859      -727.4428143300    102002.7029850791
569000     -7571.4386279810       109.9303120664      -727.2047345309    102002.7029850791
570000     -7571.3848146611       109.9351784290      -727.4341226404    102002.7029850791
571000     -7571.2240615396       109.9519856878      -727.3490442149    102002.7029850791
572000     -7571.2749781143       109.9526857457      -727.1951191528    102002.7029850791
573000     -7571.4657437758       109.9452617589      -726.4448496841    102002.7029850791
574000     -7571.6327569708       109.9304364058      -726.8336088489    102002.7029850791
575000     -7571.7685893437       109.9253852730      -726.6735633363    102002.7029850791
576000     -7571.7305696064       109.9315596365      -726.4047539168    102002.7029850791
577000     -7571.7744310553       109.9371687031      -726.1454848479    102002.7029850791
578000     -7571.7470688017       109.9396588470      -726.6906411316    102002.7029850791
579000     -7571.9346390510       109.9280881632      -726.2461470768    102002.7029850791
580000     -7571.9809198281       109.9243543967      -726.3039916153    102002.7029850791
581000     -7571.9072433548       109.9231053635      -726.4069570014    102002.7029850791
582000     -7572.0054514340       109.9163472666      -726.7467201562    102002.7029850791
583000     -7571.9401173764       109.9213613098      -727.1011486883    102002.7029850791
584000     -7571.7032519460       109.9277952316      -726.9603532126    102002.7029850791
585000     -7571.6888195442       109.9295296291      -727.0924784846    102002.7029850791
586000     -7571.5698298723       109.9328486949      -727.1939607972    102002.7029850791
587000     -7571.4941180069       109.9325658352      -727.2988629958    102002.7029850791
588000     -7571.5867191850       109.9294320924      -727.5705996704    102002.7029850791
589000     -7571.8131884310       109.9177184786      -728.2250018744    102002.7029850791
590000     -7571.9135457494       109.9108263771      -728.2883040099    102002.7029850791
591000     -7571.7774601964       109.9188641820      -728.5117186606    102002.7029850792
592000     -7571.6061179246       109.9221794155      -728.6917425507    102002.7029850792
593000     -7571.4318345951       109.9278719854      -728.7330840846    102002.7029850792
594000     -7571.2681421798       109.9284623905      -728.8737492743    102002.7029850792
595000     -7571.3613086051       109.9220901817      -729.3524380841    102002.7029850792
596000     -7571.4291793801       109.9189380221      -729.6133672603    102002.7029850792
597000     -7571.4646698732       109.9214630741      -730.0110764573    102002.7029850792
598000     -7571.5274867074       109.9162348927      -730.4177049939    102002.7029850792
599000     -7571.7089086222       109.9053386622      -730.3775219679    102002.7029850792
600000     -7571.6524815043       109.9055018824      -730.7996594587    102002.7029850792
601000     -7571.6357397431       109.9129121622      -731.1142587297    102002.7029850792
602000     -7571.7076300077       109.9082266851      -731.3866666725    102002.7029850792
603000     -7571.6096593416       109.9179141429      -731.4943268066    102002.7029850792
604000     -7571.6035105846       109.9216339129      -731.7845543360    102002.7029850793
605000     -7571.5772701394       109.9220970624      -732.0041119203    102002.7029850793
606000     -7571.6642732196       109.9235948991      -731.9344322005    102002.7029850793
607000     -7571.6451490348       109.9261299367      -732.1523033251    102002.7029850793
608000     -7571.6023225402       109.9234592056      -732.3146992965    102002.7029850793
609000     -7571.5228996325       109.9291171230      -732.0251610269    102002.7029850793
610000     -7571.5270170707       109.9254790795      -732.1246947911    102002.7029850793
611000     -7571.5720415581       109.9205882481      -732.6585018598    102002.7029850793
612000     -7571.5086560647       109.9233101105      -732.5787164825    102002.7029850793
613000     -7571.4441585761       109.9230865244      -732.4290848527    102002.7029850793
614000     -7571.2379375848       109.9321593716      -732.3632873076    102002.7029850793
615000     -7571.1574161886       109.9316621394      -732.5197301204    102002.7029850793
616000     -7571.0953967813       109.9330316270      -732.7234300530    102002.7029850793
617000     -7570.9166915472       109.9440591709      -733.3720054037    102002.7029850793
618000     -7570.8893476052       109.9445588223      -734.0343380923    102002.7029850793
619000     -7570.8666223122       109.9430005213      -733.7609971173    102002.7029850793
620000     -7570.6177879114       109.9545254479      -733.7332083301    102002.7029850793
621000     -7570.5778309963       109.9534636898      -733.8938115961    102002.7029850793
622000     -7570.5526141167       109.9518341097      -733.8188696553    102002.7029850794
623000     -7570.4246072615       109.9627413039      -733.7181253651    102002.7029850794
624000     -7570.3982687255       109.9610588574      -733.9712853874    102002.7029850794
625000     -7570.2993637535       109.9692273703      -734.2277753748    102002.7029850794
626000     -7570.2426159423       109.9730964934      -734.0415110216    102002.7029850794
627000     -7570.1861209759       109.9779877762      -734.1634402874    102002.7029850794
628000     -7570.2275109898       109.9791426437      -733.8333178901    102002.7029850794
629000     -7570.3952827626       109.9710967954      -733.9576136219    102002.7029850794
630000     -7570.5065892082       109.9679107705      -734.0146494782    102002.7029850794
631000     -7570.5421492558       109.9671525053      -734.3211801150    102002.7029850794
632000     -7570.4443485367       109.9736912707      -734.7055617601    102002.7029850794
633000     -7570.5098416102       109.9715049134      -734.7044836633    102002.7029850794
634000     -7570.5053082856       109.9713457431      -734.4588536749    102002.7029850794
635000     -7570.4609373887       109.9725770099      -734.0437088807    102002.7029850794
636000     -7570.4618605523       109.9734881491      -733.9653074565    102002.7029850794
637000     -7570.3703954752       109.9765284585      -733.4477832804    102002.7029850794
638000     -7570.4097056879       109.9715589068      -733.2065756203    102002.7029850794
639000     -7570.4259805654       109.9716004840      -732.8698468590    102002.7029850794
640000     -7570.3801410273       109.9745824308      -732.5231884345    102002.7029850794
641000     -7570.3955790207       109.9707050780      -732.4160650258    102002.7029850794
642000     -7570.4229229523       109.9687271602      -732.1432849680    102002.7029850794
643000     -7570.4084939764       109.9686178957      -731.9838444308    102002.7029850794
644000     -7570.4631366689       109.9662672373      -732.1096997600    102002.7029850794
645000     -7570.4590848363       109.9634410993      -732.1074628016    102002.7029850794
646000     -7570.4774985568       109.9666097164      -731.6380118095    102002.7029850795
647000     -7570.4739848816       109.9672307826      -731.4267254826    102002.7029850795
648000     -7570.4939265850       109.9638120645      -731.3027795868    102002.7029850795
649000     -7570.5379885331       109.9656070750      -730.9077795873    102002.7029850795
650000     -7570.6364526796       109.9634814799      -730.8684201496    102002.7029850795
651000     -7570.6362224521       109.9633361133      -731.0762682066    102002.7029850795
652000     -7570.7195866496       109.9605339345      -730.8196265998    102002.7029850795
653000     -7570.7689580039       109.9566986305      -730.7688570480    102002.7029850795
654000     -7570.8215619557       109.9567335995      -730.7550534930    102002.7029850795
655000     -7570.8870160782       109.9548641780      -730.9539373840    102002.7029850795
656000     -7570.9243550559       109.9518086962      -731.0922441664    102002.7029850795
657000     -7570.9091573371       109.9514386790      -731.2120531946    102002.7029850795
658000     -7570.9797059720       109.9487237992      -731.1407295264    102002.7029850795
659000     -7570.9314047935       109.9511603837      -731.0010105445    102002.7029850795
660000     -7570.9269133195       109.9497917264      -731.2125332314    102002.7029850795
661000     -7570.9470695325       109.9479450784      -731.2367283369    102002.7029850795
662000     -7570.8119750616       109.9506981069      -731.5048023362    102002.7029850795
663000     -7570.7091604896       109.9512947659      -731.5830879574    102002.7029850795
664000     -7570.6823784006       109.9542476069      -731.5308668303    102002.7029850795
665000     -7570.7141663852       109.9493811341      -731.5447711984    102002.7029850795
666000     -7570.6233263800       109.9535497331      -731.6580583494    102002.7029850795
667000     -7570.5849732921       109.9533494351      -731.7305854248    102002.7029850795
668000     -7570.4784351506       109.9559364595      -731.5877034606    102002.7029850795
669000     -7570.4432888091       109.9545943389      -731.7696904233    102002.7029850795
670000     -7570.3341918804       109.9617368343      -731.9427104057    102002.7029850795
671000     -7570.2552549197       109.9645356034      -731.8828221432    102002.7029850795
672000     -7570.2085546214       109.9641821945      -732.1147743047    102002.7029850795
673000     -7570.1906389373       109.9602041197      -732.3975760224    102002.7029850795
674000     -7570.1920575178       109.9574042039      -732.2199134007    102002.7029850794
675000     -7570.1767138460       109.9526839034      -731.8753541257    102002.7029850794
676000     -7570.1856641798       109.9505618611      -731.9216437378    102002.7029850794
677000     -7570.1620675307       109.9516100789      -731.9445265663    102002.7029850794
678000     -7570.1419795389       109.9520449674      -731.9329205069    102002.7029850794
679000     -7570.1656098495       109.9497942971      -732.1110058737    102002.7029850794
680000     -7570.1729098480       109.9498751709      -732.2878247708    102002.7029850794
681000     -7570.1374580672       109.9517423562      -732.3063981085    102002.7029850794
682000     -7570.1445329803       109.9507180188      -732.2064453474    102002.7029850794
683000     -7570.1246890141       109.9499822621      -732.1384964463    102002.7029850794
684000     -7570.0924006293       109.9516307646      -731.9150149882    102002.7029850794
685000     -7570.1263780625       109.9486405970      -731.8456615249    102002.7029850794
686000     -7570.1030863252       109.9481179313      -731.8286754639    102002.7029850794
687000     -7570.1301878393       109.9459484103      -731.6731060729    102002.7029850794
688000     -7570.1112061223       109.9478845807      -731.5771387700    102002.7029850793
689000     -7570.1467627958       109.9433335116      -731.6287566800    102002.7029850793
690000     -7570.2377072280       109.9396899534      -731.5319105097    102002.7029850793
691000     -7570.2706729863       109.9350256772      -731.6773710927    102002.7029850793
692000     -7570.2560603145       109.9352831916      -731.7858261629    102002.7029850793
693000     -7570.1338464027       109.9413768897      -731.8370458694    102002.7029850793
694000     -7570.0779166022       109.9463972324      -731.5379306160    102002.7029850793
695000     -7570.0982335486       109.9431920132      -731.4863185901    102002.7029850793
696000     -7570.2024928910       109.9379584558      -731.2490526116    102002.7029850793
697000     -7570.1828154956       109.9384490065      -731.1496124505    102002.7029850793
698000     -7570.1607139705       109.9405908997      -731.0141313148    102002.7029850793
699000     -7570.1881058674       109.9398898839      -731.0750197006    102002.7029850793
700000     -7570.2551554640       109.9348182406      -731.0587101810    102002.7029850793
701000     -7570.2313052511       109.9335371251      -730.9488137352    102002.7029850793
702000     -7570.2087188721       109.9320838114      -730.9374387855    102002.7029850793
703000     -7570.2042956797       109.9335218642      -730.8979471087    102002.7029850793
704000     -7570.1582791926       109.9316148561      -730.9441630818    102002.7029850792
705000     -7570.0662667092       109.9358692042      -731.0517670659    102002.7029850792
706000     -7570.0081103433       109.9383423667      -731.1179261998    102002.7029850792
707000     -7569.9739105317       109.9347772311      -731.0804624292    102002.7029850792
708000     -7569.8714363016       109.9367903210      -731.0844285817    102002.7029850792
709000     -7569.7793845567       109.9394624310      -731.3047932829    102002.7029850792
710000     -7569.7191948143       109.9413030267      -731.1606361084    102002.7029850792
711000     -7569.6474068295       109.9421703011      -731.0717386542    102002.7029850792
712000     -7569.6641826535       109.9390586821      -731.1767471993    102002.7029850792
713000     -7569.6043168316       109.9407338400      -731.3026244969    102002.7029850792
714000     -7569.5944192257       109.9408936223      -731.1685802662    102002.7029850792
715000     -7569.5703521561       109.9405965025      -731.2289889950    102002.7029850792
716000     -7569.5887938799       109.9399728340      -731.4117888805    102002.7029850792
717000     -7569.5044150416       109.9444377396      -731.5202371845    102002.7029850792
718000     -7569.4299442096       109.9469553231      -731.3770565073    102002.7029850792
719000     -7569.3578355669       109.9482773459      -731.3380111441    102002.7029850792
720000     -7569.3559868437       109.9492300168      -731.2161461554    102002.7029850792
721000     -7569.3794123584       109.9453584759      -731.3035966017    102002.7029850792
722000     -7569.3548261349       109.9471250283      -731.1580460033    102002.7029850792
723000     -7569.4340010621       109.9417064522      -731.0861988216    102002.7029850792
724000     -7569.4426187412       109.9425481925      -731.1331144695    102002.7029850791
725000     -7569.4346577197       109.9425436188      -731.2343346389    102002.7029850791
726000     -7569.4473488873       109.9396225463      -731.2412128406    102002.7029850791
727000     -7569.4461003860       109.9394367978      -731.2162721628    102002.7029850791
728000     -7569.4294756839       109.9412731011      -731.1881376298    102002.7029850791
729000     -7569.4315236246       109.9404805907      -731.1301960811    102002.7029850791
730000     -7569.4197261368       109.9405830929      -731.1437442975    102002.7029850791
731000     -7569.3432288426       109.9455501226      -731.4059781418    102002.7029850791
732000     -7569.3426841889       109.9442544542      -731.5049226666    102002.7029850791
733000     -7569.3263106604       109.9441501329      -731.5859157061    102002.7029850791
734000     -7569.3479473784       109.9421643987      -731.6501888816    102002.7029850791
735000     -7569.3588062060       109.9415803691      -731.5279540413    102002.7029850791
736000     -7569.3338924741       109.9438416956      -731.2854924343    102002.7029850791
737000     -7569.3294774022       109.9438302234      -731.3848996886    102002.7029850791
738000     -7569.3086941297       109.9450579981      -731.5488979358    102002.7029850791
739000     -7569.3407471266       109.9432158058      -731.5203719756    102002.7029850791
740000     -7569.3191192503       109.9439419021      -731.5365640764    102002.7029850791
741000     -7569.2702920136       109.9471401532      -731.4530352202    102002.7029850791
742000     -7569.2069521119       109.9485585926      -731.2707155519    102002.7029850791
743000     -7569.1533932177       109.9492255040      -731.3902916263    102002.7029850791
744000     -7569.0436999392       109.9537705473      -731.4448874354    102002.7029850791
745000     -7568.9777853288       109.9544841423      -731.4295905303    102002.7029850791
746000     -7568.8690936405       109.9580294039      -731.4402503829    102002.7029850791
747000     -7568.8204007598       109.9578467190      -731.4444963903    102002.7029850791
748000     -7568.7627812726       109.9575205501      -731.2614443089    102002.7029850790
749000     -7568.6740258033       109.9601075009      -731.0967616204    102002.7029850790
750000     -7568.6431610982       109.9604332985      -730.9886680087    102002.7029850790
751000     -7568.6085236121       109.9619833638      -730.7879017697    102002.7029850790
752000     -7568.5618193410       109.9625830474      -730.7847314136    102002.7029850790
753000     -7568.5292216320       109.9639983701      -731.0123551293    102002.7029850790
754000     -7568.4959274472       109.9661667729      -730.9572888486    102002.7029850790
755000     -7568.4356697443       109.9699932139      -730.9430871290    102002.7029850790
756000     -7568.3933583742       109.9711043802      -730.9725068876    102002.7029850790
757000     -7568.3578373340       109.9737550040      -730.7729798112    102002.7029850790
758000     -7568.3279562326       109.9741289270      -730.7005674440    102002.7029850790
759000     -7568.3545286723       109.9718120104      -730.7252681251    102002.7029850790
760000     -7568.3490946333       109.9706318117      -730.7412489495    102002.7029850790
761000     -7568.2987005465       109.9719982105      -730.7629613478    102002.7029850790
762000     -7568.2521792167       109.9738836041      -730.5868989254    102002.7029850790
763000     -7568.2348411837       109.9744610435      -730.4634224960    102002.7029850790
764000     -7568.2522953759       109.9702800082      -730.4564761838    102002.7029850790
765000     -7568.2276387525       109.9702749640      -730.4545403076    102002.7029850790
766000     -7568.1957291656       109.9739788038      -730.3552696400    102002.7029850790
767000     -7568.2258426461       109.9729537913      -730.4174124000    102002.7029850790
768000     -7568.2424596896       109.9737859562      -730.5968010419    102002.7029850790
769000     -7568.2800312551       109.9753257245      -730.3747835959    102002.7029850790
770000     -7568.2927976210       109.9763733701      -730.5474711069    102002.7029850790
771000     -7568.2889154254       109.9771318761      -730.6523449240    102002.7029850790
772000     -7568.2880363671       109.9781798051      -730.5612974007    102002.7029850790
773000     -7568.3053388789       109.9768911410      -730.5782853949    102002.7029850790
774000     -7568.3049475237       109.9771034448      -730.6920797140    102002.7029850790
775000     -7568.2568674192       109.9798906000      -730.6660203436    102002.7029850790
776000     -7568.2226370794       109.9811224849      -730.6024322379    102002.7029850790
777000     -7568.2247805251       109.9817315674      -730.7308215355    102002.7029850789
778000     -7568.2160865510       109.9825005726      -730.8037549655    102002.7029850789
779000     -7568.2547250325       109.9810730603      -730.8302046181    102002.7029850789
780000     -7568.2553921963       109.9817211062      -730.9171076933    102002.7029850789
781000     -7568.2913175806       109.9811807193      -731.1703421850    102002.7029850789
782000     -7568.2495230055       109.9868948240      -731.2574541370    102002.7029850789
783000     -7568.2966554008       109.9856625212      -731.1329738561    102002.7029850789
784000     -7568.3417238982       109.9843008438      -731.0881202601    102002.7029850789
785000     -7568.3370234556       109.9863656599      -730.9938211156    102002.7029850789
786000     -7568.3200787811       109.9886711671      -730.9841514875    102002.7029850789
787000     -7568.3617467785       109.9856381332      -730.9730769841    102002.7029850789
788000     -7568.3823637238       109.9863764332      -730.8677661374    102002.7029850789
789000     -7568.3823265300       109.9894728153      -730.7914416833    102002.7029850789
790000     -7568.3990589650       109.9910032481      -730.7678765485    102002.7029850789
791000     -7568.4278125025       109.9891282941      -730.6831773858    102002.7029850789
792000     -7568.4660564308       109.9890650582      -730.6170138113    102002.7029850789
793000     -7568.4792465752       109.9904879276      -730.5087849902    102002.7029850789
794000     -7568.5524757281       109.9872863290      -730.4219508938    102002.7029850789
795000     -7568.5732986469       109.9860788092      -730.4371953151    102002.7029850789
796000     -7568.5607099619       109.9869758483      -730.5090155621    102002.7029850789
797000     -7568.5020259323       109.9913622254      -730.5794785235    102002.7029850789
798000     -7568.5165569209       109.9913502186      -730.5222900466    102002.7029850789
799000     -7568.5085455684       109.9918917907      -730.6285582658    102002.7029850789
800000     -7568.5514459291       109.9914366733      -730.5560113899    102002.7029850789
801000     -7568.5986485299       109.9887384778      -730.7749828408    102002.7029850789
802000     -7568.6154267968       109.9904002517      -730.9126635126    102002.7029850789
803000     -7568.5888810727       109.9944957915      -731.0678054983    102002.7029850789
804000     -7568.6040782086       109.9958171088      -730.9933180664    102002.7029850789
805000     -7568.5932324410       109.9962253253      -731.1845465692    102002.7029850789
806000     -7568.6167020369       109.9966567551      -731.2020121450    102002.7029850789
807000     -7568.5769129859       109.9992156237      -731.1039618842    102002.7029850789
808000     -7568.5888625593       110.0001066665      -731.0588823560    102002.7029850789
809000     -7568.6136192170       110.0008954413      -731.0581931424    102002.7029850789
810000     -7568.6070485389       110.0020971508      -731.2110297390    102002.7029850789
811000     -7568.5946773102       110.0069342900      -731.2090707761    102002.7029850789
812000     -7568.6752091755       110.0057489595      -731.2936839444    102002.7029850789
813000     -7568.7174884779       110.0037008987      -731.3397923679    102002.7029850789
814000     -7568.7500737741       110.0020113512      -731.3191212334    102002.7029850789
815000     -7568.7921727416       110.0010784692      -731.2053849132    102002.7029850788
816000     -7568.7624495304       110.0036261176      -731.0865969654    102002.7029850788
817000     -7568.7522277330       110.0039005254      -730.9855594768    102002.7029850788
818000     -7568.7845364262       110.0020844783      -730.9579944003    102002.7029850788
819000     -7568.7933875343       110.0005507947      -730.9357070527    102002.7029850788
820000     -7568.8034998229       109.9985241279      -730.8940971197    102002.7029850788
821000     -7568.8332927202       109.9962366879      -730.7724153531    102002.7029850788
822000     -7568.8324978430       109.9969656980      -730.6484709839    102002.7029850788
823000     -7568.8070777463       109.9982853875      -730.6025643587    102002.7029850788
824000     -7568.8056648478       109.9988738310      -730.4857347322    102002.7029850788
825000     -7568.8399289051       109.9973899204      -730.3409968453    102002.7029850788
826000     -7568.8629686595       109.9953394262      -730.2175724496    102002.7029850788
827000     -7568.8565017276       109.9971232351      -730.2365744592    102002.7029850788
828000     -7568.8560018877       109.9980463332      -730.2703939170    102002.7029850788
829000     -7568.8381378193       109.9993481022      -730.1945619471    102002.7029850788
830000     -7568.8462735487       110.0007314299      -730.1752120373    102002.7029850788
831000     -7568.8585028259       110.0009053652      -730.2174759753    102002.7029850788
832000     -7568.8891675656       110.0011367986      -730.1575015977    102002.7029850788
833000     -7568.8883471378       110.0006949566      -730.1599542014    102002.7029850788
834000     -7568.8877270836       110.0021283664      -730.1458767097    102002.7029850788
835000     -7568.8977524759       110.0019454381      -730.0893039865    102002.7029850788
836000     -7568.9182870926       110.0024323389      -729.9730114391    102002.7029850788
837000     -7568.9526691482       110.0003802342      -729.9880512305    102002.7029850788
838000     -7568.9832395038       110.0012325195      -729.9034826395    102002.7029850788
839000     -7569.0128124095       110.0001694203      -730.0836332331    102002.7029850788
840000     -7569.0182899384       110.0023898823      -730.0432284186    102002.7029850788
841000     -7569.0458399698       110.0023509424      -730.1247439736    102002.7029850788
842000     -7569.0886092622       110.0011876841      -730.0699825383    102002.7029850788
843000     -7569.1379009068       109.9993986726      -730.0895125588    102002.7029850788
844000     -7569.1767519484       109.9983993643      -730.1436121123    102002.7029850788
845000     -7569.2361777507       109.9969924316      -730.0251888003    102002.7029850788
846000     -7569.2367069939       109.9987268200      -729.9739136347    102002.7029850788
847000     -7569.2487834202       109.9998228482      -730.0289602986    102002.7029850788
848000     -7569.2906022907       110.0004779630      -730.0770758979    102002.7029850788
849000     -7569.3012633316       110.0007696439      -730.0597930119    102002.7029850788
850000     -7569.2906634813       110.0037673112      -729.9698900335    102002.7029850788
851000     -7569.3335235426       110.0037709966      -729.9280799902    102002.7029850788
852000     -7569.3564259842       110.0034969154      -729.8683552436    102002.7029850788
853000     -7569.3812012044       110.0044948332      -729.8108247631    102002.7029850788
854000     -7569.3901874691       110.0053513680      -730.0205797885    102002.7029850788
855000     -7569.4520944317       110.0032478723      -730.1802482045    102002.7029850788
856000     -7569.4545043740       110.0052550225      -730.1280725458    102002.7029850788
857000     -7569.4758192856       110.0045419941      -730.1586546851    102002.7029850788
858000     -7569.4802019142       110.0057703270      -730.1670321101    102002.7029850788
859000     -7569.4975050614       110.0050670828      -730.3316028747    102002.7029850788
860000     -7569.4994330221       110.0065231994      -730.3999224017    102002.7029850788
861000     -7569.4666437191       110.0097192776      -730.4776733542    102002.7029850788
862000     -7569.5104835358       110.0091361622      -730.4657706230    102002.7029850788
863000     -7569.5085050939       110.0108177321      -730.4266436855    102002.7029850788
864000     -7569.5452768816       110.0100134684      -730.3840632118    102002.7029850788
865000     -7569.5595528297       110.0104315410      -730.3162465782    102002.7029850788
866000     -7569.5814335955       110.0117961243      -730.1917728007    102002.7029850788
867000     -7569.6155313942       110.0121634113      -730.2774918871    102002.7029850788
868000     -7569.6465517430       110.0128973813      -730.2440512670    102002.7029850788
869000     -7569.6673658372       110.0122800086      -730.2239674433    102002.7029850788
870000     -7569.6898248605       110.0122171898      -730.1387747806    102002.7029850787
871000     -7569.6849624790       110.0123614464      -730.0981932059    102002.7029850787
872000     -7569.6625351070       110.0145111636      -730.0135129887    102002.7029850787
873000     -7569.6812412806       110.0135472239      -730.1107745120    102002.7029850787
874000     -7569.6851729928       110.0142411575      -730.1505776013    102002.7029850787
875000     -7569.6650241576       110.0154287254      -730.2020663512    102002.7029850787
876000     -7569.6804373222       110.0136274553      -730.1468643087    102002.7029850787
877000     -7569.6754973835       110.0152454603      -730.0794099918    102002.7029850787
878000     -7569.6740822472       110.0153652585      -730.0489368322    102002.7029850787
879000     -7569.6863394127       110.0158446591      -729.9769923224    102002.7029850787
880000     -7569.7065087154       110.0131635078      -729.9692532947    102002.7029850787
881000     -7569.6926602923       110.0138921186      -730.0655378051    102002.7029850787
882000     -7569.6990298979       110.0146786283      -730.0976055424    102002.7029850787
883000     -7569.7365824285       110.0126401632      -730.1342831178    102002.7029850787
884000     -7569.7494734281       110.0130556000      -730.0234655220    102002.7029850787
885000     -7569.7476855659       110.0134065336      -730.0680308609    102002.7029850787
886000     -7569.8128880565       110.0111961936      -729.9331242027    102002.7029850787
887000     -7569.8306308428       110.0109488777      -729.9909089803    102002.7029850787
888000     -7569.8282150530       110.0128479309      -730.0481117039    102002.7029850787
889000     -7569.8698621680       110.0120309039      -730.0949963000    102002.7029850787
890000     -7569.9129478767       110.0094562083      -730.0838743357    102002.7029850787
891000     -7569.9466571729       110.0080727360      -730.1517571159    102002.7029850787
892000     -7569.9935578990       110.0060323481      -730.1296039468    102002.7029850787
893000     -7570.0019476643       110.0060919876      -730.1163892758    102002.7029850787
894000     -7569.9968544464       110.0053970548      -729.9681741786    102002.7029850787
895000     -7570.0389615826       110.0015313017      -729.9390963683    102002.7029850787
896000     -7570.0445292909       110.0007260337      -729.9952278954    102002.7029850787
897000     -7570.0573431900       109.9999718873      -730.0216774609    102002.7029850787
898000     -7570.0856579674       109.9981186829      -729.9060503581    102002.7029850787
899000     -7570.0789109254       109.9975537226      -729.8318224513    102002.7029850787
900000     -7570.0445381087       109.9987778999      -729.8666914953    102002.7029850787
901000     -7570.0106389884       110.0009309232      -729.8173862159    102002.7029850787
902000     -7569.9964053420       109.9997881360      -729.9330456968    102002.7029850787
903000     -7569.9770152351       109.9991053775      -730.0297941513    102002.7029850787
904000     -7569.9589538665       110.0000313091      -730.0615136860    102002.7029850787
905000     -7569.9503178746       110.0002655993      -730.0462595971    102002.7029850787
906000     -7569.9511820941       109.9987436820      -730.0002863737    102002.7029850787
907000     -7569.9448710018       109.9984580929      -729.9612166856    102002.7029850787
908000     -7569.9452749936       109.9982247707      -729.9245187638    102002.7029850787
909000     -7569.9571957539       109.9968467854      -730.1017603993    102002.7029850787
910000     -7569.9576062587       109.9967427837      -730.2651948490    102002.7029850787
911000     -7569.9536415848       109.9972451938      -730.2643982247    102002.7029850787
912000     -7569.9765171089       109.9958176407      -730.1856503179    102002.7029850787
913000     -7569.9903440703       109.9960993123      -730.1628233719    102002.7029850787
914000     -7570.0056358835       109.9946886568      -730.1210331827    102002.7029850787
915000     -7569.9809706956       109.9946341013      -730.1419868533    102002.7029850787
916000     -7570.0062435883       109.9936303389      -730.1329347735    102002.7029850787
917000     -7569.9935604877       109.9933622589      -730.2909035749    102002.7029850787
918000     -7569.9662878121       109.9945455717      -730.2760447972    102002.7029850787
919000     -7569.9462464135       109.9947693894      -730.1480966883    102002.7029850787
920000     -7569.9093320288       109.9962745353      -730.0842273262    102002.7029850787
921000     -7569.8816878770       109.9979088981      -730.1159424645    102002.7029850787
922000     -7569.8837626791       109.9962324830      -730.1939912606    102002.7029850787
923000     -7569.8564370570       109.9970779146      -730.2716931525    102002.7029850787
924000     -7569.8309534410       109.9976577232      -730.2816544439    102002.7029850787
925000     -7569.8261182935       109.9967651584      -730.3534027241    102002.7029850787
926000     -7569.8310727933       109.9942726094      -730.3437801700    102002.7029850787
927000     -7569.8220937811       109.9942047193      -730.2448014449    102002.7029850786
928000     -7569.8199553313       109.9925058377      -730.2287407426    102002.7029850786
929000     -7569.7964544446       109.9934204619      -730.2010767864    102002.7029850786
930000     -7569.7837331665       109.9942252742      -730.3167523466    102002.7029850786
931000     -7569.7657055601       109.9968192668      -730.3895091758    102002.7029850786
932000     -7569.7612905816       109.9992174923      -730.4510660436    102002.7029850786
933000     -7569.7863043981       109.9976059816      -730.4500418164    102002.7029850786
934000     -7569.7741234229       109.9987109487      -730.4054906570    102002.7029850786
935000     -7569.7926688306       109.9973495679      -730.4261488594    102002.7029850786
936000     -7569.7954729740       109.9970533224      -730.5309221037    102002.7029850786
937000     -7569.7989742629       109.9971205541      -730.5812692029    102002.7029850786
938000     -7569.7899579857       109.9975734966      -730.5886784714    102002.7029850786
939000     -7569.8073613208       109.9961453969      -730.5660026049    102002.7029850786
940000     -7569.8146603910       109.9939392488      -730.5177951772    102002.7029850786
941000     -7569.8281834426       109.9936362136      -730.4363823662    102002.7029850786
942000     -7569.8443086252       109.9923018083      -730.4120146394    102002.7029850786
943000     -7569.8410522337       109.9938979220      -730.4875816960    102002.7029850786
944000     -7569.8398664615       109.9940114288      -730.4745929841    102002.7029850786
945000     -7569.8586067466       109.9941617555      -730.4072866325    102002.7029850786
946000     -7569.8584011592       109.9948919467      -730.3075308110    102002.7029850786
947000     -7569.8596897175       109.9950472748      -730.2601140517    102002.7029850786
948000     -7569.8626494503       109.9939592510      -730.2285129821    102002.7029850786
949000     -7569.8913211055       109.9921696834      -730.2888244045    102002.7029850786
950000     -7569.8974412487       109.9916822721      -730.3163458485    102002.7029850786
951000     -7569.9440660295       109.9893225369      -730.3187792348    102002.7029850786
952000     -7569.9657665858       109.9878079851      -730.2917814186    102002.7029850786
953000     -7569.9922845381       109.9880219326      -730.2486557121    102002.7029850786
954000     -7569.9870645059       109.9897365557      -730.1919573815    102002.7029850786
955000     -7569.9878682541       109.9895588846      -730.1104589795    102002.7029850786
956000     -7569.9910662038       109.9895941136      -730.1532372722    102002.7029850786
957000     -7570.0037024189       109.9893227146      -730.1318473880    102002.7029850786
958000     -7570.0245925346       109.9883545820      -730.1858256348    102002.7029850786
959000     -7570.0238972623       109.9878048845      -730.2614159600    102002.7029850786
960000     -7570.0121808835       109.9884707729      -730.2628790800    102002.7029850786
961000     -7570.0089902795       109.9900698884      -730.1463864916    102002.7029850786
962000     -7570.0230031077       109.9894100453      -730.1266669018    102002.7029850786
963000     -7570.0414013011       109.9901600563      -729.9930552897    102002.7029850786
964000     -7570.0665843383       109.9897739243      -729.9890344370    102002.7029850786
965000     -7570.0736091617       109.9912435121      -730.0351714672    102002.7029850786
966000     -7570.0758304797       109.9906607728      -730.0782302033    102002.7029850786
967000     -7570.1108092653       109.9883172472      -729.9989542359    102002.7029850786
968000     -7570.1413969111       109.9870903240      -729.9561598853    102002.7029850786
969000     -7570.1721086426       109.9861858432      -729.9834661094    102002.7029850786
970000     -7570.2164306139       109.9840751874      -730.0014885444    102002.7029850786
971000     -7570.2285359073       109.9835801031      -729.9713356656    102002.7029850786
972000     -7570.2454743706       109.9836470722      -729.9381514750    102002.7029850786
973000     -7570.2505683899       109.9836827923      -729.9565198290    102002.7029850786
974000     -7570.2663529309       109.9831197708      -730.0244852113    102002.7029850786
975000     -7570.2755613707       109.9833873767      -730.0838809831    102002.7029850786
976000     -7570.2942876897       109.9829854649      -730.1653911673    102002.7029850786
977000     -7570.3071205767       109.9833180503      -730.1948369762    102002.7029850786
978000     -7570.3032017386       109.9841013795      -730.1524703259    102002.7029850786
979000     -7570.3267748158       109.9831388106      -730.1776590675    102002.7029850786
980000     -7570.3415271482       109.9819998417      -730.1361957130    102002.7029850786
981000     -7570.3456609030       109.9822157301      -730.1242409228    102002.7029850786
982000     -7570.3536752362       109.9823024621      -730.1812980970    102002.7029850786
983000     -7570.3742321412       109.9818807913      -730.2028263556    102002.7029850786
984000     -7570.3738363298       109.9814190334      -730.2302761017    102002.7029850786
985000     -7570.3809766895       109.9815187801      -730.2136617625    102002.7029850786
986000     -7570.4084990312       109.9809479717      -730.2271437379    102002.7029850786
987000     -7570.4143390687       109.9801180713      -730.1315948134    102002.7029850786
988000     -7570.4031900614       109.9796696743      -730.1802940385    102002.7029850786
989000     -7570.4125991528       109.9794168508      -730.2130531551    102002.7029850786
990000     -7570.3881835299       109.9814098671      -730.2773783554    102002.7029850786
991000     -7570.3826568168       109.9812025530      -730.3647842251    102002.7029850786
992000     -7570.3595876788       109.9831823540      -730.2947251554    102002.7029850786
993000     -7570.3485796055       109.9836836421      -730.1992749723    102002.7029850786
994000     -7570.3520037401       109.9819620479      -730.2461846411    102002.7029850786
995000     -7570.3597661361       109.9815252229      -730.2302315343    102002.7029850786
996000     -7570.3249366575       109.9837629828      -730.1972612045    102002.7029850786
997000     -7570.3111175243       109.9839137633      -730.1115145933    102002.7029850786
998000     -7570.3158259911       109.9842501326      -730.1619524263    102002.7029850786
999000     -7570.3477436378       109.9839117206      -730.1502002874    102002.7029850786
1000000     -7570.3908799166       109.9820690985      -730.1215970325    102002.7029850786
