# Time-averaged data for fix runningavgs
# TimeStep v_ra_etotal v_ra_temp v_ra_press v_ra_volume
502000     -7437.6692379780       110.4715065681      -871.5781447759    102002.7029850792
503000     -7439.1819791711       110.4571958895      -859.6199634379    102002.7029850792
504000     -7439.3813082199       110.5255510826      -848.7637469847    102002.7029850792
505000     -7441.5419457514       110.3200690625      -841.1023141755    102002.7029850792
506000     -7441.0876945459       110.4858302262      -833.8876259547    102002.7029850792
507000     -7441.5875891230       110.4210297712      -831.4365328649    102002.7029850792
508000     -7442.7891922228       110.3940434343      -836.9778595935    102002.7029850792
509000     -7443.6643663310       110.3657323315      -843.3728129435    102002.7029850792
510000     -7444.3228470297       110.3349424080      -844.3928955225    102002.7029850792
511000     -7446.1083029221       110.2146657460      -841.1779749659    102002.7029850792
512000     -7445.8114959604       110.2268660277      -839.8969132213    102002.7029850792
513000     -7445.0227005432       110.2582449272      -840.0104688275    102002.7029850792
514000     -7444.4101534147       110.2637530961      -840.0022449096    102002.7029850792
515000     -7443.7039177439       110.2872296288      -840.9002407938    102002.7029850792
516000     -7443.5378525821       110.2826032733      -843.2063097564    102002.7029850792
517000     -7444.0692373980       110.2238869057      -840.3395102048    102002.7029850792
518000     -7443.6786050205       110.2388213697      -839.8369073475    102002.7029850792
519000     -7443.8993909927       110.2318571503      -839.4515105902    102002.7029850792
520000     -7444.0302622622       110.1973937167      -839.6478643719    102002.7029850792
521000     -7444.7506691233       110.1671491404      -839.3059282297    102002.7029850792
522000     -7444.3491432288       110.1555399092      -840.7618788446    102002.7029850792
523000     -7444.7897366326       110.1223426747      -842.0219104798    102002.7029850792
524000     -7444.8757721505       110.1155330781      -843.4793989803    102002.7029850792
525000     -7444.9844954308       110.1031073315      -841.8314023039    102002.7029850792
526000     -7445.1596945551       110.0971656531      -841.3953706612    102002.7029850792
527000     -7445.1761593298       110.1107688982      -842.6140735343    102002.7029850792
528000     -7444.7812190207       110.1264852584      -842.6220650301    102002.7029850792
529000     -7444.3983475479       110.1426145398      -841.9787377214    102002.7029850792
530000     -7444.4854170124       110.1204720466      -842.8791922105    102002.7029850792
531000     -7444.7286262663       110.0957136054      -842.4049359732    102002.7029850792
532000     -7444.6067331557       110.0972812016      -841.2864498015    102002.7029850792
533000     -7444.2567129400       110.1056068143      -842.1452536579    102002.7029850792
534000     -7444.3051612156       110.0901766316      -841.5113842456    102002.7029850792
535000     -7443.9380931160       110.1022112056      -840.4209178642    102002.7029850792
536000     -7443.8894881489       110.0939789412      -839.6800007193    102002.7029850792
537000     -7443.6520081354       110.1049092851      -838.7367790047    102002.7029850792
538000     -7443.4135380345       110.1163939414      -837.7931490972    102002.7029850792
539000     -7443.0880756246       110.1253880977      -837.0090262382    102002.7029850791
540000     -7442.9360253541       110.1194766730      -837.0953665240    102002.7029850791
541000     -7442.9112025354       110.1158572464      -836.9222178006    102002.7029850791
542000     -7442.6082997498       110.1291186859      -837.2452937723    102002.7029850791
543000     -7442.4035180084       110.1345586611      -837.9407617845    102002.7029850791
544000     -7442.5503505796       110.1152358563      -837.4226071949    102002.7029850791
545000     -7442.5103793763       110.1152233074      -837.5249068848    102002.7029850791
546000     -7442.5601349436       110.1044271385      -837.9656721572    102002.7029850791
547000     -7442.6814191206       110.0948003033      -838.1114237839    102002.7029850791
548000     -7442.3506394011       110.1170933401      -838.4828593414    102002.7029850791
549000     -7442.2780550955       110.1147617989      -837.4847297268    102002.7029850791
550000     -7442.4883830094       110.0993830849      -837.5179204870    102002.7029850791
551000     -7442.7735047640       110.0833352810      -837.3244768006    102002.7029850791
552000     -7442.8224510764       110.0909959043      -836.9990768911    102002.7029850791
553000     -7442.7253424252       110.1142627410      -836.9739618602    102002.7029850791
554000     -7442.9132733056       110.1104247004      -837.3398935544    102002.7029850791
555000     -7443.1165970066       110.1012769389      -837.6500571364    102002.7029850791
556000     -7443.2785342048       110.1034871760      -837.5669692303    102002.7029850791
557000     -7443.2781331259       110.1068623091      -837.4389766568    102002.7029850791
558000     -7443.1181839575       110.1210567872      -837.2701166555    102002.7029850791
559000     -7443.0552159775       110.1287807779      -837.6591744118    102002.7029850791
560000     -7443.2172007778       110.1162960183      -838.3508082469    102002.7029850791
561000     -7443.3506310011       110.1106232060      -838.1722431079    102002.7029850791
562000     -7443.3947590434       110.1026483778      -837.9044021107    102002.7029850791
563000     -7443.4465221729       110.0955983532      -836.6465462411    102002.7029850791
564000     -7443.7277205589       110.0716068585      -836.1327356063    102002.7029850791
565000     -7443.8047245916       110.0632718763      -836.4101183945    102002.7029850791
566000     -7443.7582115239       110.0631643241      -837.0133500585    102002.7029850791
567000     -7443.7798611331       110.0592014949      -837.0065714495    102002.7029850791
568000     -7443.7594346074       110.0555165078      -837.5928305242    102002.7029850791
569000     -7443.7545652800       110.0537861267      -837.3399621503    102002.7029850791
570000     -7443.7368352588       110.0545154312      -837.0344652031    102002.7029850791
571000     -7443.6518955467       110.0557550887      -838.0026319129    102002.7029850791
572000     -7443.5895318779       110.0636831022      -838.0555102046    102002.7029850791
573000     -7443.5889922997       110.0660420994      -838.3950419083    102002.7029850791
574000     -7443.4954481510       110.0772601530      -838.5665173251    102002.7029850791
575000     -7443.4684446218       110.0809771620      -838.6457807914    102002.7029850791
576000     -7443.6440869243       110.0766176539      -838.2916630750    102002.7029850791
577000     -7443.6345489588       110.0780308653      -838.5088201836    102002.7029850791
578000     -7443.6605481322       110.0706657656      -838.8138064384    102002.7029850791
579000     -7443.6558878392       110.0720633513      -839.0993164107    102002.7029850791
580000     -7443.5806267441       110.0745278212      -839.7615583585    102002.7029850791
581000     -7443.5004156175       110.0769384080      -840.4213718435    102002.7029850791
582000     -7443.6848509063       110.0677852421      -840.0326736587    102002.7029850791
583000     -7443.6191119656       110.0667498995      -840.1618284842    102002.7029850791
584000     -7443.6671778423       110.0597570501      -839.9891266197    102002.7029850791
585000     -7443.6863456953       110.0540522517      -839.7163837605    102002.7029850791
586000     -7443.8315330435       110.0438200855      -839.8794841051    102002.7029850791
587000     -7443.7713669571       110.0438901994      -839.9753044757    102002.7029850791
588000     -7443.5528960767       110.0538878834      -840.3407322733    102002.7029850791
589000     -7443.4977098726       110.0538231656      -840.1114972788    102002.7029850791
590000     -7443.3147633707       110.0655445750      -840.1434883743    102002.7029850791
591000     -7443.1685919054       110.0696050969      -840.6750395056    102002.7029850792
592000     -7443.2492352613       110.0705353707      -840.9889700622    102002.7029850792
593000     -7443.2696194243       110.0687249203      -841.1190656972    102002.7029850792
594000     -7443.2793180375       110.0654006680      -841.2100671563    102002.7029850792
595000     -7443.4374102609       110.0535511036      -841.2638451282    102002.7029850792
596000     -7443.4785251336       110.0489729964      -841.3854182585    102002.7029850792
597000     -7443.5069636030       110.0467333321      -841.2132212714    102002.7029850792
598000     -7443.3101331836       110.0512638038      -841.7244924006    102002.7029850792
599000     -7443.3541301594       110.0443580268      -841.6336716504    102002.7029850792
600000     -7443.3779656078       110.0358882095      -841.8216929861    102002.7029850792
601000     -7443.3731922352       110.0315781825      -842.1024048921    102002.7029850792
602000     -7443.2248576393       110.0335117733      -842.2138254192    102002.7029850792
603000     -7443.1029299338       110.0331118483      -842.5594351511    102002.7029850792
604000     -7443.0830019190       110.0281742486      -842.5649102283    102002.7029850793
605000     -7443.0363386647       110.0259811498      -842.5714867475    102002.7029850793
606000     -7442.9383263907       110.0264734461      -843.0519584325    102002.7029850793
607000     -7442.8706964884       110.0258785217      -842.9574538745    102002.7029850793
608000     -7442.8145715064       110.0278906164      -842.7477630036    102002.7029850793
609000     -7442.6292847704       110.0301329966      -842.6512508561    102002.7029850793
610000     -7442.5826401148       110.0297703177      -842.5844664785    102002.7029850793
611000     -7442.4706855997       110.0385276527      -842.4688541852    102002.7029850793
612000     -7442.4742935084       110.0406943764      -842.5683357098    102002.7029850793
613000     -7442.5080825663       110.0414967095      -842.9813308852    102002.7029850793
614000     -7442.5363687845       110.0433345739      -842.7306588403    102002.7029850793
615000     -7442.5222884423       110.0423008755      -842.8485022835    102002.7029850793
616000     -7442.5755277010       110.0428979953      -843.1115614384    102002.7029850793
617000     -7442.5783853108       110.0425841232      -842.8784568917    102002.7029850793
618000     -7442.6089489245       110.0359546449      -843.2354096234    102002.7029850793
619000     -7442.6103185740       110.0345466356      -843.4606844495    102002.7029850793
620000     -7442.5642630780       110.0353551598      -843.7400727940    102002.7029850793
621000     -7442.5591220581       110.0418774297      -843.6660540157    102002.7029850793
622000     -7442.4842739463       110.0406310631      -843.6123951534    102002.7029850794
623000     -7442.4624161291       110.0441263278      -843.3530903609    102002.7029850794
624000     -7442.3513632977       110.0472256519      -843.5276999382    102002.7029850794
625000     -7442.3357860191       110.0480177363      -843.5595117755    102002.7029850794
626000     -7442.3244364258       110.0457564945      -843.5528407183    102002.7029850794
627000     -7442.2665348955       110.0484937255      -843.0738103189    102002.7029850794
628000     -7442.1460653605       110.0547802862      -842.8404432007    102002.7029850794
629000     -7442.0438932159       110.0552175056      -842.6936888027    102002.7029850794
630000     -7441.9306614372       110.0604327332      -842.4416217644    102002.7029850794
631000     -7441.8539190992       110.0607183371      -842.4756947883    102002.7029850794
632000     -7441.8324336645       110.0581078239      -842.7234489915    102002.7029850794
633000     -7441.7915634151       110.0590109267      -842.7998706274    102002.7029850794
634000     -7441.7969820384       110.0563994120      -842.3924796166    102002.7029850794
635000     -7441.8801562671       110.0488041057      -842.2258993185    102002.7029850794
636000     -7441.9181637998       110.0472926593      -841.8969193068    102002.7029850794
637000     -7441.8570459735       110.0538130864      -841.8850422530    102002.7029850794
638000     -7441.8558329153       110.0568998174      -842.2284053891    102002.7029850794
639000     -7441.8976566465       110.0558681774      -842.5512761362    102002.7029850794
640000     -7441.8581322608       110.0591165570      -842.6092804108    102002.7029850794
641000     -7441.8734534211       110.0593214646      -842.3839524108    102002.7029850794
642000     -7441.9070807744       110.0564723256      -842.1408711881    102002.7029850794
643000     -7441.8676381083       110.0604510425      -842.1890668607    102002.7029850794
644000     -7441.7816189258       110.0639835692      -842.2678493866    102002.7029850794
645000     -7441.7169355046       110.0673647460      -842.4912990298    102002.7029850794
646000     -7441.6878349864       110.0674300380      -842.5307227640    102002.7029850795
647000     -7441.6564516633       110.0707445030      -842.2686355042    102002.7029850795
648000     -7441.6094410214       110.0741459046      -842.2541373487    102002.7029850795
649000     -7441.5658755321       110.0787637494      -842.4116219271    102002.7029850795
650000     -7441.6090569060       110.0803392387      -842.4251934551    102002.7029850795
651000     -7441.5858827783       110.0826146920      -842.6376873973    102002.7029850795
652000     -7441.6308141914       110.0807086136      -842.7339773787    102002.7029850795
653000     -7441.6839632868       110.0747535445      -842.5631267934    102002.7029850795
654000     -7441.7762476319       110.0701916295      -842.5115169631    102002.7029850795
655000     -7441.8238040578       110.0658354709      -842.4197106724    102002.7029850795
656000     -7441.8456779774       110.0624448928      -842.6287748671    102002.7029850795
657000     -7441.8205216423       110.0658180502      -842.7597515111    102002.7029850795
658000     -7441.8542941945       110.0653712425      -842.7909145258    102002.7029850795
659000     -7441.8854696643       110.0601631336      -842.7182370827    102002.7029850795
660000     -7441.9006737067       110.0592534848      -842.2878488858    102002.7029850795
661000     -7441.8865606496       110.0577757343      -842.5317391687    102002.7029850795
662000     -7441.8436346521       110.0541593604      -842.6540562820    102002.7029850795
663000     -7441.8171144931       110.0547973177      -842.6509279020    102002.7029850795
664000     -7441.6979801417       110.0566800132      -842.9684037731    102002.7029850795
665000     -7441.5677026830       110.0641785360      -843.0495029831    102002.7029850795
666000     -7441.5256491444       110.0642981568      -842.9343562173    102002.7029850795
667000     -7441.5437267843       110.0583684818      -843.1162454091    102002.7029850795
668000     -7441.5121276480       110.0601366632      -843.2657509394    102002.7029850795
669000     -7441.5242819311       110.0588739434      -843.2250703475    102002.7029850795
670000     -7441.5713153585       110.0532548900      -843.3674110221    102002.7029850795
671000     -7441.5737298499       110.0508215348      -843.5099756497    102002.7029850795
672000     -7441.5391359170       110.0470218003      -843.8812600237    102002.7029850795
673000     -7441.5095487964       110.0469055235      -843.6229551492    102002.7029850795
674000     -7441.3936721563       110.0476395274      -843.7295368524    102002.7029850794
675000     -7441.3774725544       110.0446388209      -844.1152925979    102002.7029850794
676000     -7441.3409365778       110.0456864366      -844.1281275579    102002.7029850794
677000     -7441.2663255699       110.0471248224      -844.2857699942    102002.7029850794
678000     -7441.2779770267       110.0442264773      -844.4262126890    102002.7029850794
679000     -7441.2945170327       110.0410151085      -844.3915103615    102002.7029850794
680000     -7441.2564664142       110.0415836949      -844.3703131255    102002.7029850794
681000     -7441.1604379127       110.0450333032      -844.4421655377    102002.7029850794
682000     -7441.1102039063       110.0442255287      -844.4899260249    102002.7029850794
683000     -7441.1214622162       110.0406710317      -844.7647720863    102002.7029850794
684000     -7441.1231326975       110.0400429654      -845.2613948932    102002.7029850794
685000     -7441.1036388805       110.0400093454      -845.3430503737    102002.7029850794
686000     -7441.1088959628       110.0365945697      -845.4881164703    102002.7029850794
687000     -7441.0784100335       110.0344382134      -845.6510627492    102002.7029850794
688000     -7441.0288105648       110.0340217776      -845.7571628760    102002.7029850793
689000     -7440.9691074906       110.0390087631      -845.7998150872    102002.7029850793
690000     -7440.8876487653       110.0410493162      -846.3347276032    102002.7029850793
691000     -7440.9012261169       110.0414224651      -846.3279988700    102002.7029850793
692000     -7440.9140267652       110.0390651329      -846.4562099821    102002.7029850793
693000     -7440.8894365607       110.0409194377      -846.6938368492    102002.7029850793
694000     -7440.8833299490       110.0426439147      -846.7826568657    102002.7029850793
695000     -7440.9012000539       110.0410242696      -846.8794398510    102002.7029850793
696000     -7440.9393757887       110.0400620461      -847.1773984633    102002.7029850793
697000     -7440.9508700898       110.0398944594      -847.2845329133    102002.7029850793
698000     -7440.9667540830       110.0408364482      -847.2185967207    102002.7029850793
699000     -7441.0354455884       110.0387975186      -847.4997926657    102002.7029850793
700000     -7441.0627215091       110.0397183008      -847.4172268878    102002.7029850793
701000     -7441.0790192449       110.0379415207      -847.4378955455    102002.7029850793
702000     -7441.1086392807       110.0373205430      -847.4865534429    102002.7029850793
703000     -7441.0856468446       110.0409037163      -847.4478451860    102002.7029850793
704000     -7441.0966167001       110.0425762372      -847.5647121578    102002.7029850792
705000     -7441.1468309405       110.0424209853      -847.6002862850    102002.7029850792
706000     -7441.1753872486       110.0434821059      -847.4405041023    102002.7029850792
707000     -7441.2006211807       110.0440578268      -847.1345489951    102002.7029850792
708000     -7441.1893846398       110.0469777836      -847.1413646731    102002.7029850792
709000     -7441.2407327439       110.0438909818      -847.1306787719    102002.7029850792
710000     -7441.2833808276       110.0423840621      -847.0217683592    102002.7029850792
711000     -7441.2126003133       110.0440016525      -847.1581918411    102002.7029850792
712000     -7441.3159270685       110.0389831822      -847.0263813993    102002.7029850792
713000     -7441.3076795900       110.0428030275      -846.8709089327    102002.7029850792
714000     -7441.3024464388       110.0440142392      -846.6652461675    102002.7029850792
715000     -7441.3555254606       110.0400779377      -846.6220969507    102002.7029850792
716000     -7441.3885991638       110.0380266837      -846.6518782076    102002.7029850792
717000     -7441.4149726566       110.0339015329      -846.6378084235    102002.7029850792
718000     -7441.4235348935       110.0325636422      -846.7060017208    102002.7029850792
719000     -7441.4579379999       110.0320885455      -846.6533406096    102002.7029850792
720000     -7441.4742550334       110.0324292642      -846.4535083959    102002.7029850792
721000     -7441.5044425302       110.0338550395      -846.4420860919    102002.7029850792
722000     -7441.4855619172       110.0384669423      -846.4726092459    102002.7029850792
723000     -7441.5421588963       110.0389614420      -846.5496154595    102002.7029850792
724000     -7441.5664524486       110.0412072195      -846.6909919391    102002.7029850791
725000     -7441.5849261627       110.0410561644      -846.5464808505    102002.7029850791
726000     -7441.6074244814       110.0423793666      -846.4072268548    102002.7029850791
727000     -7441.6397168660       110.0414768684      -846.6053016375    102002.7029850791
728000     -7441.7164583207       110.0384498085      -846.5908277839    102002.7029850791
729000     -7441.7236454567       110.0399851126      -846.7883383814    102002.7029850791
730000     -7441.7351942093       110.0409193201      -846.9277541303    102002.7029850791
731000     -7441.7254633789       110.0396485950      -846.8816515160    102002.7029850791
732000     -7441.7053151086       110.0407584611      -846.7428462348    102002.7029850791
733000     -7441.6759941623       110.0404344135      -846.8512583930    102002.7029850791
734000     -7441.6551743238       110.0436575218      -846.9193997278    102002.7029850791
735000     -7441.6743489764       110.0428764826      -846.7084403772    102002.7029850791
736000     -7441.6488167050       110.0439525973      -846.7958839416    102002.7029850791
737000     -7441.7083874513       110.0413273712      -846.7697660900    102002.7029850791
738000     -7441.6744038661       110.0425317218      -846.5080358214    102002.7029850791
739000     -7441.6793019493       110.0431724134      -846.5587664382    102002.7029850791
740000     -7441.6792053426       110.0422784994      -846.5683462943    102002.7029850791
741000     -7441.6758557445       110.0418736676      -846.5035941174    102002.7029850791
742000     -7441.6707984821       110.0420806705      -846.5892998951    102002.7029850791
743000     -7441.6683706773       110.0408621984      -846.5929182981    102002.7029850791
744000     -7441.7033035477       110.0380477548      -846.4446822678    102002.7029850791
745000     -7441.6444980791       110.0420999991      -846.3302540392    102002.7029850791
746000     -7441.5874945223       110.0423464202      -846.1287144506    102002.7029850791
747000     -7441.5752187270       110.0421146808      -846.2163854940    102002.7029850791
748000     -7441.5783069806       110.0423463507      -846.2150709041    102002.7029850790
749000     -7441.5906362011       110.0420847539      -846.2758924844    102002.7029850790
750000     -7441.5648788231       110.0466506130      -846.1347481664    102002.7029850790
751000     -7441.5407425754       110.0486474118      -846.1577797728    102002.7029850790
752000     -7441.5454412703       110.0457324122      -845.9982886570    102002.7029850790
753000     -7441.5595609966       110.0458505123      -845.9791880157    102002.7029850790
754000     -7441.5629653034       110.0463336148      -845.9756862169    102002.7029850790
755000     -7441.5438430856       110.0461253860      -846.2138427993    102002.7029850790
756000     -7441.4984036214       110.0489299595      -846.1362197039    102002.7029850790
757000     -7441.4180540977       110.0531354319      -846.0982346371    102002.7029850790
758000     -7441.3698223255       110.0553026389      -845.9938525177    102002.7029850790
759000     -7441.3956197438       110.0530400256      -845.9958011311    102002.7029850790
760000     -7441.3746909836       110.0557759329      -845.9700122166    102002.7029850790
761000     -7441.3622523806       110.0574647101      -845.9463688018    102002.7029850790
762000     -7441.3990116276       110.0562779079      -845.9453842369    102002.7029850790
763000     -7441.4337508268       110.0560030627      -845.7676040171    102002.7029850790
764000     -7441.4993347822       110.0522496531      -845.5795237353    102002.7029850790
765000     -7441.5735286799       110.0489201060      -845.3787693294    102002.7029850790
766000     -7441.6135753702       110.0479901957      -845.4677664209    102002.7029850790
767000     -7441.6578025498       110.0477980742      -845.4181411218    102002.7029850790
768000     -7441.6924216972       110.0470017722      -845.5168397470    102002.7029850790
769000     -7441.6765378176       110.0483005804      -845.6240319340    102002.7029850790
770000     -7441.6687275988       110.0501100638      -845.6057762023    102002.7029850790
771000     -7441.6503441685       110.0531703279      -845.5746531887    102002.7029850790
772000     -7441.6913667902       110.0530556818      -845.4788532070    102002.7029850790
773000     -7441.6845963177       110.0531404189      -845.5016109435    102002.7029850790
774000     -7441.6767704501       110.0542002213      -845.4497207128    102002.7029850790
775000     -7441.6759701541       110.0551834999      -845.3392298233    102002.7029850790
776000     -7441.7233136771       110.0534562479      -845.3813569451    102002.7029850790
777000     -7441.7185457269       110.0542988045      -845.4242412015    102002.7029850789
778000     -7441.7799340927       110.0523204222      -845.3766682273    102002.7029850789
779000     -7441.7987781451       110.0520725744      -845.4464659554    102002.7029850789
780000     -7441.8365852436       110.0505709781      -845.4742687018    102002.7029850789
781000     -7441.8825721313       110.0505197401      -845.4352160659    102002.7029850789
782000     -7441.9479022287       110.0488550187      -845.4102580603    102002.7029850789
783000     -7441.9614773410       110.0476444274      -845.4057539231    102002.7029850789
784000     -7442.0219838928       110.0437910350      -845.3890961499    102002.7029850789
785000     -7442.0584466420       110.0421945206      -845.2483281056    102002.7029850789
786000     -7442.1123854402       110.0404879885      -845.1699241154    102002.7029850789
787000     -7442.1179251933       110.0420293723      -845.1770297658    102002.7029850789
788000     -7442.1711040724       110.0388535648      -845.1813194512    102002.7029850789
789000     -7442.1857116518       110.0374882968      -845.2430080868    102002.7029850789
790000     -7442.2480672125       110.0351383433      -845.2839401339    102002.7029850789
791000     -7442.3338848672       110.0327649437      -845.3939758091    102002.7029850789
792000     -7442.3403256822       110.0349416662      -845.4701190729    102002.7029850789
793000     -7442.3706915397       110.0343711685      -845.4203776277    102002.7029850789
794000     -7442.4116477266       110.0324008979      -845.4305519192    102002.7029850789
795000     -7442.4734593917       110.0310324111      -845.2758345309    102002.7029850789
796000     -7442.4826240645       110.0327661721      -845.3494007724    102002.7029850789
797000     -7442.5269653348       110.0313293716      -845.3234940233    102002.7029850789
798000     -7442.5362513078       110.0316501063      -845.3382937156    102002.7029850789
799000     -7442.5310829688       110.0319477108      -845.4018874159    102002.7029850789
800000     -7442.5285116760       110.0324901354      -845.3548039246    102002.7029850789
801000     -7442.5582168388       110.0325526532      -845.2908951412    102002.7029850789
802000     -7442.5878888828       110.0322398766      -845.4065810383    102002.7029850789
803000     -7442.6253987112       110.0320444559      -845.4245191858    102002.7029850789
804000     -7442.6650041933       110.0307490089      -845.4712590123    102002.7029850789
805000     -7442.6391627447       110.0330573832      -845.5609364766    102002.7029850789
806000     -7442.6216569841       110.0333326146      -845.5865255080    102002.7029850789
807000     -7442.5887329459       110.0336190858      -845.5493544302    102002.7029850789
808000     -7442.6433838872       110.0295363777      -845.5571638988    102002.7029850789
809000     -7442.6631551677       110.0284583553      -845.6748350659    102002.7029850789
810000     -7442.6317047072       110.0285322224      -845.7451341141    102002.7029850789
811000     -7442.5846289826       110.0297651101      -845.7485379935    102002.7029850789
812000     -7442.5524213237       110.0306416542      -845.9278782024    102002.7029850789
813000     -7442.5326325137       110.0295717200      -845.9581045608    102002.7029850789
814000     -7442.5489505211       110.0295963284      -845.9518703729    102002.7029850789
815000     -7442.5475959138       110.0292959452      -846.0954490017    102002.7029850788
816000     -7442.5598728280       110.0284339760      -846.1517161464    102002.7029850788
817000     -7442.5814041613       110.0262145272      -846.1630801776    102002.7029850788
818000     -7442.5721367523       110.0253094948      -846.3391310969    102002.7029850788
819000     -7442.5408221863       110.0265368687      -846.4031517517    102002.7029850788
820000     -7442.5129659478       110.0273373835      -846.4021543306    102002.7029850788
821000     -7442.5067845619       110.0263077578      -846.4346551188    102002.7029850788
822000     -7442.4887290978       110.0255386306      -846.4987534620    102002.7029850788
823000     -7442.4785866110       110.0257943497      -846.5854753223    102002.7029850788
824000     -7442.4621360297       110.0252343803      -846.4993266602    102002.7029850788
825000     -7442.4485016869       110.0258216495      -846.5438944634    102002.7029850788
826000     -7442.4270492089       110.0252419527      -846.5217617978    102002.7029850788
827000     -7442.4138703802       110.0248059488      -846.5611587022    102002.7029850788
828000     -7442.3740735121       110.0248719704      -846.6498877855    102002.7029850788
829000     -7442.3667296938       110.0247777219      -846.7079619423    102002.7029850788
830000     -7442.3568319683       110.0246768707      -846.7479094292    102002.7029850788
831000     -7442.3416620263       110.0250288379      -846.7658939209    102002.7029850788
832000     -7442.3651567664       110.0232495496      -846.8548485886    102002.7029850788
833000     -7442.3718244501       110.0213792576      -846.8535853060    102002.7029850788
834000     -7442.3261028076       110.0245730745      -846.9619473223    102002.7029850788
835000     -7442.2950138050       110.0250941965      -846.9122993629    102002.7029850788
836000     -7442.2544691423       110.0271410586      -846.8259768898    102002.7029850788
837000     -7442.2277001169       110.0268247708      -846.8309628102    102002.7029850788
838000     -7442.1832559296       110.0287318835      -847.0408265749    102002.7029850788
839000     -7442.1725397077       110.0263396753      -847.0939058691    102002.7029850788
840000     -7442.1504704380       110.0260733017      -846.9227251878    102002.7029850788
841000     -7442.1212604864       110.0250745158      -846.9461466119    102002.7029850788
842000     -7442.0758520461       110.0250136335      -846.9663395128    102002.7029850788
843000     -7442.0427133512       110.0243173104      -846.8418788749    102002.7029850788
844000     -7442.0289699384       110.0238831217      -846.9072403799    102002.7029850788
845000     -7442.0272581599       110.0211380506      -846.9200132605    102002.7029850788
846000     -7441.9996713797       110.0191948358      -847.0405673379    102002.7029850788
847000     -7441.9499772629       110.0204686029      -847.1339459481    102002.7029850788
848000     -7441.9013672094       110.0218364537      -847.1728452359    102002.7029850788
849000     -7441.9007257457       110.0234264341      -847.1684640037    102002.7029850788
850000     -7441.8737511654       110.0244040455      -847.3514446047    102002.7029850788
851000     -7441.8648488817       110.0247873859      -847.3797872835    102002.7029850788
852000     -7441.8870681671       110.0235052298      -847.4747995377    102002.7029850788
853000     -7441.8479569951       110.0271696357      -847.5865500230    102002.7029850788
854000     -7441.8267857443       110.0275313647      -847.6217209250    102002.7029850788
855000     -7441.8163160774       110.0278196202      -847.6629154321    102002.7029850788
856000     -7441.8187101069       110.0277927129      -847.6797668862    102002.7029850788
857000     -7441.7891480854       110.0285014758      -847.7729289408    102002.7029850788
858000     -7441.8091131073       110.0257385538      -847.9340205751    102002.7029850788
859000     -7441.7960731464       110.0257295373      -847.9734252923    102002.7029850788
860000     -7441.7508650855       110.0274664945      -848.0363392943    102002.7029850788
861000     -7441.7044684615       110.0286701010      -848.0562226305    102002.7029850788
862000     -7441.7007244172       110.0279294068      -848.0919901949    102002.7029850788
863000     -7441.6907578611       110.0265704958      -848.2151032942    102002.7029850788
864000     -7441.6581387163       110.0266865260      -848.2333742399    102002.7029850788
865000     -7441.6420721112       110.0266707029      -848.3961800773    102002.7029850788
866000     -7441.6208799889       110.0288854884      -848.5964034226    102002.7029850788
867000     -7441.6232608471       110.0295374295      -848.7037621104    102002.7029850788
868000     -7441.6451879567       110.0288566886      -848.8988471897    102002.7029850788
869000     -7441.6864830829       110.0270182444      -849.0402880172    102002.7029850788
870000     -7441.6735255495       110.0272647702      -849.0728318756    102002.7029850787
871000     -7441.7100785356       110.0254193672      -849.2177253428    102002.7029850787
872000     -7441.7119369136       110.0252447946      -849.3458117737    102002.7029850787
873000     -7441.7177001176       110.0250103446      -849.3407325448    102002.7029850787
874000     -7441.6689158035       110.0247015680      -849.5869961125    102002.7029850787
875000     -7441.6420631250       110.0246230775      -849.5795849257    102002.7029850787
876000     -7441.6437422086       110.0223339608      -849.5179569656    102002.7029850787
877000     -7441.6308332450       110.0211336195      -849.5033391068    102002.7029850787
878000     -7441.6258011864       110.0204985984      -849.4879073719    102002.7029850787
879000     -7441.6472370504       110.0192210529      -849.4495640890    102002.7029850787
880000     -7441.6608703967       110.0180726288      -849.6026215768    102002.7029850787
881000     -7441.6552773154       110.0188224679      -849.6309752876    102002.7029850787
882000     -7441.6374961502       110.0188854752      -849.6088260064    102002.7029850787
883000     -7441.5989518524       110.0209235559      -849.4874693652    102002.7029850787
884000     -7441.5522030298       110.0226034937      -849.5983287320    102002.7029850787
885000     -7441.5280896930       110.0247325884      -849.7226365921    102002.7029850787
886000     -7441.5321958489       110.0238625664      -849.8623930798    102002.7029850787
887000     -7441.5411547559       110.0219494144      -850.0637006991    102002.7029850787
888000     -7441.5227037589       110.0233917072      -849.9903802217    102002.7029850787
889000     -7441.5024703805       110.0241674297      -850.0704861993    102002.7029850787
890000     -7441.5110944386       110.0242914614      -850.1480341670    102002.7029850787
891000     -7441.4809173826       110.0249110494      -850.1468400809    102002.7029850787
892000     -7441.4482944236       110.0265105931      -850.1827812895    102002.7029850787
893000     -7441.4079238500       110.0264845994      -850.2471045875    102002.7029850787
894000     -7441.4036334006       110.0256367952      -850.2280562435    102002.7029850787
895000     -7441.3639436957       110.0266628517      -850.2323419982    102002.7029850787
896000     -7441.3640524933       110.0252469970      -850.1201639689    102002.7029850787
897000     -7441.3791380845       110.0231309356      -850.1309642693    102002.7029850787
898000     -7441.3784782210       110.0231562970      -850.2139402930    102002.7029850787
899000     -7441.3597026207       110.0239276874      -850.2580445559    102002.7029850787
900000     -7441.3150380993       110.0248725712      -850.3680161625    102002.7029850787
901000     -7441.3027937760       110.0259722257      -850.2936818288    102002.7029850787
902000     -7441.3137609068       110.0247503568      -850.3267300302    102002.7029850787
903000     -7441.3450594441       110.0222653122      -850.3244498595    102002.7029850787
904000     -7441.3783112640       110.0194140223      -850.3608889133    102002.7029850787
905000     -7441.3763886643       110.0187759846      -850.4919004892    102002.7029850787
906000     -7441.3842720234       110.0169568984      -850.6509042615    102002.7029850787
907000     -7441.3995307227       110.0170715956      -850.5730547381    102002.7029850787
908000     -7441.3748154735       110.0181044671      -850.5894852889    102002.7029850787
909000     -7441.3785239624       110.0172242915      -850.6430444954    102002.7029850787
910000     -7441.3784168033       110.0159303202      -850.6992113565    102002.7029850787
911000     -7441.4140495789       110.0135181161      -850.7872198998    102002.7029850787
912000     -7441.3986023144       110.0151844346      -850.8895628944    102002.7029850787
913000     -7441.3973973176       110.0153582100      -850.8837375426    102002.7029850787
914000     -7441.4026787786       110.0163216866      -850.8630052635    102002.7029850787
915000     -7441.3716719070       110.0187777469      -850.6654353212    102002.7029850787
916000     -7441.3477913547       110.0202021198      -850.5496010610    102002.7029850787
917000     -7441.3332863004       110.0202787195      -850.5959767472    102002.7029850787
918000     -7441.3463187041       110.0197216913      -850.6266968322    102002.7029850787
919000     -7441.3487029711       110.0193490239      -850.7657756015    102002.7029850787
920000     -7441.3287765320       110.0210099894      -850.7556648044    102002.7029850787
921000     -7441.3044932910       110.0209666412      -850.7622093608    102002.7029850787
922000     -7441.3062495229       110.0195578460      -850.6357855285    102002.7029850787
923000     -7441.2898313924       110.0200973771      -850.6596662714    102002.7029850787
924000     -7441.2683813058       110.0205768190      -850.6507063462    102002.7029850787
925000     -7441.2474244076       110.0225821365      -850.6713922076    102002.7029850787
926000     -7441.2272616443       110.0233492959      -850.7613336494    102002.7029850787
927000     -7441.2273543737       110.0225083839      -850.6630847570    102002.7029850786
928000     -7441.2445206701       110.0215472722      -850.5552054015    102002.7029850786
929000     -7441.2319990990       110.0216866264      -850.4992543185    102002.7029850786
930000     -7441.2370764356       110.0219312693      -850.4658745947    102002.7029850786
931000     -7441.2225409140       110.0224197166      -850.5435288252    102002.7029850786
932000     -7441.2002815546       110.0229794791      -850.5740295008    102002.7029850786
933000     -7441.2318282161       110.0208579155      -850.6315446972    102002.7029850786
934000     -7441.1963152755       110.0214824979      -850.5828813997    102002.7029850786
935000     -7441.1992567608       110.0192072643      -850.4579823413    102002.7029850786
936000     -7441.1918987778       110.0186707449      -850.4817725040    102002.7029850786
937000     -7441.1813138144       110.0168914285      -850.5039813009    102002.7029850786
938000     -7441.1627447672       110.0179378196      -850.4600722687    102002.7029850786
939000     -7441.1680276490       110.0169219049      -850.5454929490    102002.7029850786
940000     -7441.1734998339       110.0155875242      -850.6020255172    102002.7029850786
941000     -7441.1520671010       110.0170270566      -850.6132049119    102002.7029850786
942000     -7441.1546401843       110.0163301653      -850.7488647914    102002.7029850786
943000     -7441.1556879701       110.0174752799      -850.8809523513    102002.7029850786
944000     -7441.1475707031       110.0182396140      -850.9930683669    102002.7029850786
945000     -7441.1304222368       110.0201320363      -850.9785772241    102002.7029850786
946000     -7441.1314662545       110.0213256237      -851.0290938387    102002.7029850786
947000     -7441.1345613263       110.0211941071      -850.9796644266    102002.7029850786
948000     -7441.1307342004       110.0203803143      -850.9721385547    102002.7029850786
949000     -7441.1109519530       110.0213846269      -851.0081235004    102002.7029850786
950000     -7441.0716092808       110.0229118829      -851.0677810424    102002.7029850786
951000     -7441.0747684501       110.0226258473      -851.0829112061    102002.7029850786
952000     -7441.0560041389       110.0231206038      -851.0767225641    102002.7029850786
953000     -7441.0444551880       110.0239946617      -850.9486438216    102002.7029850786
954000     -7441.0440782858       110.0245213905      -850.8734996795    102002.7029850786
955000     -7441.0485057098       110.0240715902      -850.9091322168    102002.7029850786
956000     -7441.0553424712       110.0229059174      -850.8599994666    102002.7029850786
957000     -7441.0421346341       110.0236168649      -850.7852388253    102002.7029850786
958000     -7441.0266988720       110.0233077785      -850.7270530850    102002.7029850786
959000     -7441.0305512954       110.0215985482      -850.5962462193    102002.7029850786
960000     -7441.0218490424       110.0202753863      -850.6015673355    102002.7029850786
961000     -7441.0076455741       110.0197395635      -850.6333429573    102002.7029850786
962000     -7440.9768934574       110.0199541079      -850.6813466669    102002.7029850786
963000     -7440.9633267121       110.0200826236      -850.6928671104    102002.7029850786
964000     -7440.9747811043       110.0192625171      -850.6000972419    102002.7029850786
965000     -7440.9820360849       110.0188284563      -850.5654199523    102002.7029850786
966000     -7440.9811707374       110.0187875102      -850.5816084203    102002.7029850786
967000     -7440.9595075795       110.0204635470      -850.5505127336    102002.7029850786
968000     -7440.9355172358       110.0212605636      -850.5579653036    102002.7029850786
969000     -7440.9114521921       110.0215806084      -850.5989834368    102002.7029850786
970000     -7440.9179004594       110.0205515620      -850.5479089851    102002.7029850786
971000     -7440.9200489673       110.0204901748      -850.4549357449    102002.7029850786
972000     -7440.9120780868       110.0205599813      -850.4463535165    102002.7029850786
973000     -7440.8924784414       110.0216001643      -850.4423646557    102002.7029850786
974000     -7440.9063788399       110.0205795846      -850.5599251547    102002.7029850786
975000     -7440.9154840537       110.0201415678      -850.6143746653    102002.7029850786
976000     -7440.9268086117       110.0185638100      -850.6723474352    102002.7029850786
977000     -7440.9540797105       110.0153187090      -850.6987214485    102002.7029850786
978000     -7440.9643916683       110.0149345342      -850.6035606341    102002.7029850786
979000     -7440.9453684631       110.0150224872      -850.7119595576    102002.7029850786
980000     -7440.9194060577       110.0164657676      -850.7376693776    102002.7029850786
981000     -7440.8993165527       110.0156056449      -850.7555270635    102002.7029850786
982000     -7440.9078033407       110.0157945024      -850.7021162042    102002.7029850786
983000     -7440.9000183175       110.0166221455      -850.6708192499    102002.7029850786
984000     -7440.9192773107       110.0160308212      -850.5749098331    102002.7029850786
985000     -7440.9380200901       110.0153507864      -850.5349743573    102002.7029850786
986000     -7440.9394366067       110.0152826122      -850.5295529998    102002.7029850786
987000     -7440.8970140791       110.0181646207      -850.6066514655    102002.7029850786
988000     -7440.8868893267       110.0186208701      -850.6371049308    102002.7029850786
989000     -7440.8842593960       110.0183161248      -850.5777572452    102002.7029850786
990000     -7440.8715967127       110.0186647435      -850.4628649960    102002.7029850786
991000     -7440.8217450399       110.0201255236      -850.4423606823    102002.7029850786
992000     -7440.8297197860       110.0203440459      -850.4061981834    102002.7029850786
993000     -7440.8321567526       110.0202086521      -850.4048088760    102002.7029850786
994000     -7440.8196666687       110.0210919963      -850.5531574021    102002.7029850786
995000     -7440.8335364164       110.0206779535      -850.5968491785    102002.7029850786
996000     -7440.8340781529       110.0202334929      -850.5325152193    102002.7029850786
997000     -7440.8223437128       110.0206214257      -850.5109528965    102002.7029850786
998000     -7440.8434823213       110.0203099735      -850.4736269172    102002.7029850786
999000     -7440.8275921435       110.0209686858      -850.4818000923    102002.7029850786
1000000     -7440.8247616828       110.0208999355      -850.5310379532    102002.7029850786
