# Time-averaged data for fix runningavgs
# TimeStep v_ra_etotal v_ra_temp v_ra_press v_ra_volume
502000    -10854.1413498078        91.4537666347       521.7320699247    102002.7029850792
503000    -10853.7804078545        91.3043945989       540.4143192342    102002.7029850792
504000    -10860.0468110413        91.0436803031       539.2113294347    102002.7029850792
505000    -10857.2459687033        91.1438318735       541.7812402216    102002.7029850792
506000    -10859.9556013026        91.0289098832       539.7679617640    102002.7029850792
507000    -10860.9987130511        91.0070262162       534.1059418852    102002.7029850792
508000    -10861.0744402989        91.0217424403       538.8835644338    102002.7029850792
509000    -10860.6955703528        91.0200175559       540.0437077690    102002.7029850792
510000    -10861.5251299756        90.9714203151       540.0564215772    102002.7029850792
511000    -10861.8041316911        90.9564528365       538.2039926251    102002.7029850792
512000    -10861.7639076262        90.9606371909       543.1367066862    102002.7029850792
513000    -10861.7721037186        90.9542146720       544.2880269511    102002.7029850792
514000    -10861.3489055979        90.9672677114       547.8554534379    102002.7029850792
515000    -10861.4522523687        90.9638112681       552.0805523327    102002.7029850792
516000    -10861.8352879439        90.9399657054       550.9207022898    102002.7029850792
517000    -10860.6950216399        90.9824606473       551.3209046923    102002.7029850792
518000    -10860.8984693588        90.9571948137       552.1186933955    102002.7029850792
519000    -10860.4219051084        90.9667050784       551.7324562033    102002.7029850792
520000    -10859.9101089539        90.9755966369       551.9367835295    102002.7029850792
521000    -10859.2100530416        91.0087304297       553.1428487110    102002.7029850792
522000    -10859.4275433444        90.9946488641       553.1226934557    102002.7029850792
523000    -10859.5163581509        90.9938500689       550.2753544721    102002.7029850792
524000    -10859.3009629362        91.0048870992       549.1743101441    102002.7029850792
525000    -10859.1949831779        91.0063488333       549.9529988326    102002.7029850792
526000    -10859.0240023023        91.0066029982       549.8917015045    102002.7029850792
527000    -10859.2289010932        90.9918341067       548.4435985497    102002.7029850792
528000    -10859.6363575463        90.9730616077       548.0472931810    102002.7029850792
529000    -10859.8864812725        90.9578191205       546.3410720060    102002.7029850792
530000    -10859.8328275263        90.9574178798       544.9871452027    102002.7029850792
531000    -10859.5810310828        90.9625920874       542.8903416401    102002.7029850792
532000    -10859.2628748769        90.9715222346       539.9538090098    102002.7029850792
533000    -10859.1638741369        90.9730602655       539.8414267990    102002.7029850792
534000    -10859.2741734846        90.9661394745       538.1951584642    102002.7029850792
535000    -10859.1301183040        90.9706091720       538.4747119180    102002.7029850792
536000    -10859.0098775198        90.9742559735       537.3613174675    102002.7029850792
537000    -10859.1254205294        90.9792065604       534.8670407594    102002.7029850792
538000    -10859.2210518130        90.9738148158       531.2689643799    102002.7029850792
539000    -10859.4432380315        90.9684834107       529.7172519399    102002.7029850791
540000    -10859.7964421621        90.9481501634       529.6966545994    102002.7029850791
541000    -10859.8657083151        90.9434075467       529.0770857397    102002.7029850791
542000    -10859.7346056120        90.9450752448       529.3045154068    102002.7029850791
543000    -10859.7703093642        90.9378497936       528.1036911500    102002.7029850791
544000    -10859.7182540282        90.9422621664       527.5278899510    102002.7029850791
545000    -10859.6500918705        90.9452614307       527.6183969018    102002.7029850791
546000    -10859.5866433219        90.9493282404       527.7976439205    102002.7029850791
547000    -10859.4061206022        90.9517350886       526.9217416586    102002.7029850791
548000    -10859.3002380650        90.9537821423       526.0033812015    102002.7029850791
549000    -10859.4084532609        90.9473256980       525.7219950352    102002.7029850791
550000    -10859.2710057538        90.9499886753       526.3482502745    102002.7029850791
551000    -10859.0849143159        90.9572366971       526.1238318763    102002.7029850791
552000    -10858.9107412754        90.9641180898       525.7831569653    102002.7029850791
553000    -10858.7163388735        90.9707053369       526.2168040021    102002.7029850791
554000    -10858.6652479660        90.9724064741       525.9750119761    102002.7029850791
555000    -10858.5855219115        90.9778315223       526.1392526151    102002.7029850791
556000    -10858.6085932352        90.9781364051       527.0768314178    102002.7029850791
557000    -10858.5708029485        90.9824588171       527.4247182070    102002.7029850791
558000    -10858.4273237276        90.9883965454       527.6594493246    102002.7029850791
559000    -10858.5025188166        90.9810910293       527.1774531591    102002.7029850791
560000    -10858.5293423040        90.9814673688       527.6088360436    102002.7029850791
561000    -10858.5993829719        90.9743808987       528.4071267414    102002.7029850791
562000    -10858.6014418905        90.9732934590       529.5202801211    102002.7029850791
563000    -10858.5827475862        90.9692147349       530.1561195822    102002.7029850791
564000    -10858.6084962991        90.9680296617       529.9461953712    102002.7029850791
565000    -10858.5894570566        90.9714341927       530.0215179436    102002.7029850791
566000    -10858.5973441953        90.9700234890       529.8992699942    102002.7029850791
567000    -10858.5288885207        90.9738485383       530.0271362633    102002.7029850791
568000    -10858.3381995368        90.9797862874       530.5071891369    102002.7029850791
569000    -10858.4374450116        90.9752730945       530.8968982705    102002.7029850791
570000    -10858.3428022671        90.9771586152       531.0263467596    102002.7029850791
571000    -10858.2576455645        90.9837110146       531.2786968587    102002.7029850791
572000    -10858.2958984755        90.9817904789       531.5032818370    102002.7029850791
573000    -10858.3017608804        90.9829939632       531.9761879270    102002.7029850791
574000    -10858.2035320794        90.9874576292       532.1698082701    102002.7029850791
575000    -10858.2248980968        90.9862614394       532.5584852798    102002.7029850791
576000    -10858.2915098865        90.9858877595       532.8639160357    102002.7029850791
577000    -10858.4103930293        90.9822886153       533.9996064059    102002.7029850791
578000    -10858.2735856221        90.9893670652       535.0365164062    102002.7029850791
579000    -10858.2939925552        90.9846388023       535.2038356633    102002.7029850791
580000    -10858.2715448416        90.9845915297       535.7995723894    102002.7029850791
581000    -10858.2693082709        90.9809198496       536.4019001193    102002.7029850791
582000    -10858.1945055112        90.9821026266       537.0307222000    102002.7029850791
583000    -10858.0448764461        90.9847433599       537.7190267059    102002.7029850791
584000    -10858.0133333283        90.9828941965       537.9967115776    102002.7029850791
585000    -10858.1260124861        90.9741861744       538.1102185122    102002.7029850791
586000    -10858.1455695443        90.9729089751       537.9330281085    102002.7029850791
587000    -10858.1289623757        90.9750087923       538.2376714419    102002.7029850791
588000    -10858.1212333134        90.9735331213       538.1822791061    102002.7029850791
589000    -10858.1621575741        90.9721527475       537.7939066685    102002.7029850791
590000    -10858.3157132830        90.9658920824       536.9390165015    102002.7029850791
591000    -10858.2008324194        90.9713965950       536.2279852918    102002.7029850792
592000    -10858.0932192705        90.9757000921       535.9205440610    102002.7029850792
593000    -10858.2053515880        90.9704794279       535.6628775116    102002.7029850792
594000    -10858.2356159975        90.9692707800       535.3985259707    102002.7029850792
595000    -10858.2797241726        90.9710785809       535.0682252119    102002.7029850792
596000    -10858.2892262115        90.9699073416       535.1293573328    102002.7029850792
597000    -10858.4094839009        90.9656474180       535.0671360592    102002.7029850792
598000    -10858.2960528252        90.9694068707       535.1060732679    102002.7029850792
599000    -10858.2253019451        90.9745279529       535.1081884765    102002.7029850792
600000    -10858.2252072708        90.9741683396       535.3091816097    102002.7029850792
601000    -10858.2433559201        90.9748703387       535.4328601401    102002.7029850792
602000    -10858.3184343529        90.9730579364       535.7488977340    102002.7029850792
603000    -10858.3575310135        90.9697629493       535.9088276634    102002.7029850792
604000    -10858.3365744824        90.9694718073       536.1808538216    102002.7029850793
605000    -10858.3836737326        90.9667508754       535.9257090362    102002.7029850793
606000    -10858.3488917290        90.9684195035       535.8293723211    102002.7029850793
607000    -10858.3896559359        90.9651054559       535.6384081823    102002.7029850793
608000    -10858.3027825181        90.9661683352       536.3644266753    102002.7029850793
609000    -10858.3235436083        90.9648089512       536.4622277779    102002.7029850793
610000    -10858.2760173253        90.9666735550       536.6545813921    102002.7029850793
611000    -10858.2080788185        90.9693287145       536.2962334117    102002.7029850793
612000    -10858.2038736095        90.9689401181       536.3123967884    102002.7029850793
613000    -10858.1764122001        90.9671115133       536.6830396563    102002.7029850793
614000    -10858.1515485620        90.9671803701       537.0337757070    102002.7029850793
615000    -10858.1885234584        90.9658912166       537.0028536898    102002.7029850793
616000    -10858.1334022312        90.9672101902       536.8950386235    102002.7029850793
617000    -10858.1807655837        90.9634998967       536.7176890414    102002.7029850793
618000    -10858.2513545555        90.9621845796       537.1306669838    102002.7029850793
619000    -10858.3044255516        90.9581701067       537.5319041993    102002.7029850793
620000    -10858.3660894054        90.9553592366       537.5537893586    102002.7029850793
621000    -10858.3430911825        90.9573256442       537.5187879505    102002.7029850793
622000    -10858.2469657285        90.9606096603       537.9535365631    102002.7029850794
623000    -10858.3110353283        90.9586691187       537.9892215071    102002.7029850794
624000    -10858.3861917731        90.9557846668       538.4516783319    102002.7029850794
625000    -10858.4137288207        90.9557089523       538.5756734370    102002.7029850794
626000    -10858.4058808665        90.9552921429       538.6523751422    102002.7029850794
627000    -10858.4306604037        90.9559851400       538.7524671875    102002.7029850794
628000    -10858.3899362415        90.9555265365       538.9530938464    102002.7029850794
629000    -10858.3870960161        90.9545133022       539.5662934581    102002.7029850794
630000    -10858.3039580025        90.9596890589       540.0004435933    102002.7029850794
631000    -10858.2591154369        90.9623355285       540.2158178679    102002.7029850794
632000    -10858.3166112715        90.9593532630       540.5211352899    102002.7029850794
633000    -10858.3591756944        90.9571616386       540.5742047214    102002.7029850794
634000    -10858.3889767608        90.9563708275       541.1566500344    102002.7029850794
635000    -10858.3417963254        90.9580921735       541.6761935102    102002.7029850794
636000    -10858.3877790299        90.9569763528       541.7844398698    102002.7029850794
637000    -10858.3865036364        90.9570020240       542.3040864874    102002.7029850794
638000    -10858.4503693707        90.9543121499       542.4279386592    102002.7029850794
639000    -10858.4235202765        90.9566266677       542.6604024413    102002.7029850794
640000    -10858.4793009003        90.9531049917       542.3313195430    102002.7029850794
641000    -10858.5207568242        90.9513643530       541.9848830976    102002.7029850794
642000    -10858.5241505987        90.9501939974       541.7135608274    102002.7029850794
643000    -10858.4632122393        90.9516905378       542.4647049459    102002.7029850794
644000    -10858.4474269750        90.9499640610       542.7747646565    102002.7029850794
645000    -10858.4032802164        90.9495705017       543.0358326627    102002.7029850794
646000    -10858.2619059472        90.9546974597       543.6535015146    102002.7029850795
647000    -10858.1977743757        90.9555233955       543.9354775549    102002.7029850795
648000    -10858.1243269500        90.9568659431       544.2628806547    102002.7029850795
649000    -10857.9816948789        90.9606187340       544.6097680738    102002.7029850795
650000    -10857.9182250561        90.9608792959       545.1056526225    102002.7029850795
651000    -10857.9161534507        90.9593077838       545.4534994505    102002.7029850795
652000    -10857.8880204151        90.9580689536       546.1054884186    102002.7029850795
653000    -10857.8961443969        90.9556943176       546.5780791456    102002.7029850795
654000    -10857.7950692124        90.9586559516       546.9376785000    102002.7029850795
655000    -10857.8056781504        90.9556541126       547.3345130779    102002.7029850795
656000    -10857.7307210067        90.9561442503       547.9338418167    102002.7029850795
657000    -10857.5962581437        90.9603871198       548.3414296059    102002.7029850795
658000    -10857.5136314063        90.9631393817       548.9373076626    102002.7029850795
659000    -10857.4571388897        90.9641492623       549.6063252982    102002.7029850795
660000    -10857.4691048891        90.9630866705       550.1485855650    102002.7029850795
661000    -10857.4251007752        90.9641485171       550.6429378015    102002.7029850795
662000    -10857.4333839436        90.9644334300       550.9340604300    102002.7029850795
663000    -10857.3755994508        90.9682891070       551.1447755279    102002.7029850795
664000    -10857.4073108574        90.9663969441       551.2370609823    102002.7029850795
665000    -10857.4105639662        90.9667577759       551.1927835067    102002.7029850795
666000    -10857.3684818546        90.9688370198       551.4065815047    102002.7029850795
667000    -10857.3995893064        90.9676507788       551.7242048900    102002.7029850795
668000    -10857.3873364276        90.9668977976       551.6133388102    102002.7029850795
669000    -10857.2875673632        90.9694808965       551.9385886126    102002.7029850795
670000    -10857.2472591818        90.9697041677       552.1816857677    102002.7029850795
671000    -10857.1933928436        90.9717424909       552.5587036951    102002.7029850795
672000    -10857.1486921363        90.9736793252       552.8840413159    102002.7029850795
673000    -10857.2172396432        90.9701248397       552.8316001659    102002.7029850795
674000    -10857.1606690207        90.9734092038       552.7376342280    102002.7029850794
675000    -10857.1297083172        90.9740738228       552.9746543580    102002.7029850794
676000    -10857.1684578130        90.9720354478       553.0850994641    102002.7029850794
677000    -10857.1100562532        90.9741701128       553.2055909380    102002.7029850794
678000    -10857.1094388055        90.9741727970       553.3793816366    102002.7029850794
679000    -10857.0959795414        90.9740887696       553.5893321035    102002.7029850794
680000    -10857.0921106151        90.9734686288       553.6201289604    102002.7029850794
681000    -10857.0670862917        90.9736004537       553.8087874055    102002.7029850794
682000    -10857.0337222897        90.9740252885       554.0327268207    102002.7029850794
683000    -10857.0027594179        90.9749466651       554.2868144568    102002.7029850794
684000    -10857.0165523473        90.9741640000       554.3143403935    102002.7029850794
685000    -10856.9932227192        90.9749114980       554.6001102257    102002.7029850794
686000    -10856.9859526840        90.9742265577       555.0226107286    102002.7029850794
687000    -10856.8923915300        90.9775551494       555.4767616707    102002.7029850794
688000    -10856.8636917555        90.9786738064       555.6891579748    102002.7029850793
689000    -10856.8857462834        90.9777776077       555.7559381859    102002.7029850793
690000    -10856.9007054133        90.9781196908       555.8070764092    102002.7029850793
691000    -10856.9142744950        90.9786166851       556.0974836263    102002.7029850793
692000    -10856.8563736487        90.9816606517       556.4000851217    102002.7029850793
693000    -10856.8102120850        90.9833856912       556.6650343136    102002.7029850793
694000    -10856.8300723960        90.9823730403       556.8365547470    102002.7029850793
695000    -10856.8582899975        90.9817242787       556.6497742105    102002.7029850793
696000    -10856.9261744401        90.9781723946       556.8023863357    102002.7029850793
697000    -10856.9179998011        90.9774789535       556.8100615457    102002.7029850793
698000    -10856.9215969018        90.9761852810       556.9948493105    102002.7029850793
699000    -10856.8658469070        90.9779838596       557.2182192223    102002.7029850793
700000    -10856.8504225260        90.9785490913       557.6214497084    102002.7029850793
701000    -10856.7902576500        90.9795736255       557.8687007516    102002.7029850793
702000    -10856.6966712139        90.9825734017       558.2333602399    102002.7029850793
703000    -10856.6555403810        90.9838570995       558.2322782467    102002.7029850793
704000    -10856.6020893968        90.9851491802       558.3129639352    102002.7029850792
705000    -10856.5887127940        90.9836531925       558.4495743209    102002.7029850792
706000    -10856.5429643359        90.9861486859       558.3760646393    102002.7029850792
707000    -10856.5226825081        90.9859865913       558.5839480594    102002.7029850792
708000    -10856.4596748835        90.9871046901       558.9365767586    102002.7029850792
709000    -10856.4442446929        90.9860704169       559.1303974511    102002.7029850792
710000    -10856.4200888921        90.9860900492       559.3329630735    102002.7029850792
711000    -10856.3739134062        90.9868307759       559.6563955341    102002.7029850792
712000    -10856.4240117880        90.9833491180       559.8001361380    102002.7029850792
713000    -10856.3814883067        90.9836568462       560.2306493208    102002.7029850792
714000    -10856.3626719480        90.9838477971       560.5099989549    102002.7029850792
715000    -10856.3706867344        90.9827273119       560.4814314735    102002.7029850792
716000    -10856.3455502148        90.9842427083       560.6013029839    102002.7029850792
717000    -10856.2929576596        90.9866640246       560.7205059960    102002.7029850792
718000    -10856.2816104441        90.9878073772       560.7229926355    102002.7029850792
719000    -10856.2012086504        90.9913063903       560.7284599467    102002.7029850792
720000    -10856.2048120352        90.9922028527       560.8947842311    102002.7029850792
721000    -10856.1709954994        90.9930311627       561.3381608817    102002.7029850792
722000    -10856.1367194053        90.9940717683       561.4640434698    102002.7029850792
723000    -10856.1114894652        90.9947296959       561.7441270556    102002.7029850792
724000    -10856.1890849879        90.9913358242       561.7719707943    102002.7029850791
725000    -10856.2013039515        90.9913063123       561.8350321404    102002.7029850791
726000    -10856.1864849410        90.9939380641       561.9860743561    102002.7029850791
727000    -10856.1803112833        90.9947190648       562.0455661813    102002.7029850791
728000    -10856.1790816872        90.9954350049       562.2559859875    102002.7029850791
729000    -10856.1333623334        90.9979549060       562.4187421256    102002.7029850791
730000    -10856.1890325835        90.9964232761       562.4974373475    102002.7029850791
731000    -10856.1842053173        90.9972865947       562.5462182652    102002.7029850791
732000    -10856.2005074181        90.9970757021       562.5645714078    102002.7029850791
733000    -10856.2202066967        90.9962686016       562.6838747045    102002.7029850791
734000    -10856.2511221800        90.9951123124       562.7086255943    102002.7029850791
735000    -10856.2892435492        90.9927530672       562.7797251820    102002.7029850791
736000    -10856.2964724435        90.9932809545       562.7295014663    102002.7029850791
737000    -10856.2423873557        90.9961132385       562.9734834926    102002.7029850791
738000    -10856.2558010795        90.9944971648       563.0164002013    102002.7029850791
739000    -10856.2544952046        90.9948897639       563.0034610764    102002.7029850791
740000    -10856.2882266160        90.9937463293       562.9130783238    102002.7029850791
741000    -10856.2410434874        90.9969199225       562.8459539693    102002.7029850791
742000    -10856.2029339373        90.9982980025       562.9837362483    102002.7029850791
743000    -10856.2078272447        90.9985269382       562.8825458789    102002.7029850791
744000    -10856.2383396237        90.9977145131       562.7891887410    102002.7029850791
745000    -10856.2117943118        90.9989001993       562.7777550367    102002.7029850791
746000    -10856.2340297875        90.9991700345       562.7572165142    102002.7029850791
747000    -10856.2892513747        90.9982183126       562.7661902486    102002.7029850791
748000    -10856.3079926058        90.9977297034       562.6325564815    102002.7029850790
749000    -10856.2892515997        90.9995180605       562.5830049736    102002.7029850790
750000    -10856.2786260382        91.0003538290       562.5992913751    102002.7029850790
751000    -10856.2313281970        91.0024616991       562.6819303144    102002.7029850790
752000    -10856.2390012999        91.0024172658       562.7740767388    102002.7029850790
753000    -10856.2413446462        91.0034369054       562.7776262665    102002.7029850790
754000    -10856.2996283593        91.0011788696       562.7350225089    102002.7029850790
755000    -10856.3427255879        91.0008688066       562.6081868147    102002.7029850790
756000    -10856.4106819672        90.9988887676       562.7684641526    102002.7029850790
757000    -10856.4467059490        90.9981613031       562.8330984151    102002.7029850790
758000    -10856.5136802517        90.9955358321       562.9987062402    102002.7029850790
759000    -10856.5481362428        90.9948656115       563.0448106930    102002.7029850790
760000    -10856.5933232284        90.9935789221       562.8754425719    102002.7029850790
761000    -10856.6063724007        90.9926014829       563.0483837680    102002.7029850790
762000    -10856.5623419457        90.9956680025       563.2176792653    102002.7029850790
763000    -10856.5567664555        90.9962133935       563.2288979698    102002.7029850790
764000    -10856.5444948555        90.9956551110       563.4552251864    102002.7029850790
765000    -10856.5347106308        90.9954617822       563.4428230898    102002.7029850790
766000    -10856.5163492868        90.9969557277       563.5914642515    102002.7029850790
767000    -10856.5105184011        90.9968133525       563.5863608259    102002.7029850790
768000    -10856.4926036338        90.9981249973       563.6409486608    102002.7029850790
769000    -10856.5208028549        90.9967872006       563.6389779588    102002.7029850790
770000    -10856.5052897459        90.9974925692       563.6333319476    102002.7029850790
771000    -10856.5378221271        90.9964100798       563.4490080424    102002.7029850790
772000    -10856.5416646991        90.9962856568       563.4214259816    102002.7029850790
773000    -10856.5103026578        90.9985237635       563.3864801285    102002.7029850790
774000    -10856.5198583729        90.9981473389       563.2414489242    102002.7029850790
775000    -10856.5327096709        90.9984567421       563.1329675203    102002.7029850790
776000    -10856.6061550872        90.9956848012       562.9549446370    102002.7029850790
777000    -10856.5791442088        90.9977634751       562.9830088844    102002.7029850789
778000    -10856.5929396154        90.9978706359       562.9682736606    102002.7029850789
779000    -10856.6096913792        90.9975307515       562.6994450903    102002.7029850789
780000    -10856.6110473924        90.9978227526       562.6669321661    102002.7029850789
781000    -10856.6213667439        90.9984862067       562.5376655546    102002.7029850789
782000    -10856.6487326450        90.9978274108       562.3677369516    102002.7029850789
783000    -10856.6785841771        90.9970583597       562.2403142242    102002.7029850789
784000    -10856.6585891980        90.9989308357       562.1010888920    102002.7029850789
785000    -10856.6393514346        91.0004307749       561.8438397704    102002.7029850789
786000    -10856.6752366983        90.9995302227       561.5902826218    102002.7029850789
787000    -10856.6892326295        90.9990721900       561.3480252348    102002.7029850789
788000    -10856.6947363583        90.9987614187       561.3284461217    102002.7029850789
789000    -10856.6939841474        90.9991779399       561.3054031895    102002.7029850789
790000    -10856.7118869762        90.9988637089       561.2106213619    102002.7029850789
791000    -10856.6993166217        90.9993799382       560.9077579150    102002.7029850789
792000    -10856.7111603491        90.9978888086       560.6941400033    102002.7029850789
793000    -10856.6885474388        90.9977488501       560.6634101667    102002.7029850789
794000    -10856.7044832746        90.9965234880       560.6064650497    102002.7029850789
795000    -10856.7243679195        90.9949410135       560.5349362121    102002.7029850789
796000    -10856.7347505463        90.9945153656       560.3340896885    102002.7029850789
797000    -10856.7329611232        90.9939180704       560.2876897922    102002.7029850789
798000    -10856.7115062356        90.9942161420       560.2456954901    102002.7029850789
799000    -10856.7093055344        90.9938624979       560.2518703231    102002.7029850789
800000    -10856.6746708207        90.9946385913       560.3597512011    102002.7029850789
801000    -10856.6591824760        90.9952993533       560.5066055763    102002.7029850789
802000    -10856.6783216974        90.9930848548       560.5286182946    102002.7029850789
803000    -10856.6458946081        90.9941429308       560.8162783033    102002.7029850789
804000    -10856.6270221081        90.9948037083       560.8635103463    102002.7029850789
805000    -10856.6129830207        90.9950089720       560.9022226674    102002.7029850789
806000    -10856.5798215939        90.9961965251       560.9634842526    102002.7029850789
807000    -10856.5346599247        90.9975874784       560.9931196327    102002.7029850789
808000    -10856.4909712908        90.9991265836       561.0242341039    102002.7029850789
809000    -10856.4883340162        90.9992149660       561.1497930787    102002.7029850789
810000    -10856.4647503308        90.9995248566       561.1635806300    102002.7029850789
811000    -10856.4664825459        90.9991436584       561.1954873351    102002.7029850789
812000    -10856.4358125774        90.9995477334       561.1083180059    102002.7029850789
813000    -10856.4053280802        91.0009931640       561.1865349207    102002.7029850789
814000    -10856.4166000610        91.0000662389       561.1551631299    102002.7029850789
815000    -10856.4376746121        90.9987851344       560.8709703388    102002.7029850788
816000    -10856.4361639821        90.9986343234       560.7734751538    102002.7029850788
817000    -10856.3797726326        91.0001083973       560.6782128252    102002.7029850788
818000    -10856.3509604060        91.0017239154       560.5089796116    102002.7029850788
819000    -10856.3534711639        91.0015983021       560.4282392967    102002.7029850788
820000    -10856.3196539564        91.0031277372       560.3255402480    102002.7029850788
821000    -10856.2987205010        91.0042233171       560.1677956453    102002.7029850788
822000    -10856.3005760416        91.0035134626       559.9791796596    102002.7029850788
823000    -10856.3042389861        91.0034332364       559.7347768265    102002.7029850788
824000    -10856.3054616071        91.0035299768       559.6980664121    102002.7029850788
825000    -10856.3140391561        91.0036983301       559.5229459979    102002.7029850788
826000    -10856.3421650020        91.0028651317       559.2605799127    102002.7029850788
827000    -10856.3482056248        91.0030722202       559.0722296697    102002.7029850788
828000    -10856.3376483493        91.0035618370       558.8528163088    102002.7029850788
829000    -10856.3529708485        91.0028330882       558.5988893075    102002.7029850788
830000    -10856.3769957946        91.0019027144       558.4243066628    102002.7029850788
831000    -10856.3966577974        91.0008686848       558.3425018714    102002.7029850788
832000    -10856.4279703109        91.0001447224       558.0601551411    102002.7029850788
833000    -10856.4361699728        90.9992037182       557.6975809338    102002.7029850788
834000    -10856.4318668049        90.9995811985       557.6254411460    102002.7029850788
835000    -10856.3988198829        91.0017444367       557.5081705314    102002.7029850788
836000    -10856.3696861695        91.0026423325       557.4372582939    102002.7029850788
837000    -10856.3668966652        91.0028325010       557.2669199204    102002.7029850788
838000    -10856.3716843483        91.0023984792       556.9783266219    102002.7029850788
839000    -10856.3220376962        91.0044512724       556.8958552191    102002.7029850788
840000    -10856.2922887244        91.0058868951       556.7731886153    102002.7029850788
841000    -10856.2639196844        91.0063525233       556.5883059844    102002.7029850788
842000    -10856.2376331277        91.0066185984       556.5742033310    102002.7029850788
843000    -10856.2291404509        91.0059644855       556.4762770235    102002.7029850788
844000    -10856.2230611813        91.0057190180       556.1787148456    102002.7029850788
845000    -10856.1950394924        91.0070321158       556.0765487388    102002.7029850788
846000    -10856.2127296352        91.0058970108       556.0346824415    102002.7029850788
847000    -10856.1699485761        91.0071682229       555.7959408928    102002.7029850788
848000    -10856.1336620091        91.0082084327       555.7961150808    102002.7029850788
849000    -10856.1184471989        91.0090596592       555.8646916700    102002.7029850788
850000    -10856.1406660547        91.0076083595       555.9361626923    102002.7029850788
851000    -10856.1318157222        91.0076097067       555.9393461323    102002.7029850788
852000    -10856.1518324652        91.0066939254       555.9072319405    102002.7029850788
853000    -10856.1758443065        91.0047133632       555.7046578601    102002.7029850788
854000    -10856.1732040683        91.0043487019       555.7569510540    102002.7029850788
855000    -10856.1896487278        91.0035796420       555.6679710090    102002.7029850788
856000    -10856.2117839703        91.0022059270       555.4693193932    102002.7029850788
857000    -10856.2325690834        91.0019107961       555.2861586358    102002.7029850788
858000    -10856.2440420045        91.0020995462       555.3022685612    102002.7029850788
859000    -10856.2898289715        91.0002252565       555.2440287903    102002.7029850788
860000    -10856.2917098137        90.9998623343       555.1515392204    102002.7029850788
861000    -10856.2839156441        91.0010248388       554.9865271762    102002.7029850788
862000    -10856.2927956693        91.0003713659       554.8393750873    102002.7029850788
863000    -10856.3247969322        90.9986543673       554.6958523443    102002.7029850788
864000    -10856.3431147513        90.9975613190       554.6972539296    102002.7029850788
865000    -10856.3311886402        90.9980155742       554.5861355864    102002.7029850788
866000    -10856.3386954219        90.9979467456       554.4041049675    102002.7029850788
867000    -10856.3502967873        90.9977767638       554.1498379555    102002.7029850788
868000    -10856.3132602773        90.9996961107       553.8244532726    102002.7029850788
869000    -10856.3060215595        90.9999807321       553.5517332339    102002.7029850788
870000    -10856.3042709422        91.0004922682       553.4465086761    102002.7029850787
871000    -10856.3322728858        90.9990367931       553.3956648486    102002.7029850787
872000    -10856.3314135202        90.9989751481       553.2969704533    102002.7029850787
873000    -10856.3764256229        90.9973334058       553.1463408310    102002.7029850787
874000    -10856.3814995889        90.9975960062       553.0249279852    102002.7029850787
875000    -10856.4048238515        90.9975152581       552.9160740288    102002.7029850787
876000    -10856.4160377326        90.9976582788       552.7410074470    102002.7029850787
877000    -10856.4719368890        90.9960291899       552.5133770276    102002.7029850787
878000    -10856.5091448257        90.9954081936       552.4667602886    102002.7029850787
879000    -10856.5016876513        90.9959541575       552.3770851969    102002.7029850787
880000    -10856.4919151128        90.9963946647       552.3190209099    102002.7029850787
881000    -10856.4794382308        90.9969701261       552.3581675256    102002.7029850787
882000    -10856.4712152907        90.9973948533       552.2796649061    102002.7029850787
883000    -10856.4791430125        90.9968816276       552.2722693204    102002.7029850787
884000    -10856.5018008297        90.9959498380       552.2137855845    102002.7029850787
885000    -10856.5073952778        90.9955650301       552.1860648107    102002.7029850787
886000    -10856.5037641549        90.9959727448       551.9737639594    102002.7029850787
887000    -10856.5000090759        90.9967617090       551.7230888150    102002.7029850787
888000    -10856.4971080721        90.9970898986       551.6026099057    102002.7029850787
889000    -10856.4679527588        90.9985515235       551.5827397055    102002.7029850787
890000    -10856.4415069094        90.9997789916       551.6364398774    102002.7029850787
891000    -10856.4372442262        90.9999176467       551.5806545929    102002.7029850787
892000    -10856.4531345935        90.9994276321       551.4966961994    102002.7029850787
893000    -10856.4710344260        90.9982649573       551.4125865535    102002.7029850787
894000    -10856.4469086471        90.9997013307       551.3368882774    102002.7029850787
895000    -10856.4722501917        90.9986321899       551.1433093511    102002.7029850787
896000    -10856.4798032063        90.9983718775       551.0414832530    102002.7029850787
897000    -10856.5039625021        90.9972659128       551.0586790998    102002.7029850787
898000    -10856.5202308428        90.9969956949       551.1139408046    102002.7029850787
899000    -10856.5299531152        90.9973660950       551.1810785593    102002.7029850787
900000    -10856.5337857225        90.9974693417       551.1563271312    102002.7029850787
901000    -10856.5528322778        90.9971483145       551.0603407715    102002.7029850787
902000    -10856.5895459963        90.9962838594       551.0292377927    102002.7029850787
903000    -10856.6250632894        90.9945697765       551.0177337556    102002.7029850787
904000    -10856.6411025887        90.9940994288       551.0436542378    102002.7029850787
905000    -10856.6190118954        90.9953226030       551.0325956971    102002.7029850787
906000    -10856.6226245934        90.9955480417       550.8917677353    102002.7029850787
907000    -10856.6297207660        90.9956803393       550.8584934236    102002.7029850787
908000    -10856.6389916639        90.9961687641       550.8758527688    102002.7029850787
909000    -10856.6632982427        90.9959484532       550.9438375176    102002.7029850787
910000    -10856.6696146102        90.9960092961       550.8573009494    102002.7029850787
911000    -10856.6594014273        90.9965258539       550.8432187382    102002.7029850787
912000    -10856.6564005191        90.9973785008       550.8607238744    102002.7029850787
913000    -10856.6561069180        90.9972051748       550.8761299927    102002.7029850787
914000    -10856.6693179170        90.9962862317       550.9035615028    102002.7029850787
915000    -10856.6585311114        90.9967058573       551.0089445728    102002.7029850787
916000    -10856.6493817297        90.9970677859       551.0588317401    102002.7029850787
917000    -10856.6644416741        90.9964524140       551.0588578734    102002.7029850787
918000    -10856.6431240664        90.9973028453       551.1335574344    102002.7029850787
919000    -10856.6310526655        90.9972338830       551.2061242606    102002.7029850787
920000    -10856.6434872269        90.9964091599       551.1587789474    102002.7029850787
921000    -10856.6402473344        90.9961284123       551.0534492301    102002.7029850787
922000    -10856.6602866818        90.9952317032       550.9246507328    102002.7029850787
923000    -10856.6720696081        90.9947831768       550.9096013092    102002.7029850787
924000    -10856.6691391546        90.9949779303       550.9488795331    102002.7029850787
925000    -10856.6696543022        90.9952693387       550.9368807620    102002.7029850787
926000    -10856.6916308833        90.9946312099       550.9067994068    102002.7029850787
927000    -10856.7202697363        90.9939821141       550.8055025715    102002.7029850786
928000    -10856.7143355592        90.9942056870       550.8171619386    102002.7029850786
929000    -10856.7090936452        90.9942645062       550.8163297393    102002.7029850786
930000    -10856.7110289121        90.9933908194       550.7866210216    102002.7029850786
931000    -10856.7201760073        90.9931563827       550.5502544774    102002.7029850786
932000    -10856.7281067091        90.9927988301       550.3646935131    102002.7029850786
933000    -10856.7075407358        90.9943714591       550.3304914989    102002.7029850786
934000    -10856.7262867643        90.9932445689       550.3411962989    102002.7029850786
935000    -10856.7270810959        90.9931529581       550.3118681842    102002.7029850786
936000    -10856.7631421745        90.9919028384       550.0486960176    102002.7029850786
937000    -10856.7274202690        90.9935493013       549.8837782078    102002.7029850786
938000    -10856.7156724014        90.9940190409       549.7094594357    102002.7029850786
939000    -10856.7128604094        90.9949677596       549.4698963781    102002.7029850786
940000    -10856.7331664508        90.9945252774       549.3112609503    102002.7029850786
941000    -10856.7423025317        90.9941776447       549.2011841057    102002.7029850786
942000    -10856.7544816666        90.9941691393       549.0691376123    102002.7029850786
943000    -10856.7663838105        90.9942325382       549.0022706279    102002.7029850786
944000    -10856.7915805268        90.9936187146       548.7214243488    102002.7029850786
945000    -10856.8293302261        90.9921866300       548.5468832424    102002.7029850786
946000    -10856.8175707734        90.9930186644       548.3847605842    102002.7029850786
947000    -10856.8268167525        90.9932286260       548.1713748961    102002.7029850786
948000    -10856.8625668254        90.9915634377       547.9931457437    102002.7029850786
949000    -10856.8677025124        90.9913126338       547.8123419606    102002.7029850786
950000    -10856.8962912145        90.9908528367       547.6255953764    102002.7029850786
951000    -10856.8626055279        90.9926608292       547.4967044390    102002.7029850786
952000    -10856.8735624486        90.9926004508       547.3785747368    102002.7029850786
953000    -10856.8477560146        90.9941497934       547.2981346949    102002.7029850786
954000    -10856.8575164077        90.9939633771       547.2355125869    102002.7029850786
955000    -10856.8485817699        90.9945009552       547.1097793557    102002.7029850786
956000    -10856.8441774981        90.9947326582       546.9745594744    102002.7029850786
957000    -10856.8657078766        90.9940140219       546.8346850663    102002.7029850786
958000    -10856.8832375171        90.9935359332       546.7321382781    102002.7029850786
959000    -10856.8876858296        90.9935983227       546.6128309177    102002.7029850786
960000    -10856.8832065322        90.9941507235       546.5506230608    102002.7029850786
961000    -10856.8891625195        90.9940983767       546.4703183151    102002.7029850786
962000    -10856.9100353096        90.9934652106       546.2833949009    102002.7029850786
963000    -10856.9247765835        90.9931197660       546.1915323872    102002.7029850786
964000    -10856.9438487958        90.9925994628       546.0870314293    102002.7029850786
965000    -10856.9685056791        90.9921275135       545.9977327619    102002.7029850786
966000    -10856.9702896691        90.9916680926       546.0069630576    102002.7029850786
967000    -10856.9734438341        90.9917586720       546.0067904833    102002.7029850786
968000    -10856.9756458249        90.9920640094       546.0140588522    102002.7029850786
969000    -10856.9773086011        90.9924160898       545.9468402686    102002.7029850786
970000    -10856.9442817623        90.9937432555       545.8845943665    102002.7029850786
971000    -10856.9466252103        90.9938126967       545.8080473779    102002.7029850786
972000    -10856.9420766102        90.9940190642       545.8211829226    102002.7029850786
973000    -10856.9369882901        90.9943848383       545.8619829674    102002.7029850786
974000    -10856.9340647905        90.9941910635       545.9183454292    102002.7029850786
975000    -10856.9002846309        90.9957273829       545.9704109248    102002.7029850786
976000    -10856.9059367679        90.9947001691       546.0036464784    102002.7029850786
977000    -10856.8772341915        90.9957513766       546.0448951362    102002.7029850786
978000    -10856.8742590425        90.9961026439       546.1869688745    102002.7029850786
979000    -10856.8702256242        90.9960228227       546.2684940817    102002.7029850786
980000    -10856.8767782767        90.9954214713       546.2711047296    102002.7029850786
981000    -10856.8691883942        90.9956546410       546.2567188544    102002.7029850786
982000    -10856.8781373157        90.9950027449       546.2324951889    102002.7029850786
983000    -10856.8751858373        90.9950828851       546.3296262720    102002.7029850786
984000    -10856.8693153674        90.9955820579       546.3359144531    102002.7029850786
985000    -10856.8540884782        90.9964326619       546.3724907216    102002.7029850786
986000    -10856.8428307061        90.9967135582       546.3705112497    102002.7029850786
987000    -10856.8220018390        90.9975741663       546.4457459561    102002.7029850786
988000    -10856.7764349365        90.9995533294       546.5282250810    102002.7029850786
989000    -10856.7685579017        90.9998240172       546.5907435319    102002.7029850786
990000    -10856.7864233406        90.9987250420       546.5240249334    102002.7029850786
991000    -10856.7864721716        90.9990713580       546.4077445374    102002.7029850786
992000    -10856.7882728236        90.9991391299       546.3396382011    102002.7029850786
993000    -10856.7887132858        90.9990162771       546.3135104210    102002.7029850786
994000    -10856.8119459621        90.9979350570       546.2974653980    102002.7029850786
995000    -10856.8142546431        90.9975078409       546.2843132115    102002.7029850786
996000    -10856.8393464366        90.9964170734       546.2715959408    102002.7029850786
997000    -10856.8368790354        90.9962202915       546.2524606095    102002.7029850786
998000    -10856.8444410499        90.9961893187       546.2453005013    102002.7029850786
999000    -10856.8421872589        90.9963947368       546.2301214505    102002.7029850786
1000000    -10856.8504928659        90.9960596708       546.1855394695    102002.7029850786
