# Time-averaged data for fix runningavgs
# TimeStep v_ra_etotal v_ra_temp v_ra_press v_ra_volume
502000     -6754.9412441613       110.0780317484      -699.6053447639    102002.7029850792
503000     -6753.8699016158       110.4153268563      -691.9785091585    102002.7029850792
504000     -6757.3182511032       110.1855989873      -692.8247241076    102002.7029850792
505000     -6758.7166270063       110.1292055264      -687.5530368145    102002.7029850792
506000     -6757.1438586087       110.2651381100      -682.7653620633    102002.7029850792
507000     -6757.1916200319       110.2467665482      -681.9876922097    102002.7029850792
508000     -6757.9737952694       110.2157373177      -685.2111906742    102002.7029850792
509000     -6757.1428603253       110.3121037305      -685.5840371526    102002.7029850792
510000     -6756.9089298398       110.3297651027      -683.5266906327    102002.7029850792
511000     -6758.6775997422       110.1810798534      -680.8634770661    102002.7029850792
512000     -6759.1020391178       110.1220960192      -680.8993474053    102002.7029850792
513000     -6758.7860732897       110.1503825727      -681.3276425209    102002.7029850792
514000     -6758.9989541868       110.1281901233      -684.1034656583    102002.7029850792
515000     -6759.4958402460       110.0793973349      -684.0584157777    102002.7029850792
516000     -6759.3884552067       110.0840153998      -687.1155221506    102002.7029850792
517000     -6759.3928141358       110.0972752270      -686.3607523508    102002.7029850792
518000     -6759.5855362831       110.0717370544      -687.1974517741    102002.7029850792
519000     -6759.4535128652       110.0847897287      -688.7627989069    102002.7029850792
520000     -6759.0858572726       110.1067726055      -690.8639841128    102002.7029850792
521000     -6758.4604083727       110.1562864429      -691.1632620682    102002.7029850792
522000     -6758.9090287700       110.1350352533      -690.6188441903    102002.7029850792
523000     -6758.8812512896       110.1371485613      -692.8765856338    102002.7029850792
524000     -6758.6602010263       110.1729107173      -692.8632673930    102002.7029850792
525000     -6758.8039897773       110.1609156926      -692.8040553881    102002.7029850792
526000     -6759.1175405296       110.1299497523      -692.8587900053    102002.7029850792
527000     -6759.5252992574       110.0892824488      -692.2323686186    102002.7029850792
528000     -6759.7844682164       110.0745118435      -692.1615185886    102002.7029850792
529000     -6760.1360956550       110.0427142494      -691.2406594077    102002.7029850792
530000     -6759.9124506056       110.0699168379      -691.5353086877    102002.7029850792
531000     -6759.6600524116       110.0862580894      -691.3068615950    102002.7029850792
532000     -6759.5346220998       110.0995426093      -690.3599298963    102002.7029850792
533000     -6759.4822802821       110.1102764533      -692.3150465393    102002.7029850792
534000     -6759.6284448701       110.0982071424      -692.9419299011    102002.7029850792
535000     -6759.7434179865       110.0920044889      -692.0427014496    102002.7029850792
536000     -6759.8941019843       110.0783136275      -693.8493007107    102002.7029850792
537000     -6759.9618830193       110.0835501433      -693.5932627936    102002.7029850792
538000     -6760.1484802265       110.0721249086      -693.9223783474    102002.7029850792
539000     -6760.4889567093       110.0454029798      -695.2018857131    102002.7029850791
540000     -6760.3351935288       110.0713836420      -695.1443162176    102002.7029850791
541000     -6760.2320248259       110.0817746984      -695.7161054680    102002.7029850791
542000     -6760.5015372960       110.0571850804      -695.8165368511    102002.7029850791
543000     -6760.6084152037       110.0522057884      -695.6632918956    102002.7029850791
544000     -6760.7892241935       110.0358785139      -695.2479459644    102002.7029850791
545000     -6761.0666360554       110.0154800427      -696.1019372716    102002.7029850791
546000     -6760.8981702117       110.0328617471      -696.2544287328    102002.7029850791
547000     -6760.9137651881       110.0342044520      -695.7441870651    102002.7029850791
548000     -6761.0521273079       110.0231473911      -696.0631294183    102002.7029850791
549000     -6761.0184361501       110.0262322823      -696.4144217640    102002.7029850791
550000     -6761.2899112070       110.0048527853      -695.6588980784    102002.7029850791
551000     -6761.3259588894       110.0018335150      -695.3459508869    102002.7029850791
552000     -6761.1687687606       110.0148201779      -695.6570224440    102002.7029850791
553000     -6761.1864544099       110.0098990454      -695.2859928395    102002.7029850791
554000     -6761.4054862681       109.9946918114      -694.9336527749    102002.7029850791
555000     -6761.5730748792       109.9819786761      -695.0979174438    102002.7029850791
556000     -6761.4074880060       110.0017178847      -694.6404638872    102002.7029850791
557000     -6761.3902072214       110.0069314496      -694.2860499289    102002.7029850791
558000     -6761.3225858927       110.0120248085      -693.5762999664    102002.7029850791
559000     -6761.2334451907       110.0226241249      -693.8770041702    102002.7029850791
560000     -6761.1777660598       110.0283558822      -693.7032260521    102002.7029850791
561000     -6761.0561205343       110.0408604157      -693.8077670041    102002.7029850791
562000     -6761.0442928465       110.0465867171      -694.3078463018    102002.7029850791
563000     -6761.0659061172       110.0439132972      -694.0487978099    102002.7029850791
564000     -6760.9531851646       110.0538062346      -693.8662141132    102002.7029850791
565000     -6760.7783694366       110.0686482097      -693.6226873541    102002.7029850791
566000     -6760.7010889006       110.0737267632      -693.2453672669    102002.7029850791
567000     -6760.6769604180       110.0761839236      -692.7521962201    102002.7029850791
568000     -6760.5214541041       110.0927678111      -692.8969712161    102002.7029850791
569000     -6760.5085950137       110.0912919768      -692.8407987716    102002.7029850791
570000     -6760.6251666947       110.0791483840      -692.4730239153    102002.7029850791
571000     -6760.6969773382       110.0685812975      -692.3269344728    102002.7029850791
572000     -6760.6787884306       110.0717557723      -692.0312921857    102002.7029850791
573000     -6760.7334423322       110.0657994987      -691.7523300313    102002.7029850791
574000     -6760.7287464324       110.0640439368      -691.5709567744    102002.7029850791
575000     -6760.6857475504       110.0663409361      -691.7163741716    102002.7029850791
576000     -6760.6531914220       110.0670520759      -692.0073512899    102002.7029850791
577000     -6760.5885128566       110.0746969564      -691.8111205900    102002.7029850791
578000     -6760.5908372437       110.0722046850      -691.6511232347    102002.7029850791
579000     -6760.7303455695       110.0574183517      -691.4248401985    102002.7029850791
580000     -6760.7347249672       110.0538261779      -691.3899290881    102002.7029850791
581000     -6760.7298141394       110.0518808532      -691.5913815420    102002.7029850791
582000     -6760.5649410675       110.0659428072      -691.2908698528    102002.7029850791
583000     -6760.5011197253       110.0691959436      -691.0253696905    102002.7029850791
584000     -6760.5056269338       110.0679395463      -691.1862640702    102002.7029850791
585000     -6760.3830274621       110.0795535776      -691.0783569932    102002.7029850791
586000     -6760.4019688864       110.0784997548      -690.9461707607    102002.7029850791
587000     -6760.3890328010       110.0805875125      -690.9349331610    102002.7029850791
588000     -6760.4604557449       110.0690763742      -690.7889908657    102002.7029850791
589000     -6760.5047365831       110.0655271537      -690.4173618908    102002.7029850791
590000     -6760.4108696038       110.0707920886      -690.4501340079    102002.7029850791
591000     -6760.3085704926       110.0814870401      -690.3259105738    102002.7029850792
592000     -6760.3219258366       110.0787143665      -690.3349290516    102002.7029850792
593000     -6760.3251621850       110.0806439952      -690.1494948252    102002.7029850792
594000     -6760.3017488761       110.0829892175      -689.6959586986    102002.7029850792
595000     -6760.1649237326       110.0954778000      -689.4409748262    102002.7029850792
596000     -6760.1975864646       110.0926819887      -689.1689423248    102002.7029850792
597000     -6760.2453144105       110.0891414567      -688.9635958611    102002.7029850792
598000     -6760.4069578007       110.0724109819      -688.8362139954    102002.7029850792
599000     -6760.3736256642       110.0748200344      -688.5637181547    102002.7029850792
600000     -6760.2309945796       110.0870276703      -688.6596879220    102002.7029850792
601000     -6760.2660716735       110.0844056315      -688.2599449133    102002.7029850792
602000     -6760.2737740921       110.0825100749      -688.0079228060    102002.7029850792
603000     -6760.4114322401       110.0714543507      -687.7069918670    102002.7029850792
604000     -6760.4885402173       110.0633909265      -687.6325689179    102002.7029850793
605000     -6760.5960632498       110.0517287978      -687.4318653107    102002.7029850793
606000     -6760.6437893398       110.0480397359      -687.2091574692    102002.7029850793
607000     -6760.7043986642       110.0410492143      -687.2382237567    102002.7029850793
608000     -6760.7070831815       110.0404778180      -687.3010465095    102002.7029850793
609000     -6760.6213815750       110.0473577963      -687.1683301050    102002.7029850793
610000     -6760.5834237488       110.0506083957      -687.1406070400    102002.7029850793
611000     -6760.4638694513       110.0619415017      -687.3800217533    102002.7029850793
612000     -6760.4322379873       110.0637102901      -687.1467342787    102002.7029850793
613000     -6760.3362472318       110.0733667106      -686.9347583273    102002.7029850793
614000     -6760.2664629938       110.0748580573      -687.2070118725    102002.7029850793
615000     -6760.1543459101       110.0829720506      -687.2220759515    102002.7029850793
616000     -6760.1907661370       110.0787521224      -687.4108435513    102002.7029850793
617000     -6760.2209305041       110.0739270184      -688.0414728927    102002.7029850793
618000     -6760.2402298644       110.0736254353      -688.1478798779    102002.7029850793
619000     -6760.3671443282       110.0618687650      -688.0846500633    102002.7029850793
620000     -6760.3939462463       110.0589829856      -688.5379874602    102002.7029850793
621000     -6760.4214793013       110.0554386268      -689.0290134755    102002.7029850793
622000     -6760.4426252441       110.0572090505      -689.1704537518    102002.7029850794
623000     -6760.4604923780       110.0542587013      -689.7465278137    102002.7029850794
624000     -6760.5541753803       110.0449920849      -690.4655643173    102002.7029850794
625000     -6760.6286503591       110.0413665023      -690.8251421764    102002.7029850794
626000     -6760.5590096225       110.0480737512      -691.2124493016    102002.7029850794
627000     -6760.5585414523       110.0479138782      -691.7554906356    102002.7029850794
628000     -6760.5793019643       110.0488630495      -691.7963285567    102002.7029850794
629000     -6760.5750029502       110.0511342654      -692.1968346193    102002.7029850794
630000     -6760.4889827599       110.0582809145      -692.5532310066    102002.7029850794
631000     -6760.5069289934       110.0575271411      -692.6604137033    102002.7029850794
632000     -6760.5378220281       110.0559834235      -692.6232465135    102002.7029850794
633000     -6760.5755917815       110.0529123440      -692.9977917284    102002.7029850794
634000     -6760.6445196502       110.0455882351      -693.0997140384    102002.7029850794
635000     -6760.6429649869       110.0484689145      -693.0593024513    102002.7029850794
636000     -6760.6654313879       110.0459097437      -693.4522327395    102002.7029850794
637000     -6760.6572559890       110.0468975632      -693.7485892330    102002.7029850794
638000     -6760.6050266653       110.0503510711      -693.7767997289    102002.7029850794
639000     -6760.5589580175       110.0534131337      -693.8345557150    102002.7029850794
640000     -6760.5911473302       110.0507107705      -693.8571375609    102002.7029850794
641000     -6760.5922162197       110.0525806489      -693.8791603663    102002.7029850794
642000     -6760.5192690942       110.0567794451      -693.9193801006    102002.7029850794
643000     -6760.4457410503       110.0631810569      -693.9603781325    102002.7029850794
644000     -6760.4107827180       110.0657949082      -693.7789609024    102002.7029850794
645000     -6760.4075823652       110.0655681980      -693.7273546051    102002.7029850794
646000     -6760.3389338428       110.0693834520      -693.6812084746    102002.7029850795
647000     -6760.3043635065       110.0728780279      -693.5328944524    102002.7029850795
648000     -6760.3064480224       110.0704421046      -693.2840216213    102002.7029850795
649000     -6760.3022344312       110.0704702972      -693.0852718026    102002.7029850795
650000     -6760.2957749938       110.0726753328      -692.9938562048    102002.7029850795
651000     -6760.2148437155       110.0802238001      -692.6919485618    102002.7029850795
652000     -6760.1798400762       110.0821720366      -692.5030907881    102002.7029850795
653000     -6760.2133441808       110.0779480350      -692.5124963126    102002.7029850795
654000     -6760.1918176558       110.0777772782      -692.0714202558    102002.7029850795
655000     -6760.2579734717       110.0713336975      -691.7978822780    102002.7029850795
656000     -6760.2695685014       110.0692319500      -691.7143151797    102002.7029850795
657000     -6760.3363829960       110.0640205317      -691.3308728692    102002.7029850795
658000     -6760.3280757757       110.0645875028      -691.0606258402    102002.7029850795
659000     -6760.3381718333       110.0647402085      -690.9508393479    102002.7029850795
660000     -6760.4091744929       110.0600262922      -691.0265680648    102002.7029850795
661000     -6760.4544304854       110.0565978375      -690.7515205507    102002.7029850795
662000     -6760.4509946497       110.0557270391      -690.6245625634    102002.7029850795
663000     -6760.4010349637       110.0603022110      -690.6289020846    102002.7029850795
664000     -6760.3859982426       110.0637247012      -690.2654837955    102002.7029850795
665000     -6760.3572238014       110.0670465026      -690.0133510780    102002.7029850795
666000     -6760.3573426561       110.0675961183      -689.7671983413    102002.7029850795
667000     -6760.3587649423       110.0684881366      -689.6808512954    102002.7029850795
668000     -6760.3794837819       110.0676782600      -689.4873922575    102002.7029850795
669000     -6760.4390936940       110.0629110635      -689.3840106296    102002.7029850795
670000     -6760.5027291057       110.0562590688      -689.3938692445    102002.7029850795
671000     -6760.5378727276       110.0544105290      -689.3322836218    102002.7029850795
672000     -6760.5697795392       110.0506755583      -689.2810600768    102002.7029850795
673000     -6760.5375373370       110.0548148172      -689.1551940550    102002.7029850795
674000     -6760.5655746860       110.0530839913      -689.2118660498    102002.7029850794
675000     -6760.5556400277       110.0550866891      -689.0858889964    102002.7029850794
676000     -6760.6104901572       110.0494984880      -689.0555404190    102002.7029850794
677000     -6760.6122821894       110.0501513660      -689.1347940918    102002.7029850794
678000     -6760.5903145236       110.0524401072      -689.2470524042    102002.7029850794
679000     -6760.5699302863       110.0549752047      -689.2223016060    102002.7029850794
680000     -6760.5426819419       110.0569094206      -689.3838693151    102002.7029850794
681000     -6760.5575415170       110.0549795438      -689.4416017986    102002.7029850794
682000     -6760.5991499946       110.0489236863      -689.3159107223    102002.7029850794
683000     -6760.5941080916       110.0478250250      -689.1998094507    102002.7029850794
684000     -6760.5596705100       110.0495320392      -689.3292955918    102002.7029850794
685000     -6760.4939923175       110.0547872689      -689.1887862279    102002.7029850794
686000     -6760.4907816028       110.0553920685      -689.1361813956    102002.7029850794
687000     -6760.4205954555       110.0630148470      -689.2606419649    102002.7029850794
688000     -6760.4705667655       110.0582310848      -689.4302845210    102002.7029850793
689000     -6760.4934100712       110.0561746166      -689.3193972381    102002.7029850793
690000     -6760.5319267614       110.0521908393      -689.3557334074    102002.7029850793
691000     -6760.5630201882       110.0478978141      -689.4933247463    102002.7029850793
692000     -6760.5424439885       110.0479487140      -689.7222725312    102002.7029850793
693000     -6760.5213021950       110.0518194734      -689.6371941670    102002.7029850793
694000     -6760.4973516578       110.0514674118      -689.7564918455    102002.7029850793
695000     -6760.4186586392       110.0575624348      -689.8494536624    102002.7029850793
696000     -6760.4011959270       110.0586654294      -689.9154268829    102002.7029850793
697000     -6760.4114004791       110.0581466454      -689.9947665505    102002.7029850793
698000     -6760.4710318293       110.0529903456      -689.9846269188    102002.7029850793
699000     -6760.4642015482       110.0518956039      -690.1893163016    102002.7029850793
700000     -6760.4473879814       110.0550793022      -690.3157986075    102002.7029850793
701000     -6760.4354855659       110.0561491404      -690.4731330492    102002.7029850793
702000     -6760.4855554460       110.0522939665      -690.5979023710    102002.7029850793
703000     -6760.5013440402       110.0507117179      -690.6085458468    102002.7029850793
704000     -6760.4986050781       110.0505353237      -690.9171316463    102002.7029850792
705000     -6760.4918207370       110.0519052262      -691.0787623958    102002.7029850792
706000     -6760.4740405645       110.0546605455      -691.2805965823    102002.7029850792
707000     -6760.5281725935       110.0507572032      -691.4145960574    102002.7029850792
708000     -6760.5163314607       110.0515301796      -691.6538597625    102002.7029850792
709000     -6760.4923309990       110.0529845624      -691.7486066192    102002.7029850792
710000     -6760.5305811907       110.0496296159      -692.0906479187    102002.7029850792
711000     -6760.5380222457       110.0495521545      -692.4552017763    102002.7029850792
712000     -6760.5796338440       110.0476558736      -692.5992166199    102002.7029850792
713000     -6760.6022816877       110.0463828420      -692.9698680505    102002.7029850792
714000     -6760.5728467809       110.0483845874      -693.0201190140    102002.7029850792
715000     -6760.5095651085       110.0532958979      -693.0615983038    102002.7029850792
716000     -6760.4711726221       110.0561672776      -693.3780714933    102002.7029850792
717000     -6760.4094758021       110.0613705664      -693.2975166045    102002.7029850792
718000     -6760.3859265610       110.0635796377      -693.4840928013    102002.7029850792
719000     -6760.3470985781       110.0671668601      -693.7086193778    102002.7029850792
720000     -6760.3541849942       110.0664832670      -693.6292010187    102002.7029850792
721000     -6760.3837492575       110.0638349763      -693.6803568018    102002.7029850792
722000     -6760.3439558462       110.0681979589      -693.6543078375    102002.7029850792
723000     -6760.3015368045       110.0707118333      -693.8699496257    102002.7029850792
724000     -6760.3067981142       110.0700402032      -693.9548029067    102002.7029850791
725000     -6760.2676387271       110.0741708371      -694.3022186950    102002.7029850791
726000     -6760.2831099258       110.0731478772      -694.6057585494    102002.7029850791
727000     -6760.2957306865       110.0714272685      -694.6351548019    102002.7029850791
728000     -6760.3301260081       110.0679127595      -694.6876682590    102002.7029850791
729000     -6760.3318159277       110.0666776102      -694.9419094783    102002.7029850791
730000     -6760.3226483082       110.0667292652      -695.0873038819    102002.7029850791
731000     -6760.2950484546       110.0682045247      -695.2216082054    102002.7029850791
732000     -6760.3322269054       110.0637485287      -695.3271331152    102002.7029850791
733000     -6760.3619960782       110.0606418840      -695.3851291581    102002.7029850791
734000     -6760.3975965702       110.0568051682      -695.4512243319    102002.7029850791
735000     -6760.4039275735       110.0550814011      -695.3911943677    102002.7029850791
736000     -6760.3963918286       110.0556432469      -695.4986253162    102002.7029850791
737000     -6760.4037206527       110.0556861798      -695.5991479484    102002.7029850791
738000     -6760.4441041363       110.0510144706      -695.7463244553    102002.7029850791
739000     -6760.4390431393       110.0496934094      -695.7496926026    102002.7029850791
740000     -6760.4674725315       110.0461092765      -695.6593049434    102002.7029850791
741000     -6760.4879099592       110.0434469898      -695.7697524298    102002.7029850791
742000     -6760.4657384401       110.0465773549      -695.6646041872    102002.7029850791
743000     -6760.4554754279       110.0476398273      -695.5984616246    102002.7029850791
744000     -6760.4488851496       110.0462425943      -695.7527831986    102002.7029850791
745000     -6760.4247074770       110.0480239218      -695.8912263153    102002.7029850791
746000     -6760.3861960844       110.0511696235      -695.9795858332    102002.7029850791
747000     -6760.3874936758       110.0504537307      -696.0431230073    102002.7029850791
748000     -6760.3778733520       110.0503828230      -696.0419848827    102002.7029850790
749000     -6760.3705656159       110.0499616065      -696.2849195704    102002.7029850790
750000     -6760.3505859244       110.0511688874      -696.3151653334    102002.7029850790
751000     -6760.3366610061       110.0502028009      -696.3598778230    102002.7029850790
752000     -6760.3534260301       110.0486865690      -696.6032131793    102002.7029850790
753000     -6760.3534008239       110.0496095571      -696.6909448137    102002.7029850790
754000     -6760.3570841595       110.0498035624      -696.6856324764    102002.7029850790
755000     -6760.3834635064       110.0475958599      -696.8083714083    102002.7029850790
756000     -6760.3899637769       110.0474599793      -696.7183816318    102002.7029850790
757000     -6760.3953575928       110.0462276802      -696.6616943702    102002.7029850790
758000     -6760.4130151241       110.0456522253      -696.6934818137    102002.7029850790
759000     -6760.4171197236       110.0451014347      -696.7002912593    102002.7029850790
760000     -6760.4098001576       110.0461837928      -696.6621189758    102002.7029850790
761000     -6760.3835229636       110.0481862623      -696.5555113359    102002.7029850790
762000     -6760.3927405681       110.0477787559      -696.4991558897    102002.7029850790
763000     -6760.4028634869       110.0478023546      -696.4606922951    102002.7029850790
764000     -6760.4479517188       110.0432311158      -696.2960441902    102002.7029850790
765000     -6760.4795398103       110.0410454139      -696.1403708770    102002.7029850790
766000     -6760.4864112099       110.0395790277      -696.0921911394    102002.7029850790
767000     -6760.5262730706       110.0344902992      -695.9724746189    102002.7029850790
768000     -6760.5246825160       110.0337091317      -695.8153106015    102002.7029850790
769000     -6760.4703772420       110.0374034727      -695.7264225282    102002.7029850790
770000     -6760.4566305723       110.0380536389      -695.6449458537    102002.7029850790
771000     -6760.4157652944       110.0409388200      -695.6036391993    102002.7029850790
772000     -6760.4266936776       110.0384530613      -695.6094645375    102002.7029850790
773000     -6760.4533997391       110.0352582635      -695.4698252101    102002.7029850790
774000     -6760.4346335304       110.0367120422      -695.4209678313    102002.7029850790
775000     -6760.3845749759       110.0410587569      -695.3638371451    102002.7029850790
776000     -6760.3763453122       110.0417849490      -695.2376915622    102002.7029850790
777000     -6760.3667134072       110.0435518471      -695.2464719545    102002.7029850789
778000     -6760.3641036542       110.0439532626      -695.2806103814    102002.7029850789
779000     -6760.3780923049       110.0425040458      -695.4484996304    102002.7029850789
780000     -6760.3864280647       110.0402496626      -695.4223717152    102002.7029850789
781000     -6760.3877839824       110.0397104228      -695.3873993595    102002.7029850789
782000     -6760.3796513477       110.0401555563      -695.3885552936    102002.7029850789
783000     -6760.3574973919       110.0421966468      -695.3575415360    102002.7029850789
784000     -6760.3178474038       110.0456349615      -695.3644652384    102002.7029850789
785000     -6760.3050082244       110.0465344246      -695.3261379405    102002.7029850789
786000     -6760.2711567760       110.0494800221      -695.3451962897    102002.7029850789
787000     -6760.2799540820       110.0497231109      -695.3998952363    102002.7029850789
788000     -6760.2957739850       110.0485853470      -695.4431643314    102002.7029850789
789000     -6760.2949177835       110.0484479914      -695.5509295634    102002.7029850789
790000     -6760.3291796875       110.0456734652      -695.4821091958    102002.7029850789
791000     -6760.3151978427       110.0461901117      -695.5540764786    102002.7029850789
792000     -6760.2956420018       110.0486061821      -695.5474523070    102002.7029850789
793000     -6760.3152298422       110.0465063109      -695.4449761675    102002.7029850789
794000     -6760.3059317517       110.0466785622      -695.3096479242    102002.7029850789
795000     -6760.2789040752       110.0499234564      -695.2291478987    102002.7029850789
796000     -6760.2632048375       110.0504424331      -695.1363827476    102002.7029850789
797000     -6760.2978317048       110.0466246911      -695.1512082340    102002.7029850789
798000     -6760.3032771128       110.0464564460      -695.0292423217    102002.7029850789
799000     -6760.3054900479       110.0458415763      -694.9598321592    102002.7029850789
800000     -6760.3033845966       110.0463022846      -694.9164399471    102002.7029850789
801000     -6760.3148884643       110.0455538898      -694.8191514536    102002.7029850789
802000     -6760.3056109414       110.0463898447      -694.8516450420    102002.7029850789
803000     -6760.3166155848       110.0455459145      -694.7664160495    102002.7029850789
804000     -6760.3190633011       110.0451066409      -694.7846264963    102002.7029850789
805000     -6760.3529183935       110.0419004916      -694.8206222950    102002.7029850789
806000     -6760.3698932913       110.0403571305      -694.8496620838    102002.7029850789
807000     -6760.3984970738       110.0386662462      -694.8589828888    102002.7029850789
808000     -6760.4090708981       110.0376559522      -694.9105053834    102002.7029850789
809000     -6760.4011007751       110.0383288708      -694.8341682628    102002.7029850789
810000     -6760.3816022669       110.0396426822      -694.7592721401    102002.7029850789
811000     -6760.3470095838       110.0425632176      -694.6949590674    102002.7029850789
812000     -6760.3368501511       110.0440284493      -694.7393024128    102002.7029850789
813000     -6760.3561956106       110.0427896430      -694.7679187219    102002.7029850789
814000     -6760.3863626522       110.0404141737      -694.7206419651    102002.7029850789
815000     -6760.4342243304       110.0368980349      -694.6418474949    102002.7029850788
816000     -6760.4439319443       110.0361553883      -694.6217048399    102002.7029850788
817000     -6760.4219061293       110.0394325971      -694.5195171166    102002.7029850788
818000     -6760.4083597620       110.0412047260      -694.3679885270    102002.7029850788
819000     -6760.3754192707       110.0451213304      -694.3343471686    102002.7029850788
820000     -6760.3630286537       110.0461468962      -694.3120772593    102002.7029850788
821000     -6760.3764505882       110.0451399434      -694.1670173941    102002.7029850788
822000     -6760.3800126202       110.0445754678      -694.1676629774    102002.7029850788
823000     -6760.3467273103       110.0473131090      -694.1055417580    102002.7029850788
824000     -6760.3256168599       110.0495537845      -693.9314417362    102002.7029850788
825000     -6760.3133703509       110.0505178191      -693.8036577977    102002.7029850788
826000     -6760.2861575638       110.0522722874      -693.6936470407    102002.7029850788
827000     -6760.2692527820       110.0535793767      -693.6453129379    102002.7029850788
828000     -6760.2637806905       110.0540637032      -693.5664050629    102002.7029850788
829000     -6760.2357304503       110.0572213012      -693.6035793240    102002.7029850788
830000     -6760.2143234901       110.0593600331      -693.5577043972    102002.7029850788
831000     -6760.2199242385       110.0598309668      -693.5407580914    102002.7029850788
832000     -6760.2026546479       110.0622533144      -693.4965456422    102002.7029850788
833000     -6760.2026193036       110.0625585724      -693.5248118530    102002.7029850788
834000     -6760.2167692307       110.0617911049      -693.5274423296    102002.7029850788
835000     -6760.2509899017       110.0581723521      -693.5478832208    102002.7029850788
836000     -6760.2686187068       110.0568805424      -693.5447072676    102002.7029850788
837000     -6760.2687772190       110.0569463805      -693.6242479890    102002.7029850788
838000     -6760.2762528028       110.0566341579      -693.5848266026    102002.7029850788
839000     -6760.2953060963       110.0556983460      -693.6515047409    102002.7029850788
840000     -6760.3063376843       110.0557833604      -693.6906049836    102002.7029850788
841000     -6760.3206565935       110.0554650036      -693.6606277941    102002.7029850788
842000     -6760.2844851842       110.0582739979      -693.7075663186    102002.7029850788
843000     -6760.2799367489       110.0588390011      -693.5970257729    102002.7029850788
844000     -6760.2498774388       110.0620453102      -693.5487418388    102002.7029850788
845000     -6760.2541198252       110.0614670396      -693.6727573958    102002.7029850788
846000     -6760.2586733016       110.0617451824      -693.6812301448    102002.7029850788
847000     -6760.2656421636       110.0611995867      -693.7348721216    102002.7029850788
848000     -6760.2599920292       110.0618427296      -693.8370165737    102002.7029850788
849000     -6760.2866155228       110.0595096674      -693.7952661703    102002.7029850788
850000     -6760.2932901782       110.0581918732      -693.7803079208    102002.7029850788
851000     -6760.3131491388       110.0558991479      -693.8326696430    102002.7029850788
852000     -6760.3220240902       110.0547980140      -693.8675086005    102002.7029850788
853000     -6760.3579109261       110.0521298755      -693.8232718823    102002.7029850788
854000     -6760.3711271648       110.0510194381      -693.8281117630    102002.7029850788
855000     -6760.4009566788       110.0481311089      -693.7788186391    102002.7029850788
856000     -6760.3933888565       110.0487943467      -693.6952318502    102002.7029850788
857000     -6760.3770928291       110.0493368744      -693.5150128055    102002.7029850788
858000     -6760.3458739462       110.0516389013      -693.5060100049    102002.7029850788
859000     -6760.3364010764       110.0523234042      -693.3898432725    102002.7029850788
860000     -6760.3234966789       110.0531313444      -693.3424997650    102002.7029850788
861000     -6760.3047928010       110.0544378574      -693.2700470075    102002.7029850788
862000     -6760.2901860824       110.0554725456      -693.1835258014    102002.7029850788
863000     -6760.2781042876       110.0563351202      -693.1183276506    102002.7029850788
864000     -6760.2627171181       110.0577692863      -693.0428679531    102002.7029850788
865000     -6760.2555868852       110.0585433837      -693.0566622919    102002.7029850788
866000     -6760.2359701903       110.0607286649      -692.9569569351    102002.7029850788
867000     -6760.2475361597       110.0597676817      -692.9045626837    102002.7029850788
868000     -6760.2664656871       110.0580768277      -692.8721933203    102002.7029850788
869000     -6760.2662738008       110.0586370128      -692.7531044753    102002.7029850788
870000     -6760.2789273133       110.0579722565      -692.7552734212    102002.7029850787
871000     -6760.3252337035       110.0546353127      -692.7976312959    102002.7029850787
872000     -6760.3406361941       110.0532900400      -692.7334470242    102002.7029850787
873000     -6760.3430297548       110.0531254608      -692.7309361801    102002.7029850787
874000     -6760.3396589663       110.0529794728      -692.7218947221    102002.7029850787
875000     -6760.3200587448       110.0549436737      -692.7410418751    102002.7029850787
876000     -6760.3378103817       110.0535878700      -692.7217283444    102002.7029850787
877000     -6760.3390455720       110.0532408232      -692.6970393058    102002.7029850787
878000     -6760.3301177622       110.0540859496      -692.7146950121    102002.7029850787
879000     -6760.3323896941       110.0547299929      -692.6900183814    102002.7029850787
880000     -6760.3036258499       110.0575228709      -692.6756987437    102002.7029850787
881000     -6760.3096378239       110.0569819486      -692.7187275837    102002.7029850787
882000     -6760.3298928239       110.0551848460      -692.6416159577    102002.7029850787
883000     -6760.3450776134       110.0530534648      -692.5642505192    102002.7029850787
884000     -6760.3594117425       110.0523013030      -692.6867728782    102002.7029850787
885000     -6760.3853257666       110.0503803645      -692.7504372984    102002.7029850787
886000     -6760.3604324490       110.0519499457      -692.7342141727    102002.7029850787
887000     -6760.3630695961       110.0514169490      -692.7134790098    102002.7029850787
888000     -6760.3507753786       110.0519978087      -692.7877706746    102002.7029850787
889000     -6760.3446186822       110.0525335834      -692.7609941280    102002.7029850787
890000     -6760.3191317610       110.0547164275      -692.7488037708    102002.7029850787
891000     -6760.3132622529       110.0549515133      -692.8547153631    102002.7029850787
892000     -6760.3044825322       110.0552578127      -692.8600037008    102002.7029850787
893000     -6760.3285030523       110.0527540474      -692.8235356075    102002.7029850787
894000     -6760.3098183400       110.0542643016      -692.8013558753    102002.7029850787
895000     -6760.2856139235       110.0551996667      -692.8708770960    102002.7029850787
896000     -6760.2841548345       110.0558189492      -692.8558093690    102002.7029850787
897000     -6760.3192928197       110.0528667495      -692.8631817446    102002.7029850787
898000     -6760.3359231918       110.0511989755      -692.9827111269    102002.7029850787
899000     -6760.3507272905       110.0505572794      -693.0027133165    102002.7029850787
900000     -6760.3686900514       110.0489246933      -692.9774676450    102002.7029850787
901000     -6760.3846189074       110.0477314076      -692.9794285782    102002.7029850787
902000     -6760.3891204895       110.0470813862      -692.9818867431    102002.7029850787
903000     -6760.3905405301       110.0468660280      -692.9758254336    102002.7029850787
904000     -6760.4066178758       110.0452340280      -693.0506253102    102002.7029850787
905000     -6760.4255632788       110.0431021571      -693.0927427449    102002.7029850787
906000     -6760.4545320975       110.0407177356      -693.1353395472    102002.7029850787
907000     -6760.4691255794       110.0393871736      -693.1953366196    102002.7029850787
908000     -6760.4886806500       110.0379089339      -693.2545264716    102002.7029850787
909000     -6760.4959852282       110.0387537923      -693.3201063024    102002.7029850787
910000     -6760.4646623543       110.0417543602      -693.2489456513    102002.7029850787
911000     -6760.4583756177       110.0423498816      -693.2662234524    102002.7029850787
912000     -6760.4667835751       110.0419859932      -693.2270014056    102002.7029850787
913000     -6760.4534077758       110.0438048754      -693.0882535229    102002.7029850787
914000     -6760.4251339672       110.0458015945      -693.1925207691    102002.7029850787
915000     -6760.4319963576       110.0463642473      -693.0799198230    102002.7029850787
916000     -6760.4422899617       110.0454714346      -693.0595634120    102002.7029850787
917000     -6760.4505972242       110.0454503630      -693.0311727799    102002.7029850787
918000     -6760.4205324618       110.0483716341      -692.9566206800    102002.7029850787
919000     -6760.4385984041       110.0467120043      -692.9063446018    102002.7029850787
920000     -6760.4454480156       110.0468154195      -692.9036647332    102002.7029850787
921000     -6760.4178399892       110.0490454499      -692.9257720003    102002.7029850787
922000     -6760.4178502145       110.0495717642      -692.8532545242    102002.7029850787
923000     -6760.3966271705       110.0515501667      -692.8716239482    102002.7029850787
924000     -6760.3828482794       110.0521732315      -692.8017478249    102002.7029850787
925000     -6760.3582596806       110.0540835663      -692.8173068446    102002.7029850787
926000     -6760.3505824196       110.0550128742      -692.8159476347    102002.7029850787
927000     -6760.3382931928       110.0568736590      -692.8821566204    102002.7029850786
928000     -6760.3456193082       110.0564976690      -692.8577321537    102002.7029850786
929000     -6760.3733071884       110.0537932593      -692.8968981241    102002.7029850786
930000     -6760.3855857427       110.0524372045      -692.8135492206    102002.7029850786
931000     -6760.4126293797       110.0503476452      -692.8465958908    102002.7029850786
932000     -6760.4326438624       110.0487160110      -692.8735397294    102002.7029850786
933000     -6760.4305514423       110.0491719151      -692.9360285174    102002.7029850786
934000     -6760.4570466361       110.0473671438      -693.0543012313    102002.7029850786
935000     -6760.4702817517       110.0460574686      -693.1217599835    102002.7029850786
936000     -6760.4952561431       110.0440358222      -693.1074693155    102002.7029850786
937000     -6760.4845909912       110.0452519610      -693.1086087922    102002.7029850786
938000     -6760.4797037567       110.0465947501      -693.0190684663    102002.7029850786
939000     -6760.4644667820       110.0478434877      -693.1307029974    102002.7029850786
940000     -6760.4413431788       110.0505518551      -693.2093131154    102002.7029850786
941000     -6760.4457347708       110.0500792060      -693.1257252919    102002.7029850786
942000     -6760.4434095669       110.0498099970      -693.1475089356    102002.7029850786
943000     -6760.4417144487       110.0505496716      -693.1051045855    102002.7029850786
944000     -6760.4293870449       110.0512018736      -693.0733431964    102002.7029850786
945000     -6760.4356129077       110.0508499051      -693.0716711508    102002.7029850786
946000     -6760.4635649794       110.0482651645      -693.1728500828    102002.7029850786
947000     -6760.4819387129       110.0470509091      -693.2667547348    102002.7029850786
948000     -6760.5048293041       110.0453500519      -693.2640984962    102002.7029850786
949000     -6760.5079702417       110.0452720442      -693.2878218594    102002.7029850786
950000     -6760.5414508452       110.0430481583      -693.3376213028    102002.7029850786
951000     -6760.5562464664       110.0422889128      -693.3531235365    102002.7029850786
952000     -6760.5632027955       110.0420748628      -693.3772176225    102002.7029850786
953000     -6760.5757290123       110.0409278540      -693.4027461948    102002.7029850786
954000     -6760.6053847985       110.0390970205      -693.4490735198    102002.7029850786
955000     -6760.5968623771       110.0403251638      -693.4185895774    102002.7029850786
956000     -6760.5939302607       110.0410150581      -693.4553344485    102002.7029850786
957000     -6760.5969163561       110.0411388982      -693.4211719331    102002.7029850786
958000     -6760.5988371813       110.0411489278      -693.4886217398    102002.7029850786
959000     -6760.6007080917       110.0409006839      -693.5429028297    102002.7029850786
960000     -6760.5810113292       110.0425923581      -693.4948344060    102002.7029850786
961000     -6760.5721251996       110.0432591395      -693.4561570937    102002.7029850786
962000     -6760.5700853995       110.0429148453      -693.4602943283    102002.7029850786
963000     -6760.5845679102       110.0424210160      -693.4126171876    102002.7029850786
964000     -6760.5939643641       110.0423080875      -693.3669371139    102002.7029850786
965000     -6760.5926952243       110.0426841313      -693.4353874024    102002.7029850786
966000     -6760.6021980323       110.0424136921      -693.5232177083    102002.7029850786
967000     -6760.5946659284       110.0436901934      -693.5124324554    102002.7029850786
968000     -6760.5947246380       110.0446753249      -693.5009490713    102002.7029850786
969000     -6760.6108646799       110.0431682308      -693.5975613790    102002.7029850786
970000     -6760.6303316117       110.0414401369      -693.5886983932    102002.7029850786
971000     -6760.6636825563       110.0386880995      -693.5485310333    102002.7029850786
972000     -6760.6738781019       110.0377790537      -693.5405896697    102002.7029850786
973000     -6760.6409003447       110.0402132336      -693.5645393646    102002.7029850786
974000     -6760.6355565225       110.0413117446      -693.4308218943    102002.7029850786
975000     -6760.6384726917       110.0411895441      -693.3377891230    102002.7029850786
976000     -6760.6270912259       110.0421451631      -693.3201238752    102002.7029850786
977000     -6760.6113528058       110.0436649656      -693.3123790077    102002.7029850786
978000     -6760.6034858481       110.0445092964      -693.2798718213    102002.7029850786
979000     -6760.5782368794       110.0469572121      -693.2749429368    102002.7029850786
980000     -6760.5714829281       110.0478560924      -693.2089720672    102002.7029850786
981000     -6760.5715820086       110.0479476042      -693.1695945138    102002.7029850786
982000     -6760.5856236793       110.0466502087      -693.1282331191    102002.7029850786
983000     -6760.5642293263       110.0483930476      -693.0634930338    102002.7029850786
984000     -6760.5745477199       110.0475350407      -693.0441078575    102002.7029850786
985000     -6760.5839284384       110.0463824719      -693.1151536627    102002.7029850786
986000     -6760.6052112641       110.0447657464      -693.0196230442    102002.7029850786
987000     -6760.6124342701       110.0447527124      -692.9797081375    102002.7029850786
988000     -6760.6076749725       110.0446837529      -693.0261067248    102002.7029850786
989000     -6760.6206458307       110.0432825682      -692.9899621067    102002.7029850786
990000     -6760.6124977212       110.0442439190      -692.8668329461    102002.7029850786
991000     -6760.6060716330       110.0445730345      -692.8710262758    102002.7029850786
992000     -6760.6069390821       110.0445109974      -692.8722129416    102002.7029850786
993000     -6760.5996772178       110.0455200446      -692.8269134539    102002.7029850786
994000     -6760.5975906568       110.0458138687      -692.8815505044    102002.7029850786
995000     -6760.6023728087       110.0457714832      -692.7927190925    102002.7029850786
996000     -6760.6044846897       110.0451700724      -692.7161273877    102002.7029850786
997000     -6760.6261735777       110.0426137288      -692.6910045818    102002.7029850786
998000     -6760.6319434069       110.0420710827      -692.6170260729    102002.7029850786
999000     -6760.6261154854       110.0431975460      -692.6353719965    102002.7029850786
1000000     -6760.6301012660       110.0435229329      -692.6862010679    102002.7029850786
