# Time-averaged data for fix runningavgs
# TimeStep v_ra_etotal v_ra_temp v_ra_press v_ra_volume
502000     -6464.9412873167       128.8654589391      -725.6902623533    102002.7029850792
503000     -6460.3511126132       129.2977793911      -714.6375424182    102002.7029850792
504000     -6456.7638507699       129.6891379804      -712.2698956052    102002.7029850792
505000     -6459.4754291518       129.4094761455      -714.5325621863    102002.7029850792
506000     -6458.9754000418       129.4494969274      -713.6666904111    102002.7029850792
507000     -6455.8208851775       129.7558098712      -715.1607167183    102002.7029850792
508000     -6454.5888603904       129.8707982246      -718.1688292130    102002.7029850792
509000     -6454.3878422463       129.9018015503      -715.4088032857    102002.7029850792
510000     -6454.6273356576       129.8647289280      -715.7000625535    102002.7029850792
511000     -6454.2459331987       129.8915049183      -713.5951438023    102002.7029850792
512000     -6453.5463815555       129.9599694584      -713.0233590000    102002.7029850792
513000     -6452.8411300424       130.0196270158      -712.7483058526    102002.7029850792
514000     -6452.6009062995       130.0426321058      -713.3931319599    102002.7029850792
515000     -6451.7887256998       130.1145273215      -714.9821976617    102002.7029850792
516000     -6451.1814064446       130.1674339823      -714.4835661329    102002.7029850792
517000     -6451.9223363362       130.1016664967      -713.7493341047    102002.7029850792
518000     -6452.3218960324       130.0545608489      -715.3270367164    102002.7029850792
519000     -6452.9161035764       130.0010651367      -714.6736121475    102002.7029850792
520000     -6453.3368688867       129.9590852462      -713.8288824188    102002.7029850792
521000     -6452.2461915816       130.0555999863      -712.8622620812    102002.7029850792
522000     -6452.5463239141       130.0308867897      -710.7778221414    102002.7029850792
523000     -6452.5801712841       130.0268994391      -709.1632306727    102002.7029850792
524000     -6452.9226818177       129.9908961453      -709.2175570116    102002.7029850792
525000     -6452.9982428590       129.9828848804      -708.4173683437    102002.7029850792
526000     -6453.0816337651       129.9690096168      -708.2180796682    102002.7029850792
527000     -6452.5230109755       130.0232836897      -708.6490296849    102002.7029850792
528000     -6452.3513007049       130.0371371612      -708.8759671067    102002.7029850792
529000     -6452.1080633638       130.0640589034      -708.7869094961    102002.7029850792
530000     -6451.8860077638       130.0827338101      -708.3883128178    102002.7029850792
531000     -6451.5772681359       130.1086138004      -708.6765121822    102002.7029850792
532000     -6451.4729512623       130.1186464259      -708.5286336608    102002.7029850792
533000     -6451.5103200976       130.1133753014      -708.2566861240    102002.7029850792
534000     -6451.4731238251       130.1160890301      -708.8515406580    102002.7029850792
535000     -6451.7568339853       130.0899546825      -708.8518356541    102002.7029850792
536000     -6451.7782556543       130.0853662392      -708.7416322718    102002.7029850792
537000     -6451.5859360339       130.1064442348      -708.9140804953    102002.7029850792
538000     -6451.2763350930       130.1360318330      -709.1806820364    102002.7029850792
539000     -6451.2778576512       130.1349565515      -709.4691929395    102002.7029850791
540000     -6451.2797919207       130.1381564823      -709.0243692346    102002.7029850791
541000     -6451.3607947263       130.1282075688      -709.2868396768    102002.7029850791
542000     -6451.4505545270       130.1214350799      -708.8229104937    102002.7029850791
543000     -6451.5259163604       130.1140337717      -708.7147951450    102002.7029850791
544000     -6451.5021045839       130.1194461500      -709.3911453868    102002.7029850791
545000     -6451.4398590381       130.1266789290      -709.3770756232    102002.7029850791
546000     -6451.2321097707       130.1484467780      -708.5888010348    102002.7029850791
547000     -6451.2798813879       130.1434704189      -708.2008226440    102002.7029850791
548000     -6451.3914541684       130.1333547846      -708.1276675586    102002.7029850791
549000     -6451.6823384844       130.1043776462      -707.5745545450    102002.7029850791
550000     -6451.7381767611       130.0979942088      -707.5103820984    102002.7029850791
551000     -6451.5474057189       130.1170473506      -707.7298516706    102002.7029850791
552000     -6451.4697076117       130.1240677272      -707.7491663813    102002.7029850791
553000     -6451.2637847262       130.1437251609      -707.1703327240    102002.7029850791
554000     -6451.1957880450       130.1490275833      -707.5034146971    102002.7029850791
555000     -6451.1770278502       130.1515718912      -707.5833092406    102002.7029850791
556000     -6451.4695173810       130.1252323583      -707.8415243653    102002.7029850791
557000     -6451.4918687113       130.1240568119      -708.0133147360    102002.7029850791
558000     -6451.6905319840       130.1050315437      -707.8959868491    102002.7029850791
559000     -6451.8099643928       130.0910367391      -707.7583763659    102002.7029850791
560000     -6451.8911857558       130.0829385682      -707.5278774530    102002.7029850791
561000     -6451.9680009514       130.0757581328      -707.5874564984    102002.7029850791
562000     -6452.0436086586       130.0665395802      -707.4895461640    102002.7029850791
563000     -6452.1284258338       130.0576476809      -707.6179796728    102002.7029850791
564000     -6452.0566982150       130.0645870628      -707.3330343259    102002.7029850791
565000     -6451.8604154367       130.0831334477      -707.0633374216    102002.7029850791
566000     -6451.8216030012       130.0850407451      -706.9627799169    102002.7029850791
567000     -6451.7379316118       130.0940801044      -707.0224106293    102002.7029850791
568000     -6451.7023796698       130.0961543059      -706.9454438307    102002.7029850791
569000     -6451.5379686272       130.1097015674      -706.8932248215    102002.7029850791
570000     -6451.4517459872       130.1176515410      -707.1717731023    102002.7029850791
571000     -6451.4369793485       130.1202352473      -706.8515701793    102002.7029850791
572000     -6451.1742367310       130.1421836764      -706.8445772587    102002.7029850791
573000     -6451.0563253319       130.1516704345      -706.7830733614    102002.7029850791
574000     -6451.0558215457       130.1491737458      -706.8971469645    102002.7029850791
575000     -6450.9194742883       130.1610418066      -706.7446715468    102002.7029850791
576000     -6450.9520395510       130.1553357702      -706.5529937979    102002.7029850791
577000     -6450.9919286093       130.1516193139      -706.7038441944    102002.7029850791
578000     -6451.0432873691       130.1471171954      -706.2030853574    102002.7029850791
579000     -6451.2514418463       130.1268696851      -706.0735305541    102002.7029850791
580000     -6451.2196538129       130.1293262448      -706.4258801350    102002.7029850791
581000     -6451.2788300405       130.1225197145      -706.7748911769    102002.7029850791
582000     -6451.3747158235       130.1137177031      -706.9088563605    102002.7029850791
583000     -6451.3917277656       130.1123515484      -707.1545061402    102002.7029850791
584000     -6451.4216287260       130.1099212460      -707.3268799018    102002.7029850791
585000     -6451.4634506201       130.1043494002      -707.4535033953    102002.7029850791
586000     -6451.3303688195       130.1173565418      -707.6728792396    102002.7029850791
587000     -6451.2532479537       130.1248953762      -707.8219954045    102002.7029850791
588000     -6451.1892405096       130.1306357183      -708.1502553414    102002.7029850791
589000     -6451.1178031113       130.1394147467      -708.1949609531    102002.7029850791
590000     -6451.0658854156       130.1433721714      -708.4247760124    102002.7029850791
591000     -6451.0237436434       130.1473866074      -708.4293245328    102002.7029850792
592000     -6451.1142693813       130.1395440564      -708.7945272382    102002.7029850792
593000     -6451.0062390825       130.1507424081      -709.1460740536    102002.7029850792
594000     -6451.0049270838       130.1518354265      -709.1302668803    102002.7029850792
595000     -6451.1008447446       130.1441468864      -709.1831072683    102002.7029850792
596000     -6451.1562686410       130.1396508928      -709.1776707164    102002.7029850792
597000     -6451.2294860348       130.1329231566      -709.1738792889    102002.7029850792
598000     -6451.2259404561       130.1335139442      -709.2040345093    102002.7029850792
599000     -6451.2102162546       130.1341733032      -709.7247179592    102002.7029850792
600000     -6451.0979529778       130.1467337316      -709.7102327866    102002.7029850792
601000     -6451.0420865016       130.1514358961      -710.1463040963    102002.7029850792
602000     -6451.0583740298       130.1497054153      -710.2163484212    102002.7029850792
603000     -6451.1174727243       130.1447051072      -710.4527747063    102002.7029850792
604000     -6451.2325392767       130.1332810406      -710.7573992141    102002.7029850793
605000     -6451.3261171729       130.1237267384      -710.8461486659    102002.7029850793
606000     -6451.3288351852       130.1231123791      -711.0815297289    102002.7029850793
607000     -6451.3053144522       130.1253171168      -710.8192110001    102002.7029850793
608000     -6451.2320325836       130.1314663252      -710.8038460426    102002.7029850793
609000     -6451.1567756694       130.1389852120      -710.8068540622    102002.7029850793
610000     -6451.1774832871       130.1368335578      -711.0778523173    102002.7029850793
611000     -6451.3045459128       130.1240339736      -711.1930215677    102002.7029850793
612000     -6451.3829045867       130.1173442097      -711.4185908525    102002.7029850793
613000     -6451.5159416322       130.1052650964      -711.4036492776    102002.7029850793
614000     -6451.5550906618       130.1015595611      -711.3637795880    102002.7029850793
615000     -6451.4877772001       130.1084272116      -711.2074884903    102002.7029850793
616000     -6451.4929003663       130.1076309759      -711.4903920946    102002.7029850793
617000     -6451.5379917291       130.1034047885      -711.6210331285    102002.7029850793
618000     -6451.6786549477       130.0905913422      -711.6278219799    102002.7029850793
619000     -6451.7202887582       130.0865125176      -711.7328343995    102002.7029850793
620000     -6451.7227093173       130.0860000001      -711.7290897290    102002.7029850793
621000     -6451.7497563099       130.0831266192      -712.0088278389    102002.7029850793
622000     -6451.7318353472       130.0858888943      -712.1643285403    102002.7029850794
623000     -6451.7002571121       130.0898564052      -712.5887278716    102002.7029850794
624000     -6451.6163047141       130.0970219503      -712.8545654778    102002.7029850794
625000     -6451.6403220952       130.0954026481      -713.0607801106    102002.7029850794
626000     -6451.7301046894       130.0874821587      -713.1931678151    102002.7029850794
627000     -6451.7180555167       130.0896216688      -713.1382948314    102002.7029850794
628000     -6451.6356581613       130.0976364914      -713.4567796967    102002.7029850794
629000     -6451.7089373350       130.0899258783      -713.9008423970    102002.7029850794
630000     -6451.7980129372       130.0825485297      -713.9344034672    102002.7029850794
631000     -6451.8591397071       130.0767845733      -714.2196876142    102002.7029850794
632000     -6451.7958178979       130.0823462896      -714.6030888377    102002.7029850794
633000     -6451.7968140323       130.0833362416      -714.7406087638    102002.7029850794
634000     -6451.8282438389       130.0808800778      -715.0317373190    102002.7029850794
635000     -6451.8696725867       130.0763188319      -715.4226926309    102002.7029850794
636000     -6451.8540101374       130.0786495144      -715.6402903181    102002.7029850794
637000     -6451.7638271802       130.0873438124      -715.7789005144    102002.7029850794
638000     -6451.7887558840       130.0854504321      -715.8499583359    102002.7029850794
639000     -6451.8388136729       130.0812218643      -716.0322069121    102002.7029850794
640000     -6451.8568394393       130.0789529515      -716.4726509006    102002.7029850794
641000     -6451.9815535058       130.0677906397      -716.6307879797    102002.7029850794
642000     -6451.9932209166       130.0672563095      -716.9087146060    102002.7029850794
643000     -6451.9410376902       130.0717083491      -716.9888401538    102002.7029850794
644000     -6451.9396728479       130.0723237122      -717.0992719931    102002.7029850794
645000     -6451.9814405389       130.0688538054      -717.2247107336    102002.7029850794
646000     -6451.9673632333       130.0695655034      -717.4290659353    102002.7029850795
647000     -6451.9000829368       130.0763879010      -717.6964266273    102002.7029850795
648000     -6451.9337246648       130.0742983063      -717.7294189095    102002.7029850795
649000     -6451.8821073110       130.0787680581      -717.7957903275    102002.7029850795
650000     -6451.8330998022       130.0830912463      -717.8373610211    102002.7029850795
651000     -6451.7581175188       130.0903069267      -717.9897102867    102002.7029850795
652000     -6451.7505366270       130.0914678821      -718.1474548377    102002.7029850795
653000     -6451.7613815280       130.0906952283      -718.4242854190    102002.7029850795
654000     -6451.7935101816       130.0877854953      -718.4922012172    102002.7029850795
655000     -6451.8402655738       130.0829181483      -718.6744833108    102002.7029850795
656000     -6451.8756283978       130.0801245230      -718.7848983624    102002.7029850795
657000     -6451.8753526788       130.0802507634      -718.7690459741    102002.7029850795
658000     -6451.7869329878       130.0869303600      -719.0822937854    102002.7029850795
659000     -6451.7847713400       130.0877121300      -719.1719044613    102002.7029850795
660000     -6451.8520037698       130.0817354619      -719.1463681302    102002.7029850795
661000     -6451.8980003738       130.0778323478      -719.3382652846    102002.7029850795
662000     -6451.8987702136       130.0776852818      -719.3910214597    102002.7029850795
663000     -6451.8202266734       130.0855207925      -719.6671102494    102002.7029850795
664000     -6451.7890573021       130.0888013132      -719.9608557622    102002.7029850795
665000     -6451.8893563748       130.0793999846      -719.9689930310    102002.7029850795
666000     -6451.8917604548       130.0787902274      -720.0089385482    102002.7029850795
667000     -6451.8952341087       130.0775545788      -720.0794033421    102002.7029850795
668000     -6451.8564700962       130.0816910112      -720.0012247196    102002.7029850795
669000     -6451.8136412779       130.0857471680      -720.0848224475    102002.7029850795
670000     -6451.8171839726       130.0864154048      -720.1699929648    102002.7029850795
671000     -6451.8515242480       130.0837200907      -720.1728221569    102002.7029850795
672000     -6451.8908981008       130.0800864050      -720.2624860225    102002.7029850795
673000     -6451.8929181460       130.0803000725      -720.1817315742    102002.7029850795
674000     -6451.8805224187       130.0822464553      -720.1859079450    102002.7029850794
675000     -6451.9407090561       130.0763993178      -720.1723449420    102002.7029850794
676000     -6451.9686186935       130.0732534663      -720.3562127170    102002.7029850794
677000     -6452.0037374275       130.0700487190      -720.5979842168    102002.7029850794
678000     -6452.0306632115       130.0676490308      -720.6468546899    102002.7029850794
679000     -6452.0157329647       130.0692375904      -720.7313163401    102002.7029850794
680000     -6451.9811539431       130.0729279989      -720.7099938794    102002.7029850794
681000     -6451.9631355021       130.0757804125      -720.7110778202    102002.7029850794
682000     -6451.9911389101       130.0726562322      -720.8790514435    102002.7029850794
683000     -6451.9790703358       130.0735368220      -721.0388501867    102002.7029850794
684000     -6451.9139912468       130.0799921439      -721.1181327144    102002.7029850794
685000     -6451.9170037443       130.0798842111      -721.0513361542    102002.7029850794
686000     -6451.8934009012       130.0816154304      -721.0377242447    102002.7029850794
687000     -6451.8102148218       130.0899116469      -720.9758431934    102002.7029850794
688000     -6451.8015891119       130.0912106176      -720.9276430916    102002.7029850793
689000     -6451.7798154194       130.0936604974      -720.9974953448    102002.7029850793
690000     -6451.8414854176       130.0872606360      -720.9442001631    102002.7029850793
691000     -6451.8105989039       130.0898330614      -720.9841675054    102002.7029850793
692000     -6451.7991908339       130.0915117617      -721.0039676623    102002.7029850793
693000     -6451.7408394971       130.0969472100      -720.9028020211    102002.7029850793
694000     -6451.7170473856       130.0988437985      -720.9254753126    102002.7029850793
695000     -6451.7282925444       130.0979576139      -721.0312655123    102002.7029850793
696000     -6451.6898574813       130.1020779081      -721.0624102071    102002.7029850793
697000     -6451.6470049112       130.1060153107      -721.1276542060    102002.7029850793
698000     -6451.6155372039       130.1086283790      -721.0783528428    102002.7029850793
699000     -6451.5960115165       130.1103244493      -721.0460304526    102002.7029850793
700000     -6451.5529387335       130.1150734568      -721.0798918001    102002.7029850793
701000     -6451.5214445599       130.1181296942      -721.1326887222    102002.7029850793
702000     -6451.4621224516       130.1229028463      -721.1823663693    102002.7029850793
703000     -6451.4648465475       130.1224461463      -721.1322488681    102002.7029850793
704000     -6451.5502890653       130.1146775299      -720.9270395897    102002.7029850792
705000     -6451.5683225478       130.1134114963      -720.8016807329    102002.7029850792
706000     -6451.5903430030       130.1102419374      -720.7861601664    102002.7029850792
707000     -6451.6508997929       130.1040499872      -720.8560095286    102002.7029850792
708000     -6451.6814336992       130.1015999091      -720.8363913872    102002.7029850792
709000     -6451.7280053816       130.0969105520      -720.8426994678    102002.7029850792
710000     -6451.6856483094       130.1009065639      -720.8794385712    102002.7029850792
711000     -6451.6347793111       130.1059404461      -720.9168948268    102002.7029850792
712000     -6451.6424065906       130.1054696933      -720.9654005058    102002.7029850792
713000     -6451.6487093147       130.1049777844      -721.0796627926    102002.7029850792
714000     -6451.5988054195       130.1098572948      -721.2088042124    102002.7029850792
715000     -6451.5716636112       130.1121084155      -721.2150863590    102002.7029850792
716000     -6451.5619079916       130.1129723791      -721.1896039901    102002.7029850792
717000     -6451.5603231521       130.1128236840      -721.2100362522    102002.7029850792
718000     -6451.6127890575       130.1080478330      -721.1967989395    102002.7029850792
719000     -6451.6672207249       130.1029001916      -721.2994373746    102002.7029850792
720000     -6451.6930047081       130.1001458870      -721.4303771481    102002.7029850792
721000     -6451.7246075505       130.0973537773      -721.4356260911    102002.7029850792
722000     -6451.6743193866       130.1024497838      -721.4902988169    102002.7029850792
723000     -6451.6439063359       130.1052609953      -721.4011814420    102002.7029850792
724000     -6451.6579600924       130.1040984756      -721.3576799814    102002.7029850791
725000     -6451.6896086829       130.1004112552      -721.5569371243    102002.7029850791
726000     -6451.6818251033       130.1011646537      -721.5086101805    102002.7029850791
727000     -6451.6689505220       130.1026633896      -721.5236174688    102002.7029850791
728000     -6451.6320700431       130.1054485756      -721.5426341075    102002.7029850791
729000     -6451.6565611457       130.1035760011      -721.3546530542    102002.7029850791
730000     -6451.7162686074       130.0978165633      -721.3650705189    102002.7029850791
731000     -6451.7398341589       130.0957796423      -721.4498080433    102002.7029850791
732000     -6451.7732534460       130.0927880096      -721.4246811061    102002.7029850791
733000     -6451.8202348063       130.0885882144      -721.4999935293    102002.7029850791
734000     -6451.8515244185       130.0856592141      -721.4306882370    102002.7029850791
735000     -6451.8548009086       130.0850470047      -721.4408815822    102002.7029850791
736000     -6451.8369557536       130.0866497746      -721.4404812656    102002.7029850791
737000     -6451.8787515194       130.0826253179      -721.5403503361    102002.7029850791
738000     -6451.9134302085       130.0791064325      -721.6647462772    102002.7029850791
739000     -6451.8800430274       130.0826111591      -721.6421865004    102002.7029850791
740000     -6451.8345769288       130.0862183385      -721.6752508818    102002.7029850791
741000     -6451.8748878880       130.0821493561      -721.7576562484    102002.7029850791
742000     -6451.8909920340       130.0804372655      -721.7459573844    102002.7029850791
743000     -6451.8555375425       130.0843159650      -721.8715245439    102002.7029850791
744000     -6451.8041311861       130.0892136887      -722.0333588774    102002.7029850791
745000     -6451.8093940980       130.0885158630      -722.0713079933    102002.7029850791
746000     -6451.8248971482       130.0874467410      -722.1068952177    102002.7029850791
747000     -6451.8400068721       130.0865855150      -722.2141320551    102002.7029850791
748000     -6451.7884585548       130.0914602419      -722.3995850674    102002.7029850790
749000     -6451.7798927825       130.0923649600      -722.6647758476    102002.7029850790
750000     -6451.7273522181       130.0981670670      -722.8802996680    102002.7029850790
751000     -6451.7033457079       130.1006340392      -723.1001236341    102002.7029850790
752000     -6451.6791307835       130.1033316381      -723.1860927423    102002.7029850790
753000     -6451.6375839925       130.1076679048      -723.2910638073    102002.7029850790
754000     -6451.5842989069       130.1124330070      -723.4605355713    102002.7029850790
755000     -6451.5944354848       130.1117386799      -723.5297102415    102002.7029850790
756000     -6451.6335444407       130.1081030627      -723.5559719033    102002.7029850790
757000     -6451.6871118303       130.1029212621      -723.5525880140    102002.7029850790
758000     -6451.6851334887       130.1030778099      -723.6121202727    102002.7029850790
759000     -6451.6954498806       130.1014889310      -723.5738273899    102002.7029850790
760000     -6451.6815989062       130.1031774425      -723.5720269513    102002.7029850790
761000     -6451.6480630801       130.1060788398      -723.7104106186    102002.7029850790
762000     -6451.6582417313       130.1051255986      -723.6556843752    102002.7029850790
763000     -6451.6880796330       130.1026179178      -723.5475728940    102002.7029850790
764000     -6451.7146896288       130.0999333087      -723.5064266537    102002.7029850790
765000     -6451.7235646387       130.0996212576      -723.3577648535    102002.7029850790
766000     -6451.6771973664       130.1039360920      -723.3752168866    102002.7029850790
767000     -6451.6385139313       130.1077541096      -723.5368698796    102002.7029850790
768000     -6451.6324993600       130.1087195066      -723.4741954574    102002.7029850790
769000     -6451.6710460745       130.1049230158      -723.4286086601    102002.7029850790
770000     -6451.6979825786       130.1024726694      -723.3355984345    102002.7029850790
771000     -6451.7271687543       130.1000816490      -723.3260539211    102002.7029850790
772000     -6451.7332326945       130.0990611490      -723.4097406511    102002.7029850790
773000     -6451.7407444497       130.0985566134      -723.3604797709    102002.7029850790
774000     -6451.7805967516       130.0952680604      -723.3378057875    102002.7029850790
775000     -6451.7874433245       130.0941513547      -723.3074823298    102002.7029850790
776000     -6451.7976546102       130.0933832088      -723.1285979530    102002.7029850790
777000     -6451.7789454802       130.0949570723      -723.1572375772    102002.7029850789
778000     -6451.8040137761       130.0925027306      -723.1638846118    102002.7029850789
779000     -6451.7973737800       130.0930567594      -723.1956268277    102002.7029850789
780000     -6451.7983585137       130.0931681319      -723.2855173447    102002.7029850789
781000     -6451.8515312708       130.0880866110      -723.2689915097    102002.7029850789
782000     -6451.8640311084       130.0868791271      -723.2610341804    102002.7029850789
783000     -6451.8207648294       130.0908882040      -723.2660578847    102002.7029850789
784000     -6451.8100133210       130.0918442903      -723.3399844316    102002.7029850789
785000     -6451.8066299416       130.0921103674      -723.3806936934    102002.7029850789
786000     -6451.7668496340       130.0959463464      -723.3869850949    102002.7029850789
787000     -6451.7785388812       130.0945873149      -723.4061358837    102002.7029850789
788000     -6451.8024178392       130.0925416088      -723.4412131339    102002.7029850789
789000     -6451.8530285708       130.0883864661      -723.4385275958    102002.7029850789
790000     -6451.8775226320       130.0857343073      -723.5398273440    102002.7029850789
791000     -6451.8982312156       130.0841553711      -723.6026143443    102002.7029850789
792000     -6451.9220785889       130.0820138468      -723.5617913524    102002.7029850789
793000     -6451.9254293395       130.0815027538      -723.4877580990    102002.7029850789
794000     -6451.9024502135       130.0841227057      -723.4547865263    102002.7029850789
795000     -6451.9317732610       130.0809540520      -723.4532904540    102002.7029850789
796000     -6451.9645182115       130.0777573184      -723.4759911921    102002.7029850789
797000     -6451.9825537876       130.0763630047      -723.4796717412    102002.7029850789
798000     -6452.0237697635       130.0718772260      -723.4206159142    102002.7029850789
799000     -6452.0276272136       130.0712697143      -723.4436789147    102002.7029850789
800000     -6452.0183145442       130.0725075285      -723.3668178668    102002.7029850789
801000     -6451.9872262611       130.0753568669      -723.2843075649    102002.7029850789
802000     -6451.9882823374       130.0750038809      -723.3214148484    102002.7029850789
803000     -6451.9635507367       130.0775774621      -723.2895119857    102002.7029850789
804000     -6451.9307329705       130.0812208949      -723.2052257960    102002.7029850789
805000     -6451.9089989717       130.0829232687      -723.2499009522    102002.7029850789
806000     -6451.8736752661       130.0860393072      -723.1854431892    102002.7029850789
807000     -6451.8739649556       130.0860449184      -723.2077330829    102002.7029850789
808000     -6451.9159219462       130.0820257016      -723.3484432151    102002.7029850789
809000     -6451.9064024513       130.0829884611      -723.3903462777    102002.7029850789
810000     -6451.9392513096       130.0795672395      -723.4442387254    102002.7029850789
811000     -6451.9491759285       130.0786396108      -723.4745095035    102002.7029850789
812000     -6451.9568757687       130.0778713447      -723.3851555629    102002.7029850789
813000     -6451.9140473159       130.0819220512      -723.5059983740    102002.7029850789
814000     -6451.9282391993       130.0806653305      -723.5593553308    102002.7029850789
815000     -6451.9610780653       130.0773588520      -723.5708252872    102002.7029850788
816000     -6451.9592674665       130.0779248750      -723.5733321425    102002.7029850788
817000     -6451.9370352120       130.0796275878      -723.5340396611    102002.7029850788
818000     -6451.9109541880       130.0824190221      -723.5228409383    102002.7029850788
819000     -6451.8789297860       130.0854375126      -723.6677455831    102002.7029850788
820000     -6451.8852769082       130.0848617971      -723.6881250836    102002.7029850788
821000     -6451.8797803871       130.0855069565      -723.7328161685    102002.7029850788
822000     -6451.9008261899       130.0835751252      -723.8075390624    102002.7029850788
823000     -6451.9295361735       130.0808408507      -723.7509171664    102002.7029850788
824000     -6451.9198346396       130.0821211362      -723.8029002049    102002.7029850788
825000     -6451.9650420170       130.0777972211      -723.8854175548    102002.7029850788
826000     -6451.9626731956       130.0779856895      -723.9670460418    102002.7029850788
827000     -6451.9815873814       130.0761686299      -724.0242597406    102002.7029850788
828000     -6451.9964234634       130.0748011859      -724.0233610001    102002.7029850788
829000     -6451.9809070721       130.0762884841      -724.0373290682    102002.7029850788
830000     -6451.9713853124       130.0774236775      -723.9843536303    102002.7029850788
831000     -6451.9453646193       130.0798129235      -724.0268011923    102002.7029850788
832000     -6451.9826996236       130.0766244435      -724.1389712820    102002.7029850788
833000     -6452.0153900697       130.0736858838      -724.1580613011    102002.7029850788
834000     -6452.0284130640       130.0722421458      -724.1690989823    102002.7029850788
835000     -6452.0472217116       130.0708580062      -724.2434615839    102002.7029850788
836000     -6452.0315006368       130.0729515630      -724.2611858322    102002.7029850788
837000     -6452.0261410269       130.0732910581      -724.3136570484    102002.7029850788
838000     -6451.9848084288       130.0774151737      -724.4378613230    102002.7029850788
839000     -6452.0033148654       130.0760890985      -724.5328377169    102002.7029850788
840000     -6451.9737526562       130.0792230461      -724.5420982703    102002.7029850788
841000     -6451.9679667687       130.0796402508      -724.5705918443    102002.7029850788
842000     -6451.9669006156       130.0799034716      -724.5668934443    102002.7029850788
843000     -6452.0034471259       130.0766007159      -724.5954867074    102002.7029850788
844000     -6452.0065240855       130.0765279851      -724.6148307160    102002.7029850788
845000     -6452.0091319081       130.0760094032      -724.6443509684    102002.7029850788
846000     -6451.9756214906       130.0792167843      -724.7551142342    102002.7029850788
847000     -6451.9823610811       130.0789206000      -724.6431669053    102002.7029850788
848000     -6451.9696280079       130.0800337106      -724.6052333089    102002.7029850788
849000     -6452.0176544497       130.0755196199      -724.7093497217    102002.7029850788
850000     -6452.0000117961       130.0774901761      -724.6969247281    102002.7029850788
851000     -6451.9883985100       130.0786974111      -724.7302689254    102002.7029850788
852000     -6451.9985081298       130.0774566417      -724.7418989443    102002.7029850788
853000     -6452.0171582838       130.0751357169      -724.7484984272    102002.7029850788
854000     -6452.0357231866       130.0736781400      -724.7346216729    102002.7029850788
855000     -6452.0317855290       130.0736539668      -724.8266110783    102002.7029850788
856000     -6452.0130359573       130.0752898190      -724.9234893047    102002.7029850788
857000     -6451.9931877866       130.0773554083      -724.9596989615    102002.7029850788
858000     -6451.9966936954       130.0768200284      -724.9610907481    102002.7029850788
859000     -6451.9793739310       130.0783556705      -724.8535084966    102002.7029850788
860000     -6451.9821006849       130.0779678117      -724.8469158263    102002.7029850788
861000     -6451.9873306173       130.0774812120      -724.8150962595    102002.7029850788
862000     -6452.0062267933       130.0756364113      -724.7396008508    102002.7029850788
863000     -6451.9761189600       130.0782886790      -724.7251980667    102002.7029850788
864000     -6451.9799731953       130.0781396350      -724.6379960333    102002.7029850788
865000     -6452.0095234842       130.0750999101      -724.6000951714    102002.7029850788
866000     -6452.0279479798       130.0730656703      -724.5811703578    102002.7029850788
867000     -6452.0269906843       130.0732868927      -724.5367840601    102002.7029850788
868000     -6452.0173212783       130.0743266908      -724.5444809290    102002.7029850788
869000     -6451.9824736453       130.0774995090      -724.5322889080    102002.7029850788
870000     -6451.9721664694       130.0782641513      -724.5498782547    102002.7029850787
871000     -6451.9931717163       130.0767889785      -724.5416398452    102002.7029850787
872000     -6452.0192353473       130.0744359171      -724.4813890103    102002.7029850787
873000     -6452.0485165513       130.0714388025      -724.5400480852    102002.7029850787
874000     -6452.0589017979       130.0705461919      -724.5885481486    102002.7029850787
875000     -6452.0592915672       130.0706274644      -724.6263240693    102002.7029850787
876000     -6452.0731231993       130.0695328838      -724.6564538906    102002.7029850787
877000     -6452.0734046954       130.0690392617      -724.7042918902    102002.7029850787
878000     -6452.0535379116       130.0709975199      -724.7065055880    102002.7029850787
879000     -6452.0529484579       130.0711467043      -724.7125673205    102002.7029850787
880000     -6452.0296625463       130.0733268376      -724.8013511933    102002.7029850787
881000     -6452.0333015938       130.0724721227      -724.8537762689    102002.7029850787
882000     -6452.0584297900       130.0698126763      -724.8597299920    102002.7029850787
883000     -6452.0946277002       130.0667594538      -724.7784849996    102002.7029850787
884000     -6452.1104970348       130.0648237384      -724.7986975888    102002.7029850787
885000     -6452.1453733702       130.0612014277      -724.8222372278    102002.7029850787
886000     -6452.1612195704       130.0599620027      -724.8231593853    102002.7029850787
887000     -6452.1615545226       130.0596322583      -724.8924750204    102002.7029850787
888000     -6452.1522490526       130.0606560498      -724.8768902195    102002.7029850787
889000     -6452.1128691098       130.0644563604      -724.8436697494    102002.7029850787
890000     -6452.1176359782       130.0637972119      -724.8983579018    102002.7029850787
891000     -6452.1150001771       130.0642117709      -724.9727727069    102002.7029850787
892000     -6452.1549928317       130.0604338561      -724.9977932535    102002.7029850787
893000     -6452.1511272785       130.0609231730      -724.9731892989    102002.7029850787
894000     -6452.1580408716       130.0600284214      -725.0580325005    102002.7029850787
895000     -6452.1437699805       130.0615256877      -725.0600641027    102002.7029850787
896000     -6452.1225537234       130.0636675709      -725.1143895661    102002.7029850787
897000     -6452.0960304239       130.0661967653      -725.2500606824    102002.7029850787
898000     -6452.1024057005       130.0656893840      -725.2402793583    102002.7029850787
899000     -6452.0927053575       130.0664538196      -725.3609047944    102002.7029850787
900000     -6452.0553218993       130.0701464256      -725.3879467500    102002.7029850787
901000     -6452.0370607555       130.0720716239      -725.3573282018    102002.7029850787
902000     -6452.0170874050       130.0734948035      -725.4602435705    102002.7029850787
903000     -6452.0307559311       130.0722690696      -725.5168141207    102002.7029850787
904000     -6452.0693828741       130.0687171908      -725.5831109936    102002.7029850787
905000     -6452.0822079100       130.0674919704      -725.7644138009    102002.7029850787
906000     -6452.0741141243       130.0685602938      -725.8390622356    102002.7029850787
907000     -6452.0508073301       130.0708926588      -725.9282839803    102002.7029850787
908000     -6452.0458439293       130.0712751940      -725.9842927433    102002.7029850787
909000     -6452.0715854219       130.0687748720      -725.9644617862    102002.7029850787
910000     -6452.0806359190       130.0676365773      -726.0376735990    102002.7029850787
911000     -6452.1192438035       130.0642658449      -726.0585670095    102002.7029850787
912000     -6452.1204297553       130.0640337598      -726.0498361681    102002.7029850787
913000     -6452.1541181262       130.0608066381      -726.1024341157    102002.7029850787
914000     -6452.1720397885       130.0592975957      -726.1314035245    102002.7029850787
915000     -6452.2017993700       130.0567198759      -726.1629688863    102002.7029850787
916000     -6452.2185223744       130.0550733512      -726.2203013261    102002.7029850787
917000     -6452.2045663948       130.0561118241      -726.2293330379    102002.7029850787
918000     -6452.2142984954       130.0553135935      -726.2601100539    102002.7029850787
919000     -6452.2038167059       130.0565627594      -726.2389254701    102002.7029850787
920000     -6452.2120701151       130.0554745200      -726.2350163912    102002.7029850787
921000     -6452.2068318804       130.0558809268      -726.2697948745    102002.7029850787
922000     -6452.1925158033       130.0573354362      -726.2868159641    102002.7029850787
923000     -6452.2063340557       130.0563191765      -726.2788899245    102002.7029850787
924000     -6452.2057623202       130.0559555322      -726.3509124039    102002.7029850787
925000     -6452.1968151844       130.0568515493      -726.3337188995    102002.7029850787
926000     -6452.1902611879       130.0573176559      -726.4058724733    102002.7029850787
927000     -6452.1892763703       130.0575757731      -726.4207526324    102002.7029850786
928000     -6452.2052728442       130.0562329311      -726.4060927758    102002.7029850786
929000     -6452.1798636094       130.0579823855      -726.4384291429    102002.7029850786
930000     -6452.1696425870       130.0589789870      -726.3620780522    102002.7029850786
931000     -6452.1953558618       130.0565127470      -726.2889686753    102002.7029850786
932000     -6452.2083925920       130.0552531832      -726.3041641910    102002.7029850786
933000     -6452.2144915485       130.0550075588      -726.3097237225    102002.7029850786
934000     -6452.2059619871       130.0559686833      -726.3309121976    102002.7029850786
935000     -6452.2025645089       130.0564523392      -726.3348592756    102002.7029850786
936000     -6452.2051070768       130.0560924972      -726.2416133238    102002.7029850786
937000     -6452.1958876359       130.0571479255      -726.1680550673    102002.7029850786
938000     -6452.2112716866       130.0557155573      -726.1569935429    102002.7029850786
939000     -6452.2383031483       130.0528098783      -726.1711098409    102002.7029850786
940000     -6452.2409672649       130.0521866940      -726.1856616932    102002.7029850786
941000     -6452.2270020593       130.0537207515      -726.1753047384    102002.7029850786
942000     -6452.1964856315       130.0563718345      -726.1749044694    102002.7029850786
943000     -6452.1850117318       130.0570313118      -726.1612885400    102002.7029850786
944000     -6452.1731731214       130.0581178156      -726.1512136161    102002.7029850786
945000     -6452.1857266652       130.0570301345      -726.2355622973    102002.7029850786
946000     -6452.2013584704       130.0554255438      -726.1546717721    102002.7029850786
947000     -6452.1966807348       130.0557711667      -726.1116338087    102002.7029850786
948000     -6452.2320595787       130.0525318554      -726.0734186644    102002.7029850786
949000     -6452.2362717812       130.0521260519      -726.0074686128    102002.7029850786
950000     -6452.2486914132       130.0509349319      -725.9720810602    102002.7029850786
951000     -6452.2498319918       130.0509879241      -725.9866926659    102002.7029850786
952000     -6452.2511215828       130.0509794869      -725.9856510054    102002.7029850786
953000     -6452.2464493233       130.0514289228      -725.9818245859    102002.7029850786
954000     -6452.2303179882       130.0531907284      -725.9727969608    102002.7029850786
955000     -6452.2282693684       130.0533996363      -725.9705908082    102002.7029850786
956000     -6452.2512026790       130.0509070178      -725.9583058741    102002.7029850786
957000     -6452.2498427489       130.0511474331      -725.9182590545    102002.7029850786
958000     -6452.2682858155       130.0495970085      -725.9429521812    102002.7029850786
959000     -6452.2417516272       130.0520753375      -725.8604060917    102002.7029850786
960000     -6452.2382774215       130.0521454143      -725.7917475120    102002.7029850786
961000     -6452.2697044663       130.0491782188      -725.7754918676    102002.7029850786
962000     -6452.2827170922       130.0481439226      -725.7587991583    102002.7029850786
963000     -6452.2810751133       130.0480071942      -725.7982038927    102002.7029850786
964000     -6452.2706900818       130.0491138110      -725.7872742775    102002.7029850786
965000     -6452.2663647052       130.0496092300      -725.7854847926    102002.7029850786
966000     -6452.2990747912       130.0463612525      -725.7137957745    102002.7029850786
967000     -6452.2860454508       130.0476646032      -725.6761215867    102002.7029850786
968000     -6452.2981191410       130.0465169223      -725.7328897483    102002.7029850786
969000     -6452.2911395424       130.0475418595      -725.7304988795    102002.7029850786
970000     -6452.2641728961       130.0501123697      -725.7848046915    102002.7029850786
971000     -6452.2647894927       130.0501959011      -725.8220325783    102002.7029850786
972000     -6452.2763977543       130.0493943027      -725.7543027524    102002.7029850786
973000     -6452.2918009958       130.0478827118      -725.7272627738    102002.7029850786
974000     -6452.3120261098       130.0458695570      -725.7434846211    102002.7029850786
975000     -6452.3366495203       130.0437223228      -725.7413523984    102002.7029850786
976000     -6452.3577024270       130.0416858400      -725.7756265395    102002.7029850786
977000     -6452.3545609905       130.0420822230      -725.8478290492    102002.7029850786
978000     -6452.3533874726       130.0423504326      -725.9237264860    102002.7029850786
979000     -6452.3780368926       130.0401017213      -725.9805906050    102002.7029850786
980000     -6452.3827495866       130.0397507240      -726.0426116312    102002.7029850786
981000     -6452.4134399208       130.0368674737      -726.1373545849    102002.7029850786
982000     -6452.4166732865       130.0366492262      -726.1883426509    102002.7029850786
983000     -6452.4153974310       130.0366596240      -726.1619232318    102002.7029850786
984000     -6452.4438131669       130.0340950105      -726.2050621216    102002.7029850786
985000     -6452.4369625219       130.0349405067      -726.2094590687    102002.7029850786
986000     -6452.4354074431       130.0349702599      -726.2970788373    102002.7029850786
987000     -6452.4129601432       130.0371965247      -726.3826397352    102002.7029850786
988000     -6452.4026645758       130.0383209605      -726.4657203698    102002.7029850786
989000     -6452.3887379442       130.0395674708      -726.4788090209    102002.7029850786
990000     -6452.3850610952       130.0399455545      -726.5228340827    102002.7029850786
991000     -6452.3772732167       130.0408930876      -726.5320098273    102002.7029850786
992000     -6452.3937025204       130.0393514768      -726.5521463213    102002.7029850786
993000     -6452.4081817733       130.0380114757      -726.6647620073    102002.7029850786
994000     -6452.4182976212       130.0370494581      -726.7862059771    102002.7029850786
995000     -6452.4114936073       130.0377469079      -726.8232529791    102002.7029850786
996000     -6452.4101095913       130.0378530336      -726.8069979133    102002.7029850786
997000     -6452.4101388563       130.0375843670      -726.8719085924    102002.7029850786
998000     -6452.3927329408       130.0389970433      -726.9829964153    102002.7029850786
999000     -6452.3928007385       130.0392823274      -727.0364154509    102002.7029850786
1000000     -6452.3840959026       130.0404637175      -727.1024786375    102002.7029850786
