# Time-averaged data for fix runningavgs
# TimeStep v_ra_etotal v_ra_temp v_ra_press v_ra_volume
502000     -9669.4372259025       109.4280839083      -867.4432489565    102002.7029850792
503000     -9658.0974321579       109.9466630372      -865.5776376812    102002.7029850792
504000     -9658.9054076848       109.8366453061      -856.4520996576    102002.7029850792
505000     -9657.1167512112       109.8067756901      -872.4059574087    102002.7029850792
506000     -9657.0746589677       109.8328897030      -869.1177879254    102002.7029850792
507000     -9653.8628102076       110.0009517880      -868.7927003640    102002.7029850792
508000     -9654.2946538531       110.0417643452      -870.8776296337    102002.7029850792
509000     -9654.5776480006       110.0878438976      -860.2446146662    102002.7029850792
510000     -9654.9069785917       110.0790227236      -865.8403687204    102002.7029850792
511000     -9655.0588328094       110.1179667525      -862.7428592969    102002.7029850792
512000     -9655.6998180599       110.1031189727      -864.4171381060    102002.7029850792
513000     -9655.8082542070       110.1298239479      -865.8087067369    102002.7029850792
514000     -9656.6466482412       110.1219736225      -866.0589987542    102002.7029850792
515000     -9656.6039838958       110.1745037434      -866.8296715072    102002.7029850792
516000     -9656.9234718622       110.1880380587      -871.0219353201    102002.7029850792
517000     -9657.7681549569       110.1392124979      -878.1010597599    102002.7029850792
518000     -9657.2696543778       110.1640239739      -878.0946191793    102002.7029850792
519000     -9656.7452957382       110.1892785399      -872.8930105578    102002.7029850792
520000     -9656.2298041161       110.2028450574      -872.1877150944    102002.7029850792
521000     -9655.8691275029       110.1954597591      -870.5135075658    102002.7029850792
522000     -9655.6106846047       110.1810244672      -871.3427774546    102002.7029850792
523000     -9656.2673543363       110.1216134804      -873.5597001830    102002.7029850792
524000     -9656.4018948784       110.1008736375      -873.4586026973    102002.7029850792
525000     -9655.8846380001       110.1184817649      -875.6072120173    102002.7029850792
526000     -9655.6526548277       110.1191518094      -875.6155409305    102002.7029850792
527000     -9655.7005384770       110.1104147912      -873.9866073465    102002.7029850792
528000     -9655.8161195840       110.1008370798      -873.8865399380    102002.7029850792
529000     -9656.0883689394       110.0895783508      -872.5523261796    102002.7029850792
530000     -9656.0154641919       110.0881768582      -869.7907669957    102002.7029850792
531000     -9655.9890120872       110.0808575085      -865.5208674667    102002.7029850792
532000     -9656.2344659740       110.0627782802      -865.4685927838    102002.7029850792
533000     -9656.2487366682       110.0777927754      -866.4807518686    102002.7029850792
534000     -9656.1362838369       110.0771672787      -865.3687317502    102002.7029850792
535000     -9655.8549376584       110.0844286454      -865.5000840033    102002.7029850792
536000     -9655.7291387916       110.0909944181      -866.3462379597    102002.7029850792
537000     -9656.0563826603       110.0846563889      -865.0811227824    102002.7029850792
538000     -9656.0277991471       110.0703468939      -865.0442073953    102002.7029850792
539000     -9655.8977712779       110.0766522350      -864.5669139012    102002.7029850791
540000     -9656.1041815311       110.0619773425      -862.7473546732    102002.7029850791
541000     -9656.6134780458       110.0372664097      -863.7335076699    102002.7029850791
542000     -9656.4721585301       110.0462497904      -865.1231411915    102002.7029850791
543000     -9656.0730950661       110.0664444011      -865.2727991073    102002.7029850791
544000     -9655.9576125405       110.0770288716      -865.8849766032    102002.7029850791
545000     -9655.8881734513       110.0832888239      -866.1874666454    102002.7029850791
546000     -9655.7229743321       110.0862436521      -865.4790819621    102002.7029850791
547000     -9655.6629041577       110.0776036683      -864.5348827148    102002.7029850791
548000     -9655.5904631541       110.0763802501      -864.0724000948    102002.7029850791
549000     -9655.6580835623       110.0662274771      -863.7189540882    102002.7029850791
550000     -9655.4941756918       110.0725011573      -865.1091247736    102002.7029850791
551000     -9655.6826676277       110.0648732748      -865.3936507203    102002.7029850791
552000     -9655.2637167053       110.0770743831      -865.3094301747    102002.7029850791
553000     -9655.2110069774       110.0751075776      -865.6173618727    102002.7029850791
554000     -9655.4254346354       110.0652336009      -868.0185861935    102002.7029850791
555000     -9655.5235790219       110.0576470696      -869.8347674321    102002.7029850791
556000     -9655.4561134939       110.0566719213      -870.4926327125    102002.7029850791
557000     -9655.3280737154       110.0549802471      -871.9609469057    102002.7029850791
558000     -9655.2928245839       110.0566316120      -873.4298767226    102002.7029850791
559000     -9655.2799280888       110.0524861804      -873.1793920282    102002.7029850791
560000     -9655.5023596522       110.0404673884      -873.3092612324    102002.7029850791
561000     -9655.4561483207       110.0509688854      -872.9306936036    102002.7029850791
562000     -9655.5012757504       110.0564020334      -872.2018457388    102002.7029850791
563000     -9655.7204764777       110.0454668936      -872.4944034965    102002.7029850791
564000     -9655.8703099753       110.0386558424      -872.4727132814    102002.7029850791
565000     -9655.8826794996       110.0402439011      -873.2265107711    102002.7029850791
566000     -9655.9093074581       110.0383328350      -872.2248623244    102002.7029850791
567000     -9656.0251006838       110.0335087096      -871.3740578909    102002.7029850791
568000     -9656.0990644225       110.0305630301      -871.0860292516    102002.7029850791
569000     -9655.9852282866       110.0289241872      -870.2712344011    102002.7029850791
570000     -9655.9656063800       110.0308287755      -870.1750172685    102002.7029850791
571000     -9656.0100981352       110.0259770369      -869.7001148095    102002.7029850791
572000     -9655.9408345623       110.0265781984      -869.3919256098    102002.7029850791
573000     -9656.0454949298       110.0214207691      -869.9019490910    102002.7029850791
574000     -9655.9913826540       110.0245783100      -869.9428676295    102002.7029850791
575000     -9655.7450054842       110.0324958985      -869.2439529855    102002.7029850791
576000     -9655.6047889541       110.0332036161      -869.1510712543    102002.7029850791
577000     -9655.6688828023       110.0302012511      -870.0423398885    102002.7029850791
578000     -9655.6666731269       110.0271355379      -870.8028423373    102002.7029850791
579000     -9655.7352981093       110.0211704922      -871.1817027124    102002.7029850791
580000     -9655.9052115582       110.0123619211      -871.0313400472    102002.7029850791
581000     -9655.8894021748       110.0109907301      -870.8115637523    102002.7029850791
582000     -9655.7392214741       110.0179544132      -870.8277736782    102002.7029850791
583000     -9655.8155811018       110.0129863878      -870.6721261512    102002.7029850791
584000     -9655.6880831656       110.0214551980      -869.5561679705    102002.7029850791
585000     -9655.8307729593       110.0169919353      -869.7618342907    102002.7029850791
586000     -9655.8337662366       110.0133270138      -869.8285479472    102002.7029850791
587000     -9655.7737844600       110.0117747588      -870.4542923210    102002.7029850791
588000     -9655.8525317553       110.0083920717      -870.0461625282    102002.7029850791
589000     -9656.0440781392       110.0019052641      -869.9062515593    102002.7029850791
590000     -9656.0242789718       110.0095264696      -870.1631333642    102002.7029850791
591000     -9655.9460762254       110.0151347663      -869.9889245992    102002.7029850792
592000     -9655.7751735126       110.0178197257      -870.1047014836    102002.7029850792
593000     -9655.6868009376       110.0225099978      -870.4354640354    102002.7029850792
594000     -9655.7969822597       110.0199727665      -870.6227420936    102002.7029850792
595000     -9655.8386817799       110.0170507354      -870.4830281003    102002.7029850792
596000     -9655.8763283056       110.0195643086      -870.2891486178    102002.7029850792
597000     -9655.8500938393       110.0227881917      -870.4502859440    102002.7029850792
598000     -9655.7094042283       110.0258210495      -870.3508244042    102002.7029850792
599000     -9655.6787731367       110.0228531807      -869.9077553916    102002.7029850792
600000     -9655.7761333354       110.0152036088      -869.9393175440    102002.7029850792
601000     -9655.7378672961       110.0197109719      -869.0360065255    102002.7029850792
602000     -9655.8064172210       110.0180681472      -868.6305291200    102002.7029850792
603000     -9655.9471161638       110.0109978998      -868.4333518743    102002.7029850792
604000     -9655.9436075535       110.0128279311      -868.1250392376    102002.7029850793
605000     -9656.0658612724       110.0090263247      -867.3157569496    102002.7029850793
606000     -9656.1874246568       110.0046230191      -867.1536430170    102002.7029850793
607000     -9656.1391652091       110.0047783856      -867.5502286963    102002.7029850793
608000     -9656.1608412193       110.0029561988      -867.5569854984    102002.7029850793
609000     -9656.1954300269       110.0034382676      -867.1998466794    102002.7029850793
610000     -9656.2317676799       110.0058703658      -867.5348262977    102002.7029850793
611000     -9656.3106605840       110.0032419350      -867.4148209742    102002.7029850793
612000     -9656.2750649273       110.0041017042      -868.0719163699    102002.7029850793
613000     -9656.2652289106       110.0060962502      -868.0837570782    102002.7029850793
614000     -9656.3510596660       110.0029684946      -868.6579481015    102002.7029850793
615000     -9656.3760336482       110.0019415738      -868.8495141563    102002.7029850793
616000     -9656.3616668979       110.0050929986      -869.2764467935    102002.7029850793
617000     -9656.1764990564       110.0123111916      -869.0424127831    102002.7029850793
618000     -9656.1339502839       110.0136948315      -868.4968087399    102002.7029850793
619000     -9656.1279223538       110.0152530357      -868.6400917064    102002.7029850793
620000     -9656.1835703393       110.0133818714      -869.1694760300    102002.7029850793
621000     -9656.2461896305       110.0112259042      -869.0635796447    102002.7029850793
622000     -9656.2155656279       110.0103375714      -869.0904211078    102002.7029850794
623000     -9656.3253599727       110.0067471862      -869.5643293865    102002.7029850794
624000     -9656.3750644515       110.0048104429      -870.2167497811    102002.7029850794
625000     -9656.3031812782       110.0037604604      -870.1682938707    102002.7029850794
626000     -9656.4733317870       109.9962951019      -870.1401097226    102002.7029850794
627000     -9656.4008639518       109.9991406656      -869.8975424806    102002.7029850794
628000     -9656.3728191653       109.9958510334      -869.8061735069    102002.7029850794
629000     -9656.4869840854       109.9906964079      -870.0234185837    102002.7029850794
630000     -9656.5822122109       109.9885124247      -869.9307093026    102002.7029850794
631000     -9656.6952072942       109.9852085898      -870.0321082816    102002.7029850794
632000     -9656.6695415457       109.9843033585      -870.0382183034    102002.7029850794
633000     -9656.6254485527       109.9857210577      -870.2236447205    102002.7029850794
634000     -9656.6407636028       109.9841205062      -870.5403453647    102002.7029850794
635000     -9656.6616355064       109.9860071541      -870.5889869598    102002.7029850794
636000     -9656.5913997692       109.9915421259      -870.4461219424    102002.7029850794
637000     -9656.6012863326       109.9915308270      -870.2850664634    102002.7029850794
638000     -9656.7021751015       109.9874597837      -870.5932040111    102002.7029850794
639000     -9656.5801777152       109.9959173343      -871.0081668732    102002.7029850794
640000     -9656.5253019330       109.9974279266      -871.9771091433    102002.7029850794
641000     -9656.4722108809       109.9983902078      -872.3289502129    102002.7029850794
642000     -9656.5579065019       109.9967616323      -872.5243031499    102002.7029850794
643000     -9656.5196657483       109.9979811588      -872.4899356661    102002.7029850794
644000     -9656.5319419157       109.9986787925      -872.8441905030    102002.7029850794
645000     -9656.5426168098       109.9989534897      -872.8877982140    102002.7029850794
646000     -9656.5736324676       109.9959245055      -873.0415871643    102002.7029850795
647000     -9656.6165971465       109.9917663044      -873.3698710643    102002.7029850795
648000     -9656.6611857311       109.9911211204      -873.3614212730    102002.7029850795
649000     -9656.6406624745       109.9939346910      -873.3552100758    102002.7029850795
650000     -9656.6759084037       109.9934351353      -873.1397436641    102002.7029850795
651000     -9656.6639035704       109.9944267151      -872.9923095772    102002.7029850795
652000     -9656.6649749701       109.9932909675      -872.8824516544    102002.7029850795
653000     -9656.6648354913       109.9941484504      -873.1207088170    102002.7029850795
654000     -9656.6231342041       109.9955740938      -873.0610065455    102002.7029850795
655000     -9656.6015907096       109.9947956545      -873.4196977895    102002.7029850795
656000     -9656.5335215349       109.9986300214      -873.6041463200    102002.7029850795
657000     -9656.6218444627       109.9953020264      -873.6669774721    102002.7029850795
658000     -9656.7058226487       109.9928034674      -874.1229405562    102002.7029850795
659000     -9656.7450274188       109.9877255207      -873.9261416560    102002.7029850795
660000     -9656.7205484673       109.9898696078      -873.8804638704    102002.7029850795
661000     -9656.7827523855       109.9872794922      -874.0031745497    102002.7029850795
662000     -9656.8215542822       109.9868334711      -874.1006928540    102002.7029850795
663000     -9656.7212782980       109.9898271207      -873.8741261552    102002.7029850795
664000     -9656.6069622849       109.9932987693      -873.6716083919    102002.7029850795
665000     -9656.4748751483       109.9975815277      -873.5606705181    102002.7029850795
666000     -9656.4028618547       109.9985329233      -873.6302452116    102002.7029850795
667000     -9656.3978091255       109.9990806131      -873.8494753409    102002.7029850795
668000     -9656.3318055125       110.0019473965      -873.9738354664    102002.7029850795
669000     -9656.2333275656       110.0053342447      -873.9502185605    102002.7029850795
670000     -9656.1523734209       110.0066869544      -873.9128820521    102002.7029850795
671000     -9656.0726764706       110.0103728963      -873.9541244628    102002.7029850795
672000     -9656.1120953727       110.0068832639      -874.4823745090    102002.7029850795
673000     -9656.1441906957       110.0041381319      -875.0351816256    102002.7029850795
674000     -9656.1775907246       110.0017329543      -875.0794944314    102002.7029850794
675000     -9656.1655739298       110.0021085414      -874.8997397733    102002.7029850794
676000     -9656.1720412591       110.0020753768      -874.8071695899    102002.7029850794
677000     -9656.2414544169       109.9984792713      -874.5375248997    102002.7029850794
678000     -9656.2575858672       109.9962711265      -874.4701526291    102002.7029850794
679000     -9656.2389156706       109.9987111140      -874.5336744011    102002.7029850794
680000     -9656.2743596967       109.9983634057      -874.5488340979    102002.7029850794
681000     -9656.3217796174       109.9956845980      -874.8028033499    102002.7029850794
682000     -9656.2719096869       109.9974034023      -875.0585963128    102002.7029850794
683000     -9656.2787297510       109.9983751909      -875.1689036925    102002.7029850794
684000     -9656.3025063166       109.9979205113      -875.0022467682    102002.7029850794
685000     -9656.3189980021       109.9975222656      -875.1221843334    102002.7029850794
686000     -9656.3004927768       109.9993751604      -875.4444604563    102002.7029850794
687000     -9656.2659711944       110.0036534649      -875.8184902497    102002.7029850794
688000     -9656.2542450850       110.0054169964      -875.8896898214    102002.7029850793
689000     -9656.2381211310       110.0092010060      -875.8602375205    102002.7029850793
690000     -9656.1894011058       110.0115806458      -875.4633336542    102002.7029850793
691000     -9656.1883379951       110.0128738870      -875.8107814881    102002.7029850793
692000     -9656.1799026391       110.0115619027      -876.1942255686    102002.7029850793
693000     -9656.1417028365       110.0131332960      -876.5616129469    102002.7029850793
694000     -9656.0853746997       110.0130961841      -876.6018805354    102002.7029850793
695000     -9656.1044603584       110.0100183705      -876.8393673541    102002.7029850793
696000     -9656.1031850666       110.0112122537      -877.2598930348    102002.7029850793
697000     -9656.1067648041       110.0092835991      -877.1721407602    102002.7029850793
698000     -9656.1279265184       110.0088135306      -876.9462873408    102002.7029850793
699000     -9656.1503598208       110.0098947356      -876.8054711479    102002.7029850793
700000     -9656.2053699287       110.0071152941      -876.9261077083    102002.7029850793
701000     -9656.2021419144       110.0067217043      -876.9172585652    102002.7029850793
702000     -9656.1936341407       110.0079979005      -877.0631235391    102002.7029850793
703000     -9656.2387848497       110.0049852556      -877.4924359629    102002.7029850793
704000     -9656.2311187293       110.0032641691      -877.5078630818    102002.7029850792
705000     -9656.2210200677       110.0019168822      -877.7566872128    102002.7029850792
706000     -9656.1811409080       110.0029672360      -878.1321291740    102002.7029850792
707000     -9656.1406013509       110.0045218969      -878.2659024795    102002.7029850792
708000     -9656.1256172443       110.0053241897      -878.2774668595    102002.7029850792
709000     -9656.0826546671       110.0066301573      -878.3201667861    102002.7029850792
710000     -9656.0744458326       110.0066484946      -878.6250048989    102002.7029850792
711000     -9656.0557479025       110.0079616473      -878.5370926763    102002.7029850792
712000     -9656.0018887862       110.0102714550      -878.1638411710    102002.7029850792
713000     -9656.0052537871       110.0079384620      -878.0669299102    102002.7029850792
714000     -9655.9869527513       110.0068375341      -877.9108436274    102002.7029850792
715000     -9655.9319672212       110.0080906428      -877.8483248955    102002.7029850792
716000     -9655.8477160580       110.0114020802      -877.4330575766    102002.7029850792
717000     -9655.8272811073       110.0120758577      -877.3885649317    102002.7029850792
718000     -9655.8250917204       110.0107773249      -877.6300605854    102002.7029850792
719000     -9655.7699625291       110.0133791919      -877.6126562045    102002.7029850792
720000     -9655.7093911415       110.0149124137      -877.5049766701    102002.7029850792
721000     -9655.6999458559       110.0140865808      -877.7494505829    102002.7029850792
722000     -9655.7174246386       110.0144759681      -877.7790385156    102002.7029850792
723000     -9655.7164632084       110.0128582390      -877.8405031149    102002.7029850792
724000     -9655.7361865784       110.0120773348      -878.1275744829    102002.7029850791
725000     -9655.6616520690       110.0150377640      -878.2841759375    102002.7029850791
726000     -9655.6935702046       110.0132124779      -878.5257445469    102002.7029850791
727000     -9655.6444124792       110.0168417260      -878.5176017662    102002.7029850791
728000     -9655.6783282283       110.0154258205      -878.3616045360    102002.7029850791
729000     -9655.6902957913       110.0143510686      -878.1640195127    102002.7029850791
730000     -9655.6728042403       110.0141133437      -878.0059161325    102002.7029850791
731000     -9655.6803254521       110.0135701335      -877.9910623245    102002.7029850791
732000     -9655.7050219366       110.0129152870      -877.9879504186    102002.7029850791
733000     -9655.7561424582       110.0106008178      -877.9423002494    102002.7029850791
734000     -9655.7430478947       110.0119378734      -877.8052322868    102002.7029850791
735000     -9655.7404525862       110.0121257293      -877.4882854991    102002.7029850791
736000     -9655.7109575295       110.0136890426      -877.3768737425    102002.7029850791
737000     -9655.6903675326       110.0136724495      -877.2816196832    102002.7029850791
738000     -9655.7171839861       110.0127979543      -877.3471603835    102002.7029850791
739000     -9655.7035654184       110.0133851105      -877.2765707251    102002.7029850791
740000     -9655.6884448834       110.0165606992      -876.9535279786    102002.7029850791
741000     -9655.7240071474       110.0170654599      -876.6706523266    102002.7029850791
742000     -9655.7036807400       110.0198861818      -876.3786573832    102002.7029850791
743000     -9655.7310977656       110.0185932926      -876.1120847365    102002.7029850791
744000     -9655.7706275137       110.0169723233      -876.0086176770    102002.7029850791
745000     -9655.8006581512       110.0173940594      -875.9597523802    102002.7029850791
746000     -9655.8329589332       110.0156406386      -875.9936292059    102002.7029850791
747000     -9655.8766853167       110.0151842186      -875.7662134019    102002.7029850791
748000     -9655.9189255877       110.0149121428      -876.0371892783    102002.7029850790
749000     -9655.8947762109       110.0179489653      -875.9864261552    102002.7029850790
750000     -9655.8427082969       110.0207787358      -876.0512409667    102002.7029850790
751000     -9655.9200684293       110.0186528072      -876.0655754776    102002.7029850790
752000     -9655.9309622229       110.0188864923      -875.9430709775    102002.7029850790
753000     -9655.8299561885       110.0230579974      -876.0766261466    102002.7029850790
754000     -9655.8140644571       110.0227812648      -876.1900755681    102002.7029850790
755000     -9655.8131796692       110.0237159698      -876.1527190064    102002.7029850790
756000     -9655.8527960354       110.0214058360      -876.0472995808    102002.7029850790
757000     -9655.8921726809       110.0188003066      -875.8147492543    102002.7029850790
758000     -9655.9128063540       110.0176719389      -875.5796226542    102002.7029850790
759000     -9655.9076506279       110.0177329057      -875.4265073798    102002.7029850790
760000     -9655.8928915531       110.0201454518      -875.3509548932    102002.7029850790
761000     -9655.9157361367       110.0208272627      -875.1657965923    102002.7029850790
762000     -9655.8878018612       110.0211128786      -874.8936159048    102002.7029850790
763000     -9655.8797073014       110.0223302530      -874.8993422998    102002.7029850790
764000     -9655.8864813233       110.0221015983      -874.5736337022    102002.7029850790
765000     -9655.9094038773       110.0226503383      -874.5311242426    102002.7029850790
766000     -9655.9386261259       110.0229951421      -874.4099958715    102002.7029850790
767000     -9655.9630144935       110.0235233111      -874.4168142000    102002.7029850790
768000     -9656.0075939603       110.0214448983      -874.4328737109    102002.7029850790
769000     -9655.9940749528       110.0217969066      -874.2936119076    102002.7029850790
770000     -9655.9815104438       110.0227188944      -874.2663985188    102002.7029850790
771000     -9655.9818624157       110.0224310040      -874.3437757446    102002.7029850790
772000     -9656.0364140517       110.0209889125      -874.2353713706    102002.7029850790
773000     -9656.0263052282       110.0221295906      -874.1480320460    102002.7029850790
774000     -9656.0055357872       110.0236234869      -873.9399718822    102002.7029850790
775000     -9656.0417538969       110.0235826507      -873.9186400300    102002.7029850790
776000     -9656.0493037920       110.0231604612      -873.8125633922    102002.7029850790
777000     -9656.0643318177       110.0226792437      -873.5531417112    102002.7029850789
778000     -9656.0467834787       110.0238542029      -873.3637779341    102002.7029850789
779000     -9656.0392131304       110.0239096624      -873.2738094131    102002.7029850789
780000     -9656.0319898033       110.0256716429      -873.0994387842    102002.7029850789
781000     -9656.0394797759       110.0270263704      -872.6938786316    102002.7029850789
782000     -9656.0665070102       110.0277762576      -872.5669658261    102002.7029850789
783000     -9656.0649565779       110.0275591165      -872.2047509876    102002.7029850789
784000     -9656.0965417407       110.0263317618      -872.1070761506    102002.7029850789
785000     -9656.1327743574       110.0239888482      -872.1765193380    102002.7029850789
786000     -9656.1293997340       110.0239351085      -872.1480549913    102002.7029850789
787000     -9656.1567257733       110.0219709440      -872.1497154229    102002.7029850789
788000     -9656.1222365204       110.0236944797      -872.0757050768    102002.7029850789
789000     -9656.1367617114       110.0239742422      -871.9560556226    102002.7029850789
790000     -9656.1445474353       110.0242973665      -871.8769319618    102002.7029850789
791000     -9656.1492679515       110.0241523233      -871.9098473234    102002.7029850789
792000     -9656.1210646571       110.0248674498      -871.7994670875    102002.7029850789
793000     -9656.1614144229       110.0240479215      -871.5474730709    102002.7029850789
794000     -9656.1799949789       110.0238948062      -871.4340129299    102002.7029850789
795000     -9656.2017931317       110.0234540459      -871.3501770089    102002.7029850789
796000     -9656.2332285702       110.0223082743      -871.1609368145    102002.7029850789
797000     -9656.2124244490       110.0246981397      -870.9356458998    102002.7029850789
798000     -9656.2397834970       110.0224916426      -870.8215957687    102002.7029850789
799000     -9656.2587728883       110.0221608220      -870.7253166675    102002.7029850789
800000     -9656.2854526905       110.0212414526      -870.6406753426    102002.7029850789
801000     -9656.3112813531       110.0194209317      -870.5279549939    102002.7029850789
802000     -9656.3935503919       110.0153180746      -870.6091845383    102002.7029850789
803000     -9656.4338315103       110.0141534158      -870.5208898438    102002.7029850789
804000     -9656.4434877553       110.0139867874      -870.6606885877    102002.7029850789
805000     -9656.4951610371       110.0114831403      -870.7700697617    102002.7029850789
806000     -9656.4905173148       110.0119093398      -870.6030533309    102002.7029850789
807000     -9656.4324792535       110.0139941695      -870.4373525945    102002.7029850789
808000     -9656.3856047835       110.0152808697      -870.3310182565    102002.7029850789
809000     -9656.4033628460       110.0136578279      -870.4643397991    102002.7029850789
810000     -9656.4246321692       110.0114957694      -870.2746550969    102002.7029850789
811000     -9656.4210439808       110.0113257435      -870.0170450986    102002.7029850789
812000     -9656.4192428708       110.0113315424      -869.8363332474    102002.7029850789
813000     -9656.4307447799       110.0110041190      -869.6999647190    102002.7029850789
814000     -9656.4745644722       110.0099636353      -869.7898232476    102002.7029850789
815000     -9656.4782819402       110.0119590146      -869.9441038657    102002.7029850788
816000     -9656.4862366369       110.0128770313      -870.0120351901    102002.7029850788
817000     -9656.4854258980       110.0127157104      -870.1884065634    102002.7029850788
818000     -9656.5557687020       110.0094884138      -870.2951915836    102002.7029850788
819000     -9656.5645784873       110.0088871483      -870.3485882325    102002.7029850788
820000     -9656.5732609953       110.0075323876      -870.5613246573    102002.7029850788
821000     -9656.6021237278       110.0056111556      -870.5770804325    102002.7029850788
822000     -9656.6047466488       110.0044298412      -870.5770740005    102002.7029850788
823000     -9656.5940756527       110.0046942596      -870.5985338793    102002.7029850788
824000     -9656.5741090816       110.0055256065      -870.5928443608    102002.7029850788
825000     -9656.5443970729       110.0059252118      -870.6141939605    102002.7029850788
826000     -9656.5566200907       110.0037771580      -870.7149914752    102002.7029850788
827000     -9656.5179596880       110.0042923166      -870.6928777318    102002.7029850788
828000     -9656.5692296849       110.0010085725      -870.5652965213    102002.7029850788
829000     -9656.5727786413       110.0015780814      -870.4706029140    102002.7029850788
830000     -9656.5507975255       110.0041295247      -870.4106431323    102002.7029850788
831000     -9656.5204497015       110.0050183244      -870.4601843747    102002.7029850788
832000     -9656.5359869156       110.0032428608      -870.6348108066    102002.7029850788
833000     -9656.5083335794       110.0047437710      -870.6783747558    102002.7029850788
834000     -9656.5311528246       110.0043423789      -870.7983882831    102002.7029850788
835000     -9656.5535785291       110.0026996354      -870.9052214344    102002.7029850788
836000     -9656.5572926454       110.0016225414      -870.8096928689    102002.7029850788
837000     -9656.5244132422       110.0025867291      -870.6980514585    102002.7029850788
838000     -9656.5113889074       110.0025886971      -870.6388922881    102002.7029850788
839000     -9656.5177851174       110.0026685535      -870.6398644781    102002.7029850788
840000     -9656.5223496998       110.0035577015      -870.4884405668    102002.7029850788
841000     -9656.5339473942       110.0042076696      -870.5201252077    102002.7029850788
842000     -9656.5695815253       110.0034314838      -870.4846373810    102002.7029850788
843000     -9656.5676912711       110.0045518805      -870.2937366574    102002.7029850788
844000     -9656.5782304026       110.0041615892      -870.0547704907    102002.7029850788
845000     -9656.5909148154       110.0030226799      -869.7299109334    102002.7029850788
846000     -9656.6101685430       110.0005802696      -869.5209617983    102002.7029850788
847000     -9656.5844166895       110.0018228245      -869.2095885473    102002.7029850788
848000     -9656.5735504965       110.0006483451      -869.2072839908    102002.7029850788
849000     -9656.5385865709       110.0007966908      -869.2096527032    102002.7029850788
850000     -9656.5230879180       109.9999050442      -869.1357651847    102002.7029850788
851000     -9656.5101944993       109.9997318968      -868.9142981780    102002.7029850788
852000     -9656.4815188426       110.0010625813      -868.6774630404    102002.7029850788
853000     -9656.4866212699       110.0012110915      -868.4626472311    102002.7029850788
854000     -9656.5143801918       110.0004831406      -868.4094945777    102002.7029850788
855000     -9656.5343477588       109.9998966521      -868.3174791905    102002.7029850788
856000     -9656.5359948345       110.0001246429      -868.1476871119    102002.7029850788
857000     -9656.5351811459       110.0004745845      -868.0966746893    102002.7029850788
858000     -9656.5231563829       110.0007780807      -868.0383508274    102002.7029850788
859000     -9656.4926365911       110.0010491750      -868.0895909524    102002.7029850788
860000     -9656.4690027557       110.0021883123      -867.9720623723    102002.7029850788
861000     -9656.4948840794       110.0016531172      -867.9410704371    102002.7029850788
862000     -9656.5162265286       110.0016808974      -867.7763108009    102002.7029850788
863000     -9656.5412514890       110.0000624520      -867.5520419629    102002.7029850788
864000     -9656.5502863199       110.0003177855      -867.4681976671    102002.7029850788
865000     -9656.5466163502       110.0015756224      -867.3714454739    102002.7029850788
866000     -9656.5535097284       110.0012777525      -867.2718907052    102002.7029850788
867000     -9656.6077628062       109.9988131494      -867.2070880119    102002.7029850788
868000     -9656.6412475145       109.9979616747      -867.1777547234    102002.7029850788
869000     -9656.6407700135       109.9982569164      -867.1218359328    102002.7029850788
870000     -9656.6800256550       109.9971367214      -866.8653017287    102002.7029850787
871000     -9656.6842397253       109.9976935881      -866.8948790551    102002.7029850787
872000     -9656.6964471291       109.9976197214      -866.8273474105    102002.7029850787
873000     -9656.6901093155       109.9978543327      -866.7227621853    102002.7029850787
874000     -9656.7043578455       109.9973100186      -866.5832931673    102002.7029850787
875000     -9656.7254955517       109.9964210232      -866.5256829247    102002.7029850787
876000     -9656.7318270863       109.9970034485      -866.4809043935    102002.7029850787
877000     -9656.7543393453       109.9966074801      -866.6879370997    102002.7029850787
878000     -9656.7532903277       109.9970657597      -866.8714327570    102002.7029850787
879000     -9656.7422011469       109.9975718087      -866.9270236617    102002.7029850787
880000     -9656.7552722853       109.9963146412      -866.9064667611    102002.7029850787
881000     -9656.7796493790       109.9955282937      -866.8577110286    102002.7029850787
882000     -9656.8160112985       109.9942435640      -866.9714250648    102002.7029850787
883000     -9656.7950290439       109.9955988039      -867.0116778693    102002.7029850787
884000     -9656.8002516421       109.9959345256      -866.9055636623    102002.7029850787
885000     -9656.8100966352       109.9946314700      -866.6699577003    102002.7029850787
886000     -9656.7774156766       109.9962636283      -866.6076369857    102002.7029850787
887000     -9656.7770006868       109.9971033010      -866.5628860457    102002.7029850787
888000     -9656.7517868450       109.9987218429      -866.4383544246    102002.7029850787
889000     -9656.7380891587       109.9995266829      -866.4320493576    102002.7029850787
890000     -9656.7369804276       110.0002039198      -866.2822019445    102002.7029850787
891000     -9656.7564541480       109.9990956579      -866.1621965882    102002.7029850787
892000     -9656.7468703410       109.9997385401      -866.2345465047    102002.7029850787
893000     -9656.7285247876       110.0005609735      -866.1124020215    102002.7029850787
894000     -9656.7576601525       109.9997057862      -866.0436500037    102002.7029850787
895000     -9656.7670242802       109.9983800109      -865.8799572537    102002.7029850787
896000     -9656.7672779567       109.9974968077      -865.9529238832    102002.7029850787
897000     -9656.7796115884       109.9970344234      -865.7789509563    102002.7029850787
898000     -9656.7783915973       109.9963889339      -865.7627632910    102002.7029850787
899000     -9656.7630848671       109.9972117320      -865.6848209192    102002.7029850787
900000     -9656.7207354404       109.9979016771      -865.5531498439    102002.7029850787
901000     -9656.7133736397       109.9972981097      -865.5536339441    102002.7029850787
902000     -9656.7067316478       109.9966430834      -865.5747744060    102002.7029850787
903000     -9656.6948002958       109.9968055156      -865.5675435427    102002.7029850787
904000     -9656.6914810994       109.9973102797      -865.5363212882    102002.7029850787
905000     -9656.6801405359       109.9980673202      -865.4479517969    102002.7029850787
906000     -9656.6961340002       109.9972614071      -865.4230566791    102002.7029850787
907000     -9656.6894299771       109.9976638649      -865.4561761153    102002.7029850787
908000     -9656.6632278964       109.9984807389      -865.4152404855    102002.7029850787
909000     -9656.6454653477       109.9994316305      -865.3648146500    102002.7029850787
910000     -9656.6489006488       109.9997452250      -865.4657115387    102002.7029850787
911000     -9656.6413304964       109.9997781320      -865.3114092340    102002.7029850787
912000     -9656.6253137646       110.0006305997      -865.0795129937    102002.7029850787
913000     -9656.6278761506       110.0001756118      -864.8742387541    102002.7029850787
914000     -9656.5934621724       110.0015940744      -864.5723031916    102002.7029850787
915000     -9656.5918408968       110.0014804206      -864.3358659925    102002.7029850787
916000     -9656.5921011988       110.0021363669      -864.1715071112    102002.7029850787
917000     -9656.5783828689       110.0021556357      -864.0240524303    102002.7029850787
918000     -9656.5395908777       110.0039563174      -864.0183772845    102002.7029850787
919000     -9656.5198606528       110.0048442164      -863.9341637936    102002.7029850787
920000     -9656.5065056849       110.0046319216      -863.9356665219    102002.7029850787
921000     -9656.5016225806       110.0046200380      -863.8941129639    102002.7029850787
922000     -9656.5228630360       110.0027581521      -863.9878535429    102002.7029850787
923000     -9656.5358109384       110.0024718209      -864.0037248153    102002.7029850787
924000     -9656.5424972174       110.0028367186      -864.1393517206    102002.7029850787
925000     -9656.5392873801       110.0037610984      -864.1448669608    102002.7029850787
926000     -9656.5304206346       110.0038528430      -864.0126620770    102002.7029850787
927000     -9656.5403182185       110.0034372159      -863.9806449554    102002.7029850786
928000     -9656.5369710260       110.0036438504      -864.0819081468    102002.7029850786
929000     -9656.5502616140       110.0023146131      -864.1247752879    102002.7029850786
930000     -9656.5734309365       110.0020674003      -864.3168507522    102002.7029850786
931000     -9656.5866281832       110.0004752746      -864.4507179337    102002.7029850786
932000     -9656.6060537222       109.9998138462      -864.4068648676    102002.7029850786
933000     -9656.6519858647       109.9983024472      -864.3583210676    102002.7029850786
934000     -9656.6433758880       109.9982171521      -864.1646402507    102002.7029850786
935000     -9656.6594185396       109.9975192708      -864.0073522157    102002.7029850786
936000     -9656.6536515690       109.9973799592      -863.9150741154    102002.7029850786
937000     -9656.6372176175       109.9981149460      -863.8130104932    102002.7029850786
938000     -9656.6479375640       109.9982106217      -863.6995075569    102002.7029850786
939000     -9656.6384486904       109.9998736337      -863.5532727538    102002.7029850786
940000     -9656.6541504407       109.9994775451      -863.4205800988    102002.7029850786
941000     -9656.6511639093       110.0000058771      -863.2491136981    102002.7029850786
942000     -9656.6438047809       110.0006154411      -863.0723391786    102002.7029850786
943000     -9656.6465367907       110.0011983879      -862.8931423904    102002.7029850786
944000     -9656.6717910867       110.0001801263      -862.7044531562    102002.7029850786
945000     -9656.6875357377       109.9998809164      -862.6083818847    102002.7029850786
946000     -9656.6965646976       109.9995168488      -862.4174137123    102002.7029850786
947000     -9656.7098391496       109.9994087912      -862.4799099277    102002.7029850786
948000     -9656.7500435569       109.9977317630      -862.4539607807    102002.7029850786
949000     -9656.7673194611       109.9972407613      -862.4657138837    102002.7029850786
950000     -9656.7803173581       109.9964193846      -862.3580534522    102002.7029850786
951000     -9656.7892976813       109.9947928703      -862.3691010619    102002.7029850786
952000     -9656.7976259497       109.9940448782      -862.3479210179    102002.7029850786
953000     -9656.7928934077       109.9929916244      -862.3153308730    102002.7029850786
954000     -9656.8140440961       109.9921278469      -862.4690709950    102002.7029850786
955000     -9656.8210469876       109.9914698426      -862.4836609269    102002.7029850786
956000     -9656.8088695734       109.9917405385      -862.4493793588    102002.7029850786
957000     -9656.7869426278       109.9923714849      -862.5249873263    102002.7029850786
958000     -9656.7699762632       109.9927829108      -862.5929173828    102002.7029850786
959000     -9656.7650451613       109.9935704422      -862.6658664557    102002.7029850786
960000     -9656.7848840047       109.9929172342      -862.7174547421    102002.7029850786
961000     -9656.7899977835       109.9922518150      -862.9635187036    102002.7029850786
962000     -9656.7568040678       109.9931180550      -863.0026366899    102002.7029850786
963000     -9656.7187755624       109.9943085928      -862.9041305096    102002.7029850786
964000     -9656.6878451537       109.9958955086      -862.8377494230    102002.7029850786
965000     -9656.6466704448       109.9968835085      -862.7498398228    102002.7029850786
966000     -9656.6144355504       109.9984021142      -862.7131808589    102002.7029850786
967000     -9656.6123144941       109.9985326142      -862.6861050251    102002.7029850786
968000     -9656.5822292422       109.9990532207      -862.7551331668    102002.7029850786
969000     -9656.5399616650       110.0000265355      -862.7764349439    102002.7029850786
970000     -9656.4731902095       110.0027142847      -862.7851485376    102002.7029850786
971000     -9656.4925961998       110.0029318170      -862.7930520417    102002.7029850786
972000     -9656.4856407961       110.0037392937      -862.8780343834    102002.7029850786
973000     -9656.4926546874       110.0039046786      -862.9994893758    102002.7029850786
974000     -9656.4909057578       110.0039236209      -863.1062811426    102002.7029850786
975000     -9656.4638469018       110.0051503141      -863.2122047391    102002.7029850786
976000     -9656.4597475416       110.0057380751      -863.1536781368    102002.7029850786
977000     -9656.4546328582       110.0054471518      -863.2623014670    102002.7029850786
978000     -9656.4423553318       110.0060737095      -863.4397153254    102002.7029850786
979000     -9656.4306336521       110.0060255962      -863.5948656897    102002.7029850786
980000     -9656.4230018704       110.0061410895      -863.6747267782    102002.7029850786
981000     -9656.4276989902       110.0052836217      -863.6075050634    102002.7029850786
982000     -9656.4200901911       110.0049686589      -863.5941813539    102002.7029850786
983000     -9656.4228006908       110.0052678277      -863.7477078503    102002.7029850786
984000     -9656.3965203108       110.0065177267      -863.8645930962    102002.7029850786
985000     -9656.3817428869       110.0076654904      -863.7856027865    102002.7029850786
986000     -9656.3807696928       110.0087206116      -863.8578109858    102002.7029850786
987000     -9656.3916353630       110.0074471906      -863.8453787819    102002.7029850786
988000     -9656.4083622279       110.0071719107      -863.8461476376    102002.7029850786
989000     -9656.4309333889       110.0051163696      -863.8079349266    102002.7029850786
990000     -9656.4207074702       110.0060871740      -863.7041303834    102002.7029850786
991000     -9656.4207595392       110.0068515373      -863.8128933424    102002.7029850786
992000     -9656.4625841179       110.0052232426      -863.7528265853    102002.7029850786
993000     -9656.4606934785       110.0051551704      -863.6401991136    102002.7029850786
994000     -9656.4463305491       110.0046661291      -863.5634495719    102002.7029850786
995000     -9656.4170066013       110.0056598095      -863.5990838578    102002.7029850786
996000     -9656.3989371545       110.0064630286      -863.5857438970    102002.7029850786
997000     -9656.3860270653       110.0071485655      -863.5709180920    102002.7029850786
998000     -9656.3915797158       110.0072279102      -863.4438402607    102002.7029850786
999000     -9656.3902619404       110.0066185078      -863.3615861073    102002.7029850786
1000000     -9656.4079210580       110.0061996591      -863.3418737832    102002.7029850786
