# Time-averaged data for fix runningavgs
# TimeStep v_ra_etotal v_ra_temp v_ra_press v_ra_volume
502000    -10957.4894909381        91.1137772041       996.2642106103    102002.7029850792
503000    -10959.0805805503        91.0522603648      1004.0449031492    102002.7029850792
504000    -10955.6318462363        91.2471134047      1006.5116565257    102002.7029850792
505000    -10958.6650261380        91.1019454317       996.7489900935    102002.7029850792
506000    -10958.4319790843        91.0827339400       987.2842329389    102002.7029850792
507000    -10960.3301092371        90.9692921905       980.7869299846    102002.7029850792
508000    -10960.4834386571        90.9556469486       977.4023288520    102002.7029850792
509000    -10961.6660140290        90.8658694507       982.0225958676    102002.7029850792
510000    -10960.6015155249        90.9018661821       985.8146964656    102002.7029850792
511000    -10961.5658800873        90.8704693619       987.0036852578    102002.7029850792
512000    -10961.5367224064        90.8691908674       987.5292381507    102002.7029850792
513000    -10961.9461996768        90.8363442478       988.6687935044    102002.7029850792
514000    -10962.1293647670        90.8339619067       992.3940027680    102002.7029850792
515000    -10962.0079217240        90.8432065929       992.8975671789    102002.7029850792
516000    -10961.7038076232        90.8629408910       993.0112664827    102002.7029850792
517000    -10962.0515888140        90.8558387130       992.0284751549    102002.7029850792
518000    -10961.9310275407        90.8660767033       994.1626220452    102002.7029850792
519000    -10961.1869638917        90.8946975032       995.6531137256    102002.7029850792
520000    -10961.0585299534        90.9130833539       996.4714138806    102002.7029850792
521000    -10961.1494227732        90.9097764249       996.2458657105    102002.7029850792
522000    -10960.8640093462        90.9241207709       998.5190951226    102002.7029850792
523000    -10960.7179983920        90.9256486993       999.7135426377    102002.7029850792
524000    -10960.5565278455        90.9475542390      1001.3690366446    102002.7029850792
525000    -10960.9205705514        90.9329975627      1001.5951615072    102002.7029850792
526000    -10961.1476778506        90.9319336489      1001.8584060804    102002.7029850792
527000    -10961.2807327554        90.9327180351      1003.3940764217    102002.7029850792
528000    -10961.5336038315        90.9302640123      1003.6651880670    102002.7029850792
529000    -10961.0246828586        90.9496151516      1005.8049231795    102002.7029850792
530000    -10961.1071418081        90.9421918314      1006.2653873629    102002.7029850792
531000    -10961.4726488555        90.9308805758      1006.9989843421    102002.7029850792
532000    -10961.5559727574        90.9225338493      1005.5701630639    102002.7029850792
533000    -10961.4704372262        90.9263877762      1005.6908352384    102002.7029850792
534000    -10961.3073548917        90.9359372261      1005.4336037000    102002.7029850792
535000    -10961.5359126429        90.9300026040      1005.4880341102    102002.7029850792
536000    -10961.3480221594        90.9400664890      1005.4325584370    102002.7029850792
537000    -10961.4737773856        90.9420189485      1004.7620741562    102002.7029850792
538000    -10961.3850111987        90.9517223479      1004.7083794657    102002.7029850792
539000    -10961.6179431689        90.9392359022      1003.3787658087    102002.7029850791
540000    -10961.7916621456        90.9363629474      1001.8709176819    102002.7029850791
541000    -10961.6481795234        90.9494236514      1001.6207687671    102002.7029850791
542000    -10961.2936627307        90.9623589308      1001.6064232315    102002.7029850791
543000    -10960.9855979830        90.9757311418      1001.9391394524    102002.7029850791
544000    -10960.6154168947        90.9891033734      1001.0792570577    102002.7029850791
545000    -10960.6707799522        90.9861029144      1000.6149202998    102002.7029850791
546000    -10960.7124314470        90.9854791969       999.1756390753    102002.7029850791
547000    -10960.9192691777        90.9767078290       998.5911417671    102002.7029850791
548000    -10960.8324205410        90.9813114093       998.7229228143    102002.7029850791
549000    -10960.6759223142        90.9918264891       998.0471693219    102002.7029850791
550000    -10960.5896728804        90.9996763856       997.2672730744    102002.7029850791
551000    -10960.5602191902        91.0044464349       996.7206543196    102002.7029850791
552000    -10960.5949112562        91.0065701187       995.3408786250    102002.7029850791
553000    -10960.6900136698        91.0037224371       995.1123351169    102002.7029850791
554000    -10960.6476171901        91.0097014832       994.7875707731    102002.7029850791
555000    -10960.7672097638        91.0041690316       993.8334210177    102002.7029850791
556000    -10960.7109368166        91.0099943928       994.1117530420    102002.7029850791
557000    -10960.6403118103        91.0126592405       994.7660888490    102002.7029850791
558000    -10960.5486006215        91.0144074222       994.6682322018    102002.7029850791
559000    -10960.4691515019        91.0197297253       993.9611578022    102002.7029850791
560000    -10960.4628389829        91.0194820254       993.2920578111    102002.7029850791
561000    -10960.3885700205        91.0227631433       993.3361451334    102002.7029850791
562000    -10960.3548247851        91.0229063645       992.7939731060    102002.7029850791
563000    -10960.2410212894        91.0263418372       992.7940547062    102002.7029850791
564000    -10960.1235251640        91.0274012587       992.1206594592    102002.7029850791
565000    -10959.9525834110        91.0343453745       991.8506539090    102002.7029850791
566000    -10959.8041670467        91.0376089684       991.5742433005    102002.7029850791
567000    -10959.6706093984        91.0405729972       990.5201390291    102002.7029850791
568000    -10959.4495511890        91.0480225366       990.0323079251    102002.7029850791
569000    -10959.3308700168        91.0498603108       989.9074435978    102002.7029850791
570000    -10959.1389704352        91.0562266062       989.2909803368    102002.7029850791
571000    -10959.0709293502        91.0571797922       989.4998473178    102002.7029850791
572000    -10959.1195668437        91.0527955774       988.6206843276    102002.7029850791
573000    -10959.0741697834        91.0527459775       988.1878509117    102002.7029850791
574000    -10959.0205471578        91.0575443401       987.5839459071    102002.7029850791
575000    -10959.1758634932        91.0490894581       987.3088958940    102002.7029850791
576000    -10959.2513734196        91.0429660621       986.3021102560    102002.7029850791
577000    -10959.3059310360        91.0389131752       985.6161640928    102002.7029850791
578000    -10959.1918058735        91.0404084269       985.2426935479    102002.7029850791
579000    -10959.1449052569        91.0400466366       984.5006703704    102002.7029850791
580000    -10959.1101255361        91.0425269620       984.3104162074    102002.7029850791
581000    -10959.1560229223        91.0371971381       983.0960567622    102002.7029850791
582000    -10959.2305596502        91.0317372265       982.1306848882    102002.7029850791
583000    -10959.2658323330        91.0293816132       981.1805769476    102002.7029850791
584000    -10959.1380503462        91.0336276774       980.8448517595    102002.7029850791
585000    -10959.1342247741        91.0324940045       979.9570062861    102002.7029850791
586000    -10959.1399385839        91.0337676711       979.7194160795    102002.7029850791
587000    -10959.1798777300        91.0297107489       979.5039681172    102002.7029850791
588000    -10959.1940697010        91.0293621837       979.1077060297    102002.7029850791
589000    -10959.1111352448        91.0317658781       978.8824445307    102002.7029850791
590000    -10959.1091016515        91.0280421957       978.5438030021    102002.7029850791
591000    -10959.1407054616        91.0227046668       978.1565075855    102002.7029850792
592000    -10959.1109073030        91.0215071553       977.8630482820    102002.7029850792
593000    -10959.1434693928        91.0186139753       977.4026364177    102002.7029850792
594000    -10959.0248355870        91.0235809114       977.6905603821    102002.7029850792
595000    -10958.9835462961        91.0242496430       977.4003755245    102002.7029850792
596000    -10959.0386580895        91.0198929901       976.9296431665    102002.7029850792
597000    -10959.0785897222        91.0155378979       976.8225615801    102002.7029850792
598000    -10959.0802948750        91.0138761037       977.0099856494    102002.7029850792
599000    -10959.0899929397        91.0146829769       976.8351263441    102002.7029850792
600000    -10959.2079474034        91.0081448811       976.7266266244    102002.7029850792
601000    -10959.1961262595        91.0085053222       976.3149107601    102002.7029850792
602000    -10959.1484079613        91.0085520258       976.5049535714    102002.7029850792
603000    -10959.1082098080        91.0109722744       976.3928162604    102002.7029850792
604000    -10959.1131589498        91.0112491338       976.6657624403    102002.7029850793
605000    -10959.1195709498        91.0098577897       976.5698144337    102002.7029850793
606000    -10959.0411267860        91.0140805587       976.9059895760    102002.7029850793
607000    -10958.9380516588        91.0177167079       976.9224884439    102002.7029850793
608000    -10958.9980442052        91.0159864327       976.9170998272    102002.7029850793
609000    -10958.9428980826        91.0186356141       976.8350102799    102002.7029850793
610000    -10959.0084998064        91.0127796751       976.5732243061    102002.7029850793
611000    -10958.9987674571        91.0134620817       976.8401627944    102002.7029850793
612000    -10958.8988936015        91.0154907258       976.6358468298    102002.7029850793
613000    -10958.9228846629        91.0148698744       976.4752349074    102002.7029850793
614000    -10958.9182090558        91.0140798699       976.6745931696    102002.7029850793
615000    -10958.9176094919        91.0133958858       976.8300233566    102002.7029850793
616000    -10958.8529515480        91.0161993838       976.5117993974    102002.7029850793
617000    -10958.8120696746        91.0153934785       976.6748148598    102002.7029850793
618000    -10958.8251884107        91.0126774667       976.5801345881    102002.7029850793
619000    -10958.8844702939        91.0097376559       975.9234049390    102002.7029850793
620000    -10958.8736611993        91.0070799370       976.0125904626    102002.7029850793
621000    -10958.8861990781        91.0058569397       975.6963494011    102002.7029850793
622000    -10958.8959688927        91.0033271864       975.5713244709    102002.7029850794
623000    -10958.8138681603        91.0044088762       975.5193172332    102002.7029850794
624000    -10958.8283753112        91.0029879746       975.0474628989    102002.7029850794
625000    -10958.7303761597        91.0079678863       975.0518272663    102002.7029850794
626000    -10958.7511678394        91.0058791710       975.0050995268    102002.7029850794
627000    -10958.6830579703        91.0096460110       974.8876991608    102002.7029850794
628000    -10958.7189743759        91.0077753418       974.7202754772    102002.7029850794
629000    -10958.7145481564        91.0082192220       974.2991728070    102002.7029850794
630000    -10958.6747409775        91.0095706901       974.1679215062    102002.7029850794
631000    -10958.6478756290        91.0109545084       973.8999363450    102002.7029850794
632000    -10958.5861382794        91.0136896125       973.8205202771    102002.7029850794
633000    -10958.4525101136        91.0183753307       973.8204592738    102002.7029850794
634000    -10958.4868235494        91.0161646170       973.6473308495    102002.7029850794
635000    -10958.4766305358        91.0160867613       973.4693339862    102002.7029850794
636000    -10958.4107113796        91.0194268978       973.2590220758    102002.7029850794
637000    -10958.3729932993        91.0202044840       973.2518308514    102002.7029850794
638000    -10958.3779548015        91.0186473022       973.2196422322    102002.7029850794
639000    -10958.3590840512        91.0179976057       973.4535993293    102002.7029850794
640000    -10958.3816172149        91.0172729530       973.4414203488    102002.7029850794
641000    -10958.4141308355        91.0162238374       973.1397787705    102002.7029850794
642000    -10958.4805910489        91.0130400622       973.1867912406    102002.7029850794
643000    -10958.4123236516        91.0165991494       973.2496273982    102002.7029850794
644000    -10958.3313585474        91.0199401120       973.3940658635    102002.7029850794
645000    -10958.3306451851        91.0193119859       973.2708797778    102002.7029850794
646000    -10958.3430764108        91.0208698171       972.7677185576    102002.7029850795
647000    -10958.3277579663        91.0226008209       972.7441947550    102002.7029850795
648000    -10958.3107834521        91.0249078875       972.5090779046    102002.7029850795
649000    -10958.3133077248        91.0249905981       972.4536525374    102002.7029850795
650000    -10958.2965171752        91.0262663659       972.3228208370    102002.7029850795
651000    -10958.3727785194        91.0247766120       972.0858158441    102002.7029850795
652000    -10958.4608948345        91.0212279851       971.8739384467    102002.7029850795
653000    -10958.4015688884        91.0246815345       971.6657916211    102002.7029850795
654000    -10958.4704328852        91.0222965269       971.2524113164    102002.7029850795
655000    -10958.4442822140        91.0233227178       971.1985148753    102002.7029850795
656000    -10958.3773483518        91.0253172187       971.1066828296    102002.7029850795
657000    -10958.3634776184        91.0271652167       970.9192102980    102002.7029850795
658000    -10958.2664189720        91.0316374669       971.0295801250    102002.7029850795
659000    -10958.3022929658        91.0296991073       970.6168514684    102002.7029850795
660000    -10958.2891810829        91.0301257229       970.5295965280    102002.7029850795
661000    -10958.3521717111        91.0279002114       970.4762631723    102002.7029850795
662000    -10958.3226035924        91.0295449827       970.5534481933    102002.7029850795
663000    -10958.3442084948        91.0285359855       970.8903195868    102002.7029850795
664000    -10958.3149470044        91.0302564497       970.8471390239    102002.7029850795
665000    -10958.2660672443        91.0333688501       970.9452482838    102002.7029850795
666000    -10958.2828090538        91.0327658381       970.7146773340    102002.7029850795
667000    -10958.2990421118        91.0321594677       970.6425790172    102002.7029850795
668000    -10958.3031383512        91.0315321554       970.6460299237    102002.7029850795
669000    -10958.2919427437        91.0315233083       970.7488296870    102002.7029850795
670000    -10958.2836336686        91.0321340542       970.6707228985    102002.7029850795
671000    -10958.3118679344        91.0306825583       970.4990675327    102002.7029850795
672000    -10958.3102143513        91.0307575277       970.3236965750    102002.7029850795
673000    -10958.3762132042        91.0279717826       970.2513620817    102002.7029850795
674000    -10958.3690827626        91.0283056799       970.3107084399    102002.7029850794
675000    -10958.3719496139        91.0280873487       970.2364642607    102002.7029850794
676000    -10958.3672223605        91.0280313230       970.3969397889    102002.7029850794
677000    -10958.3900982612        91.0285326747       970.0146267148    102002.7029850794
678000    -10958.3467077661        91.0307722853       970.0881686818    102002.7029850794
679000    -10958.3414128002        91.0306070119       970.1066978490    102002.7029850794
680000    -10958.3398088815        91.0312791452       970.1058903981    102002.7029850794
681000    -10958.3335276826        91.0304247158       970.0084345440    102002.7029850794
682000    -10958.2905881473        91.0329179460       970.0631037009    102002.7029850794
683000    -10958.2747898056        91.0337722771       970.0410688520    102002.7029850794
684000    -10958.3381924614        91.0308897801       969.9589241039    102002.7029850794
685000    -10958.3936655677        91.0277135950       969.9783555220    102002.7029850794
686000    -10958.4175870702        91.0261200513       969.7757100964    102002.7029850794
687000    -10958.4486888247        91.0256908573       969.8485578610    102002.7029850794
688000    -10958.4387044595        91.0269179210       969.9292021507    102002.7029850793
689000    -10958.4710044296        91.0258432637       969.9463575128    102002.7029850793
690000    -10958.5234645013        91.0233259067       970.0622071818    102002.7029850793
691000    -10958.5452146542        91.0233142523       970.1546047550    102002.7029850793
692000    -10958.5504198760        91.0237045115       970.1059895348    102002.7029850793
693000    -10958.5641333787        91.0233294573       969.8960564690    102002.7029850793
694000    -10958.6346635582        91.0211656038       969.6383791021    102002.7029850793
695000    -10958.6009823851        91.0231878975       969.6684228650    102002.7029850793
696000    -10958.5825236429        91.0247930201       969.7056906137    102002.7029850793
697000    -10958.5919117956        91.0246841505       969.6504808213    102002.7029850793
698000    -10958.5851780057        91.0260107430       969.4884756555    102002.7029850793
699000    -10958.6010687159        91.0264145157       969.3113242304    102002.7029850793
700000    -10958.6139199604        91.0259222439       969.3422254570    102002.7029850793
701000    -10958.6545575437        91.0245347029       969.2085821548    102002.7029850793
702000    -10958.7113381884        91.0220611639       969.1917562994    102002.7029850793
703000    -10958.7043395646        91.0232434091       969.2116480554    102002.7029850793
704000    -10958.7322967885        91.0219504383       968.9479049293    102002.7029850792
705000    -10958.7179014218        91.0231489451       968.9910447445    102002.7029850792
706000    -10958.6975076941        91.0248301153       969.0172040866    102002.7029850792
707000    -10958.6762049503        91.0265346826       969.1876878413    102002.7029850792
708000    -10958.6810366670        91.0268876399       969.0340888569    102002.7029850792
709000    -10958.7337055184        91.0252587037       968.6874585324    102002.7029850792
710000    -10958.7587583858        91.0244421380       968.6524004326    102002.7029850792
711000    -10958.7814606607        91.0233865296       968.4863448535    102002.7029850792
712000    -10958.8140373510        91.0225487795       968.3147193329    102002.7029850792
713000    -10958.8105490472        91.0233637174       968.2183662043    102002.7029850792
714000    -10958.7881887928        91.0251353926       968.0904168764    102002.7029850792
715000    -10958.7893671896        91.0260102803       967.8975349085    102002.7029850792
716000    -10958.7738565139        91.0274070605       967.8703839826    102002.7029850792
717000    -10958.7589782899        91.0289922178       967.9331177583    102002.7029850792
718000    -10958.7901426498        91.0270553295       967.7551359043    102002.7029850792
719000    -10958.7511518886        91.0279394234       967.8326459283    102002.7029850792
720000    -10958.7396254043        91.0290278471       967.7462176108    102002.7029850792
721000    -10958.7088562024        91.0303001840       967.7217871736    102002.7029850792
722000    -10958.7047467891        91.0310832441       967.5577878673    102002.7029850792
723000    -10958.6699727905        91.0317636057       967.4749251513    102002.7029850792
724000    -10958.7502364160        91.0287653074       967.2041206725    102002.7029850791
725000    -10958.7785177724        91.0278642665       967.0128232572    102002.7029850791
726000    -10958.8265200902        91.0266086288       966.9936701317    102002.7029850791
727000    -10958.7896264953        91.0278718424       966.8653010435    102002.7029850791
728000    -10958.8047131783        91.0275615317       966.8385034739    102002.7029850791
729000    -10958.8094473270        91.0284461899       966.6296370353    102002.7029850791
730000    -10958.8377445292        91.0273435207       966.6791223083    102002.7029850791
731000    -10958.8941812042        91.0259309805       966.5028628644    102002.7029850791
732000    -10958.9149380647        91.0250750647       966.4720861996    102002.7029850791
733000    -10958.9620530130        91.0239060275       966.5000396159    102002.7029850791
734000    -10959.0319738761        91.0209956901       966.4273604702    102002.7029850791
735000    -10959.0479735804        91.0204999989       966.7328232852    102002.7029850791
736000    -10959.0626672776        91.0201277020       966.6820911103    102002.7029850791
737000    -10959.0394603513        91.0209315048       966.8333045456    102002.7029850791
738000    -10959.0364220319        91.0208560373       966.7961279309    102002.7029850791
739000    -10959.0882908685        91.0195753950       966.6080415564    102002.7029850791
740000    -10959.0644042770        91.0214347702       966.5067066276    102002.7029850791
741000    -10959.0722335596        91.0219851816       966.5355526796    102002.7029850791
742000    -10959.0761173436        91.0216870480       966.5796297496    102002.7029850791
743000    -10959.0656453663        91.0220091389       966.7302577183    102002.7029850791
744000    -10959.0784540594        91.0228195616       966.7128625961    102002.7029850791
745000    -10959.0571367881        91.0240317681       966.6940887688    102002.7029850791
746000    -10959.0987785712        91.0233010838       966.7294800292    102002.7029850791
747000    -10959.1220537838        91.0232072310       966.6477550618    102002.7029850791
748000    -10959.0825789350        91.0261978444       966.5944719601    102002.7029850790
749000    -10959.0572264609        91.0278113330       966.6342349973    102002.7029850790
750000    -10959.0674753167        91.0279052157       966.7304020168    102002.7029850790
751000    -10959.0775941252        91.0286071968       966.5835882245    102002.7029850790
752000    -10959.1120821819        91.0282199509       966.5875383957    102002.7029850790
753000    -10959.1684736241        91.0255632413       966.5072132959    102002.7029850790
754000    -10959.1596740074        91.0268527069       966.5602877071    102002.7029850790
755000    -10959.1658380035        91.0268230064       966.4781139585    102002.7029850790
756000    -10959.1966778147        91.0251037219       966.4901675624    102002.7029850790
757000    -10959.2147006966        91.0246721705       966.4788194312    102002.7029850790
758000    -10959.2162437750        91.0251404826       966.4738581453    102002.7029850790
759000    -10959.2238645751        91.0249506168       966.5219569439    102002.7029850790
760000    -10959.2455118470        91.0254618901       966.4133627019    102002.7029850790
761000    -10959.2291346857        91.0261272157       966.5777799977    102002.7029850790
762000    -10959.2368969777        91.0253442301       966.3853517360    102002.7029850790
763000    -10959.2540092103        91.0245819685       966.2492339893    102002.7029850790
764000    -10959.2840993594        91.0228448859       966.1441056304    102002.7029850790
765000    -10959.2755586441        91.0229384782       966.1633686366    102002.7029850790
766000    -10959.2926359497        91.0215264917       966.2857602548    102002.7029850790
767000    -10959.3234895996        91.0203787451       966.3317563053    102002.7029850790
768000    -10959.3231523656        91.0206555180       966.3185551072    102002.7029850790
769000    -10959.3570530413        91.0190645573       966.3444525569    102002.7029850790
770000    -10959.3239512057        91.0215133218       966.4661051625    102002.7029850790
771000    -10959.3286766848        91.0221252889       966.5810062214    102002.7029850790
772000    -10959.3266709727        91.0216878516       966.7434851302    102002.7029850790
773000    -10959.3549371165        91.0203646564       966.8300822662    102002.7029850790
774000    -10959.3741730568        91.0191640703       966.8245499598    102002.7029850790
775000    -10959.4026281658        91.0178316476       966.8566562784    102002.7029850790
776000    -10959.3980980099        91.0179629143       966.7449059557    102002.7029850790
777000    -10959.3597195084        91.0206495865       966.7293009987    102002.7029850789
778000    -10959.3660446429        91.0205889047       966.8055109979    102002.7029850789
779000    -10959.3550851576        91.0211441370       966.6027874587    102002.7029850789
780000    -10959.3646843856        91.0211836962       966.5043104483    102002.7029850789
781000    -10959.3881135923        91.0201512137       966.4942381070    102002.7029850789
782000    -10959.3383562804        91.0218953857       966.3914183293    102002.7029850789
783000    -10959.3488912226        91.0215016582       966.3589590858    102002.7029850789
784000    -10959.3266668123        91.0216333558       966.5059719035    102002.7029850789
785000    -10959.3051967470        91.0231045756       966.7150939615    102002.7029850789
786000    -10959.3074716250        91.0226148940       966.6947785426    102002.7029850789
787000    -10959.3288443867        91.0211740918       966.7680226230    102002.7029850789
788000    -10959.3492496717        91.0202057564       966.9250320717    102002.7029850789
789000    -10959.2951484876        91.0222445625       967.0796412935    102002.7029850789
790000    -10959.2711189755        91.0230163543       967.2967803142    102002.7029850789
791000    -10959.2551261411        91.0232410726       967.3891982845    102002.7029850789
792000    -10959.2998199490        91.0212952588       967.4120506687    102002.7029850789
793000    -10959.3024750753        91.0213511418       967.3437658887    102002.7029850789
794000    -10959.2662231202        91.0225975128       967.4478823750    102002.7029850789
795000    -10959.2420462114        91.0237319398       967.4081583676    102002.7029850789
796000    -10959.2491700871        91.0234743919       967.4735267938    102002.7029850789
797000    -10959.2118422072        91.0258193930       967.5768355507    102002.7029850789
798000    -10959.1998476901        91.0257948583       967.6144793383    102002.7029850789
799000    -10959.1694218593        91.0272402315       967.7330557283    102002.7029850789
800000    -10959.1879792905        91.0261623748       967.6786031060    102002.7029850789
801000    -10959.1940726996        91.0252185162       967.7033520869    102002.7029850789
802000    -10959.1466796704        91.0263651945       967.8373741461    102002.7029850789
803000    -10959.1559505151        91.0251126981       967.8804238888    102002.7029850789
804000    -10959.1554055458        91.0250514669       968.0413250867    102002.7029850789
805000    -10959.1356889919        91.0257795417       968.0983542953    102002.7029850789
806000    -10959.1206888620        91.0265968713       968.0803933677    102002.7029850789
807000    -10959.0926643156        91.0279122430       968.2237187073    102002.7029850789
808000    -10959.0933468734        91.0277919358       968.2422496603    102002.7029850789
809000    -10959.0553464687        91.0286957086       968.4233032607    102002.7029850789
810000    -10959.0312994305        91.0293600181       968.4418958102    102002.7029850789
811000    -10958.9976319021        91.0299631216       968.5275328692    102002.7029850789
812000    -10958.9987680076        91.0290763489       968.6900244697    102002.7029850789
813000    -10959.0035615413        91.0280376824       968.6886432807    102002.7029850789
814000    -10959.0157367342        91.0271412880       968.6639777069    102002.7029850789
815000    -10959.0044700868        91.0265246091       968.6898519436    102002.7029850788
816000    -10958.9610038426        91.0280744705       968.7447047088    102002.7029850788
817000    -10958.8951546762        91.0308166380       968.9572065014    102002.7029850788
818000    -10958.8882270442        91.0306774347       969.1223314425    102002.7029850788
819000    -10958.8576106434        91.0309687044       969.1294459930    102002.7029850788
820000    -10958.8739455111        91.0292466065       969.0828481218    102002.7029850788
821000    -10958.8391592140        91.0300227867       969.0589899051    102002.7029850788
822000    -10958.8086513316        91.0304894009       969.2376392096    102002.7029850788
823000    -10958.8073689325        91.0305165243       969.2951338452    102002.7029850788
824000    -10958.7780296302        91.0305515644       969.4145031544    102002.7029850788
825000    -10958.7530635073        91.0310305268       969.6374086303    102002.7029850788
826000    -10958.7491625648        91.0308032795       969.6635548256    102002.7029850788
827000    -10958.7326207043        91.0312251587       969.7625044498    102002.7029850788
828000    -10958.7411126556        91.0308380372       969.8028840097    102002.7029850788
829000    -10958.7545906355        91.0299626195       969.8569850923    102002.7029850788
830000    -10958.7477135334        91.0294828830       969.8655339714    102002.7029850788
831000    -10958.7552391061        91.0287860357       969.9157964060    102002.7029850788
832000    -10958.7901436410        91.0270858804       969.9544230828    102002.7029850788
833000    -10958.7611099811        91.0284991098       970.0706360896    102002.7029850788
834000    -10958.7245404216        91.0294539435       970.0936535921    102002.7029850788
835000    -10958.7043521625        91.0300196900       970.0340715380    102002.7029850788
836000    -10958.7209341684        91.0285324397       969.9366953927    102002.7029850788
837000    -10958.7059212292        91.0284860759       969.8455879849    102002.7029850788
838000    -10958.6951978486        91.0282664758       969.9396066654    102002.7029850788
839000    -10958.6797212775        91.0289749110       970.0339157422    102002.7029850788
840000    -10958.6750378781        91.0288513579       969.9770499213    102002.7029850788
841000    -10958.7008075868        91.0273194732       969.8802274250    102002.7029850788
842000    -10958.7246731564        91.0264480950       969.9278769959    102002.7029850788
843000    -10958.7289052282        91.0261893610       969.8821859553    102002.7029850788
844000    -10958.6935632052        91.0280090252       969.8941680887    102002.7029850788
845000    -10958.6815886716        91.0280671218       970.0564761896    102002.7029850788
846000    -10958.6959263650        91.0272817778       970.0129662389    102002.7029850788
847000    -10958.6618104910        91.0294241168       970.1394967142    102002.7029850788
848000    -10958.6635149493        91.0290755605       970.1060058094    102002.7029850788
849000    -10958.6762571486        91.0281208769       969.9717188555    102002.7029850788
850000    -10958.6499616754        91.0293851757       969.9623264047    102002.7029850788
851000    -10958.6558251086        91.0289831207       970.0365514389    102002.7029850788
852000    -10958.6584425169        91.0288085852       969.9401680030    102002.7029850788
853000    -10958.6674022200        91.0284692438       969.8506406232    102002.7029850788
854000    -10958.6619865205        91.0287956824       969.8302375262    102002.7029850788
855000    -10958.6447190400        91.0292227434       969.8250847781    102002.7029850788
856000    -10958.6655313185        91.0283690680       969.7508730034    102002.7029850788
857000    -10958.6989960427        91.0276122249       969.6997774924    102002.7029850788
858000    -10958.7093903671        91.0274830106       969.6644151690    102002.7029850788
859000    -10958.7064351360        91.0274566868       969.5856364723    102002.7029850788
860000    -10958.7158798575        91.0268817128       969.6355455019    102002.7029850788
861000    -10958.7511551022        91.0256120915       969.6079570884    102002.7029850788
862000    -10958.7491152518        91.0260203562       969.4519431897    102002.7029850788
863000    -10958.7502236178        91.0262248698       969.4744135946    102002.7029850788
864000    -10958.7588132466        91.0254442588       969.5621040104    102002.7029850788
865000    -10958.7666552952        91.0251051699       969.5471416448    102002.7029850788
866000    -10958.7662152878        91.0242364167       969.4898781230    102002.7029850788
867000    -10958.7734217010        91.0240615100       969.4391147538    102002.7029850788
868000    -10958.7805340753        91.0237533216       969.3595438007    102002.7029850788
869000    -10958.8324340397        91.0214370683       969.1465567797    102002.7029850788
870000    -10958.8810515765        91.0198713479       969.0133657617    102002.7029850787
871000    -10958.8903113664        91.0195035221       969.0676343666    102002.7029850787
872000    -10958.8771514254        91.0205870990       969.0480196516    102002.7029850787
873000    -10958.8704005871        91.0211064116       969.0999689971    102002.7029850787
874000    -10958.8448339057        91.0218653725       969.2324821288    102002.7029850787
875000    -10958.8467141736        91.0222501744       969.3047479186    102002.7029850787
876000    -10958.8741614538        91.0209147431       969.3017660928    102002.7029850787
877000    -10958.8955146957        91.0203037185       969.3130453476    102002.7029850787
878000    -10958.9079625613        91.0198961481       969.3253526733    102002.7029850787
879000    -10958.9366343117        91.0193194575       969.1241134184    102002.7029850787
880000    -10958.9205431289        91.0205750655       969.1268115477    102002.7029850787
881000    -10958.9367441556        91.0194983418       969.0922225766    102002.7029850787
882000    -10958.9544868440        91.0187226342       969.0569879513    102002.7029850787
883000    -10958.9587461273        91.0190664666       969.0040187571    102002.7029850787
884000    -10958.9614679106        91.0191767723       968.9279995746    102002.7029850787
885000    -10958.9481040041        91.0200721110       968.8326445133    102002.7029850787
886000    -10958.9439143935        91.0204534185       968.8548516806    102002.7029850787
887000    -10958.9520280917        91.0200362746       968.8268651507    102002.7029850787
888000    -10958.9521455562        91.0200712835       968.8087820972    102002.7029850787
889000    -10958.9763974567        91.0187184965       968.8274892819    102002.7029850787
890000    -10958.9654576730        91.0194859331       968.7929345436    102002.7029850787
891000    -10958.9311492542        91.0210226816       968.6927724276    102002.7029850787
892000    -10958.9499508101        91.0199330710       968.6598048456    102002.7029850787
893000    -10958.9338088866        91.0202087723       968.6598501067    102002.7029850787
894000    -10958.9198076273        91.0204098605       968.5832136258    102002.7029850787
895000    -10958.9054124926        91.0212229545       968.4328158256    102002.7029850787
896000    -10958.9305039396        91.0196420884       968.3236601719    102002.7029850787
897000    -10958.9683647896        91.0180293024       968.2139866255    102002.7029850787
898000    -10958.9780953160        91.0176265457       968.1828091893    102002.7029850787
899000    -10959.0068816920        91.0160835308       968.0182688397    102002.7029850787
900000    -10959.0280524865        91.0150607148       967.8992080842    102002.7029850787
901000    -10959.0418894835        91.0151378670       967.7332003667    102002.7029850787
902000    -10959.0354327766        91.0160034032       967.5617523423    102002.7029850787
903000    -10959.0427660185        91.0166469061       967.3710179959    102002.7029850787
904000    -10959.0614686407        91.0160356473       967.3121878428    102002.7029850787
905000    -10959.0428827346        91.0168329212       967.3447081149    102002.7029850787
906000    -10959.0544840403        91.0168618240       967.4213298431    102002.7029850787
907000    -10959.0373381771        91.0180097337       967.3458912836    102002.7029850787
908000    -10959.0382404223        91.0184521675       967.1893659337    102002.7029850787
909000    -10959.0624221451        91.0180795888       967.1166362028    102002.7029850787
910000    -10959.0362095693        91.0193744429       967.0158491889    102002.7029850787
911000    -10959.0387198059        91.0194553353       966.8667652791    102002.7029850787
912000    -10959.0243439107        91.0206276027       966.7872680860    102002.7029850787
913000    -10959.0355643026        91.0204474218       966.7117310411    102002.7029850787
914000    -10959.0394195732        91.0203246848       966.7193175978    102002.7029850787
915000    -10959.0161566370        91.0214555964       966.6848270098    102002.7029850787
916000    -10959.0114702224        91.0210969742       966.5614258170    102002.7029850787
917000    -10959.0037170665        91.0212269315       966.5223727963    102002.7029850787
918000    -10958.9867667456        91.0226129809       966.4735087098    102002.7029850787
919000    -10958.9700451777        91.0233984179       966.3918470969    102002.7029850787
920000    -10958.9521609985        91.0241081722       966.3186350148    102002.7029850787
921000    -10958.9391647835        91.0247990144       966.3444367289    102002.7029850787
922000    -10958.9347890594        91.0249970855       966.2032899454    102002.7029850787
923000    -10958.9684012175        91.0235198245       966.0037927193    102002.7029850787
924000    -10958.9495083170        91.0243987838       965.9391393593    102002.7029850787
925000    -10958.9601900553        91.0241566640       965.7975859891    102002.7029850787
926000    -10958.9511452093        91.0243297053       965.7732793547    102002.7029850787
927000    -10958.9376041647        91.0250321054       965.7336918986    102002.7029850786
928000    -10958.9351271577        91.0252464545       965.6790699521    102002.7029850786
929000    -10958.9136081577        91.0262189651       965.6509315178    102002.7029850786
930000    -10958.8943490857        91.0269009106       965.6802872420    102002.7029850786
931000    -10958.8776922423        91.0272368931       965.5960358741    102002.7029850786
932000    -10958.8702058853        91.0268872339       965.5501356302    102002.7029850786
933000    -10958.8745781820        91.0261855014       965.4786167695    102002.7029850786
934000    -10958.8910520924        91.0257099836       965.4492875234    102002.7029850786
935000    -10958.8791774623        91.0265114357       965.3359399362    102002.7029850786
936000    -10958.8738372363        91.0272040219       965.3258535196    102002.7029850786
937000    -10958.8675316685        91.0276277751       965.1829786328    102002.7029850786
938000    -10958.8831763336        91.0268307555       964.9909348310    102002.7029850786
939000    -10958.9165114517        91.0256249334       964.9458930713    102002.7029850786
940000    -10958.9157860339        91.0254735508       964.8639948750    102002.7029850786
941000    -10958.9252526150        91.0249763129       964.7800197150    102002.7029850786
942000    -10958.9350797393        91.0245213104       964.6686233568    102002.7029850786
943000    -10958.9340210823        91.0244133114       964.6975519136    102002.7029850786
944000    -10958.9245160740        91.0249654681       964.6674990141    102002.7029850786
945000    -10958.9016687367        91.0262332118       964.6407127271    102002.7029850786
946000    -10958.9032072785        91.0261316445       964.5456201947    102002.7029850786
947000    -10958.9156584099        91.0259883184       964.5658137424    102002.7029850786
948000    -10958.9469667236        91.0248413372       964.4634866849    102002.7029850786
949000    -10958.9644393586        91.0242227925       964.4129265559    102002.7029850786
950000    -10958.9713688895        91.0238581175       964.2890595758    102002.7029850786
951000    -10959.0003489158        91.0227742744       964.2216347606    102002.7029850786
952000    -10959.0043622411        91.0225559505       964.2119534318    102002.7029850786
953000    -10959.0241396423        91.0216269263       964.1555558129    102002.7029850786
954000    -10959.0201403152        91.0219182030       964.0969099293    102002.7029850786
955000    -10959.0451726595        91.0206814783       963.9708738270    102002.7029850786
956000    -10959.0317909411        91.0210021766       963.9810398898    102002.7029850786
957000    -10959.0529017785        91.0198177445       963.9445017559    102002.7029850786
958000    -10959.0659060997        91.0190392245       963.9899749732    102002.7029850786
959000    -10959.0648930511        91.0189176159       963.9852635024    102002.7029850786
960000    -10959.0728749243        91.0188779884       963.8669445757    102002.7029850786
961000    -10959.0709269175        91.0190865705       963.8705385655    102002.7029850786
962000    -10959.0866045273        91.0187043334       963.8446569755    102002.7029850786
963000    -10959.0847534816        91.0183751261       963.9514682112    102002.7029850786
964000    -10959.0715800966        91.0190166298       963.8975576067    102002.7029850786
965000    -10959.0707826004        91.0189635135       963.9110354817    102002.7029850786
966000    -10959.0704141332        91.0191095296       963.9496172072    102002.7029850786
967000    -10959.0777368035        91.0181475127       963.9650043889    102002.7029850786
968000    -10959.0499391515        91.0187004859       964.0120324780    102002.7029850786
969000    -10959.0365504743        91.0193958277       964.0054032521    102002.7029850786
970000    -10959.0026075639        91.0204046283       964.0453119893    102002.7029850786
971000    -10958.9854019589        91.0207430162       964.0229069225    102002.7029850786
972000    -10958.9670065898        91.0211431016       963.8663311599    102002.7029850786
973000    -10958.9439912473        91.0217043038       963.7879360650    102002.7029850786
974000    -10958.9574853884        91.0206849174       963.6689125838    102002.7029850786
975000    -10958.9402791966        91.0206163447       963.6226900439    102002.7029850786
976000    -10958.9253170572        91.0210073639       963.5922420999    102002.7029850786
977000    -10958.9210395804        91.0208302116       963.6071190011    102002.7029850786
978000    -10958.9033779297        91.0206411263       963.5907941195    102002.7029850786
979000    -10958.8845059707        91.0210637746       963.5173831945    102002.7029850786
980000    -10958.8739590492        91.0209773913       963.3923380092    102002.7029850786
981000    -10958.8915945733        91.0198086478       963.2672410709    102002.7029850786
982000    -10958.8974944871        91.0191789204       963.2257515666    102002.7029850786
983000    -10958.8918950752        91.0190929957       963.1754574116    102002.7029850786
984000    -10958.8610914092        91.0196093775       963.2397301328    102002.7029850786
985000    -10958.8260622121        91.0205999247       963.2365892620    102002.7029850786
986000    -10958.8361430480        91.0199243944       963.1583095419    102002.7029850786
987000    -10958.8019068085        91.0209643562       963.2166260161    102002.7029850786
988000    -10958.8037762139        91.0202704440       963.1787133306    102002.7029850786
989000    -10958.7972367923        91.0204380006       963.1159033114    102002.7029850786
990000    -10958.7792996760        91.0212397067       963.0729807442    102002.7029850786
991000    -10958.7602391188        91.0220666299       963.0681374621    102002.7029850786
992000    -10958.7591437329        91.0222988723       963.0109432208    102002.7029850786
993000    -10958.7601837453        91.0224505472       962.9786331264    102002.7029850786
994000    -10958.7518760372        91.0228716705       962.9004414068    102002.7029850786
995000    -10958.7629420391        91.0221969911       962.8558919553    102002.7029850786
996000    -10958.7674962225        91.0222264530       962.8495342798    102002.7029850786
997000    -10958.7653249301        91.0223309610       962.8204074447    102002.7029850786
998000    -10958.7565685947        91.0227503382       962.7943706873    102002.7029850786
999000    -10958.7529943383        91.0226007353       962.7853134140    102002.7029850786
1000000    -10958.7371259126        91.0233521795       962.8254321659    102002.7029850786
