# Time-averaged data for fix runningavgs
# TimeStep v_ra_etotal v_ra_temp v_ra_press v_ra_volume
502000     -6455.3369568305       129.1369122313      -572.9167587940    102002.7029850792
503000     -6449.7384977931       129.6832132348      -573.0496484214    102002.7029850792
504000     -6449.0645634716       129.7822698545      -580.8185911706    102002.7029850792
505000     -6445.6728027667       130.1442645402      -594.2016512979    102002.7029850792
506000     -6445.7683723256       130.1474854684      -598.4618823040    102002.7029850792
507000     -6444.4232633883       130.2797281239      -603.6742345486    102002.7029850792
508000     -6445.5820554903       130.1687758353      -604.3754317051    102002.7029850792
509000     -6445.1508930012       130.2199446275      -603.7776823285    102002.7029850792
510000     -6445.1212921248       130.2322638723      -605.9756618180    102002.7029850792
511000     -6446.3769034951       130.1090316640      -608.5979247533    102002.7029850792
512000     -6445.8464100958       130.1520004252      -610.0187155432    102002.7029850792
513000     -6446.3141502540       130.1186658862      -609.6210303199    102002.7029850792
514000     -6447.5909422271       130.0008546170      -607.2115954342    102002.7029850792
515000     -6447.4354217976       130.0030753373      -605.6257515476    102002.7029850792
516000     -6447.4786386589       130.0009103217      -606.2012192579    102002.7029850792
517000     -6447.2971357034       130.0204592249      -607.5948696739    102002.7029850792
518000     -6447.0293606146       130.0577407857      -610.0921064072    102002.7029850792
519000     -6446.6932048114       130.0922092873      -611.1589381875    102002.7029850792
520000     -6446.5031468586       130.1133449336      -612.2484296384    102002.7029850792
521000     -6446.5659860962       130.1013516415      -611.8226054187    102002.7029850792
522000     -6447.3520390739       130.0258510215      -611.5193601336    102002.7029850792
523000     -6447.8107653007       129.9840850993      -611.5594096380    102002.7029850792
524000     -6448.2727533958       129.9420915955      -611.9018283444    102002.7029850792
525000     -6448.2495038101       129.9476657600      -613.8547040558    102002.7029850792
526000     -6448.1431324216       129.9558767000      -613.1318194918    102002.7029850792
527000     -6447.9803987972       129.9705596863      -610.8329713344    102002.7029850792
528000     -6447.7016749856       129.9968936106      -610.9908176760    102002.7029850792
529000     -6448.3420464769       129.9379492537      -612.1052101112    102002.7029850792
530000     -6448.3892589824       129.9355997633      -612.9969546133    102002.7029850792
531000     -6448.8389054720       129.8919056943      -613.8765759163    102002.7029850792
532000     -6448.5973530624       129.9187549919      -613.5026498533    102002.7029850792
533000     -6448.1540892251       129.9584892126      -613.6200192529    102002.7029850792
534000     -6447.8880282010       129.9825221244      -612.6757043170    102002.7029850792
535000     -6447.7876111009       129.9911488278      -611.7004734310    102002.7029850792
536000     -6447.7433308710       129.9951370952      -613.1915456596    102002.7029850792
537000     -6448.0262468113       129.9719673022      -613.9068037888    102002.7029850792
538000     -6448.1549747776       129.9627312258      -614.1792087711    102002.7029850792
539000     -6448.2513540864       129.9507709151      -614.1032595645    102002.7029850791
540000     -6448.4160721443       129.9336427532      -613.3859931532    102002.7029850791
541000     -6448.5046757753       129.9281675028      -612.7699030961    102002.7029850791
542000     -6448.5924969356       129.9183180261      -613.5170087945    102002.7029850791
543000     -6448.7813093528       129.9034324816      -614.4038818609    102002.7029850791
544000     -6448.8646908540       129.8978499788      -615.6566642404    102002.7029850791
545000     -6448.9963272793       129.8876378580      -615.8271459239    102002.7029850791
546000     -6448.9081035715       129.8947233395      -614.3780115296    102002.7029850791
547000     -6449.2119514795       129.8632797105      -613.3100966452    102002.7029850791
548000     -6449.1330590823       129.8703618374      -612.3427318955    102002.7029850791
549000     -6449.0855527705       129.8744721430      -612.2579509128    102002.7029850791
550000     -6449.3062312508       129.8508802087      -612.6697766119    102002.7029850791
551000     -6449.2767329954       129.8556262453      -613.3060884402    102002.7029850791
552000     -6449.0825613610       129.8730692623      -613.0641365537    102002.7029850791
553000     -6449.0229897173       129.8787444493      -612.6030571755    102002.7029850791
554000     -6448.7014730125       129.9084919898      -611.8369598821    102002.7029850791
555000     -6448.5717583839       129.9208853259      -611.8265625127    102002.7029850791
556000     -6448.5086944623       129.9282768353      -611.9926066174    102002.7029850791
557000     -6448.5979158701       129.9184179521      -611.8207934783    102002.7029850791
558000     -6448.8632033480       129.8937637306      -611.8363092672    102002.7029850791
559000     -6448.8990469311       129.8903794917      -611.2860639234    102002.7029850791
560000     -6448.8508919998       129.8928753051      -610.6066385375    102002.7029850791
561000     -6448.6906636140       129.9063184846      -610.1525123560    102002.7029850791
562000     -6448.5937710504       129.9153202644      -610.1324973044    102002.7029850791
563000     -6448.7607292494       129.9006678043      -610.2435586389    102002.7029850791
564000     -6448.7957230519       129.8993410670      -611.1276232407    102002.7029850791
565000     -6448.7720661413       129.9022679567      -611.1224958625    102002.7029850791
566000     -6448.7519263342       129.9041398366      -610.5739542184    102002.7029850791
567000     -6448.5708040055       129.9209950222      -609.6091373175    102002.7029850791
568000     -6448.3993749276       129.9345622519      -609.4413648585    102002.7029850791
569000     -6448.2086762048       129.9530947088      -608.6397186127    102002.7029850791
570000     -6448.1457055749       129.9585681381      -608.1851400406    102002.7029850791
571000     -6448.0684018930       129.9653357713      -608.0548845052    102002.7029850791
572000     -6448.3007063135       129.9439335763      -607.5866538982    102002.7029850791
573000     -6448.2847313110       129.9447199867      -606.8473179160    102002.7029850791
574000     -6448.3871330410       129.9362183615      -606.2511241030    102002.7029850791
575000     -6448.4111868951       129.9332272523      -606.3204563299    102002.7029850791
576000     -6448.4860608562       129.9267778649      -606.3622639488    102002.7029850791
577000     -6448.6286373898       129.9125206288      -605.8086466030    102002.7029850791
578000     -6448.6506247199       129.9084008251      -605.6987833433    102002.7029850791
579000     -6448.7559324585       129.8974403611      -605.6528655439    102002.7029850791
580000     -6448.7705839435       129.8968358001      -605.3081852559    102002.7029850791
581000     -6448.7724408462       129.8952740204      -604.6636283361    102002.7029850791
582000     -6448.7524246812       129.8972200878      -604.8348545649    102002.7029850791
583000     -6448.8378373260       129.8900740295      -604.6997914893    102002.7029850791
584000     -6449.0044346901       129.8729760356      -604.4850544432    102002.7029850791
585000     -6449.0404206218       129.8693700855      -604.7614074488    102002.7029850791
586000     -6448.8943938358       129.8837228770      -604.1145148475    102002.7029850791
587000     -6448.8128459987       129.8919145639      -603.4385923268    102002.7029850791
588000     -6448.6677780597       129.9039712926      -602.9764068378    102002.7029850791
589000     -6448.6478171824       129.9058055565      -603.3336525574    102002.7029850791
590000     -6448.5977661033       129.9110989413      -603.0188291719    102002.7029850791
591000     -6448.5533549950       129.9156251831      -603.0335483726    102002.7029850792
592000     -6448.5540885219       129.9154177575      -602.6710729065    102002.7029850792
593000     -6448.6392772197       129.9067822960      -602.3900704751    102002.7029850792
594000     -6448.7604558156       129.8960792270      -602.0185597182    102002.7029850792
595000     -6448.7138496907       129.9004607737      -601.8343195712    102002.7029850792
596000     -6448.5525790396       129.9143412881      -601.9854347534    102002.7029850792
597000     -6448.4799665991       129.9221857351      -601.6088255291    102002.7029850792
598000     -6448.4711322685       129.9223510316      -600.9730037345    102002.7029850792
599000     -6448.4991732020       129.9182095678      -600.4287928720    102002.7029850792
600000     -6448.5461340841       129.9135407858      -599.8807909589    102002.7029850792
601000     -6448.5574022461       129.9118703331      -599.4186949684    102002.7029850792
602000     -6448.5439509676       129.9149133072      -599.4991637629    102002.7029850792
603000     -6448.4264858992       129.9254911696      -599.5624923087    102002.7029850792
604000     -6448.3092335665       129.9358446816      -599.0059391821    102002.7029850793
605000     -6448.2952015315       129.9369625098      -598.2494310845    102002.7029850793
606000     -6448.3426681270       129.9318165753      -597.7381230109    102002.7029850793
607000     -6448.3390386367       129.9308216499      -596.7909585126    102002.7029850793
608000     -6448.2432887600       129.9383845281      -596.2640854086    102002.7029850793
609000     -6448.1535440943       129.9461874386      -596.1887000594    102002.7029850793
610000     -6448.1623852266       129.9435978947      -595.6569516222    102002.7029850793
611000     -6448.2024794597       129.9375629544      -595.1134190153    102002.7029850793
612000     -6448.1837895375       129.9384999816      -594.7373386782    102002.7029850793
613000     -6448.0232446950       129.9528340847      -594.3847051873    102002.7029850793
614000     -6448.0456117089       129.9508207024      -594.1289039794    102002.7029850793
615000     -6448.1564315493       129.9403800711      -593.8207963669    102002.7029850793
616000     -6448.1431217671       129.9412237604      -593.4373556914    102002.7029850793
617000     -6448.1311112777       129.9415393528      -593.1085835915    102002.7029850793
618000     -6448.0635452108       129.9469218030      -592.4320705565    102002.7029850793
619000     -6447.9489373675       129.9578258580      -591.7428132579    102002.7029850793
620000     -6447.9442965036       129.9578670553      -591.3735099442    102002.7029850793
621000     -6447.9093189726       129.9615142135      -591.1590655972    102002.7029850793
622000     -6447.8064314083       129.9706521224      -590.8050960774    102002.7029850794
623000     -6447.7123253853       129.9802961546      -590.4627736164    102002.7029850794
624000     -6447.8248568623       129.9690408432      -590.1819566549    102002.7029850794
625000     -6447.8966881664       129.9620574824      -589.4998173483    102002.7029850794
626000     -6447.9102160778       129.9601494350      -589.3013952547    102002.7029850794
627000     -6447.8065583280       129.9704142074      -589.0183782575    102002.7029850794
628000     -6447.7295858779       129.9776270386      -588.8892651750    102002.7029850794
629000     -6447.6657226975       129.9834903355      -588.7759341879    102002.7029850794
630000     -6447.6221693787       129.9870233348      -588.7098145951    102002.7029850794
631000     -6447.6387824836       129.9854923486      -588.1256934229    102002.7029850794
632000     -6447.6946937971       129.9792624169      -587.5811688391    102002.7029850794
633000     -6447.6471679711       129.9840063567      -587.6306189854    102002.7029850794
634000     -6447.5699702334       129.9911743134      -587.7811499126    102002.7029850794
635000     -6447.6173006554       129.9877951797      -587.8704818156    102002.7029850794
636000     -6447.7109094436       129.9786307189      -587.6588085386    102002.7029850794
637000     -6447.6678287025       129.9815433063      -587.4890587761    102002.7029850794
638000     -6447.7413763802       129.9744773586      -587.2936942297    102002.7029850794
639000     -6447.7425813565       129.9739027443      -587.2040909675    102002.7029850794
640000     -6447.6315472942       129.9835590856      -587.1166974372    102002.7029850794
641000     -6447.6327785759       129.9837295671      -587.3396024709    102002.7029850794
642000     -6447.5959195741       129.9872769736      -587.3342323045    102002.7029850794
643000     -6447.5860119499       129.9882209433      -587.1010217730    102002.7029850794
644000     -6447.5400732346       129.9915359520      -586.9519058112    102002.7029850794
645000     -6447.4815188294       129.9970143579      -586.5703935362    102002.7029850794
646000     -6447.4117649385       130.0027593314      -586.4768561384    102002.7029850795
647000     -6447.3823989979       130.0055912380      -586.6163711866    102002.7029850795
648000     -6447.4581639228       129.9979056155      -586.7807824106    102002.7029850795
649000     -6447.4680863974       129.9974628289      -586.7987673480    102002.7029850795
650000     -6447.5055408002       129.9932512373      -586.9013672387    102002.7029850795
651000     -6447.5665245515       129.9873078554      -586.8140392354    102002.7029850795
652000     -6447.5863229623       129.9846819830      -586.6524702447    102002.7029850795
653000     -6447.5936256190       129.9843176838      -586.5241148231    102002.7029850795
654000     -6447.5592282740       129.9872833727      -586.5666208274    102002.7029850795
655000     -6447.5152213048       129.9919315750      -586.5808376666    102002.7029850795
656000     -6447.5095880950       129.9924201740      -586.2321950155    102002.7029850795
657000     -6447.5385619563       129.9899793743      -586.0321887321    102002.7029850795
658000     -6447.5139646246       129.9916566675      -585.6803213510    102002.7029850795
659000     -6447.4617625973       129.9959243896      -585.3391296981    102002.7029850795
660000     -6447.3876533682       130.0022447621      -585.1924315861    102002.7029850795
661000     -6447.4017287909       130.0013459277      -585.3747752741    102002.7029850795
662000     -6447.3566655214       130.0055109919      -585.3155460462    102002.7029850795
663000     -6447.3335323545       130.0079088815      -585.0775692331    102002.7029850795
664000     -6447.3745330981       130.0041884864      -585.0761079120    102002.7029850795
665000     -6447.4597050469       129.9960685269      -585.1235154839    102002.7029850795
666000     -6447.4913735684       129.9933055318      -585.0597486343    102002.7029850795
667000     -6447.4900367333       129.9935201670      -585.3127213732    102002.7029850795
668000     -6447.3909432916       130.0031275480      -585.3866079509    102002.7029850795
669000     -6447.4003737719       130.0026116205      -585.2972703754    102002.7029850795
670000     -6447.4555101680       129.9970997556      -585.2942038303    102002.7029850795
671000     -6447.4610213973       129.9970583145      -585.1747395413    102002.7029850795
672000     -6447.4617765880       129.9972754677      -585.2518152297    102002.7029850795
673000     -6447.4750977522       129.9960127880      -585.3015853010    102002.7029850795
674000     -6447.5153597597       129.9919252472      -585.4160466251    102002.7029850794
675000     -6447.5391764920       129.9895673705      -585.4723882737    102002.7029850794
676000     -6447.5707970059       129.9866708197      -585.1420120112    102002.7029850794
677000     -6447.5721280470       129.9861314477      -585.0170374335    102002.7029850794
678000     -6447.6284835999       129.9810149034      -584.8525100256    102002.7029850794
679000     -6447.5908084670       129.9844021839      -585.0185002767    102002.7029850794
680000     -6447.5775169601       129.9864254636      -585.1175353179    102002.7029850794
681000     -6447.5324211969       129.9910339993      -585.4500772049    102002.7029850794
682000     -6447.4979587119       129.9941790430      -585.5660640433    102002.7029850794
683000     -6447.5195404245       129.9920802565      -585.2880499918    102002.7029850794
684000     -6447.5398001297       129.9893322174      -585.2401833663    102002.7029850794
685000     -6447.5686948342       129.9865757282      -585.0860980118    102002.7029850794
686000     -6447.6065141000       129.9830224707      -585.3061663929    102002.7029850794
687000     -6447.5792913986       129.9854369671      -585.4659857047    102002.7029850794
688000     -6447.5167715271       129.9913384680      -585.3940277878    102002.7029850793
689000     -6447.4739747940       129.9949415724      -585.4524409947    102002.7029850793
690000     -6447.4539591660       129.9972439727      -585.5788135744    102002.7029850793
691000     -6447.4078758624       130.0007718564      -585.3137655061    102002.7029850793
692000     -6447.4692606466       129.9940827358      -585.4105364016    102002.7029850793
693000     -6447.4789462133       129.9933958422      -585.3699824568    102002.7029850793
694000     -6447.4537009873       129.9952953990      -585.4459795761    102002.7029850793
695000     -6447.4293965550       129.9978497653      -585.2950085135    102002.7029850793
696000     -6447.4212559535       129.9984958512      -585.1721156111    102002.7029850793
697000     -6447.4420513643       129.9961660414      -584.9308368853    102002.7029850793
698000     -6447.4493075680       129.9950150232      -584.7475296165    102002.7029850793
699000     -6447.5076924333       129.9890046554      -584.7122973254    102002.7029850793
700000     -6447.5484941396       129.9852541046      -584.7113780874    102002.7029850793
701000     -6447.5971371305       129.9812388970      -584.8275840881    102002.7029850793
702000     -6447.6440717219       129.9764257507      -584.4727072687    102002.7029850793
703000     -6447.6211784512       129.9781930939      -584.4194053365    102002.7029850793
704000     -6447.5808213018       129.9820699263      -584.1721387334    102002.7029850792
705000     -6447.5081626389       129.9887142330      -583.8108752833    102002.7029850792
706000     -6447.4908892068       129.9901666975      -583.9547528230    102002.7029850792
707000     -6447.4934861630       129.9895181276      -584.0378161031    102002.7029850792
708000     -6447.4417182897       129.9940574819      -584.0019498755    102002.7029850792
709000     -6447.4345006386       129.9959562859      -583.8909340277    102002.7029850792
710000     -6447.3923620676       129.9994200374      -584.0671393269    102002.7029850792
711000     -6447.4202386619       129.9968923909      -583.8798131280    102002.7029850792
712000     -6447.4543156144       129.9933449215      -583.6905943975    102002.7029850792
713000     -6447.4251984906       129.9963342390      -583.7686921171    102002.7029850792
714000     -6447.4304733490       129.9958668626      -583.9090314290    102002.7029850792
715000     -6447.4576399789       129.9925514545      -583.6695952570    102002.7029850792
716000     -6447.5069978961       129.9881560997      -583.6160821745    102002.7029850792
717000     -6447.4802376970       129.9901560322      -583.5970147266    102002.7029850792
718000     -6447.4997145810       129.9886863608      -583.4210005392    102002.7029850792
719000     -6447.5035278974       129.9881639012      -583.5413095560    102002.7029850792
720000     -6447.4472076572       129.9926146180      -583.7954654121    102002.7029850792
721000     -6447.4822575371       129.9899994845      -583.6956157239    102002.7029850792
722000     -6447.4811110056       129.9895144618      -583.3943345124    102002.7029850792
723000     -6447.4658742075       129.9906895931      -583.2206719093    102002.7029850792
724000     -6447.4865794844       129.9884264787      -583.1953239306    102002.7029850791
725000     -6447.5391296153       129.9832418918      -583.1812687558    102002.7029850791
726000     -6447.5137819288       129.9858222198      -583.1878475984    102002.7029850791
727000     -6447.5246957770       129.9847734266      -583.3805700458    102002.7029850791
728000     -6447.5128509891       129.9858584925      -583.3252244321    102002.7029850791
729000     -6447.4809084511       129.9889045725      -583.2539899392    102002.7029850791
730000     -6447.4460794287       129.9918219862      -583.0623435099    102002.7029850791
731000     -6447.4444299847       129.9923521215      -582.8356582764    102002.7029850791
732000     -6447.4643309655       129.9904899393      -582.8895091847    102002.7029850791
733000     -6447.5081361183       129.9865756866      -583.0594965482    102002.7029850791
734000     -6447.5167504820       129.9860869251      -583.0683805108    102002.7029850791
735000     -6447.5295882541       129.9852287627      -582.9628370944    102002.7029850791
736000     -6447.5188312687       129.9857817710      -582.9402077680    102002.7029850791
737000     -6447.4923267392       129.9883552329      -582.8464507776    102002.7029850791
738000     -6447.4805979790       129.9900969430      -582.6923037267    102002.7029850791
739000     -6447.4305324646       129.9942684474      -582.6486154674    102002.7029850791
740000     -6447.3746371597       129.9998288579      -582.5271023003    102002.7029850791
741000     -6447.3600467536       130.0007072744      -582.4437763248    102002.7029850791
742000     -6447.4100928291       129.9956423128      -582.2920436668    102002.7029850791
743000     -6447.4292154048       129.9935689366      -582.0695068621    102002.7029850791
744000     -6447.4535151123       129.9910802341      -582.0253502047    102002.7029850791
745000     -6447.4867753595       129.9881210392      -582.0632514683    102002.7029850791
746000     -6447.5128308997       129.9853358790      -581.9293316857    102002.7029850791
747000     -6447.5612296240       129.9808116728      -581.9372797231    102002.7029850791
748000     -6447.5208503483       129.9846509056      -581.8298504865    102002.7029850790
749000     -6447.5069215321       129.9857588819      -581.6187768868    102002.7029850790
750000     -6447.5042059677       129.9853870243      -581.3279013822    102002.7029850790
751000     -6447.5625447018       129.9798551060      -581.3519530288    102002.7029850790
752000     -6447.5613630682       129.9798574955      -581.3315894982    102002.7029850790
753000     -6447.5522081798       129.9803156927      -581.3651536303    102002.7029850790
754000     -6447.5290664073       129.9824267618      -581.2656821974    102002.7029850790
755000     -6447.5682314610       129.9788989702      -581.0797253386    102002.7029850790
756000     -6447.5941426893       129.9757393746      -580.8604356628    102002.7029850790
757000     -6447.6315440126       129.9724415630      -580.8165923109    102002.7029850790
758000     -6447.6646387025       129.9692892605      -580.9385286174    102002.7029850790
759000     -6447.6528432767       129.9702483912      -580.9932482088    102002.7029850790
760000     -6447.6657916260       129.9688124066      -580.8377961022    102002.7029850790
761000     -6447.6871116491       129.9663368871      -580.7673969540    102002.7029850790
762000     -6447.7287440984       129.9619676907      -580.6566905604    102002.7029850790
763000     -6447.7102721141       129.9631446075      -580.6122439679    102002.7029850790
764000     -6447.6572148589       129.9680846937      -580.7406287762    102002.7029850790
765000     -6447.6073052683       129.9726805567      -580.9386484858    102002.7029850790
766000     -6447.6093971135       129.9726156642      -581.0262560859    102002.7029850790
767000     -6447.5555238569       129.9772688936      -581.2431607067    102002.7029850790
768000     -6447.5422596751       129.9792841278      -581.2426046415    102002.7029850790
769000     -6447.5633052203       129.9771715393      -581.1856825477    102002.7029850790
770000     -6447.5966566961       129.9734658974      -581.3000297159    102002.7029850790
771000     -6447.6311705907       129.9699163515      -581.4636635675    102002.7029850790
772000     -6447.6476743943       129.9684869638      -581.5193103074    102002.7029850790
773000     -6447.6506291497       129.9680569059      -581.5339845888    102002.7029850790
774000     -6447.6786788006       129.9649558259      -581.4730705397    102002.7029850790
775000     -6447.7176594883       129.9614320818      -581.3489612201    102002.7029850790
776000     -6447.7310451700       129.9602399181      -581.1916686389    102002.7029850790
777000     -6447.7776173551       129.9552537485      -581.3042617576    102002.7029850789
778000     -6447.7937207135       129.9535897635      -581.2979120795    102002.7029850789
779000     -6447.8125471670       129.9525109570      -581.2319080723    102002.7029850789
780000     -6447.8184463911       129.9513829490      -581.2509840633    102002.7029850789
781000     -6447.8281265061       129.9507430679      -581.2603179163    102002.7029850789
782000     -6447.8287157664       129.9511054914      -581.2448581348    102002.7029850789
783000     -6447.8838661882       129.9459615479      -581.2516485207    102002.7029850789
784000     -6447.8740683154       129.9468717051      -581.2430919382    102002.7029850789
785000     -6447.8594285542       129.9485019704      -581.4522892525    102002.7029850789
786000     -6447.8058081499       129.9539886432      -581.4122245472    102002.7029850789
787000     -6447.8053545116       129.9539641409      -581.3759290275    102002.7029850789
788000     -6447.8258807317       129.9523871735      -581.3404093318    102002.7029850789
789000     -6447.8433897070       129.9507260786      -581.1157871788    102002.7029850789
790000     -6447.8803276720       129.9471241459      -581.3041882261    102002.7029850789
791000     -6447.8865355596       129.9462338476      -581.2497855887    102002.7029850789
792000     -6447.9280560730       129.9424437752      -581.1483826898    102002.7029850789
793000     -6447.9389963943       129.9417327591      -581.1839971253    102002.7029850789
794000     -6447.9558951508       129.9400559775      -581.1228054185    102002.7029850789
795000     -6447.9453070983       129.9409999235      -581.0101877015    102002.7029850789
796000     -6447.9567690030       129.9399581733      -580.9826057849    102002.7029850789
797000     -6447.9843522268       129.9374402132      -581.0586321022    102002.7029850789
798000     -6448.0120961990       129.9349516484      -581.1440389418    102002.7029850789
799000     -6447.9930518850       129.9364522425      -581.1996287219    102002.7029850789
800000     -6447.9884476955       129.9368631094      -581.1099477855    102002.7029850789
801000     -6447.9964072837       129.9358752536      -581.0118569957    102002.7029850789
802000     -6448.0019783538       129.9348660277      -581.0183279413    102002.7029850789
803000     -6448.0455192760       129.9308464049      -581.0428594867    102002.7029850789
804000     -6448.0702902119       129.9283469046      -580.9821205159    102002.7029850789
805000     -6448.0773683761       129.9277670257      -581.0935053579    102002.7029850789
806000     -6448.0758142852       129.9281830289      -581.0987156648    102002.7029850789
807000     -6448.0283489463       129.9324139323      -581.1280562292    102002.7029850789
808000     -6448.0230167788       129.9331992875      -581.0698165825    102002.7029850789
809000     -6448.0615670095       129.9293140543      -581.1276414043    102002.7029850789
810000     -6448.0657086465       129.9290791227      -581.1530561454    102002.7029850789
811000     -6448.0350928911       129.9320399960      -581.0880126115    102002.7029850789
812000     -6448.0213129850       129.9337840047      -581.1732038353    102002.7029850789
813000     -6447.9762853560       129.9377095845      -581.3445853202    102002.7029850789
814000     -6447.9661086019       129.9389572853      -581.3456830579    102002.7029850789
815000     -6447.9440180977       129.9409680234      -581.3692818628    102002.7029850788
816000     -6447.9529181726       129.9399280528      -581.3114004163    102002.7029850788
817000     -6447.9458534317       129.9408514954      -581.2800814214    102002.7029850788
818000     -6447.9317865629       129.9417471583      -581.3043191244    102002.7029850788
819000     -6447.8831595505       129.9465800513      -581.2908322282    102002.7029850788
820000     -6447.9140750070       129.9436882076      -581.2345532144    102002.7029850788
821000     -6447.9401286310       129.9413711947      -581.3042243335    102002.7029850788
822000     -6447.9349345752       129.9420593851      -581.3928787187    102002.7029850788
823000     -6447.8977306811       129.9456424627      -581.4517066412    102002.7029850788
824000     -6447.8753804548       129.9476510366      -581.5601122085    102002.7029850788
825000     -6447.8623330068       129.9490734261      -581.6412068300    102002.7029850788
826000     -6447.8255218551       129.9527238710      -581.7490285008    102002.7029850788
827000     -6447.8111408866       129.9543671758      -581.8119511047    102002.7029850788
828000     -6447.8024278916       129.9555135182      -581.9969664583    102002.7029850788
829000     -6447.7796774719       129.9575837283      -582.2132989182    102002.7029850788
830000     -6447.7460939696       129.9608630232      -582.2948093069    102002.7029850788
831000     -6447.7615095790       129.9596161549      -582.2917611375    102002.7029850788
832000     -6447.7885407938       129.9570632238      -582.3796530972    102002.7029850788
833000     -6447.7649505689       129.9592411784      -582.5651078480    102002.7029850788
834000     -6447.7613533960       129.9600089669      -582.6920172573    102002.7029850788
835000     -6447.7900027003       129.9574300053      -582.6671752176    102002.7029850788
836000     -6447.7798114719       129.9583212145      -582.6766135367    102002.7029850788
837000     -6447.7721099164       129.9584455025      -582.7164417747    102002.7029850788
838000     -6447.7465179952       129.9607508714      -582.7497929499    102002.7029850788
839000     -6447.7520517137       129.9606898456      -582.6375860447    102002.7029850788
840000     -6447.7132121297       129.9647525171      -582.7678833391    102002.7029850788
841000     -6447.6866947833       129.9669683303      -582.9737576600    102002.7029850788
842000     -6447.6805248571       129.9679094556      -583.0369652333    102002.7029850788
843000     -6447.6647325098       129.9695265684      -582.9496468599    102002.7029850788
844000     -6447.6626236854       129.9694074747      -583.0551158301    102002.7029850788
845000     -6447.6322226772       129.9725272215      -583.0560160526    102002.7029850788
846000     -6447.5959043756       129.9760805176      -583.0920853607    102002.7029850788
847000     -6447.5983931234       129.9758488600      -583.1610685434    102002.7029850788
848000     -6447.6197626921       129.9743129837      -583.3233174192    102002.7029850788
849000     -6447.6523279181       129.9711644039      -583.4201525741    102002.7029850788
850000     -6447.6817460611       129.9684437636      -583.4136032495    102002.7029850788
851000     -6447.6906143351       129.9675376497      -583.4443766495    102002.7029850788
852000     -6447.6724611678       129.9690047312      -583.5946819572    102002.7029850788
853000     -6447.6957210658       129.9670250433      -583.6041256805    102002.7029850788
854000     -6447.7120485206       129.9655066145      -583.6490449739    102002.7029850788
855000     -6447.7046193427       129.9661481194      -583.7498152340    102002.7029850788
856000     -6447.6656131162       129.9700113040      -583.7064762768    102002.7029850788
857000     -6447.6468388677       129.9716205540      -583.7751125653    102002.7029850788
858000     -6447.6434882522       129.9718903210      -583.7602181602    102002.7029850788
859000     -6447.6159130238       129.9744010577      -583.8646192534    102002.7029850788
860000     -6447.6140771283       129.9748430240      -583.8467552855    102002.7029850788
861000     -6447.6486730023       129.9717713133      -583.8617138103    102002.7029850788
862000     -6447.6767187678       129.9689953409      -584.0078764072    102002.7029850788
863000     -6447.6624231700       129.9703198201      -584.1144813251    102002.7029850788
864000     -6447.7065350621       129.9666454385      -584.0883885246    102002.7029850788
865000     -6447.7419856866       129.9632765212      -584.1940471033    102002.7029850788
866000     -6447.6953375295       129.9678172388      -584.3256256569    102002.7029850788
867000     -6447.7002427631       129.9679739931      -584.3029451834    102002.7029850788
868000     -6447.6830542336       129.9697612709      -584.4812092846    102002.7029850788
869000     -6447.6948663005       129.9682986488      -584.6701584814    102002.7029850788
870000     -6447.7344640150       129.9649796710      -584.8911443638    102002.7029850787
871000     -6447.7422203379       129.9644920370      -585.0583197289    102002.7029850787
872000     -6447.7371731362       129.9650694194      -585.1519487157    102002.7029850787
873000     -6447.7354814405       129.9654236766      -585.2576459834    102002.7029850787
874000     -6447.7250189437       129.9670091839      -585.3781474721    102002.7029850787
875000     -6447.7371648025       129.9657933793      -585.4836461473    102002.7029850787
876000     -6447.7280594310       129.9671607380      -585.6154663184    102002.7029850787
877000     -6447.7021374253       129.9694837633      -585.6406744070    102002.7029850787
878000     -6447.6694107764       129.9723966232      -585.7571575516    102002.7029850787
879000     -6447.6473240107       129.9750371708      -585.9033462527    102002.7029850787
880000     -6447.6571956369       129.9741917985      -585.9679648352    102002.7029850787
881000     -6447.6866847878       129.9713789190      -586.0654817868    102002.7029850787
882000     -6447.7071195666       129.9698174501      -586.1567044572    102002.7029850787
883000     -6447.7034653907       129.9702141070      -586.1804053788    102002.7029850787
884000     -6447.6965585417       129.9708666814      -586.2268265854    102002.7029850787
885000     -6447.6546681221       129.9749358255      -586.2866548189    102002.7029850787
886000     -6447.6587075280       129.9747658627      -586.3242462491    102002.7029850787
887000     -6447.6483052334       129.9755456827      -586.4519797080    102002.7029850787
888000     -6447.6249472567       129.9780646995      -586.5006660707    102002.7029850787
889000     -6447.5943326658       129.9813289173      -586.4160452629    102002.7029850787
890000     -6447.6038967777       129.9800816336      -586.5015117959    102002.7029850787
891000     -6447.6030543088       129.9802768502      -586.5118548333    102002.7029850787
892000     -6447.5870240334       129.9820399224      -586.6329730728    102002.7029850787
893000     -6447.5819787485       129.9826293548      -586.7261307784    102002.7029850787
894000     -6447.6032953388       129.9804972006      -586.7273387445    102002.7029850787
895000     -6447.6255991287       129.9786397132      -586.7337369889    102002.7029850787
896000     -6447.6560431482       129.9758236415      -586.7937114520    102002.7029850787
897000     -6447.6651174273       129.9751048461      -586.8771481122    102002.7029850787
898000     -6447.6680607137       129.9752529577      -586.8738254630    102002.7029850787
899000     -6447.6592854962       129.9762027077      -586.9203167910    102002.7029850787
900000     -6447.6155462167       129.9800804968      -587.0524216424    102002.7029850787
901000     -6447.6001292648       129.9817963169      -587.0720790121    102002.7029850787
902000     -6447.5958043018       129.9823469894      -587.0373345634    102002.7029850787
903000     -6447.5928466081       129.9825929338      -587.0924307974    102002.7029850787
904000     -6447.6014664112       129.9821567445      -587.2024998902    102002.7029850787
905000     -6447.5832279162       129.9843384781      -587.2138151940    102002.7029850787
906000     -6447.5777635431       129.9846427607      -587.1751576249    102002.7029850787
907000     -6447.6039484069       129.9820634010      -587.2073797604    102002.7029850787
908000     -6447.6006434816       129.9824666703      -587.1799379948    102002.7029850787
909000     -6447.5697742109       129.9856175832      -587.2675232088    102002.7029850787
910000     -6447.5571791757       129.9866652031      -587.2817880827    102002.7029850787
911000     -6447.5582276257       129.9867388070      -587.3676786799    102002.7029850787
912000     -6447.5584771002       129.9868796570      -587.3053044568    102002.7029850787
913000     -6447.5795385571       129.9846918693      -587.2892340304    102002.7029850787
914000     -6447.5942059549       129.9831589272      -587.2998773347    102002.7029850787
915000     -6447.6139738434       129.9816986115      -587.2592914345    102002.7029850787
916000     -6447.6178011252       129.9812257194      -587.2696442183    102002.7029850787
917000     -6447.6072518824       129.9821921437      -587.3487822846    102002.7029850787
918000     -6447.6206441786       129.9810056303      -587.2917388740    102002.7029850787
919000     -6447.6413476221       129.9791407554      -587.2381983937    102002.7029850787
920000     -6447.6483700030       129.9779993773      -587.2077956820    102002.7029850787
921000     -6447.6369956248       129.9792190229      -587.2261860800    102002.7029850787
922000     -6447.6079737253       129.9823384141      -587.2531407980    102002.7029850787
923000     -6447.6091403679       129.9822906528      -587.2815734048    102002.7029850787
924000     -6447.6117439893       129.9822018353      -587.3696564431    102002.7029850787
925000     -6447.6539300102       129.9783394714      -587.3998322407    102002.7029850787
926000     -6447.6537232545       129.9781266570      -587.4077191057    102002.7029850787
927000     -6447.6536629288       129.9783731082      -587.3392448920    102002.7029850786
928000     -6447.6348464172       129.9803817794      -587.2319631607    102002.7029850786
929000     -6447.6360006748       129.9800817775      -587.2907681222    102002.7029850786
930000     -6447.6513894171       129.9787883540      -587.2521744840    102002.7029850786
931000     -6447.6460997714       129.9795847138      -587.3347432931    102002.7029850786
932000     -6447.6422661067       129.9800739175      -587.3532491803    102002.7029850786
933000     -6447.6768705816       129.9769809294      -587.3363506565    102002.7029850786
934000     -6447.6718391915       129.9774359594      -587.3225127285    102002.7029850786
935000     -6447.6561523899       129.9789840061      -587.3408036939    102002.7029850786
936000     -6447.6576713625       129.9789332627      -587.3468222431    102002.7029850786
937000     -6447.6476020894       129.9798475524      -587.3860839085    102002.7029850786
938000     -6447.6385366152       129.9809021904      -587.4322531393    102002.7029850786
939000     -6447.6059810156       129.9839965981      -587.5671227440    102002.7029850786
940000     -6447.5978526120       129.9851584742      -587.5313567077    102002.7029850786
941000     -6447.5815330843       129.9867979159      -587.6172876352    102002.7029850786
942000     -6447.5759495248       129.9872238170      -587.7198030102    102002.7029850786
943000     -6447.6019494225       129.9851333977      -587.6754008973    102002.7029850786
944000     -6447.5695949713       129.9884337377      -587.7186081947    102002.7029850786
945000     -6447.5729306974       129.9876906431      -587.8481075586    102002.7029850786
946000     -6447.5876273780       129.9860100118      -587.9253741499    102002.7029850786
947000     -6447.5814135265       129.9871910840      -587.9062874603    102002.7029850786
948000     -6447.5510519121       129.9902476025      -587.9690138657    102002.7029850786
949000     -6447.5376839898       129.9911650728      -588.1190710009    102002.7029850786
950000     -6447.5595632451       129.9891191272      -588.1668662249    102002.7029850786
951000     -6447.5767020938       129.9877232813      -588.2197319495    102002.7029850786
952000     -6447.5929082599       129.9863001217      -588.2193582208    102002.7029850786
953000     -6447.6215654833       129.9835097573      -588.2395442601    102002.7029850786
954000     -6447.6295994939       129.9830301706      -588.3266092747    102002.7029850786
955000     -6447.6102927944       129.9848140230      -588.3893695642    102002.7029850786
956000     -6447.6024663042       129.9854874699      -588.4796329727    102002.7029850786
957000     -6447.5778229274       129.9880245231      -588.6160704412    102002.7029850786
958000     -6447.5571537342       129.9902001334      -588.7039160296    102002.7029850786
959000     -6447.5549168469       129.9906063750      -588.7681217346    102002.7029850786
960000     -6447.5717406480       129.9889888015      -588.8399614385    102002.7029850786
961000     -6447.5736729133       129.9887590072      -588.8829136756    102002.7029850786
962000     -6447.5642151510       129.9897470227      -588.9548904517    102002.7029850786
963000     -6447.5785475539       129.9883942380      -588.9123843229    102002.7029850786
964000     -6447.5939811993       129.9870515567      -588.8818822861    102002.7029850786
965000     -6447.6146957159       129.9848089969      -588.9256019348    102002.7029850786
966000     -6447.6102560744       129.9855466566      -588.9278960260    102002.7029850786
967000     -6447.5922274736       129.9875042617      -588.9335751874    102002.7029850786
968000     -6447.5671179608       129.9898398583      -588.9896567896    102002.7029850786
969000     -6447.5618899336       129.9904291052      -589.0129826727    102002.7029850786
970000     -6447.5662696950       129.9901549489      -589.0343920541    102002.7029850786
971000     -6447.5713600856       129.9898423829      -589.0953611266    102002.7029850786
972000     -6447.5768970385       129.9893895116      -589.1960406783    102002.7029850786
973000     -6447.6033500872       129.9866817078      -589.2521855668    102002.7029850786
974000     -6447.6133767988       129.9858893983      -589.1946859832    102002.7029850786
975000     -6447.6183277246       129.9851919610      -589.2289304013    102002.7029850786
976000     -6447.6261997174       129.9846891544      -589.3150773557    102002.7029850786
977000     -6447.6364163052       129.9838985858      -589.2727679799    102002.7029850786
978000     -6447.6148231138       129.9857256237      -589.2121589822    102002.7029850786
979000     -6447.6155633179       129.9856303107      -589.1521513626    102002.7029850786
980000     -6447.6317022745       129.9841369669      -589.0900414619    102002.7029850786
981000     -6447.6458041154       129.9825983459      -589.0275031328    102002.7029850786
982000     -6447.6746283159       129.9797026763      -589.0587493264    102002.7029850786
983000     -6447.6931578760       129.9780897181      -589.0680257451    102002.7029850786
984000     -6447.6899206699       129.9782616304      -588.9945002645    102002.7029850786
985000     -6447.6970479717       129.9775030359      -588.9234184646    102002.7029850786
986000     -6447.7111931220       129.9761621940      -588.8270795153    102002.7029850786
987000     -6447.7258145067       129.9747542292      -588.8111486046    102002.7029850786
988000     -6447.7417980693       129.9731643980      -588.7903127864    102002.7029850786
989000     -6447.7569691295       129.9715290389      -588.8289289557    102002.7029850786
990000     -6447.7695695784       129.9703593162      -588.7805537124    102002.7029850786
991000     -6447.7732355090       129.9698336129      -588.7478036300    102002.7029850786
992000     -6447.7947591974       129.9674800939      -588.7061468530    102002.7029850786
993000     -6447.8031480355       129.9667267943      -588.6672467261    102002.7029850786
994000     -6447.8132204066       129.9657524051      -588.5974514230    102002.7029850786
995000     -6447.8056055865       129.9663912770      -588.6707535072    102002.7029850786
996000     -6447.8190252678       129.9650373794      -588.6841888031    102002.7029850786
997000     -6447.8305657799       129.9642788158      -588.5964933127    102002.7029850786
998000     -6447.8241866896       129.9649757960      -588.5800635613    102002.7029850786
999000     -6447.8394282310       129.9634666691      -588.4997066338    102002.7029850786
1000000     -6447.8533675761       129.9621625381      -588.4782002390    102002.7029850786
