# Time-averaged data for fix runningavgs
# TimeStep v_ra_etotal v_ra_temp v_ra_press v_ra_volume
502000    -10852.6535669945        91.3096774531       542.5783042014    102002.7029850792
503000    -10858.2435163058        91.2452205479       547.2118332604    102002.7029850792
504000    -10855.7509010066        91.3653650954       552.4559207406    102002.7029850792
505000    -10857.3770143248        91.3261106893       534.5370207391    102002.7029850792
506000    -10860.4845970932        91.1913215316       522.6169270140    102002.7029850792
507000    -10861.6057552851        91.1496403302       520.1260916279    102002.7029850792
508000    -10863.4172603625        91.0830836837       513.4495717095    102002.7029850792
509000    -10864.0152219517        91.0715695882       513.6427116372    102002.7029850792
510000    -10864.4791939580        91.0686495416       513.9090675134    102002.7029850792
511000    -10863.9666807938        91.1164395307       516.1439264114    102002.7029850792
512000    -10864.4311018320        91.0820653426       516.2131947609    102002.7029850792
513000    -10863.8025182567        91.0995853501       520.0327010894    102002.7029850792
514000    -10863.2673702894        91.1121219811       522.7155786166    102002.7029850792
515000    -10863.2250580202        91.1033147447       521.7844522486    102002.7029850792
516000    -10863.9753444766        91.0567561909       523.4627205363    102002.7029850792
517000    -10864.3579640361        91.0379184109       522.9991052112    102002.7029850792
518000    -10864.6199192909        91.0279384879       525.3605717398    102002.7029850792
519000    -10864.2679575487        91.0602337765       526.5389182630    102002.7029850792
520000    -10864.4387242785        91.0351947794       527.4485391561    102002.7029850792
521000    -10865.1280536522        90.9987751113       528.8985171214    102002.7029850792
522000    -10865.1439083829        91.0018145338       529.3942127430    102002.7029850792
523000    -10865.0222401465        91.0086083536       530.1261032647    102002.7029850792
524000    -10865.3987940821        90.9903790746       529.1781095023    102002.7029850792
525000    -10864.9859934571        91.0119722910       527.9065232277    102002.7029850792
526000    -10865.0022806869        91.0159710928       527.1180069361    102002.7029850792
527000    -10864.7746799315        91.0311841754       528.4785761426    102002.7029850792
528000    -10864.9077003673        91.0218244487       529.2255946151    102002.7029850792
529000    -10865.0453191311        91.0178808881       527.6199897383    102002.7029850792
530000    -10865.4341894510        91.0099189875       525.7729896422    102002.7029850792
531000    -10865.3373851320        91.0138395308       526.9160601667    102002.7029850792
532000    -10865.5147136739        91.0166876043       527.6120022675    102002.7029850792
533000    -10865.6833387563        91.0104455830       527.9634612021    102002.7029850792
534000    -10865.5218550695        91.0110101991       527.5808749234    102002.7029850792
535000    -10865.7685187844        90.9964375265       527.1622316551    102002.7029850792
536000    -10866.0006374309        90.9849636971       525.5056362168    102002.7029850792
537000    -10866.0474874847        90.9826176759       525.4414208167    102002.7029850792
538000    -10865.9686643248        90.9866976002       526.2723192657    102002.7029850792
539000    -10865.8288667383        90.9917904052       526.0197743571    102002.7029850791
540000    -10865.8377820765        90.9948225097       525.5256015686    102002.7029850791
541000    -10865.7941722353        90.9922305362       525.6012290182    102002.7029850791
542000    -10865.4811934097        91.0091576188       526.6648185276    102002.7029850791
543000    -10865.3394707219        91.0136276318       527.0757403067    102002.7029850791
544000    -10865.5300353636        91.0022510753       526.7960783584    102002.7029850791
545000    -10865.5134984735        91.0026287666       526.0745176733    102002.7029850791
546000    -10865.5125583828        91.0017624813       526.4002704083    102002.7029850791
547000    -10865.7744825789        90.9883690614       525.4082521214    102002.7029850791
548000    -10865.8229417345        90.9833303703       525.1481768364    102002.7029850791
549000    -10865.7568035529        90.9800333421       525.6637536149    102002.7029850791
550000    -10865.9361926062        90.9718289556       525.5830502732    102002.7029850791
551000    -10866.0870142054        90.9668835363       524.8519386964    102002.7029850791
552000    -10866.2021640904        90.9638149167       523.5274143914    102002.7029850791
553000    -10866.3139970558        90.9644440351       522.7911954208    102002.7029850791
554000    -10866.1614795690        90.9699552178       522.1176297210    102002.7029850791
555000    -10866.0791575353        90.9766418573       521.7263983636    102002.7029850791
556000    -10865.8815459453        90.9823588123       521.6053674191    102002.7029850791
557000    -10865.9224537736        90.9803619685       520.6634118715    102002.7029850791
558000    -10865.9308166690        90.9777021957       519.0791574406    102002.7029850791
559000    -10865.9626472066        90.9781528861       519.3631290211    102002.7029850791
560000    -10866.0825771688        90.9739953619       518.7267891303    102002.7029850791
561000    -10866.0064149494        90.9740497709       518.3828080985    102002.7029850791
562000    -10866.0549889534        90.9726406684       518.1442540835    102002.7029850791
563000    -10866.0995272559        90.9712359283       518.4542780347    102002.7029850791
564000    -10865.9868363505        90.9765225049       518.3074655510    102002.7029850791
565000    -10865.7452032020        90.9887699579       517.9419282552    102002.7029850791
566000    -10865.9149272828        90.9790706992       517.5057682093    102002.7029850791
567000    -10865.8321518084        90.9834743740       517.4370959867    102002.7029850791
568000    -10865.7979459014        90.9832388188       517.3401367473    102002.7029850791
569000    -10865.7943729686        90.9807606140       517.5103214730    102002.7029850791
570000    -10865.5858877334        90.9909964753       516.9180539638    102002.7029850791
571000    -10865.6352108613        90.9858007083       516.8721325819    102002.7029850791
572000    -10865.4925156131        90.9885162798       517.0591913598    102002.7029850791
573000    -10865.4394639297        90.9864206245       516.8785966409    102002.7029850791
574000    -10865.5090752899        90.9808669806       516.5655894013    102002.7029850791
575000    -10865.4008296069        90.9799795017       516.5069903781    102002.7029850791
576000    -10865.3038935858        90.9820106681       516.4467248905    102002.7029850791
577000    -10865.1879746165        90.9853734850       516.4972099256    102002.7029850791
578000    -10865.2328955282        90.9818279226       516.2938976735    102002.7029850791
579000    -10865.1290920084        90.9848876717       516.8783900056    102002.7029850791
580000    -10864.9734199188        90.9900637789       517.4680963585    102002.7029850791
581000    -10865.0672055391        90.9868402683       516.9678539167    102002.7029850791
582000    -10865.1110729201        90.9859215489       516.9709527931    102002.7029850791
583000    -10865.0731627053        90.9884684877       516.7715557153    102002.7029850791
584000    -10865.0502546135        90.9903833082       516.8194693192    102002.7029850791
585000    -10865.1382225803        90.9868821683       516.8580589325    102002.7029850791
586000    -10865.1735814617        90.9824317168       516.7809362875    102002.7029850791
587000    -10865.1425444129        90.9837726486       517.0223090553    102002.7029850791
588000    -10864.9998854830        90.9920296863       517.1332034984    102002.7029850791
589000    -10864.9878957467        90.9918139300       517.1965869716    102002.7029850791
590000    -10865.0448340741        90.9889376388       516.7953421129    102002.7029850791
591000    -10864.9323717483        90.9938028100       516.5286485922    102002.7029850792
592000    -10864.9629074280        90.9907729487       516.3639478910    102002.7029850792
593000    -10864.8993405517        90.9925326264       516.3275995549    102002.7029850792
594000    -10864.9043715883        90.9902233446       515.9897496633    102002.7029850792
595000    -10864.8677348674        90.9911497221       515.8031655791    102002.7029850792
596000    -10864.8342581399        90.9933476823       515.3655299730    102002.7029850792
597000    -10864.8783864361        90.9873192902       515.4512377286    102002.7029850792
598000    -10864.8113045569        90.9887155839       515.5515417688    102002.7029850792
599000    -10864.8104710217        90.9858719236       515.6620299201    102002.7029850792
600000    -10864.7927532585        90.9816204141       515.6058923340    102002.7029850792
601000    -10864.7615004365        90.9833171172       514.9309704042    102002.7029850792
602000    -10864.6838925031        90.9836065404       514.7169130396    102002.7029850792
603000    -10864.5205759204        90.9870227591       514.9462945964    102002.7029850792
604000    -10864.4988862788        90.9857075710       514.9152122279    102002.7029850793
605000    -10864.4307972981        90.9904567626       514.7766760278    102002.7029850793
606000    -10864.4368478007        90.9905145141       513.9324225498    102002.7029850793
607000    -10864.4415207171        90.9895541589       513.5947764627    102002.7029850793
608000    -10864.4377031953        90.9894489245       513.0811599410    102002.7029850793
609000    -10864.4410245963        90.9887205238       512.5746736479    102002.7029850793
610000    -10864.3101165455        90.9949666209       512.5661637679    102002.7029850793
611000    -10864.3352594960        90.9933435452       512.6517091872    102002.7029850793
612000    -10864.3212939307        90.9951013888       512.8799697754    102002.7029850793
613000    -10864.3483930302        90.9933263697       512.8620908901    102002.7029850793
614000    -10864.3750284431        90.9894423905       512.8932463743    102002.7029850793
615000    -10864.3268168976        90.9913387043       512.7853698318    102002.7029850793
616000    -10864.2495511459        90.9940648586       512.8074094831    102002.7029850793
617000    -10864.3024345409        90.9902734330       512.5489308405    102002.7029850793
618000    -10864.3801559175        90.9855220404       512.3395433322    102002.7029850793
619000    -10864.4366423587        90.9820091391       512.1691310006    102002.7029850793
620000    -10864.4342942961        90.9819382570       512.2040677973    102002.7029850793
621000    -10864.3610743231        90.9858248629       511.9696601883    102002.7029850793
622000    -10864.3052836101        90.9882336068       511.6051867798    102002.7029850794
623000    -10864.2743800370        90.9892180978       511.4916242200    102002.7029850794
624000    -10864.2978847755        90.9877853508       511.4793097717    102002.7029850794
625000    -10864.2430496293        90.9922713570       511.2217752636    102002.7029850794
626000    -10864.2540717860        90.9914726479       510.9732802104    102002.7029850794
627000    -10864.2887667777        90.9896700938       510.2329932752    102002.7029850794
628000    -10864.3187288008        90.9909363326       509.7835966775    102002.7029850794
629000    -10864.3925836713        90.9895644425       509.2525459260    102002.7029850794
630000    -10864.3277140605        90.9934701681       508.9857598922    102002.7029850794
631000    -10864.2851527625        90.9966658608       508.7183703998    102002.7029850794
632000    -10864.2155130238        91.0011622382       508.4163298056    102002.7029850794
633000    -10864.2575581227        91.0006659661       508.0910778896    102002.7029850794
634000    -10864.2813337723        91.0006915136       507.5653283242    102002.7029850794
635000    -10864.3119684964        91.0003257902       507.4325689496    102002.7029850794
636000    -10864.3286037016        90.9994320282       506.5356706247    102002.7029850794
637000    -10864.4130981248        90.9949506313       505.9850060302    102002.7029850794
638000    -10864.3334114572        90.9983853178       505.7570831387    102002.7029850794
639000    -10864.3374798807        90.9988508083       505.8656027205    102002.7029850794
640000    -10864.3884955502        90.9968372901       505.7661423694    102002.7029850794
641000    -10864.3431651064        90.9989197060       505.6044981738    102002.7029850794
642000    -10864.3681536636        90.9980671977       505.2074734645    102002.7029850794
643000    -10864.4632452907        90.9938444971       504.9839676114    102002.7029850794
644000    -10864.4702153067        90.9948175962       504.8915286119    102002.7029850794
645000    -10864.4543071401        90.9954953278       504.6452269615    102002.7029850794
646000    -10864.4675758814        90.9959538476       504.1668844891    102002.7029850795
647000    -10864.4429240614        90.9983876751       504.2720725652    102002.7029850795
648000    -10864.4405471531        90.9998122281       504.1249727457    102002.7029850795
649000    -10864.4094747904        91.0022340213       503.9636999564    102002.7029850795
650000    -10864.4289871188        91.0044223436       503.6404689993    102002.7029850795
651000    -10864.4156535969        91.0047245660       503.3704390719    102002.7029850795
652000    -10864.5200084564        90.9997802829       503.2475734332    102002.7029850795
653000    -10864.5650710105        90.9979467422       503.0791753078    102002.7029850795
654000    -10864.6229430151        90.9962327299       502.5454853939    102002.7029850795
655000    -10864.6601065014        90.9946727563       502.2637484504    102002.7029850795
656000    -10864.7728003339        90.9899290274       501.8449799140    102002.7029850795
657000    -10864.7169443631        90.9922795264       501.5370135343    102002.7029850795
658000    -10864.6954881433        90.9931827132       501.6557206585    102002.7029850795
659000    -10864.6978330755        90.9931608078       501.3134355732    102002.7029850795
660000    -10864.6804223584        90.9943462177       501.0794257231    102002.7029850795
661000    -10864.7224681063        90.9923263025       500.7843381280    102002.7029850795
662000    -10864.7731062981        90.9904919011       500.2928366055    102002.7029850795
663000    -10864.7486434987        90.9912850501       500.0774071650    102002.7029850795
664000    -10864.7255997014        90.9920398228       499.8761834969    102002.7029850795
665000    -10864.6987731230        90.9923994441       499.9367783436    102002.7029850795
666000    -10864.6339213347        90.9941791441       499.9512632921    102002.7029850795
667000    -10864.7107512723        90.9914109359       499.7487298507    102002.7029850795
668000    -10864.7667264191        90.9885875510       499.6626072967    102002.7029850795
669000    -10864.8086069961        90.9870730936       499.6149331856    102002.7029850795
670000    -10864.9001288556        90.9836357240       499.4853463220    102002.7029850795
671000    -10864.8902232394        90.9842656375       499.3336301943    102002.7029850795
672000    -10864.9158039081        90.9839495732       498.9638361606    102002.7029850795
673000    -10864.9850280873        90.9815352987       498.7648005304    102002.7029850795
674000    -10865.0120617234        90.9818884059       498.5161293236    102002.7029850794
675000    -10865.0210724834        90.9812426832       498.4380849826    102002.7029850794
676000    -10865.0117273175        90.9817216379       498.2820468134    102002.7029850794
677000    -10864.9545772463        90.9849092847       498.2582753693    102002.7029850794
678000    -10864.9638998424        90.9852230667       498.3066718285    102002.7029850794
679000    -10864.9133366371        90.9876664364       498.2321328067    102002.7029850794
680000    -10864.9042990690        90.9881214666       498.0643104573    102002.7029850794
681000    -10864.8777535967        90.9894928038       498.1614750177    102002.7029850794
682000    -10864.8495328728        90.9919880322       498.1712540148    102002.7029850794
683000    -10864.8432488806        90.9925466746       498.1156272840    102002.7029850794
684000    -10864.8975761049        90.9893073494       497.9327172203    102002.7029850794
685000    -10864.9280757607        90.9881246546       498.0506613290    102002.7029850794
686000    -10864.9219734166        90.9883447739       498.2875784955    102002.7029850794
687000    -10864.9622333406        90.9861196692       498.2309108153    102002.7029850794
688000    -10864.8965722186        90.9893477133       498.2268882296    102002.7029850793
689000    -10864.9375792672        90.9882513550       498.2418116159    102002.7029850793
690000    -10864.9512499824        90.9881620413       498.1281921449    102002.7029850793
691000    -10864.8777479002        90.9916495112       498.0413798710    102002.7029850793
692000    -10864.8686233686        90.9920795610       497.8775064115    102002.7029850793
693000    -10864.8425943037        90.9915883166       497.8315616893    102002.7029850793
694000    -10864.8651761082        90.9905387549       497.7308793672    102002.7029850793
695000    -10864.7985984208        90.9924552717       497.8043775675    102002.7029850793
696000    -10864.7640374943        90.9933534118       497.6284680387    102002.7029850793
697000    -10864.7766760805        90.9921594598       497.5786880219    102002.7029850793
698000    -10864.7984273478        90.9913088308       497.5926141947    102002.7029850793
699000    -10864.7363045805        90.9942922289       497.7178068009    102002.7029850793
700000    -10864.7571346992        90.9924876285       497.4100804251    102002.7029850793
701000    -10864.7431871286        90.9933838871       497.3483203804    102002.7029850793
702000    -10864.7864130299        90.9918840241       496.9953438491    102002.7029850793
703000    -10864.8510643514        90.9890780977       496.8015797611    102002.7029850793
704000    -10864.8331077410        90.9899998620       496.6931037747    102002.7029850792
705000    -10864.8462185441        90.9898972565       496.5259327588    102002.7029850792
706000    -10864.8635533756        90.9902512312       496.2521944084    102002.7029850792
707000    -10864.8356543082        90.9917523607       496.1215335530    102002.7029850792
708000    -10864.8406826134        90.9902013336       495.9811011149    102002.7029850792
709000    -10864.8494557400        90.9907786165       495.7949675465    102002.7029850792
710000    -10864.8013061523        90.9940756944       495.6259348126    102002.7029850792
711000    -10864.7882621848        90.9938739593       495.5895753996    102002.7029850792
712000    -10864.8426505015        90.9918797489       495.5206122791    102002.7029850792
713000    -10864.8399386612        90.9912585324       495.6086279780    102002.7029850792
714000    -10864.7680974544        90.9944304436       495.7206039697    102002.7029850792
715000    -10864.7690076883        90.9934809771       495.8040016565    102002.7029850792
716000    -10864.8090094941        90.9905327335       495.9093807550    102002.7029850792
717000    -10864.7777549977        90.9912368951       496.1176527194    102002.7029850792
718000    -10864.7519009098        90.9919315755       496.1945133503    102002.7029850792
719000    -10864.7621878325        90.9913679119       496.2455939716    102002.7029850792
720000    -10864.8045335836        90.9891683460       496.1842900327    102002.7029850792
721000    -10864.7961699418        90.9893414979       496.0841901109    102002.7029850792
722000    -10864.7834123190        90.9887450767       496.0491122629    102002.7029850792
723000    -10864.8279092935        90.9867215365       495.9105310985    102002.7029850792
724000    -10864.8170597421        90.9862383245       495.6846303143    102002.7029850791
725000    -10864.8177977144        90.9855226650       495.5448489708    102002.7029850791
726000    -10864.8239321776        90.9859147097       495.5521711225    102002.7029850791
727000    -10864.7791023989        90.9876093540       495.4217626529    102002.7029850791
728000    -10864.7688270227        90.9876215433       495.3435770268    102002.7029850791
729000    -10864.7466646539        90.9887793038       495.0765080899    102002.7029850791
730000    -10864.7257458617        90.9897499515       494.9862091420    102002.7029850791
731000    -10864.7730753328        90.9877218305       494.9179109505    102002.7029850791
732000    -10864.7815889457        90.9872645793       494.8449924271    102002.7029850791
733000    -10864.7840507870        90.9866513466       494.7964291878    102002.7029850791
734000    -10864.7840197654        90.9878580177       494.5608529234    102002.7029850791
735000    -10864.8312944268        90.9862290134       494.3434987010    102002.7029850791
736000    -10864.8221522505        90.9865653244       494.3061349446    102002.7029850791
737000    -10864.8068585090        90.9873857058       494.2016553797    102002.7029850791
738000    -10864.7985001885        90.9881618872       494.1880047819    102002.7029850791
739000    -10864.7610211132        90.9900731985       494.0224735357    102002.7029850791
740000    -10864.7741681550        90.9895240678       493.8667511424    102002.7029850791
741000    -10864.7927793236        90.9884625649       493.7580891425    102002.7029850791
742000    -10864.8232317202        90.9871018964       493.6027482139    102002.7029850791
743000    -10864.8026475797        90.9875630546       493.5112397273    102002.7029850791
744000    -10864.8383122789        90.9869686988       493.0319265087    102002.7029850791
745000    -10864.8770698176        90.9849914686       492.9954688166    102002.7029850791
746000    -10864.9119518492        90.9840932202       492.7767840882    102002.7029850791
747000    -10864.9244001849        90.9832771268       492.7311258435    102002.7029850791
748000    -10864.9143079869        90.9844120949       492.6375520188    102002.7029850790
749000    -10864.9683128063        90.9814364349       492.5052413739    102002.7029850790
750000    -10864.9914105265        90.9804648985       492.5232284834    102002.7029850790
751000    -10865.0018601221        90.9789069137       492.4130824121    102002.7029850790
752000    -10864.9812872180        90.9798858621       492.3485931060    102002.7029850790
753000    -10865.0111769273        90.9781913472       492.1305905181    102002.7029850790
754000    -10864.9889623070        90.9786449062       491.9814433090    102002.7029850790
755000    -10865.0297314383        90.9767563843       491.7887972817    102002.7029850790
756000    -10865.0185409706        90.9771738113       491.6230525079    102002.7029850790
757000    -10865.0255818410        90.9770344797       491.4345104119    102002.7029850790
758000    -10865.0518136331        90.9761071611       491.3035550492    102002.7029850790
759000    -10865.0610268359        90.9766947101       491.0867223538    102002.7029850790
760000    -10865.0532286511        90.9781512363       490.9782712744    102002.7029850790
761000    -10865.1070615013        90.9760195048       490.8134826215    102002.7029850790
762000    -10865.0934776264        90.9781958677       490.6779113727    102002.7029850790
763000    -10865.1135026041        90.9779894318       490.5620622819    102002.7029850790
764000    -10865.1281270800        90.9771018245       490.3137726873    102002.7029850790
765000    -10865.0734506706        90.9796907699       490.2441076165    102002.7029850790
766000    -10865.0276212258        90.9820750298       490.2829880041    102002.7029850790
767000    -10865.0332646819        90.9812598754       490.1959508889    102002.7029850790
768000    -10865.0201471303        90.9814898745       490.2889679682    102002.7029850790
769000    -10865.0012261286        90.9821046163       490.2396458992    102002.7029850790
770000    -10864.9660373531        90.9830932495       490.2413857822    102002.7029850790
771000    -10864.9334848960        90.9844799809       490.3384000451    102002.7029850790
772000    -10864.9569104477        90.9836337005       490.3855634664    102002.7029850790
773000    -10864.9479065267        90.9837780044       490.3260448482    102002.7029850790
774000    -10864.9549258436        90.9837708222       490.3252128159    102002.7029850790
775000    -10864.9682871960        90.9829522419       490.2903637995    102002.7029850790
776000    -10864.9918951933        90.9823641666       490.2356493200    102002.7029850790
777000    -10864.9860717407        90.9832289302       490.1636914336    102002.7029850789
778000    -10865.0247687424        90.9815589218       490.1147413158    102002.7029850789
779000    -10865.0349869958        90.9806726047       490.2273729685    102002.7029850789
780000    -10865.0316729450        90.9805445798       490.2394217497    102002.7029850789
781000    -10864.9884921813        90.9826686164       489.9761402122    102002.7029850789
782000    -10864.9791177844        90.9828248914       489.7653841120    102002.7029850789
783000    -10864.9673324819        90.9829511288       489.7512444702    102002.7029850789
784000    -10864.9511179175        90.9837149510       489.6461801023    102002.7029850789
785000    -10864.9413533396        90.9835257189       489.6427942281    102002.7029850789
786000    -10864.9295893984        90.9845163772       489.4460334374    102002.7029850789
787000    -10864.9232025012        90.9840124351       489.2146570663    102002.7029850789
788000    -10864.9645748250        90.9820336563       489.0973923598    102002.7029850789
789000    -10864.9629888025        90.9817216344       489.0849225882    102002.7029850789
790000    -10864.9858952976        90.9806465459       488.8753123311    102002.7029850789
791000    -10864.9461895502        90.9815151357       488.7652385730    102002.7029850789
792000    -10864.9663560226        90.9807155476       488.6196607868    102002.7029850789
793000    -10864.9709682925        90.9798072111       488.5490496962    102002.7029850789
794000    -10864.9334821759        90.9820597373       488.4560829059    102002.7029850789
795000    -10864.9400534605        90.9817026937       488.3189972368    102002.7029850789
796000    -10864.9377645268        90.9815396265       488.3677344686    102002.7029850789
797000    -10864.9355158353        90.9817128994       488.3033288882    102002.7029850789
798000    -10864.9461699356        90.9810259269       488.1628500230    102002.7029850789
799000    -10864.9777810195        90.9790896788       487.9085341715    102002.7029850789
800000    -10864.9834163388        90.9777862593       487.5936509203    102002.7029850789
801000    -10864.9616663393        90.9776755079       487.3264805040    102002.7029850789
802000    -10864.9772219580        90.9759395790       487.2696024288    102002.7029850789
803000    -10864.9410822376        90.9772947088       486.9885550516    102002.7029850789
804000    -10864.8885713674        90.9792967118       486.8136621209    102002.7029850789
805000    -10864.8418874178        90.9812910820       486.5849090168    102002.7029850789
806000    -10864.8460436741        90.9804074798       486.3157977840    102002.7029850789
807000    -10864.8618992613        90.9793266347       486.1703687291    102002.7029850789
808000    -10864.8735928809        90.9783548138       485.9986448919    102002.7029850789
809000    -10864.8592418383        90.9792278194       485.8827560375    102002.7029850789
810000    -10864.8514033845        90.9794558930       485.7300747694    102002.7029850789
811000    -10864.8124693681        90.9814107563       485.7059963696    102002.7029850789
812000    -10864.8147679219        90.9804677795       485.5805555361    102002.7029850789
813000    -10864.7824243821        90.9819479855       485.5462000922    102002.7029850789
814000    -10864.7770825598        90.9814016521       485.4955068569    102002.7029850789
815000    -10864.8188492957        90.9794438679       485.3708550357    102002.7029850788
816000    -10864.8024028226        90.9795880911       485.3190414908    102002.7029850788
817000    -10864.7714562128        90.9808589995       485.3281148220    102002.7029850788
818000    -10864.8065649409        90.9800240643       485.1522649635    102002.7029850788
819000    -10864.8127578762        90.9799610810       485.2131564854    102002.7029850788
820000    -10864.7910997740        90.9808005730       485.2109961612    102002.7029850788
821000    -10864.8218636321        90.9799050275       485.0633594382    102002.7029850788
822000    -10864.8041336197        90.9801495275       485.0418172951    102002.7029850788
823000    -10864.8076761178        90.9800220846       484.9786093240    102002.7029850788
824000    -10864.8020563329        90.9805927970       484.7430148599    102002.7029850788
825000    -10864.7878090401        90.9811690195       484.6150134178    102002.7029850788
826000    -10864.7669727079        90.9825152628       484.5063364988    102002.7029850788
827000    -10864.7552463060        90.9833621028       484.2323643799    102002.7029850788
828000    -10864.7311358917        90.9843016612       484.2806437630    102002.7029850788
829000    -10864.7174955717        90.9855290286       484.2559043209    102002.7029850788
830000    -10864.7284751303        90.9851480682       484.2348837935    102002.7029850788
831000    -10864.7463053274        90.9845190108       484.0556934692    102002.7029850788
832000    -10864.7400258955        90.9852382717       484.1071798564    102002.7029850788
833000    -10864.7313927350        90.9858226462       484.1196656422    102002.7029850788
834000    -10864.7200195254        90.9868399296       484.0141611890    102002.7029850788
835000    -10864.7410966672        90.9866184877       484.0847392998    102002.7029850788
836000    -10864.7733312493        90.9857562570       484.0033524840    102002.7029850788
837000    -10864.7738980554        90.9859202605       483.9563123365    102002.7029850788
838000    -10864.8009448370        90.9850164271       483.8146484670    102002.7029850788
839000    -10864.8026212453        90.9851425069       483.6183845159    102002.7029850788
840000    -10864.8538017052        90.9830540142       483.4155403058    102002.7029850788
841000    -10864.8614742362        90.9824678853       483.2608668851    102002.7029850788
842000    -10864.8700860512        90.9822246640       483.1382950663    102002.7029850788
843000    -10864.8566685479        90.9827918958       483.1183145678    102002.7029850788
844000    -10864.8870362257        90.9821145025       483.0507754304    102002.7029850788
845000    -10864.8905579160        90.9824490862       482.9715645807    102002.7029850788
846000    -10864.9018570120        90.9823213258       482.9099629098    102002.7029850788
847000    -10864.8816302282        90.9832103160       482.8694136399    102002.7029850788
848000    -10864.8967647307        90.9828693163       482.7860859042    102002.7029850788
849000    -10864.8688760376        90.9842059347       482.7786205919    102002.7029850788
850000    -10864.8682043953        90.9843835683       482.7482344831    102002.7029850788
851000    -10864.8804137868        90.9844006405       482.6487484045    102002.7029850788
852000    -10864.8916041983        90.9839686322       482.6302955385    102002.7029850788
853000    -10864.8737931567        90.9849572513       482.5157754342    102002.7029850788
854000    -10864.8632759172        90.9857917505       482.5233096599    102002.7029850788
855000    -10864.8383827265        90.9867570011       482.4640487336    102002.7029850788
856000    -10864.8867076015        90.9847842036       482.2860794671    102002.7029850788
857000    -10864.8588074569        90.9862627510       482.3694407255    102002.7029850788
858000    -10864.8652796285        90.9863403027       482.3569541115    102002.7029850788
859000    -10864.8873422400        90.9851224456       482.2195761917    102002.7029850788
860000    -10864.8897646514        90.9851031565       482.2561148300    102002.7029850788
861000    -10864.8649544716        90.9869306685       482.1885162934    102002.7029850788
862000    -10864.8618051917        90.9867717773       482.1160338682    102002.7029850788
863000    -10864.8754031520        90.9862117028       482.1547973235    102002.7029850788
864000    -10864.8921231416        90.9859372654       482.0780106474    102002.7029850788
865000    -10864.8859730218        90.9865938227       482.0535102919    102002.7029850788
866000    -10864.8966600366        90.9858275775       481.9593782982    102002.7029850788
867000    -10864.8988939749        90.9851259120       481.8960672165    102002.7029850788
868000    -10864.8880210787        90.9859218610       481.9500831633    102002.7029850788
869000    -10864.8959293239        90.9857353250       481.9531631642    102002.7029850788
870000    -10864.8881102894        90.9859440968       481.9029999178    102002.7029850787
871000    -10864.8363302577        90.9882214322       481.9460643959    102002.7029850787
872000    -10864.8552420737        90.9876593903       481.9709067391    102002.7029850787
873000    -10864.8626158856        90.9875913242       481.9905957907    102002.7029850787
874000    -10864.8914958662        90.9863803835       482.0724831731    102002.7029850787
875000    -10864.8916186852        90.9869385139       482.0369057914    102002.7029850787
876000    -10864.9028187900        90.9862769691       481.9552430965    102002.7029850787
877000    -10864.9036428489        90.9864419975       481.8455390502    102002.7029850787
878000    -10864.9082951350        90.9868379146       481.8908538858    102002.7029850787
879000    -10864.8998427893        90.9874387905       481.8323420699    102002.7029850787
880000    -10864.8835863897        90.9877471270       481.7856969637    102002.7029850787
881000    -10864.8637126570        90.9885689377       481.6868066286    102002.7029850787
882000    -10864.8654908735        90.9878670667       481.7004535013    102002.7029850787
883000    -10864.8518715951        90.9882183150       481.7009101973    102002.7029850787
884000    -10864.8422444354        90.9882071230       481.6942109110    102002.7029850787
885000    -10864.8070040715        90.9897576149       481.6085242660    102002.7029850787
886000    -10864.8200896754        90.9888137365       481.5179701840    102002.7029850787
887000    -10864.8312786308        90.9879997624       481.4156982162    102002.7029850787
888000    -10864.8456409180        90.9870263827       481.3683726541    102002.7029850787
889000    -10864.8519279028        90.9862445731       481.2179365587    102002.7029850787
890000    -10864.8380145072        90.9864692114       481.0461154833    102002.7029850787
891000    -10864.8158306993        90.9868290607       480.9111678749    102002.7029850787
892000    -10864.8358851659        90.9858614370       480.6722734414    102002.7029850787
893000    -10864.8251711067        90.9861571932       480.4614209647    102002.7029850787
894000    -10864.8329773057        90.9855593854       480.4176123462    102002.7029850787
895000    -10864.8438989874        90.9849078660       480.1126364680    102002.7029850787
896000    -10864.8334959436        90.9857098221       479.9584097749    102002.7029850787
897000    -10864.8460169530        90.9856578556       479.7959822735    102002.7029850787
898000    -10864.8948448574        90.9834694899       479.6819787963    102002.7029850787
899000    -10864.9026527301        90.9834588179       479.7117860670    102002.7029850787
900000    -10864.9436328505        90.9817636790       479.5684037522    102002.7029850787
901000    -10864.9400362284        90.9821051213       479.4806261576    102002.7029850787
902000    -10864.9118078441        90.9832965253       479.4832843355    102002.7029850787
903000    -10864.8803037943        90.9844362697       479.5470052227    102002.7029850787
904000    -10864.8692538669        90.9846369079       479.5243979514    102002.7029850787
905000    -10864.8695047619        90.9846656461       479.5201098583    102002.7029850787
906000    -10864.8641895171        90.9846441201       479.5380263975    102002.7029850787
907000    -10864.8546587296        90.9856120717       479.4978783227    102002.7029850787
908000    -10864.8381840829        90.9858885224       479.4666232584    102002.7029850787
909000    -10864.8353280809        90.9862985667       479.4121882671    102002.7029850787
910000    -10864.8493747320        90.9856659428       479.3753638023    102002.7029850787
911000    -10864.8610371285        90.9853007851       479.3987191702    102002.7029850787
912000    -10864.8699400239        90.9847646057       479.4894439545    102002.7029850787
913000    -10864.8747465379        90.9843683259       479.4299726633    102002.7029850787
914000    -10864.8846824904        90.9840360997       479.4478474946    102002.7029850787
915000    -10864.8599777056        90.9852377981       479.5299704537    102002.7029850787
916000    -10864.8798439017        90.9852585239       479.4753305631    102002.7029850787
917000    -10864.8919647770        90.9846077364       479.3770567682    102002.7029850787
918000    -10864.8865891530        90.9846988601       479.3078368481    102002.7029850787
919000    -10864.8970373642        90.9843094686       479.1570406488    102002.7029850787
920000    -10864.8983537225        90.9843374181       479.1637533615    102002.7029850787
921000    -10864.8979406019        90.9842680038       478.9999194675    102002.7029850787
922000    -10864.8938240191        90.9845958842       478.9293995803    102002.7029850787
923000    -10864.8898674438        90.9844942592       478.9622247929    102002.7029850787
924000    -10864.8994548203        90.9840223460       478.8990147953    102002.7029850787
925000    -10864.9024368565        90.9837671919       478.8912119722    102002.7029850787
926000    -10864.8899120288        90.9845010967       478.9539016155    102002.7029850787
927000    -10864.8898772835        90.9849796991       479.0434055217    102002.7029850786
928000    -10864.8777093683        90.9860099029       479.1644614409    102002.7029850786
929000    -10864.8849274965        90.9857541835       479.2484297489    102002.7029850786
930000    -10864.8441563025        90.9875878515       479.2901069114    102002.7029850786
931000    -10864.8307530257        90.9879708376       479.2877547675    102002.7029850786
932000    -10864.8415075734        90.9864398177       479.3029883985    102002.7029850786
933000    -10864.8114165542        90.9876110546       479.3124950090    102002.7029850786
934000    -10864.8157045720        90.9867661955       479.4233258683    102002.7029850786
935000    -10864.8162944210        90.9863742540       479.4744659448    102002.7029850786
936000    -10864.8292232055        90.9855632510       479.4411326043    102002.7029850786
937000    -10864.8259342420        90.9860373774       479.4585637682    102002.7029850786
938000    -10864.8370951347        90.9857811756       479.4761284037    102002.7029850786
939000    -10864.8135918944        90.9874019807       479.4806857128    102002.7029850786
940000    -10864.8204186700        90.9870591735       479.5004117221    102002.7029850786
941000    -10864.8493182087        90.9858662821       479.5380186165    102002.7029850786
942000    -10864.8352018069        90.9861084367       479.5950962579    102002.7029850786
943000    -10864.8450311495        90.9857453211       479.5847948987    102002.7029850786
944000    -10864.8531187078        90.9856227367       479.6143654591    102002.7029850786
945000    -10864.8602878566        90.9849044345       479.6715066389    102002.7029850786
946000    -10864.8452018153        90.9851205802       479.7050976653    102002.7029850786
947000    -10864.8551696136        90.9851493315       479.6604208076    102002.7029850786
948000    -10864.8590030582        90.9851187188       479.6470310970    102002.7029850786
949000    -10864.8714157190        90.9845792880       479.7825023555    102002.7029850786
950000    -10864.8441936828        90.9857704089       479.8220796070    102002.7029850786
951000    -10864.8351918460        90.9861366601       479.8790106124    102002.7029850786
952000    -10864.8248827129        90.9868505060       479.9176540398    102002.7029850786
953000    -10864.8125059481        90.9875319969       479.9235571932    102002.7029850786
954000    -10864.8121114455        90.9877947254       479.9410328964    102002.7029850786
955000    -10864.8296211254        90.9868548297       480.0568906132    102002.7029850786
956000    -10864.8215019150        90.9873011014       480.1284064556    102002.7029850786
957000    -10864.8373352466        90.9862672145       480.1192127485    102002.7029850786
958000    -10864.8313217835        90.9864422917       480.2434697120    102002.7029850786
959000    -10864.8338207314        90.9859282568       480.3976572250    102002.7029850786
960000    -10864.8308091198        90.9857891521       480.4121201206    102002.7029850786
961000    -10864.8433995105        90.9854672435       480.4360486306    102002.7029850786
962000    -10864.8439137673        90.9854741931       480.4938182802    102002.7029850786
963000    -10864.8371137478        90.9852871952       480.5939564946    102002.7029850786
964000    -10864.8376851320        90.9851154407       480.6552207372    102002.7029850786
965000    -10864.8394631184        90.9846793127       480.8036190007    102002.7029850786
966000    -10864.8392578408        90.9845849329       480.8145528289    102002.7029850786
967000    -10864.8253560893        90.9851420440       481.0006798318    102002.7029850786
968000    -10864.8385053796        90.9842993818       481.0435809599    102002.7029850786
969000    -10864.8130042271        90.9854094539       481.1653941221    102002.7029850786
970000    -10864.8219574431        90.9850674517       481.1492533156    102002.7029850786
971000    -10864.8086883786        90.9856874051       481.1702120179    102002.7029850786
972000    -10864.8318408075        90.9845328276       481.1380972120    102002.7029850786
973000    -10864.8351619324        90.9843929650       481.1187878446    102002.7029850786
974000    -10864.8688203337        90.9832119235       481.0868738135    102002.7029850786
975000    -10864.8858787245        90.9827667336       481.1034762124    102002.7029850786
976000    -10864.9045932001        90.9820508294       481.1149557419    102002.7029850786
977000    -10864.9229806500        90.9815187846       481.0675295804    102002.7029850786
978000    -10864.9150716637        90.9819272944       481.0766401467    102002.7029850786
979000    -10864.9265994004        90.9819946085       481.1280212029    102002.7029850786
980000    -10864.9328935932        90.9816420568       481.1429324206    102002.7029850786
981000    -10864.9411390566        90.9812845034       481.1225186245    102002.7029850786
982000    -10864.9455796240        90.9811446898       481.1065263642    102002.7029850786
983000    -10864.9507003393        90.9812287168       481.1002644773    102002.7029850786
984000    -10864.9544654007        90.9811486385       481.1659375197    102002.7029850786
985000    -10864.9564467161        90.9815547354       481.1601853411    102002.7029850786
986000    -10864.9807150629        90.9805670022       481.0767983661    102002.7029850786
987000    -10864.9774748692        90.9809256492       481.0511663435    102002.7029850786
988000    -10864.9775200597        90.9808621462       480.9994502003    102002.7029850786
989000    -10864.9902198381        90.9807499258       481.0156532620    102002.7029850786
990000    -10864.9858677034        90.9807013479       481.0825558672    102002.7029850786
991000    -10864.9866199652        90.9814922483       481.0789413979    102002.7029850786
992000    -10864.9782254103        90.9823886185       481.0084108022    102002.7029850786
993000    -10864.9833706238        90.9818549060       480.9511402992    102002.7029850786
994000    -10865.0144333979        90.9800932552       480.8597974518    102002.7029850786
995000    -10865.0176358222        90.9801671731       480.8138326121    102002.7029850786
996000    -10865.0301671329        90.9799037812       480.7725044022    102002.7029850786
997000    -10865.0085193816        90.9812164382       480.7121312843    102002.7029850786
998000    -10865.0034570956        90.9812250967       480.8062290270    102002.7029850786
999000    -10865.0026717277        90.9811582744       480.8660655863    102002.7029850786
1000000    -10865.0010164539        90.9810522842       480.7999315688    102002.7029850786
