# Time-averaged data for fix runningavgs
# TimeStep v_ra_etotal v_ra_temp v_ra_press v_ra_volume
502000     -8042.5952858240       109.8593620557      -832.4591339103    102002.7029850792
503000     -8044.8804500613       109.9316762128      -809.6019023817    102002.7029850792
504000     -8044.7698385611       109.9953204610      -813.7455198595    102002.7029850792
505000     -8045.1466973878       109.9255084584      -813.0605754283    102002.7029850792
506000     -8048.5520965233       109.6675104797      -816.2243740400    102002.7029850792
507000     -8045.9515012617       109.7451615927      -823.2567393848    102002.7029850792
508000     -8047.0792665010       109.7534491669      -826.3616894540    102002.7029850792
509000     -8046.2454402274       109.7469868174      -825.5850627040    102002.7029850792
510000     -8047.5192297355       109.7206690809      -819.0365096797    102002.7029850792
511000     -8048.6308459721       109.7064903743      -812.8485661719    102002.7029850792
512000     -8047.7140377920       109.7784639121      -813.4471919623    102002.7029850792
513000     -8046.2535478033       109.8740477794      -812.2148157493    102002.7029850792
514000     -8046.5407327158       109.8694749034      -815.0854595202    102002.7029850792
515000     -8046.1986832518       109.8761956828      -817.6840306152    102002.7029850792
516000     -8046.7999072355       109.8334411613      -820.2723518252    102002.7029850792
517000     -8047.3275383445       109.7961172078      -821.2943413611    102002.7029850792
518000     -8046.9860677238       109.8205692261      -818.6509483868    102002.7029850792
519000     -8045.5921603586       109.8903292713      -819.5476400620    102002.7029850792
520000     -8044.4892135973       109.9289608374      -821.7578479236    102002.7029850792
521000     -8043.8262953718       109.9299552557      -821.9911386019    102002.7029850792
522000     -8042.9750448261       109.9596850526      -820.9429516961    102002.7029850792
523000     -8042.1470152108       109.9804832090      -821.5534986032    102002.7029850792
524000     -8042.2070400837       109.9834456607      -822.3395066307    102002.7029850792
525000     -8042.4368134974       109.9673509949      -822.3525919805    102002.7029850792
526000     -8042.4775541828       109.9918390242      -823.6674065159    102002.7029850792
527000     -8042.0413493548       110.0148969183      -825.2253183538    102002.7029850792
528000     -8041.6644322243       110.0269557109      -826.2890993068    102002.7029850792
529000     -8041.6631217712       110.0118890382      -825.2604648663    102002.7029850792
530000     -8041.1866835174       110.0106943730      -825.8169761798    102002.7029850792
531000     -8041.3898451161       109.9828759528      -825.5500610639    102002.7029850792
532000     -8041.3452408038       109.9724009909      -824.6730219038    102002.7029850792
533000     -8041.5096414420       109.9481797109      -824.9219739622    102002.7029850792
534000     -8041.4060349335       109.9626511545      -824.6369880648    102002.7029850792
535000     -8041.2078225514       109.9708647834      -825.0539624390    102002.7029850792
536000     -8041.3001891252       109.9796132976      -825.2940062338    102002.7029850792
537000     -8040.7712469043       109.9941037959      -825.8030675520    102002.7029850792
538000     -8041.0786952877       109.9742433659      -824.5969135465    102002.7029850792
539000     -8041.0103191675       109.9652600034      -824.2220191655    102002.7029850791
540000     -8040.9050813063       109.9559251759      -823.6483501485    102002.7029850791
541000     -8040.4420983489       109.9745333875      -823.3590000859    102002.7029850791
542000     -8039.9605143366       109.9845396148      -824.2000941879    102002.7029850791
543000     -8039.7777090237       109.9927404405      -824.4518204269    102002.7029850791
544000     -8039.8258412587       109.9855774338      -824.7513166546    102002.7029850791
545000     -8040.0673594599       109.9758466908      -824.1946761931    102002.7029850791
546000     -8040.3629859127       109.9568045063      -823.8722749799    102002.7029850791
547000     -8040.2913209274       109.9651975820      -824.3316659382    102002.7029850791
548000     -8040.4177069072       109.9657407525      -824.5454128608    102002.7029850791
549000     -8040.6459694973       109.9570515852      -824.0772460429    102002.7029850791
550000     -8040.8202688439       109.9433394444      -823.5117725140    102002.7029850791
551000     -8040.8236960520       109.9435254971      -823.4183954252    102002.7029850791
552000     -8040.4980717823       109.9646597791      -823.5503451514    102002.7029850791
553000     -8040.0739204121       109.9761637144      -823.3712295622    102002.7029850791
554000     -8039.8548814406       109.9886815566      -823.2586515024    102002.7029850791
555000     -8040.0440453001       109.9840184146      -823.4793548888    102002.7029850791
556000     -8039.9620078022       109.9782937807      -823.3528590556    102002.7029850791
557000     -8039.8237713903       109.9807305414      -823.3712029764    102002.7029850791
558000     -8039.9198693160       109.9754656834      -824.1512555429    102002.7029850791
559000     -8040.1659595344       109.9659166032      -824.9141387242    102002.7029850791
560000     -8039.9279060017       109.9856924931      -825.0521089477    102002.7029850791
561000     -8039.9211370290       109.9896431087      -825.1236606674    102002.7029850791
562000     -8039.6656365774       110.0024885080      -824.4541547179    102002.7029850791
563000     -8039.7663613107       109.9894420910      -824.4768201310    102002.7029850791
564000     -8039.9297541186       109.9889385670      -823.8046380784    102002.7029850791
565000     -8040.1272844384       109.9835947253      -823.8628770566    102002.7029850791
566000     -8040.3715399830       109.9745128638      -824.1246123564    102002.7029850791
567000     -8040.3607017747       109.9737618475      -824.3286413540    102002.7029850791
568000     -8040.7269536172       109.9603062798      -824.6578833877    102002.7029850791
569000     -8040.8447128562       109.9627175476      -824.5383090824    102002.7029850791
570000     -8041.0018491684       109.9550680172      -824.8403726727    102002.7029850791
571000     -8040.9964907153       109.9572729578      -825.0828230177    102002.7029850791
572000     -8041.0508912568       109.9549050792      -825.3549856880    102002.7029850791
573000     -8041.3504718149       109.9397393809      -825.4773222646    102002.7029850791
574000     -8041.2519360611       109.9420965671      -826.4695367703    102002.7029850791
575000     -8041.1999264716       109.9500622825      -826.0664740177    102002.7029850791
576000     -8041.2744738759       109.9412434862      -826.3029073789    102002.7029850791
577000     -8041.2909488962       109.9347395850      -826.8145066294    102002.7029850791
578000     -8041.2653725919       109.9318301508      -827.5610687396    102002.7029850791
579000     -8041.2309224253       109.9292507136      -827.6652287727    102002.7029850791
580000     -8041.3541628798       109.9254547654      -828.2751618894    102002.7029850791
581000     -8041.3714232323       109.9276315722      -828.7956079768    102002.7029850791
582000     -8041.2896530450       109.9263310877      -829.2149046087    102002.7029850791
583000     -8041.1443480535       109.9286550646      -829.4880791325    102002.7029850791
584000     -8041.1799435262       109.9206504778      -829.3603726586    102002.7029850791
585000     -8041.0641919060       109.9213689700      -829.5365954442    102002.7029850791
586000     -8040.9177270759       109.9239006466      -829.2867283178    102002.7029850791
587000     -8040.7962411356       109.9306486765      -829.2191120572    102002.7029850791
588000     -8040.7219493003       109.9338894176      -829.4807474796    102002.7029850791
589000     -8040.5705764066       109.9412518966      -829.4870624496    102002.7029850791
590000     -8040.5346562768       109.9342362495      -829.6473989608    102002.7029850791
591000     -8040.4566209690       109.9307474242      -829.6127144678    102002.7029850792
592000     -8040.3255099648       109.9345205708      -829.6457008137    102002.7029850792
593000     -8040.3438679625       109.9361285963      -829.7551052235    102002.7029850792
594000     -8040.4095204068       109.9304092250      -830.0721278496    102002.7029850792
595000     -8040.4413993758       109.9297659120      -829.8433894399    102002.7029850792
596000     -8040.3414336758       109.9305789225      -831.0557626572    102002.7029850792
597000     -8040.2466119935       109.9357878428      -831.3282279135    102002.7029850792
598000     -8040.0828537155       109.9447963990      -831.1831929112    102002.7029850792
599000     -8040.0676837481       109.9388216445      -831.4567198600    102002.7029850792
600000     -8039.9877646572       109.9465236107      -831.4623256511    102002.7029850792
601000     -8040.0357917763       109.9464075770      -831.3727583515    102002.7029850792
602000     -8039.9152811153       109.9522409788      -831.7910114605    102002.7029850792
603000     -8039.8659924596       109.9504764165      -832.1679454400    102002.7029850792
604000     -8039.7655774499       109.9622739254      -832.4050961024    102002.7029850793
605000     -8039.7851375562       109.9545587772      -832.3080019006    102002.7029850793
606000     -8039.6762178914       109.9607190160      -832.1747100473    102002.7029850793
607000     -8039.6840814415       109.9607636383      -832.4077593582    102002.7029850793
608000     -8039.7645313485       109.9554671571      -832.2994347460    102002.7029850793
609000     -8039.7736101267       109.9527388398      -832.4882675816    102002.7029850793
610000     -8039.6437430107       109.9578284431      -832.2510261973    102002.7029850793
611000     -8039.6371348188       109.9612902073      -831.8185845131    102002.7029850793
612000     -8039.7214708721       109.9638635195      -831.3803250690    102002.7029850793
613000     -8039.6892419060       109.9679635250      -831.7359026467    102002.7029850793
614000     -8039.5930133728       109.9659589987      -831.6580233611    102002.7029850793
615000     -8039.4888854906       109.9704867436      -831.7248759227    102002.7029850793
616000     -8039.4519211034       109.9743688661      -831.7020088632    102002.7029850793
617000     -8039.1779769878       109.9876344955      -831.5608127165    102002.7029850793
618000     -8039.1251698711       109.9891291665      -831.2283155703    102002.7029850793
619000     -8039.0570259159       109.9895539054      -831.5061757514    102002.7029850793
620000     -8038.9169552254       109.9911520624      -831.5630665792    102002.7029850793
621000     -8038.9623560078       109.9861764566      -831.5793732470    102002.7029850793
622000     -8038.9537138300       109.9835143127      -831.6169973149    102002.7029850794
623000     -8038.9698153874       109.9813655652      -831.3398564892    102002.7029850794
624000     -8038.8934197732       109.9830068863      -831.1719295510    102002.7029850794
625000     -8038.9883244124       109.9780605715      -830.9800068017    102002.7029850794
626000     -8038.9508339308       109.9815862884      -830.7649732150    102002.7029850794
627000     -8038.9034335672       109.9848348642      -830.8556799738    102002.7029850794
628000     -8038.9770545547       109.9814185343      -830.7074989995    102002.7029850794
629000     -8039.0590945928       109.9765980504      -830.7665901859    102002.7029850794
630000     -8039.1051421126       109.9799552462      -830.6888636423    102002.7029850794
631000     -8039.1279786762       109.9811346325      -830.4664742043    102002.7029850794
632000     -8038.9895150593       109.9861104820      -830.4306377669    102002.7029850794
633000     -8038.9633822705       109.9903465210      -830.3502716641    102002.7029850794
634000     -8039.1292211227       109.9828612390      -830.3294910796    102002.7029850794
635000     -8039.1414542586       109.9807062220      -830.2815310264    102002.7029850794
636000     -8039.1537983447       109.9839819527      -830.5784596992    102002.7029850794
637000     -8039.1907812120       109.9821045084      -830.7372938091    102002.7029850794
638000     -8039.2717981391       109.9812650637      -830.6997478701    102002.7029850794
639000     -8039.3628537473       109.9764411470      -830.9026092657    102002.7029850794
640000     -8039.2535609029       109.9848298400      -830.8177990248    102002.7029850794
641000     -8039.2629760343       109.9846563957      -830.7877701951    102002.7029850794
642000     -8039.2714442726       109.9853888286      -830.9835085161    102002.7029850794
643000     -8039.3567590816       109.9822560529      -831.0266925404    102002.7029850794
644000     -8039.3645669226       109.9838191887      -830.9222308861    102002.7029850794
645000     -8039.2983263178       109.9862669924      -831.2807492440    102002.7029850794
646000     -8039.1439721379       109.9904553528      -831.1223955359    102002.7029850795
647000     -8039.1372640392       109.9881333537      -830.9394374312    102002.7029850795
648000     -8039.0685436387       109.9906907271      -831.2344342570    102002.7029850795
649000     -8039.1462575705       109.9891853266      -831.2747665150    102002.7029850795
650000     -8039.2076653490       109.9864844157      -831.3843179236    102002.7029850795
651000     -8039.2074527598       109.9864009048      -831.5025181982    102002.7029850795
652000     -8039.1986382191       109.9853341831      -831.7330377128    102002.7029850795
653000     -8039.1860723482       109.9861497460      -831.9679051200    102002.7029850795
654000     -8039.2204204652       109.9878529156      -832.1538896893    102002.7029850795
655000     -8039.2621436660       109.9887603706      -832.2022035980    102002.7029850795
656000     -8039.3089999274       109.9835178027      -832.1680475454    102002.7029850795
657000     -8039.2163754343       109.9871790574      -832.0079734653    102002.7029850795
658000     -8039.2101840867       109.9881570406      -831.9504586690    102002.7029850795
659000     -8039.3731133222       109.9833007304      -832.2482764572    102002.7029850795
660000     -8039.3974565106       109.9837396685      -832.6881469593    102002.7029850795
661000     -8039.4120481428       109.9822995594      -832.8707056347    102002.7029850795
662000     -8039.4180442078       109.9815546087      -832.9694271169    102002.7029850795
663000     -8039.3942233163       109.9797510578      -832.7254257907    102002.7029850795
664000     -8039.4698491351       109.9734812060      -832.4181307802    102002.7029850795
665000     -8039.4261000110       109.9787766141      -832.2114473438    102002.7029850795
666000     -8039.3713710840       109.9811086742      -832.3590046084    102002.7029850795
667000     -8039.3562170677       109.9820061018      -832.4975189025    102002.7029850795
668000     -8039.3298167557       109.9835618703      -832.6010998947    102002.7029850795
669000     -8039.3142091984       109.9878768784      -832.6156242267    102002.7029850795
670000     -8039.3687805862       109.9862338914      -832.6973829322    102002.7029850795
671000     -8039.3900944377       109.9869280969      -832.4091993202    102002.7029850795
672000     -8039.3781695397       109.9875382262      -832.0437096010    102002.7029850795
673000     -8039.3590353409       109.9867768125      -831.9035428406    102002.7029850795
674000     -8039.4252462886       109.9844344152      -831.8062864898    102002.7029850794
675000     -8039.4340344902       109.9829435703      -831.8743185718    102002.7029850794
676000     -8039.3875330473       109.9834711516      -831.7705617847    102002.7029850794
677000     -8039.3883024994       109.9798907050      -831.5593935455    102002.7029850794
678000     -8039.3623417208       109.9791767906      -831.1093119956    102002.7029850794
679000     -8039.3584772827       109.9789571351      -831.0050982299    102002.7029850794
680000     -8039.3634709699       109.9799685517      -830.8886483994    102002.7029850794
681000     -8039.3418775154       109.9810087600      -831.0314400785    102002.7029850794
682000     -8039.3795956648       109.9799682258      -831.4160817603    102002.7029850794
683000     -8039.3618025333       109.9787833169      -831.5163047602    102002.7029850794
684000     -8039.3565741901       109.9775185615      -831.2714370002    102002.7029850794
685000     -8039.4044855741       109.9734500071      -831.4058452562    102002.7029850794
686000     -8039.4111000174       109.9713024111      -831.5539953491    102002.7029850794
687000     -8039.4132130826       109.9715749949      -831.7075619197    102002.7029850794
688000     -8039.4898416941       109.9701541109      -831.5883150215    102002.7029850793
689000     -8039.5117667603       109.9683523218      -831.6290154302    102002.7029850793
690000     -8039.4727267387       109.9721837080      -831.6309047884    102002.7029850793
691000     -8039.4271842064       109.9759067937      -831.5027867678    102002.7029850793
692000     -8039.4537476192       109.9761889353      -831.3105245185    102002.7029850793
693000     -8039.5052575562       109.9772720166      -831.1216971298    102002.7029850793
694000     -8039.6133562475       109.9767942342      -831.1880436123    102002.7029850793
695000     -8039.7230668687       109.9719486556      -831.3559619703    102002.7029850793
696000     -8039.7654656102       109.9692364008      -831.2874464682    102002.7029850793
697000     -8039.7727708185       109.9678050528      -831.1594390780    102002.7029850793
698000     -8039.7417584319       109.9668832706      -830.9793687253    102002.7029850793
699000     -8039.7614537554       109.9690037731      -830.9898838027    102002.7029850793
700000     -8039.7482685436       109.9696673957      -831.0275460079    102002.7029850793
701000     -8039.7415251462       109.9690045383      -831.2041434075    102002.7029850793
702000     -8039.6761055990       109.9721575942      -831.4647472401    102002.7029850793
703000     -8039.6400576170       109.9741166594      -831.4489076010    102002.7029850793
704000     -8039.5501158467       109.9795104419      -831.3515672672    102002.7029850792
705000     -8039.4811144035       109.9815047371      -831.3840414018    102002.7029850792
706000     -8039.4689939905       109.9824664626      -831.3517630803    102002.7029850792
707000     -8039.5107657982       109.9817794871      -831.4264037249    102002.7029850792
708000     -8039.5230599045       109.9801163365      -831.6925540075    102002.7029850792
709000     -8039.4864789640       109.9790887025      -831.8686923207    102002.7029850792
710000     -8039.4563333657       109.9788915373      -831.9724832048    102002.7029850792
711000     -8039.5770299652       109.9725737476      -832.0492208461    102002.7029850792
712000     -8039.6119961411       109.9723160476      -832.0800986483    102002.7029850792
713000     -8039.5797292320       109.9742334952      -832.1018521501    102002.7029850792
714000     -8039.5628013979       109.9768755872      -832.2126908349    102002.7029850792
715000     -8039.5595264647       109.9802755399      -832.2748518194    102002.7029850792
716000     -8039.6276425376       109.9790706101      -832.0188773699    102002.7029850792
717000     -8039.6486948255       109.9812763874      -831.8013995424    102002.7029850792
718000     -8039.6935005078       109.9811765230      -831.7110128307    102002.7029850792
719000     -8039.7044052569       109.9807612797      -831.6682269888    102002.7029850792
720000     -8039.7589405690       109.9774208798      -831.6387785755    102002.7029850792
721000     -8039.7692910802       109.9769293091      -831.7398471957    102002.7029850792
722000     -8039.8226584007       109.9767012808      -831.5804225758    102002.7029850792
723000     -8039.9222853510       109.9723387626      -831.3973518974    102002.7029850792
724000     -8039.9391942172       109.9728163639      -831.4220852194    102002.7029850791
725000     -8040.0120468651       109.9692418456      -831.4352966024    102002.7029850791
726000     -8040.0723411947       109.9679317695      -831.3576676175    102002.7029850791
727000     -8040.1260451636       109.9658521806      -831.0580065207    102002.7029850791
728000     -8040.1369148118       109.9668113467      -830.8449732830    102002.7029850791
729000     -8040.1636808095       109.9660700964      -830.7184417832    102002.7029850791
730000     -8040.2320493947       109.9636829081      -830.5371702405    102002.7029850791
731000     -8040.3064946232       109.9627010671      -830.4132745624    102002.7029850791
732000     -8040.3767353566       109.9595489525      -830.1969598793    102002.7029850791
733000     -8040.3997941286       109.9596417384      -830.1487248531    102002.7029850791
734000     -8040.3776290395       109.9579927183      -830.2114246400    102002.7029850791
735000     -8040.3623573170       109.9570080260      -830.0065431349    102002.7029850791
736000     -8040.3697034996       109.9581109331      -829.8939675700    102002.7029850791
737000     -8040.2851565252       109.9610029416      -829.9336597755    102002.7029850791
738000     -8040.3080914489       109.9606603704      -829.9443048854    102002.7029850791
739000     -8040.2729866367       109.9640027137      -829.9509392632    102002.7029850791
740000     -8040.2548065294       109.9654769126      -829.8456031366    102002.7029850791
741000     -8040.3455628429       109.9611255004      -829.6627494711    102002.7029850791
742000     -8040.3439951675       109.9597541071      -829.7714795845    102002.7029850791
743000     -8040.3273744734       109.9632598778      -829.8161956731    102002.7029850791
744000     -8040.2964182972       109.9654012907      -829.8736193503    102002.7029850791
745000     -8040.2913310137       109.9684153985      -829.8336496278    102002.7029850791
746000     -8040.2885678020       109.9701311724      -829.8608140181    102002.7029850791
747000     -8040.2826652253       109.9726413820      -829.7461003497    102002.7029850791
748000     -8040.2729100787       109.9742685518      -829.8260053941    102002.7029850790
749000     -8040.2624150399       109.9763172949      -829.7685475534    102002.7029850790
750000     -8040.3179162968       109.9745592132      -829.7996341429    102002.7029850790
751000     -8040.3170687673       109.9745400180      -829.7254343249    102002.7029850790
752000     -8040.3548949241       109.9730392850      -829.6125938385    102002.7029850790
753000     -8040.3218582321       109.9741605326      -829.6664336157    102002.7029850790
754000     -8040.2905922437       109.9757533251      -829.7153231141    102002.7029850790
755000     -8040.2360887907       109.9805889656      -829.7023256647    102002.7029850790
756000     -8040.1598470872       109.9814146198      -829.8512088270    102002.7029850790
757000     -8040.1931568136       109.9801252206      -829.7229844456    102002.7029850790
758000     -8040.1975453731       109.9799412168      -829.6523535464    102002.7029850790
759000     -8040.1268019107       109.9816496051      -829.5855674430    102002.7029850790
760000     -8040.0999289956       109.9831508050      -829.5078906260    102002.7029850790
761000     -8040.0590297503       109.9857572013      -829.4481298157    102002.7029850790
762000     -8040.0560539659       109.9833510625      -829.4156652093    102002.7029850790
763000     -8040.0494456904       109.9833802690      -829.4302210944    102002.7029850790
764000     -8040.0566615526       109.9832463009      -829.3479738704    102002.7029850790
765000     -8040.0487221892       109.9840441973      -829.1811308733    102002.7029850790
766000     -8040.1004875620       109.9819325373      -828.9870997920    102002.7029850790
767000     -8040.1523102982       109.9785300559      -828.8047985609    102002.7029850790
768000     -8040.1634646207       109.9782057551      -828.7147502240    102002.7029850790
769000     -8040.1173813243       109.9806186975      -828.7591629343    102002.7029850790
770000     -8040.0761588761       109.9825980959      -828.7157859131    102002.7029850790
771000     -8040.0802338674       109.9832730904      -828.7340101417    102002.7029850790
772000     -8040.0756982804       109.9843822489      -828.6366283561    102002.7029850790
773000     -8040.0245965068       109.9869493052      -828.6677665524    102002.7029850790
774000     -8040.0478407713       109.9879266457      -828.5659178662    102002.7029850790
775000     -8040.0476784234       109.9872254440      -828.5420376516    102002.7029850790
776000     -8040.1025618877       109.9846573134      -828.5160745127    102002.7029850790
777000     -8040.1748043706       109.9808320714      -828.4560992563    102002.7029850789
778000     -8040.1836361134       109.9793939901      -828.5858288676    102002.7029850789
779000     -8040.1790333554       109.9798782020      -828.5395231476    102002.7029850789
780000     -8040.1309993605       109.9830601476      -828.6940510410    102002.7029850789
781000     -8040.1206607434       109.9812104436      -828.6876531958    102002.7029850789
782000     -8040.1107980719       109.9808923953      -828.5731531766    102002.7029850789
783000     -8040.1108834069       109.9790429382      -828.3975439106    102002.7029850789
784000     -8040.1363704763       109.9754054820      -828.3577124317    102002.7029850789
785000     -8040.1516962348       109.9744081703      -828.3170253408    102002.7029850789
786000     -8040.1814752736       109.9733061451      -828.2679392571    102002.7029850789
787000     -8040.2367785757       109.9716954486      -828.2198999506    102002.7029850789
788000     -8040.2325280124       109.9712846670      -828.1838479658    102002.7029850789
789000     -8040.2061674225       109.9730739835      -828.1811470108    102002.7029850789
790000     -8040.1569936797       109.9753933308      -828.0980898856    102002.7029850789
791000     -8040.1465243475       109.9753760719      -828.0725253832    102002.7029850789
792000     -8040.1808242766       109.9751581379      -828.0913475996    102002.7029850789
793000     -8040.2340725473       109.9708928097      -828.1538692660    102002.7029850789
794000     -8040.2358608658       109.9715234206      -828.0331575953    102002.7029850789
795000     -8040.2755990481       109.9695288693      -827.9891081025    102002.7029850789
796000     -8040.2786691358       109.9700766413      -828.0813951502    102002.7029850789
797000     -8040.2662657198       109.9720030973      -827.9635727430    102002.7029850789
798000     -8040.2614864130       109.9741821316      -827.8107995822    102002.7029850789
799000     -8040.2879704024       109.9731124250      -827.8800900637    102002.7029850789
800000     -8040.3084899937       109.9730234933      -827.9850536683    102002.7029850789
801000     -8040.2705045457       109.9740875921      -827.9953202276    102002.7029850789
802000     -8040.2591757007       109.9747205963      -827.9802713876    102002.7029850789
803000     -8040.2170339355       109.9754507471      -827.9895955940    102002.7029850789
804000     -8040.2274077839       109.9728602094      -827.9565535007    102002.7029850789
805000     -8040.2039609026       109.9745709975      -827.9897881347    102002.7029850789
806000     -8040.1726669821       109.9755153958      -827.9467180058    102002.7029850789
807000     -8040.1444998985       109.9771442950      -827.9273438151    102002.7029850789
808000     -8040.1823014042       109.9767057756      -827.9533914400    102002.7029850789
809000     -8040.2183073723       109.9742412531      -827.9748182753    102002.7029850789
810000     -8040.2457042810       109.9731602133      -828.0165159246    102002.7029850789
811000     -8040.2048594416       109.9742340686      -828.0695837150    102002.7029850789
812000     -8040.1705771978       109.9748540685      -828.1937331925    102002.7029850789
813000     -8040.1319430367       109.9750023564      -828.3681682790    102002.7029850789
814000     -8040.1333918357       109.9739353266      -828.3633233834    102002.7029850789
815000     -8040.1556783758       109.9720683784      -828.3609670854    102002.7029850788
816000     -8040.1297794378       109.9710878683      -828.5420101229    102002.7029850788
817000     -8040.0977874786       109.9731438464      -828.3718401451    102002.7029850788
818000     -8040.0648377944       109.9739647439      -828.4469645908    102002.7029850788
819000     -8040.1191714794       109.9705760290      -828.4572808188    102002.7029850788
820000     -8040.1284879339       109.9698193876      -828.5286325427    102002.7029850788
821000     -8040.0977314623       109.9713227326      -828.5841320526    102002.7029850788
822000     -8040.0842906822       109.9712413877      -828.5531383298    102002.7029850788
823000     -8040.1252198931       109.9685159884      -828.5926268209    102002.7029850788
824000     -8040.1011843584       109.9684797896      -828.6544008574    102002.7029850788
825000     -8040.0374677090       109.9704626342      -828.9220410852    102002.7029850788
826000     -8040.0303184643       109.9708867340      -828.9783599463    102002.7029850788
827000     -8040.0542476349       109.9680963855      -829.0734253327    102002.7029850788
828000     -8040.0254606908       109.9664125409      -829.2729747737    102002.7029850788
829000     -8040.0005282255       109.9657152621      -829.3735639638    102002.7029850788
830000     -8039.9285156702       109.9678923972      -829.4302216503    102002.7029850788
831000     -8039.9262682927       109.9682334930      -829.2955611013    102002.7029850788
832000     -8039.9111049774       109.9681208655      -829.2266528094    102002.7029850788
833000     -8039.9514292433       109.9660571951      -829.0960382484    102002.7029850788
834000     -8039.9135560415       109.9686886487      -829.0800995003    102002.7029850788
835000     -8039.9247389597       109.9672938243      -829.0373220246    102002.7029850788
836000     -8039.8868936928       109.9690475528      -829.0342954333    102002.7029850788
837000     -8039.8751025803       109.9698686245      -828.9435614194    102002.7029850788
838000     -8039.8729508515       109.9708784231      -828.8521865346    102002.7029850788
839000     -8039.8646714364       109.9695435576      -828.9512543124    102002.7029850788
840000     -8039.8457257807       109.9709535558      -828.8576170034    102002.7029850788
841000     -8039.8337762862       109.9721748929      -828.7655849032    102002.7029850788
842000     -8039.8394624108       109.9717203598      -828.6620245268    102002.7029850788
843000     -8039.7778706950       109.9745217842      -828.7042014335    102002.7029850788
844000     -8039.7442368471       109.9761450835      -828.7877759358    102002.7029850788
845000     -8039.7107027795       109.9772165481      -828.8038268922    102002.7029850788
846000     -8039.6939405155       109.9770984551      -828.8028961207    102002.7029850788
847000     -8039.6433308611       109.9781811566      -828.8966755084    102002.7029850788
848000     -8039.5921272162       109.9810367195      -829.1438656460    102002.7029850788
849000     -8039.6006212493       109.9811937598      -829.1832179493    102002.7029850788
850000     -8039.6048435199       109.9822646421      -829.1917840011    102002.7029850788
851000     -8039.5739959399       109.9840145733      -829.1889044426    102002.7029850788
852000     -8039.5130596995       109.9856794162      -829.2869316332    102002.7029850788
853000     -8039.4896210154       109.9858601918      -829.2974990119    102002.7029850788
854000     -8039.5017315778       109.9856326336      -829.3061513487    102002.7029850788
855000     -8039.5122683844       109.9853482786      -829.2169129621    102002.7029850788
856000     -8039.5140954264       109.9861579315      -829.1600264770    102002.7029850788
857000     -8039.5107974878       109.9875853728      -829.0896799054    102002.7029850788
858000     -8039.5287752808       109.9857471017      -829.0829545957    102002.7029850788
859000     -8039.5527698559       109.9850230851      -828.9607641453    102002.7029850788
860000     -8039.5947268313       109.9840308710      -829.1694876261    102002.7029850788
861000     -8039.6149431487       109.9826919025      -829.3001195632    102002.7029850788
862000     -8039.6456867020       109.9811903792      -829.3079464788    102002.7029850788
863000     -8039.6278447207       109.9817328533      -829.3327137522    102002.7029850788
864000     -8039.6558550274       109.9801882524      -829.2559198250    102002.7029850788
865000     -8039.6565941300       109.9798217173      -829.2049032402    102002.7029850788
866000     -8039.6492201398       109.9788154588      -829.1459774495    102002.7029850788
867000     -8039.6090190169       109.9811434904      -829.2433503788    102002.7029850788
868000     -8039.5814110260       109.9806645269      -829.3181092102    102002.7029850788
869000     -8039.5859205544       109.9805135241      -829.2980319576    102002.7029850788
870000     -8039.5996173863       109.9800727818      -829.2888950871    102002.7029850787
871000     -8039.5779779193       109.9812304902      -829.1904011315    102002.7029850787
872000     -8039.5762357097       109.9809602619      -829.0873598829    102002.7029850787
873000     -8039.5522643322       109.9803609788      -829.1140921413    102002.7029850787
874000     -8039.5534379590       109.9804556574      -829.1805727750    102002.7029850787
875000     -8039.5365625870       109.9801850302      -829.3118323302    102002.7029850787
876000     -8039.5584501671       109.9793649896      -829.3817746801    102002.7029850787
877000     -8039.5993969371       109.9772081191      -829.5170661524    102002.7029850787
878000     -8039.6353856275       109.9761713831      -829.5092519055    102002.7029850787
879000     -8039.6582973301       109.9749712948      -829.4529279786    102002.7029850787
880000     -8039.6585069171       109.9743957599      -829.4689351507    102002.7029850787
881000     -8039.6399173295       109.9759441089      -829.4713815396    102002.7029850787
882000     -8039.6572541549       109.9762397304      -829.4391248434    102002.7029850787
883000     -8039.6745948692       109.9769133038      -829.4686610344    102002.7029850787
884000     -8039.6706389705       109.9770132435      -829.4585823162    102002.7029850787
885000     -8039.6509341943       109.9762719036      -829.6160636909    102002.7029850787
886000     -8039.7057599269       109.9747075579      -829.6646225212    102002.7029850787
887000     -8039.7296565991       109.9741339442      -829.6205482628    102002.7029850787
888000     -8039.7198829913       109.9750216142      -829.5982056037    102002.7029850787
889000     -8039.7359077825       109.9739917197      -829.6535382160    102002.7029850787
890000     -8039.7519945221       109.9746190075      -829.5971702528    102002.7029850787
891000     -8039.7674888134       109.9742379105      -829.6938678558    102002.7029850787
892000     -8039.8219944821       109.9730849005      -829.5920522817    102002.7029850787
893000     -8039.8228009515       109.9749615734      -829.6751444663    102002.7029850787
894000     -8039.8234017901       109.9741943508      -829.7622251033    102002.7029850787
895000     -8039.8659468112       109.9715913214      -829.8807391391    102002.7029850787
896000     -8039.8938955188       109.9709705381      -829.8080131231    102002.7029850787
897000     -8039.8752300196       109.9711038300      -829.9315729889    102002.7029850787
898000     -8039.8905838621       109.9697658364      -829.9838744720    102002.7029850787
899000     -8039.8571406612       109.9710154144      -830.0881390410    102002.7029850787
900000     -8039.8478362155       109.9708102205      -830.0729478501    102002.7029850787
901000     -8039.8564886336       109.9685959090      -830.1222604635    102002.7029850787
902000     -8039.8604299153       109.9686586610      -830.1298827548    102002.7029850787
903000     -8039.8642922646       109.9677186009      -830.1122257300    102002.7029850787
904000     -8039.8439346599       109.9679764672      -830.0642068325    102002.7029850787
905000     -8039.8437523985       109.9687451904      -830.0692523300    102002.7029850787
906000     -8039.7728332342       109.9722943454      -830.1697561657    102002.7029850787
907000     -8039.7736817062       109.9727114850      -830.1703050685    102002.7029850787
908000     -8039.7585772386       109.9742745682      -830.2719599521    102002.7029850787
909000     -8039.7847970623       109.9743321944      -830.3273480283    102002.7029850787
910000     -8039.8147282372       109.9743332902      -830.3893869327    102002.7029850787
911000     -8039.8282240081       109.9726247762      -830.3835897500    102002.7029850787
912000     -8039.7959370568       109.9740795525      -830.3362221258    102002.7029850787
913000     -8039.7941955196       109.9735338090      -830.3513928507    102002.7029850787
914000     -8039.8016372451       109.9723880664      -830.3512303656    102002.7029850787
915000     -8039.7646178958       109.9752034619      -830.3031493039    102002.7029850787
916000     -8039.7592982174       109.9761452191      -830.3536726724    102002.7029850787
917000     -8039.7776465753       109.9752893552      -830.2704941083    102002.7029850787
918000     -8039.8069960875       109.9745650402      -830.2024253080    102002.7029850787
919000     -8039.8244507350       109.9730376608      -830.2104357440    102002.7029850787
920000     -8039.8161170185       109.9730965961      -830.2672310069    102002.7029850787
921000     -8039.8164885281       109.9729936101      -830.1534261392    102002.7029850787
922000     -8039.7999315636       109.9735352415      -830.1735331801    102002.7029850787
923000     -8039.7997834930       109.9734010605      -830.1695572727    102002.7029850787
924000     -8039.8047373052       109.9725800349      -830.2836048369    102002.7029850787
925000     -8039.7934013138       109.9723533061      -830.2299749234    102002.7029850787
926000     -8039.7885083817       109.9729511420      -830.2298437876    102002.7029850787
927000     -8039.8129875754       109.9715556691      -830.1630913949    102002.7029850786
928000     -8039.8217612523       109.9704061064      -830.1027648864    102002.7029850786
929000     -8039.8050293666       109.9712394603      -830.0708012760    102002.7029850786
930000     -8039.7909569673       109.9715156514      -830.0823328273    102002.7029850786
931000     -8039.7809835132       109.9731057338      -830.1007334237    102002.7029850786
932000     -8039.7751818344       109.9727625588      -830.0722719371    102002.7029850786
933000     -8039.7351859670       109.9734220117      -830.1825184991    102002.7029850786
934000     -8039.7182707562       109.9736963157      -830.0877232109    102002.7029850786
935000     -8039.7209033856       109.9720589069      -829.9856504212    102002.7029850786
936000     -8039.7083059888       109.9718342639      -829.9772566332    102002.7029850786
937000     -8039.6648243316       109.9737551708      -829.9705666533    102002.7029850786
938000     -8039.6788604896       109.9724224829      -830.0175249042    102002.7029850786
939000     -8039.6484080917       109.9744235102      -830.0209647741    102002.7029850786
940000     -8039.6109296430       109.9760984260      -830.0812342087    102002.7029850786
941000     -8039.6174581069       109.9754299989      -830.0845983836    102002.7029850786
942000     -8039.6294662289       109.9746735860      -830.0661972230    102002.7029850786
943000     -8039.6019165041       109.9751517961      -830.1319612815    102002.7029850786
944000     -8039.6182977504       109.9744289930      -830.0969508312    102002.7029850786
945000     -8039.6208792876       109.9736704600      -830.1258735500    102002.7029850786
946000     -8039.6463634700       109.9738902323      -830.2185154091    102002.7029850786
947000     -8039.6425303021       109.9758491633      -830.3385501219    102002.7029850786
948000     -8039.6310783778       109.9756774425      -830.5311041043    102002.7029850786
949000     -8039.6421483550       109.9735596821      -830.5704952400    102002.7029850786
950000     -8039.6330559328       109.9731353782      -830.5131170494    102002.7029850786
951000     -8039.6013433392       109.9729201480      -830.6340170633    102002.7029850786
952000     -8039.5654620873       109.9726385142      -830.6599726664    102002.7029850786
953000     -8039.5253133591       109.9731835435      -830.6623973679    102002.7029850786
954000     -8039.4867374987       109.9736245357      -830.7697995282    102002.7029850786
955000     -8039.4672934815       109.9733433638      -830.9096348694    102002.7029850786
956000     -8039.3941053853       109.9756436687      -830.9582110206    102002.7029850786
957000     -8039.3701889874       109.9762813031      -830.9318402927    102002.7029850786
958000     -8039.3307398319       109.9784188500      -830.9787822729    102002.7029850786
959000     -8039.3074479587       109.9787369285      -831.0915252066    102002.7029850786
960000     -8039.3186142394       109.9786205909      -831.0327951426    102002.7029850786
961000     -8039.3067162095       109.9794991084      -831.0422787419    102002.7029850786
962000     -8039.3179125110       109.9797494748      -831.1767174058    102002.7029850786
963000     -8039.2928594868       109.9806588425      -831.2307201637    102002.7029850786
964000     -8039.2953240173       109.9808062485      -831.3174844016    102002.7029850786
965000     -8039.2893876886       109.9814207775      -831.3390102844    102002.7029850786
966000     -8039.2752612944       109.9818063813      -831.3807275041    102002.7029850786
967000     -8039.2858173070       109.9818996739      -831.3640716806    102002.7029850786
968000     -8039.3019105402       109.9815053510      -831.3986818135    102002.7029850786
969000     -8039.2991499384       109.9815939633      -831.3355618207    102002.7029850786
970000     -8039.2797026143       109.9819018266      -831.3504793792    102002.7029850786
971000     -8039.2869598227       109.9813040660      -831.4167790960    102002.7029850786
972000     -8039.2927676391       109.9791709514      -831.5094933604    102002.7029850786
973000     -8039.3085009498       109.9782481051      -831.5247162741    102002.7029850786
974000     -8039.3261738740       109.9783407167      -831.5585870197    102002.7029850786
975000     -8039.3279778296       109.9783919300      -831.7303519485    102002.7029850786
976000     -8039.3423956012       109.9779651181      -831.7634276231    102002.7029850786
977000     -8039.3553080304       109.9784470571      -831.7954729329    102002.7029850786
978000     -8039.3865602706       109.9764590999      -831.7838958805    102002.7029850786
979000     -8039.3895257320       109.9759527949      -831.7292652755    102002.7029850786
980000     -8039.3806971409       109.9757716261      -831.7011568753    102002.7029850786
981000     -8039.3705730862       109.9759831373      -831.7555648895    102002.7029850786
982000     -8039.3872471638       109.9749394327      -831.8245950480    102002.7029850786
983000     -8039.3730945813       109.9742648011      -831.8368089802    102002.7029850786
984000     -8039.3323120260       109.9747020925      -831.8610353132    102002.7029850786
985000     -8039.3455507581       109.9734776202      -831.8498493580    102002.7029850786
986000     -8039.3611142549       109.9728395299      -831.8130622579    102002.7029850786
987000     -8039.3922692071       109.9716784947      -831.7741152025    102002.7029850786
988000     -8039.3611212196       109.9731058744      -831.7047259084    102002.7029850786
989000     -8039.3768444575       109.9725919086      -831.7381376753    102002.7029850786
990000     -8039.3605095007       109.9745938117      -831.7686339265    102002.7029850786
991000     -8039.3533875605       109.9753063127      -831.7284422901    102002.7029850786
992000     -8039.3576293740       109.9745721236      -831.7547598302    102002.7029850786
993000     -8039.3612750554       109.9749284257      -831.8200128772    102002.7029850786
994000     -8039.3499656873       109.9749926512      -831.8257721355    102002.7029850786
995000     -8039.3316457880       109.9765388108      -831.7331677930    102002.7029850786
996000     -8039.3444299649       109.9761912003      -831.6367615180    102002.7029850786
997000     -8039.3558771236       109.9779581907      -831.5737376116    102002.7029850786
998000     -8039.3599269666       109.9775994801      -831.7000607620    102002.7029850786
999000     -8039.3932084225       109.9757227977      -831.7508493651    102002.7029850786
1000000     -8039.3769527327       109.9763415265      -831.7195249358    102002.7029850786
