# Time-averaged data for fix runningavgs
# TimeStep v_ra_etotal v_ra_temp v_ra_press v_ra_volume
502000     -6440.1168701419       130.8394201635      -703.0976505770    102002.7029850792
503000     -6443.8215965152       130.5397245791      -679.7116221988    102002.7029850792
504000     -6441.1497691538       130.7781653361      -685.9427471474    102002.7029850792
505000     -6443.7177649109       130.5709552175      -682.8158238793    102002.7029850792
506000     -6445.4659230991       130.3950731081      -680.6311937927    102002.7029850792
507000     -6448.0042429960       130.1450624886      -683.3343083971    102002.7029850792
508000     -6448.2063944843       130.1321212076      -686.5490269791    102002.7029850792
509000     -6448.6692327420       130.1005382697      -684.4176772448    102002.7029850792
510000     -6449.7330726795       129.9893453082      -685.2984379023    102002.7029850792
511000     -6450.4477914610       129.9288194600      -686.1942913239    102002.7029850792
512000     -6451.7615908363       129.7935292555      -688.6119637074    102002.7029850792
513000     -6451.7201397129       129.8009652200      -689.5799905636    102002.7029850792
514000     -6452.3592407986       129.7448398629      -689.3918791687    102002.7029850792
515000     -6452.5770080414       129.7256099271      -692.2183162085    102002.7029850792
516000     -6452.4271790267       129.7365624249      -694.0954556365    102002.7029850792
517000     -6451.7394754341       129.8115645094      -694.2091777900    102002.7029850792
518000     -6451.3305319443       129.8533139842      -696.1856398967    102002.7029850792
519000     -6450.5913364324       129.9194927029      -697.2034701589    102002.7029850792
520000     -6450.2745658019       129.9503691173      -698.2764340432    102002.7029850792
521000     -6450.0316887110       129.9783503463      -699.7321801104    102002.7029850792
522000     -6450.4489071624       129.9420124796      -700.8975718007    102002.7029850792
523000     -6450.4927716245       129.9383981436      -701.4131275234    102002.7029850792
524000     -6450.3821996518       129.9457900124      -702.4504996671    102002.7029850792
525000     -6450.1028365535       129.9744224692      -702.7752634192    102002.7029850792
526000     -6450.3944309547       129.9457611270      -702.8181611138    102002.7029850792
527000     -6450.8023206755       129.9060240582      -702.2098419475    102002.7029850792
528000     -6451.2562215672       129.8591118437      -702.7876417809    102002.7029850792
529000     -6451.4809616913       129.8447147027      -701.9045752333    102002.7029850792
530000     -6451.3510361753       129.8567642562      -702.0792190783    102002.7029850792
531000     -6451.1222130778       129.8765844067      -703.4503085451    102002.7029850792
532000     -6451.2400097084       129.8679431952      -703.3375797995    102002.7029850792
533000     -6451.1901407123       129.8716557226      -703.3208328154    102002.7029850792
534000     -6451.2421414257       129.8662413879      -703.8351578860    102002.7029850792
535000     -6451.6580202252       129.8290572483      -703.3874140790    102002.7029850792
536000     -6451.9165689042       129.8034237398      -704.1962317695    102002.7029850792
537000     -6451.8683224815       129.8060609856      -705.0331525266    102002.7029850792
538000     -6451.4421063825       129.8517087569      -704.7580175876    102002.7029850792
539000     -6451.2425109910       129.8686643564      -705.5050157915    102002.7029850791
540000     -6451.1933478291       129.8711556417      -706.0909863818    102002.7029850791
541000     -6451.4097362045       129.8536989124      -706.6250701962    102002.7029850791
542000     -6451.5766016952       129.8380697685      -707.1496599501    102002.7029850791
543000     -6451.7707804994       129.8192464209      -707.3594593677    102002.7029850791
544000     -6451.7740827625       129.8185749762      -707.3954000711    102002.7029850791
545000     -6451.4637246072       129.8481565022      -707.1998224950    102002.7029850791
546000     -6451.3206465177       129.8595373365      -707.2643173716    102002.7029850791
547000     -6451.2471169198       129.8679868745      -706.9921817385    102002.7029850791
548000     -6451.2690934210       129.8656878023      -707.3396115501    102002.7029850791
549000     -6451.5349424393       129.8376021998      -707.8397897502    102002.7029850791
550000     -6451.5839976262       129.8338165560      -707.5435693257    102002.7029850791
551000     -6451.8462169122       129.8091453348      -707.6004172003    102002.7029850791
552000     -6451.8058494191       129.8096380372      -707.9274505546    102002.7029850791
553000     -6451.6706480406       129.8229598267      -707.4662159875    102002.7029850791
554000     -6451.6766436431       129.8219716768      -707.8331418505    102002.7029850791
555000     -6451.3532002179       129.8524634746      -708.0525648837    102002.7029850791
556000     -6451.3634331924       129.8520201888      -707.7491017263    102002.7029850791
557000     -6451.3343178272       129.8526640916      -708.0008956507    102002.7029850791
558000     -6451.3169127681       129.8532861169      -708.2011180087    102002.7029850791
559000     -6451.3884261269       129.8490549188      -707.9264560654    102002.7029850791
560000     -6451.3903240448       129.8472539183      -708.3512810653    102002.7029850791
561000     -6451.2597067903       129.8575723080      -708.7075935554    102002.7029850791
562000     -6451.1130498484       129.8720171599      -709.2215590089    102002.7029850791
563000     -6450.9536373463       129.8871925374      -709.2557846960    102002.7029850791
564000     -6451.0294081162       129.8799851619      -709.6099223523    102002.7029850791
565000     -6450.8596336317       129.8956572528      -709.8710659117    102002.7029850791
566000     -6450.6714060930       129.9145997948      -710.0537793678    102002.7029850791
567000     -6450.7192914083       129.9104816337      -710.1678218289    102002.7029850791
568000     -6450.6560409252       129.9171807430      -710.2230413617    102002.7029850791
569000     -6450.6776099332       129.9147495785      -710.1083373720    102002.7029850791
570000     -6450.6215946230       129.9186367252      -710.1356023096    102002.7029850791
571000     -6450.4100154940       129.9401147172      -710.3266993774    102002.7029850791
572000     -6450.3417993947       129.9462418419      -710.2918800596    102002.7029850791
573000     -6450.4889618046       129.9298208712      -710.3929985084    102002.7029850791
574000     -6450.6207946430       129.9199226886      -709.8630442040    102002.7029850791
575000     -6450.6216713950       129.9196806727      -710.0718359038    102002.7029850791
576000     -6450.5587991556       129.9255629364      -710.4049995779    102002.7029850791
577000     -6450.5602221374       129.9280102540      -710.1626114145    102002.7029850791
578000     -6450.4635338668       129.9364118293      -710.8506676874    102002.7029850791
579000     -6450.4311552758       129.9408379862      -710.9341059637    102002.7029850791
580000     -6450.4183145593       129.9436030326      -711.0892432407    102002.7029850791
581000     -6450.3624345451       129.9485129893      -711.7495007933    102002.7029850791
582000     -6450.4559545216       129.9406494861      -711.8045379394    102002.7029850791
583000     -6450.3822314622       129.9478400887      -712.2013644976    102002.7029850791
584000     -6450.3193782626       129.9557671926      -712.3492813889    102002.7029850791
585000     -6450.1863206838       129.9691252629      -712.5589822777    102002.7029850791
586000     -6450.1296818118       129.9728449781      -712.9131668745    102002.7029850791
587000     -6450.0827004869       129.9779298155      -712.9737637186    102002.7029850791
588000     -6450.0384389947       129.9833100942      -713.2090267298    102002.7029850791
589000     -6450.1943560297       129.9687142189      -713.3285320426    102002.7029850791
590000     -6450.0843794629       129.9789610796      -713.4544890513    102002.7029850791
591000     -6450.0791728392       129.9802943119      -713.7425904402    102002.7029850792
592000     -6449.9583257199       129.9934156399      -713.5796131382    102002.7029850792
593000     -6449.9826202548       129.9913482921      -713.7116337070    102002.7029850792
594000     -6450.0423604945       129.9854428163      -713.9489830832    102002.7029850792
595000     -6450.0078890709       129.9902845514      -713.8854823304    102002.7029850792
596000     -6449.9106258221       129.9992925318      -714.1137728105    102002.7029850792
597000     -6449.9137271083       129.9997351075      -714.2519766950    102002.7029850792
598000     -6449.9924612852       129.9932700591      -714.2800131849    102002.7029850792
599000     -6450.1250320751       129.9792697083      -714.2945671783    102002.7029850792
600000     -6450.1384292379       129.9797259964      -714.4997073161    102002.7029850792
601000     -6450.1346551560       129.9803549177      -714.9385278294    102002.7029850792
602000     -6449.9697367854       129.9964984874      -715.3061409041    102002.7029850792
603000     -6450.0216402938       129.9926366916      -715.6079100675    102002.7029850792
604000     -6449.9441490164       129.9995911212      -715.9221358148    102002.7029850793
605000     -6449.9089270774       130.0048404387      -715.8540154239    102002.7029850793
606000     -6449.9378371442       130.0012906206      -716.1738963779    102002.7029850793
607000     -6450.0552696207       129.9905447287      -715.9333444923    102002.7029850793
608000     -6450.1490350319       129.9817155630      -716.1075961468    102002.7029850793
609000     -6450.1948097013       129.9765371156      -715.8991654114    102002.7029850793
610000     -6450.1066459005       129.9851615529      -715.7674307445    102002.7029850793
611000     -6450.0684369615       129.9885737034      -716.0249064958    102002.7029850793
612000     -6449.9553067390       129.9990606545      -716.0752579354    102002.7029850793
613000     -6449.9396032565       129.9994571366      -716.3198192313    102002.7029850793
614000     -6449.8982350989       130.0038097359      -716.6141082420    102002.7029850793
615000     -6449.8469132074       130.0087392639      -716.8461396052    102002.7029850793
616000     -6449.7930993819       130.0142392244      -716.8462631960    102002.7029850793
617000     -6449.6914225685       130.0238491623      -716.9662500871    102002.7029850793
618000     -6449.7860508314       130.0147604869      -717.0133243837    102002.7029850793
619000     -6449.8213074323       130.0125333456      -717.0878276777    102002.7029850793
620000     -6449.7877764660       130.0150064550      -717.2680350936    102002.7029850793
621000     -6449.6756089736       130.0262781320      -717.4489564607    102002.7029850793
622000     -6449.6333380715       130.0306993453      -717.6146889092    102002.7029850794
623000     -6449.6449293181       130.0296817204      -717.4357222603    102002.7029850794
624000     -6449.7069727979       130.0235924187      -717.1893380816    102002.7029850794
625000     -6449.6977731368       130.0248334752      -717.1110464924    102002.7029850794
626000     -6449.5748357813       130.0359660283      -717.0294502568    102002.7029850794
627000     -6449.5507465066       130.0389844181      -716.7472562664    102002.7029850794
628000     -6449.4467821288       130.0485109536      -717.0043221443    102002.7029850794
629000     -6449.4449278221       130.0488584091      -717.0820504513    102002.7029850794
630000     -6449.5485655265       130.0395746957      -716.9091583860    102002.7029850794
631000     -6449.6028696795       130.0341899206      -716.9208538390    102002.7029850794
632000     -6449.6761780409       130.0275426814      -716.8207506505    102002.7029850794
633000     -6449.6906505213       130.0255668419      -716.7612835004    102002.7029850794
634000     -6449.7682756474       130.0180801023      -716.5721669869    102002.7029850794
635000     -6449.8205720513       130.0140302798      -716.4569860804    102002.7029850794
636000     -6449.7344869323       130.0221376062      -716.4508884233    102002.7029850794
637000     -6449.7509331156       130.0212242462      -716.3691441509    102002.7029850794
638000     -6449.7899984964       130.0174529361      -716.5961392882    102002.7029850794
639000     -6449.8379295555       130.0128452778      -716.4303563409    102002.7029850794
640000     -6449.8381651083       130.0125080918      -716.4304977123    102002.7029850794
641000     -6449.7966089137       130.0172738404      -716.5907363808    102002.7029850794
642000     -6449.8476155738       130.0117341816      -716.6571872540    102002.7029850794
643000     -6449.8927421921       130.0070949867      -716.7947509679    102002.7029850794
644000     -6449.9012002513       130.0064356533      -717.0222886949    102002.7029850794
645000     -6449.9473442339       130.0021244178      -717.2727291785    102002.7029850794
646000     -6450.0161577477       129.9950794656      -717.1913415106    102002.7029850795
647000     -6450.0613984479       129.9902312294      -717.3791306635    102002.7029850795
648000     -6450.1393287714       129.9831992363      -717.5280122128    102002.7029850795
649000     -6450.2179438360       129.9755655971      -717.5207680364    102002.7029850795
650000     -6450.2083039310       129.9765857874      -717.6064355948    102002.7029850795
651000     -6450.1518508672       129.9820651661      -717.8457298118    102002.7029850795
652000     -6450.1673783193       129.9805447391      -717.7916850670    102002.7029850795
653000     -6450.1397751006       129.9832985997      -717.6268313951    102002.7029850795
654000     -6450.0825940642       129.9886839586      -717.8191258181    102002.7029850795
655000     -6449.9943890001       129.9980455317      -717.8304451410    102002.7029850795
656000     -6450.0232153592       129.9946960604      -717.9173233288    102002.7029850795
657000     -6449.9431493732       130.0030873950      -718.0617760061    102002.7029850795
658000     -6449.8988471055       130.0074009976      -718.3260875050    102002.7029850795
659000     -6449.8450373128       130.0127307094      -718.4256689537    102002.7029850795
660000     -6449.8408992638       130.0138316768      -718.5819430154    102002.7029850795
661000     -6449.7844123476       130.0199606544      -718.9216648507    102002.7029850795
662000     -6449.7664448771       130.0221947461      -719.1102339742    102002.7029850795
663000     -6449.8039421261       130.0178056739      -719.3764710816    102002.7029850795
664000     -6449.8519426587       130.0139144180      -719.4380640106    102002.7029850795
665000     -6449.8321777526       130.0160852697      -719.5485428870    102002.7029850795
666000     -6449.7800916921       130.0210524289      -719.4851624232    102002.7029850795
667000     -6449.7905801823       130.0204038753      -719.5684217514    102002.7029850795
668000     -6449.8618754084       130.0137066251      -719.9520133523    102002.7029850795
669000     -6449.8615288323       130.0142512594      -719.9727874684    102002.7029850795
670000     -6449.8590990876       130.0152859048      -720.0751224301    102002.7029850795
671000     -6449.9271433937       130.0084695517      -720.3357782183    102002.7029850795
672000     -6449.9161026071       130.0098693705      -720.3029648482    102002.7029850795
673000     -6449.8545326500       130.0158140411      -720.4205592202    102002.7029850795
674000     -6449.8471807089       130.0169834417      -720.7274841804    102002.7029850794
675000     -6449.8954801176       130.0124196526      -720.7156255037    102002.7029850794
676000     -6449.9561489977       130.0072486016      -720.6801483541    102002.7029850794
677000     -6449.9864197502       130.0037543919      -720.7087365175    102002.7029850794
678000     -6449.9505102278       130.0072317011      -720.6864489701    102002.7029850794
679000     -6449.8931652380       130.0132438919      -720.6825708093    102002.7029850794
680000     -6449.8644509425       130.0163526317      -720.7976562868    102002.7029850794
681000     -6449.8453459445       130.0184063478      -720.8562611198    102002.7029850794
682000     -6449.8091724518       130.0215370561      -720.7843708570    102002.7029850794
683000     -6449.8471099296       130.0175633595      -720.7262174966    102002.7029850794
684000     -6449.9019207071       130.0122342682      -720.7536023410    102002.7029850794
685000     -6449.9555463734       130.0078429008      -720.6276980864    102002.7029850794
686000     -6449.9949414533       130.0034910453      -720.6223897728    102002.7029850794
687000     -6450.0450903049       129.9991829205      -720.6389308960    102002.7029850794
688000     -6450.0373022106       130.0001538745      -720.5920800557    102002.7029850793
689000     -6450.0931915146       129.9947809256      -720.5561358279    102002.7029850793
690000     -6450.1279428737       129.9914932522      -720.5444897339    102002.7029850793
691000     -6450.1846458121       129.9860291550      -720.7222534206    102002.7029850793
692000     -6450.2164722246       129.9835420760      -720.6324148287    102002.7029850793
693000     -6450.2429136577       129.9812312064      -720.6361289237    102002.7029850793
694000     -6450.1723123335       129.9876962653      -720.6593438799    102002.7029850793
695000     -6450.1778087124       129.9870769918      -720.4786483915    102002.7029850793
696000     -6450.2072424643       129.9837221008      -720.3571875133    102002.7029850793
697000     -6450.2344361346       129.9812116394      -720.3675806626    102002.7029850793
698000     -6450.2162106396       129.9823937113      -720.4379037119    102002.7029850793
699000     -6450.1711904236       129.9870025572      -720.3649493101    102002.7029850793
700000     -6450.1443642146       129.9895523898      -720.4096960881    102002.7029850793
701000     -6450.1764946627       129.9866039974      -720.4290727206    102002.7029850793
702000     -6450.1536416408       129.9887548675      -720.4313172443    102002.7029850793
703000     -6450.1766801620       129.9867798352      -720.3974187556    102002.7029850793
704000     -6450.1916436144       129.9851088441      -720.5852052994    102002.7029850792
705000     -6450.2636448081       129.9783375579      -720.6092520611    102002.7029850792
706000     -6450.3014498607       129.9750257167      -720.4366135703    102002.7029850792
707000     -6450.3105134945       129.9743566431      -720.4427586644    102002.7029850792
708000     -6450.2669636790       129.9783650994      -720.4128325721    102002.7029850792
709000     -6450.2239284699       129.9826744000      -720.3631996487    102002.7029850792
710000     -6450.1827896037       129.9870791393      -720.3250851767    102002.7029850792
711000     -6450.1863189023       129.9866746085      -720.3509449552    102002.7029850792
712000     -6450.1632014686       129.9888001150      -720.2519967697    102002.7029850792
713000     -6450.2053073688       129.9846900654      -720.2214995386    102002.7029850792
714000     -6450.2259702946       129.9824971533      -720.2437106001    102002.7029850792
715000     -6450.2193140992       129.9830757422      -720.1095737914    102002.7029850792
716000     -6450.2048703494       129.9843123854      -720.2258234649    102002.7029850792
717000     -6450.1960662967       129.9851873662      -720.4019972317    102002.7029850792
718000     -6450.1570919615       129.9892321701      -720.4093584744    102002.7029850792
719000     -6450.1481643306       129.9901687178      -720.4313580020    102002.7029850792
720000     -6450.1593814327       129.9889351832      -720.4524026012    102002.7029850792
721000     -6450.1965819723       129.9852387440      -720.5110800514    102002.7029850792
722000     -6450.1702857362       129.9872469836      -720.7019669721    102002.7029850792
723000     -6450.1807665184       129.9860390430      -720.6558798893    102002.7029850792
724000     -6450.2099639178       129.9835094321      -720.7454429955    102002.7029850791
725000     -6450.2617717110       129.9776777483      -720.8392501915    102002.7029850791
726000     -6450.2697015762       129.9765135690      -720.9036622320    102002.7029850791
727000     -6450.3232525885       129.9722151162      -720.9920542583    102002.7029850791
728000     -6450.3107281616       129.9731062773      -721.1966635236    102002.7029850791
729000     -6450.2598300459       129.9778943894      -721.2918975755    102002.7029850791
730000     -6450.2411283522       129.9796163555      -721.4812367223    102002.7029850791
731000     -6450.2413040925       129.9794497965      -721.5360158362    102002.7029850791
732000     -6450.1488740065       129.9884644793      -721.4811251032    102002.7029850791
733000     -6450.1483389854       129.9886590426      -721.6172210891    102002.7029850791
734000     -6450.1209296386       129.9910115261      -721.7666726404    102002.7029850791
735000     -6450.1149690465       129.9916366524      -721.8419793892    102002.7029850791
736000     -6450.1669803070       129.9869914699      -721.8604499129    102002.7029850791
737000     -6450.1959039735       129.9841614749      -722.0027469116    102002.7029850791
738000     -6450.2048601748       129.9833218976      -722.0599902130    102002.7029850791
739000     -6450.1915679776       129.9846972608      -722.0524850207    102002.7029850791
740000     -6450.1863890989       129.9855399238      -722.2098123179    102002.7029850791
741000     -6450.2045816169       129.9839134182      -722.3442460564    102002.7029850791
742000     -6450.2432890040       129.9800252076      -722.3472743325    102002.7029850791
743000     -6450.2719552998       129.9773391053      -722.4292784171    102002.7029850791
744000     -6450.2919988164       129.9757764293      -722.5047867804    102002.7029850791
745000     -6450.2954448114       129.9757753431      -722.4612022448    102002.7029850791
746000     -6450.2359666608       129.9811223589      -722.5513236333    102002.7029850791
747000     -6450.2289150165       129.9816663912      -722.6017342780    102002.7029850791
748000     -6450.1892641760       129.9858504287      -722.4821078573    102002.7029850790
749000     -6450.1612357582       129.9880739333      -722.4859716213    102002.7029850790
750000     -6450.1798912084       129.9866689245      -722.3740202438    102002.7029850790
751000     -6450.1826009453       129.9861987308      -722.3809082748    102002.7029850790
752000     -6450.1614922781       129.9876300847      -722.4748741698    102002.7029850790
753000     -6450.1159950849       129.9921771158      -722.5357241242    102002.7029850790
754000     -6450.1207484314       129.9917073224      -722.5370577691    102002.7029850790
755000     -6450.1389723409       129.9894285151      -722.5409860746    102002.7029850790
756000     -6450.1777097615       129.9854111075      -722.4406078039    102002.7029850790
757000     -6450.1499668212       129.9882871863      -722.4795170708    102002.7029850790
758000     -6450.1338133950       129.9896131705      -722.4895583437    102002.7029850790
759000     -6450.1552534220       129.9871505321      -722.3683306247    102002.7029850790
760000     -6450.1900580959       129.9837981035      -722.2980313271    102002.7029850790
761000     -6450.2383543579       129.9787189582      -722.1585798748    102002.7029850790
762000     -6450.2607789468       129.9762701178      -722.0333718279    102002.7029850790
763000     -6450.2791878826       129.9752204800      -722.0336951553    102002.7029850790
764000     -6450.2294160407       129.9800715917      -722.2294092229    102002.7029850790
765000     -6450.2332089208       129.9797677685      -722.2339750019    102002.7029850790
766000     -6450.2442305742       129.9792654094      -722.1890635091    102002.7029850790
767000     -6450.2401974323       129.9793476226      -722.1694331053    102002.7029850790
768000     -6450.1881773677       129.9842899666      -721.9938608614    102002.7029850790
769000     -6450.1853976993       129.9844238969      -721.8655175151    102002.7029850790
770000     -6450.1562082193       129.9866814958      -721.8375640157    102002.7029850790
771000     -6450.1576894273       129.9868121077      -721.7645550539    102002.7029850790
772000     -6450.1865796566       129.9840637533      -721.6400682265    102002.7029850790
773000     -6450.1968769645       129.9829924014      -721.5184715963    102002.7029850790
774000     -6450.2038191433       129.9822647420      -721.4497667328    102002.7029850790
775000     -6450.1681793581       129.9857117294      -721.3215587464    102002.7029850790
776000     -6450.1299688582       129.9892335400      -721.3056119684    102002.7029850790
777000     -6450.1087747372       129.9912873727      -721.3348410909    102002.7029850789
778000     -6450.1079184690       129.9917842461      -721.2357443812    102002.7029850789
779000     -6450.1296802314       129.9893528434      -721.1591052186    102002.7029850789
780000     -6450.1138430446       129.9906732199      -721.0754001119    102002.7029850789
781000     -6450.1794448606       129.9849966204      -720.9085713492    102002.7029850789
782000     -6450.1881903208       129.9837655758      -720.9321461776    102002.7029850789
783000     -6450.1735144006       129.9851412934      -720.9045859127    102002.7029850789
784000     -6450.2199766803       129.9809677740      -720.7692128490    102002.7029850789
785000     -6450.2064618950       129.9818907009      -720.7816137370    102002.7029850789
786000     -6450.2390561190       129.9787857982      -720.7203263118    102002.7029850789
787000     -6450.2793191057       129.9747903766      -720.6771951388    102002.7029850789
788000     -6450.2767005050       129.9750858426      -720.7323781750    102002.7029850789
789000     -6450.2419986475       129.9785513523      -720.6838500770    102002.7029850789
790000     -6450.2535913034       129.9778268432      -720.5662016684    102002.7029850789
791000     -6450.2595577690       129.9767792430      -720.5502594531    102002.7029850789
792000     -6450.2592178717       129.9770399958      -720.4620980916    102002.7029850789
793000     -6450.2481500674       129.9783804420      -720.4426318854    102002.7029850789
794000     -6450.2895209413       129.9740304505      -720.4966061673    102002.7029850789
795000     -6450.2875644381       129.9745168607      -720.4349417497    102002.7029850789
796000     -6450.3157169140       129.9719264315      -720.3620764308    102002.7029850789
797000     -6450.3313342846       129.9698781452      -720.2796231291    102002.7029850789
798000     -6450.3338515958       129.9698558645      -720.1575814765    102002.7029850789
799000     -6450.3303587224       129.9701945536      -720.2069610948    102002.7029850789
800000     -6450.3175527770       129.9716398611      -720.2649937686    102002.7029850789
801000     -6450.3172457156       129.9718195888      -720.2393734017    102002.7029850789
802000     -6450.2729892714       129.9763704976      -720.2395084160    102002.7029850789
803000     -6450.2527929328       129.9781533155      -720.2697081773    102002.7029850789
804000     -6450.2724345078       129.9765066981      -720.2303585230    102002.7029850789
805000     -6450.3195893660       129.9724980619      -720.1928068805    102002.7029850789
806000     -6450.3172607509       129.9728511549      -720.2428295994    102002.7029850789
807000     -6450.2925643503       129.9750286128      -720.3316374740    102002.7029850789
808000     -6450.2875414748       129.9758526335      -720.3450133913    102002.7029850789
809000     -6450.2688228038       129.9769852726      -720.3755346600    102002.7029850789
810000     -6450.2731720784       129.9768221471      -720.3719562911    102002.7029850789
811000     -6450.2675712396       129.9773234141      -720.4280607955    102002.7029850789
812000     -6450.2850152517       129.9756281259      -720.4875034815    102002.7029850789
813000     -6450.3272413657       129.9716950347      -720.4677697325    102002.7029850789
814000     -6450.2954103130       129.9750617528      -720.4874037302    102002.7029850789
815000     -6450.2641548799       129.9773127429      -720.5347981066    102002.7029850788
816000     -6450.2651697314       129.9776057355      -720.5655067055    102002.7029850788
817000     -6450.2895746170       129.9754105379      -720.6670267864    102002.7029850788
818000     -6450.2600089440       129.9782461562      -720.7747021966    102002.7029850788
819000     -6450.2777223670       129.9765233550      -720.8419967909    102002.7029850788
820000     -6450.3107234735       129.9736766309      -720.9033748973    102002.7029850788
821000     -6450.3216580693       129.9727267594      -720.8664658582    102002.7029850788
822000     -6450.3570742025       129.9695309246      -720.8273947823    102002.7029850788
823000     -6450.3707988070       129.9681357707      -720.9303962597    102002.7029850788
824000     -6450.3834496324       129.9670473353      -721.0172589164    102002.7029850788
825000     -6450.3681740106       129.9687233376      -720.9944432796    102002.7029850788
826000     -6450.3220459253       129.9735343980      -721.0150201143    102002.7029850788
827000     -6450.3007176869       129.9755839129      -721.1082965326    102002.7029850788
828000     -6450.3078394217       129.9751983584      -721.1117132518    102002.7029850788
829000     -6450.2944142845       129.9765870707      -721.1415453462    102002.7029850788
830000     -6450.2627085298       129.9798678365      -721.2669353779    102002.7029850788
831000     -6450.2362050508       129.9826761963      -721.2874757757    102002.7029850788
832000     -6450.2299178056       129.9836306576      -721.3245292571    102002.7029850788
833000     -6450.1922026311       129.9870130834      -721.4703189745    102002.7029850788
834000     -6450.1711132407       129.9895197799      -721.4613692855    102002.7029850788
835000     -6450.1366251359       129.9930304478      -721.5148216252    102002.7029850788
836000     -6450.1091157189       129.9955162901      -721.6376684689    102002.7029850788
837000     -6450.1041508362       129.9963380540      -721.6479068414    102002.7029850788
838000     -6450.0578336730       130.0006506104      -721.6514051173    102002.7029850788
839000     -6450.0283827173       130.0034605545      -721.6369759255    102002.7029850788
840000     -6450.0267514947       130.0038090830      -721.6430442038    102002.7029850788
841000     -6450.0357879927       130.0029107857      -721.6798694991    102002.7029850788
842000     -6450.0375941395       130.0029714871      -721.7469368736    102002.7029850788
843000     -6450.0424922114       130.0025697363      -721.8572975178    102002.7029850788
844000     -6450.0280499681       130.0041679454      -721.8674323816    102002.7029850788
845000     -6449.9940553265       130.0074774956      -721.9556258164    102002.7029850788
846000     -6449.9667756602       130.0101788918      -722.0284508889    102002.7029850788
847000     -6449.9671531388       130.0103351422      -722.1302010968    102002.7029850788
848000     -6449.9855550808       130.0085651550      -722.2052582211    102002.7029850788
849000     -6450.0010662639       130.0070993337      -722.2795221259    102002.7029850788
850000     -6449.9843821306       130.0088276982      -722.3401527060    102002.7029850788
851000     -6449.9857201551       130.0086780863      -722.4509222286    102002.7029850788
852000     -6449.9847675544       130.0088919447      -722.5036912479    102002.7029850788
853000     -6450.0200291370       130.0053830199      -722.5643557522    102002.7029850788
854000     -6450.0461731185       130.0029469100      -722.5803546003    102002.7029850788
855000     -6450.0729187201       130.0005692808      -722.5376467767    102002.7029850788
856000     -6450.0927607805       129.9983147372      -722.5447933607    102002.7029850788
857000     -6450.0968650210       129.9979945850      -722.5660883374    102002.7029850788
858000     -6450.1400628863       129.9938792422      -722.5147107089    102002.7029850788
859000     -6450.1460733683       129.9937049110      -722.5318146913    102002.7029850788
860000     -6450.1595211073       129.9924134677      -722.6563191138    102002.7029850788
861000     -6450.1820415304       129.9903654566      -722.6794018786    102002.7029850788
862000     -6450.2133166637       129.9872630128      -722.6420873740    102002.7029850788
863000     -6450.2395274067       129.9845464562      -722.6956280264    102002.7029850788
864000     -6450.2320283776       129.9850458817      -722.6741631572    102002.7029850788
865000     -6450.1864441738       129.9895676960      -722.7008163966    102002.7029850788
866000     -6450.1818986589       129.9897724455      -722.8021832062    102002.7029850788
867000     -6450.2118893148       129.9868897325      -722.8109695821    102002.7029850788
868000     -6450.2254343106       129.9855141455      -722.7996325633    102002.7029850788
869000     -6450.2237127169       129.9852222425      -722.7828372114    102002.7029850788
870000     -6450.2103328714       129.9866226101      -722.7266225850    102002.7029850787
871000     -6450.1839121557       129.9892857445      -722.7338738265    102002.7029850787
872000     -6450.1852527074       129.9889544056      -722.7455267419    102002.7029850787
873000     -6450.2154327638       129.9859908114      -722.7742866517    102002.7029850787
874000     -6450.2363606524       129.9840619109      -722.7023956045    102002.7029850787
875000     -6450.2555444274       129.9820447693      -722.6901502422    102002.7029850787
876000     -6450.2573484753       129.9817413568      -722.6534630911    102002.7029850787
877000     -6450.2783029069       129.9799935278      -722.5772857012    102002.7029850787
878000     -6450.2741143792       129.9801087076      -722.6267677282    102002.7029850787
879000     -6450.2597413443       129.9814343509      -722.6062970313    102002.7029850787
880000     -6450.2274071046       129.9847143772      -722.5064197199    102002.7029850787
881000     -6450.2105125701       129.9859804364      -722.4980740300    102002.7029850787
882000     -6450.1649669207       129.9904480575      -722.5041794427    102002.7029850787
883000     -6450.1654072741       129.9908217860      -722.4499961461    102002.7029850787
884000     -6450.1637719964       129.9907393828      -722.4730535990    102002.7029850787
885000     -6450.2018996264       129.9871007111      -722.4207241033    102002.7029850787
886000     -6450.2157639401       129.9858589014      -722.3674094570    102002.7029850787
887000     -6450.2491475013       129.9822971809      -722.3472564528    102002.7029850787
888000     -6450.2579649621       129.9816314743      -722.3163072543    102002.7029850787
889000     -6450.2271150609       129.9846801112      -722.2808279038    102002.7029850787
890000     -6450.2105863755       129.9861467360      -722.2981076220    102002.7029850787
891000     -6450.2394126578       129.9832213194      -722.2529663336    102002.7029850787
892000     -6450.2519295556       129.9823539932      -722.1491589090    102002.7029850787
893000     -6450.2553881136       129.9820022314      -722.0791946059    102002.7029850787
894000     -6450.2476835130       129.9824507949      -722.0107570827    102002.7029850787
895000     -6450.2444562279       129.9831198716      -721.9071609151    102002.7029850787
896000     -6450.2777532797       129.9798761086      -721.9606500171    102002.7029850787
897000     -6450.2722475436       129.9803279360      -721.9675983791    102002.7029850787
898000     -6450.3116151082       129.9769166477      -721.8284799439    102002.7029850787
899000     -6450.3312364105       129.9747543241      -721.8252628201    102002.7029850787
900000     -6450.3364568157       129.9743057156      -721.7139095971    102002.7029850787
901000     -6450.3366509622       129.9743803916      -721.6372481314    102002.7029850787
902000     -6450.3158792219       129.9760409979      -721.6629521400    102002.7029850787
903000     -6450.2910896082       129.9782096688      -721.6336267173    102002.7029850787
904000     -6450.2593144975       129.9813802370      -721.5533775264    102002.7029850787
905000     -6450.2786080908       129.9792497843      -721.5147978091    102002.7029850787
906000     -6450.3021924068       129.9767510182      -721.4642215935    102002.7029850787
907000     -6450.3196252105       129.9752186384      -721.4460058220    102002.7029850787
908000     -6450.3439094026       129.9728432272      -721.4421477632    102002.7029850787
909000     -6450.3577917314       129.9715219308      -721.4380143604    102002.7029850787
910000     -6450.3738254659       129.9698495873      -721.4284734472    102002.7029850787
911000     -6450.3810574122       129.9690472882      -721.4111741290    102002.7029850787
912000     -6450.3839193807       129.9687794648      -721.3823843618    102002.7029850787
913000     -6450.3841021500       129.9689627590      -721.3547871506    102002.7029850787
914000     -6450.4029699601       129.9669295531      -721.3694745329    102002.7029850787
915000     -6450.4356070553       129.9639235813      -721.3434470821    102002.7029850787
916000     -6450.4359216124       129.9641564027      -721.2681203940    102002.7029850787
917000     -6450.4144522630       129.9659330918      -721.2136168040    102002.7029850787
918000     -6450.4024603517       129.9668166702      -721.2050121282    102002.7029850787
919000     -6450.3692541194       129.9702553983      -721.1035880115    102002.7029850787
920000     -6450.3603270439       129.9708185673      -721.1053296810    102002.7029850787
921000     -6450.3510409957       129.9714902944      -721.1117949565    102002.7029850787
922000     -6450.3269808373       129.9739365737      -720.9967028589    102002.7029850787
923000     -6450.3014913504       129.9761591869      -720.9493326224    102002.7029850787
924000     -6450.2965834290       129.9763994744      -720.9284032340    102002.7029850787
925000     -6450.2933213903       129.9764491693      -720.9046900019    102002.7029850787
926000     -6450.2951265145       129.9762409683      -720.8930279046    102002.7029850787
927000     -6450.3091611567       129.9748051587      -720.8765063031    102002.7029850786
928000     -6450.3209404986       129.9735484957      -720.8159833190    102002.7029850786
929000     -6450.3210727894       129.9737094550      -720.7659700391    102002.7029850786
930000     -6450.2833032825       129.9769103602      -720.7483833974    102002.7029850786
931000     -6450.2822291162       129.9773901083      -720.6816839813    102002.7029850786
932000     -6450.2766045109       129.9777950472      -720.7020370357    102002.7029850786
933000     -6450.2482029886       129.9803989384      -720.6525847909    102002.7029850786
934000     -6450.2331967949       129.9820062679      -720.5390579054    102002.7029850786
935000     -6450.2212494339       129.9827877465      -720.5035163027    102002.7029850786
936000     -6450.2070048974       129.9839804460      -720.4505079329    102002.7029850786
937000     -6450.2203526622       129.9826375546      -720.4072135780    102002.7029850786
938000     -6450.2275004059       129.9815688645      -720.4046752259    102002.7029850786
939000     -6450.2083801058       129.9830136492      -720.4551074698    102002.7029850786
940000     -6450.1866544271       129.9849913088      -720.3765393036    102002.7029850786
941000     -6450.1566618384       129.9873667501      -720.3403479236    102002.7029850786
942000     -6450.1603808751       129.9865591455      -720.3533773177    102002.7029850786
943000     -6450.1573927334       129.9866902468      -720.3265861805    102002.7029850786
944000     -6450.1478363597       129.9872133759      -720.3601339344    102002.7029850786
945000     -6450.1453865445       129.9873960269      -720.3614700363    102002.7029850786
946000     -6450.1398677178       129.9878862992      -720.3431858475    102002.7029850786
947000     -6450.1371542957       129.9880586541      -720.2343531251    102002.7029850786
948000     -6450.1312723395       129.9882917873      -720.2022274554    102002.7029850786
949000     -6450.1548033511       129.9861774446      -720.1337185400    102002.7029850786
950000     -6450.1621362551       129.9852672761      -720.1344651413    102002.7029850786
951000     -6450.1675454167       129.9847142955      -720.1024666166    102002.7029850786
952000     -6450.1959953070       129.9820878335      -720.0110574056    102002.7029850786
953000     -6450.2008557746       129.9813421728      -720.0097445114    102002.7029850786
954000     -6450.2003388559       129.9812650931      -719.9405438351    102002.7029850786
955000     -6450.1981184367       129.9815753914      -719.8500261313    102002.7029850786
956000     -6450.1836440544       129.9830285501      -719.9022486548    102002.7029850786
957000     -6450.1802067417       129.9832581243      -719.9133757316    102002.7029850786
958000     -6450.1529084888       129.9858114074      -719.8402662426    102002.7029850786
959000     -6450.1424801102       129.9868359292      -719.8170071778    102002.7029850786
960000     -6450.1175760147       129.9889861841      -719.7484005861    102002.7029850786
961000     -6450.0967604425       129.9907889740      -719.6794076088    102002.7029850786
962000     -6450.0931433766       129.9912321550      -719.6162136865    102002.7029850786
963000     -6450.0719819632       129.9930561896      -719.6489872276    102002.7029850786
964000     -6450.0658023323       129.9938835825      -719.5905003238    102002.7029850786
965000     -6450.0455403142       129.9956514090      -719.5589599956    102002.7029850786
966000     -6450.0188655498       129.9977182477      -719.5936448702    102002.7029850786
967000     -6450.0298377621       129.9967617774      -719.4685884807    102002.7029850786
968000     -6450.0334751119       129.9959211109      -719.4431409385    102002.7029850786
969000     -6450.0394277272       129.9951824033      -719.4689348576    102002.7029850786
970000     -6450.0506486702       129.9941952889      -719.4385393445    102002.7029850786
971000     -6450.0303534852       129.9960310166      -719.3744141155    102002.7029850786
972000     -6450.0271056894       129.9960503263      -719.3991815297    102002.7029850786
973000     -6450.0193546240       129.9967033828      -719.3817294176    102002.7029850786
974000     -6449.9960304577       129.9988793540      -719.3018009595    102002.7029850786
975000     -6449.9858300941       129.9995654800      -719.3000223901    102002.7029850786
976000     -6449.9870562673       129.9994274868      -719.2649773596    102002.7029850786
977000     -6449.9757183930       130.0004559519      -719.2539907059    102002.7029850786
978000     -6449.9500087765       130.0029017756      -719.2427405169    102002.7029850786
979000     -6449.9481469449       130.0030466574      -719.2573976792    102002.7029850786
980000     -6449.9292796139       130.0050335992      -719.2280488222    102002.7029850786
981000     -6449.9066452526       130.0068454335      -719.2115540337    102002.7029850786
982000     -6449.8956044172       130.0079884213      -719.1962819906    102002.7029850786
983000     -6449.8918853908       130.0086094231      -719.1649467642    102002.7029850786
984000     -6449.8876785894       130.0086385757      -719.1290770272    102002.7029850786
985000     -6449.9176939531       130.0056948473      -719.1134512227    102002.7029850786
986000     -6449.9202053571       130.0057768909      -719.0924287069    102002.7029850786
987000     -6449.9129766354       130.0062608122      -719.1348557696    102002.7029850786
988000     -6449.9432751268       130.0034046366      -719.0917562407    102002.7029850786
989000     -6449.9700935230       130.0009754890      -719.0605191983    102002.7029850786
990000     -6449.9806222447       129.9998420786      -719.1033167098    102002.7029850786
991000     -6449.9828214248       129.9996833255      -719.0939341556    102002.7029850786
992000     -6450.0085150105       129.9975170259      -719.0666578722    102002.7029850786
993000     -6450.0192846463       129.9963557134      -719.1719135784    102002.7029850786
994000     -6450.0510823416       129.9935003323      -719.1499454629    102002.7029850786
995000     -6450.0552121864       129.9931278652      -719.1087782350    102002.7029850786
996000     -6450.0317206156       129.9950992495      -719.1380779753    102002.7029850786
997000     -6450.0254025766       129.9958891527      -719.0819619452    102002.7029850786
998000     -6450.0367441530       129.9946167951      -719.0452445761    102002.7029850786
999000     -6450.0474049297       129.9935055414      -719.0406976881    102002.7029850786
1000000     -6450.0718457508       129.9912439747      -719.0394064285    102002.7029850786
