# Time-averaged data for fix runningavgs
# TimeStep v_ra_etotal v_ra_temp v_ra_press v_ra_volume
502000     -6667.8517608763       109.0618538297      -715.6112967457    102002.7029850792
503000     -6661.3389599948       109.8059685669      -716.7129880115    102002.7029850792
504000     -6656.5170864951       110.1965117467      -723.1108704046    102002.7029850792
505000     -6656.5490120546       110.2173642226      -724.4755073648    102002.7029850792
506000     -6657.6300835568       110.1217656596      -728.2697158998    102002.7029850792
507000     -6658.1278289926       110.0941971324      -725.0963646707    102002.7029850792
508000     -6659.9775293040       109.9191058722      -723.9351326194    102002.7029850792
509000     -6660.6738054904       109.8506816855      -723.5693194501    102002.7029850792
510000     -6661.3983010358       109.7857581256      -724.2536601198    102002.7029850792
511000     -6661.2190521465       109.7982356919      -726.8359316507    102002.7029850792
512000     -6660.7577941381       109.8419546921      -727.9679828211    102002.7029850792
513000     -6660.9583850157       109.8238455171      -729.0393193923    102002.7029850792
514000     -6660.6558198208       109.8522565129      -726.5121702458    102002.7029850792
515000     -6660.3577510366       109.8871279255      -726.7278783898    102002.7029850792
516000     -6661.0769778386       109.8136555279      -726.5643675573    102002.7029850792
517000     -6661.2698892425       109.7910941260      -727.5096899131    102002.7029850792
518000     -6661.5208333386       109.7668223587      -727.9322634066    102002.7029850792
519000     -6661.6942329864       109.7541890276      -727.0683717279    102002.7029850792
520000     -6661.7974521744       109.7375717319      -726.5204942382    102002.7029850792
521000     -6661.8713612127       109.7295445797      -725.0939437163    102002.7029850792
522000     -6661.3875804229       109.7756197741      -725.0613679597    102002.7029850792
523000     -6661.2069282655       109.7937073637      -724.5569053513    102002.7029850792
524000     -6661.2672695468       109.7760055445      -724.6647385194    102002.7029850792
525000     -6661.0257973728       109.7993446439      -723.6496643949    102002.7029850792
526000     -6660.8800664067       109.8134319511      -722.8516375838    102002.7029850792
527000     -6660.3536554814       109.8591342864      -722.1621436957    102002.7029850792
528000     -6659.9753021198       109.8955280662      -721.4939262803    102002.7029850792
529000     -6659.6961530634       109.9188669043      -722.5180141790    102002.7029850792
530000     -6659.9039117757       109.8997140315      -722.3840222956    102002.7029850792
531000     -6660.0027642079       109.8925208742      -721.8542176952    102002.7029850792
532000     -6660.2592522603       109.8669837688      -721.7691602890    102002.7029850792
533000     -6660.0219087404       109.8886627570      -721.3556912226    102002.7029850792
534000     -6659.7095713293       109.9180469072      -720.7919010067    102002.7029850792
535000     -6659.5351871383       109.9342874658      -720.3639543094    102002.7029850792
536000     -6659.3009258013       109.9552159416      -720.2373036753    102002.7029850792
537000     -6659.3333783815       109.9524272294      -719.6198103644    102002.7029850792
538000     -6659.4523968859       109.9399582052      -718.8989943750    102002.7029850792
539000     -6659.6294905714       109.9249575180      -718.2366441852    102002.7029850791
540000     -6659.7205552774       109.9134610097      -718.3025971163    102002.7029850791
541000     -6659.8017285002       109.9083297451      -717.7980085665    102002.7029850791
542000     -6659.8342794164       109.9061951890      -717.3795275466    102002.7029850791
543000     -6660.0848141799       109.8816806827      -717.4107157935    102002.7029850791
544000     -6660.1076842909       109.8801269053      -716.9195243119    102002.7029850791
545000     -6660.4092482909       109.8500402092      -716.6021344370    102002.7029850791
546000     -6660.4858247865       109.8439709974      -716.3225894219    102002.7029850791
547000     -6660.3915899962       109.8512151964      -716.6014776692    102002.7029850791
548000     -6660.3153450882       109.8573157280      -716.6270986846    102002.7029850791
549000     -6660.2667309120       109.8601934595      -716.0095362142    102002.7029850791
550000     -6660.5368205572       109.8352791548      -715.1248900753    102002.7029850791
551000     -6660.5871076537       109.8284668484      -714.8248371613    102002.7029850791
552000     -6660.6125197081       109.8258517206      -714.4214919091    102002.7029850791
553000     -6660.5156850801       109.8356109399      -714.3896096140    102002.7029850791
554000     -6660.5843765355       109.8281590602      -714.9244980625    102002.7029850791
555000     -6660.6069804883       109.8270366481      -714.3611126505    102002.7029850791
556000     -6660.4919729420       109.8380760217      -713.9985516102    102002.7029850791
557000     -6660.3936299936       109.8462842770      -713.7437979138    102002.7029850791
558000     -6660.5754651443       109.8292314722      -713.1940438590    102002.7029850791
559000     -6660.5018685172       109.8375816254      -712.5519533959    102002.7029850791
560000     -6660.2667676134       109.8595835894      -712.9680181459    102002.7029850791
561000     -6660.1305121106       109.8730022924      -712.7481926456    102002.7029850791
562000     -6660.1887265132       109.8681417543      -712.3435770274    102002.7029850791
563000     -6660.2944844193       109.8573586952      -712.3045883235    102002.7029850791
564000     -6660.2212608695       109.8656306215      -711.7868045500    102002.7029850791
565000     -6660.4015186599       109.8484542491      -711.6396328969    102002.7029850791
566000     -6660.4062815441       109.8480415691      -711.5489228482    102002.7029850791
567000     -6660.3745116355       109.8496118048      -711.5636625795    102002.7029850791
568000     -6660.3317104709       109.8546016849      -711.3006773999    102002.7029850791
569000     -6660.1226879628       109.8738407296      -711.3338968848    102002.7029850791
570000     -6660.1251395945       109.8744514307      -711.0786064669    102002.7029850791
571000     -6660.0337536684       109.8836534831      -711.2218541004    102002.7029850791
572000     -6659.8470390769       109.9010552301      -711.5936395762    102002.7029850791
573000     -6659.9130537620       109.8962918967      -711.4079922443    102002.7029850791
574000     -6659.7944412766       109.9070256280      -711.6404054698    102002.7029850791
575000     -6659.6797358051       109.9179833799      -711.3601478591    102002.7029850791
576000     -6659.7127295319       109.9150401281      -711.1535168681    102002.7029850791
577000     -6659.7398628129       109.9138214272      -711.1202735812    102002.7029850791
578000     -6659.8664669460       109.9014390657      -711.3637147911    102002.7029850791
579000     -6659.9201431644       109.8961843069      -711.6371159969    102002.7029850791
580000     -6659.8342057211       109.9053389341      -711.5655334024    102002.7029850791
581000     -6659.7386167922       109.9139352891      -711.6136629734    102002.7029850791
582000     -6659.6965231245       109.9181778920      -711.5068042727    102002.7029850791
583000     -6659.5469898424       109.9323273620      -711.6946840424    102002.7029850791
584000     -6659.5114972264       109.9366400166      -711.9159181003    102002.7029850791
585000     -6659.5951499125       109.9277414098      -711.8283124926    102002.7029850791
586000     -6659.6525450944       109.9229436213      -711.5600864388    102002.7029850791
587000     -6659.6736731488       109.9192852307      -711.7405747773    102002.7029850791
588000     -6659.7603905165       109.9119631684      -711.4406578051    102002.7029850791
589000     -6659.8334568458       109.9048361582      -711.2526298796    102002.7029850791
590000     -6659.8252922637       109.9053930711      -711.4404353810    102002.7029850791
591000     -6659.6834385977       109.9178230704      -711.2567794744    102002.7029850792
592000     -6659.6170821513       109.9232897040      -711.0650856602    102002.7029850792
593000     -6659.6861838864       109.9161417467      -710.7630632001    102002.7029850792
594000     -6659.6478604033       109.9188057952      -710.7405562773    102002.7029850792
595000     -6659.6081200405       109.9232577339      -710.4087213177    102002.7029850792
596000     -6659.6174677850       109.9215177654      -710.3631936480    102002.7029850792
597000     -6659.6926783974       109.9139135834      -710.5612133271    102002.7029850792
598000     -6659.7724353033       109.9069009972      -710.4026102644    102002.7029850792
599000     -6659.7261778686       109.9105130218      -710.4267437019    102002.7029850792
600000     -6659.6512286124       109.9179979755      -710.2920317144    102002.7029850792
601000     -6659.5882659544       109.9230316953      -710.5108996317    102002.7029850792
602000     -6659.5974822193       109.9222274218      -710.5888910842    102002.7029850792
603000     -6659.6815403693       109.9142002557      -710.6434669805    102002.7029850792
604000     -6659.7398260348       109.9078750062      -710.6093692204    102002.7029850793
605000     -6659.7606881874       109.9055936523      -710.5643453565    102002.7029850793
606000     -6659.7162177487       109.9084116742      -710.5374299450    102002.7029850793
607000     -6659.7133266456       109.9101352025      -710.7447296761    102002.7029850793
608000     -6659.7350779167       109.9076878451      -711.0854429095    102002.7029850793
609000     -6659.7647813495       109.9043104040      -710.9868814830    102002.7029850793
610000     -6659.8490291423       109.8951709354      -711.0552164362    102002.7029850793
611000     -6659.8122113350       109.8989459093      -710.8830401782    102002.7029850793
612000     -6659.8217430310       109.8978452254      -710.8615070100    102002.7029850793
613000     -6659.8840318219       109.8919950793      -710.7058200400    102002.7029850793
614000     -6659.8507143333       109.8947514834      -710.8548136706    102002.7029850793
615000     -6659.9034453890       109.8907768095      -710.8141199530    102002.7029850793
616000     -6659.8911737690       109.8919058533      -710.8469280935    102002.7029850793
617000     -6659.9771631933       109.8830655512      -710.7405904742    102002.7029850793
618000     -6660.0014089244       109.8814463851      -710.6779584022    102002.7029850793
619000     -6659.9507581954       109.8865867907      -710.8105938294    102002.7029850793
620000     -6659.9994100049       109.8817658820      -710.6502172562    102002.7029850793
621000     -6660.0656396792       109.8748180561      -710.6049555587    102002.7029850793
622000     -6660.1046885273       109.8720695453      -710.6177329447    102002.7029850794
623000     -6660.1427959152       109.8685494276      -710.4455859524    102002.7029850794
624000     -6660.0320887726       109.8785256763      -710.3330110254    102002.7029850794
625000     -6659.9917057197       109.8823165394      -710.2455992587    102002.7029850794
626000     -6659.9534334057       109.8856298854      -710.3498625182    102002.7029850794
627000     -6659.9041486432       109.8898466020      -710.3109656873    102002.7029850794
628000     -6659.8920174050       109.8902531771      -710.2726830960    102002.7029850794
629000     -6659.9997375176       109.8797706510      -710.2162171663    102002.7029850794
630000     -6659.9946395292       109.8798494074      -710.2456505455    102002.7029850794
631000     -6659.9856846728       109.8797293251      -710.1453436083    102002.7029850794
632000     -6660.0510742923       109.8728388170      -710.2720001057    102002.7029850794
633000     -6660.0768037806       109.8697935339      -710.3688427402    102002.7029850794
634000     -6660.1296980657       109.8647593192      -710.3376333419    102002.7029850794
635000     -6660.0821844613       109.8689676996      -710.4780727750    102002.7029850794
636000     -6660.1282915400       109.8651298562      -710.5248690763    102002.7029850794
637000     -6660.2166544060       109.8566247738      -710.6268323785    102002.7029850794
638000     -6660.1996361454       109.8591568094      -710.8764510005    102002.7029850794
639000     -6660.1008119736       109.8677566145      -711.2331110754    102002.7029850794
640000     -6660.1552020458       109.8632262910      -711.2083175180    102002.7029850794
641000     -6660.1896444395       109.8593953962      -711.4530144705    102002.7029850794
642000     -6660.1940001904       109.8597936598      -711.4515718158    102002.7029850794
643000     -6660.1448715164       109.8638198120      -711.5430610992    102002.7029850794
644000     -6660.0835413027       109.8696363386      -711.9174754675    102002.7029850794
645000     -6660.0576125392       109.8723613161      -712.0874153413    102002.7029850794
646000     -6660.0015098407       109.8776312140      -712.2368142502    102002.7029850795
647000     -6659.9734825235       109.8809368390      -712.4860712409    102002.7029850795
648000     -6660.0122703435       109.8767830875      -712.8469267152    102002.7029850795
649000     -6660.0101491142       109.8777232272      -712.8093565727    102002.7029850795
650000     -6659.9684460855       109.8809999967      -712.9544328964    102002.7029850795
651000     -6659.9116565611       109.8860411375      -713.1148085301    102002.7029850795
652000     -6659.9579131223       109.8831157074      -713.0109371617    102002.7029850795
653000     -6659.9033858444       109.8874566532      -713.2289161831    102002.7029850795
654000     -6659.8891625336       109.8889199465      -713.2744308159    102002.7029850795
655000     -6659.9050498767       109.8878871405      -713.3733322370    102002.7029850795
656000     -6659.9022414583       109.8883786051      -713.3551045861    102002.7029850795
657000     -6659.8956743176       109.8890922948      -713.4363023696    102002.7029850795
658000     -6659.8999432001       109.8886803678      -713.4370728690    102002.7029850795
659000     -6659.9450401735       109.8840421723      -713.4054223576    102002.7029850795
660000     -6659.9650977726       109.8820612249      -713.3189554067    102002.7029850795
661000     -6659.9910996232       109.8797853840      -713.1996146423    102002.7029850795
662000     -6660.0184265147       109.8767715974      -713.3489304954    102002.7029850795
663000     -6660.0314933306       109.8753282496      -713.2998865123    102002.7029850795
664000     -6660.0321024256       109.8748023047      -713.2536034158    102002.7029850795
665000     -6660.0732399962       109.8707137352      -713.1263137669    102002.7029850795
666000     -6660.0459096948       109.8726606385      -713.1634265809    102002.7029850795
667000     -6660.0139289849       109.8759449339      -713.1819671762    102002.7029850795
668000     -6659.9669611185       109.8802024587      -713.1635628790    102002.7029850795
669000     -6659.9662998855       109.8801002527      -713.0399125450    102002.7029850795
670000     -6659.9346873905       109.8834300061      -712.9995441418    102002.7029850795
671000     -6659.8679024723       109.8894274847      -712.9522221702    102002.7029850795
672000     -6659.8403579632       109.8929396233      -712.6423490548    102002.7029850795
673000     -6659.8031273416       109.8965711803      -712.7477003777    102002.7029850795
674000     -6659.7724034501       109.8990230769      -712.8566353126    102002.7029850794
675000     -6659.7538006760       109.9010446226      -712.8395914512    102002.7029850794
676000     -6659.7634963613       109.9005032136      -712.6759733238    102002.7029850794
677000     -6659.6935526818       109.9068332346      -712.7735653949    102002.7029850794
678000     -6659.7151072896       109.9046538089      -712.6926572797    102002.7029850794
679000     -6659.7687348351       109.8996476356      -712.4788339422    102002.7029850794
680000     -6659.7895075810       109.8975004601      -712.6540108712    102002.7029850794
681000     -6659.8414623648       109.8927973707      -712.6782599645    102002.7029850794
682000     -6659.8577646803       109.8912499374      -712.6224515531    102002.7029850794
683000     -6659.9052365391       109.8867234907      -712.6415171576    102002.7029850794
684000     -6659.9034674811       109.8866889505      -712.6616483961    102002.7029850794
685000     -6659.9543029727       109.8815787475      -712.5772032841    102002.7029850794
686000     -6659.9239966145       109.8846507855      -712.7079099477    102002.7029850794
687000     -6659.8701322709       109.8901261795      -712.7691790678    102002.7029850794
688000     -6659.8190479173       109.8951974411      -712.7737711987    102002.7029850793
689000     -6659.8411194454       109.8928672062      -712.7804719874    102002.7029850793
690000     -6659.8135791326       109.8956609169      -712.6769895879    102002.7029850793
691000     -6659.7540029634       109.9015872216      -712.6624525809    102002.7029850793
692000     -6659.7206224966       109.9047958658      -712.6590649458    102002.7029850793
693000     -6659.6808015615       109.9087647937      -712.6853071350    102002.7029850793
694000     -6659.6446547253       109.9123220788      -712.6468029165    102002.7029850793
695000     -6659.6030459440       109.9158822302      -712.6876389961    102002.7029850793
696000     -6659.5928176783       109.9170771569      -712.5667344367    102002.7029850793
697000     -6659.6149100626       109.9152458038      -712.6173855008    102002.7029850793
698000     -6659.6503864512       109.9117932569      -712.6576939567    102002.7029850793
699000     -6659.6238473552       109.9146668512      -712.6374879138    102002.7029850793
700000     -6659.6667921823       109.9107032018      -712.7017965448    102002.7029850793
701000     -6659.6854167860       109.9088994671      -712.6359818644    102002.7029850793
702000     -6659.7402961697       109.9035232912      -712.6510299079    102002.7029850793
703000     -6659.7482005343       109.9036424522      -712.5782154398    102002.7029850793
704000     -6659.7470492430       109.9036666543      -712.6230840274    102002.7029850792
705000     -6659.7003420158       109.9081885790      -712.6736319355    102002.7029850792
706000     -6659.6936020339       109.9091383132      -712.8085361070    102002.7029850792
707000     -6659.6980373275       109.9085435559      -712.8483078957    102002.7029850792
708000     -6659.7559493969       109.9036508302      -712.7485581355    102002.7029850792
709000     -6659.7563021523       109.9033573400      -712.8464049395    102002.7029850792
710000     -6659.7527500812       109.9041615398      -712.8995404201    102002.7029850792
711000     -6659.7335160462       109.9062485248      -712.8677309209    102002.7029850792
712000     -6659.6726502101       109.9120936934      -712.8971348017    102002.7029850792
713000     -6659.6669475100       109.9123969099      -713.0019223021    102002.7029850792
714000     -6659.7040624954       109.9095671866      -712.9586982936    102002.7029850792
715000     -6659.6643497421       109.9139960170      -712.9470311880    102002.7029850792
716000     -6659.6458856311       109.9153997336      -713.1147332823    102002.7029850792
717000     -6659.6498579079       109.9150622601      -713.1493018938    102002.7029850792
718000     -6659.6507726405       109.9153187979      -713.0093649352    102002.7029850792
719000     -6659.6631091303       109.9140088784      -713.0414311504    102002.7029850792
720000     -6659.6915364386       109.9113258232      -713.0823701179    102002.7029850792
721000     -6659.7004232717       109.9111573761      -712.9114557415    102002.7029850792
722000     -6659.6984248365       109.9109345792      -713.0407702257    102002.7029850792
723000     -6659.6650371326       109.9142742338      -713.0750416559    102002.7029850792
724000     -6659.6968870011       109.9115053329      -712.9579400977    102002.7029850791
725000     -6659.7177799142       109.9090641166      -712.9376206142    102002.7029850791
726000     -6659.7440019264       109.9063317795      -712.8320765186    102002.7029850791
727000     -6659.7480430237       109.9060829617      -712.7565303258    102002.7029850791
728000     -6659.7278981717       109.9079482457      -712.6993838429    102002.7029850791
729000     -6659.7066995099       109.9098100146      -712.7119459130    102002.7029850791
730000     -6659.7136665846       109.9093610460      -712.5991795792    102002.7029850791
731000     -6659.7336814780       109.9070435607      -712.6106620043    102002.7029850791
732000     -6659.7636627229       109.9046217623      -712.5563656437    102002.7029850791
733000     -6659.7384967780       109.9069759025      -712.5218022574    102002.7029850791
734000     -6659.6880178078       109.9118704828      -712.5787637970    102002.7029850791
735000     -6659.6503751755       109.9154430035      -712.5966788570    102002.7029850791
736000     -6659.6513404448       109.9155083551      -712.5274545268    102002.7029850791
737000     -6659.6902461659       109.9117619186      -712.4878974550    102002.7029850791
738000     -6659.7330273768       109.9071833123      -712.5093252211    102002.7029850791
739000     -6659.7598130396       109.9048554642      -712.4687912981    102002.7029850791
740000     -6659.7932507129       109.9012908169      -712.5261242150    102002.7029850791
741000     -6659.7984936541       109.9011694279      -712.4529194760    102002.7029850791
742000     -6659.7778750639       109.9033906619      -712.4753098361    102002.7029850791
743000     -6659.7769617521       109.9028233520      -712.4806660319    102002.7029850791
744000     -6659.7312201074       109.9071834762      -712.3803070402    102002.7029850791
745000     -6659.7017182679       109.9101318174      -712.3330685883    102002.7029850791
746000     -6659.6446070368       109.9149706029      -712.3796555141    102002.7029850791
747000     -6659.6431670955       109.9152771461      -712.2859009535    102002.7029850791
748000     -6659.5814737295       109.9207182322      -712.2453562215    102002.7029850790
749000     -6659.5595219891       109.9221623850      -712.2700544494    102002.7029850790
750000     -6659.5265401440       109.9256597721      -712.1388407502    102002.7029850790
751000     -6659.5262005863       109.9251186183      -712.0946112780    102002.7029850790
752000     -6659.5439039538       109.9234618878      -712.0897249383    102002.7029850790
753000     -6659.5148296170       109.9265203952      -712.0384814061    102002.7029850790
754000     -6659.4762822862       109.9303844138      -711.9603289941    102002.7029850790
755000     -6659.4672503993       109.9311127567      -711.9781005334    102002.7029850790
756000     -6659.4572465339       109.9322819865      -711.9172561594    102002.7029850790
757000     -6659.4183612821       109.9363608830      -711.8248860240    102002.7029850790
758000     -6659.4354992981       109.9341711860      -711.8681833130    102002.7029850790
759000     -6659.4003697235       109.9376605307      -711.7424536895    102002.7029850790
760000     -6659.4174586388       109.9362819197      -711.6539690357    102002.7029850790
761000     -6659.3906845968       109.9385985283      -711.6821878464    102002.7029850790
762000     -6659.3634661812       109.9412799601      -711.6522927968    102002.7029850790
763000     -6659.3138326993       109.9458397772      -711.5509071723    102002.7029850790
764000     -6659.3104970094       109.9458908189      -711.5190670339    102002.7029850790
765000     -6659.2912147530       109.9478569495      -711.4879666792    102002.7029850790
766000     -6659.2416383961       109.9524858062      -711.3134907207    102002.7029850790
767000     -6659.2316025770       109.9532302437      -711.2015943279    102002.7029850790
768000     -6659.2087682888       109.9550522594      -711.2229081141    102002.7029850790
769000     -6659.2229864318       109.9539296751      -711.0563668728    102002.7029850790
770000     -6659.2458109914       109.9512770521      -710.9947590855    102002.7029850790
771000     -6659.2700170520       109.9491333408      -710.9742275687    102002.7029850790
772000     -6659.2901006836       109.9469912138      -710.9251909661    102002.7029850790
773000     -6659.3080012394       109.9446563029      -710.9424331023    102002.7029850790
774000     -6659.3208698232       109.9431598472      -710.9637293483    102002.7029850790
775000     -6659.3122335984       109.9438917404      -710.9962747926    102002.7029850790
776000     -6659.3186550185       109.9429693341      -711.1308323437    102002.7029850790
777000     -6659.3219962289       109.9432780245      -711.0938483766    102002.7029850789
778000     -6659.3375408610       109.9416320539      -711.1479161710    102002.7029850789
779000     -6659.3271294154       109.9420853836      -711.1941025438    102002.7029850789
780000     -6659.3675574504       109.9379066045      -711.0454272896    102002.7029850789
781000     -6659.3730752171       109.9374076977      -711.0315327660    102002.7029850789
782000     -6659.3622424910       109.9381386336      -711.1386676024    102002.7029850789
783000     -6659.3696056617       109.9374723530      -711.0143700358    102002.7029850789
784000     -6659.3845422914       109.9359550798      -710.9993709041    102002.7029850789
785000     -6659.3929178735       109.9348972145      -711.0177020625    102002.7029850789
786000     -6659.3884345849       109.9354120668      -710.9396069452    102002.7029850789
787000     -6659.3897641945       109.9352107469      -710.9012825328    102002.7029850789
788000     -6659.3794586332       109.9364126272      -710.8648786909    102002.7029850789
789000     -6659.3700347767       109.9373529209      -710.8108345976    102002.7029850789
790000     -6659.3790958070       109.9363727193      -710.7436564510    102002.7029850789
791000     -6659.3597657736       109.9375842466      -710.6818225057    102002.7029850789
792000     -6659.3574716814       109.9376448953      -710.6519293726    102002.7029850789
793000     -6659.3589529196       109.9374284916      -710.6222017459    102002.7029850789
794000     -6659.3462125841       109.9382614000      -710.6432329908    102002.7029850789
795000     -6659.3787768559       109.9351127178      -710.6243306076    102002.7029850789
796000     -6659.3733673339       109.9355694817      -710.6274750438    102002.7029850789
797000     -6659.4027569027       109.9326657492      -710.5656625725    102002.7029850789
798000     -6659.3968957994       109.9331083882      -710.4938369246    102002.7029850789
799000     -6659.3693219256       109.9356760064      -710.5223152897    102002.7029850789
800000     -6659.3645488470       109.9361582703      -710.5356545329    102002.7029850789
801000     -6659.3802826113       109.9348098447      -710.5202927765    102002.7029850789
802000     -6659.3863881191       109.9338677324      -710.6069771742    102002.7029850789
803000     -6659.3788789490       109.9345751929      -710.5304220997    102002.7029850789
804000     -6659.3826124579       109.9342494311      -710.4970644241    102002.7029850789
805000     -6659.4203769541       109.9305130630      -710.4806071963    102002.7029850789
806000     -6659.4305699623       109.9297783616      -710.4473218744    102002.7029850789
807000     -6659.4549004062       109.9275111762      -710.4687381406    102002.7029850789
808000     -6659.4516263175       109.9279318912      -710.4779295841    102002.7029850789
809000     -6659.4657301933       109.9263110193      -710.4795870346    102002.7029850789
810000     -6659.4667466470       109.9264587417      -710.4107729725    102002.7029850789
811000     -6659.4425591870       109.9290709795      -710.3149569466    102002.7029850789
812000     -6659.4019280417       109.9325116988      -710.3914922868    102002.7029850789
813000     -6659.3869693461       109.9337474553      -710.3901959895    102002.7029850789
814000     -6659.3753583218       109.9351470014      -710.3360529641    102002.7029850789
815000     -6659.3708291488       109.9351813425      -710.4102704195    102002.7029850788
816000     -6659.4041196153       109.9320159042      -710.3773957194    102002.7029850788
817000     -6659.4175277290       109.9308728550      -710.3455361181    102002.7029850788
818000     -6659.4017660891       109.9324219546      -710.4582459953    102002.7029850788
819000     -6659.3842457644       109.9341851850      -710.5293192291    102002.7029850788
820000     -6659.3654353937       109.9360391533      -710.5316107233    102002.7029850788
821000     -6659.3521636126       109.9373019806      -710.4829286294    102002.7029850788
822000     -6659.3123070688       109.9407825888      -710.5177380434    102002.7029850788
823000     -6659.3241519710       109.9398022342      -710.4924824193    102002.7029850788
824000     -6659.3614516393       109.9361707082      -710.5026925747    102002.7029850788
825000     -6659.3764514476       109.9352312825      -710.5213851725    102002.7029850788
826000     -6659.3638539158       109.9365081293      -710.6088151292    102002.7029850788
827000     -6659.3461275741       109.9380123582      -710.6821387516    102002.7029850788
828000     -6659.3146928442       109.9413129297      -710.6080042742    102002.7029850788
829000     -6659.3061616106       109.9421865988      -710.6766362024    102002.7029850788
830000     -6659.3049638131       109.9423451758      -710.7062211462    102002.7029850788
831000     -6659.3089846351       109.9419823988      -710.7188642276    102002.7029850788
832000     -6659.3261132954       109.9404581617      -710.7329054704    102002.7029850788
833000     -6659.3380805574       109.9396010034      -710.7478943226    102002.7029850788
834000     -6659.3731960027       109.9359570830      -710.6925115396    102002.7029850788
835000     -6659.3643527621       109.9368687611      -710.6285949733    102002.7029850788
836000     -6659.3555828897       109.9378607579      -710.6858874936    102002.7029850788
837000     -6659.3505157192       109.9386530204      -710.6314097112    102002.7029850788
838000     -6659.3590560672       109.9375873040      -710.6122800621    102002.7029850788
839000     -6659.3569949778       109.9378783984      -710.5997594133    102002.7029850788
840000     -6659.3569788355       109.9381059756      -710.5489835037    102002.7029850788
841000     -6659.3584896192       109.9377578879      -710.4745740006    102002.7029850788
842000     -6659.3615586573       109.9374224985      -710.4475099763    102002.7029850788
843000     -6659.3615228155       109.9375557353      -710.4460100062    102002.7029850788
844000     -6659.3735713099       109.9364127296      -710.3763272053    102002.7029850788
845000     -6659.3689114028       109.9367801134      -710.2983535481    102002.7029850788
846000     -6659.3693975437       109.9365625354      -710.2200821110    102002.7029850788
847000     -6659.3862041110       109.9350792116      -710.0804356734    102002.7029850788
848000     -6659.3903133335       109.9346194865      -710.0485981857    102002.7029850788
849000     -6659.3562600031       109.9378573788      -710.0392386626    102002.7029850788
850000     -6659.3527748187       109.9384165694      -709.9852347229    102002.7029850788
851000     -6659.3564454165       109.9378319111      -709.8803102899    102002.7029850788
852000     -6659.3705204912       109.9362393296      -709.7469983272    102002.7029850788
853000     -6659.3879188617       109.9347226340      -709.6415721293    102002.7029850788
854000     -6659.3853251048       109.9349332515      -709.5056867719    102002.7029850788
855000     -6659.3704521853       109.9361219823      -709.4590014686    102002.7029850788
856000     -6659.3573937838       109.9370886080      -709.4838205552    102002.7029850788
857000     -6659.3398997717       109.9386443922      -709.4064446359    102002.7029850788
858000     -6659.3394753130       109.9384498907      -709.3197972592    102002.7029850788
859000     -6659.3367769920       109.9385251089      -709.2813326858    102002.7029850788
860000     -6659.3299038013       109.9390385348      -709.2337078205    102002.7029850788
861000     -6659.2945736203       109.9424019779      -709.1990624839    102002.7029850788
862000     -6659.2823122758       109.9435154330      -709.1598425743    102002.7029850788
863000     -6659.2615153398       109.9453980436      -709.1833573661    102002.7029850788
864000     -6659.2378001706       109.9477302241      -709.0900815990    102002.7029850788
865000     -6659.2178252638       109.9496468402      -709.0120219513    102002.7029850788
866000     -6659.2406597888       109.9474638153      -709.0198529317    102002.7029850788
867000     -6659.2320249738       109.9484703661      -708.9996818216    102002.7029850788
868000     -6659.2170985008       109.9497901814      -708.9194321056    102002.7029850788
869000     -6659.1947052149       109.9517823934      -708.8983009812    102002.7029850788
870000     -6659.2018188938       109.9509919130      -708.8739645346    102002.7029850787
871000     -6659.2339018712       109.9481900685      -708.7169907539    102002.7029850787
872000     -6659.2252434424       109.9489548759      -708.6794930285    102002.7029850787
873000     -6659.2313340332       109.9483657334      -708.7067783955    102002.7029850787
874000     -6659.2503961718       109.9466681224      -708.6049176888    102002.7029850787
875000     -6659.2724263908       109.9445215007      -708.5837026868    102002.7029850787
876000     -6659.2550306240       109.9464657584      -708.5288967860    102002.7029850787
877000     -6659.2511307587       109.9468735725      -708.5049423470    102002.7029850787
878000     -6659.2291412380       109.9490050841      -708.4467042234    102002.7029850787
879000     -6659.2304966998       109.9491500186      -708.3832338605    102002.7029850787
880000     -6659.2304478734       109.9491031966      -708.4326972128    102002.7029850787
881000     -6659.2381006085       109.9484851204      -708.3831306530    102002.7029850787
882000     -6659.2278930609       109.9492619718      -708.3950020540    102002.7029850787
883000     -6659.2439879259       109.9480555786      -708.3738138387    102002.7029850787
884000     -6659.2505146684       109.9474559613      -708.3596980289    102002.7029850787
885000     -6659.2702030735       109.9454470786      -708.3382654199    102002.7029850787
886000     -6659.2900439496       109.9437525621      -708.3924272310    102002.7029850787
887000     -6659.3115105640       109.9417765561      -708.4074451704    102002.7029850787
888000     -6659.3256060994       109.9405041274      -708.3168150887    102002.7029850787
889000     -6659.3217307780       109.9409226043      -708.2860093234    102002.7029850787
890000     -6659.3205423989       109.9412039517      -708.2606662707    102002.7029850787
891000     -6659.2959221695       109.9437834162      -708.2265641644    102002.7029850787
892000     -6659.3002953019       109.9431092398      -708.2296000389    102002.7029850787
893000     -6659.2934577137       109.9439219899      -708.1864843923    102002.7029850787
894000     -6659.2796789604       109.9450446294      -708.1521944847    102002.7029850787
895000     -6659.2845770626       109.9446241782      -708.0678938335    102002.7029850787
896000     -6659.2630759152       109.9466517910      -708.0129752466    102002.7029850787
897000     -6659.2533027813       109.9474020296      -708.0526560721    102002.7029850787
898000     -6659.2601194330       109.9467181189      -708.0063501470    102002.7029850787
899000     -6659.2752509297       109.9452437397      -707.9602338643    102002.7029850787
900000     -6659.2845640979       109.9443015760      -707.9183077899    102002.7029850787
901000     -6659.3086700849       109.9418548076      -707.8365478385    102002.7029850787
902000     -6659.3148184633       109.9409891153      -707.7671423862    102002.7029850787
903000     -6659.3340275831       109.9394961589      -707.6673520392    102002.7029850787
904000     -6659.3368739767       109.9388615506      -707.6315773537    102002.7029850787
905000     -6659.3061192379       109.9417869302      -707.5828955411    102002.7029850787
906000     -6659.2925390053       109.9428324391      -707.5049983019    102002.7029850787
907000     -6659.3034111528       109.9418332516      -707.3677524070    102002.7029850787
908000     -6659.2886115723       109.9431806557      -707.2535655158    102002.7029850787
909000     -6659.2749164252       109.9441275317      -707.2220070072    102002.7029850787
910000     -6659.2553764240       109.9462644313      -707.1632372595    102002.7029850787
911000     -6659.2864691821       109.9433919918      -707.0995891244    102002.7029850787
912000     -6659.2834045239       109.9436483718      -707.0484314512    102002.7029850787
913000     -6659.2886986045       109.9430052678      -706.9322751758    102002.7029850787
914000     -6659.3127624632       109.9405694686      -706.8835956659    102002.7029850787
915000     -6659.3269610473       109.9392195062      -706.8360640419    102002.7029850787
916000     -6659.3411439860       109.9375945624      -706.7809789271    102002.7029850787
917000     -6659.3364684818       109.9379204317      -706.7897233575    102002.7029850787
918000     -6659.3317836550       109.9382277139      -706.7440635155    102002.7029850787
919000     -6659.2964201672       109.9415449117      -706.6595839177    102002.7029850787
920000     -6659.2999315957       109.9409229636      -706.5757679777    102002.7029850787
921000     -6659.3224827468       109.9385441887      -706.5263391064    102002.7029850787
922000     -6659.3386706230       109.9369219383      -706.5113955525    102002.7029850787
923000     -6659.3628276742       109.9345814592      -706.4380769269    102002.7029850787
924000     -6659.3603985675       109.9348181318      -706.4036263994    102002.7029850787
925000     -6659.3771467786       109.9332128141      -706.3819071276    102002.7029850787
926000     -6659.3935704802       109.9315711260      -706.3191618886    102002.7029850787
927000     -6659.4150265501       109.9294896954      -706.2498317476    102002.7029850786
928000     -6659.4166870851       109.9292325247      -706.2913444337    102002.7029850786
929000     -6659.4422387906       109.9269538086      -706.2914438692    102002.7029850786
930000     -6659.4442165142       109.9267105519      -706.2558437770    102002.7029850786
931000     -6659.4166672321       109.9294860577      -706.2958872832    102002.7029850786
932000     -6659.4044178913       109.9307522103      -706.3329098539    102002.7029850786
933000     -6659.4148452388       109.9297114662      -706.3386216798    102002.7029850786
934000     -6659.4221818701       109.9291178788      -706.3734038536    102002.7029850786
935000     -6659.4441040826       109.9267394695      -706.4654664453    102002.7029850786
936000     -6659.4429857730       109.9268878655      -706.4585578299    102002.7029850786
937000     -6659.4732851982       109.9241475717      -706.3869947251    102002.7029850786
938000     -6659.4659298244       109.9245427339      -706.4484794369    102002.7029850786
939000     -6659.4689171674       109.9245073471      -706.4186718536    102002.7029850786
940000     -6659.4895334629       109.9223000895      -706.4572823481    102002.7029850786
941000     -6659.5035841163       109.9213014987      -706.4653942178    102002.7029850786
942000     -6659.4948905178       109.9221712841      -706.4806703674    102002.7029850786
943000     -6659.4851496209       109.9231626901      -706.4198747814    102002.7029850786
944000     -6659.4759506966       109.9239990317      -706.3641516627    102002.7029850786
945000     -6659.4878960961       109.9227731332      -706.4001748970    102002.7029850786
946000     -6659.4989355090       109.9217149603      -706.4010677012    102002.7029850786
947000     -6659.4905120619       109.9226038251      -706.3977917543    102002.7029850786
948000     -6659.4638834981       109.9251517686      -706.4329518478    102002.7029850786
949000     -6659.4574734160       109.9258696232      -706.4120563863    102002.7029850786
950000     -6659.4547056930       109.9261357886      -706.3690755327    102002.7029850786
951000     -6659.4893380219       109.9229458266      -706.3144291757    102002.7029850786
952000     -6659.4956541295       109.9223069752      -706.3306103799    102002.7029850786
953000     -6659.4972760045       109.9220337543      -706.3283055789    102002.7029850786
954000     -6659.4736679002       109.9243411685      -706.3303792043    102002.7029850786
955000     -6659.4587270157       109.9258829621      -706.3683375971    102002.7029850786
956000     -6659.4599610434       109.9257498200      -706.3308704069    102002.7029850786
957000     -6659.4569217802       109.9259794770      -706.3483937968    102002.7029850786
958000     -6659.4619762569       109.9255551862      -706.3688499751    102002.7029850786
959000     -6659.4492308299       109.9269045064      -706.3674468571    102002.7029850786
960000     -6659.4380279869       109.9278964831      -706.3606000593    102002.7029850786
961000     -6659.4276803173       109.9288792790      -706.2900759460    102002.7029850786
962000     -6659.4078201260       109.9307045386      -706.3152263808    102002.7029850786
963000     -6659.3939749072       109.9321010189      -706.2743256634    102002.7029850786
964000     -6659.3718682951       109.9340947134      -706.2326306341    102002.7029850786
965000     -6659.3672788548       109.9346200101      -706.2462040374    102002.7029850786
966000     -6659.3595903503       109.9354509909      -706.2117309559    102002.7029850786
967000     -6659.3569030895       109.9356592014      -706.1754799753    102002.7029850786
968000     -6659.3604265908       109.9354441220      -706.0984135953    102002.7029850786
969000     -6659.3730446202       109.9342465932      -706.0475838509    102002.7029850786
970000     -6659.3633473949       109.9352506026      -706.0160477224    102002.7029850786
971000     -6659.3438494447       109.9370581777      -706.0113716984    102002.7029850786
972000     -6659.3300149350       109.9386106570      -705.9985854101    102002.7029850786
973000     -6659.3209719652       109.9394475736      -705.9367716493    102002.7029850786
974000     -6659.3248823850       109.9388675570      -705.9033480790    102002.7029850786
975000     -6659.3236089558       109.9391435711      -705.8711004964    102002.7029850786
976000     -6659.3282738216       109.9388586336      -705.9028808537    102002.7029850786
977000     -6659.3445100748       109.9374657899      -705.8919556113    102002.7029850786
978000     -6659.3433424286       109.9375200775      -705.8644094657    102002.7029850786
979000     -6659.3441116842       109.9375724627      -705.8429086895    102002.7029850786
980000     -6659.3483034534       109.9373327388      -705.8123747529    102002.7029850786
981000     -6659.3362803539       109.9385141872      -705.7831169295    102002.7029850786
982000     -6659.3141495083       109.9407706922      -705.7769960619    102002.7029850786
983000     -6659.3018334505       109.9419434785      -705.8098032677    102002.7029850786
984000     -6659.2912841174       109.9431731612      -705.8401429308    102002.7029850786
985000     -6659.2857707446       109.9435986812      -705.8117917421    102002.7029850786
986000     -6659.3016065345       109.9420046964      -705.8221135508    102002.7029850786
987000     -6659.2888801604       109.9434219992      -705.7995492325    102002.7029850786
988000     -6659.2822867445       109.9441004864      -705.7798002548    102002.7029850786
989000     -6659.2810849254       109.9441856321      -705.7924935095    102002.7029850786
990000     -6659.3007762849       109.9423107568      -705.7991694953    102002.7029850786
991000     -6659.3063287328       109.9416780186      -705.7744408306    102002.7029850786
992000     -6659.3219239333       109.9402796803      -705.7147711009    102002.7029850786
993000     -6659.3101741081       109.9412943864      -705.7060926942    102002.7029850786
994000     -6659.2853132801       109.9436036626      -705.6997370374    102002.7029850786
995000     -6659.2724627508       109.9448679704      -705.6536924561    102002.7029850786
996000     -6659.2515135321       109.9466968615      -705.6631135341    102002.7029850786
997000     -6659.2683644330       109.9451505976      -705.5870491561    102002.7029850786
998000     -6659.2621258197       109.9455565470      -705.5441209971    102002.7029850786
999000     -6659.2400186999       109.9478193691      -705.4518004271    102002.7029850786
1000000     -6659.2265657855       109.9491093904      -705.3966402186    102002.7029850786
