# Time-averaged data for fix runningavgs
# TimeStep v_ra_etotal v_ra_temp v_ra_press v_ra_volume
502000     -6674.3830444815       109.0787622782      -687.5767805390    102002.7029850792
503000     -6667.4955383481       109.6461548659      -715.0758345734    102002.7029850792
504000     -6662.5163550504       110.1069249116      -710.1424738178    102002.7029850792
505000     -6663.3499172165       110.0452353065      -702.3585027109    102002.7029850792
506000     -6663.8549782420       109.9706815367      -708.0446628395    102002.7029850792
507000     -6663.4057562547       110.0216184810      -705.4522634400    102002.7029850792
508000     -6663.6407071960       110.0136680994      -701.1265292023    102002.7029850792
509000     -6662.1560435743       110.1339161044      -704.9035391997    102002.7029850792
510000     -6662.6294870644       110.0962457501      -700.4686576624    102002.7029850792
511000     -6663.5921355786       110.0007102078      -699.4084350242    102002.7029850792
512000     -6664.1548684581       109.9457072848      -699.1724690034    102002.7029850792
513000     -6664.2627074328       109.9362269984      -699.4410590268    102002.7029850792
514000     -6663.3289638618       110.0193165436      -697.7105965600    102002.7029850792
515000     -6663.2626190723       110.0257911579      -697.7904020482    102002.7029850792
516000     -6662.9881458614       110.0484577372      -696.9549424538    102002.7029850792
517000     -6663.6049666688       109.9931401247      -694.5637201546    102002.7029850792
518000     -6664.2603397708       109.9351984418      -694.2350488035    102002.7029850792
519000     -6664.5639374959       109.9015673787      -694.4740437173    102002.7029850792
520000     -6664.3779814657       109.9241679734      -694.9480140588    102002.7029850792
521000     -6663.9997667131       109.9643434037      -694.8971477202    102002.7029850792
522000     -6663.7796394343       109.9807021850      -694.3688943869    102002.7029850792
523000     -6663.8859927718       109.9695213906      -693.9983874934    102002.7029850792
524000     -6663.8242837447       109.9733178623      -693.1109018172    102002.7029850792
525000     -6664.2828032177       109.9269362257      -691.9298786169    102002.7029850792
526000     -6664.2117351630       109.9336249193      -691.3343021336    102002.7029850792
527000     -6664.4264065491       109.9105144716      -690.5914258074    102002.7029850792
528000     -6664.5529496098       109.8986911319      -688.7975397890    102002.7029850792
529000     -6664.7305533463       109.8828449586      -688.2285612264    102002.7029850792
530000     -6664.6716526978       109.8874111390      -687.5964352388    102002.7029850792
531000     -6664.5427955923       109.8977725723      -687.3120058897    102002.7029850792
532000     -6664.9087980471       109.8604866110      -686.8470758221    102002.7029850792
533000     -6664.9056652176       109.8599320022      -686.2784825224    102002.7029850792
534000     -6665.0727799153       109.8440591393      -686.5107714149    102002.7029850792
535000     -6664.8527514300       109.8661309918      -686.4132218051    102002.7029850792
536000     -6664.4951488773       109.8973841020      -686.6557806285    102002.7029850792
537000     -6664.6827079941       109.8778163687      -687.0545372328    102002.7029850792
538000     -6664.8880816050       109.8575821826      -686.7554894075    102002.7029850792
539000     -6664.9374347154       109.8497490931      -686.5196511911    102002.7029850791
540000     -6664.9395849902       109.8459533326      -686.8107296565    102002.7029850791
541000     -6664.7324120468       109.8657692509      -686.0970267770    102002.7029850791
542000     -6664.4305660816       109.8941081652      -686.4477091968    102002.7029850791
543000     -6664.2579941731       109.9095359215      -687.4642409425    102002.7029850791
544000     -6664.0205585692       109.9337371926      -687.2253996030    102002.7029850791
545000     -6663.9387114964       109.9376211746      -687.8161975743    102002.7029850791
546000     -6663.7312924284       109.9579305363      -687.9887943270    102002.7029850791
547000     -6663.7718324815       109.9518710843      -687.9782338030    102002.7029850791
548000     -6663.6836032394       109.9601080562      -688.4887464481    102002.7029850791
549000     -6663.5761526930       109.9703959061      -688.3137215592    102002.7029850791
550000     -6663.5002464758       109.9776462757      -688.5207059540    102002.7029850791
551000     -6663.4628450518       109.9798147672      -687.8902074006    102002.7029850791
552000     -6663.2519127227       109.9980806409      -687.4614501983    102002.7029850791
553000     -6663.0583205692       110.0167785458      -686.9238466631    102002.7029850791
554000     -6663.0384625615       110.0186415142      -686.9688597523    102002.7029850791
555000     -6662.8827353459       110.0322858995      -687.3161079854    102002.7029850791
556000     -6662.8152349772       110.0383049738      -687.3164345905    102002.7029850791
557000     -6663.0293164646       110.0200605047      -687.5651481214    102002.7029850791
558000     -6663.0378435667       110.0190433006      -687.4016868073    102002.7029850791
559000     -6663.1296251855       110.0118172773      -687.1197285579    102002.7029850791
560000     -6663.0127985399       110.0227870982      -687.1327338817    102002.7029850791
561000     -6662.8172744905       110.0413187558      -686.8842781124    102002.7029850791
562000     -6662.7733476332       110.0446454717      -686.7191407713    102002.7029850791
563000     -6662.9053608464       110.0336829895      -686.4444395685    102002.7029850791
564000     -6663.0078307521       110.0237652629      -685.9441168630    102002.7029850791
565000     -6663.1559476360       110.0084072382      -685.6124965593    102002.7029850791
566000     -6663.1927763124       110.0043827132      -685.1566623788    102002.7029850791
567000     -6663.1372988900       110.0115867544      -684.8539192837    102002.7029850791
568000     -6663.1738060414       110.0073804822      -684.9027038777    102002.7029850791
569000     -6663.2137111332       110.0061605978      -684.6144616862    102002.7029850791
570000     -6663.1451209603       110.0134814546      -684.4304481501    102002.7029850791
571000     -6663.0162806008       110.0255026664      -684.1785604502    102002.7029850791
572000     -6663.0418811814       110.0240106710      -683.8147402825    102002.7029850791
573000     -6663.0360841576       110.0247458284      -683.7061765498    102002.7029850791
574000     -6663.1519846462       110.0136461467      -683.4898031708    102002.7029850791
575000     -6663.2571563968       110.0035164545      -683.0394747426    102002.7029850791
576000     -6663.2694812871       110.0013289253      -682.6689117318    102002.7029850791
577000     -6663.1817085056       110.0091161993      -682.3092568631    102002.7029850791
578000     -6663.1979754103       110.0070868898      -682.0512440773    102002.7029850791
579000     -6663.1991703493       110.0089996305      -681.7895766865    102002.7029850791
580000     -6663.1829939831       110.0097045645      -682.0266901149    102002.7029850791
581000     -6663.1845344241       110.0099022577      -681.9362744311    102002.7029850791
582000     -6663.2518788712       110.0050794714      -681.6571506047    102002.7029850791
583000     -6663.2707603758       110.0034287333      -681.3416060461    102002.7029850791
584000     -6663.2172855348       110.0085672585      -681.3219265458    102002.7029850791
585000     -6663.0826351547       110.0218808420      -681.1334974042    102002.7029850791
586000     -6663.0670755131       110.0244677010      -680.9825460516    102002.7029850791
587000     -6663.1219485487       110.0186309886      -680.9663022493    102002.7029850791
588000     -6663.1799257049       110.0130284672      -680.7469801599    102002.7029850791
589000     -6663.2472197219       110.0070904037      -680.3005264301    102002.7029850791
590000     -6663.2435920817       110.0080886714      -680.0842931824    102002.7029850791
591000     -6663.1431478515       110.0174700209      -680.1871307302    102002.7029850792
592000     -6663.0672182165       110.0250468497      -680.1486063147    102002.7029850792
593000     -6663.0043954787       110.0319580429      -680.2296539749    102002.7029850792
594000     -6663.0059361237       110.0317474556      -680.3274833779    102002.7029850792
595000     -6663.0246605272       110.0293903184      -680.3485786854    102002.7029850792
596000     -6663.0974952643       110.0232505368      -680.3145625032    102002.7029850792
597000     -6663.1881917299       110.0157267966      -680.4005908475    102002.7029850792
598000     -6663.1767768640       110.0171012082      -680.4740583151    102002.7029850792
599000     -6663.2053892891       110.0154624871      -680.4465265412    102002.7029850792
600000     -6663.3387449939       110.0042290937      -680.1916633588    102002.7029850792
601000     -6663.2850684981       110.0088617131      -680.3156122863    102002.7029850792
602000     -6663.2958980635       110.0083733998      -680.3560901312    102002.7029850792
603000     -6663.3519521192       110.0034315879      -680.1948003938    102002.7029850792
604000     -6663.4128450070       109.9974923799      -680.2539464176    102002.7029850793
605000     -6663.4341486037       109.9950901780      -680.2632375138    102002.7029850793
606000     -6663.3581676327       110.0035962063      -679.9846901883    102002.7029850793
607000     -6663.3329700354       110.0058743321      -679.9250993570    102002.7029850793
608000     -6663.3214372403       110.0061648964      -680.1299796009    102002.7029850793
609000     -6663.2273124631       110.0161414585      -679.9438615112    102002.7029850793
610000     -6663.1967587209       110.0191491658      -680.0853197329    102002.7029850793
611000     -6663.2010360984       110.0179027003      -680.1841304269    102002.7029850793
612000     -6663.1070409037       110.0281944860      -679.9878996573    102002.7029850793
613000     -6663.0315930093       110.0355948739      -680.0192617465    102002.7029850793
614000     -6663.0484529930       110.0340448991      -680.2111953249    102002.7029850793
615000     -6663.0969135479       110.0301892328      -680.2115695908    102002.7029850793
616000     -6663.0297714582       110.0373003859      -680.2584056376    102002.7029850793
617000     -6663.0335052269       110.0369582414      -680.6434629289    102002.7029850793
618000     -6662.9193747622       110.0488676298      -680.5550248698    102002.7029850793
619000     -6662.9154304784       110.0484564404      -680.6122756397    102002.7029850793
620000     -6662.8918067854       110.0512292757      -680.6547018157    102002.7029850793
621000     -6662.8030372099       110.0601898886      -680.5567117943    102002.7029850793
622000     -6662.8089522381       110.0599387352      -680.6183935648    102002.7029850794
623000     -6662.8184088576       110.0588816352      -680.7923445855    102002.7029850794
624000     -6662.8301115984       110.0578253047      -680.7976547102    102002.7029850794
625000     -6662.9172082015       110.0491169567      -680.7134163664    102002.7029850794
626000     -6662.9427128492       110.0472293695      -680.5718600947    102002.7029850794
627000     -6662.9685563398       110.0450721191      -680.6335131744    102002.7029850794
628000     -6662.9798415871       110.0440128205      -680.9108129579    102002.7029850794
629000     -6663.0441778945       110.0385412048      -680.9501206568    102002.7029850794
630000     -6663.0163154945       110.0417875976      -680.9351396846    102002.7029850794
631000     -6662.9489299010       110.0491404103      -680.7989342180    102002.7029850794
632000     -6662.9655541699       110.0470416300      -680.7662240900    102002.7029850794
633000     -6663.0526553925       110.0389702812      -680.7609748267    102002.7029850794
634000     -6663.0657990624       110.0382934489      -680.6711006356    102002.7029850794
635000     -6663.1215854062       110.0326352374      -680.7126598645    102002.7029850794
636000     -6663.0436782981       110.0407499898      -680.5223309403    102002.7029850794
637000     -6662.9886247021       110.0451427610      -680.4544294527    102002.7029850794
638000     -6663.0455199073       110.0396566005      -680.2266542212    102002.7029850794
639000     -6663.0554224196       110.0387062734      -680.0514818251    102002.7029850794
640000     -6663.0045901162       110.0427265239      -680.2877487786    102002.7029850794
641000     -6662.9481016863       110.0486496876      -680.1709697160    102002.7029850794
642000     -6662.8735634186       110.0561071123      -680.2451441974    102002.7029850794
643000     -6662.8688224829       110.0566633486      -680.2677733596    102002.7029850794
644000     -6662.8204008779       110.0601050765      -680.3068470626    102002.7029850794
645000     -6662.7690932806       110.0658052479      -680.2873332902    102002.7029850794
646000     -6662.7378481685       110.0687775456      -680.7699521723    102002.7029850795
647000     -6662.6491226029       110.0768634382      -680.9218553836    102002.7029850795
648000     -6662.6367634026       110.0782040260      -681.0598159732    102002.7029850795
649000     -6662.6234769070       110.0789834326      -681.1646187986    102002.7029850795
650000     -6662.6484180458       110.0763027430      -681.0359318514    102002.7029850795
651000     -6662.7502590877       110.0668517886      -681.0496688617    102002.7029850795
652000     -6662.7721991562       110.0646785610      -680.9547075203    102002.7029850795
653000     -6662.8047596916       110.0604892530      -681.1690765227    102002.7029850795
654000     -6662.8013500420       110.0604581880      -681.2971871499    102002.7029850795
655000     -6662.8529716966       110.0554399430      -681.3522817259    102002.7029850795
656000     -6662.8928095168       110.0506441877      -681.3588870589    102002.7029850795
657000     -6662.9091789290       110.0493028065      -681.4865269957    102002.7029850795
658000     -6662.8720101840       110.0522097934      -681.6261564137    102002.7029850795
659000     -6662.8619548944       110.0526679674      -681.7074408094    102002.7029850795
660000     -6662.9165118058       110.0468957281      -681.8199613222    102002.7029850795
661000     -6662.9270427929       110.0448023503      -681.8695451994    102002.7029850795
662000     -6662.8773042432       110.0486017682      -681.9788382273    102002.7029850795
663000     -6662.8513003700       110.0521200121      -681.8825394390    102002.7029850795
664000     -6662.8948915093       110.0477298106      -681.9544785060    102002.7029850795
665000     -6662.9225507418       110.0444215241      -682.0897624700    102002.7029850795
666000     -6662.9378053386       110.0433429485      -682.1599812656    102002.7029850795
667000     -6662.9165740170       110.0444716714      -682.1778473911    102002.7029850795
668000     -6662.8742936068       110.0486396081      -682.2557922043    102002.7029850795
669000     -6662.8675418796       110.0486009009      -682.3956881003    102002.7029850795
670000     -6662.8741844180       110.0484115493      -682.4863692360    102002.7029850795
671000     -6662.8231765541       110.0535087544      -682.7081354376    102002.7029850795
672000     -6662.8343258619       110.0531383244      -682.8616708123    102002.7029850795
673000     -6662.8952195455       110.0469154465      -683.0333191464    102002.7029850795
674000     -6662.9291764392       110.0432065349      -683.1747508599    102002.7029850794
675000     -6662.9784056123       110.0390399740      -683.3196688022    102002.7029850794
676000     -6662.9931367211       110.0375470110      -683.6701558110    102002.7029850794
677000     -6662.9643220899       110.0411150870      -683.8348057770    102002.7029850794
678000     -6663.0009128290       110.0379003656      -683.9205643360    102002.7029850794
679000     -6663.0606434664       110.0326282925      -684.0105898046    102002.7029850794
680000     -6663.0949866541       110.0301844666      -684.0900927681    102002.7029850794
681000     -6663.1623144620       110.0244652040      -684.1174687003    102002.7029850794
682000     -6663.1882738377       110.0221072370      -684.2793145546    102002.7029850794
683000     -6663.1843406044       110.0224618925      -684.4265127894    102002.7029850794
684000     -6663.2151085702       110.0201254507      -684.3670185858    102002.7029850794
685000     -6663.2281224273       110.0185651284      -684.4609395803    102002.7029850794
686000     -6663.2527124193       110.0165564168      -684.4651538179    102002.7029850794
687000     -6663.2917754623       110.0133758142      -684.5648692395    102002.7029850794
688000     -6663.3162601496       110.0111361852      -684.7496740853    102002.7029850793
689000     -6663.3539402996       110.0076651537      -684.9330675877    102002.7029850793
690000     -6663.3795313238       110.0056382365      -685.0655811835    102002.7029850793
691000     -6663.4346724062       109.9999213804      -685.1956509499    102002.7029850793
692000     -6663.4659557996       109.9975255696      -685.1447235460    102002.7029850793
693000     -6663.4866010658       109.9960103732      -685.1534868623    102002.7029850793
694000     -6663.5101495759       109.9930614258      -685.3154264441    102002.7029850793
695000     -6663.5329834165       109.9908102745      -685.3918277004    102002.7029850793
696000     -6663.5242637545       109.9914106223      -685.4911331263    102002.7029850793
697000     -6663.4517774743       109.9979768093      -685.5693388280    102002.7029850793
698000     -6663.4345802166       109.9996558718      -685.5946543114    102002.7029850793
699000     -6663.3922918096       110.0041657594      -685.5442150324    102002.7029850793
700000     -6663.3743522712       110.0060107223      -685.6737782848    102002.7029850793
701000     -6663.3867069446       110.0050277231      -685.7370570805    102002.7029850793
702000     -6663.4254286509       110.0016984095      -685.7262931079    102002.7029850793
703000     -6663.4480119395       109.9992687408      -685.8820541705    102002.7029850793
704000     -6663.4625361558       109.9982200034      -685.9923795518    102002.7029850792
705000     -6663.4833098987       109.9964886800      -686.0083775328    102002.7029850792
706000     -6663.5098044546       109.9937383552      -686.2416618854    102002.7029850792
707000     -6663.4971780993       109.9949789215      -686.4162465920    102002.7029850792
708000     -6663.4812970819       109.9966718983      -686.3701904804    102002.7029850792
709000     -6663.4250358915       110.0017186587      -686.4771024145    102002.7029850792
710000     -6663.4274957874       110.0014598029      -686.5687533554    102002.7029850792
711000     -6663.4240567243       110.0020566877      -686.6225850537    102002.7029850792
712000     -6663.4208887510       110.0020887346      -686.8833520599    102002.7029850792
713000     -6663.4408426831       110.0001499778      -687.0185224841    102002.7029850792
714000     -6663.4921208403       109.9950332028      -686.9843525885    102002.7029850792
715000     -6663.5261242501       109.9907793305      -687.0067127141    102002.7029850792
716000     -6663.5650320228       109.9874400202      -687.0137929965    102002.7029850792
717000     -6663.5954725561       109.9850529593      -687.0932728483    102002.7029850792
718000     -6663.5713385402       109.9863205308      -687.3266617451    102002.7029850792
719000     -6663.5267376711       109.9902317623      -687.3393676419    102002.7029850792
720000     -6663.4681422168       109.9952050004      -687.4121178461    102002.7029850792
721000     -6663.4437849505       109.9961898958      -687.5524499002    102002.7029850792
722000     -6663.4018794943       110.0001192370      -687.5695398580    102002.7029850792
723000     -6663.3799056109       110.0028758213      -687.6429481138    102002.7029850792
724000     -6663.3375264842       110.0067077210      -687.6903986894    102002.7029850791
725000     -6663.2912650329       110.0107670253      -687.7057322051    102002.7029850791
726000     -6663.3284397682       110.0074971243      -687.6943241158    102002.7029850791
727000     -6663.3332671170       110.0072301467      -687.6801301855    102002.7029850791
728000     -6663.3936834511       110.0014729022      -687.6073934419    102002.7029850791
729000     -6663.4131029249       109.9996831802      -687.7022858807    102002.7029850791
730000     -6663.4352429178       109.9969228611      -687.8248589857    102002.7029850791
731000     -6663.3961312668       110.0012547394      -687.7296511249    102002.7029850791
732000     -6663.3865710721       110.0019841700      -687.7307091083    102002.7029850791
733000     -6663.3872603032       110.0017825123      -687.6617418194    102002.7029850791
734000     -6663.3547920705       110.0050119167      -687.5668634545    102002.7029850791
735000     -6663.3304074844       110.0082630753      -687.5545696131    102002.7029850791
736000     -6663.2856874894       110.0122084952      -687.6793649725    102002.7029850791
737000     -6663.2884890635       110.0123952179      -687.6410789396    102002.7029850791
738000     -6663.3065540287       110.0109612307      -687.6696854357    102002.7029850791
739000     -6663.3105256441       110.0101887306      -687.5377400875    102002.7029850791
740000     -6663.3403566618       110.0074978655      -687.3313182531    102002.7029850791
741000     -6663.3910314563       110.0024527531      -687.4142757647    102002.7029850791
742000     -6663.3879439211       110.0026588538      -687.4980599448    102002.7029850791
743000     -6663.3635550793       110.0054956487      -687.4772199497    102002.7029850791
744000     -6663.3160198356       110.0098957726      -687.6018326058    102002.7029850791
745000     -6663.2981142943       110.0110186768      -687.6146104074    102002.7029850791
746000     -6663.3062534353       110.0102936627      -687.5631462340    102002.7029850791
747000     -6663.3112254702       110.0105160084      -687.6369228927    102002.7029850791
748000     -6663.3052936059       110.0108987355      -687.8349579815    102002.7029850790
749000     -6663.2896268133       110.0129499229      -687.9439153448    102002.7029850790
750000     -6663.2725619805       110.0150878358      -687.8061396276    102002.7029850790
751000     -6663.2601559597       110.0163215974      -687.7208535269    102002.7029850790
752000     -6663.2233774297       110.0200918199      -687.6803870080    102002.7029850790
753000     -6663.2240220653       110.0204963278      -687.6275237689    102002.7029850790
754000     -6663.1869147288       110.0236059976      -687.7243888250    102002.7029850790
755000     -6663.1620856809       110.0260927776      -687.7914779063    102002.7029850790
756000     -6663.1384191514       110.0291323533      -687.6128517453    102002.7029850790
757000     -6663.1053333869       110.0314286455      -687.4678444389    102002.7029850790
758000     -6663.0819427068       110.0334839855      -687.3924087877    102002.7029850790
759000     -6663.0611982820       110.0353029770      -687.2934172277    102002.7029850790
760000     -6663.0541519676       110.0358178059      -687.3291675616    102002.7029850790
761000     -6663.0504831842       110.0362267904      -687.2480199493    102002.7029850790
762000     -6663.0461392985       110.0364094504      -687.0210538119    102002.7029850790
763000     -6663.0574042644       110.0350025471      -686.8174195788    102002.7029850790
764000     -6663.0869109491       110.0321292735      -686.6903656656    102002.7029850790
765000     -6663.0630979077       110.0345985862      -686.6020038383    102002.7029850790
766000     -6663.0144295596       110.0385085769      -686.6076354931    102002.7029850790
767000     -6663.0234056552       110.0379906760      -686.5003383002    102002.7029850790
768000     -6663.0206030315       110.0384025708      -686.3066537143    102002.7029850790
769000     -6662.9796792179       110.0421202124      -686.2231200114    102002.7029850790
770000     -6662.9780664492       110.0423893710      -686.0935548738    102002.7029850790
771000     -6663.0069573281       110.0399433772      -685.8863361162    102002.7029850790
772000     -6663.0386529415       110.0365568110      -685.9656245790    102002.7029850790
773000     -6663.0506577460       110.0356372023      -685.9173202056    102002.7029850790
774000     -6663.0744113877       110.0336206016      -685.7998035309    102002.7029850790
775000     -6663.0842193678       110.0328391601      -685.7869847499    102002.7029850790
776000     -6663.0475811161       110.0362905675      -685.7264297115    102002.7029850790
777000     -6663.0147997320       110.0395792788      -685.6157120110    102002.7029850789
778000     -6663.0009944619       110.0403686032      -685.7265611643    102002.7029850789
779000     -6662.9746778497       110.0433900251      -685.6596335624    102002.7029850789
780000     -6662.9806609239       110.0427453839      -685.5794276178    102002.7029850789
781000     -6662.9897527944       110.0416141679      -685.6063724749    102002.7029850789
782000     -6663.0231369299       110.0384506951      -685.5432976427    102002.7029850789
783000     -6663.0602686114       110.0350242240      -685.4725787512    102002.7029850789
784000     -6663.0766174283       110.0330675924      -685.6313473964    102002.7029850789
785000     -6663.1017961898       110.0307206495      -685.5834368009    102002.7029850789
786000     -6663.0887658642       110.0320977947      -685.4683662687    102002.7029850789
787000     -6663.0607107159       110.0340115645      -685.4899121819    102002.7029850789
788000     -6663.0153713194       110.0382076313      -685.3831074597    102002.7029850789
789000     -6663.0062537196       110.0390390709      -685.3559526596    102002.7029850789
790000     -6662.9733138808       110.0414025845      -685.4972382989    102002.7029850789
791000     -6662.9454192697       110.0442875886      -685.4549660358    102002.7029850789
792000     -6662.9511718095       110.0439581660      -685.3873232288    102002.7029850789
793000     -6662.9713708605       110.0415389968      -685.4225748173    102002.7029850789
794000     -6662.9510395266       110.0434460966      -685.3400926890    102002.7029850789
795000     -6662.9371414467       110.0447287858      -685.2619644791    102002.7029850789
796000     -6662.9095363874       110.0469548904      -685.3890435320    102002.7029850789
797000     -6662.8875132725       110.0491594578      -685.3804778077    102002.7029850789
798000     -6662.8687302796       110.0510359469      -685.3523341617    102002.7029850789
799000     -6662.8589860810       110.0518926238      -685.4462283095    102002.7029850789
800000     -6662.8479243771       110.0528135805      -685.4508299211    102002.7029850789
801000     -6662.8615072252       110.0517779698      -685.4678474882    102002.7029850789
802000     -6662.9010268636       110.0477696638      -685.6053451327    102002.7029850789
803000     -6662.9210413671       110.0458535495      -685.5146494951    102002.7029850789
804000     -6662.9355460539       110.0445461239      -685.4726593442    102002.7029850789
805000     -6662.9656767008       110.0412730512      -685.4557757530    102002.7029850789
806000     -6662.9603209693       110.0415862240      -685.3591249794    102002.7029850789
807000     -6662.9550688303       110.0422099765      -685.3795205730    102002.7029850789
808000     -6662.9357721517       110.0437663086      -685.5284997723    102002.7029850789
809000     -6662.9246950364       110.0451045587      -685.4591445514    102002.7029850789
810000     -6662.9656740205       110.0411370467      -685.4272941323    102002.7029850789
811000     -6662.9613964858       110.0410497785      -685.4024806914    102002.7029850789
812000     -6662.9610059132       110.0406574625      -685.3221946145    102002.7029850789
813000     -6662.9911223955       110.0379982780      -685.3820012231    102002.7029850789
814000     -6663.0167847154       110.0352774750      -685.4723145578    102002.7029850789
815000     -6663.0284897228       110.0340357043      -685.5384372329    102002.7029850788
816000     -6663.0616608542       110.0307039874      -685.5088605891    102002.7029850788
817000     -6663.0596833023       110.0306382971      -685.5481771221    102002.7029850788
818000     -6663.0554057487       110.0315633468      -685.5355693309    102002.7029850788
819000     -6663.0331786933       110.0335483922      -685.6622011109    102002.7029850788
820000     -6663.0122872103       110.0356319915      -685.7487659860    102002.7029850788
821000     -6663.0233580385       110.0348258941      -685.7785199137    102002.7029850788
822000     -6663.0672686637       110.0305241934      -685.7992619049    102002.7029850788
823000     -6663.0491634954       110.0319647465      -685.7941548249    102002.7029850788
824000     -6663.0191635235       110.0350824686      -685.7916693728    102002.7029850788
825000     -6662.9995742058       110.0371460603      -685.9098214352    102002.7029850788
826000     -6662.9893962767       110.0378791432      -685.9916090790    102002.7029850788
827000     -6663.0273707063       110.0346674702      -685.9624378001    102002.7029850788
828000     -6663.0393780780       110.0334241824      -685.9326907995    102002.7029850788
829000     -6663.0496070404       110.0320166505      -685.9242533040    102002.7029850788
830000     -6663.0377292062       110.0332790152      -685.9265372500    102002.7029850788
831000     -6663.0101854963       110.0364329052      -685.9667550783    102002.7029850788
832000     -6662.9921085928       110.0377746918      -686.0316832371    102002.7029850788
833000     -6662.9677920942       110.0400116610      -686.0351663739    102002.7029850788
834000     -6662.9744902663       110.0396589816      -685.9808833766    102002.7029850788
835000     -6663.0040536696       110.0364827098      -685.9387008529    102002.7029850788
836000     -6663.0200906805       110.0348290966      -685.9543609862    102002.7029850788
837000     -6663.0529341038       110.0320998009      -685.8930818343    102002.7029850788
838000     -6663.0735115766       110.0296267633      -686.0331154964    102002.7029850788
839000     -6663.0735203099       110.0297217059      -686.0609121216    102002.7029850788
840000     -6663.1057104600       110.0269638371      -686.0021619003    102002.7029850788
841000     -6663.1021134668       110.0273836476      -686.0180057045    102002.7029850788
842000     -6663.1308019394       110.0245189992      -686.0425747149    102002.7029850788
843000     -6663.1668790388       110.0215127806      -686.0833511859    102002.7029850788
844000     -6663.1676824058       110.0212470194      -686.1309114328    102002.7029850788
845000     -6663.1467048227       110.0236457970      -686.2259433980    102002.7029850788
846000     -6663.1609117624       110.0222864855      -686.2221671840    102002.7029850788
847000     -6663.1841744586       110.0203111760      -686.2148997464    102002.7029850788
848000     -6663.1504308006       110.0235358381      -686.2832309379    102002.7029850788
849000     -6663.1457606941       110.0241587114      -686.3476690341    102002.7029850788
850000     -6663.1191093836       110.0265792933      -686.4607940768    102002.7029850788
851000     -6663.1144331369       110.0272268384      -686.5482169593    102002.7029850788
852000     -6663.1049401764       110.0280664863      -686.5544844261    102002.7029850788
853000     -6663.0828812684       110.0301223535      -686.6416349268    102002.7029850788
854000     -6663.0735334568       110.0310970697      -686.7226360850    102002.7029850788
855000     -6663.0490510806       110.0336348434      -686.8291009757    102002.7029850788
856000     -6663.0244421734       110.0358221673      -687.0431988161    102002.7029850788
857000     -6663.0363747768       110.0348505894      -687.1145991201    102002.7029850788
858000     -6663.0589777332       110.0328388856      -687.1609025327    102002.7029850788
859000     -6663.0824012355       110.0305241944      -687.2926184135    102002.7029850788
860000     -6663.1007030627       110.0290644437      -687.3296817472    102002.7029850788
861000     -6663.1048903177       110.0289558174      -687.4313805340    102002.7029850788
862000     -6663.0853475670       110.0302366434      -687.6067103631    102002.7029850788
863000     -6663.0672415047       110.0321968503      -687.6397556474    102002.7029850788
864000     -6663.0532731724       110.0337810979      -687.6454784727    102002.7029850788
865000     -6663.0684533496       110.0322722103      -687.7574697986    102002.7029850788
866000     -6663.0755560097       110.0319589059      -687.8263852748    102002.7029850788
867000     -6663.0654314424       110.0330876151      -687.9038470728    102002.7029850788
868000     -6663.0649933885       110.0330149613      -688.0696932174    102002.7029850788
869000     -6663.0875762926       110.0308584911      -688.0483368419    102002.7029850788
870000     -6663.0802666826       110.0315713648      -688.0634649404    102002.7029850787
871000     -6663.0490661133       110.0345914178      -688.1474600636    102002.7029850787
872000     -6663.0502844711       110.0343606292      -688.1513900403    102002.7029850787
873000     -6663.0849323569       110.0310378662      -688.2033338098    102002.7029850787
874000     -6663.0765164163       110.0317936023      -688.2880739699    102002.7029850787
875000     -6663.0694528091       110.0323400392      -688.2205765615    102002.7029850787
876000     -6663.0786746812       110.0311528586      -688.2068361495    102002.7029850787
877000     -6663.0932221180       110.0292734654      -688.2293162021    102002.7029850787
878000     -6663.1281441161       110.0262612037      -688.1851588993    102002.7029850787
879000     -6663.1253735837       110.0265457133      -688.2707956319    102002.7029850787
880000     -6663.1008316818       110.0289189989      -688.3657927989    102002.7029850787
881000     -6663.0977358195       110.0291792767      -688.2764252365    102002.7029850787
882000     -6663.1147106516       110.0269403355      -688.2685797075    102002.7029850787
883000     -6663.1252252227       110.0260391842      -688.2385850818    102002.7029850787
884000     -6663.1355979627       110.0250110038      -688.2065689847    102002.7029850787
885000     -6663.1569145459       110.0230657496      -688.2977767152    102002.7029850787
886000     -6663.1768641848       110.0210454252      -688.3087194233    102002.7029850787
887000     -6663.1703964265       110.0220137195      -688.2275323732    102002.7029850787
888000     -6663.1766434051       110.0211884797      -688.2301483164    102002.7029850787
889000     -6663.1991634622       110.0189433241      -688.1901604808    102002.7029850787
890000     -6663.2200211571       110.0171538404      -688.0666245473    102002.7029850787
891000     -6663.2405998252       110.0153624436      -688.0312057956    102002.7029850787
892000     -6663.2592996707       110.0131854639      -688.0217204405    102002.7029850787
893000     -6663.2685764437       110.0122938591      -687.9081329806    102002.7029850787
894000     -6663.3043313669       110.0089772051      -687.8250400308    102002.7029850787
895000     -6663.2961308709       110.0096584048      -687.7641936569    102002.7029850787
896000     -6663.2788840604       110.0114439380      -687.7354938245    102002.7029850787
897000     -6663.2604437995       110.0134381070      -687.6477101138    102002.7029850787
898000     -6663.2565583126       110.0138539168      -687.6069955783    102002.7029850787
899000     -6663.2483791870       110.0146348199      -687.5559024185    102002.7029850787
900000     -6663.2514325759       110.0144168844      -687.4552643272    102002.7029850787
901000     -6663.2177537562       110.0175125685      -687.4044276042    102002.7029850787
902000     -6663.2147550293       110.0180399942      -687.3667959826    102002.7029850787
903000     -6663.2026273144       110.0192543291      -687.3122718454    102002.7029850787
904000     -6663.2112233913       110.0182910359      -687.3334449794    102002.7029850787
905000     -6663.2350236585       110.0160858586      -687.3290150957    102002.7029850787
906000     -6663.2439608014       110.0153992832      -687.2411101236    102002.7029850787
907000     -6663.2361108261       110.0158811678      -687.2886052340    102002.7029850787
908000     -6663.2243448660       110.0171626559      -687.2503718321    102002.7029850787
909000     -6663.2108987989       110.0185619239      -687.2643192663    102002.7029850787
910000     -6663.1991636403       110.0196461597      -687.2678373715    102002.7029850787
911000     -6663.1855597459       110.0209645131      -687.3326427894    102002.7029850787
912000     -6663.1674451106       110.0228971763      -687.4342619079    102002.7029850787
913000     -6663.1577262406       110.0238789655      -687.4948107700    102002.7029850787
914000     -6663.1347460509       110.0262886887      -687.5378847837    102002.7029850787
915000     -6663.1311358236       110.0264646219      -687.6671591444    102002.7029850787
916000     -6663.1341309823       110.0261416063      -687.7037962307    102002.7029850787
917000     -6663.1464620896       110.0251369637      -687.6986144940    102002.7029850787
918000     -6663.1804274705       110.0217973584      -687.7257143574    102002.7029850787
919000     -6663.1862283137       110.0211943581      -687.7391250974    102002.7029850787
920000     -6663.2023069455       110.0195345083      -687.7527442850    102002.7029850787
921000     -6663.1969992198       110.0200664586      -687.7950088305    102002.7029850787
922000     -6663.1850501170       110.0212478050      -687.8639635895    102002.7029850787
923000     -6663.2086595328       110.0190107322      -687.8737268560    102002.7029850787
924000     -6663.2027567495       110.0195424779      -687.8989764212    102002.7029850787
925000     -6663.2047618772       110.0193357178      -687.9058582290    102002.7029850787
926000     -6663.1918133166       110.0208859228      -687.8701492949    102002.7029850787
927000     -6663.1665940328       110.0229681366      -687.8484773760    102002.7029850786
928000     -6663.1650404476       110.0231757358      -687.8327789258    102002.7029850786
929000     -6663.1785107558       110.0220114962      -687.8552680247    102002.7029850786
930000     -6663.2073195851       110.0192607427      -687.8249643282    102002.7029850786
931000     -6663.2063750108       110.0192277158      -687.8503170731    102002.7029850786
932000     -6663.2158319367       110.0187304179      -687.8807010809    102002.7029850786
933000     -6663.2171036173       110.0188649860      -687.9292290772    102002.7029850786
934000     -6663.2380359410       110.0168663932      -687.9434698541    102002.7029850786
935000     -6663.2156345531       110.0191301661      -687.9820467560    102002.7029850786
936000     -6663.2143030969       110.0192773364      -687.9957194827    102002.7029850786
937000     -6663.2117379241       110.0193778441      -687.9945102513    102002.7029850786
938000     -6663.2128934391       110.0192549010      -687.9844797088    102002.7029850786
939000     -6663.2454498977       110.0161112584      -687.9829027923    102002.7029850786
940000     -6663.2482822853       110.0155978022      -688.0202847168    102002.7029850786
941000     -6663.2676274824       110.0138954641      -688.0478781430    102002.7029850786
942000     -6663.2788772078       110.0129380479      -688.0435332837    102002.7029850786
943000     -6663.2964855817       110.0111004695      -688.0854653903    102002.7029850786
944000     -6663.3174226461       110.0093641461      -688.0562858808    102002.7029850786
945000     -6663.3247815225       110.0087694632      -688.0224711696    102002.7029850786
946000     -6663.3511600654       110.0060779609      -688.0173051345    102002.7029850786
947000     -6663.3631861041       110.0048094784      -687.9572862634    102002.7029850786
948000     -6663.3388427265       110.0070377550      -687.8998617222    102002.7029850786
949000     -6663.3352930312       110.0073162847      -687.8822230453    102002.7029850786
950000     -6663.3125869611       110.0092723477      -687.8911253691    102002.7029850786
951000     -6663.2890725199       110.0113123838      -687.8600918914    102002.7029850786
952000     -6663.2745656090       110.0124442962      -687.8997228392    102002.7029850786
953000     -6663.2613113020       110.0136653788      -687.8952270081    102002.7029850786
954000     -6663.2641707345       110.0133984986      -687.8404606428    102002.7029850786
955000     -6663.2437756129       110.0151184585      -687.8617661604    102002.7029850786
956000     -6663.2355049232       110.0158485522      -687.8773125479    102002.7029850786
957000     -6663.2320632024       110.0160422092      -687.9398045847    102002.7029850786
958000     -6663.2304048672       110.0159346281      -688.0154744640    102002.7029850786
959000     -6663.2292370402       110.0157828403      -688.0836131884    102002.7029850786
960000     -6663.2239070403       110.0163156651      -688.0912052834    102002.7029850786
961000     -6663.2361350170       110.0148695064      -688.0779507556    102002.7029850786
962000     -6663.2374751343       110.0144902825      -688.1321505234    102002.7029850786
963000     -6663.2657547758       110.0118452698      -688.1831287856    102002.7029850786
964000     -6663.2655514047       110.0120466419      -688.2190862612    102002.7029850786
965000     -6663.2900547791       110.0097300074      -688.3049026004    102002.7029850786
966000     -6663.3012711430       110.0089205928      -688.3432726233    102002.7029850786
967000     -6663.3010192005       110.0092459253      -688.3750968623    102002.7029850786
968000     -6663.3308184443       110.0064106146      -688.4273953485    102002.7029850786
969000     -6663.3377557510       110.0057140941      -688.4721989792    102002.7029850786
970000     -6663.3615442214       110.0037549451      -688.5078341188    102002.7029850786
971000     -6663.3777788983       110.0022668657      -688.6063414767    102002.7029850786
972000     -6663.3841287148       110.0020427008      -688.6189245584    102002.7029850786
973000     -6663.3728133268       110.0028950191      -688.6002565843    102002.7029850786
974000     -6663.3699789809       110.0034276161      -688.6032390963    102002.7029850786
975000     -6663.3819504310       110.0023979103      -688.6436679041    102002.7029850786
976000     -6663.4026085554       110.0004439588      -688.6523742480    102002.7029850786
977000     -6663.4085517756       110.0002148629      -688.7174010887    102002.7029850786
978000     -6663.4284479842       109.9985186930      -688.7362310939    102002.7029850786
979000     -6663.4312750002       109.9983031573      -688.7534102693    102002.7029850786
980000     -6663.4325666461       109.9984378438      -688.7429539909    102002.7029850786
981000     -6663.4433130610       109.9975163360      -688.8228937316    102002.7029850786
982000     -6663.4666377774       109.9953750674      -688.9077897438    102002.7029850786
983000     -6663.4875517148       109.9938129426      -688.8966756680    102002.7029850786
984000     -6663.4990264093       109.9924051137      -688.9607000044    102002.7029850786
985000     -6663.5018195946       109.9921768681      -689.0064560258    102002.7029850786
986000     -6663.5046559516       109.9920359661      -688.9898205063    102002.7029850786
987000     -6663.5055169612       109.9920230846      -689.0571328334    102002.7029850786
988000     -6663.5182842606       109.9907083307      -689.1582945986    102002.7029850786
989000     -6663.5201656573       109.9907965404      -689.2021930967    102002.7029850786
990000     -6663.5173786200       109.9914822350      -689.2174823370    102002.7029850786
991000     -6663.5173945366       109.9912217683      -689.3196847488    102002.7029850786
992000     -6663.5260516458       109.9907061567      -689.2882865527    102002.7029850786
993000     -6663.5404832887       109.9895221141      -689.2665997362    102002.7029850786
994000     -6663.5300047174       109.9905088605      -689.3752778679    102002.7029850786
995000     -6663.5114353881       109.9921838688      -689.4212735775    102002.7029850786
996000     -6663.5123046825       109.9922716929      -689.3952574225    102002.7029850786
997000     -6663.5155923675       109.9916422241      -689.4960183610    102002.7029850786
998000     -6663.5389230709       109.9890606108      -689.5746792327    102002.7029850786
999000     -6663.5335828869       109.9897262501      -689.6048867161    102002.7029850786
1000000     -6663.5083521209       109.9918763599      -689.7406229651    102002.7029850786
