# Time-averaged data for fix runningavgs
# TimeStep v_ra_etotal v_ra_temp v_ra_press v_ra_volume
502000     -7134.2571845154        90.5135247954      -703.9967953225    102002.7029850792
503000     -7133.8831689680        90.6058464421      -688.2841302335    102002.7029850792
504000     -7135.1837970317        90.5189836937      -689.3726846488    102002.7029850792
505000     -7135.1321547333        90.4856165945      -698.9752037788    102002.7029850792
506000     -7134.7388860488        90.5899878597      -701.0988524391    102002.7029850792
507000     -7135.4035915387        90.5053566663      -704.0707047186    102002.7029850792
508000     -7135.8783820803        90.5033512426      -707.9794797421    102002.7029850792
509000     -7134.5288767008        90.6361153417      -710.6553795967    102002.7029850792
510000     -7133.6233611617        90.7027648792      -709.2331722663    102002.7029850792
511000     -7132.4597298075        90.8197474134      -707.7501343460    102002.7029850792
512000     -7132.9451103245        90.8023217835      -708.5967972888    102002.7029850792
513000     -7132.8605759587        90.8060134544      -709.1303159170    102002.7029850792
514000     -7133.4278086152        90.7547388290      -708.3302125046    102002.7029850792
515000     -7133.0006671777        90.7895195485      -705.9258523952    102002.7029850792
516000     -7133.1285660097        90.7458499058      -705.3049987200    102002.7029850792
517000     -7133.1195204705        90.7455735843      -705.6061088523    102002.7029850792
518000     -7133.3475904209        90.7137896810      -706.1540197153    102002.7029850792
519000     -7133.1663427880        90.7083398323      -706.0357870015    102002.7029850792
520000     -7133.0932493902        90.7043086824      -706.6323977001    102002.7029850792
521000     -7133.2771459691        90.6783806393      -704.8259162065    102002.7029850792
522000     -7133.0208783842        90.6780103270      -704.6211455346    102002.7029850792
523000     -7132.4595659539        90.7117510938      -705.6401170822    102002.7029850792
524000     -7132.0075329918        90.7504204610      -706.5661016361    102002.7029850792
525000     -7131.3850595905        90.7912061676      -706.9151654318    102002.7029850792
526000     -7130.8834007138        90.8272377307      -707.4156029914    102002.7029850792
527000     -7130.4543157124        90.8634997432      -707.8794646796    102002.7029850792
528000     -7130.6285401849        90.8586536800      -707.4231830982    102002.7029850792
529000     -7130.2710348144        90.8846972166      -707.1348211997    102002.7029850792
530000     -7129.9349213219        90.9058453181      -706.3533942036    102002.7029850792
531000     -7130.0145544274        90.9035000766      -705.5501747552    102002.7029850792
532000     -7130.1022574461        90.8980636747      -705.0819679162    102002.7029850792
533000     -7130.1835669129        90.8788403144      -704.7713573615    102002.7029850792
534000     -7130.0428884376        90.8875538407      -704.1492458876    102002.7029850792
535000     -7130.0004251688        90.8950151779      -704.5807231511    102002.7029850792
536000     -7129.8826998838        90.9069071848      -704.1322765913    102002.7029850792
537000     -7130.0396261773        90.8993959394      -703.8138783938    102002.7029850792
538000     -7129.9446138845        90.9072046996      -703.2264027598    102002.7029850792
539000     -7129.7815644618        90.9165102136      -702.5515312762    102002.7029850791
540000     -7129.9089878232        90.9148059404      -701.9439226221    102002.7029850791
541000     -7129.8119434327        90.9301682881      -701.7840157891    102002.7029850791
542000     -7129.8791620514        90.9258617378      -701.5271365258    102002.7029850791
543000     -7129.9973519566        90.9207695389      -702.3971798922    102002.7029850791
544000     -7130.1656184212        90.9051303873      -702.0206660241    102002.7029850791
545000     -7130.3213105453        90.8950988779      -701.8398156424    102002.7029850791
546000     -7130.1802238507        90.9042723336      -701.2749773951    102002.7029850791
547000     -7130.2074607549        90.9041687679      -701.0635609755    102002.7029850791
548000     -7130.0429361218        90.9233877702      -700.9625032804    102002.7029850791
549000     -7130.0479764804        90.9261294866      -700.6790161381    102002.7029850791
550000     -7129.8809773978        90.9434126194      -700.4774786906    102002.7029850791
551000     -7129.7146280803        90.9563523800      -700.6153491546    102002.7029850791
552000     -7129.6719921577        90.9546893480      -699.9636747191    102002.7029850791
553000     -7129.5918902576        90.9660921131      -699.0451946199    102002.7029850791
554000     -7129.5103818000        90.9736675089      -698.7951706914    102002.7029850791
555000     -7129.3073582349        90.9924365936      -698.9191171799    102002.7029850791
556000     -7129.3227909047        90.9904408143      -698.0356792819    102002.7029850791
557000     -7129.3479466910        90.9866491655      -697.6076741192    102002.7029850791
558000     -7129.4138639097        90.9814856350      -697.1939319809    102002.7029850791
559000     -7129.5210955526        90.9721010775      -696.6810439434    102002.7029850791
560000     -7129.5510115429        90.9703684464      -696.2825582144    102002.7029850791
561000     -7129.5968818935        90.9638542468      -695.8095631793    102002.7029850791
562000     -7129.5390221649        90.9672739397      -695.4102660952    102002.7029850791
563000     -7129.4534234261        90.9755723852      -695.6482730005    102002.7029850791
564000     -7129.2565753813        90.9916899931      -695.8137525500    102002.7029850791
565000     -7129.2857927311        90.9917467513      -695.6617919085    102002.7029850791
566000     -7129.1379691723        91.0069091539      -696.0393014078    102002.7029850791
567000     -7129.0956273798        91.0117385543      -696.1738783560    102002.7029850791
568000     -7129.1978389281        91.0016700880      -696.1677577597    102002.7029850791
569000     -7129.3418801336        90.9913647153      -695.6769769121    102002.7029850791
570000     -7129.3967161722        90.9890505274      -695.3776541974    102002.7029850791
571000     -7129.5738360364        90.9771866520      -695.3948440072    102002.7029850791
572000     -7129.7163131590        90.9694665755      -694.8766994312    102002.7029850791
573000     -7129.8501816831        90.9578902653      -694.7472788267    102002.7029850791
574000     -7129.8991413928        90.9589872675      -694.6290571180    102002.7029850791
575000     -7129.7395432714        90.9722845733      -693.8428457027    102002.7029850791
576000     -7129.6918341755        90.9796740447      -693.6658527697    102002.7029850791
577000     -7129.5720781632        90.9942705681      -693.7855569884    102002.7029850791
578000     -7129.5646975523        90.9988864192      -693.6457934661    102002.7029850791
579000     -7129.6941509063        90.9880290294      -693.7421813452    102002.7029850791
580000     -7129.6517764931        90.9910349749      -693.7706647003    102002.7029850791
581000     -7129.7371902261        90.9848053187      -693.8677484358    102002.7029850791
582000     -7129.6923855843        90.9907243515      -694.1525392184    102002.7029850791
583000     -7129.5956390352        90.9966089652      -694.3661143506    102002.7029850791
584000     -7129.5967566709        90.9957172002      -694.6137587186    102002.7029850791
585000     -7129.5905040606        90.9948856700      -695.0506665456    102002.7029850791
586000     -7129.5684227063        90.9981053336      -695.3668029094    102002.7029850791
587000     -7129.4856089821        91.0053374967      -695.3810952971    102002.7029850791
588000     -7129.5155677416        91.0034047940      -695.4366455474    102002.7029850791
589000     -7129.5514961603        90.9984134674      -695.4813124436    102002.7029850791
590000     -7129.5118036473        91.0003166231      -695.8115777292    102002.7029850791
591000     -7129.4305756737        91.0052566437      -695.8882775204    102002.7029850792
592000     -7129.3687039798        91.0130507154      -695.8921660355    102002.7029850792
593000     -7129.3012763246        91.0158831624      -696.4123464333    102002.7029850792
594000     -7129.3242331840        91.0124679112      -696.3215187487    102002.7029850792
595000     -7129.3116433051        91.0109864318      -696.3433172622    102002.7029850792
596000     -7129.3125050659        91.0136028649      -696.5076879901    102002.7029850792
597000     -7129.3400014920        91.0160387202      -696.6148507125    102002.7029850792
598000     -7129.3768513402        91.0154451873      -696.7546604121    102002.7029850792
599000     -7129.4611771608        91.0106172226      -696.7140315108    102002.7029850792
600000     -7129.5056996210        91.0075964336      -696.9330256134    102002.7029850792
601000     -7129.4651118333        91.0138886818      -697.2175074571    102002.7029850792
602000     -7129.5073413134        91.0085313491      -696.9670583602    102002.7029850792
603000     -7129.4499679413        91.0134857766      -696.9607939288    102002.7029850792
604000     -7129.4376150349        91.0146929927      -696.7386372180    102002.7029850793
605000     -7129.4908704730        91.0097832527      -696.7589393479    102002.7029850793
606000     -7129.5697773524        91.0060455336      -696.6235631980    102002.7029850793
607000     -7129.5511384776        91.0064745960      -696.7724497800    102002.7029850793
608000     -7129.5471514235        91.0070088360      -696.7865034986    102002.7029850793
609000     -7129.5328919887        91.0107466975      -696.6616687294    102002.7029850793
610000     -7129.5737926019        91.0078085555      -696.4508434694    102002.7029850793
611000     -7129.6218675972        91.0043169395      -696.4583259332    102002.7029850793
612000     -7129.6362189816        91.0004018248      -696.7099996663    102002.7029850793
613000     -7129.6008824727        91.0055170738      -696.7811871695    102002.7029850793
614000     -7129.5679167901        91.0089789681      -696.8600783291    102002.7029850793
615000     -7129.6768057594        91.0004771140      -697.1152846339    102002.7029850793
616000     -7129.7006673169        90.9979453948      -697.1017097079    102002.7029850793
617000     -7129.7735125687        90.9935372222      -696.9208999585    102002.7029850793
618000     -7129.7889692658        90.9928506365      -696.7788114009    102002.7029850793
619000     -7129.7962996545        90.9915730025      -697.0560719607    102002.7029850793
620000     -7129.7386607529        90.9963822254      -697.0055262192    102002.7029850793
621000     -7129.7226928866        90.9965706626      -696.9472492079    102002.7029850793
622000     -7129.8172384093        90.9889322022      -696.7534152040    102002.7029850794
623000     -7129.8425857852        90.9866983655      -696.7110949413    102002.7029850794
624000     -7129.8927172377        90.9852949856      -696.5910400804    102002.7029850794
625000     -7129.9228001603        90.9824432977      -696.7241122067    102002.7029850794
626000     -7129.9651863382        90.9804683408      -696.8728039773    102002.7029850794
627000     -7129.9355848202        90.9862721168      -697.1367518289    102002.7029850794
628000     -7129.9067115746        90.9900864355      -696.8362093557    102002.7029850794
629000     -7129.9615062070        90.9856553543      -696.4548678219    102002.7029850794
630000     -7130.0075145986        90.9818432669      -696.1906173382    102002.7029850794
631000     -7130.0338169614        90.9820690246      -695.9189841210    102002.7029850794
632000     -7130.0554540348        90.9815014112      -695.7331455200    102002.7029850794
633000     -7130.0873009772        90.9818784044      -695.5911381323    102002.7029850794
634000     -7130.0566812470        90.9878333646      -695.3282208517    102002.7029850794
635000     -7130.0333026174        90.9920127923      -695.2687441262    102002.7029850794
636000     -7130.0399550744        90.9932749900      -695.3790070863    102002.7029850794
637000     -7130.0532365073        90.9925246519      -695.0424001415    102002.7029850794
638000     -7130.1010044612        90.9903666327      -695.1067600141    102002.7029850794
639000     -7130.1408624279        90.9865345012      -695.0231543586    102002.7029850794
640000     -7130.2395377159        90.9788499975      -694.8478759297    102002.7029850794
641000     -7130.2337064833        90.9797092760      -694.8028376528    102002.7029850794
642000     -7130.2448025943        90.9800787379      -694.6022097464    102002.7029850794
643000     -7130.3126582181        90.9764711442      -694.6427308582    102002.7029850794
644000     -7130.3187543228        90.9797191804      -694.4981800533    102002.7029850794
645000     -7130.2941729546        90.9834062218      -694.5005353879    102002.7029850794
646000     -7130.3173386380        90.9840301412      -694.4014109965    102002.7029850795
647000     -7130.3186124903        90.9855163131      -694.5731325682    102002.7029850795
648000     -7130.3353670616        90.9867771145      -694.3085071384    102002.7029850795
649000     -7130.3543627438        90.9862059094      -694.6625367767    102002.7029850795
650000     -7130.4408447622        90.9795281414      -694.7216433913    102002.7029850795
651000     -7130.4611259951        90.9788591049      -694.7764403099    102002.7029850795
652000     -7130.4512216593        90.9805612395      -694.8710401741    102002.7029850795
653000     -7130.4780154613        90.9761578375      -694.9641323021    102002.7029850795
654000     -7130.4883285626        90.9751435388      -695.0239380792    102002.7029850795
655000     -7130.4894575531        90.9786019828      -695.0880151456    102002.7029850795
656000     -7130.5018347705        90.9775030636      -695.1389524591    102002.7029850795
657000     -7130.5530040267        90.9733431067      -695.2799811824    102002.7029850795
658000     -7130.5799128186        90.9726669860      -695.3178490350    102002.7029850795
659000     -7130.6287818798        90.9690877864      -695.3245711846    102002.7029850795
660000     -7130.6236789866        90.9699570953      -695.3307813303    102002.7029850795
661000     -7130.5925910671        90.9737680241      -695.4064977337    102002.7029850795
662000     -7130.5740096379        90.9763818085      -695.3126083160    102002.7029850795
663000     -7130.6133495334        90.9746497308      -695.6608758103    102002.7029850795
664000     -7130.6317609840        90.9735971089      -695.6862762604    102002.7029850795
665000     -7130.6559504653        90.9726495603      -695.5949690794    102002.7029850795
666000     -7130.6904251879        90.9708205942      -695.4453566519    102002.7029850795
667000     -7130.7129984575        90.9684298351      -695.5551986174    102002.7029850795
668000     -7130.7552201919        90.9667362119      -695.3935856904    102002.7029850795
669000     -7130.7242743173        90.9685232583      -695.5894959233    102002.7029850795
670000     -7130.7246325729        90.9687663110      -695.7044146627    102002.7029850795
671000     -7130.7400246149        90.9663577950      -696.0545832515    102002.7029850795
672000     -7130.7036553505        90.9697280341      -696.1287611027    102002.7029850795
673000     -7130.7324135869        90.9689754823      -696.0530434326    102002.7029850795
674000     -7130.7249153633        90.9697707146      -696.0785335097    102002.7029850794
675000     -7130.7000865386        90.9742582286      -696.3687476150    102002.7029850794
676000     -7130.6679623544        90.9782260123      -696.4646498630    102002.7029850794
677000     -7130.6637126321        90.9791873568      -696.5991067241    102002.7029850794
678000     -7130.6778523325        90.9783919158      -696.6981000195    102002.7029850794
679000     -7130.6280178016        90.9832894882      -696.7203935782    102002.7029850794
680000     -7130.5715667510        90.9873878648      -696.7520216100    102002.7029850794
681000     -7130.5557999432        90.9893108891      -696.9193931204    102002.7029850794
682000     -7130.5727092368        90.9884398223      -696.9756242131    102002.7029850794
683000     -7130.5817126698        90.9861943234      -697.2194618615    102002.7029850794
684000     -7130.5816000075        90.9860400415      -697.4191142026    102002.7029850794
685000     -7130.6068163598        90.9833573842      -697.4759092951    102002.7029850794
686000     -7130.6363579441        90.9788365055      -697.4080829167    102002.7029850794
687000     -7130.5973029115        90.9801656251      -697.4726918270    102002.7029850794
688000     -7130.5328518875        90.9834768969      -697.3988685760    102002.7029850793
689000     -7130.5438184364        90.9807115576      -697.4316279637    102002.7029850793
690000     -7130.5953411162        90.9764521524      -697.5029425158    102002.7029850793
691000     -7130.5929619137        90.9765585148      -697.4444363150    102002.7029850793
692000     -7130.6289572611        90.9740281161      -697.4425446003    102002.7029850793
693000     -7130.6588187707        90.9738049470      -697.4149210722    102002.7029850793
694000     -7130.6144384946        90.9786836711      -697.4100865351    102002.7029850793
695000     -7130.6080899888        90.9799393847      -697.4456523811    102002.7029850793
696000     -7130.6109028111        90.9818137519      -697.4718781272    102002.7029850793
697000     -7130.5872301837        90.9855946142      -697.3828143545    102002.7029850793
698000     -7130.5591042504        90.9877534269      -697.4575853426    102002.7029850793
699000     -7130.5528234155        90.9891190904      -697.5100724066    102002.7029850793
700000     -7130.5830019589        90.9864819127      -697.5132210468    102002.7029850793
701000     -7130.6088540674        90.9841096987      -697.7397303067    102002.7029850793
702000     -7130.6449759286        90.9804202513      -698.0044203066    102002.7029850793
703000     -7130.6981899853        90.9773311902      -698.1549070522    102002.7029850793
704000     -7130.7298038043        90.9753555961      -698.2111707299    102002.7029850792
705000     -7130.6813802958        90.9803151520      -698.1059881248    102002.7029850792
706000     -7130.6763128806        90.9811881775      -698.1276122899    102002.7029850792
707000     -7130.7023553957        90.9786945443      -698.2518600627    102002.7029850792
708000     -7130.7461914226        90.9767988195      -698.3075224138    102002.7029850792
709000     -7130.7548588251        90.9765326972      -698.5152607447    102002.7029850792
710000     -7130.7349747522        90.9795176471      -698.6507171976    102002.7029850792
711000     -7130.7274705023        90.9792415843      -698.7122135532    102002.7029850792
712000     -7130.6921578774        90.9830190224      -698.6605395766    102002.7029850792
713000     -7130.6842699823        90.9831139851      -698.6575396505    102002.7029850792
714000     -7130.6965343617        90.9802974416      -698.9016379795    102002.7029850792
715000     -7130.6738187491        90.9807254773      -699.0465417169    102002.7029850792
716000     -7130.6726187749        90.9799313478      -699.1057723517    102002.7029850792
717000     -7130.6608019539        90.9810961388      -699.2272472379    102002.7029850792
718000     -7130.6785217435        90.9799394142      -699.3028286418    102002.7029850792
719000     -7130.6887911467        90.9777851305      -699.5245900506    102002.7029850792
720000     -7130.6828127815        90.9773036546      -699.4709409887    102002.7029850792
721000     -7130.7113290012        90.9751722493      -699.6179183737    102002.7029850792
722000     -7130.7362118876        90.9748430978      -699.6876220574    102002.7029850792
723000     -7130.7086333241        90.9759604534      -699.7839421576    102002.7029850792
724000     -7130.7036641021        90.9757088613      -699.8109793998    102002.7029850791
725000     -7130.7011290110        90.9764338401      -699.7323008376    102002.7029850791
726000     -7130.6773569973        90.9766221654      -699.7423630280    102002.7029850791
727000     -7130.6542410048        90.9770997638      -699.8549876687    102002.7029850791
728000     -7130.6744981943        90.9749234288      -699.8598681635    102002.7029850791
729000     -7130.7109383381        90.9722414378      -699.7892841144    102002.7029850791
730000     -7130.6849525856        90.9743252620      -699.8158421114    102002.7029850791
731000     -7130.6643293669        90.9759515320      -699.7438877237    102002.7029850791
732000     -7130.6344479107        90.9770295362      -699.8602020436    102002.7029850791
733000     -7130.6334985576        90.9766715893      -699.9452702911    102002.7029850791
734000     -7130.5605962904        90.9817673381      -699.9781264287    102002.7029850791
735000     -7130.6065634680        90.9785856881      -700.1742438309    102002.7029850791
736000     -7130.5857924220        90.9795131977      -700.1437787206    102002.7029850791
737000     -7130.5892156921        90.9789140510      -700.1973737017    102002.7029850791
738000     -7130.5825462011        90.9790813361      -700.2499354812    102002.7029850791
739000     -7130.5671485717        90.9795772613      -700.3129963236    102002.7029850791
740000     -7130.5838833265        90.9786899240      -700.2459815424    102002.7029850791
741000     -7130.6318947286        90.9744639641      -700.2797816871    102002.7029850791
742000     -7130.6552554653        90.9725263202      -700.2593662858    102002.7029850791
743000     -7130.6561106796        90.9710974347      -700.4209155951    102002.7029850791
744000     -7130.6745070277        90.9703569233      -700.4042647030    102002.7029850791
745000     -7130.6560014986        90.9733184637      -700.4129201450    102002.7029850791
746000     -7130.6244654126        90.9753309465      -700.6069112017    102002.7029850791
747000     -7130.6342521030        90.9742885404      -700.7390218359    102002.7029850791
748000     -7130.6410659897        90.9732796525      -700.6944247465    102002.7029850790
749000     -7130.6169945547        90.9756318221      -700.6960220231    102002.7029850790
750000     -7130.6135181883        90.9752533448      -700.8023645523    102002.7029850790
751000     -7130.6542527109        90.9717695542      -700.9158834236    102002.7029850790
752000     -7130.6698483358        90.9703756117      -700.8580490833    102002.7029850790
753000     -7130.6051915698        90.9747157971      -700.8833671994    102002.7029850790
754000     -7130.6190277838        90.9735852323      -700.8240570692    102002.7029850790
755000     -7130.6151119821        90.9724351258      -700.8376267606    102002.7029850790
756000     -7130.6020128365        90.9720686331      -701.0842699234    102002.7029850790
757000     -7130.5574688772        90.9735706849      -701.2234841450    102002.7029850790
758000     -7130.5653689106        90.9719144082      -701.2759822872    102002.7029850790
759000     -7130.5493704942        90.9734981085      -701.3714799489    102002.7029850790
760000     -7130.5385229994        90.9746650445      -701.3513002881    102002.7029850790
761000     -7130.4944777060        90.9784594956      -701.5018898159    102002.7029850790
762000     -7130.4899172715        90.9790477420      -701.6308439771    102002.7029850790
763000     -7130.4881122836        90.9794649214      -701.7020275924    102002.7029850790
764000     -7130.4808204282        90.9795005560      -701.7226418689    102002.7029850790
765000     -7130.4521533878        90.9815572207      -701.7516791240    102002.7029850790
766000     -7130.4357538108        90.9837161485      -701.7524373138    102002.7029850790
767000     -7130.4509674196        90.9817641759      -701.8294983241    102002.7029850790
768000     -7130.4753442534        90.9813523698      -701.8040607386    102002.7029850790
769000     -7130.4952895621        90.9805244416      -701.9636464612    102002.7029850790
770000     -7130.4845810652        90.9812228065      -701.9709411269    102002.7029850790
771000     -7130.4546218430        90.9841535752      -701.9419792340    102002.7029850790
772000     -7130.4313317214        90.9866334171      -701.9136040985    102002.7029850790
773000     -7130.4393991070        90.9866949219      -702.0796060083    102002.7029850790
774000     -7130.4126832738        90.9901190991      -702.2149857948    102002.7029850790
775000     -7130.4025502980        90.9916931939      -702.4279329612    102002.7029850790
776000     -7130.4175743012        90.9915916919      -702.6657445382    102002.7029850790
777000     -7130.4054428408        90.9940063801      -702.7289889703    102002.7029850789
778000     -7130.3680893584        90.9962494808      -702.8833854110    102002.7029850789
779000     -7130.3968140391        90.9934830387      -702.9488381578    102002.7029850789
780000     -7130.4156096482        90.9924353360      -703.0302204864    102002.7029850789
781000     -7130.4217030426        90.9921802102      -703.1698127283    102002.7029850789
782000     -7130.3950115004        90.9948107524      -703.3351916039    102002.7029850789
783000     -7130.4041441115        90.9947533352      -703.3436802588    102002.7029850789
784000     -7130.4506334267        90.9914033080      -703.2908490503    102002.7029850789
785000     -7130.4561365222        90.9913114887      -703.3801423644    102002.7029850789
786000     -7130.4597720409        90.9924178322      -703.3549604304    102002.7029850789
787000     -7130.4712665493        90.9920076134      -703.3649938095    102002.7029850789
788000     -7130.4575394438        90.9922769329      -703.4904738538    102002.7029850789
789000     -7130.4693478685        90.9903952568      -703.5865072234    102002.7029850789
790000     -7130.4782269190        90.9896493632      -703.6554976804    102002.7029850789
791000     -7130.4452401592        90.9919699764      -703.7633429995    102002.7029850789
792000     -7130.4412325961        90.9918744128      -703.9050112638    102002.7029850789
793000     -7130.4512985635        90.9908219720      -704.0199570136    102002.7029850789
794000     -7130.4571198962        90.9902734128      -704.1016228479    102002.7029850789
795000     -7130.4796994713        90.9878765041      -704.0631434201    102002.7029850789
796000     -7130.4986226481        90.9862411718      -704.1947357247    102002.7029850789
797000     -7130.5254892616        90.9836595328      -704.1965895464    102002.7029850789
798000     -7130.5146709187        90.9831679811      -704.3211958446    102002.7029850789
799000     -7130.5179460741        90.9829951690      -704.3024451594    102002.7029850789
800000     -7130.5264449483        90.9822759910      -704.2189448601    102002.7029850789
801000     -7130.5570896772        90.9796597712      -704.1593806152    102002.7029850789
802000     -7130.5680615680        90.9783670474      -704.1837224973    102002.7029850789
803000     -7130.5551084247        90.9803161176      -704.1037650134    102002.7029850789
804000     -7130.5690817808        90.9801872243      -704.2340749156    102002.7029850789
805000     -7130.5976412458        90.9774012749      -704.3889079164    102002.7029850789
806000     -7130.6125218631        90.9776544453      -704.3694343270    102002.7029850789
807000     -7130.6185023737        90.9774075443      -704.4162235728    102002.7029850789
808000     -7130.6060623358        90.9786110429      -704.5312289731    102002.7029850789
809000     -7130.6065961304        90.9796876642      -704.5005362213    102002.7029850789
810000     -7130.6122463393        90.9785743847      -704.5826987082    102002.7029850789
811000     -7130.6015483990        90.9791122551      -704.8207711447    102002.7029850789
812000     -7130.5520568276        90.9830253469      -704.7952529345    102002.7029850789
813000     -7130.5455770589        90.9837225978      -704.7452314827    102002.7029850789
814000     -7130.5387671093        90.9839304125      -704.7496900327    102002.7029850789
815000     -7130.5444657080        90.9841171756      -704.7163005777    102002.7029850788
816000     -7130.5590374211        90.9830539438      -704.6645168655    102002.7029850788
817000     -7130.5658676163        90.9824963061      -704.7547304085    102002.7029850788
818000     -7130.5755144673        90.9817036213      -704.8144610172    102002.7029850788
819000     -7130.5661874370        90.9833051380      -704.6463725569    102002.7029850788
820000     -7130.5542648686        90.9848777146      -704.5714048765    102002.7029850788
821000     -7130.5517108498        90.9856803204      -704.6204975654    102002.7029850788
822000     -7130.5853354050        90.9831473719      -704.6547893920    102002.7029850788
823000     -7130.5916281236        90.9825424196      -704.6516636351    102002.7029850788
824000     -7130.5944310380        90.9825776666      -704.6266528885    102002.7029850788
825000     -7130.5832810750        90.9831082124      -704.6614480313    102002.7029850788
826000     -7130.5535160556        90.9847758222      -704.6217692631    102002.7029850788
827000     -7130.5784569359        90.9826299287      -704.4733628875    102002.7029850788
828000     -7130.5566189693        90.9831829993      -704.4323971670    102002.7029850788
829000     -7130.5483118385        90.9830254808      -704.4200454154    102002.7029850788
830000     -7130.5374606423        90.9828332934      -704.3677461908    102002.7029850788
831000     -7130.5131630692        90.9837169457      -704.4017799269    102002.7029850788
832000     -7130.5139137775        90.9827038033      -704.4372744832    102002.7029850788
833000     -7130.5203136864        90.9820633826      -704.4401458103    102002.7029850788
834000     -7130.5181014421        90.9820300416      -704.5439910708    102002.7029850788
835000     -7130.5218344096        90.9818377381      -704.5684373911    102002.7029850788
836000     -7130.5165457440        90.9822683034      -704.5315752937    102002.7029850788
837000     -7130.5050507101        90.9833454909      -704.4721992459    102002.7029850788
838000     -7130.5032962887        90.9834914700      -704.5171604261    102002.7029850788
839000     -7130.4927607526        90.9839773545      -704.5095167851    102002.7029850788
840000     -7130.4520782893        90.9862351313      -704.4728479089    102002.7029850788
841000     -7130.4164626203        90.9878208421      -704.4326228395    102002.7029850788
842000     -7130.3962324330        90.9886264165      -704.3700715989    102002.7029850788
843000     -7130.3702435193        90.9909024808      -704.2872422268    102002.7029850788
844000     -7130.3465812996        90.9915356768      -704.2284085440    102002.7029850788
845000     -7130.3246061262        90.9928951334      -704.2493361623    102002.7029850788
846000     -7130.2835041007        90.9956312654      -704.2338430868    102002.7029850788
847000     -7130.2584743124        90.9968517861      -704.1750543857    102002.7029850788
848000     -7130.2574596291        90.9958089511      -704.0981118059    102002.7029850788
849000     -7130.2608053055        90.9946545287      -704.0299207227    102002.7029850788
850000     -7130.2641772855        90.9941376399      -704.0560572039    102002.7029850788
851000     -7130.2687853896        90.9947344957      -704.1550256591    102002.7029850788
852000     -7130.2572226091        90.9955190438      -704.2918498264    102002.7029850788
853000     -7130.2520317937        90.9961376143      -704.3208894521    102002.7029850788
854000     -7130.2462286991        90.9966928137      -704.3926139585    102002.7029850788
855000     -7130.2468223577        90.9972602089      -704.3923179462    102002.7029850788
856000     -7130.2482790493        90.9975206575      -704.4149973245    102002.7029850788
857000     -7130.2642752023        90.9968245217      -704.5698830791    102002.7029850788
858000     -7130.2578816689        90.9974821963      -704.7232721828    102002.7029850788
859000     -7130.2602120335        90.9958583146      -704.6973158116    102002.7029850788
860000     -7130.2683243315        90.9951213295      -704.6814741000    102002.7029850788
861000     -7130.2424348202        90.9966801712      -704.6553474310    102002.7029850788
862000     -7130.2522877601        90.9959972229      -704.5844716526    102002.7029850788
863000     -7130.2427546263        90.9968621384      -704.6534394833    102002.7029850788
864000     -7130.2372347166        90.9979175984      -704.7377671366    102002.7029850788
865000     -7130.2027925435        91.0008237893      -704.7308751602    102002.7029850788
866000     -7130.1880654781        91.0017470472      -704.6439258305    102002.7029850788
867000     -7130.1893179198        91.0019424995      -704.6199910785    102002.7029850788
868000     -7130.1741557216        91.0022487522      -704.4817880672    102002.7029850788
869000     -7130.1570050979        91.0036006049      -704.5372695436    102002.7029850788
870000     -7130.1466603891        91.0041292284      -704.4571748022    102002.7029850787
871000     -7130.1551767011        91.0038630320      -704.4121274166    102002.7029850787
872000     -7130.1881958833        91.0006740170      -704.4377653141    102002.7029850787
873000     -7130.1772924392        91.0010154281      -704.3914150032    102002.7029850787
874000     -7130.1829433982        91.0013682785      -704.3869596732    102002.7029850787
875000     -7130.1548894298        91.0031517127      -704.3828002098    102002.7029850787
876000     -7130.1543258864        91.0037186711      -704.4458925067    102002.7029850787
877000     -7130.1640163669        91.0019431365      -704.4599321862    102002.7029850787
878000     -7130.1635365310        91.0018124226      -704.4958424714    102002.7029850787
879000     -7130.1659040424        91.0019528745      -704.4090183366    102002.7029850787
880000     -7130.1642683238        91.0018755942      -704.4167319624    102002.7029850787
881000     -7130.1953547909        90.9994911122      -704.4591342030    102002.7029850787
882000     -7130.1811249963        91.0007347584      -704.4537410578    102002.7029850787
883000     -7130.1739104808        91.0008394703      -704.3719899002    102002.7029850787
884000     -7130.1856588019        90.9998863208      -704.2978778157    102002.7029850787
885000     -7130.1916390987        90.9983742881      -704.2511536058    102002.7029850787
886000     -7130.1902355401        90.9985977066      -704.1665930957    102002.7029850787
887000     -7130.1852692857        90.9988032176      -704.1013839935    102002.7029850787
888000     -7130.1986102353        90.9979891401      -704.0685475807    102002.7029850787
889000     -7130.2158217864        90.9965694753      -704.0772006113    102002.7029850787
890000     -7130.2427184011        90.9950466890      -704.0405387640    102002.7029850787
891000     -7130.2379925163        90.9948730230      -704.0539480377    102002.7029850787
892000     -7130.2336306159        90.9952123528      -704.1227551143    102002.7029850787
893000     -7130.2511739444        90.9938111812      -704.0005551242    102002.7029850787
894000     -7130.2538282472        90.9924525606      -703.9538592874    102002.7029850787
895000     -7130.2619453611        90.9914704384      -703.8775450484    102002.7029850787
896000     -7130.2885030265        90.9892442051      -703.7845805349    102002.7029850787
897000     -7130.2855539981        90.9896066058      -703.7957930963    102002.7029850787
898000     -7130.2786532273        90.9906558932      -703.8672178246    102002.7029850787
899000     -7130.2676265664        90.9925388979      -703.8023274435    102002.7029850787
900000     -7130.2850316886        90.9920040180      -703.8265232908    102002.7029850787
901000     -7130.2998391719        90.9917223351      -703.8337247788    102002.7029850787
902000     -7130.3181418028        90.9902649430      -703.8154898515    102002.7029850787
903000     -7130.3354803477        90.9898394699      -703.8359125778    102002.7029850787
904000     -7130.3082358227        90.9913559353      -703.8868507510    102002.7029850787
905000     -7130.2927318551        90.9928358506      -703.9430757980    102002.7029850787
906000     -7130.3082147446        90.9924587051      -703.8920667538    102002.7029850787
907000     -7130.3102512420        90.9921238837      -703.8752717429    102002.7029850787
908000     -7130.3066607540        90.9921159874      -703.8575336307    102002.7029850787
909000     -7130.2816716876        90.9946584680      -703.8638896497    102002.7029850787
910000     -7130.2905059800        90.9947837961      -703.9487385432    102002.7029850787
911000     -7130.2836525720        90.9966478835      -703.9496227765    102002.7029850787
912000     -7130.2669291032        90.9974488010      -703.9088049702    102002.7029850787
913000     -7130.2519058959        90.9985203417      -703.8188120281    102002.7029850787
914000     -7130.2309257210        90.9997206889      -703.8216609035    102002.7029850787
915000     -7130.2259290879        91.0005780082      -703.8041555161    102002.7029850787
916000     -7130.2304129267        90.9998622361      -703.7951911977    102002.7029850787
917000     -7130.2371338019        90.9986272754      -703.8179255900    102002.7029850787
918000     -7130.2349172819        90.9985702615      -703.8692126660    102002.7029850787
919000     -7130.2718148600        90.9957454586      -703.8121957859    102002.7029850787
920000     -7130.2777782133        90.9958624703      -703.8797484843    102002.7029850787
921000     -7130.2825930995        90.9959228693      -703.9040615439    102002.7029850787
922000     -7130.2890755639        90.9957977372      -703.9129521460    102002.7029850787
923000     -7130.2927520093        90.9961979798      -703.9401073573    102002.7029850787
924000     -7130.3111171653        90.9949901806      -704.0111824695    102002.7029850787
925000     -7130.3136609173        90.9950417433      -703.9702450432    102002.7029850787
926000     -7130.3102764673        90.9947656315      -703.9014293805    102002.7029850787
927000     -7130.3305310399        90.9931459533      -703.9005840020    102002.7029850786
928000     -7130.3377477392        90.9927786440      -703.8449857075    102002.7029850786
929000     -7130.3328835196        90.9931025382      -703.7851125858    102002.7029850786
930000     -7130.3436924938        90.9920777292      -703.8037431445    102002.7029850786
931000     -7130.3621864130        90.9910514358      -703.7300732856    102002.7029850786
932000     -7130.3818529181        90.9889519721      -703.7888690711    102002.7029850786
933000     -7130.3849580671        90.9887194893      -703.8255264038    102002.7029850786
934000     -7130.4115952325        90.9876107922      -703.8504209287    102002.7029850786
935000     -7130.4360967975        90.9857486216      -703.8518909149    102002.7029850786
936000     -7130.4515353836        90.9846775277      -703.9732599249    102002.7029850786
937000     -7130.4658210412        90.9842146508      -704.0443706438    102002.7029850786
938000     -7130.4520316994        90.9857929999      -704.1582544377    102002.7029850786
939000     -7130.4500627609        90.9860822318      -704.2266369608    102002.7029850786
940000     -7130.4585671909        90.9863011981      -704.2705429543    102002.7029850786
941000     -7130.4807156532        90.9846414280      -704.3759068430    102002.7029850786
942000     -7130.4727025476        90.9856847526      -704.3636719551    102002.7029850786
943000     -7130.4772024486        90.9852438251      -704.3918316219    102002.7029850786
944000     -7130.4922516762        90.9840711033      -704.4686374249    102002.7029850786
945000     -7130.5023038647        90.9845744675      -704.4579478602    102002.7029850786
946000     -7130.5115133439        90.9846683453      -704.4860382159    102002.7029850786
947000     -7130.5302113495        90.9829234911      -704.5544112371    102002.7029850786
948000     -7130.5265598472        90.9840156142      -704.5193860253    102002.7029850786
949000     -7130.5148353078        90.9848268558      -704.6361614547    102002.7029850786
950000     -7130.5090855043        90.9862058380      -704.7055642116    102002.7029850786
951000     -7130.5323295960        90.9840738958      -704.8029374815    102002.7029850786
952000     -7130.5366880502        90.9839107142      -704.8561491832    102002.7029850786
953000     -7130.5389503306        90.9839927199      -704.8571193546    102002.7029850786
954000     -7130.5560302606        90.9823080611      -704.8854288655    102002.7029850786
955000     -7130.5512210008        90.9835607383      -704.9050315585    102002.7029850786
956000     -7130.5588899845        90.9836979938      -704.9775884871    102002.7029850786
957000     -7130.5648561890        90.9843933301      -705.0377517483    102002.7029850786
958000     -7130.5730833287        90.9832728584      -705.1023943593    102002.7029850786
959000     -7130.5963304525        90.9817586975      -705.1585448617    102002.7029850786
960000     -7130.5976059009        90.9821622750      -705.1528667334    102002.7029850786
961000     -7130.6010046861        90.9825933054      -705.1028421848    102002.7029850786
962000     -7130.5845120569        90.9837627523      -705.1761764859    102002.7029850786
963000     -7130.5877829442        90.9840467242      -705.2423094754    102002.7029850786
964000     -7130.5560610787        90.9857221226      -705.3247963401    102002.7029850786
965000     -7130.5497128806        90.9859493337      -705.3176745893    102002.7029850786
966000     -7130.5245832983        90.9880342649      -705.3038633446    102002.7029850786
967000     -7130.5136952490        90.9879365412      -705.3509734237    102002.7029850786
968000     -7130.5063576440        90.9878240904      -705.3167394157    102002.7029850786
969000     -7130.5235694849        90.9860823490      -705.2297762662    102002.7029850786
970000     -7130.5326178564        90.9860165571      -705.2644322379    102002.7029850786
971000     -7130.5273253084        90.9863026980      -705.2947870955    102002.7029850786
972000     -7130.5235751179        90.9873105426      -705.3027210921    102002.7029850786
973000     -7130.5288135836        90.9873213282      -705.3135432971    102002.7029850786
974000     -7130.5108921622        90.9890862449      -705.2695664050    102002.7029850786
975000     -7130.5080449477        90.9892012947      -705.2539078516    102002.7029850786
976000     -7130.5108277341        90.9883078545      -705.2561043916    102002.7029850786
977000     -7130.5051296815        90.9886330942      -705.2411120246    102002.7029850786
978000     -7130.5030923376        90.9890492633      -705.2185525676    102002.7029850786
979000     -7130.4947243184        90.9907411803      -705.1462750510    102002.7029850786
980000     -7130.5071017735        90.9891325902      -705.1329080532    102002.7029850786
981000     -7130.5234339597        90.9878954912      -705.1143475846    102002.7029850786
982000     -7130.5291235199        90.9875595637      -705.1461955177    102002.7029850786
983000     -7130.5091512586        90.9894234854      -705.1325587072    102002.7029850786
984000     -7130.5068393135        90.9898188938      -705.1506008078    102002.7029850786
985000     -7130.4809363052        90.9921573770      -705.1542486822    102002.7029850786
986000     -7130.4846525669        90.9923531069      -705.2158920213    102002.7029850786
987000     -7130.4969090191        90.9917837918      -705.2938167975    102002.7029850786
988000     -7130.5018195130        90.9914615210      -705.2198237200    102002.7029850786
989000     -7130.5259203498        90.9892666251      -705.2889869140    102002.7029850786
990000     -7130.5170625806        90.9901333263      -705.3837936216    102002.7029850786
991000     -7130.5195478810        90.9905905170      -705.3875232846    102002.7029850786
992000     -7130.5091514557        90.9915423676      -705.4284342430    102002.7029850786
993000     -7130.5028759830        90.9917399255      -705.5281795556    102002.7029850786
994000     -7130.5041671952        90.9916749594      -705.5648149126    102002.7029850786
995000     -7130.5127415472        90.9907788205      -705.5758359763    102002.7029850786
996000     -7130.4942716077        90.9922967872      -705.5364610709    102002.7029850786
997000     -7130.4943671744        90.9923920913      -705.5264847646    102002.7029850786
998000     -7130.4955557321        90.9918950479      -705.5007887701    102002.7029850786
999000     -7130.4866238245        90.9934296998      -705.4496586160    102002.7029850786
1000000     -7130.4953013848        90.9921903839      -705.3880700335    102002.7029850786
