# Time-averaged data for fix runningavgs
# TimeStep v_ra_etotal v_ra_temp v_ra_press v_ra_volume
502000     -8399.9850636218        91.3574691439      -812.2291008296    102002.7029850792
503000     -8411.3576563094        90.8425291610      -781.2998348043    102002.7029850792
504000     -8409.8975742592        91.1311634573      -775.3379036716    102002.7029850792
505000     -8413.3377086404        91.0218185638      -766.5447639430    102002.7029850792
506000     -8413.9598824033        90.9647308351      -781.6734790963    102002.7029850792
507000     -8414.7509804727        91.0214555180      -785.9444529299    102002.7029850792
508000     -8417.4532846291        90.9667224305      -782.1675107226    102002.7029850792
509000     -8418.2459091172        90.9573204765      -781.9010350511    102002.7029850792
510000     -8420.4248056032        90.8710151897      -779.7654601108    102002.7029850792
511000     -8420.4118506925        90.8927455723      -776.5352706652    102002.7029850792
512000     -8421.3852509447        90.9140340584      -774.0012898223    102002.7029850792
513000     -8422.4478653252        90.9002467188      -774.4672476347    102002.7029850792
514000     -8421.5862090174        90.9418181937      -775.9354058748    102002.7029850792
515000     -8420.7046015939        91.0008988981      -775.8356388929    102002.7029850792
516000     -8420.2021679495        91.0096070589      -776.9705916663    102002.7029850792
517000     -8419.5357835051        91.0312567936      -778.0873575889    102002.7029850792
518000     -8419.0783342193        91.0546000705      -778.9335392749    102002.7029850792
519000     -8418.5056771408        91.0887885492      -778.9803839107    102002.7029850792
520000     -8418.5290226394        91.0925960554      -779.5714736956    102002.7029850792
521000     -8418.7418181020        91.0952585372      -778.7674008460    102002.7029850792
522000     -8419.0564617478        91.1088400192      -777.4473564475    102002.7029850792
523000     -8419.4573288939        91.0978710506      -778.4562506314    102002.7029850792
524000     -8419.7218315216        91.1037262187      -780.3954338343    102002.7029850792
525000     -8419.7792352801        91.1194388281      -779.9843248051    102002.7029850792
526000     -8419.8967788740        91.1124931021      -778.8580330048    102002.7029850792
527000     -8420.4769477808        91.0694344691      -780.1483583093    102002.7029850792
528000     -8420.4291865680        91.0697026263      -776.7099798795    102002.7029850792
529000     -8420.8140313606        91.0570699698      -774.9289607863    102002.7029850792
530000     -8420.7443721998        91.0465610763      -776.3158766271    102002.7029850792
531000     -8421.0640745979        91.0338940502      -777.4142795605    102002.7029850792
532000     -8421.0741887770        91.0281579250      -776.8378296716    102002.7029850792
533000     -8421.3285345772        91.0224502833      -775.5321087955    102002.7029850792
534000     -8421.5878023500        91.0059582171      -775.8630828501    102002.7029850792
535000     -8421.7569020031        91.0174529531      -773.9023453173    102002.7029850792
536000     -8421.7196382671        91.0195847636      -774.4654615105    102002.7029850792
537000     -8421.7330193082        91.0207805047      -774.6356099723    102002.7029850792
538000     -8422.1073382770        91.0061399786      -773.7351479240    102002.7029850792
539000     -8422.2864082363        91.0078801068      -773.6412395116    102002.7029850791
540000     -8422.4769545026        91.0005297068      -772.9973167281    102002.7029850791
541000     -8422.6717414751        90.9877278580      -774.2840579248    102002.7029850791
542000     -8422.7511401621        90.9773297416      -773.0277333162    102002.7029850791
543000     -8422.8188390346        90.9746823796      -771.9831410074    102002.7029850791
544000     -8422.7402904151        90.9779967425      -770.9264079399    102002.7029850791
545000     -8422.6241201292        90.9878234055      -770.5451775907    102002.7029850791
546000     -8422.6005159459        90.9760724972      -770.3535598876    102002.7029850791
547000     -8422.4953898566        90.9810740404      -769.5892111863    102002.7029850791
548000     -8422.4865386643        90.9801198153      -768.7542209783    102002.7029850791
549000     -8422.5062702452        90.9834134758      -768.0168349573    102002.7029850791
550000     -8422.7013358068        90.9741339645      -767.6113962761    102002.7029850791
551000     -8422.7504422131        90.9705471722      -768.3453919103    102002.7029850791
552000     -8422.6540773195        90.9709370712      -769.2814633981    102002.7029850791
553000     -8422.7263072401        90.9720828472      -769.7922768820    102002.7029850791
554000     -8422.6571700751        90.9722360936      -770.8308577784    102002.7029850791
555000     -8422.6369759472        90.9753936779      -771.0770162144    102002.7029850791
556000     -8422.8244675645        90.9756939591      -770.4796996353    102002.7029850791
557000     -8422.9622885811        90.9698613926      -770.0204527112    102002.7029850791
558000     -8422.9471098046        90.9741675647      -769.6305182447    102002.7029850791
559000     -8422.7003104352        90.9839447603      -769.9094932035    102002.7029850791
560000     -8422.7415687234        90.9822359130      -769.8188742140    102002.7029850791
561000     -8422.4122548812        90.9947685053      -770.9359170355    102002.7029850791
562000     -8422.2133916794        91.0042059689      -770.9329416913    102002.7029850791
563000     -8422.3237042908        90.9971312844      -770.5064734394    102002.7029850791
564000     -8422.3651162386        91.0012334449      -769.7997463550    102002.7029850791
565000     -8422.2274604026        91.0094440456      -769.5080066684    102002.7029850791
566000     -8421.8859095262        91.0135636324      -770.0090930367    102002.7029850791
567000     -8421.8303835338        91.0240484936      -769.2975257132    102002.7029850791
568000     -8421.8103773540        91.0243744517      -769.1774282349    102002.7029850791
569000     -8421.7415623994        91.0359517445      -768.7832800090    102002.7029850791
570000     -8421.5612888187        91.0422560885      -768.9839546440    102002.7029850791
571000     -8421.5386878965        91.0496248491      -768.1509198295    102002.7029850791
572000     -8421.4296673089        91.0507778032      -768.5555993301    102002.7029850791
573000     -8421.4637030288        91.0467404204      -768.6981017226    102002.7029850791
574000     -8421.5852393663        91.0424265062      -768.5804802166    102002.7029850791
575000     -8421.6670643500        91.0365877183      -768.9028435647    102002.7029850791
576000     -8421.6552558271        91.0365387167      -768.8311266653    102002.7029850791
577000     -8421.8123119136        91.0313400246      -768.7012810963    102002.7029850791
578000     -8421.8204636817        91.0287230512      -768.2130807197    102002.7029850791
579000     -8421.8707423887        91.0285428817      -768.5290576526    102002.7029850791
580000     -8421.7861662629        91.0398812974      -769.1779586490    102002.7029850791
581000     -8421.7856997125        91.0415472214      -769.6125179331    102002.7029850791
582000     -8421.7646396613        91.0467460561      -769.5005862340    102002.7029850791
583000     -8421.7282804609        91.0487663106      -769.3592469701    102002.7029850791
584000     -8421.7600411205        91.0514110614      -769.1456201149    102002.7029850791
585000     -8421.7395970929        91.0571633287      -769.8532586518    102002.7029850791
586000     -8421.8893197953        91.0594135020      -770.1469891510    102002.7029850791
587000     -8421.9585843206        91.0574129992      -769.8605360295    102002.7029850791
588000     -8421.9981087469        91.0620202015      -769.8722858800    102002.7029850791
589000     -8421.9527933070        91.0698221875      -769.5866699729    102002.7029850791
590000     -8422.0598524950        91.0672146851      -769.4647548572    102002.7029850791
591000     -8422.0219728608        91.0744144709      -769.1162677423    102002.7029850792
592000     -8422.0662423563        91.0711690154      -769.6407155125    102002.7029850792
593000     -8422.1248373156        91.0677314967      -770.1717275586    102002.7029850792
594000     -8422.0477622899        91.0733649211      -770.2918259185    102002.7029850792
595000     -8422.0424193269        91.0765766618      -770.5582551445    102002.7029850792
596000     -8422.1431953585        91.0731267543      -770.3493484504    102002.7029850792
597000     -8422.1539920349        91.0706418138      -770.1076023384    102002.7029850792
598000     -8422.2795083914        91.0612799632      -769.7976275336    102002.7029850792
599000     -8422.3200051608        91.0604628941      -769.5936083098    102002.7029850792
600000     -8422.3103391847        91.0660421753      -769.8732076733    102002.7029850792
601000     -8422.3602330042        91.0627671128      -769.8321425722    102002.7029850792
602000     -8422.3836891438        91.0618231935      -769.7808067238    102002.7029850792
603000     -8422.4225706440        91.0572641760      -769.4359510867    102002.7029850792
604000     -8422.4460529561        91.0594967775      -769.6605196438    102002.7029850793
605000     -8422.5650099289        91.0516732660      -770.2080372326    102002.7029850793
606000     -8422.7135864800        91.0521537765      -769.8975966587    102002.7029850793
607000     -8422.8495427295        91.0421484708      -769.5139240118    102002.7029850793
608000     -8422.9092828222        91.0416306744      -769.2020283594    102002.7029850793
609000     -8422.9131957097        91.0413804469      -768.8683301535    102002.7029850793
610000     -8422.8447218731        91.0494030245      -768.7308254070    102002.7029850793
611000     -8422.8319195992        91.0515380882      -768.3371947578    102002.7029850793
612000     -8422.8548111483        91.0525906174      -768.0260191659    102002.7029850793
613000     -8422.9297882619        91.0475051114      -767.8959744368    102002.7029850793
614000     -8422.8898427901        91.0497004472      -767.6884985972    102002.7029850793
615000     -8422.9699148112        91.0452535102      -768.0157187459    102002.7029850793
616000     -8423.0113859727        91.0442061562      -768.1186854792    102002.7029850793
617000     -8423.0271976961        91.0493357337      -768.1084869715    102002.7029850793
618000     -8423.0147605272        91.0521984354      -768.4453461696    102002.7029850793
619000     -8422.9443660537        91.0568638265      -768.5838217572    102002.7029850793
620000     -8422.9952779123        91.0580869994      -768.4248571537    102002.7029850793
621000     -8423.0134482856        91.0581430527      -768.6433254863    102002.7029850793
622000     -8423.0560115047        91.0583874287      -768.9191826056    102002.7029850794
623000     -8423.1094065128        91.0550833354      -769.3499210017    102002.7029850794
624000     -8423.1207700512        91.0582838661      -769.1567644292    102002.7029850794
625000     -8423.2026262437        91.0573760825      -769.0147540342    102002.7029850794
626000     -8423.1711697877        91.0594377078      -768.9349245671    102002.7029850794
627000     -8423.1573454915        91.0577845257      -768.9623955107    102002.7029850794
628000     -8423.2831227986        91.0513546706      -768.5787967719    102002.7029850794
629000     -8423.2824560681        91.0507961638      -768.2675067309    102002.7029850794
630000     -8423.2771602429        91.0545433827      -768.2717070249    102002.7029850794
631000     -8423.3308410698        91.0525503009      -768.5285384660    102002.7029850794
632000     -8423.2753779683        91.0577743019      -768.3955781900    102002.7029850794
633000     -8423.2337892645        91.0591483077      -768.1397134114    102002.7029850794
634000     -8423.2306177377        91.0566974654      -768.3396970611    102002.7029850794
635000     -8423.2789249273        91.0544887648      -768.5727478581    102002.7029850794
636000     -8423.2559004435        91.0575735683      -768.6901047401    102002.7029850794
637000     -8423.3167709426        91.0578435959      -768.7661300701    102002.7029850794
638000     -8423.2656275265        91.0623921813      -768.8707920856    102002.7029850794
639000     -8423.3245428740        91.0607508684      -768.7840891512    102002.7029850794
640000     -8423.3456197663        91.0610251272      -768.4550454091    102002.7029850794
641000     -8423.4234179533        91.0609790033      -768.1321701718    102002.7029850794
642000     -8423.5266369598        91.0571580789      -767.8515914765    102002.7029850794
643000     -8423.5030733150        91.0597572866      -767.9676521771    102002.7029850794
644000     -8423.4434519581        91.0591731170      -768.0491483163    102002.7029850794
645000     -8423.4578612942        91.0558858312      -767.9818779033    102002.7029850794
646000     -8423.5188579546        91.0530236773      -768.1090421723    102002.7029850795
647000     -8423.5354701191        91.0511759650      -768.0869416393    102002.7029850795
648000     -8423.5208119185        91.0505731643      -768.2007242698    102002.7029850795
649000     -8423.5680084557        91.0485331190      -768.3745108715    102002.7029850795
650000     -8423.6491240560        91.0457548042      -768.3878507637    102002.7029850795
651000     -8423.7487097037        91.0401645283      -768.2715140978    102002.7029850795
652000     -8423.8035444618        91.0362204702      -768.3324759119    102002.7029850795
653000     -8423.8260517027        91.0342666223      -768.8323702772    102002.7029850795
654000     -8423.8113126742        91.0359248945      -769.1474107346    102002.7029850795
655000     -8423.8434683867        91.0347193428      -769.1488881151    102002.7029850795
656000     -8423.7854065438        91.0364600030      -769.6356126258    102002.7029850795
657000     -8423.8069467446        91.0327962245      -770.0275066167    102002.7029850795
658000     -8423.7797181969        91.0337305838      -770.2755447782    102002.7029850795
659000     -8423.6915307909        91.0346541286      -770.5239464788    102002.7029850795
660000     -8423.6483010886        91.0345126110      -770.4871348911    102002.7029850795
661000     -8423.5814772774        91.0393652356      -770.1121647966    102002.7029850795
662000     -8423.5425095631        91.0416552082      -769.9449281824    102002.7029850795
663000     -8423.5936211397        91.0401926314      -769.6665193559    102002.7029850795
664000     -8423.6634427524        91.0362393431      -769.5687403396    102002.7029850795
665000     -8423.6208145887        91.0356276223      -769.3878711764    102002.7029850795
666000     -8423.6641252189        91.0347654441      -769.1033753956    102002.7029850795
667000     -8423.7331047210        91.0323348413      -769.0544691291    102002.7029850795
668000     -8423.7805956552        91.0285775033      -769.2380310351    102002.7029850795
669000     -8423.8370658206        91.0258240501      -769.0228067446    102002.7029850795
670000     -8423.8767036834        91.0240454368      -768.9673878976    102002.7029850795
671000     -8423.8981301257        91.0239012141      -769.1398485029    102002.7029850795
672000     -8423.8820340031        91.0239527199      -769.3017845488    102002.7029850795
673000     -8423.8638229090        91.0235389707      -769.2742396251    102002.7029850795
674000     -8423.8188237648        91.0253662309      -769.1891194932    102002.7029850794
675000     -8423.8370560171        91.0239474529      -769.4532359858    102002.7029850794
676000     -8423.8696347276        91.0208779653      -769.4665186529    102002.7029850794
677000     -8423.9233788552        91.0193271662      -769.5524306520    102002.7029850794
678000     -8423.9622576155        91.0170726337      -769.6577917507    102002.7029850794
679000     -8423.9524687055        91.0175928623      -769.8525357419    102002.7029850794
680000     -8423.9070332953        91.0201055898      -770.1176539694    102002.7029850794
681000     -8423.9043306139        91.0205565951      -770.4046092273    102002.7029850794
682000     -8423.9450981622        91.0167770257      -770.5286445385    102002.7029850794
683000     -8423.9916013153        91.0184345907      -770.5629058462    102002.7029850794
684000     -8424.0630879798        91.0154175691      -770.5740988726    102002.7029850794
685000     -8424.1024281843        91.0141930263      -770.5797189820    102002.7029850794
686000     -8424.0128824667        91.0194859534      -770.7136684802    102002.7029850794
687000     -8424.0077795927        91.0199018123      -770.6599132861    102002.7029850794
688000     -8423.9944504593        91.0196045636      -770.6717718453    102002.7029850793
689000     -8423.9695296316        91.0207387392      -770.8178663053    102002.7029850793
690000     -8423.9383585175        91.0233249475      -770.7788857719    102002.7029850793
691000     -8423.9390999941        91.0224612885      -770.8518456879    102002.7029850793
692000     -8423.9236239685        91.0220040229      -770.8885220218    102002.7029850793
693000     -8423.9845531988        91.0188986112      -770.8508384326    102002.7029850793
694000     -8423.9819030439        91.0180753012      -770.9538596348    102002.7029850793
695000     -8424.0182133404        91.0165895665      -770.9860236799    102002.7029850793
696000     -8424.0461228862        91.0167478663      -771.0145231793    102002.7029850793
697000     -8423.9920968278        91.0197864449      -770.7779765576    102002.7029850793
698000     -8424.0283101506        91.0174921126      -770.6898179350    102002.7029850793
699000     -8423.9862777670        91.0186898870      -770.5544891923    102002.7029850793
700000     -8423.9979728958        91.0192070947      -770.5198027628    102002.7029850793
701000     -8423.9591825089        91.0227575853      -770.5452838435    102002.7029850793
702000     -8423.9634531711        91.0233632043      -770.5484014422    102002.7029850793
703000     -8424.0358602637        91.0210788424      -770.7553339865    102002.7029850793
704000     -8423.9957227393        91.0242384713      -770.6660966034    102002.7029850792
705000     -8424.0564418240        91.0234234005      -770.6584212819    102002.7029850792
706000     -8424.0630720230        91.0239794609      -770.6465953904    102002.7029850792
707000     -8424.1474028103        91.0191124172      -770.3001516411    102002.7029850792
708000     -8424.1460780576        91.0201301494      -770.2466593572    102002.7029850792
709000     -8424.2133423114        91.0186069606      -770.2009680733    102002.7029850792
710000     -8424.2021944705        91.0204409401      -770.2866158326    102002.7029850792
711000     -8424.2421893851        91.0183114726      -770.0852664585    102002.7029850792
712000     -8424.3159674604        91.0157335999      -770.1497964765    102002.7029850792
713000     -8424.3586479294        91.0161896584      -770.0545432229    102002.7029850792
714000     -8424.3715080693        91.0151900511      -769.9858944986    102002.7029850792
715000     -8424.4126812626        91.0159905646      -769.8182244789    102002.7029850792
716000     -8424.4443961283        91.0139502549      -769.8174388981    102002.7029850792
717000     -8424.4477172919        91.0128202497      -769.8494748765    102002.7029850792
718000     -8424.4482007838        91.0128581510      -769.8095969234    102002.7029850792
719000     -8424.4194552151        91.0132418941      -770.0994215207    102002.7029850792
720000     -8424.4793137410        91.0107633797      -769.9452165283    102002.7029850792
721000     -8424.4838047021        91.0107265148      -769.8463495988    102002.7029850792
722000     -8424.5264573848        91.0095129930      -769.8160332734    102002.7029850792
723000     -8424.5328646332        91.0094580459      -769.8514967984    102002.7029850792
724000     -8424.5787097966        91.0080394534      -769.8932927329    102002.7029850791
725000     -8424.6139244641        91.0058121153      -769.8790726444    102002.7029850791
726000     -8424.6304224356        91.0048681373      -769.7504681730    102002.7029850791
727000     -8424.6041788025        91.0069165709      -769.7752021613    102002.7029850791
728000     -8424.6680764314        91.0029041293      -769.8059791791    102002.7029850791
729000     -8424.6274480053        91.0043651045      -769.9497054289    102002.7029850791
730000     -8424.6605346280        91.0024923384      -769.7439070672    102002.7029850791
731000     -8424.6819998580        91.0021505639      -769.5560441129    102002.7029850791
732000     -8424.6631874374        91.0047597529      -769.5644827212    102002.7029850791
733000     -8424.6432692411        91.0054733110      -769.6184034502    102002.7029850791
734000     -8424.5895660213        91.0069707965      -769.2833305369    102002.7029850791
735000     -8424.5338483177        91.0096312091      -769.0280549268    102002.7029850791
736000     -8424.5151454919        91.0092939418      -769.0082556635    102002.7029850791
737000     -8424.4748799148        91.0116602843      -768.8205954058    102002.7029850791
738000     -8424.4842998700        91.0119164851      -768.8324194834    102002.7029850791
739000     -8424.5037151536        91.0136209724      -768.8955236805    102002.7029850791
740000     -8424.4747500802        91.0169110686      -768.7270150485    102002.7029850791
741000     -8424.4854970886        91.0180141903      -768.8709350021    102002.7029850791
742000     -8424.4834665853        91.0175257406      -769.0811128967    102002.7029850791
743000     -8424.4819430443        91.0162724519      -768.9579934850    102002.7029850791
744000     -8424.4625572804        91.0160388408      -768.9654674687    102002.7029850791
745000     -8424.5423733375        91.0129375354      -768.8226936438    102002.7029850791
746000     -8424.5110581652        91.0141467915      -768.9085374865    102002.7029850791
747000     -8424.5312051254        91.0143282877      -768.8087199469    102002.7029850791
748000     -8424.5374646147        91.0132098873      -768.9755631554    102002.7029850790
749000     -8424.5310139893        91.0128728193      -769.1636826702    102002.7029850790
750000     -8424.5249609463        91.0129783324      -769.0803619300    102002.7029850790
751000     -8424.4998594127        91.0129471947      -769.1072307576    102002.7029850790
752000     -8424.4521609434        91.0160772999      -769.2386329834    102002.7029850790
753000     -8424.4219325355        91.0161695799      -769.1982067681    102002.7029850790
754000     -8424.3731463627        91.0184394620      -768.9755728170    102002.7029850790
755000     -8424.3643297446        91.0185678731      -768.8171322465    102002.7029850790
756000     -8424.3600802146        91.0189048267      -768.8747703038    102002.7029850790
757000     -8424.3800191212        91.0183242910      -769.0716208831    102002.7029850790
758000     -8424.3646541745        91.0198971239      -769.0785501805    102002.7029850790
759000     -8424.3837654362        91.0212489785      -768.9580199008    102002.7029850790
760000     -8424.3791482899        91.0220300672      -768.9822799444    102002.7029850790
761000     -8424.4035418461        91.0213160821      -768.8327980455    102002.7029850790
762000     -8424.4317461586        91.0213564648      -768.7056666544    102002.7029850790
763000     -8424.4476097690        91.0199440608      -768.8176537787    102002.7029850790
764000     -8424.5049248674        91.0175195252      -768.9383144197    102002.7029850790
765000     -8424.5127066220        91.0174616945      -769.1593740032    102002.7029850790
766000     -8424.5338035659        91.0173340462      -769.3176418624    102002.7029850790
767000     -8424.5410172420        91.0182543243      -769.4592308290    102002.7029850790
768000     -8424.5858964697        91.0163193067      -769.6171920414    102002.7029850790
769000     -8424.5820582831        91.0162133745      -769.6159621767    102002.7029850790
770000     -8424.5462443801        91.0185503387      -769.5156059615    102002.7029850790
771000     -8424.5455304766        91.0187658618      -769.4095928044    102002.7029850790
772000     -8424.5059699066        91.0217277163      -769.4043281144    102002.7029850790
773000     -8424.5054961163        91.0234101953      -769.3974092559    102002.7029850790
774000     -8424.5029952391        91.0235016916      -769.2155555713    102002.7029850790
775000     -8424.4935686394        91.0269406579      -769.1594663530    102002.7029850790
776000     -8424.4547113307        91.0281303092      -769.3506071270    102002.7029850790
777000     -8424.4569069165        91.0280622901      -769.4016862773    102002.7029850789
778000     -8424.4247443753        91.0301517801      -769.5535120864    102002.7029850789
779000     -8424.4593751359        91.0276798144      -769.4922996678    102002.7029850789
780000     -8424.4453433724        91.0286819290      -769.4763871980    102002.7029850789
781000     -8424.4173310597        91.0295001795      -769.6037257816    102002.7029850789
782000     -8424.3914504112        91.0305335835      -769.6467436639    102002.7029850789
783000     -8424.3694032690        91.0304996832      -769.5908239844    102002.7029850789
784000     -8424.3354478141        91.0306773476      -769.3130115035    102002.7029850789
785000     -8424.2933535504        91.0324237366      -769.3098740209    102002.7029850789
786000     -8424.2411223166        91.0317256961      -769.2874667905    102002.7029850789
787000     -8424.2368286303        91.0288256319      -769.4669221565    102002.7029850789
788000     -8424.2517164271        91.0278416133      -769.3489973379    102002.7029850789
789000     -8424.2281613532        91.0278017624      -769.3980612053    102002.7029850789
790000     -8424.2034520367        91.0286103309      -769.5601340020    102002.7029850789
791000     -8424.1100786932        91.0315719700      -769.6006536887    102002.7029850789
792000     -8424.1000884351        91.0313362722      -769.3972291995    102002.7029850789
793000     -8424.1097271608        91.0326543826      -769.3725273073    102002.7029850789
794000     -8424.1616207176        91.0298237670      -769.6969831517    102002.7029850789
795000     -8424.1013204139        91.0325721781      -770.1260201832    102002.7029850789
796000     -8424.1028014322        91.0317141184      -770.1686433851    102002.7029850789
797000     -8424.0725549580        91.0326559992      -770.1371005663    102002.7029850789
798000     -8424.0759569901        91.0325110829      -770.0510858307    102002.7029850789
799000     -8424.0368972431        91.0342631578      -770.3621062321    102002.7029850789
800000     -8424.0070437785        91.0356403508      -770.3794292811    102002.7029850789
801000     -8423.9925274926        91.0366575351      -770.4705447929    102002.7029850789
802000     -8424.0014731788        91.0362398952      -770.4629746882    102002.7029850789
803000     -8424.0607215580        91.0337989058      -770.5344924651    102002.7029850789
804000     -8424.0442032981        91.0342513685      -770.5030251269    102002.7029850789
805000     -8424.0861264698        91.0321087901      -770.3270720831    102002.7029850789
806000     -8424.0861122405        91.0322726291      -770.5143096697    102002.7029850789
807000     -8424.0866284492        91.0319052517      -770.7209758688    102002.7029850789
808000     -8424.0930308000        91.0316330622      -770.6158346912    102002.7029850789
809000     -8424.0659531191        91.0324660083      -770.6114719758    102002.7029850789
810000     -8424.0420408821        91.0325344186      -770.7271166656    102002.7029850789
811000     -8424.0360859184        91.0323255504      -770.8629694437    102002.7029850789
812000     -8424.0365220697        91.0325370614      -770.8075705398    102002.7029850789
813000     -8424.0417846677        91.0326674220      -770.6312393928    102002.7029850789
814000     -8424.0123426399        91.0347813681      -770.7475688379    102002.7029850789
815000     -8424.0004246957        91.0363670541      -770.8675289778    102002.7029850788
816000     -8424.0192188973        91.0343268573      -770.9260279862    102002.7029850788
817000     -8424.0294565238        91.0339238907      -770.9733686912    102002.7029850788
818000     -8424.0557697899        91.0310464400      -770.9269140737    102002.7029850788
819000     -8424.0360755938        91.0311617196      -770.8826006847    102002.7029850788
820000     -8423.9925567414        91.0313985209      -771.1171854389    102002.7029850788
821000     -8423.9693119771        91.0318345752      -771.0981464413    102002.7029850788
822000     -8424.0052236511        91.0296888955      -770.9845137628    102002.7029850788
823000     -8424.0343296652        91.0271446822      -771.0017710297    102002.7029850788
824000     -8424.0361406004        91.0273319323      -771.0856770219    102002.7029850788
825000     -8424.0508715027        91.0249701593      -771.1184890774    102002.7029850788
826000     -8424.0524535615        91.0236376485      -771.2286354729    102002.7029850788
827000     -8424.0320015444        91.0241125739      -771.3849261492    102002.7029850788
828000     -8424.0311652512        91.0236986781      -771.4897826211    102002.7029850788
829000     -8423.9878748248        91.0259382259      -771.4859405523    102002.7029850788
830000     -8423.9749764660        91.0255302907      -771.6509900129    102002.7029850788
831000     -8423.9859614166        91.0250637761      -771.8117300932    102002.7029850788
832000     -8424.0086070554        91.0239498857      -771.9349045499    102002.7029850788
833000     -8424.0377173213        91.0241344905      -771.8231161005    102002.7029850788
834000     -8424.0849508774        91.0221233810      -771.6998815424    102002.7029850788
835000     -8424.0846676437        91.0220837962      -771.7655416637    102002.7029850788
836000     -8424.0554711198        91.0232888117      -771.7540430547    102002.7029850788
837000     -8424.0532849668        91.0227197785      -771.7685067470    102002.7029850788
838000     -8424.0299108908        91.0223548698      -771.8974495618    102002.7029850788
839000     -8424.0097549364        91.0234406451      -771.9539314527    102002.7029850788
840000     -8423.9825719671        91.0245916692      -771.9954500913    102002.7029850788
841000     -8423.9751371928        91.0247912623      -772.0126739236    102002.7029850788
842000     -8423.9940268434        91.0242393268      -771.9667031145    102002.7029850788
843000     -8424.0012024540        91.0238095287      -771.9628566702    102002.7029850788
844000     -8424.0178802806        91.0226758205      -771.9669000249    102002.7029850788
845000     -8423.9884508344        91.0239738634      -771.9527222274    102002.7029850788
846000     -8423.9495587587        91.0244997165      -771.9184936717    102002.7029850788
847000     -8423.9327896070        91.0254281780      -771.8655396573    102002.7029850788
848000     -8423.9453265758        91.0246839846      -771.8167295181    102002.7029850788
849000     -8423.9489736428        91.0240522110      -771.6698194574    102002.7029850788
850000     -8423.9518321219        91.0231589853      -771.6404537760    102002.7029850788
851000     -8423.9820431732        91.0214278274      -771.5896656961    102002.7029850788
852000     -8423.9443883479        91.0230033342      -771.7223721820    102002.7029850788
853000     -8423.9406859235        91.0233807858      -771.6334680353    102002.7029850788
854000     -8423.9248997407        91.0243498370      -771.6893137284    102002.7029850788
855000     -8423.9142055196        91.0251982641      -771.5894505315    102002.7029850788
856000     -8423.9024960358        91.0249818819      -771.5598480651    102002.7029850788
857000     -8423.9089161156        91.0244868363      -771.5664385876    102002.7029850788
858000     -8423.9323940596        91.0230859087      -771.7554334363    102002.7029850788
859000     -8423.9456147250        91.0230831305      -771.8384200933    102002.7029850788
860000     -8423.9389130859        91.0249724674      -771.8517679429    102002.7029850788
861000     -8423.9334706586        91.0260491978      -771.8705346219    102002.7029850788
862000     -8423.9449465588        91.0264922493      -771.7783344229    102002.7029850788
863000     -8423.9587965620        91.0255624860      -771.7416431046    102002.7029850788
864000     -8423.9305093424        91.0260504584      -771.7156102866    102002.7029850788
865000     -8423.9107718190        91.0273188607      -771.6719375185    102002.7029850788
866000     -8423.9059998105        91.0262797386      -771.8358883357    102002.7029850788
867000     -8423.8875660747        91.0270701831      -771.9558999055    102002.7029850788
868000     -8423.8709764707        91.0278282701      -772.0638053975    102002.7029850788
869000     -8423.8584147378        91.0272076731      -772.1080466368    102002.7029850788
870000     -8423.8735541092        91.0259822745      -771.9975376489    102002.7029850787
871000     -8423.8593727955        91.0265149310      -771.9920082398    102002.7029850787
872000     -8423.8719388693        91.0261065963      -771.8113849030    102002.7029850787
873000     -8423.9003796853        91.0254563271      -771.7233005408    102002.7029850787
874000     -8423.8969754083        91.0266749991      -771.6711320947    102002.7029850787
875000     -8423.9149284839        91.0263705809      -771.6895197871    102002.7029850787
876000     -8423.9345981173        91.0259672715      -771.6834423005    102002.7029850787
877000     -8423.9595837855        91.0250852524      -771.7035227905    102002.7029850787
878000     -8423.9850674006        91.0239845918      -771.6437043683    102002.7029850787
879000     -8424.0017701817        91.0233024393      -771.6713604720    102002.7029850787
880000     -8424.0361990833        91.0222270267      -771.5485776473    102002.7029850787
881000     -8424.0691505603        91.0204626428      -771.6342911681    102002.7029850787
882000     -8424.0828185152        91.0195211284      -771.7016096076    102002.7029850787
883000     -8424.0561607537        91.0212879828      -771.6885818893    102002.7029850787
884000     -8424.0447506181        91.0222651974      -771.6299367452    102002.7029850787
885000     -8424.0321914231        91.0233877263      -771.5154829658    102002.7029850787
886000     -8424.0058176369        91.0244404288      -771.3297437230    102002.7029850787
887000     -8423.9789096161        91.0251602153      -771.2020946167    102002.7029850787
888000     -8423.9738519778        91.0249186509      -771.2183045686    102002.7029850787
889000     -8423.9957784025        91.0230546557      -771.2588808914    102002.7029850787
890000     -8423.9673873478        91.0234999736      -771.3112036869    102002.7029850787
891000     -8423.9646733254        91.0242378150      -771.1519509476    102002.7029850787
892000     -8423.9458181971        91.0243357503      -771.0989890237    102002.7029850787
893000     -8423.9326852024        91.0246049205      -770.9362126278    102002.7029850787
894000     -8423.9024219267        91.0262391125      -770.9223922479    102002.7029850787
895000     -8423.8787605743        91.0271456852      -770.8670510542    102002.7029850787
896000     -8423.8628345690        91.0278627177      -770.7534313894    102002.7029850787
897000     -8423.8588144597        91.0283909184      -770.6695383551    102002.7029850787
898000     -8423.8492944455        91.0281845080      -770.7654933603    102002.7029850787
899000     -8423.8710524177        91.0260131538      -770.7921558043    102002.7029850787
900000     -8423.8476752097        91.0266066742      -770.8251933547    102002.7029850787
901000     -8423.8053558177        91.0283069330      -770.8535641015    102002.7029850787
902000     -8423.7949860328        91.0293513622      -770.9634829652    102002.7029850787
903000     -8423.7660982041        91.0311187335      -771.1515768059    102002.7029850787
904000     -8423.8015867224        91.0304874631      -771.0992603434    102002.7029850787
905000     -8423.8117043414        91.0309167541      -771.1251947588    102002.7029850787
906000     -8423.8415362032        91.0304410336      -771.1394150898    102002.7029850787
907000     -8423.8680546708        91.0298387268      -771.0730705872    102002.7029850787
908000     -8423.8983185669        91.0280502816      -771.0029421091    102002.7029850787
909000     -8423.8859506967        91.0288755278      -770.9846116706    102002.7029850787
910000     -8423.9050325782        91.0276778134      -770.9308710145    102002.7029850787
911000     -8423.9274583688        91.0270214452      -770.9914150189    102002.7029850787
912000     -8423.9208169448        91.0273776009      -771.0182126966    102002.7029850787
913000     -8423.9067404633        91.0285093831      -770.9994741105    102002.7029850787
914000     -8423.9495326150        91.0267223272      -770.8540786944    102002.7029850787
915000     -8423.9563415456        91.0265369686      -770.9141562189    102002.7029850787
916000     -8423.9452165684        91.0270607809      -770.9231616611    102002.7029850787
917000     -8423.9504072249        91.0267008897      -770.8809319470    102002.7029850787
918000     -8423.9693602938        91.0264501799      -770.7965602513    102002.7029850787
919000     -8423.9592401347        91.0278983457      -770.7400715276    102002.7029850787
920000     -8423.9525209458        91.0277848729      -770.7875621159    102002.7029850787
921000     -8423.9244368262        91.0287552790      -770.8357821058    102002.7029850787
922000     -8423.9251986359        91.0281649580      -770.8462417557    102002.7029850787
923000     -8423.9241744236        91.0283960676      -770.7518115459    102002.7029850787
924000     -8423.9187384030        91.0290854195      -770.6894625578    102002.7029850787
925000     -8423.9111879327        91.0306185369      -770.5672420810    102002.7029850787
926000     -8423.9136643886        91.0312217219      -770.6100874331    102002.7029850787
927000     -8423.9366519361        91.0301101236      -770.6424998186    102002.7029850786
928000     -8423.9340391845        91.0309801002      -770.6462005694    102002.7029850786
929000     -8423.9594296604        91.0304874772      -770.6142433238    102002.7029850786
930000     -8423.9647622133        91.0305667149      -770.5797584129    102002.7029850786
931000     -8423.9382298895        91.0312854403      -770.5202488837    102002.7029850786
932000     -8423.9616729188        91.0303434604      -770.5467711156    102002.7029850786
933000     -8423.9837590057        91.0284867317      -770.5834732946    102002.7029850786
934000     -8423.9966368298        91.0275558180      -770.6267966622    102002.7029850786
935000     -8424.0081113841        91.0269301488      -770.7035956117    102002.7029850786
936000     -8424.0031917233        91.0274195975      -770.7906796457    102002.7029850786
937000     -8424.0147359972        91.0266494476      -770.7809243123    102002.7029850786
938000     -8424.0238695579        91.0254108395      -770.7415170979    102002.7029850786
939000     -8424.0439003458        91.0236756615      -770.6771612153    102002.7029850786
940000     -8424.0339342230        91.0243159185      -770.6775868577    102002.7029850786
941000     -8423.9931667069        91.0258862347      -770.6249920385    102002.7029850786
942000     -8423.9920998516        91.0256535984      -770.6235051733    102002.7029850786
943000     -8423.9815237497        91.0254400706      -770.5660158470    102002.7029850786
944000     -8423.9889460796        91.0251265862      -770.4878663246    102002.7029850786
945000     -8423.9787797857        91.0252223899      -770.4477429634    102002.7029850786
946000     -8423.9678011358        91.0257090788      -770.3316615344    102002.7029850786
947000     -8423.9376851619        91.0266576231      -770.1996768069    102002.7029850786
948000     -8423.9366775269        91.0263475520      -770.1451009678    102002.7029850786
949000     -8423.9272180221        91.0262556208      -770.1286441636    102002.7029850786
950000     -8423.9171554768        91.0277831835      -770.0540192346    102002.7029850786
951000     -8423.9227993565        91.0278962647      -770.0610800600    102002.7029850786
952000     -8423.8990510809        91.0286373342      -770.2828546726    102002.7029850786
953000     -8423.8845905271        91.0298696180      -770.4010607663    102002.7029850786
954000     -8423.8897013262        91.0294091126      -770.3832000233    102002.7029850786
955000     -8423.8629976811        91.0303961217      -770.2780041002    102002.7029850786
956000     -8423.8653834650        91.0297572869      -770.3494078484    102002.7029850786
957000     -8423.8928494112        91.0292247006      -770.2770267344    102002.7029850786
958000     -8423.8802820288        91.0300010498      -770.2903924936    102002.7029850786
959000     -8423.8500386590        91.0298553039      -770.3498258363    102002.7029850786
960000     -8423.8450008494        91.0297345060      -770.3355372053    102002.7029850786
961000     -8423.8415474015        91.0300259573      -770.3600436771    102002.7029850786
962000     -8423.8059051277        91.0313455649      -770.3245276858    102002.7029850786
963000     -8423.7869253495        91.0319007041      -770.2571046038    102002.7029850786
964000     -8423.8012562006        91.0305894652      -770.2385922314    102002.7029850786
965000     -8423.7892593174        91.0312253416      -770.1539709203    102002.7029850786
966000     -8423.7870327329        91.0308501243      -770.0057793772    102002.7029850786
967000     -8423.7512266660        91.0323602741      -769.9694869874    102002.7029850786
968000     -8423.7574450438        91.0307664321      -769.9053648645    102002.7029850786
969000     -8423.7064126954        91.0312444609      -770.0194766441    102002.7029850786
970000     -8423.6956243046        91.0300345851      -769.9757097415    102002.7029850786
971000     -8423.6772549963        91.0306117880      -769.9403424423    102002.7029850786
972000     -8423.6799978681        91.0299893760      -769.9392137221    102002.7029850786
973000     -8423.6821105569        91.0295504409      -769.9257957286    102002.7029850786
974000     -8423.6678963944        91.0301165994      -769.8905607487    102002.7029850786
975000     -8423.6497369187        91.0307613434      -769.8480286801    102002.7029850786
976000     -8423.6513136715        91.0306420348      -769.9151889520    102002.7029850786
977000     -8423.6748312619        91.0305226051      -769.8283826019    102002.7029850786
978000     -8423.6806095869        91.0298732709      -769.7870131236    102002.7029850786
979000     -8423.6516641651        91.0305767641      -769.7552121283    102002.7029850786
980000     -8423.6313322254        91.0310833399      -769.8073198906    102002.7029850786
981000     -8423.6184939997        91.0316262832      -769.9087363115    102002.7029850786
982000     -8423.6246063843        91.0316149214      -769.9134031605    102002.7029850786
983000     -8423.6370260167        91.0313097435      -769.9311461434    102002.7029850786
984000     -8423.6523628907        91.0302060475      -770.0134424112    102002.7029850786
985000     -8423.6548540915        91.0307187088      -770.0788222886    102002.7029850786
986000     -8423.6590318503        91.0305406878      -770.0952312377    102002.7029850786
987000     -8423.6556883100        91.0306390404      -770.1237512235    102002.7029850786
988000     -8423.6316871384        91.0312670935      -770.1088267166    102002.7029850786
989000     -8423.6333079213        91.0313150239      -769.9827573927    102002.7029850786
990000     -8423.6423297855        91.0305973312      -769.8931015458    102002.7029850786
991000     -8423.6414123984        91.0315592470      -769.8566715788    102002.7029850786
992000     -8423.6507063717        91.0320703460      -769.7915037461    102002.7029850786
993000     -8423.6634122361        91.0317120335      -769.7292773126    102002.7029850786
994000     -8423.6633092751        91.0320623466      -769.6988750668    102002.7029850786
995000     -8423.6497005208        91.0330471450      -769.8829311464    102002.7029850786
996000     -8423.6419120171        91.0327738814      -770.0207111250    102002.7029850786
997000     -8423.6469510456        91.0326864085      -770.0434543766    102002.7029850786
998000     -8423.6489869485        91.0321861716      -770.0547901388    102002.7029850786
999000     -8423.6388867044        91.0318217837      -770.0673207712    102002.7029850786
1000000     -8423.6360122646        91.0312258417      -770.0271132593    102002.7029850786
