# Time-averaged data for fix runningavgs
# TimeStep v_ra_etotal v_ra_temp v_ra_press v_ra_volume
502000     -6625.9158014776       130.6267309501      -761.2440424592    102002.7029850792
503000     -6626.1911242540       130.3862457445      -760.1121667120    102002.7029850792
504000     -6626.8138648567       130.3152313076      -739.2998640000    102002.7029850792
505000     -6625.4547213307       130.5540557043      -746.9050556833    102002.7029850792
506000     -6626.7566870016       130.5282041471      -747.4026938066    102002.7029850792
507000     -6626.0563041761       130.6936646022      -745.1239317206    102002.7029850792
508000     -6627.4049433981       130.5596858468      -746.5648595166    102002.7029850792
509000     -6630.4820221665       130.2900971632      -749.2003150744    102002.7029850792
510000     -6631.8675718386       130.2337531103      -752.1783334825    102002.7029850792
511000     -6632.4590364414       130.2653362332      -755.6897071953    102002.7029850792
512000     -6631.9998626063       130.3272951037      -757.4815263184    102002.7029850792
513000     -6633.1409689468       130.2847865472      -757.0086929821    102002.7029850792
514000     -6634.1994883408       130.2340830014      -755.9815733031    102002.7029850792
515000     -6634.3855306852       130.2342572806      -756.9402066420    102002.7029850792
516000     -6635.4478919599       130.1494225455      -756.5259802291    102002.7029850792
517000     -6636.2531368519       130.1033699339      -755.2603383735    102002.7029850792
518000     -6636.2347810313       130.1009349369      -754.9174931777    102002.7029850792
519000     -6636.1511659394       130.1168201236      -754.2742467320    102002.7029850792
520000     -6635.8179335604       130.1565257695      -753.0953247919    102002.7029850792
521000     -6635.8472825339       130.1638229300      -752.5503553093    102002.7029850792
522000     -6635.9160860203       130.1250100899      -752.9503352270    102002.7029850792
523000     -6635.5344520170       130.1314933459      -751.5506587801    102002.7029850792
524000     -6636.1752822556       130.0541121334      -751.5950700268    102002.7029850792
525000     -6636.2401414232       130.0349552745      -751.0804999073    102002.7029850792
526000     -6636.0279331009       130.0463289332      -751.1060960364    102002.7029850792
527000     -6635.7855143067       130.0618645918      -751.0176910378    102002.7029850792
528000     -6636.0682847578       130.0457837893      -750.2945199844    102002.7029850792
529000     -6636.4071889868       130.0051674421      -749.2490673239    102002.7029850792
530000     -6636.3123349490       130.0190880121      -749.7689032398    102002.7029850792
531000     -6636.0452286674       130.0456591404      -749.5978976075    102002.7029850792
532000     -6636.0064981176       130.0458320482      -749.6475976272    102002.7029850792
533000     -6636.3638631206       130.0017188812      -749.6273764171    102002.7029850792
534000     -6636.6536762267       129.9714933236      -749.0164171720    102002.7029850792
535000     -6636.5597748818       129.9589593186      -747.8889278654    102002.7029850792
536000     -6636.2970468207       129.9672743837      -747.1109824532    102002.7029850792
537000     -6635.9370774512       129.9917632875      -747.0069353306    102002.7029850792
538000     -6636.1664696076       129.9763345677      -746.5084387074    102002.7029850792
539000     -6636.3749542130       129.9619038607      -746.2408591711    102002.7029850791
540000     -6636.4267143367       129.9680540272      -746.3807993455    102002.7029850791
541000     -6636.4738719403       129.9718925988      -746.7797618055    102002.7029850791
542000     -6636.7540861405       129.9618965603      -746.8477099557    102002.7029850791
543000     -6636.9321843856       129.9427009532      -747.2947847899    102002.7029850791
544000     -6636.7562540411       129.9601518114      -747.8933617742    102002.7029850791
545000     -6636.7977840026       129.9602925980      -748.6878664039    102002.7029850791
546000     -6636.5891029118       129.9738988219      -749.3171116893    102002.7029850791
547000     -6636.7679031179       129.9665205424      -750.1991250938    102002.7029850791
548000     -6636.9262147400       129.9532558034      -750.5323313471    102002.7029850791
549000     -6637.2261406222       129.9335339145      -751.2266792485    102002.7029850791
550000     -6637.3676633347       129.9210074998      -751.7578842539    102002.7029850791
551000     -6637.2909374056       129.9302196117      -752.1453674421    102002.7029850791
552000     -6637.2726478668       129.9317046061      -752.7650426760    102002.7029850791
553000     -6637.1748215060       129.9385025261      -753.5338380872    102002.7029850791
554000     -6636.8362451985       129.9597727843      -753.0579941686    102002.7029850791
555000     -6636.7464154338       129.9652414228      -753.5861845523    102002.7029850791
556000     -6636.6247634714       129.9674480234      -753.7883680101    102002.7029850791
557000     -6636.4324858754       129.9806749899      -753.8934147825    102002.7029850791
558000     -6636.1436321695       129.9942447499      -754.6711642777    102002.7029850791
559000     -6636.2765397552       129.9830968568      -755.5472833833    102002.7029850791
560000     -6636.0022356616       130.0093352496      -756.4370055055    102002.7029850791
561000     -6636.0030180296       130.0089736202      -756.6605676263    102002.7029850791
562000     -6636.0723507277       130.0017808735      -756.9074621548    102002.7029850791
563000     -6635.9812050640       130.0113441933      -756.8560703167    102002.7029850791
564000     -6635.8173866615       130.0222396104      -757.3851966311    102002.7029850791
565000     -6635.8970172259       130.0146873931      -758.2050091008    102002.7029850791
566000     -6636.0101459196       130.0064202435      -757.9880108984    102002.7029850791
567000     -6636.0520113696       130.0035650248      -757.7975728050    102002.7029850791
568000     -6636.1206808782       130.0060052362      -757.9114772732    102002.7029850791
569000     -6636.1290140214       130.0057820323      -758.4586036739    102002.7029850791
570000     -6636.1657604386       130.0047615451      -759.0689904807    102002.7029850791
571000     -6636.2282919293       130.0018328271      -759.3265626874    102002.7029850791
572000     -6636.3363501239       129.9862851089      -759.7498099769    102002.7029850791
573000     -6636.2164230288       130.0036522753      -759.7254691259    102002.7029850791
574000     -6636.1386695023       130.0073285614      -760.1603661889    102002.7029850791
575000     -6636.2745597720       129.9958489102      -760.4228039088    102002.7029850791
576000     -6636.3172631790       129.9913399560      -761.0162223508    102002.7029850791
577000     -6636.5105426154       129.9727248529      -761.5001857275    102002.7029850791
578000     -6636.4326979681       129.9823804659      -761.9879379291    102002.7029850791
579000     -6636.5267095060       129.9762603013      -762.9882426845    102002.7029850791
580000     -6636.4752333995       129.9853286009      -763.6942601431    102002.7029850791
581000     -6636.4347294176       129.9930878643      -764.4284964406    102002.7029850791
582000     -6636.4886735558       129.9918419576      -764.8974457531    102002.7029850791
583000     -6636.5107024273       129.9906306611      -765.3728680267    102002.7029850791
584000     -6636.6343270656       129.9818248091      -765.8776701461    102002.7029850791
585000     -6636.6915145008       129.9791377279      -766.1147465728    102002.7029850791
586000     -6636.7837001176       129.9668832910      -766.4382714834    102002.7029850791
587000     -6636.8990518587       129.9611967394      -766.4291287483    102002.7029850791
588000     -6636.8719430338       129.9683022830      -766.9755528958    102002.7029850791
589000     -6636.8319966132       129.9745671531      -767.2052712220    102002.7029850791
590000     -6636.8545540119       129.9764175834      -767.2393244573    102002.7029850791
591000     -6636.8626895795       129.9759098681      -767.5908449712    102002.7029850792
592000     -6637.0237264609       129.9560344143      -767.6539291223    102002.7029850792
593000     -6637.0707366035       129.9550781000      -767.6835364678    102002.7029850792
594000     -6637.1553296746       129.9484725933      -768.1936655667    102002.7029850792
595000     -6637.1937129987       129.9458254872      -768.4636252248    102002.7029850792
596000     -6637.3542151312       129.9359567735      -768.6269409183    102002.7029850792
597000     -6637.4132863121       129.9323968203      -769.2224445674    102002.7029850792
598000     -6637.4383595711       129.9299657555      -769.6128484839    102002.7029850792
599000     -6637.4912507919       129.9253067809      -769.8911188755    102002.7029850792
600000     -6637.4112964290       129.9308693923      -770.2089876259    102002.7029850792
601000     -6637.4166935523       129.9315578102      -770.1426072471    102002.7029850792
602000     -6637.5179492885       129.9219325651      -770.2762706230    102002.7029850792
603000     -6637.6010143760       129.9133623099      -770.3999048906    102002.7029850792
604000     -6637.5258816646       129.9223603515      -769.9912255032    102002.7029850793
605000     -6637.4915591446       129.9244601760      -769.8308571152    102002.7029850793
606000     -6637.3525193457       129.9359987443      -769.7036675422    102002.7029850793
607000     -6637.2579510837       129.9412240345      -769.5349509206    102002.7029850793
608000     -6637.2225996459       129.9430189147      -769.5556230375    102002.7029850793
609000     -6637.1395406364       129.9536729726      -769.7360230653    102002.7029850793
610000     -6637.1276557824       129.9616582224      -770.1637324050    102002.7029850793
611000     -6637.1601645822       129.9652984699      -770.2786851736    102002.7029850793
612000     -6637.2039849503       129.9619160081      -770.6734549185    102002.7029850793
613000     -6637.2060830178       129.9622039461      -770.7424981866    102002.7029850793
614000     -6637.1403474505       129.9647666473      -770.7254661026    102002.7029850793
615000     -6637.1207312382       129.9665353685      -771.0246433687    102002.7029850793
616000     -6637.2124631482       129.9567061669      -771.3343037784    102002.7029850793
617000     -6637.2342024671       129.9556088662      -771.5731770961    102002.7029850793
618000     -6637.1800302004       129.9624850170      -771.5940641416    102002.7029850793
619000     -6637.2209567532       129.9560381264      -771.8382209303    102002.7029850793
620000     -6637.1186760843       129.9637907150      -771.5845713797    102002.7029850793
621000     -6637.0807279965       129.9660326313      -771.5656803007    102002.7029850793
622000     -6637.0757135097       129.9681107757      -771.7342685027    102002.7029850794
623000     -6636.9602711580       129.9795009753      -771.8913320519    102002.7029850794
624000     -6636.9749004394       129.9809766526      -772.0419891953    102002.7029850794
625000     -6636.9525044601       129.9863047451      -772.3543629746    102002.7029850794
626000     -6636.9578877932       129.9874253220      -772.5763318830    102002.7029850794
627000     -6637.0147015563       129.9835896856      -772.3607884172    102002.7029850794
628000     -6636.9526015386       129.9882255225      -772.4777585592    102002.7029850794
629000     -6636.9478961098       129.9899759776      -772.6700567036    102002.7029850794
630000     -6636.9736227316       129.9881125689      -772.6812298386    102002.7029850794
631000     -6636.9387232237       129.9933518291      -772.9149571783    102002.7029850794
632000     -6636.9353365366       129.9967882022      -773.2040438796    102002.7029850794
633000     -6636.9244771842       129.9994957804      -773.4058056340    102002.7029850794
634000     -6636.7852086115       130.0114318188      -773.6942768287    102002.7029850794
635000     -6636.7474100661       130.0148254250      -773.7092627955    102002.7029850794
636000     -6636.8085723154       130.0101770005      -774.1245392832    102002.7029850794
637000     -6636.9297970629       130.0016305300      -774.6016806127    102002.7029850794
638000     -6636.9243541145       130.0042017568      -774.8379022578    102002.7029850794
639000     -6636.8938418746       130.0113877035      -774.9694422802    102002.7029850794
640000     -6636.9310782651       130.0117165788      -775.4433032907    102002.7029850794
641000     -6637.0493945905       130.0034340392      -775.6050132256    102002.7029850794
642000     -6637.1200867034       129.9982447739      -775.5456186462    102002.7029850794
643000     -6637.1152591171       129.9985647703      -775.7199899517    102002.7029850794
644000     -6637.0924258669       130.0026886815      -775.8082247557    102002.7029850794
645000     -6637.0568363249       130.0084801355      -776.0106745461    102002.7029850794
646000     -6637.0479052061       130.0083182506      -776.1738054953    102002.7029850795
647000     -6637.1287116840       130.0034171923      -776.2533429788    102002.7029850795
648000     -6637.0819278204       130.0087987060      -776.1632200937    102002.7029850795
649000     -6637.0051933454       130.0135141221      -776.2760545350    102002.7029850795
650000     -6636.9535626152       130.0180977052      -776.4991328036    102002.7029850795
651000     -6636.9397547483       130.0230198444      -776.6548507206    102002.7029850795
652000     -6636.9267027667       130.0243545961      -777.0592865012    102002.7029850795
653000     -6636.9667992702       130.0211798353      -777.2259056298    102002.7029850795
654000     -6637.0063972927       130.0218299567      -777.4821534653    102002.7029850795
655000     -6637.0314245575       130.0220244923      -777.7933193138    102002.7029850795
656000     -6636.9921210196       130.0276045532      -778.2418770599    102002.7029850795
657000     -6636.9790200636       130.0291402699      -778.3247974730    102002.7029850795
658000     -6636.9576199251       130.0324485142      -778.6384781340    102002.7029850795
659000     -6636.9691013656       130.0334647694      -778.7870514157    102002.7029850795
660000     -6637.0361540271       130.0308376811      -779.0722978882    102002.7029850795
661000     -6637.1110241115       130.0293868693      -779.5173177312    102002.7029850795
662000     -6637.1073447439       130.0313295687      -780.0990256019    102002.7029850795
663000     -6637.0807568994       130.0370298964      -780.3801920748    102002.7029850795
664000     -6637.0687208048       130.0407771698      -780.5527701697    102002.7029850795
665000     -6637.0441133769       130.0468379511      -780.5767392379    102002.7029850795
666000     -6637.0445429082       130.0470315718      -780.5674719434    102002.7029850795
667000     -6637.0475737615       130.0463145828      -780.5741797478    102002.7029850795
668000     -6637.1199655046       130.0388056095      -780.6762153577    102002.7029850795
669000     -6637.1661238515       130.0373715562      -780.8207927481    102002.7029850795
670000     -6637.1862426997       130.0383834697      -780.8190202006    102002.7029850795
671000     -6637.2280189730       130.0361396038      -780.7966121307    102002.7029850795
672000     -6637.2793491373       130.0358810807      -780.7418118063    102002.7029850795
673000     -6637.3180284117       130.0315384332      -780.8858872281    102002.7029850795
674000     -6637.3832602647       130.0278929881      -781.0686866819    102002.7029850794
675000     -6637.5024864226       130.0198175115      -780.9100109681    102002.7029850794
676000     -6637.4556035930       130.0232660351      -781.2032468275    102002.7029850794
677000     -6637.4547741700       130.0216529423      -781.3938834924    102002.7029850794
678000     -6637.4913670574       130.0191955377      -781.3710063719    102002.7029850794
679000     -6637.5256042775       130.0131079398      -781.4893677969    102002.7029850794
680000     -6637.5704956915       130.0085241144      -781.8526157817    102002.7029850794
681000     -6637.5836301740       130.0063798411      -781.8284446513    102002.7029850794
682000     -6637.5269700214       130.0107848932      -781.9153897548    102002.7029850794
683000     -6637.6314720690       130.0018914420      -782.1925397843    102002.7029850794
684000     -6637.6437235347       130.0005391604      -782.0574640043    102002.7029850794
685000     -6637.6261963683       130.0026739512      -782.1830857585    102002.7029850794
686000     -6637.5161484876       130.0088126198      -782.4169584151    102002.7029850794
687000     -6637.4592955674       130.0136735255      -782.3361603577    102002.7029850794
688000     -6637.4409742207       130.0154471164      -782.1130281923    102002.7029850793
689000     -6637.3843168158       130.0154794189      -782.3843347374    102002.7029850793
690000     -6637.3986524375       130.0119816715      -782.1934826244    102002.7029850793
691000     -6637.4129405442       130.0090855982      -782.1380913635    102002.7029850793
692000     -6637.4100892314       130.0078087323      -782.3656495321    102002.7029850793
693000     -6637.3664523761       130.0105537863      -782.3401975999    102002.7029850793
694000     -6637.3540648887       130.0123245618      -782.1158568425    102002.7029850793
695000     -6637.2589381500       130.0190199193      -782.3906993607    102002.7029850793
696000     -6637.2435236528       130.0201054920      -782.4426267396    102002.7029850793
697000     -6637.2538815202       130.0199898875      -782.3632240276    102002.7029850793
698000     -6637.3021131215       130.0150111926      -782.5421091032    102002.7029850793
699000     -6637.2908393630       130.0161949629      -782.7551700847    102002.7029850793
700000     -6637.3077994479       130.0176153395      -782.7816833815    102002.7029850793
701000     -6637.2932546213       130.0194840310      -782.7552419967    102002.7029850793
702000     -6637.2285267830       130.0250499684      -782.6829366424    102002.7029850793
703000     -6637.1950918778       130.0279263587      -782.6907622725    102002.7029850793
704000     -6637.1963159601       130.0280408491      -782.6001302916    102002.7029850792
705000     -6637.2175409186       130.0291895543      -782.5977236585    102002.7029850792
706000     -6637.2611352133       130.0249114068      -782.4748685870    102002.7029850792
707000     -6637.3302756330       130.0201612720      -782.5758187860    102002.7029850792
708000     -6637.3214501629       130.0206903883      -782.5522698359    102002.7029850792
709000     -6637.3225662875       130.0208873624      -782.3631232892    102002.7029850792
710000     -6637.2563817521       130.0281486030      -782.2975368645    102002.7029850792
711000     -6637.2091634093       130.0293771751      -782.2615400862    102002.7029850792
712000     -6637.2105497307       130.0310617249      -782.2501034350    102002.7029850792
713000     -6637.1720601497       130.0343481353      -782.3244727196    102002.7029850792
714000     -6637.0761132725       130.0405934384      -782.3285240996    102002.7029850792
715000     -6637.0353779029       130.0437382489      -782.4026551000    102002.7029850792
716000     -6637.0239734238       130.0442007294      -782.4232685073    102002.7029850792
717000     -6637.0253856197       130.0425002183      -782.4749686256    102002.7029850792
718000     -6637.0466622290       130.0404811483      -782.3882274201    102002.7029850792
719000     -6637.0581560662       130.0382768526      -782.2447675833    102002.7029850792
720000     -6637.1011324728       130.0342810076      -782.0621106092    102002.7029850792
721000     -6637.0842600730       130.0330648935      -781.8734075688    102002.7029850792
722000     -6637.1091819727       130.0291467215      -781.7179880566    102002.7029850792
723000     -6637.1464161479       130.0266166631      -781.5357053571    102002.7029850792
724000     -6637.1877557966       130.0235655955      -781.6322710308    102002.7029850791
725000     -6637.1867688531       130.0219898023      -781.5092512116    102002.7029850791
726000     -6637.1510078055       130.0258916679      -781.6101968824    102002.7029850791
727000     -6637.1170014157       130.0304974281      -781.5379934401    102002.7029850791
728000     -6637.0983441361       130.0308990724      -781.4865390367    102002.7029850791
729000     -6637.0872584960       130.0301795443      -781.4725622487    102002.7029850791
730000     -6637.1203399623       130.0272742589      -781.3918936831    102002.7029850791
731000     -6637.0892173684       130.0308769498      -781.2813420000    102002.7029850791
732000     -6637.0748792886       130.0326606895      -781.2406793103    102002.7029850791
733000     -6637.0778933486       130.0322141498      -781.1080189926    102002.7029850791
734000     -6637.0861680752       130.0291551046      -780.8658187780    102002.7029850791
735000     -6637.0899202479       130.0284680400      -780.7810255702    102002.7029850791
736000     -6637.1271177372       130.0248438485      -780.6246044030    102002.7029850791
737000     -6637.0725611845       130.0297074326      -780.3231272419    102002.7029850791
738000     -6637.0603813269       130.0291540248      -780.0966833046    102002.7029850791
739000     -6637.0717275266       130.0275412158      -780.0606981317    102002.7029850791
740000     -6637.0740908363       130.0276650543      -779.8311425505    102002.7029850791
741000     -6637.0646459719       130.0275217140      -779.9197635556    102002.7029850791
742000     -6637.0483543932       130.0280763862      -779.7033870516    102002.7029850791
743000     -6637.0267610060       130.0297019420      -779.5436037382    102002.7029850791
744000     -6637.0663649596       130.0254156883      -779.4655106137    102002.7029850791
745000     -6637.1052078056       130.0211718358      -779.3375083861    102002.7029850791
746000     -6637.1337681324       130.0203799302      -779.1518700053    102002.7029850791
747000     -6637.1367219612       130.0208396783      -779.1118098982    102002.7029850791
748000     -6637.2105182323       130.0142226798      -779.1300408744    102002.7029850790
749000     -6637.2081243981       130.0136997609      -779.0967511581    102002.7029850790
750000     -6637.2078821040       130.0130298032      -779.0400006632    102002.7029850790
751000     -6637.1759411422       130.0138848203      -778.8996034350    102002.7029850790
752000     -6637.1227583219       130.0174201283      -778.7940079009    102002.7029850790
753000     -6637.0919669994       130.0195090465      -778.7512186149    102002.7029850790
754000     -6637.0889421546       130.0194924198      -778.7608665062    102002.7029850790
755000     -6637.0261349286       130.0253743352      -778.7584184278    102002.7029850790
756000     -6637.0390993067       130.0247597854      -778.8969332343    102002.7029850790
757000     -6637.0573604680       130.0244251564      -778.9807125608    102002.7029850790
758000     -6637.0717766072       130.0233850187      -778.9566393647    102002.7029850790
759000     -6637.0604448726       130.0251504108      -778.8846791865    102002.7029850790
760000     -6637.0050488436       130.0295560541      -778.9091701452    102002.7029850790
761000     -6637.0033619106       130.0294636403      -778.9060225389    102002.7029850790
762000     -6636.9925016913       130.0300505137      -778.9354195324    102002.7029850790
763000     -6637.0095017772       130.0276102857      -778.7956887740    102002.7029850790
764000     -6637.0582292488       130.0237118348      -778.6606099661    102002.7029850790
765000     -6637.0436243659       130.0228976519      -778.5328830067    102002.7029850790
766000     -6636.9982585008       130.0246044345      -778.5113764125    102002.7029850790
767000     -6637.0446248580       130.0187975077      -778.4825239749    102002.7029850790
768000     -6637.0110701884       130.0188475330      -778.3678191960    102002.7029850790
769000     -6636.9717814160       130.0211777716      -778.4412066615    102002.7029850790
770000     -6637.0321826871       130.0155228063      -778.4971649138    102002.7029850790
771000     -6637.0260559038       130.0162067495      -778.4967957670    102002.7029850790
772000     -6636.9651004409       130.0186711278      -778.4428757637    102002.7029850790
773000     -6636.9277402129       130.0213737040      -778.2440259955    102002.7029850790
774000     -6636.8619639174       130.0241811467      -777.9965940255    102002.7029850790
775000     -6636.8903456548       130.0212249772      -777.8471640682    102002.7029850790
776000     -6636.8769171886       130.0205651543      -777.7252760666    102002.7029850790
777000     -6636.9023746662       130.0166456093      -777.6381761616    102002.7029850789
778000     -6636.8668231521       130.0213853843      -777.5740825237    102002.7029850789
779000     -6636.8594828940       130.0207661441      -777.4623449305    102002.7029850789
780000     -6636.8973110943       130.0162123956      -777.3021445606    102002.7029850789
781000     -6636.9098977039       130.0155840168      -777.2381697693    102002.7029850789
782000     -6636.8842880352       130.0185675033      -777.3135036585    102002.7029850789
783000     -6636.8775119854       130.0196056645      -777.2199785868    102002.7029850789
784000     -6636.8939930290       130.0180962618      -777.1196363193    102002.7029850789
785000     -6636.8969174624       130.0174979799      -777.1096343564    102002.7029850789
786000     -6636.9071365127       130.0173627508      -777.0520296157    102002.7029850789
787000     -6636.8843996530       130.0198661888      -776.9907461816    102002.7029850789
788000     -6636.8505200804       130.0229178166      -776.9948321606    102002.7029850789
789000     -6636.8567738761       130.0241805324      -777.0741538446    102002.7029850789
790000     -6636.8496094665       130.0259548601      -777.0591699210    102002.7029850789
791000     -6636.8208661588       130.0287977535      -776.9647311125    102002.7029850789
792000     -6636.8006492559       130.0290710953      -777.0325851894    102002.7029850789
793000     -6636.7456925895       130.0336066598      -777.1161349013    102002.7029850789
794000     -6636.7511095420       130.0314074417      -777.0597277389    102002.7029850789
795000     -6636.7922394472       130.0274721902      -777.0366071018    102002.7029850789
796000     -6636.7908665915       130.0268583263      -777.1715886541    102002.7029850789
797000     -6636.7766280052       130.0288845120      -777.2473373561    102002.7029850789
798000     -6636.7668211679       130.0277446015      -777.2752886893    102002.7029850789
799000     -6636.7635662818       130.0286039605      -777.3228064357    102002.7029850789
800000     -6636.7518174092       130.0282493017      -777.4278192639    102002.7029850789
801000     -6636.7297158846       130.0280214460      -777.3928299284    102002.7029850789
802000     -6636.7210834499       130.0275910124      -777.3372149238    102002.7029850789
803000     -6636.7261726359       130.0273901416      -777.4118328623    102002.7029850789
804000     -6636.7123488045       130.0268275059      -777.3208295173    102002.7029850789
805000     -6636.7223433469       130.0252201023      -777.3475306036    102002.7029850789
806000     -6636.7111929650       130.0244417212      -777.3296072822    102002.7029850789
807000     -6636.7098308644       130.0240256342      -777.3005497427    102002.7029850789
808000     -6636.6768945544       130.0264928922      -777.3652535415    102002.7029850789
809000     -6636.6418955449       130.0273425101      -777.3344140014    102002.7029850789
810000     -6636.6622197003       130.0252673329      -777.3127215204    102002.7029850789
811000     -6636.7149831241       130.0209217694      -777.4300664798    102002.7029850789
812000     -6636.6861862123       130.0245383123      -777.4986898632    102002.7029850789
813000     -6636.6814932177       130.0241034312      -777.5091315498    102002.7029850789
814000     -6636.7325255796       130.0211696741      -777.5773081631    102002.7029850789
815000     -6636.7309027405       130.0215402082      -777.6100414490    102002.7029850788
816000     -6636.6859844370       130.0248222606      -777.6582831657    102002.7029850788
817000     -6636.6561363978       130.0268686058      -777.6602400429    102002.7029850788
818000     -6636.6475853581       130.0268324272      -777.8073757386    102002.7029850788
819000     -6636.6268782038       130.0278940451      -777.8241494584    102002.7029850788
820000     -6636.6182336824       130.0286526148      -777.8469855138    102002.7029850788
821000     -6636.5863668748       130.0311631709      -777.8380011693    102002.7029850788
822000     -6636.5929770626       130.0309525994      -777.8384313972    102002.7029850788
823000     -6636.5547667574       130.0331499386      -778.0309189606    102002.7029850788
824000     -6636.5508382844       130.0346775313      -778.0640778867    102002.7029850788
825000     -6636.5948414996       130.0314230589      -778.0725327178    102002.7029850788
826000     -6636.6202081085       130.0299016572      -778.0556290217    102002.7029850788
827000     -6636.6262493626       130.0283888835      -777.9523550016    102002.7029850788
828000     -6636.5647536114       130.0324911084      -777.8557337896    102002.7029850788
829000     -6636.5699981289       130.0310832793      -777.7740591811    102002.7029850788
830000     -6636.5916600608       130.0279705295      -777.6690984712    102002.7029850788
831000     -6636.6168181304       130.0249572255      -777.6118913268    102002.7029850788
832000     -6636.6311284551       130.0243203937      -777.6501565833    102002.7029850788
833000     -6636.6303375261       130.0231971238      -777.4882481522    102002.7029850788
834000     -6636.6205735742       130.0238051674      -777.4162867688    102002.7029850788
835000     -6636.6229217888       130.0235444057      -777.3982591336    102002.7029850788
836000     -6636.5954324553       130.0256456718      -777.3629754539    102002.7029850788
837000     -6636.5968777166       130.0264449545      -777.2954654277    102002.7029850788
838000     -6636.5800409091       130.0271263989      -777.3068892745    102002.7029850788
839000     -6636.5720719211       130.0280410287      -777.3228989705    102002.7029850788
840000     -6636.5654977495       130.0298561175      -777.3365621088    102002.7029850788
841000     -6636.5150911873       130.0340171998      -777.4071093948    102002.7029850788
842000     -6636.4918154451       130.0351013939      -777.4301986017    102002.7029850788
843000     -6636.4611775953       130.0358054678      -777.3550075785    102002.7029850788
844000     -6636.4867621781       130.0343833008      -777.3133339410    102002.7029850788
845000     -6636.4891759754       130.0354550137      -777.3384268086    102002.7029850788
846000     -6636.4911410404       130.0359179571      -777.3152604647    102002.7029850788
847000     -6636.5068516449       130.0333029996      -777.3115251042    102002.7029850788
848000     -6636.5465767977       130.0303864453      -777.3703366236    102002.7029850788
849000     -6636.5770932355       130.0287006539      -777.4346920854    102002.7029850788
850000     -6636.5564238885       130.0321058965      -777.4484994914    102002.7029850788
851000     -6636.5481883721       130.0334189727      -777.5150689261    102002.7029850788
852000     -6636.5701242202       130.0314730832      -777.5316429840    102002.7029850788
853000     -6636.6014803823       130.0282966786      -777.4973245129    102002.7029850788
854000     -6636.5735950780       130.0311085498      -777.4560845417    102002.7029850788
855000     -6636.5322875077       130.0339527359      -777.4741565795    102002.7029850788
856000     -6636.5231354433       130.0340023512      -777.4457674983    102002.7029850788
857000     -6636.4874453994       130.0368565788      -777.4236751563    102002.7029850788
858000     -6636.4609705910       130.0391921427      -777.4070553829    102002.7029850788
859000     -6636.4329763606       130.0405067709      -777.3760502730    102002.7029850788
860000     -6636.4231359205       130.0414420810      -777.2672962073    102002.7029850788
861000     -6636.4117572687       130.0426216795      -777.1927889736    102002.7029850788
862000     -6636.3957940382       130.0443019876      -777.1877538391    102002.7029850788
863000     -6636.3958831164       130.0448732305      -777.0961890946    102002.7029850788
864000     -6636.4181650631       130.0433687286      -776.9924810082    102002.7029850788
865000     -6636.4589959624       130.0403967332      -776.9241380174    102002.7029850788
866000     -6636.4798965695       130.0394649253      -776.9367090113    102002.7029850788
867000     -6636.4821898311       130.0383267553      -776.9421419627    102002.7029850788
868000     -6636.4675173995       130.0396267944      -776.8929369696    102002.7029850788
869000     -6636.4370082848       130.0407327868      -776.8499992196    102002.7029850788
870000     -6636.4411394407       130.0397723182      -776.9038092818    102002.7029850787
871000     -6636.4599749036       130.0368733266      -776.8307460029    102002.7029850787
872000     -6636.4705099191       130.0366329211      -776.6869482515    102002.7029850787
873000     -6636.4844436606       130.0349504451      -776.6062585424    102002.7029850787
874000     -6636.5153177307       130.0322023693      -776.5422261953    102002.7029850787
875000     -6636.5294517674       130.0317436613      -776.5006216188    102002.7029850787
876000     -6636.5062778622       130.0344398409      -776.5348150072    102002.7029850787
877000     -6636.5056284928       130.0351182070      -776.4659811100    102002.7029850787
878000     -6636.5438459703       130.0315354968      -776.4466119756    102002.7029850787
879000     -6636.5313999929       130.0309530875      -776.4031178343    102002.7029850787
880000     -6636.5122313673       130.0334651429      -776.3205007976    102002.7029850787
881000     -6636.5213900766       130.0332428432      -776.2939088504    102002.7029850787
882000     -6636.5210806281       130.0341127282      -776.3653198401    102002.7029850787
883000     -6636.5400048161       130.0331814201      -776.4329886617    102002.7029850787
884000     -6636.5683738208       130.0316154143      -776.4766611979    102002.7029850787
885000     -6636.5875469089       130.0316154515      -776.4749502664    102002.7029850787
886000     -6636.5890328094       130.0321155997      -776.4499554424    102002.7029850787
887000     -6636.6136035692       130.0308096713      -776.4401192499    102002.7029850787
888000     -6636.5978265936       130.0317503273      -776.4708135909    102002.7029850787
889000     -6636.5634250382       130.0346767494      -776.4708251317    102002.7029850787
890000     -6636.5710888158       130.0348136635      -776.5072737669    102002.7029850787
891000     -6636.6044295335       130.0325310093      -776.5700860991    102002.7029850787
892000     -6636.6460204050       130.0301930093      -776.6302436601    102002.7029850787
893000     -6636.6669187225       130.0292943144      -776.6716596965    102002.7029850787
894000     -6636.7270918578       130.0248147250      -776.6455540082    102002.7029850787
895000     -6636.7441124236       130.0250429292      -776.6028545770    102002.7029850787
896000     -6636.7220077982       130.0278192211      -776.5489585770    102002.7029850787
897000     -6636.7054978127       130.0302165581      -776.4517746398    102002.7029850787
898000     -6636.7191465905       130.0290912590      -776.4668584138    102002.7029850787
899000     -6636.7488100310       130.0270188034      -776.4485461080    102002.7029850787
900000     -6636.7639965379       130.0252371575      -776.5490607642    102002.7029850787
901000     -6636.7866773809       130.0225221126      -776.6013864595    102002.7029850787
902000     -6636.7586400459       130.0261104605      -776.6041675041    102002.7029850787
903000     -6636.7537406890       130.0280280795      -776.6749819963    102002.7029850787
904000     -6636.7482158150       130.0298483309      -776.7229030606    102002.7029850787
905000     -6636.7584788811       130.0284274450      -776.7561384206    102002.7029850787
906000     -6636.7739147230       130.0273604520      -776.7544964659    102002.7029850787
907000     -6636.7463836441       130.0303619714      -776.7016891342    102002.7029850787
908000     -6636.7539389499       130.0296344156      -776.6793674108    102002.7029850787
909000     -6636.7792031061       130.0292062951      -776.6770225375    102002.7029850787
910000     -6636.7623131783       130.0309986422      -776.6653112358    102002.7029850787
911000     -6636.7440656824       130.0330318248      -776.6642993278    102002.7029850787
912000     -6636.7357923890       130.0335518163      -776.7322457000    102002.7029850787
913000     -6636.7529125626       130.0315916797      -776.7875914708    102002.7029850787
914000     -6636.7774469900       130.0289810923      -776.8374647547    102002.7029850787
915000     -6636.7501252238       130.0307695520      -776.8713566987    102002.7029850787
916000     -6636.7345925754       130.0317261924      -776.9713481032    102002.7029850787
917000     -6636.7090932616       130.0337242698      -777.0242486068    102002.7029850787
918000     -6636.7234778361       130.0321013161      -777.0413902337    102002.7029850787
919000     -6636.7281682122       130.0325840242      -777.1059461861    102002.7029850787
920000     -6636.7491366386       130.0305562830      -777.1448046045    102002.7029850787
921000     -6636.7787779576       130.0287530030      -777.1704930827    102002.7029850787
922000     -6636.8097152578       130.0262631884      -777.2295870552    102002.7029850787
923000     -6636.8347024859       130.0242315665      -777.3000599340    102002.7029850787
924000     -6636.8376807999       130.0238828657      -777.3400865872    102002.7029850787
925000     -6636.8308107910       130.0233194943      -777.3493387135    102002.7029850787
926000     -6636.8206909885       130.0232540158      -777.3531280585    102002.7029850787
927000     -6636.7845493785       130.0267080198      -777.4175289157    102002.7029850786
928000     -6636.8087455055       130.0256523695      -777.3729722691    102002.7029850786
929000     -6636.8224179024       130.0256914799      -777.3880808949    102002.7029850786
930000     -6636.8500756437       130.0232853442      -777.4162119530    102002.7029850786
931000     -6636.8613755240       130.0229667137      -777.3954460990    102002.7029850786
932000     -6636.8688693227       130.0222363560      -777.4513518772    102002.7029850786
933000     -6636.8654702505       130.0234019340      -777.4485626750    102002.7029850786
934000     -6636.8312758489       130.0252599708      -777.3812009753    102002.7029850786
935000     -6636.8104142153       130.0271931276      -777.3559681712    102002.7029850786
936000     -6636.7946645395       130.0281462318      -777.3065276176    102002.7029850786
937000     -6636.8046110758       130.0278951835      -777.2370384322    102002.7029850786
938000     -6636.8292127546       130.0265700172      -777.2079835892    102002.7029850786
939000     -6636.7984856601       130.0296465332      -777.1664542883    102002.7029850786
940000     -6636.8035469728       130.0292882898      -777.1661291242    102002.7029850786
941000     -6636.8131541890       130.0281315898      -777.0946023974    102002.7029850786
942000     -6636.7826122498       130.0303851477      -777.0057570810    102002.7029850786
943000     -6636.7700132843       130.0308068405      -776.8708530962    102002.7029850786
944000     -6636.7404972936       130.0322282660      -776.8798278137    102002.7029850786
945000     -6636.6912490262       130.0349285439      -776.8073161078    102002.7029850786
946000     -6636.6903406277       130.0352693712      -776.7390039278    102002.7029850786
947000     -6636.6727578990       130.0358176168      -776.7530596305    102002.7029850786
948000     -6636.6979848784       130.0337713212      -776.7807885614    102002.7029850786
949000     -6636.7020123817       130.0334978372      -776.7339413929    102002.7029850786
950000     -6636.6845366831       130.0348311323      -776.7444396554    102002.7029850786
951000     -6636.6892130872       130.0342805361      -776.7926509885    102002.7029850786
952000     -6636.6677279788       130.0362528053      -776.8293971073    102002.7029850786
953000     -6636.6659605843       130.0354919584      -776.8176094280    102002.7029850786
954000     -6636.6627499525       130.0359042292      -776.8683472307    102002.7029850786
955000     -6636.6555474899       130.0383721031      -776.8625847941    102002.7029850786
956000     -6636.6305042273       130.0404704672      -776.8731800217    102002.7029850786
957000     -6636.6037217137       130.0415143237      -776.8806463876    102002.7029850786
958000     -6636.5842661309       130.0438974275      -776.8931234164    102002.7029850786
959000     -6636.5804348928       130.0448991409      -776.9740665054    102002.7029850786
960000     -6636.5667070796       130.0461713150      -776.9646993607    102002.7029850786
961000     -6636.5508390420       130.0475257801      -776.9956612817    102002.7029850786
962000     -6636.5622463512       130.0467670597      -777.0745683169    102002.7029850786
963000     -6636.5828381823       130.0467898432      -777.0195574248    102002.7029850786
964000     -6636.5857189897       130.0467200457      -777.0677994802    102002.7029850786
965000     -6636.5605078783       130.0488552129      -777.1535654674    102002.7029850786
966000     -6636.5438161199       130.0499139485      -777.2910051748    102002.7029850786
967000     -6636.5433975076       130.0512189383      -777.2672431123    102002.7029850786
968000     -6636.5461070130       130.0517505918      -777.2885810383    102002.7029850786
969000     -6636.5511262763       130.0514906105      -777.3673950344    102002.7029850786
970000     -6636.5547350886       130.0533885802      -777.3939728239    102002.7029850786
971000     -6636.5712807534       130.0519152685      -777.4033722570    102002.7029850786
972000     -6636.5627278481       130.0534819720      -777.3883837658    102002.7029850786
973000     -6636.5707935958       130.0519914193      -777.3785857164    102002.7029850786
974000     -6636.5726170401       130.0517595743      -777.3537041309    102002.7029850786
975000     -6636.6064388724       130.0488339424      -777.3671601471    102002.7029850786
976000     -6636.6171635487       130.0480679466      -777.2600262861    102002.7029850786
977000     -6636.6072307353       130.0485054959      -777.3113580279    102002.7029850786
978000     -6636.6229414972       130.0466273079      -777.3041136250    102002.7029850786
979000     -6636.6597473527       130.0442347449      -777.3173159015    102002.7029850786
980000     -6636.6416084945       130.0460908006      -777.3309543503    102002.7029850786
981000     -6636.6267119482       130.0469780269      -777.2722159824    102002.7029850786
982000     -6636.6132488488       130.0478361120      -777.2811869888    102002.7029850786
983000     -6636.6129689192       130.0482729195      -777.2355772365    102002.7029850786
984000     -6636.5790937213       130.0511415791      -777.1846072475    102002.7029850786
985000     -6636.5798452191       130.0513890650      -777.1424066567    102002.7029850786
986000     -6636.5971701438       130.0493732785      -777.1096253300    102002.7029850786
987000     -6636.6085387353       130.0481521586      -777.0738269228    102002.7029850786
988000     -6636.6267810882       130.0460286942      -777.0620733507    102002.7029850786
989000     -6636.6311955886       130.0461738374      -777.0737675545    102002.7029850786
990000     -6636.6336270998       130.0469493544      -776.9455471153    102002.7029850786
991000     -6636.6689307234       130.0443161161      -776.9391210455    102002.7029850786
992000     -6636.6832225852       130.0441231245      -776.9457483274    102002.7029850786
993000     -6636.6644910237       130.0468825188      -776.9531918389    102002.7029850786
994000     -6636.6523072565       130.0480041587      -776.9968102241    102002.7029850786
995000     -6636.6341149214       130.0493810492      -777.0559741136    102002.7029850786
996000     -6636.6212640444       130.0501008637      -777.1329318109    102002.7029850786
997000     -6636.6333322663       130.0498062718      -777.1126641574    102002.7029850786
998000     -6636.6542347548       130.0487303678      -777.1949638219    102002.7029850786
999000     -6636.6869522736       130.0462848021      -777.2280718084    102002.7029850786
1000000     -6636.7064677226       130.0461269945      -777.1561815483    102002.7029850786
