# Time-averaged data for fix runningavgs
# TimeStep v_ra_etotal v_ra_temp v_ra_press v_ra_volume
502000    -10976.9272302111        90.5391952611       968.1377142559    102002.7029850792
503000    -10969.4327260824        90.6857297064       953.1871860500    102002.7029850792
504000    -10970.4972615445        90.6261207373       955.1329231649    102002.7029850792
505000    -10967.7748015396        90.6851020821       965.5526618719    102002.7029850792
506000    -10965.8751476046        90.7802693064       970.1910559788    102002.7029850792
507000    -10965.1326098980        90.8362495170       968.4426085356    102002.7029850792
508000    -10964.5100160443        90.8609348474       964.2619837152    102002.7029850792
509000    -10964.1684298698        90.8708919718       965.2116468075    102002.7029850792
510000    -10963.2246019032        90.9096139920       973.4229225471    102002.7029850792
511000    -10963.1272903975        90.8866023114       977.0447337241    102002.7029850792
512000    -10963.1555857683        90.8845524172       979.4907778830    102002.7029850792
513000    -10963.0699570965        90.9088501880       974.5960666283    102002.7029850792
514000    -10962.2689103157        90.9452007198       976.9490691261    102002.7029850792
515000    -10962.1731283807        90.9559412174       978.6435954412    102002.7029850792
516000    -10962.7632966370        90.9213273761       978.4700000759    102002.7029850792
517000    -10962.6743486307        90.9283364006       980.8802588630    102002.7029850792
518000    -10962.7840422564        90.9224755833       980.3564617289    102002.7029850792
519000    -10963.1202030885        90.9146135939       977.5987614021    102002.7029850792
520000    -10963.5014104866        90.8990589962       976.9705086150    102002.7029850792
521000    -10963.4997464434        90.9118172911       974.7182448691    102002.7029850792
522000    -10963.5377780392        90.9097395587       974.2862912205    102002.7029850792
523000    -10963.6417082773        90.9036686395       972.5252028637    102002.7029850792
524000    -10963.9996802860        90.8957899082       970.9069105038    102002.7029850792
525000    -10963.9101183277        90.9083659140       970.2063457774    102002.7029850792
526000    -10963.5218410429        90.9329718908       969.6364937887    102002.7029850792
527000    -10963.1983960595        90.9487139339       969.9301150947    102002.7029850792
528000    -10962.8310064905        90.9724888951       970.0941324046    102002.7029850792
529000    -10962.8348528512        90.9740324805       970.6930462605    102002.7029850792
530000    -10962.6536174047        90.9902788120       970.1171590448    102002.7029850792
531000    -10962.8127502137        90.9916136600       967.9341731919    102002.7029850792
532000    -10962.8269232868        90.9942496990       967.1525515587    102002.7029850792
533000    -10963.1345279357        90.9879657392       966.9812714433    102002.7029850792
534000    -10963.0509700193        91.0008870173       966.6973038535    102002.7029850792
535000    -10963.2075545012        90.9993889367       966.6501411886    102002.7029850792
536000    -10963.5571642852        90.9910908183       966.1803960315    102002.7029850792
537000    -10963.8537304156        90.9798779628       966.1443862512    102002.7029850792
538000    -10963.9321093327        90.9808171898       965.3337397760    102002.7029850792
539000    -10964.2568785580        90.9749433389       964.1868152095    102002.7029850791
540000    -10964.4403374659        90.9736124588       963.9846297082    102002.7029850791
541000    -10964.6228508454        90.9715736467       964.0189844210    102002.7029850791
542000    -10964.7137907669        90.9724170539       963.8568542160    102002.7029850791
543000    -10964.7401748457        90.9767167035       963.2445932688    102002.7029850791
544000    -10965.0856925004        90.9639753832       963.9478675582    102002.7029850791
545000    -10965.1454845482        90.9673982001       964.0586791216    102002.7029850791
546000    -10965.2110500135        90.9656225331       964.5578747283    102002.7029850791
547000    -10965.3805015488        90.9548271787       964.3695303606    102002.7029850791
548000    -10965.6282346789        90.9422456557       964.3230710652    102002.7029850791
549000    -10965.5307332524        90.9422905337       964.1908417782    102002.7029850791
550000    -10965.5175919323        90.9473360397       963.4978584823    102002.7029850791
551000    -10965.7388293349        90.9376467304       963.3070645253    102002.7029850791
552000    -10965.3580084075        90.9516044021       964.2669241104    102002.7029850791
553000    -10965.4538170589        90.9537684295       963.6261478530    102002.7029850791
554000    -10965.4517907917        90.9542244596       963.0588362388    102002.7029850791
555000    -10965.5963886756        90.9502668279       963.4840356395    102002.7029850791
556000    -10965.7064037481        90.9481241486       963.2654378022    102002.7029850791
557000    -10965.8168557328        90.9445081958       963.2537240171    102002.7029850791
558000    -10965.8692161264        90.9420094077       963.5019237836    102002.7029850791
559000    -10965.8917362865        90.9446590494       963.0346258226    102002.7029850791
560000    -10965.8418630817        90.9463857555       962.1503705807    102002.7029850791
561000    -10965.7368521332        90.9535764491       962.4065965193    102002.7029850791
562000    -10965.5502389062        90.9658440209       962.3637989114    102002.7029850791
563000    -10965.6212482070        90.9695192695       961.7701330223    102002.7029850791
564000    -10965.4612952697        90.9766458209       961.6224907956    102002.7029850791
565000    -10965.5494488051        90.9745420273       961.3513198922    102002.7029850791
566000    -10965.4927126589        90.9797083049       961.0370207689    102002.7029850791
567000    -10965.6658155370        90.9750660278       961.1872450799    102002.7029850791
568000    -10965.6811245336        90.9740172238       961.6692208631    102002.7029850791
569000    -10965.8020843561        90.9735281767       961.5254700570    102002.7029850791
570000    -10965.8646397276        90.9710921548       961.1642515279    102002.7029850791
571000    -10966.0251765859        90.9673162751       960.5413250817    102002.7029850791
572000    -10965.9944610108        90.9693569798       960.2316010942    102002.7029850791
573000    -10966.0196595298        90.9686656863       960.3173657935    102002.7029850791
574000    -10966.1668620773        90.9624989174       959.9428116622    102002.7029850791
575000    -10966.2712592923        90.9556569835       959.7339696324    102002.7029850791
576000    -10966.3884993414        90.9511084751       959.4090395823    102002.7029850791
577000    -10966.3871695886        90.9499167077       959.2279822673    102002.7029850791
578000    -10966.3829305587        90.9504185650       959.0268961260    102002.7029850791
579000    -10966.3671398318        90.9486914815       958.9753549292    102002.7029850791
580000    -10966.3163245352        90.9514993380       958.9515212905    102002.7029850791
581000    -10966.1126470493        90.9609554267       959.3671654806    102002.7029850791
582000    -10966.1344986134        90.9587061815       959.1253630586    102002.7029850791
583000    -10966.0062790077        90.9635692060       958.8897016862    102002.7029850791
584000    -10965.9982052595        90.9606745097       958.9020153752    102002.7029850791
585000    -10965.9029545105        90.9661645371       958.6573824892    102002.7029850791
586000    -10965.8739457092        90.9685070486       958.5545343796    102002.7029850791
587000    -10965.8590066673        90.9699952065       958.6399147420    102002.7029850791
588000    -10965.7040273550        90.9770130144       958.9512582179    102002.7029850791
589000    -10965.6711417452        90.9790098351       959.1791132721    102002.7029850791
590000    -10965.6318309640        90.9786242815       959.3260147316    102002.7029850791
591000    -10965.5241774628        90.9819062215       959.3152292118    102002.7029850792
592000    -10965.4472238868        90.9859664051       959.2593338321    102002.7029850792
593000    -10965.4155961634        90.9868383221       958.9798362076    102002.7029850792
594000    -10965.3184909374        90.9912209545       958.9504560365    102002.7029850792
595000    -10965.2924842672        90.9917583449       959.5253762306    102002.7029850792
596000    -10965.2794219965        90.9909760411       959.4754373899    102002.7029850792
597000    -10965.1133952988        90.9975643385       959.7558208560    102002.7029850792
598000    -10965.0457660694        90.9987475314       959.3756321377    102002.7029850792
599000    -10964.9299169001        91.0028020476       959.2695380006    102002.7029850792
600000    -10964.7564325809        91.0091020224       959.0921223805    102002.7029850792
601000    -10964.7026766076        91.0112011791       959.2832053793    102002.7029850792
602000    -10964.6140201642        91.0122400516       959.5831991394    102002.7029850792
603000    -10964.6935607024        91.0080125838       959.9082503932    102002.7029850792
604000    -10964.6001041050        91.0103141371       960.1092603036    102002.7029850793
605000    -10964.6537936386        91.0066115449       960.0547560739    102002.7029850793
606000    -10964.6913029146        91.0039078968       960.3938271258    102002.7029850793
607000    -10964.6835843009        91.0030786498       960.1509077163    102002.7029850793
608000    -10964.7199236128        91.0016324745       960.0748072336    102002.7029850793
609000    -10964.6909433099        91.0032037251       959.8565283152    102002.7029850793
610000    -10964.5854558431        91.0073079442       959.9866803626    102002.7029850793
611000    -10964.6116883520        91.0069594073       959.6744312314    102002.7029850793
612000    -10964.5166153062        91.0127166922       959.5516665165    102002.7029850793
613000    -10964.6530829682        91.0079067344       959.1186513393    102002.7029850793
614000    -10964.7313829079        91.0037546995       958.7501106030    102002.7029850793
615000    -10964.6417855824        91.0061369274       958.7078738636    102002.7029850793
616000    -10964.4972709199        91.0113842193       958.2719576552    102002.7029850793
617000    -10964.4949861586        91.0112206334       957.9439288765    102002.7029850793
618000    -10964.4763105414        91.0106241152       957.6610272594    102002.7029850793
619000    -10964.5873833215        91.0066552060       957.2991256665    102002.7029850793
620000    -10964.5778962356        91.0075734152       957.0947984856    102002.7029850793
621000    -10964.6710634087        91.0035837975       956.9926577760    102002.7029850793
622000    -10964.6882703031        91.0020509355       956.8919088566    102002.7029850794
623000    -10964.6955116308        91.0023224277       956.9915392885    102002.7029850794
624000    -10964.6558327920        91.0057810403       956.7196854166    102002.7029850794
625000    -10964.6701336338        91.0057847666       956.5072303315    102002.7029850794
626000    -10964.5726704112        91.0098459095       956.8312719325    102002.7029850794
627000    -10964.5320663185        91.0120212356       956.5349453786    102002.7029850794
628000    -10964.4838851697        91.0138719187       956.5441153228    102002.7029850794
629000    -10964.4740264319        91.0128834505       956.5545080828    102002.7029850794
630000    -10964.4180640518        91.0136661346       956.6046343853    102002.7029850794
631000    -10964.3230962586        91.0177912615       956.5112263046    102002.7029850794
632000    -10964.3497252461        91.0154389975       956.3013466485    102002.7029850794
633000    -10964.3728728463        91.0135107857       956.2614760614    102002.7029850794
634000    -10964.4173302929        91.0113030044       956.1375961403    102002.7029850794
635000    -10964.3775967245        91.0135117193       956.3643966392    102002.7029850794
636000    -10964.3463353496        91.0147875597       956.2414116125    102002.7029850794
637000    -10964.3184053423        91.0153172964       956.2478240746    102002.7029850794
638000    -10964.3420436095        91.0123091761       956.4171136778    102002.7029850794
639000    -10964.3314994593        91.0130839010       956.3939514722    102002.7029850794
640000    -10964.3429114926        91.0119667688       956.1653300337    102002.7029850794
641000    -10964.3101115460        91.0128236563       955.9605362640    102002.7029850794
642000    -10964.2787938598        91.0144111682       955.7989428044    102002.7029850794
643000    -10964.2761091682        91.0142209147       955.6486076694    102002.7029850794
644000    -10964.2680701155        91.0132200967       955.6298307125    102002.7029850794
645000    -10964.2674505151        91.0137324712       955.5599276140    102002.7029850794
646000    -10964.2439582161        91.0133789811       955.4736652478    102002.7029850795
647000    -10964.2772289779        91.0119276872       955.3370157853    102002.7029850795
648000    -10964.2600979923        91.0121009872       955.1341875404    102002.7029850795
649000    -10964.2218738472        91.0136659724       955.1962057083    102002.7029850795
650000    -10964.2527328405        91.0121678030       954.9800234177    102002.7029850795
651000    -10964.2599116894        91.0104880546       955.1592633564    102002.7029850795
652000    -10964.2925287239        91.0084530326       955.1232966285    102002.7029850795
653000    -10964.2991291839        91.0098680068       954.8477960454    102002.7029850795
654000    -10964.2345073882        91.0138120502       954.4930661900    102002.7029850795
655000    -10964.2805381282        91.0119748571       954.0563483142    102002.7029850795
656000    -10964.2637357607        91.0118817874       954.2152206404    102002.7029850795
657000    -10964.2559650885        91.0117399442       954.0804354130    102002.7029850795
658000    -10964.3493065564        91.0081724512       953.7189339223    102002.7029850795
659000    -10964.3467952436        91.0083723413       953.2392878500    102002.7029850795
660000    -10964.3772664503        91.0072193752       952.9449742891    102002.7029850795
661000    -10964.4074804973        91.0064545293       952.8779414537    102002.7029850795
662000    -10964.4251860048        91.0053047477       952.8671129897    102002.7029850795
663000    -10964.3878621312        91.0057554459       952.8936581042    102002.7029850795
664000    -10964.3492786451        91.0066922559       952.8929431222    102002.7029850795
665000    -10964.3492542885        91.0067178360       952.8803316175    102002.7029850795
666000    -10964.3052180583        91.0075742183       953.0195767529    102002.7029850795
667000    -10964.2635566473        91.0094730596       953.1439634814    102002.7029850795
668000    -10964.2293165814        91.0103843629       953.1468093844    102002.7029850795
669000    -10964.2649385530        91.0090576569       953.0256864559    102002.7029850795
670000    -10964.3066320180        91.0079968295       952.7913930260    102002.7029850795
671000    -10964.2866262639        91.0088877177       952.6958845582    102002.7029850795
672000    -10964.2520486225        91.0092961102       952.6669238999    102002.7029850795
673000    -10964.1968124469        91.0099782896       952.7466355580    102002.7029850795
674000    -10964.2021616531        91.0103710491       952.8106058295    102002.7029850794
675000    -10964.2484602814        91.0091934878       952.5097774744    102002.7029850794
676000    -10964.2296282669        91.0105379131       952.4090084750    102002.7029850794
677000    -10964.1727999910        91.0129597371       952.4944749478    102002.7029850794
678000    -10964.1625069276        91.0127028444       952.8207140036    102002.7029850794
679000    -10964.0984430276        91.0142334627       953.1125389698    102002.7029850794
680000    -10964.0499437256        91.0163330819       953.0782267405    102002.7029850794
681000    -10964.0794645162        91.0139599371       953.0229329633    102002.7029850794
682000    -10964.1209472372        91.0123587302       953.0439024262    102002.7029850794
683000    -10964.1485960515        91.0104158471       952.9770384397    102002.7029850794
684000    -10964.1289717721        91.0104502467       953.0364695202    102002.7029850794
685000    -10964.0975853849        91.0109293530       953.3774496099    102002.7029850794
686000    -10964.0823520175        91.0106726922       953.3944579848    102002.7029850794
687000    -10964.1144935310        91.0078878784       953.5391493459    102002.7029850794
688000    -10964.0506830489        91.0099256707       953.7213046800    102002.7029850793
689000    -10964.0356113147        91.0093091176       953.9138473583    102002.7029850793
690000    -10964.0266118494        91.0078849324       954.3380662723    102002.7029850793
691000    -10963.9931887292        91.0076066650       954.6828263663    102002.7029850793
692000    -10964.0113391072        91.0058566955       954.6442832686    102002.7029850793
693000    -10963.9705967320        91.0062821636       954.8192222383    102002.7029850793
694000    -10963.9676202496        91.0059383619       954.6136146505    102002.7029850793
695000    -10963.9754694066        91.0045850095       954.5570089101    102002.7029850793
696000    -10963.9401121136        91.0052796262       954.2864354022    102002.7029850793
697000    -10963.9105322123        91.0048130126       954.2950678468    102002.7029850793
698000    -10963.9239181587        91.0036175758       954.2037775307    102002.7029850793
699000    -10963.9453464714        91.0023154989       954.1865338166    102002.7029850793
700000    -10963.9508891521        91.0008979770       954.1068069440    102002.7029850793
701000    -10963.8876051651        91.0024492001       954.1574549519    102002.7029850793
702000    -10963.8382336850        91.0039208038       954.2606361083    102002.7029850793
703000    -10963.7531549859        91.0067968806       954.3387025918    102002.7029850793
704000    -10963.7841527434        91.0045784164       954.3801802138    102002.7029850792
705000    -10963.7743109418        91.0041105447       954.2789438505    102002.7029850792
706000    -10963.7981931842        91.0023785143       954.3255883771    102002.7029850792
707000    -10963.7818341872        91.0029828382       954.4473288681    102002.7029850792
708000    -10963.7951080758        91.0022906370       954.2824674771    102002.7029850792
709000    -10963.8056002425        91.0021839185       954.1300990781    102002.7029850792
710000    -10963.8109110375        91.0026778360       953.8843884201    102002.7029850792
711000    -10963.8657569637        91.0005891699       953.8346528221    102002.7029850792
712000    -10963.8618932843        91.0004992692       954.0073164122    102002.7029850792
713000    -10963.9080354338        90.9982850983       954.0339592683    102002.7029850792
714000    -10963.9212771109        90.9977301421       954.0711071384    102002.7029850792
715000    -10963.9394568637        90.9967023077       954.1024199302    102002.7029850792
716000    -10963.8817529151        90.9986864475       954.2647083475    102002.7029850792
717000    -10963.8379395432        90.9991021930       954.4074193591    102002.7029850792
718000    -10963.7759946651        91.0017661673       954.6613254907    102002.7029850792
719000    -10963.7515303978        91.0023660176       954.7475105862    102002.7029850792
720000    -10963.7396111142        91.0028063712       954.7353657697    102002.7029850792
721000    -10963.7486194028        91.0020185508       954.8839136612    102002.7029850792
722000    -10963.7548717188        91.0015915969       954.9018050813    102002.7029850792
723000    -10963.7486739803        91.0008405962       954.9640874756    102002.7029850792
724000    -10963.7219521647        91.0022175709       955.0946086896    102002.7029850791
725000    -10963.7884033445        90.9995390272       955.2598455291    102002.7029850791
726000    -10963.7160619799        91.0022359315       955.4196228339    102002.7029850791
727000    -10963.6936503524        91.0023345302       955.5045936646    102002.7029850791
728000    -10963.7128410307        91.0021992393       955.4657002724    102002.7029850791
729000    -10963.7355680947        91.0019068253       955.5110260571    102002.7029850791
730000    -10963.7195446492        91.0028564567       955.6735326145    102002.7029850791
731000    -10963.6897307611        91.0037201605       955.8667918565    102002.7029850791
732000    -10963.6784441774        91.0046670925       956.1078099247    102002.7029850791
733000    -10963.7152848351        91.0035551667       956.1851846794    102002.7029850791
734000    -10963.7308310388        91.0032963103       956.4858138732    102002.7029850791
735000    -10963.7253819635        91.0033513682       956.5696281463    102002.7029850791
736000    -10963.7680099032        91.0015631957       956.5572113446    102002.7029850791
737000    -10963.7532434634        91.0014346677       956.6016059598    102002.7029850791
738000    -10963.7413653446        91.0017912608       956.5292444408    102002.7029850791
739000    -10963.7321362144        91.0017565726       956.5266736413    102002.7029850791
740000    -10963.7121765146        91.0027790063       956.4565087828    102002.7029850791
741000    -10963.7350469634        91.0028878337       956.4120869975    102002.7029850791
742000    -10963.7858307938        91.0007371362       956.3268748283    102002.7029850791
743000    -10963.8228760378        90.9988567535       956.3043041661    102002.7029850791
744000    -10963.8516389764        90.9979280091       956.2862758058    102002.7029850791
745000    -10963.8244500886        90.9989795156       956.4593901686    102002.7029850791
746000    -10963.8406057352        90.9989680022       956.4606914138    102002.7029850791
747000    -10963.9183706465        90.9965328007       956.3520201549    102002.7029850791
748000    -10963.9189888227        90.9968188432       956.3487970515    102002.7029850790
749000    -10963.9267027720        90.9965375502       956.3845669970    102002.7029850790
750000    -10963.9159845757        90.9976782966       956.4467578032    102002.7029850790
751000    -10963.9371463175        90.9973269979       956.4830140082    102002.7029850790
752000    -10963.9691947049        90.9964846640       956.4122682487    102002.7029850790
753000    -10963.9412398082        90.9981971125       956.4398831572    102002.7029850790
754000    -10963.9610731033        90.9982030580       956.5116964448    102002.7029850790
755000    -10963.9360213665        91.0000904816       956.6139973247    102002.7029850790
756000    -10963.9628013347        90.9993563644       956.6544663236    102002.7029850790
757000    -10963.9825654012        90.9992154204       956.7032901922    102002.7029850790
758000    -10964.0189525220        90.9986762901       956.6282601425    102002.7029850790
759000    -10964.0237269424        90.9995218667       956.7344926519    102002.7029850790
760000    -10964.0514563577        90.9988104109       956.8937786260    102002.7029850790
761000    -10964.0804862654        90.9988712860       956.9221052521    102002.7029850790
762000    -10964.0969150809        90.9992044760       956.9671313886    102002.7029850790
763000    -10964.1036915873        90.9993681484       956.9732233550    102002.7029850790
764000    -10964.1272990647        90.9996944963       956.9548537210    102002.7029850790
765000    -10964.1389101835        90.9997357230       956.9103706526    102002.7029850790
766000    -10964.1542919577        90.9989711477       956.8735355234    102002.7029850790
767000    -10964.1782173639        90.9978884572       957.0415535981    102002.7029850790
768000    -10964.1907237999        90.9975644703       957.2734720633    102002.7029850790
769000    -10964.2304311476        90.9961924272       957.4237039580    102002.7029850790
770000    -10964.2516695059        90.9956327854       957.6603862502    102002.7029850790
771000    -10964.2918279428        90.9941673337       957.6140517342    102002.7029850790
772000    -10964.2939287421        90.9951289958       957.7666988678    102002.7029850790
773000    -10964.2968530141        90.9959578132       957.9565399668    102002.7029850790
774000    -10964.3075370423        90.9961148462       958.1001083300    102002.7029850790
775000    -10964.3362572264        90.9951589357       958.1556178413    102002.7029850790
776000    -10964.3433350903        90.9951802812       958.2255147500    102002.7029850790
777000    -10964.3683486260        90.9946031541       958.3713753598    102002.7029850789
778000    -10964.3806125880        90.9949887293       958.4658148980    102002.7029850789
779000    -10964.3737521915        90.9964034121       958.6100810863    102002.7029850789
780000    -10964.3731301775        90.9975424255       958.7130726740    102002.7029850789
781000    -10964.3879574911        90.9976895802       958.7208740166    102002.7029850789
782000    -10964.4046788997        90.9976618216       958.6376823640    102002.7029850789
783000    -10964.4381800146        90.9971883938       958.6835093269    102002.7029850789
784000    -10964.4524184402        90.9975069551       958.7006577327    102002.7029850789
785000    -10964.4710233579        90.9975637202       958.7860479977    102002.7029850789
786000    -10964.4769998325        90.9971937759       959.0100390470    102002.7029850789
787000    -10964.4760788085        90.9975972082       959.2618622939    102002.7029850789
788000    -10964.4585587472        90.9995119496       959.3582155722    102002.7029850789
789000    -10964.4906568744        90.9990028767       959.5039882891    102002.7029850789
790000    -10964.5579469991        90.9963888461       959.5647367701    102002.7029850789
791000    -10964.5980044030        90.9945409085       959.4696929168    102002.7029850789
792000    -10964.6227984524        90.9942663326       959.5378624282    102002.7029850789
793000    -10964.5968094094        90.9955725593       959.7499986937    102002.7029850789
794000    -10964.6039046266        90.9958937691       959.9481139803    102002.7029850789
795000    -10964.5850613510        90.9976985138       960.0808345528    102002.7029850789
796000    -10964.5823976534        90.9977418755       960.3122003598    102002.7029850789
797000    -10964.6120227695        90.9968399958       960.3582187261    102002.7029850789
798000    -10964.6189864566        90.9966956469       960.6081716976    102002.7029850789
799000    -10964.6407190324        90.9956628417       960.9102996763    102002.7029850789
800000    -10964.6045617934        90.9972468120       961.1307521205    102002.7029850789
801000    -10964.6413048236        90.9952790900       961.3456485385    102002.7029850789
802000    -10964.6344720282        90.9958180391       961.5571047877    102002.7029850789
803000    -10964.6553714605        90.9944920709       961.8287099819    102002.7029850789
804000    -10964.6854487138        90.9935522365       961.9749099341    102002.7029850789
805000    -10964.7300545482        90.9914078706       962.0601540106    102002.7029850789
806000    -10964.7608194949        90.9900359509       962.2004542907    102002.7029850789
807000    -10964.7611549966        90.9897867629       962.4566080926    102002.7029850789
808000    -10964.7772690080        90.9894239066       962.5986657148    102002.7029850789
809000    -10964.7354172131        90.9920535563       962.8247103312    102002.7029850789
810000    -10964.7311288017        90.9926088443       962.9024741875    102002.7029850789
811000    -10964.7118475646        90.9942098852       962.9973134019    102002.7029850789
812000    -10964.7051817840        90.9951314885       963.1730352300    102002.7029850789
813000    -10964.7200885733        90.9947233232       963.1818307578    102002.7029850789
814000    -10964.7601412689        90.9930865724       963.1586324414    102002.7029850789
815000    -10964.8065236305        90.9914361886       963.1712499123    102002.7029850788
816000    -10964.8247746491        90.9903685092       963.0714233424    102002.7029850788
817000    -10964.8001767521        90.9916009884       963.1882370810    102002.7029850788
818000    -10964.7886195492        90.9914237450       963.2911229545    102002.7029850788
819000    -10964.7953028613        90.9913546278       963.5007785569    102002.7029850788
820000    -10964.7964971371        90.9913727663       963.4600497113    102002.7029850788
821000    -10964.7932936397        90.9914561376       963.5384745860    102002.7029850788
822000    -10964.8103642899        90.9906102246       963.7279601815    102002.7029850788
823000    -10964.8228460015        90.9904723472       963.8750751114    102002.7029850788
824000    -10964.8130488429        90.9914909826       964.0222641788    102002.7029850788
825000    -10964.7854013595        90.9931594093       964.2042880639    102002.7029850788
826000    -10964.8128372502        90.9927579224       964.3459405498    102002.7029850788
827000    -10964.8283127144        90.9928286497       964.3458868293    102002.7029850788
828000    -10964.8313191590        90.9937040373       964.4554206974    102002.7029850788
829000    -10964.8349025390        90.9936523309       964.6000779222    102002.7029850788
830000    -10964.8411366245        90.9942891573       964.7802680654    102002.7029850788
831000    -10964.8411574489        90.9949289493       964.9794563895    102002.7029850788
832000    -10964.8521660966        90.9945863890       965.0770514846    102002.7029850788
833000    -10964.8588213196        90.9952252538       965.1222283796    102002.7029850788
834000    -10964.8552371537        90.9956817189       965.3214620898    102002.7029850788
835000    -10964.8552645529        90.9964418519       965.4951669089    102002.7029850788
836000    -10964.8899497848        90.9956703170       965.6340201682    102002.7029850788
837000    -10964.8853590800        90.9966438482       965.8254691280    102002.7029850788
838000    -10964.8651490450        90.9982924564       965.8817937162    102002.7029850788
839000    -10964.8604298443        90.9996060791       966.0098866151    102002.7029850788
840000    -10964.8862558176        90.9996302126       966.0634354143    102002.7029850788
841000    -10964.8786423585        91.0007535592       966.1902602966    102002.7029850788
842000    -10964.9159459862        90.9997416914       966.2138394324    102002.7029850788
843000    -10964.9641309931        90.9980649448       966.2339268140    102002.7029850788
844000    -10964.9963401822        90.9971232431       966.2095585757    102002.7029850788
845000    -10965.0193879259        90.9961229351       966.2501859744    102002.7029850788
846000    -10965.0261697009        90.9965907595       966.3322623864    102002.7029850788
847000    -10965.0279065473        90.9969719851       966.3494625252    102002.7029850788
848000    -10965.0600303454        90.9952864548       966.3797137033    102002.7029850788
849000    -10965.0587355221        90.9955329494       966.5778013537    102002.7029850788
850000    -10965.0852839001        90.9946628951       966.6362946899    102002.7029850788
851000    -10965.1175077457        90.9933865734       966.8328308925    102002.7029850788
852000    -10965.1301082066        90.9935001494       967.0031433920    102002.7029850788
853000    -10965.1210376273        90.9950013816       967.0854410045    102002.7029850788
854000    -10965.1546116049        90.9938137046       967.2242338880    102002.7029850788
855000    -10965.1708392199        90.9934155612       967.3444236966    102002.7029850788
856000    -10965.1866899854        90.9929676756       967.4814402656    102002.7029850788
857000    -10965.2107846756        90.9922669225       967.5426269136    102002.7029850788
858000    -10965.2255134269        90.9913513730       967.6738428419    102002.7029850788
859000    -10965.2417410886        90.9904542873       967.8671402002    102002.7029850788
860000    -10965.2574259617        90.9904020363       967.9214308083    102002.7029850788
861000    -10965.2539065468        90.9910738110       968.0383009100    102002.7029850788
862000    -10965.2545491853        90.9920524277       968.1046066613    102002.7029850788
863000    -10965.2449557300        90.9924861862       968.2144148949    102002.7029850788
864000    -10965.2417097043        90.9926261926       968.3201372357    102002.7029850788
865000    -10965.2526946030        90.9925488905       968.4034399951    102002.7029850788
866000    -10965.2681461388        90.9920774446       968.3799929926    102002.7029850788
867000    -10965.2918520956        90.9916941633       968.3932334507    102002.7029850788
868000    -10965.2850808967        90.9917372745       968.5167525640    102002.7029850788
869000    -10965.3006737764        90.9914562830       968.5646864759    102002.7029850788
870000    -10965.3360525270        90.9905769732       968.6629761515    102002.7029850787
871000    -10965.3491227213        90.9902570386       968.6892019403    102002.7029850787
872000    -10965.3361528118        90.9915741147       968.7993325658    102002.7029850787
873000    -10965.3738593999        90.9905618463       968.9326671477    102002.7029850787
874000    -10965.3384554873        90.9926170097       969.0766028075    102002.7029850787
875000    -10965.3504673526        90.9922533454       969.2159066945    102002.7029850787
876000    -10965.3744145197        90.9915222978       969.2367173917    102002.7029850787
877000    -10965.3796221244        90.9911753665       969.3014743460    102002.7029850787
878000    -10965.3663295051        90.9915596181       969.4633181724    102002.7029850787
879000    -10965.3646261154        90.9913722230       969.5803587195    102002.7029850787
880000    -10965.3605460692        90.9913691239       969.6442826534    102002.7029850787
881000    -10965.3625914585        90.9915251163       969.7335353703    102002.7029850787
882000    -10965.3783990974        90.9911341872       969.8049414648    102002.7029850787
883000    -10965.3743891248        90.9916114312       969.8664924013    102002.7029850787
884000    -10965.3498224232        90.9927634423       970.0134833848    102002.7029850787
885000    -10965.3406548887        90.9935788515       970.1338041009    102002.7029850787
886000    -10965.3319608368        90.9938875711       970.2979861568    102002.7029850787
887000    -10965.3442524661        90.9936828889       970.3819056431    102002.7029850787
888000    -10965.3175376633        90.9951826002       970.4648292251    102002.7029850787
889000    -10965.3197850135        90.9955860340       970.5211362123    102002.7029850787
890000    -10965.3199034806        90.9953152289       970.6129490590    102002.7029850787
891000    -10965.3263447509        90.9940596726       970.6273155585    102002.7029850787
892000    -10965.3073095469        90.9947297499       970.6868429663    102002.7029850787
893000    -10965.3068347496        90.9943926714       970.7121463294    102002.7029850787
894000    -10965.3166642285        90.9943346963       970.5862184121    102002.7029850787
895000    -10965.3092848991        90.9946120159       970.6617389642    102002.7029850787
896000    -10965.2792468894        90.9956979946       970.7255134843    102002.7029850787
897000    -10965.2869736369        90.9948302782       970.7769914991    102002.7029850787
898000    -10965.2678857294        90.9953613312       970.7577832567    102002.7029850787
899000    -10965.2796856673        90.9948588002       970.7126968605    102002.7029850787
900000    -10965.2943551530        90.9940789178       970.6878694883    102002.7029850787
901000    -10965.3073429431        90.9933390258       970.6596339710    102002.7029850787
902000    -10965.2975570919        90.9938497163       970.6897144746    102002.7029850787
903000    -10965.3020279142        90.9940756873       970.7097867868    102002.7029850787
904000    -10965.3090989715        90.9935992932       970.6315285020    102002.7029850787
905000    -10965.2952175120        90.9937605647       970.6344248135    102002.7029850787
906000    -10965.3012137128        90.9929392578       970.6291729539    102002.7029850787
907000    -10965.2986666201        90.9927189911       970.7208631040    102002.7029850787
908000    -10965.2514347344        90.9944227202       970.7852142010    102002.7029850787
909000    -10965.2390194563        90.9946417472       970.7682243156    102002.7029850787
910000    -10965.2846265322        90.9921026950       970.6809312981    102002.7029850787
911000    -10965.2688571904        90.9929707501       970.6335213843    102002.7029850787
912000    -10965.2847620054        90.9918906989       970.6637793393    102002.7029850787
913000    -10965.2803638457        90.9921920507       970.6369476898    102002.7029850787
914000    -10965.2487970641        90.9932729777       970.6638943412    102002.7029850787
915000    -10965.2392203765        90.9936959664       970.6259735991    102002.7029850787
916000    -10965.2301664375        90.9936699999       970.7253622830    102002.7029850787
917000    -10965.2372029017        90.9933372897       970.7249428755    102002.7029850787
918000    -10965.2329578136        90.9930779192       970.8457304972    102002.7029850787
919000    -10965.2644090543        90.9912012619       970.8832104993    102002.7029850787
920000    -10965.2348708831        90.9914838324       971.0514368180    102002.7029850787
921000    -10965.2309798604        90.9915088129       971.0235763601    102002.7029850787
922000    -10965.2227004945        90.9913482066       971.0178597015    102002.7029850787
923000    -10965.2166475938        90.9910020992       970.9422404938    102002.7029850787
924000    -10965.2102221730        90.9904314773       970.9121060742    102002.7029850787
925000    -10965.2139695337        90.9898159403       970.9300840282    102002.7029850787
926000    -10965.1954063798        90.9898400265       970.9652317467    102002.7029850787
927000    -10965.1960165937        90.9893354628       970.9686983933    102002.7029850786
928000    -10965.2143267155        90.9881158968       971.0055422320    102002.7029850786
929000    -10965.2022173713        90.9885429784       971.1262244567    102002.7029850786
930000    -10965.1894768800        90.9891805035       971.2255685551    102002.7029850786
931000    -10965.1820096342        90.9896251772       971.2846550257    102002.7029850786
932000    -10965.1367408149        90.9914992125       971.3007551202    102002.7029850786
933000    -10965.1332036457        90.9911383024       971.4371574224    102002.7029850786
934000    -10965.1253048081        90.9915592243       971.5289357461    102002.7029850786
935000    -10965.1043281169        90.9927730147       971.6061249223    102002.7029850786
936000    -10965.0992811247        90.9925448371       971.7381119337    102002.7029850786
937000    -10965.0845493142        90.9932033019       971.7964651405    102002.7029850786
938000    -10965.0696145896        90.9934862558       971.7881223081    102002.7029850786
939000    -10965.0713153680        90.9927779332       971.8558094208    102002.7029850786
940000    -10965.0868109088        90.9916208987       971.8810873923    102002.7029850786
941000    -10965.0728259321        90.9917200231       971.9226910936    102002.7029850786
942000    -10965.0945271993        90.9906244697       971.9480760022    102002.7029850786
943000    -10965.0779653200        90.9910697000       972.0586786664    102002.7029850786
944000    -10965.0781565784        90.9910269423       972.1440879477    102002.7029850786
945000    -10965.0950390546        90.9900836639       972.2105579424    102002.7029850786
946000    -10965.0799800993        90.9908669506       972.2372918904    102002.7029850786
947000    -10965.0784213799        90.9906477891       972.3136074929    102002.7029850786
948000    -10965.0868163263        90.9901138532       972.2991452446    102002.7029850786
949000    -10965.1070337711        90.9888549319       972.3482176744    102002.7029850786
950000    -10965.0969639370        90.9890342193       972.3733619196    102002.7029850786
951000    -10965.0884575687        90.9890704838       972.3693556177    102002.7029850786
952000    -10965.0781517404        90.9888488143       972.4303330864    102002.7029850786
953000    -10965.0418697727        90.9895437481       972.5667707484    102002.7029850786
954000    -10965.0284711858        90.9894701972       972.6075642226    102002.7029850786
955000    -10965.0145894170        90.9894297211       972.5856772349    102002.7029850786
956000    -10964.9873640018        90.9904200793       972.6870038489    102002.7029850786
957000    -10964.9930101895        90.9891523453       972.7324806742    102002.7029850786
958000    -10964.9930485511        90.9887604963       972.7192113428    102002.7029850786
959000    -10964.9553914621        90.9897742894       972.8339509064    102002.7029850786
960000    -10964.9481150293        90.9898429748       972.8887877304    102002.7029850786
961000    -10964.9302016378        90.9899876713       972.9009010723    102002.7029850786
962000    -10964.9213540564        90.9899976098       972.9086493944    102002.7029850786
963000    -10964.9116461508        90.9896488836       972.7557935407    102002.7029850786
964000    -10964.9037820556        90.9893013532       972.7448681194    102002.7029850786
965000    -10964.9215455209        90.9878435405       972.6766661327    102002.7029850786
966000    -10964.8845753583        90.9887255534       972.7405554146    102002.7029850786
967000    -10964.8597863415        90.9889766383       972.7894688416    102002.7029850786
968000    -10964.8414095476        90.9894511917       972.8258026363    102002.7029850786
969000    -10964.8396001822        90.9886900830       972.8009713536    102002.7029850786
970000    -10964.8330041735        90.9883831735       972.8170310612    102002.7029850786
971000    -10964.8190397724        90.9886614954       972.8219951943    102002.7029850786
972000    -10964.8255866655        90.9882425992       972.8143393162    102002.7029850786
973000    -10964.8101102533        90.9887687340       972.9155227677    102002.7029850786
974000    -10964.7949323993        90.9888569329       972.8347385072    102002.7029850786
975000    -10964.7864694266        90.9889122307       972.8372348722    102002.7029850786
976000    -10964.7943416261        90.9880719225       972.7429250114    102002.7029850786
977000    -10964.7964475778        90.9879656985       972.6553057498    102002.7029850786
978000    -10964.7836495887        90.9884801339       972.6925184072    102002.7029850786
979000    -10964.7913799371        90.9878874078       972.5776662851    102002.7029850786
980000    -10964.8033219762        90.9872700001       972.3340377916    102002.7029850786
981000    -10964.7969429503        90.9876054056       972.2431121041    102002.7029850786
982000    -10964.7955546401        90.9877641013       972.0847958133    102002.7029850786
983000    -10964.8149981991        90.9865464673       972.0712180387    102002.7029850786
984000    -10964.8166314937        90.9865734420       971.9425917638    102002.7029850786
985000    -10964.7936242145        90.9877760729       971.9492113951    102002.7029850786
986000    -10964.8091210915        90.9865346393       971.9200891124    102002.7029850786
987000    -10964.8035397382        90.9866307815       971.8576368066    102002.7029850786
988000    -10964.8097105984        90.9866570555       971.7516278974    102002.7029850786
989000    -10964.8340997152        90.9855987715       971.7070564104    102002.7029850786
990000    -10964.8201820415        90.9862791882       971.6743177007    102002.7029850786
991000    -10964.8347543962        90.9856212799       971.5916052927    102002.7029850786
992000    -10964.8394100257        90.9857566575       971.5010481855    102002.7029850786
993000    -10964.8541090785        90.9852381864       971.4897296663    102002.7029850786
994000    -10964.8543392564        90.9851481532       971.4772502298    102002.7029850786
995000    -10964.8662846337        90.9847168963       971.4808518371    102002.7029850786
996000    -10964.8694931877        90.9845931545       971.4113003479    102002.7029850786
997000    -10964.8813886827        90.9838564061       971.2614344352    102002.7029850786
998000    -10964.8726792984        90.9842107589       971.2296284551    102002.7029850786
999000    -10964.9004883560        90.9828236346       971.1471139228    102002.7029850786
1000000    -10964.8723279095        90.9836771030       971.0496646910    102002.7029850786
