# Time-averaged data for fix runningavgs
# TimeStep v_ra_etotal v_ra_temp v_ra_press v_ra_volume
502000     -6703.0279734398       110.3880911426      -639.1223243321    102002.7029850792
503000     -6700.7165601989       110.5517934491      -648.7634929707    102002.7029850792
504000     -6702.2349884740       110.3831226003      -665.6288180980    102002.7029850792
505000     -6703.5542423544       110.2465563396      -672.4767774384    102002.7029850792
506000     -6703.2808786820       110.2966212704      -678.0046803350    102002.7029850792
507000     -6702.9492280258       110.3115347183      -680.5504315534    102002.7029850792
508000     -6702.1783248097       110.3681296030      -677.5983593396    102002.7029850792
509000     -6703.1520996552       110.2734050433      -677.9557304827    102002.7029850792
510000     -6703.7062539677       110.2170001864      -676.5899464529    102002.7029850792
511000     -6702.6262265057       110.3058232935      -677.8367401477    102002.7029850792
512000     -6702.6174518032       110.3040916133      -680.2709742844    102002.7029850792
513000     -6702.8621271773       110.2831226114      -679.8485427127    102002.7029850792
514000     -6703.4592748430       110.2395870261      -677.8936037195    102002.7029850792
515000     -6704.4004028851       110.1322356466      -677.6051874195    102002.7029850792
516000     -6704.9478382850       110.0898531297      -675.2115534558    102002.7029850792
517000     -6704.7527285668       110.1074422808      -674.7827575038    102002.7029850792
518000     -6704.7552795453       110.1195574838      -676.1838324087    102002.7029850792
519000     -6704.1506696595       110.1724115640      -676.4853803032    102002.7029850792
520000     -6704.6979781803       110.1236683213      -676.0966528831    102002.7029850792
521000     -6704.8367693729       110.1053650759      -676.0603382886    102002.7029850792
522000     -6705.0018964954       110.0933577033      -675.6549218574    102002.7029850792
523000     -6704.8977955325       110.0978250583      -675.4907677335    102002.7029850792
524000     -6705.1998262094       110.0726287647      -675.8997417984    102002.7029850792
525000     -6705.2001940167       110.0685327460      -678.7059571223    102002.7029850792
526000     -6705.2612879957       110.0673745984      -678.1301497389    102002.7029850792
527000     -6705.7648617729       110.0210786641      -678.2807694399    102002.7029850792
528000     -6705.9016598330       110.0083400235      -678.4957883953    102002.7029850792
529000     -6706.1190242715       109.9934626645      -677.3929955412    102002.7029850792
530000     -6706.4442413078       109.9616471291      -678.0888581403    102002.7029850792
531000     -6706.5233529527       109.9563775018      -678.3948497477    102002.7029850792
532000     -6706.4460083715       109.9665380491      -678.6382388061    102002.7029850792
533000     -6706.1623018707       110.0003081805      -678.1784617596    102002.7029850792
534000     -6706.1729426353       109.9898105711      -678.6094039397    102002.7029850792
535000     -6706.4986833370       109.9563953533      -678.3926511304    102002.7029850792
536000     -6706.5993635122       109.9493572236      -677.6029163857    102002.7029850792
537000     -6706.6807875960       109.9343939548      -678.1343547786    102002.7029850792
538000     -6706.7594243394       109.9262514447      -677.6039450505    102002.7029850792
539000     -6706.9298812425       109.9114411887      -677.0355640020    102002.7029850791
540000     -6706.9931476336       109.9015483130      -676.1430708246    102002.7029850791
541000     -6706.8173429707       109.9147846007      -676.1514951755    102002.7029850791
542000     -6706.3831552548       109.9537605218      -676.1397579661    102002.7029850791
543000     -6706.3228963791       109.9568368862      -675.9620633821    102002.7029850791
544000     -6706.1106124548       109.9785359795      -675.8881011686    102002.7029850791
545000     -6706.0401967315       109.9879472636      -675.9676304042    102002.7029850791
546000     -6705.9933871961       109.9960262106      -676.0530135067    102002.7029850791
547000     -6705.8890916840       110.0035715487      -676.2521341546    102002.7029850791
548000     -6705.7620406827       110.0175649915      -676.5115861311    102002.7029850791
549000     -6705.6816905207       110.0288367732      -676.7522511739    102002.7029850791
550000     -6705.5210029581       110.0370727914      -677.0619093823    102002.7029850791
551000     -6705.4443906703       110.0398896507      -677.2225643285    102002.7029850791
552000     -6705.4204095493       110.0378927750      -677.1942146382    102002.7029850791
553000     -6705.5066579364       110.0298410891      -677.4653938225    102002.7029850791
554000     -6705.4587206714       110.0268787448      -677.7452573432    102002.7029850791
555000     -6705.2008351780       110.0440532519      -677.8477282553    102002.7029850791
556000     -6705.1681529874       110.0438243466      -678.2327882615    102002.7029850791
557000     -6705.1614465311       110.0415417367      -677.9954455839    102002.7029850791
558000     -6705.2278274494       110.0299830961      -677.8209338102    102002.7029850791
559000     -6705.2856957783       110.0213021099      -677.8171336388    102002.7029850791
560000     -6705.4065231373       110.0041135970      -678.1140272836    102002.7029850791
561000     -6705.4969480554       109.9936350724      -677.9294390753    102002.7029850791
562000     -6705.4921136035       109.9923281441      -678.1215871029    102002.7029850791
563000     -6705.2451552939       110.0121061575      -678.0497404802    102002.7029850791
564000     -6705.4263412169       110.0001597122      -677.8482665437    102002.7029850791
565000     -6705.3127756281       110.0049739011      -677.5926941602    102002.7029850791
566000     -6705.3620643481       110.0018371771      -677.6298581323    102002.7029850791
567000     -6705.2512292798       110.0156726035      -678.2896805716    102002.7029850791
568000     -6705.2668125284       110.0158583493      -678.7935624593    102002.7029850791
569000     -6705.1343820087       110.0256929234      -679.4678748801    102002.7029850791
570000     -6704.9959666712       110.0373214269      -679.4265949401    102002.7029850791
571000     -6704.9295624056       110.0419742633      -679.6822390811    102002.7029850791
572000     -6705.0899851413       110.0309189939      -679.2567454809    102002.7029850791
573000     -6705.2295919521       110.0166129145      -679.4621575269    102002.7029850791
574000     -6705.1841075988       110.0208937726      -679.9714324564    102002.7029850791
575000     -6705.0496070486       110.0350946384      -680.5526031453    102002.7029850791
576000     -6705.0155086783       110.0404687973      -680.5189766719    102002.7029850791
577000     -6704.8664906895       110.0556261103      -680.8337808827    102002.7029850791
578000     -6704.8030854743       110.0593384358      -681.0083442133    102002.7029850791
579000     -6704.7601145201       110.0662337005      -681.0386928608    102002.7029850791
580000     -6704.7594812411       110.0684481781      -681.4411978350    102002.7029850791
581000     -6704.6528090235       110.0768300915      -681.7144477320    102002.7029850791
582000     -6704.5147595860       110.0883106175      -681.6810871697    102002.7029850791
583000     -6704.5001303698       110.0858745120      -681.9100764419    102002.7029850791
584000     -6704.3800877149       110.0968301978      -682.4402238748    102002.7029850791
585000     -6704.3191057628       110.1014737775      -682.3579323494    102002.7029850791
586000     -6704.3740587569       110.0973461896      -682.7386615893    102002.7029850791
587000     -6704.3006816166       110.1006344290      -682.9537896998    102002.7029850791
588000     -6704.3785856539       110.0913177612      -683.2684970586    102002.7029850791
589000     -6704.2491721400       110.1031554195      -683.7189739104    102002.7029850791
590000     -6704.3162828269       110.0955282494      -683.9744751163    102002.7029850791
591000     -6704.2978772825       110.0958319091      -684.0579964188    102002.7029850792
592000     -6704.3393274632       110.0944077975      -683.9722071433    102002.7029850792
593000     -6704.3583635003       110.0899885107      -684.2493431284    102002.7029850792
594000     -6704.3144023009       110.0941404793      -684.0742308756    102002.7029850792
595000     -6704.2652300976       110.0985746778      -684.2307833364    102002.7029850792
596000     -6704.4025816965       110.0870830089      -684.4655209118    102002.7029850792
597000     -6704.4275560525       110.0845087811      -684.6498374003    102002.7029850792
598000     -6704.5153680430       110.0778508035      -684.6456157486    102002.7029850792
599000     -6704.5159843577       110.0774937661      -684.5923294490    102002.7029850792
600000     -6704.5927633931       110.0667762158      -684.6258261981    102002.7029850792
601000     -6704.5510309721       110.0680132677      -684.3615079352    102002.7029850792
602000     -6704.5393276228       110.0690606117      -683.9933529202    102002.7029850792
603000     -6704.4081159544       110.0793801163      -684.0235311178    102002.7029850792
604000     -6704.4482856867       110.0789356519      -684.2237738549    102002.7029850793
605000     -6704.3862303652       110.0848393423      -684.1553295033    102002.7029850793
606000     -6704.3848375927       110.0860277307      -684.1673515750    102002.7029850793
607000     -6704.4260804907       110.0820227279      -683.9658959031    102002.7029850793
608000     -6704.4814195807       110.0757256950      -683.7669870278    102002.7029850793
609000     -6704.4187529621       110.0834587969      -683.4892646788    102002.7029850793
610000     -6704.3439759386       110.0895724402      -683.6311440467    102002.7029850793
611000     -6704.2608050299       110.0980429058      -683.6059372393    102002.7029850793
612000     -6704.2151874996       110.1018461443      -683.7381526462    102002.7029850793
613000     -6704.1961377198       110.1045734015      -683.5723648712    102002.7029850793
614000     -6704.1333555903       110.1099904010      -683.4891031028    102002.7029850793
615000     -6704.0702267628       110.1151198206      -683.5290549746    102002.7029850793
616000     -6704.1001534534       110.1120664061      -683.6536168441    102002.7029850793
617000     -6704.2018299113       110.1028840806      -683.6909167963    102002.7029850793
618000     -6704.1847912949       110.1053177015      -683.7621345029    102002.7029850793
619000     -6704.2381883987       110.1010927948      -683.7217533399    102002.7029850793
620000     -6704.2670504501       110.0983777819      -683.8095042755    102002.7029850793
621000     -6704.2436268423       110.1004444391      -683.6546094775    102002.7029850793
622000     -6704.2700105155       110.0991952841      -683.9916988967    102002.7029850794
623000     -6704.3304191938       110.0934706076      -684.2072994274    102002.7029850794
624000     -6704.4043247225       110.0869724257      -684.0671387139    102002.7029850794
625000     -6704.4672124190       110.0810958434      -684.2769168862    102002.7029850794
626000     -6704.5737132464       110.0704235089      -684.4827161724    102002.7029850794
627000     -6704.6260588263       110.0669054202      -684.3809539420    102002.7029850794
628000     -6704.5870340873       110.0716618139      -684.3651329608    102002.7029850794
629000     -6704.5880832941       110.0703871270      -684.7533700385    102002.7029850794
630000     -6704.6123210818       110.0701585938      -684.8275741572    102002.7029850794
631000     -6704.6961236647       110.0628175407      -684.7465020460    102002.7029850794
632000     -6704.7338702832       110.0586744108      -684.8487518150    102002.7029850794
633000     -6704.7473410994       110.0563850788      -684.7444299232    102002.7029850794
634000     -6704.6280926524       110.0678763315      -684.8745516497    102002.7029850794
635000     -6704.6147246300       110.0679250525      -685.0966728198    102002.7029850794
636000     -6704.5375558447       110.0742560916      -685.1297917137    102002.7029850794
637000     -6704.5689348410       110.0705834057      -685.0037603351    102002.7029850794
638000     -6704.5948754044       110.0677461130      -684.9553719632    102002.7029850794
639000     -6704.6010236488       110.0671275875      -685.1034519145    102002.7029850794
640000     -6704.6297986027       110.0643035519      -685.1291417411    102002.7029850794
641000     -6704.6666560670       110.0618670161      -685.1352015088    102002.7029850794
642000     -6704.6986630187       110.0571725973      -685.3550961421    102002.7029850794
643000     -6704.6702927260       110.0604149276      -685.2551313685    102002.7029850794
644000     -6704.6926030797       110.0583390283      -685.1661103450    102002.7029850794
645000     -6704.6266777717       110.0624269309      -684.9281384492    102002.7029850794
646000     -6704.5706554622       110.0664554398      -684.5313157430    102002.7029850795
647000     -6704.4999146869       110.0736478042      -684.3395704764    102002.7029850795
648000     -6704.5147425658       110.0719863003      -684.2588209278    102002.7029850795
649000     -6704.5214673697       110.0714128119      -684.2959026603    102002.7029850795
650000     -6704.5345254690       110.0706342859      -683.9714248068    102002.7029850795
651000     -6704.5531550643       110.0701869326      -683.7947179957    102002.7029850795
652000     -6704.5837311577       110.0680594283      -683.7223901962    102002.7029850795
653000     -6704.6320595392       110.0626181200      -683.4908915386    102002.7029850795
654000     -6704.6672559326       110.0605207457      -683.3834398514    102002.7029850795
655000     -6704.7402898743       110.0527189437      -683.2959783384    102002.7029850795
656000     -6704.7469897852       110.0514571015      -683.2671813203    102002.7029850795
657000     -6704.8448568279       110.0434050020      -683.0985905770    102002.7029850795
658000     -6704.8411710660       110.0427159301      -682.9319960260    102002.7029850795
659000     -6704.7937933379       110.0467718215      -682.8680362499    102002.7029850795
660000     -6704.8107524714       110.0452516026      -682.5216569189    102002.7029850795
661000     -6704.8109348644       110.0447031606      -682.3619212237    102002.7029850795
662000     -6704.8220397081       110.0437723791      -682.3681745529    102002.7029850795
663000     -6704.7472764948       110.0508077893      -682.3001444099    102002.7029850795
664000     -6704.7294715639       110.0512351123      -682.0720115377    102002.7029850795
665000     -6704.7615034190       110.0457361203      -682.1594661128    102002.7029850795
666000     -6704.8295570969       110.0400469986      -682.3239638598    102002.7029850795
667000     -6704.8946265928       110.0357956216      -682.2407123780    102002.7029850795
668000     -6704.9276089556       110.0338661192      -682.5576755429    102002.7029850795
669000     -6704.9956295326       110.0284803312      -682.5480957215    102002.7029850795
670000     -6705.0063387771       110.0277275809      -682.4233650144    102002.7029850795
671000     -6705.0112344452       110.0279424221      -682.4428181829    102002.7029850795
672000     -6705.0152292551       110.0259026615      -682.5888598043    102002.7029850795
673000     -6705.0039901268       110.0278427154      -682.4969636284    102002.7029850795
674000     -6704.9860266937       110.0299012135      -682.4999443129    102002.7029850794
675000     -6704.9051063340       110.0369964485      -682.7080332642    102002.7029850794
676000     -6704.8921421441       110.0374643947      -682.6043896007    102002.7029850794
677000     -6704.9250777875       110.0355195448      -682.4560733289    102002.7029850794
678000     -6704.9854543145       110.0291042288      -682.6087045542    102002.7029850794
679000     -6704.9815614455       110.0296175532      -682.5801489977    102002.7029850794
680000     -6704.9439169908       110.0341538386      -682.5889348322    102002.7029850794
681000     -6704.9392033673       110.0359570962      -682.6899008053    102002.7029850794
682000     -6704.9264291195       110.0368291503      -682.9459288315    102002.7029850794
683000     -6704.8936525192       110.0410076425      -682.8568650806    102002.7029850794
684000     -6704.8731049944       110.0431450686      -682.8753039635    102002.7029850794
685000     -6704.9392827158       110.0365199846      -683.0053400115    102002.7029850794
686000     -6704.9294905090       110.0371948958      -682.9474517924    102002.7029850794
687000     -6704.9153092433       110.0393798228      -682.8927134163    102002.7029850794
688000     -6704.9033759177       110.0403363031      -682.9803764613    102002.7029850793
689000     -6704.8875734944       110.0421116640      -682.9631721436    102002.7029850793
690000     -6704.8610365290       110.0449753950      -682.8657311513    102002.7029850793
691000     -6704.8504771942       110.0448141511      -682.9779948586    102002.7029850793
692000     -6704.8784732168       110.0420430179      -682.8510781288    102002.7029850793
693000     -6704.9388720835       110.0363842167      -682.7262511635    102002.7029850793
694000     -6704.9709532620       110.0322936522      -682.7419975346    102002.7029850793
695000     -6704.9622241069       110.0332346076      -682.7491601205    102002.7029850793
696000     -6704.9529810884       110.0359364871      -682.7205633491    102002.7029850793
697000     -6704.9238067547       110.0393799169      -682.7658821135    102002.7029850793
698000     -6704.9340188644       110.0384520028      -682.7867177259    102002.7029850793
699000     -6704.9037482115       110.0420670032      -682.7300775589    102002.7029850793
700000     -6704.8800721876       110.0452405315      -682.7523800227    102002.7029850793
701000     -6704.8826932132       110.0442300586      -682.7752820377    102002.7029850793
702000     -6704.9151656588       110.0417857742      -682.9711781793    102002.7029850793
703000     -6704.9908889699       110.0353277622      -682.8243589690    102002.7029850793
704000     -6705.0076460961       110.0343289958      -682.9139133350    102002.7029850792
705000     -6704.9916598867       110.0357554308      -682.9243681036    102002.7029850792
706000     -6705.0284593813       110.0330090180      -682.6684575063    102002.7029850792
707000     -6705.0629762615       110.0298905823      -682.6401156280    102002.7029850792
708000     -6705.0768611745       110.0289511249      -682.6246298118    102002.7029850792
709000     -6705.0158524687       110.0346868101      -682.5139267333    102002.7029850792
710000     -6705.0231894449       110.0349138753      -682.3716819857    102002.7029850792
711000     -6705.0595076063       110.0307809624      -682.3741979599    102002.7029850792
712000     -6705.0431306557       110.0329848488      -682.1422848654    102002.7029850792
713000     -6705.0130318277       110.0358803828      -681.9817020589    102002.7029850792
714000     -6704.9632856281       110.0402027392      -681.7797586874    102002.7029850792
715000     -6704.9730285812       110.0396685186      -681.6481344872    102002.7029850792
716000     -6704.9522758677       110.0416835298      -681.4887451781    102002.7029850792
717000     -6704.9274097585       110.0438813341      -681.3848923483    102002.7029850792
718000     -6704.9424237021       110.0415116227      -681.3507478444    102002.7029850792
719000     -6704.9526853159       110.0400632657      -681.2994124193    102002.7029850792
720000     -6704.9883930638       110.0366762671      -681.1568109915    102002.7029850792
721000     -6705.0052280519       110.0349520252      -681.2131760029    102002.7029850792
722000     -6705.0275774212       110.0335837564      -681.2969437331    102002.7029850792
723000     -6705.0703986633       110.0292843038      -681.3382318662    102002.7029850792
724000     -6705.0841230731       110.0281687839      -681.2827826452    102002.7029850791
725000     -6705.1182234818       110.0253703100      -681.3104988528    102002.7029850791
726000     -6705.1582371168       110.0223984145      -681.4344057819    102002.7029850791
727000     -6705.1960126567       110.0198885085      -681.3874203883    102002.7029850791
728000     -6705.2595745814       110.0140742382      -681.5014131362    102002.7029850791
729000     -6705.2912406130       110.0113365216      -681.6309114265    102002.7029850791
730000     -6705.3371868431       110.0081300969      -681.5484359958    102002.7029850791
731000     -6705.3587541016       110.0059673609      -681.6814018103    102002.7029850791
732000     -6705.3557806504       110.0065021115      -681.7333707412    102002.7029850791
733000     -6705.3138280755       110.0107029397      -681.7807938660    102002.7029850791
734000     -6705.2734925883       110.0139659146      -681.8318667468    102002.7029850791
735000     -6705.2971604032       110.0110461021      -681.8664452549    102002.7029850791
736000     -6705.3308207208       110.0083456561      -681.9445814172    102002.7029850791
737000     -6705.3206804500       110.0099505273      -681.8991138457    102002.7029850791
738000     -6705.3037535810       110.0123838591      -681.7929334942    102002.7029850791
739000     -6705.2680479799       110.0152537009      -681.8209236025    102002.7029850791
740000     -6705.2692607907       110.0148644464      -681.7216440435    102002.7029850791
741000     -6705.3013419192       110.0118375964      -681.7680041131    102002.7029850791
742000     -6705.3147548510       110.0109735368      -681.7534909560    102002.7029850791
743000     -6705.3261733987       110.0105949173      -681.6945167433    102002.7029850791
744000     -6705.3052177877       110.0132915068      -681.7172071105    102002.7029850791
745000     -6705.2645446879       110.0172744020      -681.7326589485    102002.7029850791
746000     -6705.2442053066       110.0194648364      -681.6700800137    102002.7029850791
747000     -6705.2193899955       110.0219658249      -681.7433091326    102002.7029850791
748000     -6705.1924699676       110.0242557767      -681.8249118533    102002.7029850790
749000     -6705.1996613951       110.0233412184      -681.7964354448    102002.7029850790
750000     -6705.2366035600       110.0203466757      -681.8215045374    102002.7029850790
751000     -6705.2415627155       110.0193405149      -681.8167429696    102002.7029850790
752000     -6705.2734638642       110.0161021717      -681.8020499344    102002.7029850790
753000     -6705.2622665780       110.0171315518      -681.7405235365    102002.7029850790
754000     -6705.2671881158       110.0168949778      -681.6993136400    102002.7029850790
755000     -6705.2182055192       110.0222805012      -681.6889143309    102002.7029850790
756000     -6705.2146962063       110.0234964320      -681.7289553992    102002.7029850790
757000     -6705.2062706324       110.0241181857      -681.7501157164    102002.7029850790
758000     -6705.2532848320       110.0199981828      -681.8976929825    102002.7029850790
759000     -6705.2534033467       110.0204210135      -681.9375159358    102002.7029850790
760000     -6705.2192786843       110.0241868096      -681.9034896726    102002.7029850790
761000     -6705.2218353887       110.0244925956      -682.0423760506    102002.7029850790
762000     -6705.2602473943       110.0220558612      -682.0574587646    102002.7029850790
763000     -6705.2678190061       110.0220494095      -682.1340824699    102002.7029850790
764000     -6705.2470669756       110.0242715146      -682.2295352337    102002.7029850790
765000     -6705.2717460969       110.0222990430      -682.2767183983    102002.7029850790
766000     -6705.2993112339       110.0200477604      -682.1983722005    102002.7029850790
767000     -6705.3104868067       110.0183991224      -682.3235993359    102002.7029850790
768000     -6705.3322890646       110.0161998294      -682.3478549284    102002.7029850790
769000     -6705.3532950286       110.0141456924      -682.3222579318    102002.7029850790
770000     -6705.4011992063       110.0095346153      -682.4504033113    102002.7029850790
771000     -6705.4115869020       110.0089780977      -682.4956386303    102002.7029850790
772000     -6705.4486764682       110.0060736228      -682.4164821629    102002.7029850790
773000     -6705.4505747310       110.0053332498      -682.4080847353    102002.7029850790
774000     -6705.4680747118       110.0030344173      -682.4252096035    102002.7029850790
775000     -6705.5141084254       109.9983810752      -682.4843237748    102002.7029850790
776000     -6705.5200289875       109.9983845395      -682.5134880451    102002.7029850790
777000     -6705.5296891555       109.9968552115      -682.5925050664    102002.7029850789
778000     -6705.5326160920       109.9959748146      -682.6549312479    102002.7029850789
779000     -6705.5415168169       109.9953119585      -682.5724818472    102002.7029850789
780000     -6705.5433560350       109.9950046482      -682.5848104108    102002.7029850789
781000     -6705.4842311005       110.0005050161      -682.6171988910    102002.7029850789
782000     -6705.4763994936       110.0011895790      -682.7464773777    102002.7029850789
783000     -6705.5213584163       109.9973877604      -682.7759215674    102002.7029850789
784000     -6705.5037463740       109.9992730984      -682.9385124078    102002.7029850789
785000     -6705.4943946135       110.0009054825      -683.0227855684    102002.7029850789
786000     -6705.4486224009       110.0056856814      -682.9855506691    102002.7029850789
787000     -6705.4305351257       110.0073741092      -683.0482851429    102002.7029850789
788000     -6705.4180500620       110.0083383486      -683.0532763388    102002.7029850789
789000     -6705.4206128198       110.0084518948      -683.0427480639    102002.7029850789
790000     -6705.4444012912       110.0066289154      -683.1271964635    102002.7029850789
791000     -6705.4935689480       110.0023832213      -683.0462296567    102002.7029850789
792000     -6705.4987616376       110.0024911970      -683.0304156808    102002.7029850789
793000     -6705.5439297781       109.9986780265      -683.0584721571    102002.7029850789
794000     -6705.5499626036       109.9986154213      -683.1737128717    102002.7029850789
795000     -6705.5195368029       110.0017002063      -683.3353471405    102002.7029850789
796000     -6705.4927836523       110.0047783000      -683.4547446318    102002.7029850789
797000     -6705.4948825164       110.0043939313      -683.5944534838    102002.7029850789
798000     -6705.5075633635       110.0024858390      -683.7722559867    102002.7029850789
799000     -6705.5269026500       110.0015641003      -683.8145317118    102002.7029850789
800000     -6705.5500872261       109.9993294790      -683.9869213776    102002.7029850789
801000     -6705.5308773923       110.0016693978      -684.3066613913    102002.7029850789
802000     -6705.5078104402       110.0039210328      -684.3565297546    102002.7029850789
803000     -6705.5373830795       110.0013900467      -684.4203267692    102002.7029850789
804000     -6705.5347545088       110.0011345661      -684.5813942833    102002.7029850789
805000     -6705.5543494324       109.9993485989      -684.5871384912    102002.7029850789
806000     -6705.5767429134       109.9980021330      -684.6494958904    102002.7029850789
807000     -6705.5729621973       109.9989209698      -684.7350749901    102002.7029850789
808000     -6705.6102204211       109.9957356004      -684.7355790065    102002.7029850789
809000     -6705.6237573782       109.9942637410      -684.7565137608    102002.7029850789
810000     -6705.6178733249       109.9944376697      -684.8948471883    102002.7029850789
811000     -6705.5790588115       109.9977038200      -684.9561160090    102002.7029850789
812000     -6705.5383950530       110.0015680815      -685.0507173582    102002.7029850789
813000     -6705.5252562565       110.0024204870      -685.1423904246    102002.7029850789
814000     -6705.4987719189       110.0041356038      -685.1776162145    102002.7029850789
815000     -6705.4764554054       110.0049240934      -685.1477827513    102002.7029850788
816000     -6705.4622397858       110.0065210424      -685.0925616239    102002.7029850788
817000     -6705.4366011725       110.0087380112      -685.0501747179    102002.7029850788
818000     -6705.4254234588       110.0099348928      -685.0386701800    102002.7029850788
819000     -6705.4339762162       110.0084895887      -685.0911978485    102002.7029850788
820000     -6705.4493303160       110.0075774357      -685.0194153644    102002.7029850788
821000     -6705.4238803980       110.0090947091      -685.0567996193    102002.7029850788
822000     -6705.4198171562       110.0097045056      -685.0685825920    102002.7029850788
823000     -6705.3756423503       110.0139604409      -685.0276478524    102002.7029850788
824000     -6705.3618053366       110.0155478229      -684.9865567937    102002.7029850788
825000     -6705.3353801890       110.0175855840      -684.9710390979    102002.7029850788
826000     -6705.3143856170       110.0195095125      -684.9914628642    102002.7029850788
827000     -6705.3116641649       110.0197455925      -684.9800874147    102002.7029850788
828000     -6705.3227608028       110.0187050983      -684.9539651612    102002.7029850788
829000     -6705.3047571552       110.0199283754      -684.8993385877    102002.7029850788
830000     -6705.3064103907       110.0192734926      -684.9689509961    102002.7029850788
831000     -6705.2919395034       110.0206303036      -685.0476860679    102002.7029850788
832000     -6705.2797239272       110.0221088748      -685.1195436378    102002.7029850788
833000     -6705.2575527757       110.0235898039      -685.1192809447    102002.7029850788
834000     -6705.2939986435       110.0195660287      -685.0654627290    102002.7029850788
835000     -6705.3053644319       110.0186532623      -685.0570054376    102002.7029850788
836000     -6705.3228195386       110.0168737512      -685.0302565468    102002.7029850788
837000     -6705.3199249483       110.0171232142      -684.9890308451    102002.7029850788
838000     -6705.3401564556       110.0150116585      -685.0839932081    102002.7029850788
839000     -6705.3627796495       110.0135395496      -685.0661283938    102002.7029850788
840000     -6705.3562405064       110.0138265984      -685.1113446258    102002.7029850788
841000     -6705.4052261151       110.0096808234      -685.0233125269    102002.7029850788
842000     -6705.3975635299       110.0095978448      -684.9207111658    102002.7029850788
843000     -6705.4181733262       110.0075246301      -684.8977061970    102002.7029850788
844000     -6705.3939297876       110.0096287504      -684.8806121718    102002.7029850788
845000     -6705.3753475551       110.0111430187      -684.9683353854    102002.7029850788
846000     -6705.3480142606       110.0130521879      -685.0487455756    102002.7029850788
847000     -6705.3259029395       110.0156075785      -685.0672823764    102002.7029850788
848000     -6705.3057971866       110.0172364727      -685.0054807063    102002.7029850788
849000     -6705.2827700237       110.0194117684      -684.9721416167    102002.7029850788
850000     -6705.2788215255       110.0196225799      -684.8748880159    102002.7029850788
851000     -6705.2889244691       110.0188490913      -684.7683514031    102002.7029850788
852000     -6705.2843874757       110.0189585065      -684.7191850614    102002.7029850788
853000     -6705.2864455007       110.0189957339      -684.6857291922    102002.7029850788
854000     -6705.2913893728       110.0183942383      -684.5366473524    102002.7029850788
855000     -6705.3214712381       110.0153856399      -684.4784820821    102002.7029850788
856000     -6705.3522945092       110.0125501907      -684.4657452345    102002.7029850788
857000     -6705.3618256674       110.0119401026      -684.3450902628    102002.7029850788
858000     -6705.3602369866       110.0119784948      -684.2099125521    102002.7029850788
859000     -6705.3406524629       110.0137930507      -684.1162552376    102002.7029850788
860000     -6705.3137220154       110.0161725011      -683.9973566469    102002.7029850788
861000     -6705.3159293340       110.0159372837      -683.9037976851    102002.7029850788
862000     -6705.3371578616       110.0137212161      -683.9728051639    102002.7029850788
863000     -6705.3348113081       110.0135160464      -683.9409291080    102002.7029850788
864000     -6705.3239871179       110.0142552619      -683.9331355089    102002.7029850788
865000     -6705.3286937268       110.0141057735      -683.9094836217    102002.7029850788
866000     -6705.3071309583       110.0158786573      -683.8773191276    102002.7029850788
867000     -6705.3344458844       110.0129846172      -683.8006630952    102002.7029850788
868000     -6705.3242806980       110.0134242613      -683.7708337181    102002.7029850788
869000     -6705.3068546592       110.0151714653      -683.7197507472    102002.7029850788
870000     -6705.3183685941       110.0141033876      -683.6758874487    102002.7029850787
871000     -6705.3129679546       110.0142480676      -683.6448502781    102002.7029850787
872000     -6705.2831094731       110.0168984482      -683.5986524388    102002.7029850787
873000     -6705.2638989193       110.0183391828      -683.6196344097    102002.7029850787
874000     -6705.2712792764       110.0177668983      -683.5877669876    102002.7029850787
875000     -6705.2774141988       110.0169051477      -683.6405240615    102002.7029850787
876000     -6705.2811079064       110.0160789489      -683.6828854271    102002.7029850787
877000     -6705.3121084335       110.0125890737      -683.7024453198    102002.7029850787
878000     -6705.2960851137       110.0140060071      -683.6852902897    102002.7029850787
879000     -6705.2725251428       110.0156847545      -683.6807922666    102002.7029850787
880000     -6705.2700765287       110.0153698789      -683.7116065240    102002.7029850787
881000     -6705.2740952069       110.0151066303      -683.7508644555    102002.7029850787
882000     -6705.2889859977       110.0135399050      -683.8268622872    102002.7029850787
883000     -6705.2782507001       110.0144211137      -683.8813311927    102002.7029850787
884000     -6705.2669067941       110.0152467364      -683.9035205879    102002.7029850787
885000     -6705.2619505078       110.0156848728      -683.8981883755    102002.7029850787
886000     -6705.2633300508       110.0151874310      -683.8911914997    102002.7029850787
887000     -6705.2438956904       110.0172405510      -683.8982024520    102002.7029850787
888000     -6705.2169129945       110.0193944626      -683.9801258449    102002.7029850787
889000     -6705.2138360584       110.0194496249      -683.9889401462    102002.7029850787
890000     -6705.1885469314       110.0215207921      -684.0183370862    102002.7029850787
891000     -6705.1692747074       110.0234247935      -683.9786875329    102002.7029850787
892000     -6705.1552383323       110.0241282492      -684.0113703864    102002.7029850787
893000     -6705.1612444179       110.0233887586      -684.0559689228    102002.7029850787
894000     -6705.1596317223       110.0233650369      -684.0724031148    102002.7029850787
895000     -6705.1832257163       110.0205838257      -684.0351942095    102002.7029850787
896000     -6705.1773551449       110.0209432234      -683.9966436879    102002.7029850787
897000     -6705.1845840285       110.0202190553      -683.8544752062    102002.7029850787
898000     -6705.1953277241       110.0195606597      -683.7536579717    102002.7029850787
899000     -6705.2305596905       110.0162685787      -683.7633779488    102002.7029850787
900000     -6705.2599275610       110.0138076709      -683.7084378088    102002.7029850787
901000     -6705.2588678303       110.0137324405      -683.7180465810    102002.7029850787
902000     -6705.2441418589       110.0152640324      -683.7195726338    102002.7029850787
903000     -6705.2382901845       110.0151118791      -683.6913997138    102002.7029850787
904000     -6705.2307084624       110.0162595853      -683.7075396182    102002.7029850787
905000     -6705.2309165850       110.0161361363      -683.6815385822    102002.7029850787
906000     -6705.2270980106       110.0163620769      -683.6989442024    102002.7029850787
907000     -6705.2300262683       110.0160368686      -683.6892433436    102002.7029850787
908000     -6705.2275604314       110.0163517597      -683.6592458886    102002.7029850787
909000     -6705.2570782551       110.0136925415      -683.6522059430    102002.7029850787
910000     -6705.2612492005       110.0136513846      -683.6796087654    102002.7029850787
911000     -6705.2548719868       110.0141677098      -683.6925257934    102002.7029850787
912000     -6705.2319397262       110.0170596317      -683.6856771876    102002.7029850787
913000     -6705.2236134373       110.0175481831      -683.7214789468    102002.7029850787
914000     -6705.2316335263       110.0173278217      -683.7421561959    102002.7029850787
915000     -6705.2478762166       110.0161620216      -683.7883669229    102002.7029850787
916000     -6705.2612338384       110.0151945821      -683.8644833648    102002.7029850787
917000     -6705.2399014869       110.0170060490      -683.8074110569    102002.7029850787
918000     -6705.2169859978       110.0187268176      -683.9003986858    102002.7029850787
919000     -6705.2150206275       110.0184757482      -683.9458884208    102002.7029850787
920000     -6705.2042108028       110.0189500496      -683.9177911220    102002.7029850787
921000     -6705.1959732078       110.0192518459      -683.9637913342    102002.7029850787
922000     -6705.2320278270       110.0158863388      -684.0247957348    102002.7029850787
923000     -6705.2330294442       110.0154906348      -684.0285639737    102002.7029850787
924000     -6705.2499447550       110.0141452888      -684.0586583508    102002.7029850787
925000     -6705.2493488727       110.0136183828      -684.2270872483    102002.7029850787
926000     -6705.2363923563       110.0148297820      -684.2507644261    102002.7029850787
927000     -6705.2188965448       110.0165075255      -684.3078698239    102002.7029850786
928000     -6705.2027987420       110.0176988800      -684.3966820252    102002.7029850786
929000     -6705.2035745288       110.0175390784      -684.4716750033    102002.7029850786
930000     -6705.2222872490       110.0155075698      -684.5584037562    102002.7029850786
931000     -6705.2222355745       110.0154672988      -684.5967694920    102002.7029850786
932000     -6705.2419699278       110.0132664506      -684.6063340430    102002.7029850786
933000     -6705.2418140008       110.0130119646      -684.6362273559    102002.7029850786
934000     -6705.2571567558       110.0107394942      -684.6332778819    102002.7029850786
935000     -6705.2525665659       110.0109831436      -684.6344706295    102002.7029850786
936000     -6705.2199773284       110.0139398276      -684.7977917723    102002.7029850786
937000     -6705.1996889758       110.0152073229      -684.8792518817    102002.7029850786
938000     -6705.1764843777       110.0173324611      -684.8644606285    102002.7029850786
939000     -6705.1674782045       110.0179769628      -684.8989791671    102002.7029850786
940000     -6705.1654942790       110.0175727139      -684.9348974230    102002.7029850786
941000     -6705.1634451214       110.0179404814      -684.8655258815    102002.7029850786
942000     -6705.1715375856       110.0164450912      -684.9174194125    102002.7029850786
943000     -6705.1780068322       110.0151636124      -684.9423085747    102002.7029850786
944000     -6705.1710245877       110.0161880370      -684.9336332911    102002.7029850786
945000     -6705.1437232514       110.0178342030      -684.9353792254    102002.7029850786
946000     -6705.1198109072       110.0193601099      -684.8946127179    102002.7029850786
947000     -6705.1185920871       110.0186413584      -684.8946000938    102002.7029850786
948000     -6705.1167101431       110.0185191323      -684.8233767401    102002.7029850786
949000     -6705.1229636495       110.0169896674      -684.8617430944    102002.7029850786
950000     -6705.1395674766       110.0148373161      -684.8552122933    102002.7029850786
951000     -6705.1379643565       110.0156474034      -684.8464800311    102002.7029850786
952000     -6705.1361935059       110.0160442180      -684.8861389465    102002.7029850786
953000     -6705.1121544565       110.0177699745      -684.8999393493    102002.7029850786
954000     -6705.1128723686       110.0173329936      -684.9440175692    102002.7029850786
955000     -6705.0970762039       110.0182881034      -685.0286608783    102002.7029850786
956000     -6705.1161136319       110.0166498387      -685.1014202191    102002.7029850786
957000     -6705.1366618501       110.0143896056      -685.1424719819    102002.7029850786
958000     -6705.1431327165       110.0138404292      -685.1718173739    102002.7029850786
959000     -6705.1454694312       110.0138854570      -685.1982777752    102002.7029850786
960000     -6705.1473362953       110.0138686526      -685.1876545664    102002.7029850786
961000     -6705.1532072246       110.0135728975      -685.3174577912    102002.7029850786
962000     -6705.1693807397       110.0122226524      -685.3506622626    102002.7029850786
963000     -6705.1905824626       110.0108610008      -685.3603262212    102002.7029850786
964000     -6705.2103495020       110.0089041034      -685.3735783771    102002.7029850786
965000     -6705.2317233080       110.0073422765      -685.3937629783    102002.7029850786
966000     -6705.2392894636       110.0064667742      -685.4366599549    102002.7029850786
967000     -6705.2360520786       110.0067263319      -685.4236693390    102002.7029850786
968000     -6705.2290032067       110.0080769140      -685.4432526290    102002.7029850786
969000     -6705.2229952597       110.0086983359      -685.4489895426    102002.7029850786
970000     -6705.2347013685       110.0078907910      -685.3633199299    102002.7029850786
971000     -6705.2529577011       110.0058831858      -685.3384746726    102002.7029850786
972000     -6705.2640230708       110.0053629770      -685.2980966627    102002.7029850786
973000     -6705.2726555340       110.0047526137      -685.3911734887    102002.7029850786
974000     -6705.2723627716       110.0049531021      -685.4333460532    102002.7029850786
975000     -6705.2613100301       110.0062044466      -685.3795577639    102002.7029850786
976000     -6705.2447780332       110.0075308957      -685.4252314339    102002.7029850786
977000     -6705.2392004276       110.0079156857      -685.4030701830    102002.7029850786
978000     -6705.2344846059       110.0086828046      -685.4369223706    102002.7029850786
979000     -6705.2332406291       110.0092275896      -685.5096117499    102002.7029850786
980000     -6705.2144278112       110.0113495296      -685.5585350597    102002.7029850786
981000     -6705.2026403811       110.0127821373      -685.5552580361    102002.7029850786
982000     -6705.1995323981       110.0126339029      -685.6290179760    102002.7029850786
983000     -6705.1947543614       110.0131520074      -685.7077989266    102002.7029850786
984000     -6705.2102375784       110.0119182234      -685.7131998706    102002.7029850786
985000     -6705.2081091299       110.0119359412      -685.7530776674    102002.7029850786
986000     -6705.1877205792       110.0138225910      -685.8515111087    102002.7029850786
987000     -6705.1872360244       110.0138511088      -685.8768804431    102002.7029850786
988000     -6705.1849137173       110.0142046660      -685.8598677021    102002.7029850786
989000     -6705.1674853568       110.0157481784      -685.9236339853    102002.7029850786
990000     -6705.1557627912       110.0168955724      -685.9024439816    102002.7029850786
991000     -6705.1319909885       110.0189478793      -685.9344195486    102002.7029850786
992000     -6705.1234625980       110.0198229200      -685.9631723053    102002.7029850786
993000     -6705.1315679795       110.0191066262      -685.9749049365    102002.7029850786
994000     -6705.1553970030       110.0171358267      -685.9430999426    102002.7029850786
995000     -6705.1688092547       110.0157851567      -685.9862900596    102002.7029850786
996000     -6705.1543394752       110.0172158141      -686.0046598135    102002.7029850786
997000     -6705.1480299451       110.0181568598      -686.0405242857    102002.7029850786
998000     -6705.1374035325       110.0193874558      -686.1180128689    102002.7029850786
999000     -6705.1259263368       110.0199959800      -686.0965153884    102002.7029850786
1000000     -6705.1502934838       110.0176639931      -686.1041836084    102002.7029850786
