# Time-averaged data for fix runningavgs
# TimeStep v_ra_etotal v_ra_temp v_ra_press v_ra_volume
502000     -7759.2621567177        90.8690990861      -780.2702845194    102002.7029850792
503000     -7759.2402042959        90.9195525916      -759.7595328988    102002.7029850792
504000     -7757.8224261744        91.1703654732      -759.5796533235    102002.7029850792
505000     -7756.3590629759        91.2154607268      -759.8869215419    102002.7029850792
506000     -7757.8691291530        91.1285958027      -760.1417568151    102002.7029850792
507000     -7759.4563176705        91.0308804161      -761.6461486812    102002.7029850792
508000     -7759.5026502782        90.9876579134      -765.9638358090    102002.7029850792
509000     -7759.8304353379        90.9804002350      -764.2647975851    102002.7029850792
510000     -7761.0312131903        90.8976563959      -763.6802123164    102002.7029850792
511000     -7760.9794469660        90.8866691320      -765.1157664462    102002.7029850792
512000     -7760.6432116720        90.9503819533      -765.2984916104    102002.7029850792
513000     -7759.9169324539        90.9943058242      -766.4450209324    102002.7029850792
514000     -7759.4450759095        91.0289772999      -770.7507965716    102002.7029850792
515000     -7759.9916530101        90.9960242558      -771.7398485615    102002.7029850792
516000     -7759.6063084279        90.9914600404      -773.3422615610    102002.7029850792
517000     -7759.2846804592        91.0318035288      -771.3493769560    102002.7029850792
518000     -7759.1097952410        91.0297780668      -770.9265341210    102002.7029850792
519000     -7759.4915971528        90.9880912130      -770.4139111407    102002.7029850792
520000     -7759.4448509136        91.0072316142      -770.1436461516    102002.7029850792
521000     -7759.7953751482        90.9831202904      -771.7235908458    102002.7029850792
522000     -7760.1187534699        90.9582100594      -773.0811415630    102002.7029850792
523000     -7759.9006546724        90.9655311527      -772.3196835476    102002.7029850792
524000     -7759.9216549935        90.9608296504      -771.0553635699    102002.7029850792
525000     -7759.9523486135        90.9560586031      -770.4210975164    102002.7029850792
526000     -7759.9967377644        90.9389463128      -770.1143648800    102002.7029850792
527000     -7760.3027451889        90.9298345238      -771.1007929313    102002.7029850792
528000     -7759.9746844920        90.9350522717      -772.5406749987    102002.7029850792
529000     -7760.2877570865        90.9178514783      -772.5397655490    102002.7029850792
530000     -7760.0928887481        90.9367819841      -772.8426065489    102002.7029850792
531000     -7760.2952395115        90.9250665304      -772.2094426531    102002.7029850792
532000     -7760.3534757906        90.9227053395      -772.5070741713    102002.7029850792
533000     -7759.9382451001        90.9576022006      -772.2541035344    102002.7029850792
534000     -7759.7473330847        90.9663199031      -771.8322402922    102002.7029850792
535000     -7759.4125018853        90.9808401240      -770.8821839034    102002.7029850792
536000     -7759.4105789588        90.9706691064      -770.0852449758    102002.7029850792
537000     -7759.9235072026        90.9366216687      -769.0835701249    102002.7029850792
538000     -7759.8591742747        90.9435329863      -767.9608028162    102002.7029850792
539000     -7759.5662237471        90.9665891221      -768.5249425990    102002.7029850791
540000     -7759.4825375942        90.9774361572      -768.0518845144    102002.7029850791
541000     -7759.5479420942        90.9774767250      -768.3963818324    102002.7029850791
542000     -7759.8263810458        90.9581060670      -768.5387843682    102002.7029850791
543000     -7759.9072880233        90.9571183561      -768.3801191185    102002.7029850791
544000     -7759.7023190066        90.9709595768      -768.5767376320    102002.7029850791
545000     -7759.8180207335        90.9667875238      -768.2478865623    102002.7029850791
546000     -7759.9230124785        90.9527482790      -768.3620973118    102002.7029850791
547000     -7759.9695336904        90.9505630634      -768.1858544943    102002.7029850791
548000     -7759.7509979593        90.9692864641      -768.7997144101    102002.7029850791
549000     -7759.7738857638        90.9693491476      -768.5378085228    102002.7029850791
550000     -7759.7771583690        90.9639615036      -768.3890291796    102002.7029850791
551000     -7759.5895240627        90.9736613509      -768.8414357462    102002.7029850791
552000     -7759.7294344357        90.9659020893      -768.1982905860    102002.7029850791
553000     -7759.8123917844        90.9537897643      -768.0604129371    102002.7029850791
554000     -7759.7652933907        90.9652665427      -768.0512689806    102002.7029850791
555000     -7759.9505707607        90.9546978374      -767.5669582769    102002.7029850791
556000     -7759.9301857154        90.9574070665      -767.6282684253    102002.7029850791
557000     -7759.9193388380        90.9565444194      -768.1626754147    102002.7029850791
558000     -7759.9160126740        90.9571923088      -768.0802364995    102002.7029850791
559000     -7759.9871972566        90.9559341540      -767.6300293922    102002.7029850791
560000     -7759.8579618822        90.9601624930      -768.0630688729    102002.7029850791
561000     -7760.0199249392        90.9478532765      -767.8545709670    102002.7029850791
562000     -7760.1669162966        90.9371169959      -767.7142461144    102002.7029850791
563000     -7760.0603699497        90.9514636354      -768.6635380700    102002.7029850791
564000     -7760.0648329260        90.9513183174      -768.6927676253    102002.7029850791
565000     -7760.0206743779        90.9536093366      -769.0936124910    102002.7029850791
566000     -7760.1198125542        90.9472747171      -768.6570126108    102002.7029850791
567000     -7760.1446243879        90.9468499400      -768.4973732158    102002.7029850791
568000     -7760.1880854797        90.9455529457      -768.3375323982    102002.7029850791
569000     -7760.2331387080        90.9382007904      -768.4505762099    102002.7029850791
570000     -7760.2325499858        90.9345324143      -768.9251645058    102002.7029850791
571000     -7760.3851193653        90.9289996276      -768.7116268759    102002.7029850791
572000     -7760.3269502836        90.9294493497      -768.3791358412    102002.7029850791
573000     -7760.3471883228        90.9246477272      -768.2129234732    102002.7029850791
574000     -7760.2980043306        90.9248374595      -767.7361582120    102002.7029850791
575000     -7760.1274441967        90.9406307273      -767.3874839612    102002.7029850791
576000     -7759.9645043382        90.9493719127      -767.6247594365    102002.7029850791
577000     -7760.0097752419        90.9482131651      -767.3038261247    102002.7029850791
578000     -7759.8329386437        90.9626216134      -767.1954962759    102002.7029850791
579000     -7759.8274389800        90.9651235404      -767.0319615871    102002.7029850791
580000     -7759.7418936499        90.9752674659      -767.3120445779    102002.7029850791
581000     -7759.6874200357        90.9819889303      -767.1190535257    102002.7029850791
582000     -7759.4725118189        90.9910325334      -767.5376278852    102002.7029850791
583000     -7759.4484762722        90.9902800220      -767.7492457491    102002.7029850791
584000     -7759.6064729216        90.9787967564      -767.6141921167    102002.7029850791
585000     -7759.6017630673        90.9762436718      -767.4486552904    102002.7029850791
586000     -7759.6356157176        90.9764391008      -767.0184313749    102002.7029850791
587000     -7759.6597591235        90.9757308887      -766.9432181300    102002.7029850791
588000     -7759.6828062270        90.9726922097      -767.0609809693    102002.7029850791
589000     -7759.7421604005        90.9748126829      -767.2676337276    102002.7029850791
590000     -7759.7172927916        90.9760881496      -767.1570140732    102002.7029850791
591000     -7759.6264280958        90.9822980114      -767.2392423305    102002.7029850792
592000     -7759.5076232908        90.9888436651      -766.9606115539    102002.7029850792
593000     -7759.4088312832        90.9928373933      -766.9491771470    102002.7029850792
594000     -7759.3427534782        90.9945205178      -767.2401041516    102002.7029850792
595000     -7759.3134287746        90.9966537869      -767.9907232032    102002.7029850792
596000     -7759.1204630107        91.0090231225      -767.8889385885    102002.7029850792
597000     -7759.0418337807        91.0094466355      -767.9012337572    102002.7029850792
598000     -7759.0370964874        91.0025257864      -768.4016783930    102002.7029850792
599000     -7759.0397572429        91.0034155558      -768.3204032317    102002.7029850792
600000     -7759.0453754655        91.0025707798      -768.9199496743    102002.7029850792
601000     -7759.0622633037        91.0019018905      -769.1261171668    102002.7029850792
602000     -7759.0037395594        91.0021837829      -769.6610442847    102002.7029850792
603000     -7759.0870045915        90.9927219234      -769.6978825892    102002.7029850792
604000     -7758.9673031359        90.9956596131      -769.7987867256    102002.7029850793
605000     -7758.8708959465        90.9990169015      -769.7611112279    102002.7029850793
606000     -7758.7027820614        91.0089816807      -769.7119165121    102002.7029850793
607000     -7758.6928481711        91.0071243773      -769.8110280962    102002.7029850793
608000     -7758.6882333376        91.0074833870      -770.2954877746    102002.7029850793
609000     -7758.6240692009        91.0065396319      -770.4748667152    102002.7029850793
610000     -7758.5665935014        91.0081320134      -770.6279159207    102002.7029850793
611000     -7758.5736342838        91.0068795695      -770.2848723499    102002.7029850793
612000     -7758.5820508985        91.0045613169      -770.4388667465    102002.7029850793
613000     -7758.5694184429        91.0042070396      -770.6871321833    102002.7029850793
614000     -7758.6257409532        91.0023547339      -771.5219113295    102002.7029850793
615000     -7758.6583248480        91.0013892692      -771.8699398203    102002.7029850793
616000     -7758.6241535197        91.0018245553      -771.6175881777    102002.7029850793
617000     -7758.5457342027        91.0061070959      -771.4747495799    102002.7029850793
618000     -7758.4444245140        91.0082620111      -771.4107659215    102002.7029850793
619000     -7758.3627939036        91.0122365239      -771.2123122270    102002.7029850793
620000     -7758.3263266887        91.0132131168      -770.8308362910    102002.7029850793
621000     -7758.2808332481        91.0136034936      -771.0241728638    102002.7029850793
622000     -7758.2453881069        91.0119262730      -771.1960593348    102002.7029850794
623000     -7758.2456661466        91.0135201361      -771.1500288028    102002.7029850794
624000     -7758.2144144646        91.0118199722      -771.1188876903    102002.7029850794
625000     -7758.2326225364        91.0132121641      -770.9138446380    102002.7029850794
626000     -7758.2165973501        91.0129656462      -770.8211392641    102002.7029850794
627000     -7758.1723918864        91.0185408640      -770.7775780668    102002.7029850794
628000     -7758.1389057928        91.0201863802      -771.0790798786    102002.7029850794
629000     -7758.1203264452        91.0243710227      -770.9286475789    102002.7029850794
630000     -7758.1861279008        91.0235767974      -770.9325616305    102002.7029850794
631000     -7758.2489294415        91.0201426370      -771.1137438224    102002.7029850794
632000     -7758.2678233429        91.0203001100      -771.2181581642    102002.7029850794
633000     -7758.2097099584        91.0230933883      -771.1537013568    102002.7029850794
634000     -7758.1740391947        91.0273637016      -771.1824427056    102002.7029850794
635000     -7758.2116729946        91.0276457693      -771.4678306690    102002.7029850794
636000     -7758.3068207675        91.0239754473      -771.5148830608    102002.7029850794
637000     -7758.3733455738        91.0207008362      -771.4688718200    102002.7029850794
638000     -7758.3643630610        91.0207483462      -771.3898213945    102002.7029850794
639000     -7758.3723481791        91.0177200245      -771.5064332631    102002.7029850794
640000     -7758.2934503857        91.0188335187      -771.6805985269    102002.7029850794
641000     -7758.2466178485        91.0224849662      -771.7444761560    102002.7029850794
642000     -7758.2944325774        91.0172963482      -771.6704935179    102002.7029850794
643000     -7758.3205665234        91.0136344744      -771.8191789273    102002.7029850794
644000     -7758.2594629701        91.0165846773      -771.8358239782    102002.7029850794
645000     -7758.2260873435        91.0170413333      -771.7526311150    102002.7029850794
646000     -7758.1622723404        91.0197054852      -771.9260626133    102002.7029850795
647000     -7758.1630444926        91.0159237767      -772.1959807602    102002.7029850795
648000     -7758.1579431152        91.0146605483      -772.0382469864    102002.7029850795
649000     -7758.1237537369        91.0140686404      -771.9506933330    102002.7029850795
650000     -7758.1099926607        91.0162304554      -772.1629017322    102002.7029850795
651000     -7758.1358489804        91.0160578615      -772.1345788730    102002.7029850795
652000     -7758.1946350794        91.0164254574      -772.0981045060    102002.7029850795
653000     -7758.2250215743        91.0159217194      -772.1973130552    102002.7029850795
654000     -7758.2968857094        91.0133959219      -772.0416599522    102002.7029850795
655000     -7758.2557265441        91.0161729482      -771.7566757301    102002.7029850795
656000     -7758.2251989159        91.0160389449      -771.8001300885    102002.7029850795
657000     -7758.2446700512        91.0151857863      -771.6063990637    102002.7029850795
658000     -7758.2640407371        91.0122691255      -771.7324258098    102002.7029850795
659000     -7758.3019848226        91.0100349716      -771.6459374300    102002.7029850795
660000     -7758.3435327992        91.0071855307      -771.6329408943    102002.7029850795
661000     -7758.3428046668        91.0093508256      -771.5156509196    102002.7029850795
662000     -7758.3188006279        91.0137549462      -771.3634064858    102002.7029850795
663000     -7758.3290675653        91.0148101185      -771.4423330407    102002.7029850795
664000     -7758.3123956718        91.0166744244      -771.3865673121    102002.7029850795
665000     -7758.2983525594        91.0187649017      -771.2840011388    102002.7029850795
666000     -7758.2470201659        91.0229745870      -771.3652095157    102002.7029850795
667000     -7758.2396414863        91.0233080879      -771.4018898564    102002.7029850795
668000     -7758.2878520067        91.0189999333      -771.2762456676    102002.7029850795
669000     -7758.3089624372        91.0164920382      -771.1141384895    102002.7029850795
670000     -7758.2467887843        91.0183975172      -770.8455723383    102002.7029850795
671000     -7758.2295220200        91.0199934869      -770.8227834624    102002.7029850795
672000     -7758.1541279487        91.0225531575      -771.0564005802    102002.7029850795
673000     -7758.1774476303        91.0215209494      -771.2305979641    102002.7029850795
674000     -7758.1342033396        91.0253628505      -771.3601836572    102002.7029850794
675000     -7758.1130515208        91.0274406209      -771.4279316472    102002.7029850794
676000     -7758.0953795225        91.0279598535      -771.4021501185    102002.7029850794
677000     -7758.1409514192        91.0243443360      -771.6191114282    102002.7029850794
678000     -7758.2393851297        91.0203403129      -771.5132147202    102002.7029850794
679000     -7758.1984234020        91.0230883963      -771.6319915532    102002.7029850794
680000     -7758.2022449537        91.0231799106      -771.5220146045    102002.7029850794
681000     -7758.2496051881        91.0198561949      -771.3605119322    102002.7029850794
682000     -7758.2507837602        91.0199099003      -771.1412101590    102002.7029850794
683000     -7758.2610757606        91.0202540016      -770.8122767829    102002.7029850794
684000     -7758.3067979886        91.0191859896      -770.6009729289    102002.7029850794
685000     -7758.2682142552        91.0217253193      -770.7966483311    102002.7029850794
686000     -7758.2705089299        91.0222628927      -770.8773963942    102002.7029850794
687000     -7758.2460212904        91.0254285405      -770.8871655836    102002.7029850794
688000     -7758.2580718704        91.0245000603      -770.9452591973    102002.7029850793
689000     -7758.2846127521        91.0247869418      -770.7828898360    102002.7029850793
690000     -7758.3189114408        91.0234525706      -770.5666384855    102002.7029850793
691000     -7758.3302584232        91.0224455067      -770.5908800846    102002.7029850793
692000     -7758.3364661951        91.0214447910      -770.6180145734    102002.7029850793
693000     -7758.3669236398        91.0193670875      -770.5158166353    102002.7029850793
694000     -7758.3605280275        91.0207890820      -770.5172676307    102002.7029850793
695000     -7758.3694748331        91.0210090346      -770.3242814196    102002.7029850793
696000     -7758.4117068624        91.0173419346      -770.2567397129    102002.7029850793
697000     -7758.4214529691        91.0176073537      -770.1461856509    102002.7029850793
698000     -7758.4048075844        91.0192787768      -770.2578385339    102002.7029850793
699000     -7758.4268426615        91.0181712380      -770.3088590912    102002.7029850793
700000     -7758.4272263885        91.0195055656      -770.3283050180    102002.7029850793
701000     -7758.4290937465        91.0199127905      -770.4863228321    102002.7029850793
702000     -7758.4617608531        91.0188465700      -770.4083908510    102002.7029850793
703000     -7758.4506016895        91.0201683925      -770.3115666011    102002.7029850793
704000     -7758.4822523648        91.0169041108      -770.4647703052    102002.7029850792
705000     -7758.4991236483        91.0167444448      -770.4937790096    102002.7029850792
706000     -7758.4648294923        91.0190451593      -770.4616089118    102002.7029850792
707000     -7758.4320177616        91.0221449721      -770.4791915967    102002.7029850792
708000     -7758.4179855781        91.0233699705      -770.3575099946    102002.7029850792
709000     -7758.4369640722        91.0235157895      -770.3142285444    102002.7029850792
710000     -7758.4447806770        91.0243410365      -770.1635121820    102002.7029850792
711000     -7758.4694235835        91.0235575412      -770.0341990415    102002.7029850792
712000     -7758.4862569806        91.0228413193      -769.9309019201    102002.7029850792
713000     -7758.4798694894        91.0239236082      -769.8923357006    102002.7029850792
714000     -7758.4302114149        91.0278678971      -769.7859660644    102002.7029850792
715000     -7758.4323611234        91.0271530492      -769.7118904325    102002.7029850792
716000     -7758.4809469739        91.0217560188      -769.6152133782    102002.7029850792
717000     -7758.4956697321        91.0214234275      -769.5754461248    102002.7029850792
718000     -7758.4828361215        91.0215929083      -769.5968691228    102002.7029850792
719000     -7758.4862841607        91.0210934540      -769.5899808627    102002.7029850792
720000     -7758.4939909419        91.0201168723      -769.6418191417    102002.7029850792
721000     -7758.4726415832        91.0213492452      -769.7778270015    102002.7029850792
722000     -7758.4953757143        91.0197844713      -769.7660624137    102002.7029850792
723000     -7758.5152399325        91.0175995338      -769.8614828104    102002.7029850792
724000     -7758.4930963001        91.0182840110      -769.7784005187    102002.7029850791
725000     -7758.4438362321        91.0219832384      -769.9092680768    102002.7029850791
726000     -7758.4514240499        91.0217361691      -769.9115592098    102002.7029850791
727000     -7758.4658553006        91.0200029885      -769.9223592692    102002.7029850791
728000     -7758.4390697115        91.0217363291      -769.9136439497    102002.7029850791
729000     -7758.3962303118        91.0245703741      -769.8218166889    102002.7029850791
730000     -7758.4036933063        91.0251469325      -769.9476191542    102002.7029850791
731000     -7758.3595471962        91.0294990652      -769.9616565871    102002.7029850791
732000     -7758.3638623041        91.0304207806      -769.8224496271    102002.7029850791
733000     -7758.3651817597        91.0303210306      -769.7663244151    102002.7029850791
734000     -7758.3885873332        91.0305513589      -769.5705982871    102002.7029850791
735000     -7758.3978401275        91.0298655414      -769.5294468723    102002.7029850791
736000     -7758.4396093068        91.0283640938      -769.3863251488    102002.7029850791
737000     -7758.4057463558        91.0306909925      -769.2773055887    102002.7029850791
738000     -7758.3857947227        91.0309696640      -769.3155286496    102002.7029850791
739000     -7758.3625634871        91.0326636341      -769.2771360142    102002.7029850791
740000     -7758.3828113580        91.0311372549      -769.1473311736    102002.7029850791
741000     -7758.4115158397        91.0293401415      -768.9377361419    102002.7029850791
742000     -7758.3900762524        91.0292367610      -768.9290741525    102002.7029850791
743000     -7758.3637775064        91.0306888339      -768.6982711946    102002.7029850791
744000     -7758.3881929871        91.0285048316      -768.6884746007    102002.7029850791
745000     -7758.3868254288        91.0276013381      -768.5572908474    102002.7029850791
746000     -7758.3665891880        91.0286928034      -768.5604258918    102002.7029850791
747000     -7758.3407782125        91.0301356502      -768.4718653912    102002.7029850791
748000     -7758.3376032356        91.0315313633      -768.4028227393    102002.7029850790
749000     -7758.3586757356        91.0294346774      -768.5055135324    102002.7029850790
750000     -7758.3862999207        91.0280486386      -768.3761912480    102002.7029850790
751000     -7758.3898045462        91.0273411963      -768.3327585503    102002.7029850790
752000     -7758.4039925027        91.0278104876      -768.2625136290    102002.7029850790
753000     -7758.4123255780        91.0272458806      -768.1284000726    102002.7029850790
754000     -7758.4130632239        91.0271848003      -768.0289367563    102002.7029850790
755000     -7758.4302143064        91.0260547226      -767.8756341063    102002.7029850790
756000     -7758.4308077225        91.0251937174      -767.8663644010    102002.7029850790
757000     -7758.4458903407        91.0255956876      -767.8618964651    102002.7029850790
758000     -7758.4489210865        91.0260559265      -767.8962727250    102002.7029850790
759000     -7758.4698003210        91.0240111829      -768.0621065299    102002.7029850790
760000     -7758.4438411089        91.0251072698      -768.0412176121    102002.7029850790
761000     -7758.3754747586        91.0289037400      -768.1970433987    102002.7029850790
762000     -7758.3474782912        91.0300910698      -768.1824772490    102002.7029850790
763000     -7758.3489540841        91.0287834973      -768.1595018262    102002.7029850790
764000     -7758.3470198165        91.0273457117      -768.1852095291    102002.7029850790
765000     -7758.3440954022        91.0270419917      -768.2929510649    102002.7029850790
766000     -7758.3691201790        91.0244146930      -768.3615670767    102002.7029850790
767000     -7758.3735467815        91.0233458695      -768.2361308782    102002.7029850790
768000     -7758.3557284035        91.0247114163      -768.2500098420    102002.7029850790
769000     -7758.3174138803        91.0266368647      -768.0816956621    102002.7029850790
770000     -7758.2829371881        91.0278509473      -768.1497504062    102002.7029850790
771000     -7758.2553683305        91.0292061673      -768.2123059365    102002.7029850790
772000     -7758.2694633150        91.0281462055      -768.3470008313    102002.7029850790
773000     -7758.2732411817        91.0259694814      -768.3008981154    102002.7029850790
774000     -7758.2661421052        91.0253802029      -768.1598908285    102002.7029850790
775000     -7758.2647232793        91.0258232995      -768.0939869388    102002.7029850790
776000     -7758.2372694810        91.0286616072      -768.2001900857    102002.7029850790
777000     -7758.2314437075        91.0283860641      -768.2611324900    102002.7029850789
778000     -7758.2223400433        91.0292165622      -768.4012978595    102002.7029850789
779000     -7758.2529158636        91.0286725819      -768.4284667456    102002.7029850789
780000     -7758.2569449221        91.0292556870      -768.3135059056    102002.7029850789
781000     -7758.2650001997        91.0285929197      -768.2158809449    102002.7029850789
782000     -7758.2982478369        91.0253915056      -768.3010305565    102002.7029850789
783000     -7758.3297578085        91.0243615850      -768.3674017933    102002.7029850789
784000     -7758.3145589046        91.0273541373      -768.4156799171    102002.7029850789
785000     -7758.3422661622        91.0261424384      -768.4642082800    102002.7029850789
786000     -7758.3748649867        91.0251153466      -768.4822309191    102002.7029850789
787000     -7758.3897240712        91.0238689054      -768.5646160552    102002.7029850789
788000     -7758.3615102429        91.0259548707      -768.5038136083    102002.7029850789
789000     -7758.3649496145        91.0260655885      -768.5124299271    102002.7029850789
790000     -7758.3542112260        91.0271084771      -768.6025317824    102002.7029850789
791000     -7758.3320964433        91.0290751024      -768.7141823860    102002.7029850789
792000     -7758.2871866155        91.0327647908      -768.8307156388    102002.7029850789
793000     -7758.2978155616        91.0327513331      -768.8711973548    102002.7029850789
794000     -7758.2995730651        91.0335367228      -768.8472255413    102002.7029850789
795000     -7758.3160802523        91.0317763380      -768.8886856860    102002.7029850789
796000     -7758.3410577194        91.0290371536      -768.8019617924    102002.7029850789
797000     -7758.3364027967        91.0300411570      -768.8577417572    102002.7029850789
798000     -7758.3605844101        91.0280800682      -769.0471680969    102002.7029850789
799000     -7758.3691969434        91.0265271221      -769.1504693491    102002.7029850789
800000     -7758.3291111547        91.0267995943      -769.1884698641    102002.7029850789
801000     -7758.3413243609        91.0249022955      -769.0738443711    102002.7029850789
802000     -7758.3339687430        91.0259964355      -768.9888246581    102002.7029850789
803000     -7758.3258479995        91.0264046110      -768.8651801027    102002.7029850789
804000     -7758.3148197765        91.0264538854      -768.9203903448    102002.7029850789
805000     -7758.3246442619        91.0246112120      -769.1217834973    102002.7029850789
806000     -7758.3065155715        91.0244535763      -769.1221193650    102002.7029850789
807000     -7758.3328806175        91.0223107883      -769.0845175817    102002.7029850789
808000     -7758.3461488959        91.0211227736      -769.0182819184    102002.7029850789
809000     -7758.3493154121        91.0206250990      -768.9702843675    102002.7029850789
810000     -7758.3645077184        91.0207994857      -768.8808713726    102002.7029850789
811000     -7758.3595094798        91.0211664769      -769.0021636595    102002.7029850789
812000     -7758.3604885730        91.0221651859      -769.2266426350    102002.7029850789
813000     -7758.4092979734        91.0201536985      -769.2754798663    102002.7029850789
814000     -7758.4177819577        91.0204055575      -769.2465611984    102002.7029850789
815000     -7758.4349448238        91.0204070546      -769.1510146069    102002.7029850788
816000     -7758.4435463092        91.0201965851      -769.1596459428    102002.7029850788
817000     -7758.4637230658        91.0195394464      -769.2490914477    102002.7029850788
818000     -7758.4774329463        91.0195176841      -769.3940834938    102002.7029850788
819000     -7758.5080559698        91.0182144479      -769.5217075217    102002.7029850788
820000     -7758.5302318269        91.0180937562      -769.5677789128    102002.7029850788
821000     -7758.5285738683        91.0184108209      -769.6659244052    102002.7029850788
822000     -7758.5499426181        91.0173950974      -769.7904124706    102002.7029850788
823000     -7758.5521672914        91.0184203941      -769.7442860061    102002.7029850788
824000     -7758.5697447276        91.0177318695      -769.7449087106    102002.7029850788
825000     -7758.5977177463        91.0173891697      -769.8878471488    102002.7029850788
826000     -7758.5714621566        91.0188954943      -770.1259799383    102002.7029850788
827000     -7758.5657615834        91.0195510240      -770.0254415623    102002.7029850788
828000     -7758.5868076207        91.0181786550      -770.1955627874    102002.7029850788
829000     -7758.5548877583        91.0198038818      -770.3195359734    102002.7029850788
830000     -7758.5767871920        91.0191738347      -770.2391705117    102002.7029850788
831000     -7758.5893786614        91.0187363476      -770.1645017181    102002.7029850788
832000     -7758.5993574143        91.0172517371      -770.3463805372    102002.7029850788
833000     -7758.5959928763        91.0192594021      -770.4128703534    102002.7029850788
834000     -7758.5854896943        91.0197109174      -770.4304310705    102002.7029850788
835000     -7758.6044565847        91.0186588259      -770.4670937611    102002.7029850788
836000     -7758.5803154600        91.0201992871      -770.4552042103    102002.7029850788
837000     -7758.5650773670        91.0207893178      -770.5281625557    102002.7029850788
838000     -7758.5657450171        91.0199270787      -770.5762135308    102002.7029850788
839000     -7758.5724464687        91.0186756656      -770.5817241741    102002.7029850788
840000     -7758.5634132061        91.0187751268      -770.6367756697    102002.7029850788
841000     -7758.5581754141        91.0187928785      -770.6063155897    102002.7029850788
842000     -7758.5584264747        91.0190546420      -770.6300979752    102002.7029850788
843000     -7758.5715024499        91.0181556982      -770.5921323421    102002.7029850788
844000     -7758.5737803714        91.0170093027      -770.5705341710    102002.7029850788
845000     -7758.5808233502        91.0163106389      -770.5096420744    102002.7029850788
846000     -7758.5967950633        91.0155553833      -770.5150718136    102002.7029850788
847000     -7758.6102951949        91.0148864295      -770.4780638240    102002.7029850788
848000     -7758.6091934628        91.0158177287      -770.4775142166    102002.7029850788
849000     -7758.6107944164        91.0153827164      -770.4427107940    102002.7029850788
850000     -7758.6335646802        91.0140407822      -770.3359043757    102002.7029850788
851000     -7758.6375188511        91.0137959679      -770.2256795949    102002.7029850788
852000     -7758.6165464617        91.0160289271      -770.2087508808    102002.7029850788
853000     -7758.6171684642        91.0175291698      -770.2141976556    102002.7029850788
854000     -7758.5774279216        91.0194446366      -770.3218292473    102002.7029850788
855000     -7758.5893549263        91.0200408770      -770.2296477036    102002.7029850788
856000     -7758.5816609500        91.0216747745      -770.2147536295    102002.7029850788
857000     -7758.5836720941        91.0228888550      -770.1624139058    102002.7029850788
858000     -7758.5808203065        91.0222066886      -770.2631380025    102002.7029850788
859000     -7758.6088650399        91.0187081377      -770.3473791077    102002.7029850788
860000     -7758.5907668124        91.0180924419      -770.5341998144    102002.7029850788
861000     -7758.5951535756        91.0168886501      -770.6562897668    102002.7029850788
862000     -7758.5878043784        91.0159996827      -770.7106542927    102002.7029850788
863000     -7758.5910258955        91.0156283296      -770.6942552810    102002.7029850788
864000     -7758.6055319515        91.0149620440      -770.6448620845    102002.7029850788
865000     -7758.6002324659        91.0155445495      -770.7716051606    102002.7029850788
866000     -7758.5702629482        91.0174679623      -770.8473494411    102002.7029850788
867000     -7758.5667254322        91.0175653273      -770.9988833681    102002.7029850788
868000     -7758.5936740976        91.0157398530      -771.0670622570    102002.7029850788
869000     -7758.6186850560        91.0144551496      -771.0056385928    102002.7029850788
870000     -7758.6176853873        91.0150961749      -770.9172663343    102002.7029850787
871000     -7758.6109624673        91.0160719218      -770.9271624764    102002.7029850787
872000     -7758.5948329249        91.0154438529      -770.8956474515    102002.7029850787
873000     -7758.5991131815        91.0143972736      -770.9871463937    102002.7029850787
874000     -7758.5769198535        91.0150763044      -770.9934655453    102002.7029850787
875000     -7758.5686193122        91.0158930813      -770.8846921424    102002.7029850787
876000     -7758.5760812383        91.0147990855      -770.8493990389    102002.7029850787
877000     -7758.6251184274        91.0123284987      -770.8644165019    102002.7029850787
878000     -7758.6479982634        91.0108233601      -770.9189339173    102002.7029850787
879000     -7758.6911926269        91.0094479000      -770.9378698440    102002.7029850787
880000     -7758.6765694284        91.0100235825      -771.0980026051    102002.7029850787
881000     -7758.6740771717        91.0110158384      -771.0894746221    102002.7029850787
882000     -7758.6788730628        91.0097550090      -771.0482810880    102002.7029850787
883000     -7758.6742456317        91.0096101079      -770.9605613579    102002.7029850787
884000     -7758.6463033473        91.0101541435      -770.8975926694    102002.7029850787
885000     -7758.6202312831        91.0106931658      -770.8987310163    102002.7029850787
886000     -7758.6127553472        91.0105538552      -770.9250196470    102002.7029850787
887000     -7758.5982121942        91.0102314000      -770.9103129853    102002.7029850787
888000     -7758.6221155265        91.0094223788      -770.9162817057    102002.7029850787
889000     -7758.6285881105        91.0087760775      -770.8276014705    102002.7029850787
890000     -7758.6152339195        91.0096321845      -770.8120487167    102002.7029850787
891000     -7758.5957860921        91.0106398428      -770.7202080336    102002.7029850787
892000     -7758.6206113889        91.0092700666      -770.6375064761    102002.7029850787
893000     -7758.6222655600        91.0093348838      -770.5935975186    102002.7029850787
894000     -7758.6193346803        91.0095970478      -770.6566553625    102002.7029850787
895000     -7758.6072361946        91.0103576089      -770.7097129490    102002.7029850787
896000     -7758.6137710262        91.0104540310      -770.6184547205    102002.7029850787
897000     -7758.6273253029        91.0094293892      -770.6669260539    102002.7029850787
898000     -7758.6277831453        91.0085407656      -770.7105060398    102002.7029850787
899000     -7758.6120142117        91.0099952670      -770.6807132426    102002.7029850787
900000     -7758.6090720952        91.0096990165      -770.6374735389    102002.7029850787
901000     -7758.6041848031        91.0093714941      -770.6975198932    102002.7029850787
902000     -7758.6334467800        91.0065593560      -770.6759297098    102002.7029850787
903000     -7758.6236252235        91.0062031340      -770.6118570272    102002.7029850787
904000     -7758.6177816510        91.0061235580      -770.6220848224    102002.7029850787
905000     -7758.6176115421        91.0071040063      -770.6263620434    102002.7029850787
906000     -7758.6262797907        91.0062183064      -770.6665471357    102002.7029850787
907000     -7758.6226671832        91.0060812161      -770.5578003364    102002.7029850787
908000     -7758.6194760514        91.0058979825      -770.5998517718    102002.7029850787
909000     -7758.6113779048        91.0063407057      -770.6225113949    102002.7029850787
910000     -7758.6287278557        91.0055280866      -770.5326804039    102002.7029850787
911000     -7758.6496048539        91.0035909467      -770.5078080149    102002.7029850787
912000     -7758.6577171626        91.0031843173      -770.4583016598    102002.7029850787
913000     -7758.6413724966        91.0042871404      -770.4034975254    102002.7029850787
914000     -7758.6296709135        91.0049759139      -770.3073486359    102002.7029850787
915000     -7758.6472542674        91.0037607428      -770.2392411942    102002.7029850787
916000     -7758.6482362882        91.0042225397      -770.1746123551    102002.7029850787
917000     -7758.6404447988        91.0051563944      -770.2044327432    102002.7029850787
918000     -7758.6720373190        91.0038396050      -770.1643011963    102002.7029850787
919000     -7758.6491875735        91.0057387721      -770.0353869334    102002.7029850787
920000     -7758.6654294420        91.0057965855      -769.9834916304    102002.7029850787
921000     -7758.6554153343        91.0062219568      -769.9757978330    102002.7029850787
922000     -7758.6911674220        91.0044899054      -769.9607202910    102002.7029850787
923000     -7758.7138270701        91.0039270437      -769.8913472148    102002.7029850787
924000     -7758.7283352284        91.0035502311      -769.8037372368    102002.7029850787
925000     -7758.7246632271        91.0046339129      -769.8121870159    102002.7029850787
926000     -7758.7221061930        91.0048925650      -769.8326995221    102002.7029850787
927000     -7758.7096920358        91.0066948721      -769.8336568705    102002.7029850786
928000     -7758.7148663308        91.0068967468      -769.8400211160    102002.7029850786
929000     -7758.7214681139        91.0066759856      -769.8588774377    102002.7029850786
930000     -7758.7166153825        91.0071097804      -769.7935053066    102002.7029850786
931000     -7758.7500648264        91.0061143480      -769.7500574840    102002.7029850786
932000     -7758.7620700115        91.0043158406      -769.7287587874    102002.7029850786
933000     -7758.7738926042        91.0042220212      -769.6246140815    102002.7029850786
934000     -7758.7724077969        91.0042263007      -769.6237899271    102002.7029850786
935000     -7758.7614581351        91.0047765576      -769.5724251614    102002.7029850786
936000     -7758.7387400849        91.0054889167      -769.5673877346    102002.7029850786
937000     -7758.7299445038        91.0057392895      -769.5435391984    102002.7029850786
938000     -7758.7288430182        91.0071277301      -769.5148337843    102002.7029850786
939000     -7758.7080439840        91.0076423664      -769.4311692553    102002.7029850786
940000     -7758.7052857509        91.0074592324      -769.3787544726    102002.7029850786
941000     -7758.7114365427        91.0060501460      -769.4175020751    102002.7029850786
942000     -7758.6942815133        91.0062758125      -769.4032362322    102002.7029850786
943000     -7758.6718450249        91.0076853204      -769.3588563439    102002.7029850786
944000     -7758.6578468243        91.0086118423      -769.2963813560    102002.7029850786
945000     -7758.6498645165        91.0092036697      -769.2799466974    102002.7029850786
946000     -7758.6424080434        91.0100627957      -769.3029362714    102002.7029850786
947000     -7758.6359902276        91.0106254693      -769.3767968962    102002.7029850786
948000     -7758.6324624866        91.0098015706      -769.4213617110    102002.7029850786
949000     -7758.6251712351        91.0101043048      -769.4997973121    102002.7029850786
950000     -7758.5992505540        91.0121832212      -769.4669185878    102002.7029850786
951000     -7758.6084391482        91.0102402207      -769.4827168883    102002.7029850786
952000     -7758.6092637959        91.0092836854      -769.4459116096    102002.7029850786
953000     -7758.6104384158        91.0088891812      -769.4915728223    102002.7029850786
954000     -7758.5979103827        91.0102482628      -769.4977505398    102002.7029850786
955000     -7758.5868895526        91.0102931996      -769.4977659142    102002.7029850786
956000     -7758.5788881331        91.0101710071      -769.4921253773    102002.7029850786
957000     -7758.5734890939        91.0090322249      -769.4879421544    102002.7029850786
958000     -7758.5598974069        91.0088158775      -769.4782963316    102002.7029850786
959000     -7758.5415682262        91.0100037397      -769.5656546561    102002.7029850786
960000     -7758.5429647855        91.0096051155      -769.6339077065    102002.7029850786
961000     -7758.5350513306        91.0099079187      -769.7087042972    102002.7029850786
962000     -7758.5064071573        91.0111946337      -769.6867537217    102002.7029850786
963000     -7758.5214061795        91.0099873066      -769.6783318226    102002.7029850786
964000     -7758.5201014533        91.0093970075      -769.6780353458    102002.7029850786
965000     -7758.5429084507        91.0075680196      -769.6500196015    102002.7029850786
966000     -7758.5574238874        91.0062089709      -769.6518709251    102002.7029850786
967000     -7758.5504913286        91.0064386288      -769.6284733893    102002.7029850786
968000     -7758.5376404140        91.0073672868      -769.6453233525    102002.7029850786
969000     -7758.5472764235        91.0060643000      -769.6784299395    102002.7029850786
970000     -7758.5546922726        91.0052744489      -769.7352347374    102002.7029850786
971000     -7758.5714937957        91.0044231920      -769.8164862884    102002.7029850786
972000     -7758.5622428385        91.0053243075      -769.8056646751    102002.7029850786
973000     -7758.5755431267        91.0045501760      -769.7459230327    102002.7029850786
974000     -7758.5986700468        91.0031325912      -769.7556359029    102002.7029850786
975000     -7758.5848274326        91.0033487864      -769.7173448827    102002.7029850786
976000     -7758.5963115875        91.0040716391      -769.7279407647    102002.7029850786
977000     -7758.5991331801        91.0033811821      -769.7716249423    102002.7029850786
978000     -7758.6218994155        91.0025257087      -769.7376425832    102002.7029850786
979000     -7758.6163014457        91.0028733477      -769.7888474128    102002.7029850786
980000     -7758.6173899970        91.0031536756      -769.8405220946    102002.7029850786
981000     -7758.6220532429        91.0026713586      -769.9297363297    102002.7029850786
982000     -7758.6243913183        91.0027240827      -769.8969766886    102002.7029850786
983000     -7758.6227856327        91.0028026356      -769.9138665618    102002.7029850786
984000     -7758.6117769096        91.0026530125      -769.9625483241    102002.7029850786
985000     -7758.5951658756        91.0039478820      -769.9493241434    102002.7029850786
986000     -7758.6010741614        91.0037177152      -769.9002110040    102002.7029850786
987000     -7758.5962556039        91.0042275684      -769.9913815210    102002.7029850786
988000     -7758.6012355245        91.0043875353      -769.9659164349    102002.7029850786
989000     -7758.5923026788        91.0047458482      -769.9362320828    102002.7029850786
990000     -7758.5982830140        91.0045848285      -769.9269651959    102002.7029850786
991000     -7758.5892403669        91.0052654580      -769.9611888709    102002.7029850786
992000     -7758.5761685651        91.0053979100      -769.9644699940    102002.7029850786
993000     -7758.5735915287        91.0062272870      -769.9045399744    102002.7029850786
994000     -7758.5704425161        91.0067190291      -769.8548406607    102002.7029850786
995000     -7758.5732824210        91.0065615813      -769.7366139089    102002.7029850786
996000     -7758.5663045281        91.0076858547      -769.6421469982    102002.7029850786
997000     -7758.5715841432        91.0076630051      -769.6219602314    102002.7029850786
998000     -7758.5900410415        91.0068681233      -769.6703330099    102002.7029850786
999000     -7758.6234377063        91.0048193251      -769.7278516173    102002.7029850786
1000000     -7758.6350162525        91.0045827325      -769.6974293840    102002.7029850786
