# Time-averaged data for fix runningavgs
# TimeStep v_ra_etotal v_ra_temp v_ra_press v_ra_volume
502000     -6703.2566857247       109.0706443765      -664.6721485367    102002.7029850792
503000     -6701.6366307585       109.2646183665      -684.5966858050    102002.7029850792
504000     -6702.9892471486       109.1646267414      -686.3116305228    102002.7029850792
505000     -6701.8384730854       109.2856557216      -688.6182341730    102002.7029850792
506000     -6699.3692724636       109.5533734901      -690.9755930142    102002.7029850792
507000     -6700.2645826406       109.4773186273      -690.2313284043    102002.7029850792
508000     -6700.2444013220       109.4725547472      -692.7941069144    102002.7029850792
509000     -6700.8314573631       109.4119906462      -692.8479131659    102002.7029850792
510000     -6699.6356196735       109.5055887841      -691.7185832034    102002.7029850792
511000     -6698.7251507969       109.5729336146      -689.8284444306    102002.7029850792
512000     -6698.9442442490       109.5533865592      -691.1794305161    102002.7029850792
513000     -6698.5304313898       109.5699275400      -689.2852223984    102002.7029850792
514000     -6697.5170996883       109.6580044558      -689.8028083971    102002.7029850792
515000     -6697.0520531215       109.6919699698      -690.1296887571    102002.7029850792
516000     -6696.4016963745       109.7639907047      -688.4203922993    102002.7029850792
517000     -6696.0179123425       109.7910440150      -692.6205328072    102002.7029850792
518000     -6696.4523097387       109.7466408534      -693.2865657834    102002.7029850792
519000     -6696.2301217218       109.7575314348      -694.4190393795    102002.7029850792
520000     -6696.3777779522       109.7414048695      -694.2044806680    102002.7029850792
521000     -6696.1246619628       109.7700655409      -695.9069647474    102002.7029850792
522000     -6695.7044893683       109.8103345295      -696.4489342234    102002.7029850792
523000     -6695.4698256963       109.8231366720      -699.2489247274    102002.7029850792
524000     -6695.4393577667       109.8298838730      -701.1550933334    102002.7029850792
525000     -6695.1089195193       109.8538440797      -700.9741702340    102002.7029850792
526000     -6694.6544297314       109.8836743606      -701.7957674567    102002.7029850792
527000     -6694.7902270705       109.8862937709      -702.3082637100    102002.7029850792
528000     -6694.8174732383       109.8920929402      -703.7552052215    102002.7029850792
529000     -6694.6343547356       109.9015530854      -706.6123668000    102002.7029850792
530000     -6694.5278553183       109.9150024423      -707.2133265323    102002.7029850792
531000     -6694.6377365135       109.9016570131      -706.3766029703    102002.7029850792
532000     -6694.5308023281       109.9069184882      -707.4086333682    102002.7029850792
533000     -6694.3368006336       109.9184692406      -706.8686286590    102002.7029850792
534000     -6694.2575069879       109.9274115582      -707.6911524999    102002.7029850792
535000     -6694.1182568473       109.9371749941      -709.4196623427    102002.7029850792
536000     -6694.0655029718       109.9419597571      -709.7070835888    102002.7029850792
537000     -6693.7192332567       109.9706742080      -710.0920337142    102002.7029850792
538000     -6693.7488556755       109.9636513662      -710.0163218160    102002.7029850792
539000     -6693.7183014529       109.9575121354      -710.0064617100    102002.7029850791
540000     -6693.7964380910       109.9466696957      -709.4829164764    102002.7029850791
541000     -6693.6237841023       109.9527966469      -710.4787314994    102002.7029850791
542000     -6693.4750390170       109.9600480303      -710.4577928048    102002.7029850791
543000     -6693.7479791439       109.9387703429      -710.2422010602    102002.7029850791
544000     -6693.8415399954       109.9277878334      -711.2591331998    102002.7029850791
545000     -6694.0359263634       109.9045559212      -711.1269003455    102002.7029850791
546000     -6693.8402201253       109.9323898663      -711.2789915285    102002.7029850791
547000     -6693.7443754152       109.9421902779      -712.8734275457    102002.7029850791
548000     -6693.4282379516       109.9731807137      -713.3584333779    102002.7029850791
549000     -6693.3849422503       109.9801312349      -712.9942614800    102002.7029850791
550000     -6693.4762757455       109.9728404123      -713.3331682658    102002.7029850791
551000     -6693.6214156031       109.9612088521      -713.1868094048    102002.7029850791
552000     -6693.7126394078       109.9563670188      -712.6676633388    102002.7029850791
553000     -6693.7201216830       109.9603736824      -712.9042803579    102002.7029850791
554000     -6693.6421512325       109.9654399208      -713.5218643981    102002.7029850791
555000     -6693.6589985456       109.9679611353      -713.3644655281    102002.7029850791
556000     -6693.7753655645       109.9564805460      -713.0554794434    102002.7029850791
557000     -6693.9488800247       109.9411827255      -712.6320857610    102002.7029850791
558000     -6693.9831643819       109.9385983587      -712.3613210309    102002.7029850791
559000     -6693.9950161843       109.9393094394      -712.1066484082    102002.7029850791
560000     -6694.0799165743       109.9348990341      -711.9029333116    102002.7029850791
561000     -6693.8780717425       109.9525622989      -711.4547828252    102002.7029850791
562000     -6694.0156241087       109.9399136588      -710.4988277364    102002.7029850791
563000     -6694.0208850417       109.9382732915      -710.2713633970    102002.7029850791
564000     -6694.1096564535       109.9286289837      -709.6702717031    102002.7029850791
565000     -6694.2171322765       109.9201296514      -709.6010232127    102002.7029850791
566000     -6694.1918430947       109.9226250245      -709.8274997563    102002.7029850791
567000     -6694.3576979269       109.9090109491      -709.5280541968    102002.7029850791
568000     -6694.4168937068       109.9032092690      -708.8772961714    102002.7029850791
569000     -6694.5860103711       109.8901201366      -708.6851447216    102002.7029850791
570000     -6694.6161738015       109.8889792091      -708.7420429321    102002.7029850791
571000     -6694.4075500899       109.9123125942      -708.6601846658    102002.7029850791
572000     -6694.2916229321       109.9221058268      -708.7638287271    102002.7029850791
573000     -6694.3248755649       109.9214889938      -708.9031078366    102002.7029850791
574000     -6694.1326176975       109.9429851835      -708.9302905342    102002.7029850791
575000     -6694.1030999794       109.9469814411      -708.6344955493    102002.7029850791
576000     -6694.0866210224       109.9516426630      -708.4589089025    102002.7029850791
577000     -6694.0158745844       109.9607770698      -708.1439998153    102002.7029850791
578000     -6693.9916804096       109.9651058335      -708.5137364117    102002.7029850791
579000     -6693.9988306387       109.9648031538      -708.8265879590    102002.7029850791
580000     -6694.0879274962       109.9592308003      -708.4109898809    102002.7029850791
581000     -6694.1063656851       109.9582026201      -708.3328967342    102002.7029850791
582000     -6693.9538922380       109.9727018775      -708.1871731251    102002.7029850791
583000     -6693.9619796907       109.9715099622      -708.0212747328    102002.7029850791
584000     -6693.9667428254       109.9732342593      -708.3372102752    102002.7029850791
585000     -6693.9355695324       109.9768756950      -708.7345305397    102002.7029850791
586000     -6693.8369664002       109.9873308671      -708.5731391471    102002.7029850791
587000     -6693.7562860823       109.9961777612      -708.6761681036    102002.7029850791
588000     -6693.7382952893       109.9982452273      -708.3390667188    102002.7029850791
589000     -6693.6904225846       110.0053645562      -708.1260569635    102002.7029850791
590000     -6693.6513405260       110.0089416377      -708.5800190904    102002.7029850791
591000     -6693.5349406286       110.0210446122      -708.3929376789    102002.7029850792
592000     -6693.5110491728       110.0223912880      -708.2316849804    102002.7029850792
593000     -6693.4280672952       110.0303827933      -708.0046476705    102002.7029850792
594000     -6693.3894743758       110.0348639657      -707.3664789467    102002.7029850792
595000     -6693.3604629642       110.0380941761      -707.0735706414    102002.7029850792
596000     -6693.4322598224       110.0315876694      -707.3000756027    102002.7029850792
597000     -6693.4682028445       110.0270110407      -707.4657815103    102002.7029850792
598000     -6693.6297947375       110.0121296649      -707.4369032953    102002.7029850792
599000     -6693.6843039514       110.0070274684      -707.6488069585    102002.7029850792
600000     -6693.8282769202       109.9974735344      -707.4943373685    102002.7029850792
601000     -6693.8465796835       109.9929541497      -707.4613450692    102002.7029850792
602000     -6693.7264652387       110.0017040503      -707.2793628091    102002.7029850792
603000     -6693.7022339731       110.0009069640      -707.3510660797    102002.7029850792
604000     -6693.6653592265       110.0034443247      -707.5541016736    102002.7029850793
605000     -6693.6314423562       110.0072708353      -707.4239980599    102002.7029850793
606000     -6693.6321734702       110.0072517920      -707.4267351045    102002.7029850793
607000     -6693.6691250196       110.0036022161      -707.2878873677    102002.7029850793
608000     -6693.7635079330       109.9953005902      -707.1773069495    102002.7029850793
609000     -6693.8585246458       109.9864629192      -707.0115787888    102002.7029850793
610000     -6693.8413913943       109.9865031895      -707.0970051590    102002.7029850793
611000     -6693.8502153057       109.9839470497      -707.1408477515    102002.7029850793
612000     -6693.8969087593       109.9786931488      -707.0567656607    102002.7029850793
613000     -6693.8977752849       109.9780152593      -707.0297795215    102002.7029850793
614000     -6693.7980077473       109.9860418175      -707.1116713718    102002.7029850793
615000     -6693.7502030794       109.9912419761      -707.3769425405    102002.7029850793
616000     -6693.6389542938       110.0009537188      -707.3907968290    102002.7029850793
617000     -6693.6000481531       110.0023165189      -707.8599667909    102002.7029850793
618000     -6693.6793868818       109.9950337683      -707.8897670893    102002.7029850793
619000     -6693.6406551070       109.9991287030      -707.8094067957    102002.7029850793
620000     -6693.5904036046       110.0028576224      -707.9976300041    102002.7029850793
621000     -6693.5634648046       110.0042449553      -708.1222914713    102002.7029850793
622000     -6693.6724983280       109.9959035195      -708.3035717107    102002.7029850794
623000     -6693.6746997612       109.9944609085      -708.5694212331    102002.7029850794
624000     -6693.6020737993       110.0001497952      -708.6856374856    102002.7029850794
625000     -6693.6030380216       109.9997161531      -708.5850550525    102002.7029850794
626000     -6693.6524969029       109.9944204061      -708.6603215568    102002.7029850794
627000     -6693.6798173508       109.9915972110      -708.7022411296    102002.7029850794
628000     -6693.6443309074       109.9957142234      -709.0334756795    102002.7029850794
629000     -6693.6420210454       109.9960668416      -709.0625705088    102002.7029850794
630000     -6693.7264636407       109.9879972478      -709.1687815165    102002.7029850794
631000     -6693.7518831993       109.9858572663      -709.1883568884    102002.7029850794
632000     -6693.8199318447       109.9788003043      -709.0247215646    102002.7029850794
633000     -6693.7688620371       109.9825944337      -709.0277593930    102002.7029850794
634000     -6693.7748865497       109.9830674833      -708.9353665779    102002.7029850794
635000     -6693.7463235100       109.9839112581      -709.1705534289    102002.7029850794
636000     -6693.7708950634       109.9814566637      -709.2491656560    102002.7029850794
637000     -6693.7610887212       109.9828157819      -709.2041404713    102002.7029850794
638000     -6693.7514871737       109.9845467000      -709.2160598182    102002.7029850794
639000     -6693.6452648687       109.9930230882      -709.3460870103    102002.7029850794
640000     -6693.5996146271       109.9964487521      -709.1909917272    102002.7029850794
641000     -6693.6934071751       109.9865287841      -709.2480613737    102002.7029850794
642000     -6693.7210892997       109.9843628792      -709.1885227153    102002.7029850794
643000     -6693.7423134019       109.9816981647      -708.9688894394    102002.7029850794
644000     -6693.7285111065       109.9823109344      -708.8889784614    102002.7029850794
645000     -6693.7072539968       109.9834615994      -708.7856723801    102002.7029850794
646000     -6693.6829488467       109.9860981876      -708.6305378455    102002.7029850795
647000     -6693.6938447798       109.9853152464      -708.6219687325    102002.7029850795
648000     -6693.7707006382       109.9786157461      -708.8326562815    102002.7029850795
649000     -6693.8191625376       109.9732730509      -708.7814565056    102002.7029850795
650000     -6693.8747700442       109.9680754130      -708.7332032650    102002.7029850795
651000     -6693.8500218506       109.9702502274      -708.9899460438    102002.7029850795
652000     -6693.8358674544       109.9738069737      -708.7779782674    102002.7029850795
653000     -6693.7498017378       109.9814478837      -708.6119258245    102002.7029850795
654000     -6693.7151721900       109.9841015380      -708.8180977939    102002.7029850795
655000     -6693.6977371280       109.9866409681      -708.7845312268    102002.7029850795
656000     -6693.6907079146       109.9863349319      -708.7035369015    102002.7029850795
657000     -6693.7388409611       109.9812196122      -708.8887282898    102002.7029850795
658000     -6693.7450049195       109.9809369424      -708.7782349975    102002.7029850795
659000     -6693.7291690852       109.9821993508      -708.8532774076    102002.7029850795
660000     -6693.6793861646       109.9883442352      -709.0745638103    102002.7029850795
661000     -6693.6372568141       109.9921725696      -709.2504924955    102002.7029850795
662000     -6693.6529368547       109.9910624562      -709.1607032323    102002.7029850795
663000     -6693.5992194110       109.9959929300      -709.3195726528    102002.7029850795
664000     -6693.5469776138       110.0014494765      -709.2505655042    102002.7029850795
665000     -6693.4956099943       110.0058641735      -709.0744892309    102002.7029850795
666000     -6693.4915494094       110.0063055012      -709.0976808358    102002.7029850795
667000     -6693.4357128728       110.0116225248      -709.0851924808    102002.7029850795
668000     -6693.4553878207       110.0095539371      -709.0476637752    102002.7029850795
669000     -6693.4141376593       110.0142424598      -709.0508869211    102002.7029850795
670000     -6693.4170505720       110.0139992642      -708.8211290597    102002.7029850795
671000     -6693.4209640442       110.0135274154      -708.7550050833    102002.7029850795
672000     -6693.4347373079       110.0132470924      -708.6363721726    102002.7029850795
673000     -6693.4041848414       110.0163469231      -708.7653428280    102002.7029850795
674000     -6693.3745151499       110.0207895263      -708.9409657712    102002.7029850794
675000     -6693.3288092860       110.0241560679      -709.0292336549    102002.7029850794
676000     -6693.3225152018       110.0251858455      -708.9249176784    102002.7029850794
677000     -6693.2737678193       110.0296134765      -708.7412890272    102002.7029850794
678000     -6693.2645353904       110.0298261479      -708.5973030157    102002.7029850794
679000     -6693.3231878072       110.0237843169      -708.5659964189    102002.7029850794
680000     -6693.3479440840       110.0215161698      -708.6275374875    102002.7029850794
681000     -6693.4143823282       110.0151304393      -708.7496544346    102002.7029850794
682000     -6693.4217555825       110.0143355518      -708.7163529214    102002.7029850794
683000     -6693.4536963381       110.0107442405      -708.4995211812    102002.7029850794
684000     -6693.4933248391       110.0064119146      -708.4717403705    102002.7029850794
685000     -6693.4760393613       110.0080281129      -708.5653663447    102002.7029850794
686000     -6693.4381485883       110.0120472803      -708.7418844073    102002.7029850794
687000     -6693.4664493689       110.0097351990      -708.8494602356    102002.7029850794
688000     -6693.4598753959       110.0099420354      -708.8812772567    102002.7029850793
689000     -6693.4107735910       110.0153312651      -708.8342810797    102002.7029850793
690000     -6693.4347032798       110.0135531476      -708.8362169064    102002.7029850793
691000     -6693.4132354474       110.0151151225      -708.8595818147    102002.7029850793
692000     -6693.3788683191       110.0192001548      -709.0800027250    102002.7029850793
693000     -6693.3542212728       110.0209397167      -709.2254670734    102002.7029850793
694000     -6693.3469604275       110.0213099055      -709.1645636987    102002.7029850793
695000     -6693.2873033414       110.0265372469      -709.1562428417    102002.7029850793
696000     -6693.2422327085       110.0300492390      -709.3346393335    102002.7029850793
697000     -6693.2118416088       110.0329405654      -709.3549662097    102002.7029850793
698000     -6693.2512090787       110.0289445743      -709.6396103466    102002.7029850793
699000     -6693.2817727441       110.0259472143      -709.8611042491    102002.7029850793
700000     -6693.2980819340       110.0252308358      -709.9456811427    102002.7029850793
701000     -6693.3238539368       110.0233739160      -709.9560627494    102002.7029850793
702000     -6693.3491237950       110.0212606171      -710.0899088956    102002.7029850793
703000     -6693.4102729966       110.0159919278      -710.1714594865    102002.7029850793
704000     -6693.4050333188       110.0170162685      -710.5256680489    102002.7029850792
705000     -6693.4041451330       110.0176801282      -710.6795450647    102002.7029850792
706000     -6693.3953853988       110.0195207372      -710.6616944792    102002.7029850792
707000     -6693.3743629080       110.0218845541      -710.7907042326    102002.7029850792
708000     -6693.3317794401       110.0258673931      -710.8412081189    102002.7029850792
709000     -6693.3375238527       110.0269583655      -710.8114555735    102002.7029850792
710000     -6693.3472252821       110.0259246130      -711.0071829827    102002.7029850792
711000     -6693.3531881049       110.0256991553      -711.2021129443    102002.7029850792
712000     -6693.3607366794       110.0250888640      -711.0920105624    102002.7029850792
713000     -6693.3337005679       110.0278061705      -711.0294790466    102002.7029850792
714000     -6693.3007975571       110.0305039852      -710.8746646272    102002.7029850792
715000     -6693.2819528748       110.0328743973      -710.9579514151    102002.7029850792
716000     -6693.3428519426       110.0271394736      -711.0032576756    102002.7029850792
717000     -6693.2982961487       110.0319178084      -710.9364033154    102002.7029850792
718000     -6693.2953659740       110.0318510257      -710.9449708896    102002.7029850792
719000     -6693.3343991373       110.0286172303      -710.7813716270    102002.7029850792
720000     -6693.3147390896       110.0298622186      -710.7529892133    102002.7029850792
721000     -6693.3529045999       110.0253896545      -710.7927198184    102002.7029850792
722000     -6693.3107200433       110.0294165309      -710.9530021834    102002.7029850792
723000     -6693.3030295000       110.0295616715      -711.1522006641    102002.7029850792
724000     -6693.2843485478       110.0318579732      -711.1720480989    102002.7029850791
725000     -6693.2962364091       110.0309682049      -711.1132736209    102002.7029850791
726000     -6693.3093083709       110.0302495953      -711.1828863229    102002.7029850791
727000     -6693.3149747337       110.0306008600      -711.1107182040    102002.7029850791
728000     -6693.3247820825       110.0297004595      -711.1575019239    102002.7029850791
729000     -6693.3253027881       110.0303983196      -711.3857880827    102002.7029850791
730000     -6693.3414945034       110.0298397123      -711.3710246603    102002.7029850791
731000     -6693.3420701941       110.0296621516      -711.2278367302    102002.7029850791
732000     -6693.3512051959       110.0277148182      -711.2967098571    102002.7029850791
733000     -6693.3895524529       110.0242375776      -711.1849042351    102002.7029850791
734000     -6693.3574102171       110.0266056375      -711.2359775908    102002.7029850791
735000     -6693.3609699370       110.0257107977      -711.5617183045    102002.7029850791
736000     -6693.3894496946       110.0225302507      -711.5435674623    102002.7029850791
737000     -6693.4125795853       110.0195252843      -711.4091142596    102002.7029850791
738000     -6693.3927893973       110.0206192471      -711.4778777827    102002.7029850791
739000     -6693.3810819873       110.0210453847      -711.5671279850    102002.7029850791
740000     -6693.4254635793       110.0162255955      -711.4813314774    102002.7029850791
741000     -6693.4224388028       110.0155755869      -711.5231788994    102002.7029850791
742000     -6693.4105472765       110.0161372451      -711.5348028549    102002.7029850791
743000     -6693.3939651498       110.0176761879      -711.4175086512    102002.7029850791
744000     -6693.3579555406       110.0213046360      -711.4169853668    102002.7029850791
745000     -6693.3698269197       110.0203500983      -711.4314250318    102002.7029850791
746000     -6693.3654367093       110.0208227868      -711.5633511670    102002.7029850791
747000     -6693.3103651939       110.0263402994      -711.6812254482    102002.7029850791
748000     -6693.2884381936       110.0280364386      -711.9079286414    102002.7029850790
749000     -6693.2982214408       110.0277515058      -711.9655587847    102002.7029850790
750000     -6693.3446232527       110.0234968991      -712.0285563745    102002.7029850790
751000     -6693.3321023673       110.0243281478      -712.1360190014    102002.7029850790
752000     -6693.3230234362       110.0260635120      -712.2426647151    102002.7029850790
753000     -6693.3310800781       110.0252466879      -712.4201627969    102002.7029850790
754000     -6693.3757940107       110.0212633279      -712.4532513049    102002.7029850790
755000     -6693.3982116018       110.0196065038      -712.6127913583    102002.7029850790
756000     -6693.3796162917       110.0212791532      -712.5751399992    102002.7029850790
757000     -6693.3672712045       110.0226719232      -712.5878896651    102002.7029850790
758000     -6693.3655816084       110.0228483318      -712.7515422525    102002.7029850790
759000     -6693.3797772474       110.0220355576      -712.7186513103    102002.7029850790
760000     -6693.4027262373       110.0196326508      -712.9163832368    102002.7029850790
761000     -6693.4426243505       110.0171363667      -712.8728414256    102002.7029850790
762000     -6693.4660003183       110.0149996905      -712.7546290557    102002.7029850790
763000     -6693.4454742643       110.0178514822      -712.9010275766    102002.7029850790
764000     -6693.4281490116       110.0198465554      -712.8844484714    102002.7029850790
765000     -6693.4295331963       110.0204677524      -712.9243548305    102002.7029850790
766000     -6693.3938527671       110.0243778531      -713.1699267063    102002.7029850790
767000     -6693.4051771703       110.0244324956      -713.2410448436    102002.7029850790
768000     -6693.4495692846       110.0213014957      -713.2085990075    102002.7029850790
769000     -6693.4720912056       110.0190960072      -713.3311147921    102002.7029850790
770000     -6693.5124349688       110.0161416868      -713.2697760005    102002.7029850790
771000     -6693.4946382157       110.0181613420      -713.3066199168    102002.7029850790
772000     -6693.4846541308       110.0193302173      -713.4361723383    102002.7029850790
773000     -6693.4580863293       110.0223633753      -713.2857313669    102002.7029850790
774000     -6693.4579920440       110.0225903374      -713.2996147616    102002.7029850790
775000     -6693.4537567259       110.0231713701      -713.2339316547    102002.7029850790
776000     -6693.4983695788       110.0190677428      -713.1208877167    102002.7029850790
777000     -6693.5072129140       110.0184442111      -713.0447005837    102002.7029850789
778000     -6693.4625737989       110.0219162788      -713.1317122468    102002.7029850789
779000     -6693.4617069363       110.0219561397      -713.0021229955    102002.7029850789
780000     -6693.4941449100       110.0191946688      -712.8374439647    102002.7029850789
781000     -6693.5188567495       110.0165851095      -712.8054518560    102002.7029850789
782000     -6693.5566059702       110.0134953513      -712.6755847658    102002.7029850789
783000     -6693.5430462486       110.0147002069      -712.7133324644    102002.7029850789
784000     -6693.5145260045       110.0163807337      -712.8391808433    102002.7029850789
785000     -6693.4733659308       110.0204432565      -712.7903044361    102002.7029850789
786000     -6693.4798844659       110.0205331402      -712.7236142776    102002.7029850789
787000     -6693.4629167284       110.0212429680      -712.6684375003    102002.7029850789
788000     -6693.5111238982       110.0174551335      -712.5699544158    102002.7029850789
789000     -6693.5385772731       110.0150450250      -712.4707871537    102002.7029850789
790000     -6693.5458659727       110.0148067254      -712.4775995069    102002.7029850789
791000     -6693.5252393816       110.0166385174      -712.5092963594    102002.7029850789
792000     -6693.5259803683       110.0171598411      -712.3826078482    102002.7029850789
793000     -6693.5401920876       110.0156191094      -712.2970669817    102002.7029850789
794000     -6693.5599170561       110.0139896418      -712.2563514354    102002.7029850789
795000     -6693.5564249797       110.0143031264      -712.1409475737    102002.7029850789
796000     -6693.5732782384       110.0126200852      -712.1191689701    102002.7029850789
797000     -6693.6086398057       110.0089188308      -712.0759349930    102002.7029850789
798000     -6693.6229882694       110.0075652873      -712.0296943484    102002.7029850789
799000     -6693.6149609975       110.0082749124      -711.9669214033    102002.7029850789
800000     -6693.5880316659       110.0106718717      -711.8282527044    102002.7029850789
801000     -6693.5759080065       110.0123108609      -711.8076438144    102002.7029850789
802000     -6693.5605345691       110.0130308359      -711.8709344564    102002.7029850789
803000     -6693.5518272639       110.0148829329      -711.8377648982    102002.7029850789
804000     -6693.5367272009       110.0159489287      -711.8894835760    102002.7029850789
805000     -6693.5301426630       110.0169071395      -711.8079401531    102002.7029850789
806000     -6693.5417381025       110.0157106715      -711.7740170587    102002.7029850789
807000     -6693.5770243049       110.0124464850      -711.7552256572    102002.7029850789
808000     -6693.6074601890       110.0097342398      -711.6956852828    102002.7029850789
809000     -6693.6410785006       110.0070980006      -711.6830355477    102002.7029850789
810000     -6693.6277716663       110.0083806860      -711.5907561511    102002.7029850789
811000     -6693.6364283476       110.0077350867      -711.4478177085    102002.7029850789
812000     -6693.6604852961       110.0052167026      -711.3189150561    102002.7029850789
813000     -6693.6828205776       110.0032495617      -711.2113119457    102002.7029850789
814000     -6693.6784648316       110.0038353984      -711.1597328155    102002.7029850789
815000     -6693.6644614524       110.0049794696      -711.2356383015    102002.7029850788
816000     -6693.6685648183       110.0046784035      -711.1846539988    102002.7029850788
817000     -6693.6423859273       110.0073757424      -711.2041318881    102002.7029850788
818000     -6693.6418707549       110.0071005986      -711.1485596262    102002.7029850788
819000     -6693.6286315596       110.0086350836      -711.0999484894    102002.7029850788
820000     -6693.6327265773       110.0085027018      -711.1333718233    102002.7029850788
821000     -6693.6170845685       110.0099899198      -711.2035255628    102002.7029850788
822000     -6693.5841297427       110.0131688335      -711.2093949000    102002.7029850788
823000     -6693.5972981765       110.0122775172      -711.1367435826    102002.7029850788
824000     -6693.6299701997       110.0089064066      -711.1881546109    102002.7029850788
825000     -6693.6412898684       110.0080213618      -711.1336757350    102002.7029850788
826000     -6693.6725366780       110.0052258158      -711.1235475237    102002.7029850788
827000     -6693.6760977375       110.0049985543      -711.2161191299    102002.7029850788
828000     -6693.6420906504       110.0080252304      -711.2421513451    102002.7029850788
829000     -6693.6516918851       110.0074641133      -711.1576439943    102002.7029850788
830000     -6693.6893123497       110.0042933729      -711.1655695744    102002.7029850788
831000     -6693.6983161034       110.0039013162      -711.2515277913    102002.7029850788
832000     -6693.7089538225       110.0037638757      -711.2467638396    102002.7029850788
833000     -6693.7447279627       110.0005410477      -711.3206644575    102002.7029850788
834000     -6693.7476694322       109.9998036879      -711.3208436347    102002.7029850788
835000     -6693.7465957064       110.0002303861      -711.3162425993    102002.7029850788
836000     -6693.7518200816       109.9995459964      -711.3929467805    102002.7029850788
837000     -6693.7402032239       110.0014023011      -711.2882145619    102002.7029850788
838000     -6693.7272517389       110.0029745234      -711.3618993620    102002.7029850788
839000     -6693.7498374089       110.0007607344      -711.4682211836    102002.7029850788
840000     -6693.7389277851       110.0024722490      -711.4037826830    102002.7029850788
841000     -6693.7355321735       110.0029998856      -711.4980036869    102002.7029850788
842000     -6693.7029284570       110.0062339482      -711.5809045162    102002.7029850788
843000     -6693.6915568558       110.0075763501      -711.6050454487    102002.7029850788
844000     -6693.7029316933       110.0064291582      -711.6819902278    102002.7029850788
845000     -6693.6961303003       110.0069797334      -711.8408855497    102002.7029850788
846000     -6693.6705666553       110.0100223521      -711.8661366309    102002.7029850788
847000     -6693.6750450643       110.0095119330      -711.9153693742    102002.7029850788
848000     -6693.7000559063       110.0068400450      -711.9184699342    102002.7029850788
849000     -6693.6969207666       110.0069370770      -711.9390793676    102002.7029850788
850000     -6693.7091458363       110.0068087318      -711.9088749465    102002.7029850788
851000     -6693.6717771615       110.0104057775      -711.9965306632    102002.7029850788
852000     -6693.6556355977       110.0122878681      -712.1827967821    102002.7029850788
853000     -6693.6548678838       110.0130655919      -712.1584916600    102002.7029850788
854000     -6693.6541482118       110.0132671569      -712.2979179958    102002.7029850788
855000     -6693.6689404422       110.0117947724      -712.2548209823    102002.7029850788
856000     -6693.6629651145       110.0123320162      -712.2591027668    102002.7029850788
857000     -6693.6826080525       110.0107917581      -712.3544821682    102002.7029850788
858000     -6693.6815447907       110.0117130327      -712.3845912891    102002.7029850788
859000     -6693.6726289437       110.0124285846      -712.4376805082    102002.7029850788
860000     -6693.6428962413       110.0151177373      -712.5085856633    102002.7029850788
861000     -6693.6228314062       110.0178373822      -712.4899099942    102002.7029850788
862000     -6693.6234371970       110.0176586149      -712.5425298076    102002.7029850788
863000     -6693.6155565520       110.0184007103      -712.5778866162    102002.7029850788
864000     -6693.6343780003       110.0166323205      -712.6899376031    102002.7029850788
865000     -6693.6591751164       110.0142913889      -712.8152033825    102002.7029850788
866000     -6693.6528181133       110.0156150799      -712.8031879633    102002.7029850788
867000     -6693.6205428603       110.0186432754      -712.7613817264    102002.7029850788
868000     -6693.6178096385       110.0188152812      -712.7871883519    102002.7029850788
869000     -6693.6421500656       110.0167944626      -712.7110695040    102002.7029850788
870000     -6693.6463855138       110.0166621840      -712.7204339098    102002.7029850787
871000     -6693.6469319326       110.0165495560      -712.8018099320    102002.7029850787
872000     -6693.6232078807       110.0181614299      -712.9112156181    102002.7029850787
873000     -6693.6270364705       110.0181030743      -712.8837919392    102002.7029850787
874000     -6693.6379149097       110.0170370209      -712.8473987077    102002.7029850787
875000     -6693.6269707703       110.0181070038      -712.8020184064    102002.7029850787
876000     -6693.6298720509       110.0175975686      -712.6924335475    102002.7029850787
877000     -6693.6189249244       110.0186389992      -712.7448638038    102002.7029850787
878000     -6693.6073933785       110.0196706730      -712.7765490213    102002.7029850787
879000     -6693.5969797636       110.0208285540      -712.7414940220    102002.7029850787
880000     -6693.6058220772       110.0196842171      -712.6841043623    102002.7029850787
881000     -6693.6403152050       110.0163984846      -712.6151838659    102002.7029850787
882000     -6693.6391890928       110.0167058527      -712.5456342377    102002.7029850787
883000     -6693.6215605313       110.0179568992      -712.5456352236    102002.7029850787
884000     -6693.6036645991       110.0200884077      -712.5390147789    102002.7029850787
885000     -6693.6012617101       110.0202622677      -712.4922278758    102002.7029850787
886000     -6693.6086606555       110.0200148906      -712.4204727465    102002.7029850787
887000     -6693.6122021121       110.0193775879      -712.4017791118    102002.7029850787
888000     -6693.6050353761       110.0203115668      -712.3204630078    102002.7029850787
889000     -6693.6148512596       110.0198140060      -712.2558486247    102002.7029850787
890000     -6693.6185746320       110.0189411735      -712.3467322220    102002.7029850787
891000     -6693.6229378415       110.0185886344      -712.3040439139    102002.7029850787
892000     -6693.6318843257       110.0172307894      -712.2256857615    102002.7029850787
893000     -6693.6261930537       110.0170822039      -712.1896425801    102002.7029850787
894000     -6693.6119539321       110.0181888440      -712.0964502943    102002.7029850787
895000     -6693.5934666577       110.0199095138      -712.1089927909    102002.7029850787
896000     -6693.6286289599       110.0161327380      -712.1413565038    102002.7029850787
897000     -6693.6336587429       110.0159158514      -712.1208651732    102002.7029850787
898000     -6693.6331363741       110.0155030480      -712.1499873986    102002.7029850787
899000     -6693.6106540161       110.0174929648      -712.1574578148    102002.7029850787
900000     -6693.5988975589       110.0188718970      -712.1423692341    102002.7029850787
901000     -6693.5832293668       110.0196963700      -712.2689476050    102002.7029850787
902000     -6693.6006218182       110.0175964991      -712.2912591106    102002.7029850787
903000     -6693.6085664758       110.0170034334      -712.2560762177    102002.7029850787
904000     -6693.5814670187       110.0195787977      -712.2844117809    102002.7029850787
905000     -6693.5735740741       110.0202082347      -712.2760433382    102002.7029850787
906000     -6693.5573254704       110.0217226833      -712.2616300784    102002.7029850787
907000     -6693.5806240240       110.0201514168      -712.2342959058    102002.7029850787
908000     -6693.5845163697       110.0192652545      -712.3459503222    102002.7029850787
909000     -6693.5812358577       110.0197569001      -712.4486098495    102002.7029850787
910000     -6693.5588291512       110.0221116715      -712.4742442907    102002.7029850787
911000     -6693.5586626977       110.0222054983      -712.5236701175    102002.7029850787
912000     -6693.5946597665       110.0188324746      -712.4589434192    102002.7029850787
913000     -6693.5853398584       110.0198364575      -712.5373366309    102002.7029850787
914000     -6693.6190483987       110.0168791283      -712.6319244549    102002.7029850787
915000     -6693.6272377071       110.0166014853      -712.6730633053    102002.7029850787
916000     -6693.6197037513       110.0174727344      -712.7358804249    102002.7029850787
917000     -6693.6265311983       110.0169230278      -712.7340323723    102002.7029850787
918000     -6693.6522028350       110.0146200444      -712.7087683697    102002.7029850787
919000     -6693.6646310220       110.0138966705      -712.6916308724    102002.7029850787
920000     -6693.6905035565       110.0113712985      -712.7684028410    102002.7029850787
921000     -6693.6900934104       110.0117811841      -712.8660418658    102002.7029850787
922000     -6693.7063413576       110.0110866832      -712.8515940924    102002.7029850787
923000     -6693.7265990956       110.0095975917      -712.8813647836    102002.7029850787
924000     -6693.7432493276       110.0082767107      -712.9067539290    102002.7029850787
925000     -6693.7730751564       110.0058085175      -712.8925605973    102002.7029850787
926000     -6693.7741070783       110.0062581907      -712.8870772012    102002.7029850787
927000     -6693.7681276303       110.0067960462      -712.9026079715    102002.7029850786
928000     -6693.7810342279       110.0058852897      -712.8918504093    102002.7029850786
929000     -6693.7833561033       110.0059355673      -712.9211231255    102002.7029850786
930000     -6693.7631167188       110.0079539538      -712.8889842941    102002.7029850786
931000     -6693.7449152300       110.0098535990      -712.8208238094    102002.7029850786
932000     -6693.7562061024       110.0082700313      -712.8775260433    102002.7029850786
933000     -6693.7604299268       110.0078722925      -712.8365779938    102002.7029850786
934000     -6693.7328202823       110.0100580848      -712.8256496516    102002.7029850786
935000     -6693.7109343501       110.0116294454      -712.8544026033    102002.7029850786
936000     -6693.7121852309       110.0113470226      -712.8751455281    102002.7029850786
937000     -6693.7110512392       110.0111552301      -712.8887850242    102002.7029850786
938000     -6693.6966291230       110.0124871495      -712.9866411866    102002.7029850786
939000     -6693.6766184299       110.0145455180      -713.0518457280    102002.7029850786
940000     -6693.6764922393       110.0142372154      -713.0937448774    102002.7029850786
941000     -6693.6863323930       110.0137610814      -713.1202723573    102002.7029850786
942000     -6693.6872005994       110.0130666021      -713.1205796367    102002.7029850786
943000     -6693.7025111793       110.0118240210      -713.1340339394    102002.7029850786
944000     -6693.7047556546       110.0114826086      -713.1981284026    102002.7029850786
945000     -6693.6975350188       110.0118851731      -713.1746374283    102002.7029850786
946000     -6693.6790646823       110.0135809486      -713.1339885206    102002.7029850786
947000     -6693.6545710096       110.0153462904      -713.1819553908    102002.7029850786
948000     -6693.6561252532       110.0149769030      -713.1118774479    102002.7029850786
949000     -6693.6764531217       110.0135263970      -713.1291631189    102002.7029850786
950000     -6693.6761407539       110.0134386427      -713.2872454029    102002.7029850786
951000     -6693.6550915386       110.0156657733      -713.3146538121    102002.7029850786
952000     -6693.6584517125       110.0152311693      -713.2933138810    102002.7029850786
953000     -6693.6669411675       110.0144832432      -713.4302397340    102002.7029850786
954000     -6693.6628595648       110.0149416366      -713.5061599594    102002.7029850786
955000     -6693.6362039099       110.0174894621      -713.5187920288    102002.7029850786
956000     -6693.6244380240       110.0182784866      -713.5922468406    102002.7029850786
957000     -6693.6298215791       110.0175871129      -713.6234827396    102002.7029850786
958000     -6693.6103169435       110.0199840724      -713.6415076096    102002.7029850786
959000     -6693.6051167607       110.0202760078      -713.6608107460    102002.7029850786
960000     -6693.6139352914       110.0198052731      -713.5857742137    102002.7029850786
961000     -6693.5957117146       110.0217000086      -713.7294134264    102002.7029850786
962000     -6693.5849524762       110.0225806667      -713.8169008948    102002.7029850786
963000     -6693.5847128863       110.0229031293      -713.7589229341    102002.7029850786
964000     -6693.5734484977       110.0236970557      -713.7946598334    102002.7029850786
965000     -6693.5862703435       110.0221196521      -713.7725654407    102002.7029850786
966000     -6693.5766141990       110.0232266885      -713.7562591679    102002.7029850786
967000     -6693.5878327828       110.0218389404      -713.7755010884    102002.7029850786
968000     -6693.6015286078       110.0201056287      -713.7979793161    102002.7029850786
969000     -6693.6001036242       110.0205578136      -713.7882091339    102002.7029850786
970000     -6693.6047593017       110.0200443216      -713.8273959572    102002.7029850786
971000     -6693.6240615534       110.0179852101      -713.8755102655    102002.7029850786
972000     -6693.6386951672       110.0169931222      -713.8414167020    102002.7029850786
973000     -6693.6320081116       110.0177303575      -713.8799717327    102002.7029850786
974000     -6693.6263851161       110.0178192877      -713.9429274699    102002.7029850786
975000     -6693.6299743914       110.0174228772      -713.9154774765    102002.7029850786
976000     -6693.6196825260       110.0182288844      -713.9761888331    102002.7029850786
977000     -6693.5880286672       110.0200646621      -714.0302696924    102002.7029850786
978000     -6693.5894991579       110.0200353689      -713.9779347525    102002.7029850786
979000     -6693.6117690609       110.0178203117      -714.0281798178    102002.7029850786
980000     -6693.6088445893       110.0173839004      -714.0720447909    102002.7029850786
981000     -6693.6115945051       110.0176247616      -713.9961421413    102002.7029850786
982000     -6693.6034052260       110.0182311087      -713.9131680525    102002.7029850786
983000     -6693.5916246329       110.0189036509      -713.9748551326    102002.7029850786
984000     -6693.5863520560       110.0195038252      -713.9477241089    102002.7029850786
985000     -6693.5700474118       110.0213427582      -713.9917372192    102002.7029850786
986000     -6693.5618656125       110.0223046126      -714.0259386369    102002.7029850786
987000     -6693.5816343475       110.0206823704      -714.0291710664    102002.7029850786
988000     -6693.5948959599       110.0194771919      -713.9808723976    102002.7029850786
989000     -6693.5830012577       110.0210443933      -713.9683627044    102002.7029850786
990000     -6693.6001489602       110.0198173698      -713.9946633446    102002.7029850786
991000     -6693.6098897864       110.0190219608      -713.9419771549    102002.7029850786
992000     -6693.6074753553       110.0193834998      -713.9145358852    102002.7029850786
993000     -6693.5931913588       110.0204352374      -713.9359229846    102002.7029850786
994000     -6693.5717330440       110.0225389354      -713.8503521273    102002.7029850786
995000     -6693.5565896185       110.0232469788      -713.8482338216    102002.7029850786
996000     -6693.5461334622       110.0241950483      -713.8557063746    102002.7029850786
997000     -6693.5436782739       110.0244099990      -713.7534431967    102002.7029850786
998000     -6693.5624734353       110.0225651255      -713.7098139630    102002.7029850786
999000     -6693.5782054393       110.0208581249      -713.6872034069    102002.7029850786
1000000     -6693.5811091206       110.0208725055      -713.6538744602    102002.7029850786
