# Time-averaged data for fix runningavgs
# TimeStep v_ra_etotal v_ra_temp v_ra_press v_ra_volume
502000     -6468.9237727860       129.1969621799      -725.1017235098    102002.7029850792
503000     -6470.4038052005       129.1434622045      -715.5050322956    102002.7029850792
504000     -6468.3141320567       129.3541136749      -716.9949429814    102002.7029850792
505000     -6466.4024825743       129.5817581959      -722.0685403688    102002.7029850792
506000     -6467.9769549288       129.4453297125      -720.6863301305    102002.7029850792
507000     -6468.6804131603       129.3633981520      -721.0003120208    102002.7029850792
508000     -6466.8689267607       129.5628014909      -719.8143881708    102002.7029850792
509000     -6465.9336782349       129.6525574018      -723.4147508013    102002.7029850792
510000     -6464.5115075535       129.7908435997      -721.7012012510    102002.7029850792
511000     -6464.7672403423       129.7740168690      -720.9961394369    102002.7029850792
512000     -6464.6883391849       129.7809709101      -720.2257513807    102002.7029850792
513000     -6465.5932824318       129.6817821825      -723.3056172078    102002.7029850792
514000     -6466.1988600115       129.6269452338      -727.1484475776    102002.7029850792
515000     -6466.0173884550       129.6412043232      -726.5999569810    102002.7029850792
516000     -6465.5642226110       129.6863349899      -728.5813357251    102002.7029850792
517000     -6465.3482880101       129.7067646737      -729.3315906917    102002.7029850792
518000     -6464.9025191011       129.7453526513      -728.4338110630    102002.7029850792
519000     -6465.5117689248       129.6860597563      -727.9727769279    102002.7029850792
520000     -6465.4014849835       129.6946817751      -729.3948276898    102002.7029850792
521000     -6465.3776230654       129.6991370499      -729.5908758539    102002.7029850792
522000     -6465.4271346639       129.6874996811      -729.1367423146    102002.7029850792
523000     -6464.8959874666       129.7418466811      -728.3014634393    102002.7029850792
524000     -6464.5099270284       129.7772140229      -728.8081626909    102002.7029850792
525000     -6464.5104140253       129.7771306055      -728.2522790146    102002.7029850792
526000     -6464.0643227376       129.8242950365      -727.5444180654    102002.7029850792
527000     -6463.7057407617       129.8554665761      -727.0551433625    102002.7029850792
528000     -6463.3291529774       129.8884415962      -726.7332203065    102002.7029850792
529000     -6463.2782098321       129.8901393948      -725.1589041951    102002.7029850792
530000     -6463.5842444324       129.8637227653      -724.2311512773    102002.7029850792
531000     -6463.2909448307       129.8871460252      -725.3386790206    102002.7029850792
532000     -6462.6841311952       129.9434650979      -725.1588705492    102002.7029850792
533000     -6462.5657356101       129.9582208617      -724.7936937276    102002.7029850792
534000     -6462.2099252198       129.9910627725      -724.8333654338    102002.7029850792
535000     -6462.3814880861       129.9761485328      -723.8335207546    102002.7029850792
536000     -6462.5708993823       129.9551327503      -723.4918200114    102002.7029850792
537000     -6463.0262722815       129.9090001310      -724.1478868793    102002.7029850792
538000     -6462.9542964710       129.9170592663      -724.8491007408    102002.7029850792
539000     -6462.9197040217       129.9199236603      -725.0971137696    102002.7029850791
540000     -6462.8264871911       129.9337993028      -725.7442390398    102002.7029850791
541000     -6462.5274878273       129.9641060940      -725.2758655372    102002.7029850791
542000     -6462.4379256464       129.9700229731      -725.4871807314    102002.7029850791
543000     -6462.7078831607       129.9415875191      -726.4747082876    102002.7029850791
544000     -6462.7893360305       129.9346080184      -726.4651262033    102002.7029850791
545000     -6462.7888344685       129.9320278807      -727.2723690687    102002.7029850791
546000     -6462.7130688875       129.9380738653      -727.0148821138    102002.7029850791
547000     -6462.3700414289       129.9699627801      -726.7472373939    102002.7029850791
548000     -6462.2855669196       129.9764178115      -727.2459403456    102002.7029850791
549000     -6462.3720880010       129.9693290508      -726.8971694887    102002.7029850791
550000     -6462.4940814173       129.9584338221      -727.6203563398    102002.7029850791
551000     -6462.8074540390       129.9322053536      -727.7451604629    102002.7029850791
552000     -6462.8211366116       129.9295704564      -727.5992942981    102002.7029850791
553000     -6462.8445868944       129.9263634223      -727.5921698793    102002.7029850791
554000     -6462.7632826461       129.9335285547      -727.1867913449    102002.7029850791
555000     -6462.9665595509       129.9167206005      -726.9121305300    102002.7029850791
556000     -6463.0632063648       129.9095145549      -727.5290448736    102002.7029850791
557000     -6463.0116547556       129.9124288903      -727.7312960059    102002.7029850791
558000     -6462.7078339864       129.9390205183      -727.4133745266    102002.7029850791
559000     -6462.7080771956       129.9393642049      -727.6070120924    102002.7029850791
560000     -6462.5820385769       129.9516463555      -727.6078747903    102002.7029850791
561000     -6462.3550892248       129.9713101711      -727.7298307782    102002.7029850791
562000     -6462.3165965781       129.9753549141      -727.8331569394    102002.7029850791
563000     -6462.1342377378       129.9939991486      -727.9777719952    102002.7029850791
564000     -6462.0971551214       129.9969206502      -727.6617922416    102002.7029850791
565000     -6462.2623276081       129.9808664502      -727.1864975758    102002.7029850791
566000     -6462.3903937518       129.9698909821      -727.0857917718    102002.7029850791
567000     -6462.5124372090       129.9592368603      -727.3743855225    102002.7029850791
568000     -6462.4252704095       129.9678058521      -727.2516708062    102002.7029850791
569000     -6462.4589053755       129.9680830905      -726.8992676174    102002.7029850791
570000     -6462.5019779969       129.9626168466      -726.7316568347    102002.7029850791
571000     -6462.4767717255       129.9633394214      -726.0066354498    102002.7029850791
572000     -6462.5097832703       129.9613348430      -725.3998864054    102002.7029850791
573000     -6462.3482733142       129.9768739773      -725.6485621693    102002.7029850791
574000     -6462.2876127771       129.9845156865      -725.9423217176    102002.7029850791
575000     -6462.1656818638       129.9979609056      -725.5761870620    102002.7029850791
576000     -6461.9686931770       130.0167654863      -725.5813075513    102002.7029850791
577000     -6461.9625398122       130.0167605073      -725.2335762934    102002.7029850791
578000     -6462.0207019008       130.0102857968      -724.7979487738    102002.7029850791
579000     -6462.0737058672       130.0061629133      -724.9031232899    102002.7029850791
580000     -6462.1454345617       130.0011357468      -725.0427173696    102002.7029850791
581000     -6462.1737685189       129.9973431261      -725.0258630285    102002.7029850791
582000     -6462.0839906514       130.0053206757      -724.7940643260    102002.7029850791
583000     -6462.1468380828       129.9999648526      -724.8128768328    102002.7029850791
584000     -6462.1765578527       129.9963209216      -724.9890479418    102002.7029850791
585000     -6462.1861782882       129.9972416820      -724.9140331006    102002.7029850791
586000     -6462.1714072473       129.9985319487      -725.4326674642    102002.7029850791
587000     -6462.2874099887       129.9881317184      -725.8848038267    102002.7029850791
588000     -6462.2818431094       129.9875106985      -725.7398628937    102002.7029850791
589000     -6462.2625568435       129.9862073287      -725.9726476922    102002.7029850791
590000     -6462.2012006448       129.9926215957      -726.2056374878    102002.7029850791
591000     -6462.2047309090       129.9927533172      -726.5345220173    102002.7029850792
592000     -6462.2507893006       129.9885931528      -726.9111772400    102002.7029850792
593000     -6462.1622393855       129.9977492226      -727.2625402919    102002.7029850792
594000     -6462.0756154484       130.0046534302      -727.4193480258    102002.7029850792
595000     -6462.1366529032       129.9966203215      -727.5324849786    102002.7029850792
596000     -6462.1147170130       129.9963919022      -727.7471628698    102002.7029850792
597000     -6462.0258491847       130.0039496656      -727.8930440644    102002.7029850792
598000     -6461.8855146469       130.0154769494      -728.3724087904    102002.7029850792
599000     -6461.7976784828       130.0235326531      -728.9689643808    102002.7029850792
600000     -6461.8149122588       130.0231568635      -729.0273159667    102002.7029850792
601000     -6461.8883049335       130.0163744225      -729.2244089384    102002.7029850792
602000     -6461.9600316144       130.0103796123      -729.5431262547    102002.7029850792
603000     -6461.9754074952       130.0102842532      -729.8400918559    102002.7029850792
604000     -6461.9253573424       130.0146467880      -730.0472021512    102002.7029850793
605000     -6461.9605688699       130.0095380315      -730.3200736985    102002.7029850793
606000     -6462.0088962210       130.0023895621      -730.3842711584    102002.7029850793
607000     -6462.0448166476       129.9976120970      -730.3045140455    102002.7029850793
608000     -6462.0586156962       129.9964816750      -730.4922850953    102002.7029850793
609000     -6462.0633909164       129.9961950859      -730.8203031082    102002.7029850793
610000     -6462.0521435979       129.9969655774      -731.0173262274    102002.7029850793
611000     -6462.1373547323       129.9905733348      -731.1505009966    102002.7029850793
612000     -6462.1928991988       129.9839558549      -731.2401296138    102002.7029850793
613000     -6462.2810029872       129.9768846045      -731.2454695053    102002.7029850793
614000     -6462.3194085109       129.9735379927      -731.1841485970    102002.7029850793
615000     -6462.2740715481       129.9770423704      -731.3814394398    102002.7029850793
616000     -6462.2436114107       129.9799731264      -731.8018678941    102002.7029850793
617000     -6462.1319343442       129.9914333029      -731.7830871530    102002.7029850793
618000     -6462.1615998021       129.9894241016      -731.9029698296    102002.7029850793
619000     -6462.1439244069       129.9911708033      -731.9897199368    102002.7029850793
620000     -6461.9926967942       130.0039334604      -731.9547303146    102002.7029850793
621000     -6461.9789156643       130.0047133935      -731.8712664565    102002.7029850793
622000     -6462.0495339821       129.9976544584      -731.9776691266    102002.7029850794
623000     -6462.0557729926       129.9974238137      -732.0376452911    102002.7029850794
624000     -6462.0499091473       129.9962565953      -731.9119492686    102002.7029850794
625000     -6461.9534140182       130.0066649942      -731.8851081144    102002.7029850794
626000     -6461.9063914548       130.0107955196      -732.0814947369    102002.7029850794
627000     -6461.9047766447       130.0110124637      -732.2337914101    102002.7029850794
628000     -6461.8509477910       130.0159194840      -732.3502761489    102002.7029850794
629000     -6461.7841842597       130.0231718847      -732.4877735620    102002.7029850794
630000     -6461.8066084648       130.0212717252      -732.4333282060    102002.7029850794
631000     -6461.7505145655       130.0260232693      -732.5653404616    102002.7029850794
632000     -6461.7195623080       130.0286931389      -732.8261325070    102002.7029850794
633000     -6461.6726058282       130.0340552682      -732.9974140081    102002.7029850794
634000     -6461.6344404727       130.0378261626      -732.9996140234    102002.7029850794
635000     -6461.5508746820       130.0450604368      -733.2060979491    102002.7029850794
636000     -6461.4614344759       130.0533120602      -733.2138907835    102002.7029850794
637000     -6461.4287949016       130.0564113021      -733.2322068331    102002.7029850794
638000     -6461.4660412965       130.0533293061      -733.1556208399    102002.7029850794
639000     -6461.5496102594       130.0449994112      -733.3643600027    102002.7029850794
640000     -6461.5707315407       130.0436446512      -733.5554172237    102002.7029850794
641000     -6461.6749302265       130.0345806691      -733.4993910871    102002.7029850794
642000     -6461.6912544354       130.0325363174      -733.3546975664    102002.7029850794
643000     -6461.6945156472       130.0318229081      -733.0247964949    102002.7029850794
644000     -6461.7196595071       130.0278152222      -732.8951529530    102002.7029850794
645000     -6461.8068193829       130.0183699696      -732.9075989603    102002.7029850794
646000     -6461.8043545474       130.0181281493      -732.9348479380    102002.7029850795
647000     -6461.8408465915       130.0136673609      -733.1151132456    102002.7029850795
648000     -6461.8287744105       130.0153388625      -733.0772824742    102002.7029850795
649000     -6461.7554925585       130.0227345884      -732.9872579242    102002.7029850795
650000     -6461.7249957300       130.0252698976      -733.0209462270    102002.7029850795
651000     -6461.7883265466       130.0194462136      -732.9733609269    102002.7029850795
652000     -6461.8033980317       130.0182639073      -733.2068316897    102002.7029850795
653000     -6461.8035163241       130.0181902599      -733.3429654615    102002.7029850795
654000     -6461.7993486598       130.0194923222      -733.4000656548    102002.7029850795
655000     -6461.8811240025       130.0115532392      -733.4205669907    102002.7029850795
656000     -6461.8874995219       130.0121047256      -733.5798017618    102002.7029850795
657000     -6461.8943454551       130.0123664360      -733.7025888219    102002.7029850795
658000     -6461.9349294278       130.0078653735      -734.0061702416    102002.7029850795
659000     -6462.0078258381       130.0014355491      -734.2638903051    102002.7029850795
660000     -6462.0192723514       129.9995895200      -734.3231567887    102002.7029850795
661000     -6461.9795432349       130.0024155236      -734.4113572812    102002.7029850795
662000     -6461.9321962196       130.0061386365      -734.4544315550    102002.7029850795
663000     -6461.8538720920       130.0122373190      -734.4691553478    102002.7029850795
664000     -6461.7923535519       130.0171304050      -734.6810665330    102002.7029850795
665000     -6461.7729714487       130.0170140227      -734.8744165910    102002.7029850795
666000     -6461.7024051849       130.0217850113      -734.9776970275    102002.7029850795
667000     -6461.6523830923       130.0241193382      -735.0488574669    102002.7029850795
668000     -6461.5608184471       130.0319578778      -734.9765532824    102002.7029850795
669000     -6461.5411057092       130.0342231609      -735.0579112025    102002.7029850795
670000     -6461.5221599333       130.0357568090      -735.1507862828    102002.7029850795
671000     -6461.5314071754       130.0345748865      -735.2002032937    102002.7029850795
672000     -6461.6024553525       130.0284541414      -735.2912176511    102002.7029850795
673000     -6461.6601690423       130.0224204895      -735.3188506463    102002.7029850795
674000     -6461.6485606449       130.0234416586      -735.3403274514    102002.7029850794
675000     -6461.6417140566       130.0249620931      -735.4636433888    102002.7029850794
676000     -6461.7267123518       130.0176197611      -735.7173036069    102002.7029850794
677000     -6461.7351207902       130.0162661567      -735.9185765105    102002.7029850794
678000     -6461.8156041202       130.0092324192      -736.0089984178    102002.7029850794
679000     -6461.8126979001       130.0091646378      -736.1897073894    102002.7029850794
680000     -6461.7799435376       130.0128136815      -736.2363843145    102002.7029850794
681000     -6461.7262366479       130.0189057464      -736.2463829468    102002.7029850794
682000     -6461.7456008197       130.0174309144      -736.4414813796    102002.7029850794
683000     -6461.6627251611       130.0254956510      -736.7041027993    102002.7029850794
684000     -6461.6360885401       130.0283461020      -736.8277568715    102002.7029850794
685000     -6461.7002072059       130.0222516444      -736.9087068713    102002.7029850794
686000     -6461.6763368458       130.0248064353      -737.2943031923    102002.7029850794
687000     -6461.7063540956       130.0232031211      -737.4303228028    102002.7029850794
688000     -6461.7314021537       130.0204720250      -737.6597061731    102002.7029850793
689000     -6461.7006293939       130.0238872953      -737.9029298172    102002.7029850793
690000     -6461.6681405565       130.0278696076      -737.9467884040    102002.7029850793
691000     -6461.6825858104       130.0264012750      -738.0333102879    102002.7029850793
692000     -6461.7666922784       130.0195290752      -738.1629281621    102002.7029850793
693000     -6461.7710207862       130.0191779545      -738.3984042417    102002.7029850793
694000     -6461.8866983602       130.0091080560      -738.6761821338    102002.7029850793
695000     -6461.8897142377       130.0093351226      -738.8715763217    102002.7029850793
696000     -6461.9102706035       130.0082781133      -738.9071468504    102002.7029850793
697000     -6461.9029031567       130.0081011128      -739.2491384521    102002.7029850793
698000     -6461.9580337448       130.0033150268      -739.2805762398    102002.7029850793
699000     -6462.0217911436       129.9981074849      -739.2460969849    102002.7029850793
700000     -6462.0409832217       129.9957569817      -739.6395392891    102002.7029850793
701000     -6461.9966467638       130.0007036311      -739.8382487182    102002.7029850793
702000     -6461.9963665708       130.0005823138      -739.7899266408    102002.7029850793
703000     -6461.8890821238       130.0090564550      -740.0569597413    102002.7029850793
704000     -6461.8741622071       130.0107517945      -740.2413561504    102002.7029850792
705000     -6461.8585312672       130.0118461365      -740.4026021116    102002.7029850792
706000     -6461.8986442051       130.0062870076      -740.7391276078    102002.7029850792
707000     -6461.8369114570       130.0124597551      -740.9322973242    102002.7029850792
708000     -6461.8604734163       130.0112076725      -741.0868520297    102002.7029850792
709000     -6461.8711191529       130.0093654118      -741.2124932381    102002.7029850792
710000     -6461.9481849450       130.0024324334      -741.2876897126    102002.7029850792
711000     -6461.9244928227       130.0043015213      -741.6534060368    102002.7029850792
712000     -6461.8990469350       130.0072739452      -742.0030030893    102002.7029850792
713000     -6461.9249743012       130.0055965871      -742.1465982461    102002.7029850792
714000     -6461.9313620917       130.0041620123      -742.4889994157    102002.7029850792
715000     -6461.8735789317       130.0088218049      -742.8106336760    102002.7029850792
716000     -6461.8260323283       130.0136960317      -742.9742665973    102002.7029850792
717000     -6461.7760679122       130.0187107169      -743.2590006824    102002.7029850792
718000     -6461.7846966163       130.0171133247      -743.6359910418    102002.7029850792
719000     -6461.8013379761       130.0162350971      -743.6961091407    102002.7029850792
720000     -6461.7769991637       130.0186286329      -743.8588161072    102002.7029850792
721000     -6461.7631365867       130.0199195107      -744.1714064079    102002.7029850792
722000     -6461.7123565818       130.0253176809      -744.3146839340    102002.7029850792
723000     -6461.6754071571       130.0292934304      -744.5441721585    102002.7029850792
724000     -6461.6639064775       130.0302469234      -744.7695344770    102002.7029850791
725000     -6461.6382378149       130.0337639584      -745.0064582401    102002.7029850791
726000     -6461.6302870652       130.0345375212      -745.0061281186    102002.7029850791
727000     -6461.5813062724       130.0393248803      -745.0954175344    102002.7029850791
728000     -6461.5515938150       130.0423358164      -745.3337808777    102002.7029850791
729000     -6461.5358039826       130.0433498450      -745.3899054273    102002.7029850791
730000     -6461.5491656757       130.0420341185      -745.5963172285    102002.7029850791
731000     -6461.6099301877       130.0373173333      -745.7165036863    102002.7029850791
732000     -6461.6512005349       130.0338671678      -745.7237759476    102002.7029850791
733000     -6461.6851470717       130.0308318239      -745.9496703288    102002.7029850791
734000     -6461.7002560433       130.0297918157      -745.9717161402    102002.7029850791
735000     -6461.6791030629       130.0318118234      -746.0548942536    102002.7029850791
736000     -6461.6402938109       130.0354623480      -746.2245256590    102002.7029850791
737000     -6461.6615712441       130.0338535985      -746.2081830442    102002.7029850791
738000     -6461.6753579478       130.0328827643      -746.2543409498    102002.7029850791
739000     -6461.7218376079       130.0287255917      -746.3513572185    102002.7029850791
740000     -6461.7464324901       130.0259391528      -746.4163133964    102002.7029850791
741000     -6461.7280755160       130.0276191830      -746.5702378156    102002.7029850791
742000     -6461.7095811093       130.0296585851      -746.8758848012    102002.7029850791
743000     -6461.7129170633       130.0301979043      -746.9288992909    102002.7029850791
744000     -6461.6877252387       130.0321468775      -747.1092250029    102002.7029850791
745000     -6461.6270085258       130.0378603259      -747.1003684588    102002.7029850791
746000     -6461.6277670115       130.0387682157      -747.0363442971    102002.7029850791
747000     -6461.6646613883       130.0346445114      -747.1724124891    102002.7029850791
748000     -6461.6975572478       130.0318111200      -747.0916094478    102002.7029850790
749000     -6461.7172749969       130.0297251781      -747.0305383720    102002.7029850790
750000     -6461.7599434003       130.0256572729      -747.0540027938    102002.7029850790
751000     -6461.7824728489       130.0236245764      -746.9841458178    102002.7029850790
752000     -6461.8451623717       130.0178100066      -746.9658581715    102002.7029850790
753000     -6461.8148654766       130.0202629073      -747.1636209763    102002.7029850790
754000     -6461.7721220174       130.0238312076      -747.1994123088    102002.7029850790
755000     -6461.7434077437       130.0259793274      -747.1348712637    102002.7029850790
756000     -6461.7293567837       130.0261211078      -747.2350112689    102002.7029850790
757000     -6461.7459123071       130.0240835625      -747.0900753852    102002.7029850790
758000     -6461.7747698715       130.0209612491      -746.9137830583    102002.7029850790
759000     -6461.7639607995       130.0210594695      -746.9848631928    102002.7029850790
760000     -6461.7713104379       130.0201458556      -746.9362873096    102002.7029850790
761000     -6461.7161645731       130.0254599883      -746.8967306731    102002.7029850790
762000     -6461.7033693912       130.0266248667      -746.9117807421    102002.7029850790
763000     -6461.7502799826       130.0218324484      -746.8582391296    102002.7029850790
764000     -6461.7578212125       130.0212707890      -746.8219844928    102002.7029850790
765000     -6461.7758912963       130.0192060450      -746.8902034040    102002.7029850790
766000     -6461.7714305283       130.0205073844      -746.7937763995    102002.7029850790
767000     -6461.7323353206       130.0244638756      -746.7916081519    102002.7029850790
768000     -6461.7324210177       130.0243668025      -746.8575371270    102002.7029850790
769000     -6461.7679752649       130.0209261072      -746.9302608253    102002.7029850790
770000     -6461.7962036051       130.0186127752      -747.1599986233    102002.7029850790
771000     -6461.8070447122       130.0178859202      -747.3303570369    102002.7029850790
772000     -6461.8689508409       130.0118620768      -747.4528915347    102002.7029850790
773000     -6461.8799629779       130.0108458680      -747.5907884313    102002.7029850790
774000     -6461.8624742364       130.0127167990      -747.6824657027    102002.7029850790
775000     -6461.8247542158       130.0164902543      -747.7524071461    102002.7029850790
776000     -6461.8087541746       130.0178446149      -747.8867619309    102002.7029850790
777000     -6461.7995048314       130.0190265049      -748.0948649701    102002.7029850789
778000     -6461.7793545008       130.0212049698      -748.2725796478    102002.7029850789
779000     -6461.7291993702       130.0264769283      -748.4702525967    102002.7029850789
780000     -6461.7255365391       130.0260664331      -748.5667067753    102002.7029850789
781000     -6461.7576253265       130.0239506894      -748.7226057623    102002.7029850789
782000     -6461.7869147888       130.0214025529      -748.7904650234    102002.7029850789
783000     -6461.8314616335       130.0181603353      -748.8878086142    102002.7029850789
784000     -6461.8423830639       130.0173157499      -749.1288063282    102002.7029850789
785000     -6461.8543880027       130.0161604129      -749.2841656323    102002.7029850789
786000     -6461.8856635506       130.0134287696      -749.3870698613    102002.7029850789
787000     -6461.8804042740       130.0144551638      -749.5533286027    102002.7029850789
788000     -6461.8642430105       130.0158290246      -749.6216454948    102002.7029850789
789000     -6461.8931349761       130.0134817491      -749.8304380206    102002.7029850789
790000     -6461.8933101323       130.0135776413      -750.0492322685    102002.7029850789
791000     -6461.9132118029       130.0121888522      -750.1657448685    102002.7029850789
792000     -6461.9407454684       130.0096751846      -750.3584520970    102002.7029850789
793000     -6461.9611116960       130.0079422969      -750.3777012541    102002.7029850789
794000     -6461.9880663343       130.0054683446      -750.4563965017    102002.7029850789
795000     -6461.9842642179       130.0057996908      -750.6875478836    102002.7029850789
796000     -6461.9734212281       130.0068082977      -750.8777885105    102002.7029850789
797000     -6461.9645469206       130.0080143247      -750.9535288849    102002.7029850789
798000     -6462.0018635782       130.0044483230      -751.0959456528    102002.7029850789
799000     -6461.9871876841       130.0057765877      -751.1971558518    102002.7029850789
800000     -6461.9639309856       130.0082233855      -751.2833716584    102002.7029850789
801000     -6461.9547448222       130.0090961074      -751.4497458750    102002.7029850789
802000     -6461.9497470459       130.0098430292      -751.5643086882    102002.7029850789
803000     -6461.9171565100       130.0132187118      -751.6475844288    102002.7029850789
804000     -6461.9162085712       130.0132826176      -751.7092213974    102002.7029850789
805000     -6461.9615280733       130.0090730145      -751.7633053625    102002.7029850789
806000     -6461.9518971103       130.0102199111      -751.8257536229    102002.7029850789
807000     -6461.9433501696       130.0109114887      -751.8356933466    102002.7029850789
808000     -6461.9378586579       130.0113006876      -751.9163872650    102002.7029850789
809000     -6461.9732927328       130.0082757698      -751.9633711291    102002.7029850789
810000     -6462.0076601061       130.0046737217      -751.8899285985    102002.7029850789
811000     -6462.0073614511       130.0042374618      -751.7813223955    102002.7029850789
812000     -6461.9805729750       130.0065918586      -751.8804094302    102002.7029850789
813000     -6462.0093212126       130.0040723239      -751.8948284710    102002.7029850789
814000     -6462.0048451420       130.0045159094      -751.9376169755    102002.7029850789
815000     -6461.9814110988       130.0068024786      -752.1373030274    102002.7029850788
816000     -6461.9584342157       130.0094662407      -752.0802890195    102002.7029850788
817000     -6461.9306050770       130.0122340912      -752.1701335017    102002.7029850788
818000     -6461.9422911274       130.0109405935      -752.2573498339    102002.7029850788
819000     -6461.9038507771       130.0150557173      -752.2549477898    102002.7029850788
820000     -6461.8809009797       130.0170560908      -752.2690920605    102002.7029850788
821000     -6461.8789787337       130.0176296453      -752.2627477707    102002.7029850788
822000     -6461.8764647932       130.0178232508      -752.3381407702    102002.7029850788
823000     -6461.9284381853       130.0128618987      -752.3701437548    102002.7029850788
824000     -6461.9424809377       130.0117482470      -752.4017721716    102002.7029850788
825000     -6461.9684989237       130.0097170334      -752.5340127263    102002.7029850788
826000     -6461.9773833618       130.0095495947      -752.5486814381    102002.7029850788
827000     -6461.9985256875       130.0072966106      -752.6203716533    102002.7029850788
828000     -6461.9939563091       130.0077510228      -752.7208927869    102002.7029850788
829000     -6461.9688459285       130.0103648549      -752.8054587561    102002.7029850788
830000     -6461.9595504554       130.0109931297      -752.8433569100    102002.7029850788
831000     -6461.9593772547       130.0113148684      -753.0330007660    102002.7029850788
832000     -6461.9377134527       130.0132777563      -753.1236812685    102002.7029850788
833000     -6461.9637502272       130.0104542883      -753.1474032630    102002.7029850788
834000     -6461.9885117844       130.0081371935      -753.1981253577    102002.7029850788
835000     -6461.9496414056       130.0114535116      -753.1656583238    102002.7029850788
836000     -6461.9590804902       130.0102882204      -753.2113559653    102002.7029850788
837000     -6461.9848427460       130.0079443981      -753.2186924435    102002.7029850788
838000     -6461.9722085725       130.0081970429      -753.2008195800    102002.7029850788
839000     -6462.0064649920       130.0049188094      -753.1748636892    102002.7029850788
840000     -6462.0306929897       130.0026831945      -753.0934098340    102002.7029850788
841000     -6462.0430732285       130.0008954731      -753.0974950503    102002.7029850788
842000     -6462.0830534467       129.9964212083      -753.1221110310    102002.7029850788
843000     -6462.0906648113       129.9956287318      -753.1018016465    102002.7029850788
844000     -6462.0973786818       129.9952251052      -753.1051851194    102002.7029850788
845000     -6462.0689088285       129.9973534210      -753.1109208402    102002.7029850788
846000     -6462.0516466936       129.9990555414      -753.0188454022    102002.7029850788
847000     -6462.0570488022       129.9987862223      -752.9757661048    102002.7029850788
848000     -6462.0710971188       129.9978050768      -752.9991984235    102002.7029850788
849000     -6462.1082259449       129.9942859841      -753.0001971261    102002.7029850788
850000     -6462.1393766075       129.9915945062      -753.0818858434    102002.7029850788
851000     -6462.1803710812       129.9879338553      -753.1300806531    102002.7029850788
852000     -6462.1939268209       129.9864015409      -753.0496134391    102002.7029850788
853000     -6462.1837149553       129.9876394444      -753.0780280270    102002.7029850788
854000     -6462.1889499994       129.9867011560      -753.1581719183    102002.7029850788
855000     -6462.1607202396       129.9896508550      -753.1810946480    102002.7029850788
856000     -6462.1272579510       129.9926156638      -753.2419505869    102002.7029850788
857000     -6462.1244747930       129.9931076687      -753.2672144954    102002.7029850788
858000     -6462.1505995218       129.9904259573      -753.3205703395    102002.7029850788
859000     -6462.1364297030       129.9912992866      -753.3716377571    102002.7029850788
860000     -6462.1069685900       129.9941206386      -753.3903972707    102002.7029850788
861000     -6462.0782397140       129.9970966171      -753.4326481478    102002.7029850788
862000     -6462.0803563304       129.9969539357      -753.5064461862    102002.7029850788
863000     -6462.0854541399       129.9966410863      -753.5677322295    102002.7029850788
864000     -6462.0856428452       129.9970619058      -753.6047016345    102002.7029850788
865000     -6462.0680725691       129.9984968910      -753.6338598742    102002.7029850788
866000     -6462.0351209158       130.0017611508      -753.5651079780    102002.7029850788
867000     -6462.0344853674       130.0018369977      -753.6390174185    102002.7029850788
868000     -6462.0605123512       129.9994603611      -753.6562384073    102002.7029850788
869000     -6462.0696576176       129.9981602770      -753.6165120334    102002.7029850788
870000     -6462.1018391835       129.9945971524      -753.7029439814    102002.7029850787
871000     -6462.1155950441       129.9935588976      -753.6718819366    102002.7029850787
872000     -6462.1123415529       129.9941536159      -753.6185279413    102002.7029850787
873000     -6462.1517731510       129.9905698263      -753.7218543239    102002.7029850787
874000     -6462.1422782064       129.9914461882      -753.8367307193    102002.7029850787
875000     -6462.1467761235       129.9912431128      -753.8563540508    102002.7029850787
876000     -6462.1749456129       129.9886926741      -753.8562515510    102002.7029850787
877000     -6462.1939295041       129.9870378765      -753.9422870432    102002.7029850787
878000     -6462.1629484997       129.9901259506      -753.9378199536    102002.7029850787
879000     -6462.1510128379       129.9915048212      -753.9899116858    102002.7029850787
880000     -6462.1458195197       129.9920539306      -754.0390882532    102002.7029850787
881000     -6462.1806368429       129.9888263803      -754.1158215732    102002.7029850787
882000     -6462.1785164472       129.9886374220      -754.1510653100    102002.7029850787
883000     -6462.1759067714       129.9887489917      -754.0762149523    102002.7029850787
884000     -6462.1471293658       129.9913521162      -754.1606484928    102002.7029850787
885000     -6462.1265840578       129.9935193521      -754.1844703592    102002.7029850787
886000     -6462.1140962498       129.9947293163      -754.2489349044    102002.7029850787
887000     -6462.1265856039       129.9937277745      -754.3524673177    102002.7029850787
888000     -6462.1326753526       129.9931619620      -754.4400551854    102002.7029850787
889000     -6462.1199830628       129.9943605662      -754.5583089055    102002.7029850787
890000     -6462.1094014347       129.9957967094      -754.6433501169    102002.7029850787
891000     -6462.1365682463       129.9932842563      -754.7227795753    102002.7029850787
892000     -6462.1334526904       129.9939111008      -754.7893076554    102002.7029850787
893000     -6462.1294090240       129.9942999153      -754.8038206604    102002.7029850787
894000     -6462.1579887602       129.9915212225      -754.8322721862    102002.7029850787
895000     -6462.1727663598       129.9900354563      -754.9028348707    102002.7029850787
896000     -6462.1773976545       129.9897739716      -754.9633487291    102002.7029850787
897000     -6462.2016563559       129.9879363231      -755.0673460943    102002.7029850787
898000     -6462.2214386296       129.9863646541      -755.1349109553    102002.7029850787
899000     -6462.2591956504       129.9829805534      -755.1276644156    102002.7029850787
900000     -6462.2541080817       129.9833943126      -755.1914394937    102002.7029850787
901000     -6462.2379832182       129.9850910540      -755.2288665327    102002.7029850787
902000     -6462.2327648082       129.9852757067      -755.3249026466    102002.7029850787
903000     -6462.2404880001       129.9845969315      -755.4014694235    102002.7029850787
904000     -6462.2686183250       129.9820391668      -755.3887821811    102002.7029850787
905000     -6462.2733262366       129.9813677802      -755.4605760157    102002.7029850787
906000     -6462.2600187717       129.9828992276      -755.5041845045    102002.7029850787
907000     -6462.2580434081       129.9831553547      -755.5889012653    102002.7029850787
908000     -6462.2660595558       129.9827221581      -755.6837092930    102002.7029850787
909000     -6462.2798964191       129.9817588752      -755.7028667562    102002.7029850787
910000     -6462.2788556409       129.9814380484      -755.7662640596    102002.7029850787
911000     -6462.2802365325       129.9810647061      -755.8114920819    102002.7029850787
912000     -6462.2861725855       129.9804067250      -755.8093099919    102002.7029850787
913000     -6462.2890029749       129.9804105373      -755.8324541883    102002.7029850787
914000     -6462.3100996630       129.9784610552      -755.9312458657    102002.7029850787
915000     -6462.3093730178       129.9783456796      -756.0209970903    102002.7029850787
916000     -6462.3186668674       129.9773644011      -756.0378288397    102002.7029850787
917000     -6462.3452513210       129.9746099840      -756.0794203720    102002.7029850787
918000     -6462.3115220058       129.9775494135      -756.0406136761    102002.7029850787
919000     -6462.3093190531       129.9776856896      -756.0669264902    102002.7029850787
920000     -6462.2701172740       129.9814621461      -756.1505878360    102002.7029850787
921000     -6462.2632887261       129.9821737123      -756.1573084286    102002.7029850787
922000     -6462.2623065822       129.9819652260      -756.2044465907    102002.7029850787
923000     -6462.2954116860       129.9787310508      -756.1976357538    102002.7029850787
924000     -6462.3147540945       129.9772456696      -756.1642246780    102002.7029850787
925000     -6462.3131824458       129.9770751477      -756.2209590744    102002.7029850787
926000     -6462.3364928175       129.9747504190      -756.2931654125    102002.7029850787
927000     -6462.3546819239       129.9736222578      -756.3299922703    102002.7029850786
928000     -6462.3749311972       129.9716454423      -756.4202687632    102002.7029850786
929000     -6462.3806786102       129.9712465547      -756.4858167061    102002.7029850786
930000     -6462.3445438203       129.9745722019      -756.5034506556    102002.7029850786
931000     -6462.3486982364       129.9740005525      -756.5227547396    102002.7029850786
932000     -6462.3444790612       129.9747541708      -756.5829624527    102002.7029850786
933000     -6462.3295867600       129.9764359547      -756.6643268758    102002.7029850786
934000     -6462.3190334854       129.9773478037      -756.8232616770    102002.7029850786
935000     -6462.3318410340       129.9767043673      -756.8939296982    102002.7029850786
936000     -6462.3681292683       129.9735140125      -756.9867212102    102002.7029850786
937000     -6462.3807309278       129.9721379372      -757.1560731905    102002.7029850786
938000     -6462.3777082774       129.9728431330      -757.2027279934    102002.7029850786
939000     -6462.3658156144       129.9741139530      -757.2938894825    102002.7029850786
940000     -6462.3609561466       129.9743301617      -757.4506792109    102002.7029850786
941000     -6462.3359432402       129.9767516906      -757.4184528717    102002.7029850786
942000     -6462.3075658553       129.9792918141      -757.5041978049    102002.7029850786
943000     -6462.3041663185       129.9794607349      -757.6089662170    102002.7029850786
944000     -6462.3237370532       129.9780395851      -757.6117702623    102002.7029850786
945000     -6462.3221992132       129.9777589957      -757.7157573771    102002.7029850786
946000     -6462.3437610703       129.9758163183      -757.7900392020    102002.7029850786
947000     -6462.3568096874       129.9746300996      -757.7936288523    102002.7029850786
948000     -6462.3487612816       129.9753976697      -757.9018630409    102002.7029850786
949000     -6462.3253854880       129.9775527636      -757.9938341546    102002.7029850786
950000     -6462.3228178229       129.9775380387      -758.1012644599    102002.7029850786
951000     -6462.3389140520       129.9757266490      -758.2551229876    102002.7029850786
952000     -6462.3287448350       129.9771342646      -758.3174455187    102002.7029850786
953000     -6462.2936073504       129.9807593726      -758.3836286062    102002.7029850786
954000     -6462.2835412614       129.9815675403      -758.4787978399    102002.7029850786
955000     -6462.2751191409       129.9821893867      -758.4938066750    102002.7029850786
956000     -6462.2689206789       129.9826943813      -758.6004405916    102002.7029850786
957000     -6462.2450301016       129.9844749598      -758.7170383031    102002.7029850786
958000     -6462.2427603702       129.9844758479      -758.6752890670    102002.7029850786
959000     -6462.2615641671       129.9828837273      -758.6674221274    102002.7029850786
960000     -6462.2868689924       129.9802843530      -758.7389213616    102002.7029850786
961000     -6462.3003701482       129.9792965340      -758.7476316557    102002.7029850786
962000     -6462.3195697885       129.9773451085      -758.8517411187    102002.7029850786
963000     -6462.3264645372       129.9766133718      -758.9295797575    102002.7029850786
964000     -6462.3287271404       129.9764557705      -758.9657041432    102002.7029850786
965000     -6462.3434332668       129.9753405773      -759.0106147405    102002.7029850786
966000     -6462.3469148514       129.9750726754      -759.0645618850    102002.7029850786
967000     -6462.3848784870       129.9721408807      -759.0787725025    102002.7029850786
968000     -6462.3874359068       129.9718310447      -759.1602053061    102002.7029850786
969000     -6462.4168604171       129.9693816063      -759.2004174468    102002.7029850786
970000     -6462.4326787563       129.9679642787      -759.2537461003    102002.7029850786
971000     -6462.4482170683       129.9664126129      -759.2878791786    102002.7029850786
972000     -6462.4471343392       129.9664149209      -759.3174365856    102002.7029850786
973000     -6462.4595472687       129.9657358152      -759.4134535600    102002.7029850786
974000     -6462.4415897445       129.9671195524      -759.4110124165    102002.7029850786
975000     -6462.4386739995       129.9674155353      -759.3599886583    102002.7029850786
976000     -6462.4362487551       129.9676748561      -759.4006891529    102002.7029850786
977000     -6462.4308127704       129.9681827896      -759.3817891553    102002.7029850786
978000     -6462.4567320040       129.9656269960      -759.3248597070    102002.7029850786
979000     -6462.4648460818       129.9654740573      -759.3793151265    102002.7029850786
980000     -6462.4652952084       129.9653497072      -759.3942391398    102002.7029850786
981000     -6462.4607535974       129.9657942087      -759.3952150186    102002.7029850786
982000     -6462.4597860525       129.9661214204      -759.3907129318    102002.7029850786
983000     -6462.4610969604       129.9654392053      -759.4607499351    102002.7029850786
984000     -6462.4821856278       129.9632490858      -759.3456340890    102002.7029850786
985000     -6462.4856883336       129.9628236347      -759.2959723147    102002.7029850786
986000     -6462.5066019475       129.9603607331      -759.3360836599    102002.7029850786
987000     -6462.5158850781       129.9597016309      -759.2558900930    102002.7029850786
988000     -6462.4808095123       129.9632016420      -759.1669941600    102002.7029850786
989000     -6462.4659955178       129.9644768674      -759.1907414133    102002.7029850786
990000     -6462.4647882617       129.9648143796      -759.1223154851    102002.7029850786
991000     -6462.4556109593       129.9657398502      -759.0748125228    102002.7029850786
992000     -6462.4578970923       129.9655228144      -759.1378378124    102002.7029850786
993000     -6462.4916248427       129.9627081645      -759.1212274310    102002.7029850786
994000     -6462.4883965113       129.9632471941      -759.0374055380    102002.7029850786
995000     -6462.4672168877       129.9652213197      -758.9963418847    102002.7029850786
996000     -6462.4787692442       129.9640825530      -758.9757031645    102002.7029850786
997000     -6462.5143393316       129.9610683333      -758.9307208766    102002.7029850786
998000     -6462.5103683650       129.9612618409      -758.9168937172    102002.7029850786
999000     -6462.5044950415       129.9618060147      -758.8907003797    102002.7029850786
1000000     -6462.4841700551       129.9638002823      -758.8827388112    102002.7029850786
