# Time-averaged data for fix runningavgs
# TimeStep v_ra_etotal v_ra_temp v_ra_press v_ra_volume
502000     -7284.8335686771       129.1276393058      -789.0828827361    102002.7029850792
503000     -7276.0991789585       129.9142873072      -787.2867957267    102002.7029850792
504000     -7271.9164641320       130.0191909236      -788.2391305652    102002.7029850792
505000     -7272.4336098880       129.9592977299      -795.0620264944    102002.7029850792
506000     -7272.8710713931       129.8482213006      -791.5519470059    102002.7029850792
507000     -7274.8197122636       129.6507054052      -789.5515241143    102002.7029850792
508000     -7274.7673976429       129.6993015345      -780.3602066323    102002.7029850792
509000     -7273.4217806049       129.8052994779      -784.6969496100    102002.7029850792
510000     -7272.4446963967       129.8319974732      -783.5265006391    102002.7029850792
511000     -7271.9650562662       129.7968792116      -784.2940785824    102002.7029850792
512000     -7270.6130086270       129.8948108233      -782.9230108578    102002.7029850792
513000     -7269.7577529271       129.9473991320      -783.7915310548    102002.7029850792
514000     -7271.2033280614       129.8664907234      -779.6761876374    102002.7029850792
515000     -7271.1501980855       129.8522236498      -782.0308933579    102002.7029850792
516000     -7271.3308504924       129.8575201107      -786.1916924235    102002.7029850792
517000     -7270.8686821991       129.8863941363      -786.1961902002    102002.7029850792
518000     -7270.1718140009       129.8903367009      -784.3820975827    102002.7029850792
519000     -7270.1424338647       129.8973386732      -784.7251226432    102002.7029850792
520000     -7270.2130221905       129.9028702093      -786.1040010107    102002.7029850792
521000     -7270.6297202664       129.9011917266      -785.5842901227    102002.7029850792
522000     -7270.6791841476       129.8785933412      -786.2913939260    102002.7029850792
523000     -7270.8667642498       129.8466331062      -786.5241189323    102002.7029850792
524000     -7270.6305865445       129.8597820564      -787.4009340634    102002.7029850792
525000     -7270.5744132314       129.8887758277      -787.8687929114    102002.7029850792
526000     -7270.8306171243       129.8864552156      -787.1361751139    102002.7029850792
527000     -7271.6854930551       129.8503789555      -786.2855131251    102002.7029850792
528000     -7271.8065334124       129.8538623640      -786.2404706494    102002.7029850792
529000     -7271.6814754829       129.8526218737      -786.7884480848    102002.7029850792
530000     -7271.1954546357       129.8694440112      -786.7479864041    102002.7029850792
531000     -7270.9127027138       129.8762211520      -785.8764703746    102002.7029850792
532000     -7270.8265404171       129.8904647922      -785.9871690519    102002.7029850792
533000     -7270.7278340672       129.9185476371      -783.8087233699    102002.7029850792
534000     -7270.5907986115       129.9497107099      -783.3523172958    102002.7029850792
535000     -7270.7774182717       129.9286580291      -782.8306811896    102002.7029850792
536000     -7270.3134422742       129.9695757092      -783.2178495233    102002.7029850792
537000     -7270.5932946870       129.9723564242      -783.4009448724    102002.7029850792
538000     -7270.4534961166       129.9908909036      -784.0339962811    102002.7029850792
539000     -7270.4445703804       129.9962822494      -782.8764011411    102002.7029850791
540000     -7270.2990057723       130.0240690381      -782.1669061498    102002.7029850791
541000     -7270.2983411458       130.0321864928      -781.1596363282    102002.7029850791
542000     -7270.3948490511       130.0356192584      -780.8044157313    102002.7029850791
543000     -7270.4961749881       130.0321961370      -780.9046258503    102002.7029850791
544000     -7270.6205565614       130.0503052507      -780.9547573729    102002.7029850791
545000     -7270.5871434963       130.0562659142      -781.7599409501    102002.7029850791
546000     -7270.7731297760       130.0700408758      -781.7293260827    102002.7029850791
547000     -7270.8991957511       130.0590204322      -782.0737262934    102002.7029850791
548000     -7271.2766012882       130.0468534338      -781.1216477342    102002.7029850791
549000     -7271.4173125118       130.0267387461      -781.7351172138    102002.7029850791
550000     -7271.4327123225       130.0172888462      -783.5821764989    102002.7029850791
551000     -7271.2511665076       130.0252667078      -784.6290697966    102002.7029850791
552000     -7271.7867742897       130.0013777905      -785.3260370536    102002.7029850791
553000     -7271.9185091201       130.0082572366      -786.0763162912    102002.7029850791
554000     -7272.0319156392       130.0049928261      -785.0964694946    102002.7029850791
555000     -7272.1682236246       129.9909971561      -785.2885504167    102002.7029850791
556000     -7272.0540890381       129.9969093499      -785.4586045829    102002.7029850791
557000     -7271.8726768839       130.0115965624      -785.0703638058    102002.7029850791
558000     -7271.8235223554       130.0154906221      -784.8221782450    102002.7029850791
559000     -7271.9118967020       130.0048588995      -784.8629859873    102002.7029850791
560000     -7271.9859527663       130.0049451706      -785.3700560665    102002.7029850791
561000     -7271.8700961673       130.0059110349      -784.9702611134    102002.7029850791
562000     -7271.4593296969       130.0219994291      -785.5281899230    102002.7029850791
563000     -7271.1065072560       130.0408142659      -784.8853608339    102002.7029850791
564000     -7271.0489611844       130.0291223200      -785.7320362479    102002.7029850791
565000     -7271.0415938715       130.0318858811      -785.4136233396    102002.7029850791
566000     -7270.9248575917       130.0388109718      -785.9315024649    102002.7029850791
567000     -7270.7320031249       130.0390753314      -786.1919982198    102002.7029850791
568000     -7270.5939101794       130.0477527849      -786.4905698281    102002.7029850791
569000     -7270.5560883140       130.0620532399      -787.0155208047    102002.7029850791
570000     -7270.3585036822       130.0650421283      -787.5018745569    102002.7029850791
571000     -7270.1488898146       130.0782149352      -787.4740373167    102002.7029850791
572000     -7270.1646212751       130.0711308532      -787.5929418392    102002.7029850791
573000     -7269.6773359288       130.0846941333      -788.1682986940    102002.7029850791
574000     -7269.5351541940       130.0812894698      -788.2637272312    102002.7029850791
575000     -7269.5977515235       130.0673986611      -788.3674981148    102002.7029850791
576000     -7269.5251538828       130.0585814184      -788.2972953348    102002.7029850791
577000     -7269.7113902544       130.0422510200      -787.2961038221    102002.7029850791
578000     -7269.6860766931       130.0355263371      -787.1016637580    102002.7029850791
579000     -7269.5621310289       130.0410054057      -786.6171683330    102002.7029850791
580000     -7269.4844559078       130.0517824253      -786.0175761875    102002.7029850791
581000     -7269.5873353009       130.0429078049      -786.0866401304    102002.7029850791
582000     -7269.3137116608       130.0494484442      -786.8235407644    102002.7029850791
583000     -7269.1470596636       130.0509955869      -786.9235695548    102002.7029850791
584000     -7269.0509854918       130.0482736120      -786.9844075998    102002.7029850791
585000     -7268.9435018227       130.0469856260      -787.2763543901    102002.7029850791
586000     -7268.8054758217       130.0600395967      -786.9904727032    102002.7029850791
587000     -7268.6244384656       130.0726857362      -786.7587330964    102002.7029850791
588000     -7268.6185732569       130.0749370460      -786.6035739571    102002.7029850791
589000     -7268.7165931489       130.0787095390      -786.1792853542    102002.7029850791
590000     -7268.4991979176       130.0879098082      -786.0686112769    102002.7029850791
591000     -7268.4120776957       130.0870763440      -785.5846442543    102002.7029850792
592000     -7268.4988876636       130.0774174332      -785.6434810518    102002.7029850792
593000     -7268.4942986638       130.0759928870      -785.9498049012    102002.7029850792
594000     -7268.5767334013       130.0709231657      -785.8446806066    102002.7029850792
595000     -7268.5811233241       130.0698240321      -785.9338290553    102002.7029850792
596000     -7268.6642194454       130.0674636021      -785.8562112322    102002.7029850792
597000     -7268.6503405972       130.0701397526      -785.3954975820    102002.7029850792
598000     -7268.6635736385       130.0684221372      -785.0494256579    102002.7029850792
599000     -7268.7591084631       130.0593151817      -785.1216383817    102002.7029850792
600000     -7268.6180080336       130.0660467892      -785.3927625329    102002.7029850792
601000     -7268.5733231043       130.0690018718      -785.3066784644    102002.7029850792
602000     -7268.5750674688       130.0664255623      -785.5225675731    102002.7029850792
603000     -7268.6354452426       130.0529674174      -785.7500491033    102002.7029850792
604000     -7268.7216339868       130.0512864597      -785.3477398941    102002.7029850793
605000     -7268.6253123385       130.0583560428      -785.3431824600    102002.7029850793
606000     -7268.7059626528       130.0495521349      -785.5109110196    102002.7029850793
607000     -7268.5191168245       130.0601132428      -785.8659526470    102002.7029850793
608000     -7268.3663190196       130.0609031850      -786.0729162924    102002.7029850793
609000     -7268.2009363680       130.0622425977      -786.5325537332    102002.7029850793
610000     -7268.2160208615       130.0551894191      -786.5583347123    102002.7029850793
611000     -7268.1787189120       130.0556395462      -786.7437273175    102002.7029850793
612000     -7267.9844077416       130.0653137928      -786.6238420235    102002.7029850793
613000     -7267.9469448941       130.0659705996      -787.2172123047    102002.7029850793
614000     -7267.9629903724       130.0652440741      -787.8552036488    102002.7029850793
615000     -7267.7871269605       130.0723306003      -788.0673489362    102002.7029850793
616000     -7267.6893160942       130.0729362172      -787.9677693043    102002.7029850793
617000     -7267.7335487124       130.0599636590      -788.7411724725    102002.7029850793
618000     -7267.5881255091       130.0687048610      -788.5280861295    102002.7029850793
619000     -7267.4238412306       130.0741646228      -788.8338890350    102002.7029850793
620000     -7267.3727646451       130.0701505827      -789.3791668297    102002.7029850793
621000     -7267.4277090305       130.0589270065      -790.0951249777    102002.7029850793
622000     -7267.3760985592       130.0592959222      -790.8490256563    102002.7029850794
623000     -7267.5317890506       130.0491510625      -790.9067506965    102002.7029850794
624000     -7267.4698103770       130.0498514056      -791.0134885152    102002.7029850794
625000     -7267.3682925257       130.0484192118      -791.4408792184    102002.7029850794
626000     -7267.3770139227       130.0456745233      -791.6045155298    102002.7029850794
627000     -7267.2042599693       130.0514089363      -792.1789571046    102002.7029850794
628000     -7267.1062826840       130.0532007873      -793.1381347036    102002.7029850794
629000     -7267.0435620645       130.0546524409      -793.7774634283    102002.7029850794
630000     -7267.0879932529       130.0521487316      -794.3527365519    102002.7029850794
631000     -7267.0484315572       130.0527026940      -794.3828414308    102002.7029850794
632000     -7267.0315126753       130.0524035395      -794.5118568601    102002.7029850794
633000     -7266.9198163145       130.0601363509      -794.7050623777    102002.7029850794
634000     -7266.7952161597       130.0657119400      -794.5816200603    102002.7029850794
635000     -7266.8107622472       130.0655853400      -794.5298659272    102002.7029850794
636000     -7266.6997493267       130.0716358211      -794.4625535108    102002.7029850794
637000     -7266.5938684627       130.0720764549      -794.2159879221    102002.7029850794
638000     -7266.5107418667       130.0668890564      -793.8345703599    102002.7029850794
639000     -7266.5110282661       130.0651449287      -793.7087008008    102002.7029850794
640000     -7266.5876411082       130.0582477261      -793.8470763427    102002.7029850794
641000     -7266.7065649251       130.0512333620      -793.5967686664    102002.7029850794
642000     -7266.8336474093       130.0419317029      -793.5418174967    102002.7029850794
643000     -7266.8879962306       130.0391672296      -793.7257007193    102002.7029850794
644000     -7266.9854925186       130.0375588140      -793.4541596554    102002.7029850794
645000     -7266.8590737640       130.0441215429      -793.7070285522    102002.7029850794
646000     -7266.8728957805       130.0443165715      -793.6948074285    102002.7029850795
647000     -7266.9647266250       130.0424604040      -793.5220852097    102002.7029850795
648000     -7267.0531056940       130.0414613939      -793.4021962314    102002.7029850795
649000     -7267.0472796619       130.0463176388      -793.0135362246    102002.7029850795
650000     -7267.1119045415       130.0432144212      -792.8656845971    102002.7029850795
651000     -7267.1382407464       130.0407463097      -792.8963504192    102002.7029850795
652000     -7267.1880057573       130.0371279565      -792.8569016781    102002.7029850795
653000     -7267.2055633861       130.0430925981      -792.6844753388    102002.7029850795
654000     -7267.3614238851       130.0371372055      -792.5476235681    102002.7029850795
655000     -7267.3865488365       130.0351476041      -792.5686140449    102002.7029850795
656000     -7267.4153722452       130.0337712916      -792.3789499915    102002.7029850795
657000     -7267.4951123665       130.0312328091      -792.3222534599    102002.7029850795
658000     -7267.5967307190       130.0309494556      -791.9560853747    102002.7029850795
659000     -7267.7173112805       130.0292847041      -792.0467200853    102002.7029850795
660000     -7267.7786390428       130.0247437547      -792.1739266945    102002.7029850795
661000     -7267.9543721323       130.0197658353      -792.0225337096    102002.7029850795
662000     -7268.0282555092       130.0199341089      -792.0835170357    102002.7029850795
663000     -7267.9982515826       130.0266540863      -792.1325727009    102002.7029850795
664000     -7267.9866578700       130.0299567581      -791.8961851742    102002.7029850795
665000     -7268.0152788109       130.0292728462      -791.6423780044    102002.7029850795
666000     -7268.0425681077       130.0299925083      -791.7011347008    102002.7029850795
667000     -7268.0334165564       130.0302130962      -791.6933403272    102002.7029850795
668000     -7268.0616014959       130.0303996199      -791.5646917909    102002.7029850795
669000     -7268.1182762266       130.0289455863      -791.5139998076    102002.7029850795
670000     -7268.1933199728       130.0253135772      -791.5204617817    102002.7029850795
671000     -7268.2430691344       130.0262328942      -791.1652824868    102002.7029850795
672000     -7268.2621328139       130.0258075504      -791.0063077458    102002.7029850795
673000     -7268.2738722018       130.0268271061      -791.0132083225    102002.7029850795
674000     -7268.3724189418       130.0216210340      -791.0746193754    102002.7029850794
675000     -7268.4124807800       130.0219776572      -791.0651227958    102002.7029850794
676000     -7268.4543515922       130.0198708139      -791.3646100337    102002.7029850794
677000     -7268.4439929540       130.0253209310      -791.0701827438    102002.7029850794
678000     -7268.4586058799       130.0295706374      -791.1678692353    102002.7029850794
679000     -7268.4976137699       130.0337745577      -791.0699171300    102002.7029850794
680000     -7268.5264208237       130.0356435676      -791.3983666017    102002.7029850794
681000     -7268.6620990109       130.0364233570      -791.2526935048    102002.7029850794
682000     -7268.7169438015       130.0374665644      -791.3854836270    102002.7029850794
683000     -7268.7185995954       130.0348403354      -791.4547277959    102002.7029850794
684000     -7268.7691014763       130.0365096890      -791.3615592021    102002.7029850794
685000     -7268.8312882067       130.0333049834      -791.4574435750    102002.7029850794
686000     -7268.8791460252       130.0317298832      -791.1879214180    102002.7029850794
687000     -7268.7337329502       130.0385834631      -791.0534798037    102002.7029850794
688000     -7268.7408069789       130.0403721860      -790.9873190567    102002.7029850793
689000     -7268.7008845829       130.0411254946      -790.9572797927    102002.7029850793
690000     -7268.7318373916       130.0410662702      -790.8582418148    102002.7029850793
691000     -7268.7858171583       130.0374639953      -790.6473837552    102002.7029850793
692000     -7268.8218647499       130.0358438756      -790.5017277602    102002.7029850793
693000     -7268.8026938298       130.0380331696      -790.5796749808    102002.7029850793
694000     -7268.9040465025       130.0350200708      -790.6331515732    102002.7029850793
695000     -7269.0485715649       130.0296179925      -790.4115326066    102002.7029850793
696000     -7269.1919850351       130.0280188168      -790.2563008606    102002.7029850793
697000     -7269.2933413394       130.0254600336      -790.1619320312    102002.7029850793
698000     -7269.3421416312       130.0255069058      -790.1799997510    102002.7029850793
699000     -7269.4463603484       130.0256918179      -789.8901220468    102002.7029850793
700000     -7269.4275955528       130.0309133367      -789.8926968601    102002.7029850793
701000     -7269.5212634495       130.0300528231      -789.8155851207    102002.7029850793
702000     -7269.6115456997       130.0345140652      -789.7048350964    102002.7029850793
703000     -7269.6498357137       130.0338459518      -789.7296481155    102002.7029850793
704000     -7269.7631951158       130.0316519549      -789.5274518482    102002.7029850792
705000     -7269.8932646239       130.0248803304      -789.6993551470    102002.7029850792
706000     -7269.9070914818       130.0274625259      -789.6318004698    102002.7029850792
707000     -7269.9064788308       130.0296657069      -789.7000613280    102002.7029850792
708000     -7269.9902455457       130.0303072559      -789.5210269570    102002.7029850792
709000     -7270.0353421027       130.0311391952      -789.4407886948    102002.7029850792
710000     -7270.0404682260       130.0311493540      -789.5525353710    102002.7029850792
711000     -7270.0548783441       130.0297020847      -789.2656809869    102002.7029850792
712000     -7270.0406837620       130.0334575418      -788.9950433929    102002.7029850792
713000     -7269.9512889484       130.0374018637      -788.8451038876    102002.7029850792
714000     -7269.9096452263       130.0400083600      -788.6794871019    102002.7029850792
715000     -7269.9546655346       130.0364827868      -788.5352925010    102002.7029850792
716000     -7269.9742818769       130.0363645159      -788.5308526504    102002.7029850792
717000     -7269.8647196522       130.0411794454      -788.3879008122    102002.7029850792
718000     -7269.8644846919       130.0423195666      -788.2324122060    102002.7029850792
719000     -7269.7837041408       130.0474563474      -787.8642837254    102002.7029850792
720000     -7269.8143473966       130.0487012745      -787.5437603090    102002.7029850792
721000     -7269.7864779155       130.0505139223      -787.3625123179    102002.7029850792
722000     -7269.8021193802       130.0507084594      -787.0465332233    102002.7029850792
723000     -7269.8130100073       130.0510392709      -787.0247715993    102002.7029850792
724000     -7269.7415883427       130.0566426259      -787.0103535143    102002.7029850791
725000     -7269.7627479666       130.0551115109      -786.9423315826    102002.7029850791
726000     -7269.7900891450       130.0514922914      -786.7881448697    102002.7029850791
727000     -7269.8195089059       130.0477117872      -786.6986410982    102002.7029850791
728000     -7269.9094899080       130.0438934955      -786.8615841927    102002.7029850791
729000     -7269.8832016563       130.0460889664      -786.9319681070    102002.7029850791
730000     -7269.8866152632       130.0492354530      -786.9373317137    102002.7029850791
731000     -7269.9244653555       130.0469316733      -787.2711116544    102002.7029850791
732000     -7270.0082079761       130.0445562964      -787.5439916436    102002.7029850791
733000     -7270.0148822485       130.0488837450      -787.4918107696    102002.7029850791
734000     -7270.0574482084       130.0492806755      -787.4407029115    102002.7029850791
735000     -7270.0544303197       130.0532669812      -787.6527693705    102002.7029850791
736000     -7270.0187918930       130.0536588516      -787.3786397446    102002.7029850791
737000     -7270.0245934288       130.0579103059      -787.1945127955    102002.7029850791
738000     -7270.0784458282       130.0569767995      -787.1912370146    102002.7029850791
739000     -7270.1006294962       130.0562892185      -787.3046389746    102002.7029850791
740000     -7270.1307107081       130.0599099652      -787.3537830498    102002.7029850791
741000     -7270.1477037380       130.0599209917      -787.1639690443    102002.7029850791
742000     -7270.1943850289       130.0599689890      -787.1596052178    102002.7029850791
743000     -7270.3210755069       130.0544109845      -787.1015510426    102002.7029850791
744000     -7270.3827999326       130.0521380751      -787.0132715097    102002.7029850791
745000     -7270.4331071702       130.0515128283      -787.1086070094    102002.7029850791
746000     -7270.5006760337       130.0497798085      -787.1407211019    102002.7029850791
747000     -7270.5051568133       130.0499579458      -787.1818783076    102002.7029850791
748000     -7270.4773521308       130.0530477936      -787.2449036061    102002.7029850790
749000     -7270.5863938204       130.0485794902      -787.2085025628    102002.7029850790
750000     -7270.6180966063       130.0466982957      -787.0964801468    102002.7029850790
751000     -7270.5824253414       130.0491463178      -787.2265943287    102002.7029850790
752000     -7270.6940528791       130.0449002536      -787.3422129477    102002.7029850790
753000     -7270.7630875654       130.0444140366      -787.2524625834    102002.7029850790
754000     -7270.8583066909       130.0418016917      -787.1960299630    102002.7029850790
755000     -7270.9102922612       130.0378062837      -787.2200955253    102002.7029850790
756000     -7270.9349422424       130.0389809670      -787.2392437029    102002.7029850790
757000     -7270.9504862270       130.0414861401      -787.2329547402    102002.7029850790
758000     -7271.0413374685       130.0391246443      -787.2486724306    102002.7029850790
759000     -7271.1483252342       130.0372662407      -787.0984942028    102002.7029850790
760000     -7271.2289129694       130.0341360970      -787.0298574059    102002.7029850790
761000     -7271.2842866328       130.0306421586      -786.7270802426    102002.7029850790
762000     -7271.3235051907       130.0290764537      -786.4753486446    102002.7029850790
763000     -7271.2899619690       130.0325429451      -786.4033470033    102002.7029850790
764000     -7271.2727167784       130.0338435834      -786.3911582301    102002.7029850790
765000     -7271.3208357139       130.0327386965      -786.1937023862    102002.7029850790
766000     -7271.3401198217       130.0310289963      -786.1448995326    102002.7029850790
767000     -7271.3577439032       130.0309236263      -786.0017769084    102002.7029850790
768000     -7271.3965182237       130.0289495597      -786.0357988653    102002.7029850790
769000     -7271.4502631034       130.0272644708      -785.9018328970    102002.7029850790
770000     -7271.5427986973       130.0218575266      -785.8249664058    102002.7029850790
771000     -7271.5077038594       130.0237997892      -785.8932503587    102002.7029850790
772000     -7271.5615150607       130.0220541477      -786.0113018501    102002.7029850790
773000     -7271.5669742985       130.0226942109      -785.9932902512    102002.7029850790
774000     -7271.6049735595       130.0222716646      -786.0409746758    102002.7029850790
775000     -7271.6687707395       130.0188111467      -786.2666234339    102002.7029850790
776000     -7271.7357989226       130.0174820175      -786.2401489621    102002.7029850790
777000     -7271.8340378555       130.0143807760      -786.2607956858    102002.7029850789
778000     -7271.8584600408       130.0141092930      -786.3171884376    102002.7029850789
779000     -7271.8896410074       130.0136550639      -786.3159334841    102002.7029850789
780000     -7271.9373467424       130.0119109854      -786.3177710306    102002.7029850789
781000     -7271.9561746916       130.0124723275      -786.2672676129    102002.7029850789
782000     -7271.9350210901       130.0136237993      -786.1507121054    102002.7029850789
783000     -7271.9243099608       130.0156400985      -786.3117219584    102002.7029850789
784000     -7271.8942181486       130.0163885265      -786.2291819642    102002.7029850789
785000     -7271.8995572605       130.0157742872      -786.2071257224    102002.7029850789
786000     -7271.9082900010       130.0136367806      -786.2877630581    102002.7029850789
787000     -7271.9310295141       130.0101158958      -786.3358187418    102002.7029850789
788000     -7271.9379623514       130.0103693928      -786.3545586084    102002.7029850789
789000     -7271.9572968401       130.0105744508      -786.3030327543    102002.7029850789
790000     -7271.9818955630       130.0098440287      -786.3005186304    102002.7029850789
791000     -7272.0445694441       130.0084243951      -786.1869167040    102002.7029850789
792000     -7272.0759185245       130.0068440450      -786.1414972868    102002.7029850789
793000     -7272.1176532341       130.0060338681      -786.1059821126    102002.7029850789
794000     -7272.2112985197       130.0021240099      -785.9050945019    102002.7029850789
795000     -7272.2224583836       130.0020258437      -785.8473131717    102002.7029850789
796000     -7272.2062020424       130.0025812628      -786.0376372054    102002.7029850789
797000     -7272.2310825460       130.0038998151      -786.0826239210    102002.7029850789
798000     -7272.2887113664       130.0040074266      -786.0880998380    102002.7029850789
799000     -7272.3516609627       130.0032694748      -786.0313907989    102002.7029850789
800000     -7272.4247344881       130.0021226373      -785.9618194898    102002.7029850789
801000     -7272.4572527208       130.0012465230      -785.9066020711    102002.7029850789
802000     -7272.4988450994       129.9992984091      -786.0527950350    102002.7029850789
803000     -7272.4769086278       129.9996474986      -786.0141877189    102002.7029850789
804000     -7272.4833202125       130.0018930290      -786.0802969447    102002.7029850789
805000     -7272.5191069479       130.0007485103      -786.2093617680    102002.7029850789
806000     -7272.5532129802       130.0011594463      -786.2522723565    102002.7029850789
807000     -7272.5522142601       130.0034917109      -786.3355128318    102002.7029850789
808000     -7272.5830756563       130.0035016587      -786.5656021299    102002.7029850789
809000     -7272.5965408277       130.0047611956      -786.5446819944    102002.7029850789
810000     -7272.6391558353       130.0072312736      -786.6290201472    102002.7029850789
811000     -7272.6622802147       130.0087426952      -786.8464027232    102002.7029850789
812000     -7272.6967499453       130.0090375971      -787.0619475460    102002.7029850789
813000     -7272.7448435034       130.0068169345      -787.1014090270    102002.7029850789
814000     -7272.7904444539       130.0065086156      -787.1538836259    102002.7029850789
815000     -7272.8060321714       130.0062668295      -787.3087617295    102002.7029850788
816000     -7272.8684076100       130.0037485878      -787.4993736994    102002.7029850788
817000     -7272.8344459058       130.0071641122      -787.5460362724    102002.7029850788
818000     -7272.8346210814       130.0082356418      -787.8401286632    102002.7029850788
819000     -7272.8515481896       130.0102692805      -787.8506119217    102002.7029850788
820000     -7272.8817570381       130.0107278135      -787.8125374392    102002.7029850788
821000     -7272.9566827049       130.0084484740      -787.8812554817    102002.7029850788
822000     -7273.0072287037       130.0076234584      -788.0258195751    102002.7029850788
823000     -7273.0623137308       130.0064856173      -788.1399326557    102002.7029850788
824000     -7273.0199574147       130.0108257987      -788.1191273264    102002.7029850788
825000     -7272.9870629797       130.0112991841      -788.1983500572    102002.7029850788
826000     -7273.0343131272       130.0090394462      -788.0854183557    102002.7029850788
827000     -7273.0632235349       130.0084446030      -788.1191306920    102002.7029850788
828000     -7273.0932224529       130.0096255683      -788.2275359731    102002.7029850788
829000     -7273.0936861348       130.0107118770      -788.5305978075    102002.7029850788
830000     -7273.0659675619       130.0147051093      -788.6337891956    102002.7029850788
831000     -7273.0769995492       130.0130832397      -788.6900764113    102002.7029850788
832000     -7273.0640373067       130.0146135221      -788.7030269941    102002.7029850788
833000     -7273.0730974849       130.0153804400      -788.7412451114    102002.7029850788
834000     -7273.1017307135       130.0147458677      -788.6493361012    102002.7029850788
835000     -7273.1323569301       130.0154202757      -788.6597861217    102002.7029850788
836000     -7273.1177612456       130.0176276456      -788.6474375656    102002.7029850788
837000     -7273.1881337525       130.0155315728      -788.7228839331    102002.7029850788
838000     -7273.2181696060       130.0161159400      -788.7736992109    102002.7029850788
839000     -7273.2469669037       130.0170609781      -788.7125628106    102002.7029850788
840000     -7273.2280938571       130.0177053821      -788.6836407728    102002.7029850788
841000     -7273.2225774698       130.0191851467      -788.6476038174    102002.7029850788
842000     -7273.2416003226       130.0191446744      -788.6285746318    102002.7029850788
843000     -7273.2525299857       130.0180895199      -788.6983590072    102002.7029850788
844000     -7273.2824358708       130.0163599462      -788.7780887946    102002.7029850788
845000     -7273.2707530183       130.0153347474      -788.7748820855    102002.7029850788
846000     -7273.2509681128       130.0136483729      -788.8110256124    102002.7029850788
847000     -7273.2379806330       130.0115541840      -788.7258936368    102002.7029850788
848000     -7273.2105759306       130.0135562012      -788.6892955046    102002.7029850788
849000     -7273.2105075624       130.0151439571      -788.6872587089    102002.7029850788
850000     -7273.2169933988       130.0153802637      -788.7060622545    102002.7029850788
851000     -7273.2607936735       130.0142168648      -788.6046795787    102002.7029850788
852000     -7273.2936811948       130.0122206856      -788.6346065106    102002.7029850788
853000     -7273.3057984761       130.0137382638      -788.4486213512    102002.7029850788
854000     -7273.2984852480       130.0140194383      -788.4023481032    102002.7029850788
855000     -7273.3152704100       130.0130773976      -788.2713286148    102002.7029850788
856000     -7273.3360001159       130.0125220909      -788.0910526002    102002.7029850788
857000     -7273.3139661551       130.0128144238      -788.0205978234    102002.7029850788
858000     -7273.3671228748       130.0095683361      -788.0382542601    102002.7029850788
859000     -7273.3899022919       130.0079077649      -788.1081112437    102002.7029850788
860000     -7273.4376782477       130.0060559884      -788.0579875571    102002.7029850788
861000     -7273.4523168389       130.0080542679      -788.0126418181    102002.7029850788
862000     -7273.5045423761       130.0072912924      -787.9664584694    102002.7029850788
863000     -7273.5199389092       130.0052255353      -787.9617632660    102002.7029850788
864000     -7273.5314786984       130.0048197640      -787.9811309707    102002.7029850788
865000     -7273.5657472123       130.0027633077      -788.0667715981    102002.7029850788
866000     -7273.5166710975       130.0059931647      -788.2100624586    102002.7029850788
867000     -7273.5091176881       130.0066453744      -788.3585960098    102002.7029850788
868000     -7273.5012654834       130.0066775037      -788.3844982725    102002.7029850788
869000     -7273.5055418502       130.0047615764      -788.6055496718    102002.7029850788
870000     -7273.4618983106       130.0068862787      -788.6757321767    102002.7029850787
871000     -7273.3657588864       130.0096379182      -788.7010743536    102002.7029850787
872000     -7273.3139192967       130.0116059560      -788.7945047376    102002.7029850787
873000     -7273.2619130295       130.0134551428      -788.7794890799    102002.7029850787
874000     -7273.2490619835       130.0145027413      -788.6630286724    102002.7029850787
875000     -7273.2168065140       130.0156700812      -788.7565243987    102002.7029850787
876000     -7273.2414783880       130.0132637085      -788.6462100318    102002.7029850787
877000     -7273.2452953627       130.0126803669      -788.5264397630    102002.7029850787
878000     -7273.1873707279       130.0168427459      -788.5539140232    102002.7029850787
879000     -7273.2018036732       130.0153191150      -788.5782426016    102002.7029850787
880000     -7273.2303439093       130.0147808189      -788.4333868131    102002.7029850787
881000     -7273.2591531427       130.0126506461      -788.3796075107    102002.7029850787
882000     -7273.2399874971       130.0134465251      -788.3507280137    102002.7029850787
883000     -7273.1932173631       130.0167508464      -788.3149887201    102002.7029850787
884000     -7273.1780419292       130.0159472239      -788.4083215415    102002.7029850787
885000     -7273.1865762775       130.0149010605      -788.4181027249    102002.7029850787
886000     -7273.1998294644       130.0128454797      -788.3576669030    102002.7029850787
887000     -7273.2398555173       130.0101087810      -788.2224880653    102002.7029850787
888000     -7273.2562916947       130.0100946838      -788.1699693283    102002.7029850787
889000     -7273.2378489688       130.0105186987      -788.2449377447    102002.7029850787
890000     -7273.2475965241       130.0112876864      -788.3464796367    102002.7029850787
891000     -7273.3024609107       130.0085220617      -788.4061103893    102002.7029850787
892000     -7273.3084428252       130.0059139148      -788.5783259047    102002.7029850787
893000     -7273.2860550254       130.0051793732      -788.6002762302    102002.7029850787
894000     -7273.2609961307       130.0046221858      -788.5310986646    102002.7029850787
895000     -7273.2681156246       130.0029282751      -788.6191091069    102002.7029850787
896000     -7273.2764854763       130.0023925686      -788.6256372239    102002.7029850787
897000     -7273.2759526121       130.0013001990      -788.5292466747    102002.7029850787
898000     -7273.2897963059       130.0016163745      -788.5472453742    102002.7029850787
899000     -7273.3358489102       129.9986849546      -788.4847342562    102002.7029850787
900000     -7273.3329023676       129.9992286264      -788.5318472001    102002.7029850787
901000     -7273.3199568123       129.9991410851      -788.5802629546    102002.7029850787
902000     -7273.2591615853       130.0000458323      -788.5478369502    102002.7029850787
903000     -7273.1969948600       130.0019131558      -788.6487384116    102002.7029850787
904000     -7273.1544032387       130.0015067454      -788.6274148937    102002.7029850787
905000     -7273.0685220447       130.0041989481      -788.6278589683    102002.7029850787
906000     -7273.0563780157       130.0049301932      -788.6366151138    102002.7029850787
907000     -7273.0090262978       130.0038864050      -788.7949400684    102002.7029850787
908000     -7272.9641460567       130.0049814504      -788.7549847411    102002.7029850787
909000     -7272.9516940994       130.0030111192      -788.7935780908    102002.7029850787
910000     -7272.9599469492       130.0008402484      -788.7821335203    102002.7029850787
911000     -7272.9534697778       130.0011841090      -788.7415966341    102002.7029850787
912000     -7272.9790586857       129.9996177512      -788.6621788777    102002.7029850787
913000     -7272.9965042944       129.9991298827      -788.6188499281    102002.7029850787
914000     -7272.9957652087       129.9989515023      -788.6824294798    102002.7029850787
915000     -7272.9498866128       129.9996386364      -788.7537764669    102002.7029850787
916000     -7272.9111038183       130.0017627838      -788.7735658869    102002.7029850787
917000     -7272.8976132985       130.0026448761      -788.6926854684    102002.7029850787
918000     -7272.8849890145       130.0021315682      -788.5921515072    102002.7029850787
919000     -7272.8335910988       130.0036481232      -788.6165736997    102002.7029850787
920000     -7272.7817045138       130.0062558449      -788.5623856098    102002.7029850787
921000     -7272.7983519286       130.0059152657      -788.5357151795    102002.7029850787
922000     -7272.8026195399       130.0067780835      -788.4696287090    102002.7029850787
923000     -7272.7839760896       130.0089733279      -788.4341446950    102002.7029850787
924000     -7272.7708633627       130.0089364960      -788.5075020894    102002.7029850787
925000     -7272.7414273262       130.0102544683      -788.4293056661    102002.7029850787
926000     -7272.7159204982       130.0122076734      -788.4462610467    102002.7029850787
927000     -7272.7049613950       130.0120674868      -788.5921299999    102002.7029850786
928000     -7272.6765233954       130.0131398944      -788.6507270634    102002.7029850786
929000     -7272.6689539468       130.0134909685      -788.6517857489    102002.7029850786
930000     -7272.6353703926       130.0153146972      -788.5852038660    102002.7029850786
931000     -7272.6250710773       130.0138193674      -788.6372447654    102002.7029850786
932000     -7272.6435057383       130.0119152047      -788.7111680047    102002.7029850786
933000     -7272.6181453831       130.0141555525      -788.7018365461    102002.7029850786
934000     -7272.5983225635       130.0139053741      -788.7166808228    102002.7029850786
935000     -7272.5988959649       130.0127225800      -788.6330752593    102002.7029850786
936000     -7272.6477933320       130.0090278686      -788.6547939869    102002.7029850786
937000     -7272.6389993418       130.0082764317      -788.7240096613    102002.7029850786
938000     -7272.6314820341       130.0084690828      -788.6774984785    102002.7029850786
939000     -7272.6001418984       130.0082432156      -788.5836717402    102002.7029850786
940000     -7272.5738716498       130.0082449396      -788.6399976592    102002.7029850786
941000     -7272.5668965687       130.0079950470      -788.6498401590    102002.7029850786
942000     -7272.5179296524       130.0108255345      -788.7297567699    102002.7029850786
943000     -7272.5202775496       130.0117657493      -788.8213902909    102002.7029850786
944000     -7272.5001090222       130.0138170328      -788.8274527912    102002.7029850786
945000     -7272.5109539274       130.0140045742      -788.8696081093    102002.7029850786
946000     -7272.5372044017       130.0132036443      -788.7646650535    102002.7029850786
947000     -7272.5348109610       130.0131113402      -788.7652642363    102002.7029850786
948000     -7272.4984786128       130.0160609868      -788.8366339074    102002.7029850786
949000     -7272.4862573340       130.0167142522      -788.8865974914    102002.7029850786
950000     -7272.4677314530       130.0183354062      -788.9528827430    102002.7029850786
951000     -7272.5019535146       130.0153742527      -788.9375899935    102002.7029850786
952000     -7272.4736831810       130.0159044553      -788.9720375189    102002.7029850786
953000     -7272.4833271672       130.0142598992      -788.9850931478    102002.7029850786
954000     -7272.4632539785       130.0169152970      -789.0295092425    102002.7029850786
955000     -7272.4632109403       130.0159956430      -789.0043946304    102002.7029850786
956000     -7272.4925973144       130.0151596057      -788.9288545121    102002.7029850786
957000     -7272.4841892363       130.0153132217      -788.7989673797    102002.7029850786
958000     -7272.4786655626       130.0166038254      -788.6926169014    102002.7029850786
959000     -7272.4912382284       130.0145308007      -788.5786746156    102002.7029850786
960000     -7272.4612927983       130.0157166711      -788.6289956936    102002.7029850786
961000     -7272.4677639842       130.0159287095      -788.7174653506    102002.7029850786
962000     -7272.4571292414       130.0180122213      -788.6632235475    102002.7029850786
963000     -7272.4680440832       130.0179977996      -788.5838887800    102002.7029850786
964000     -7272.5184585451       130.0152779675      -788.4723572351    102002.7029850786
965000     -7272.5537721218       130.0139459297      -788.3251094504    102002.7029850786
966000     -7272.5575168119       130.0138659095      -788.2234403793    102002.7029850786
967000     -7272.5368982920       130.0146564363      -788.2457055800    102002.7029850786
968000     -7272.5102822230       130.0158786440      -788.2254891869    102002.7029850786
969000     -7272.4914515466       130.0168623285      -788.1665856054    102002.7029850786
970000     -7272.5177176657       130.0159419436      -788.0489711588    102002.7029850786
971000     -7272.5074469787       130.0158001762      -788.0107850257    102002.7029850786
972000     -7272.5296656969       130.0144968818      -787.9152787308    102002.7029850786
973000     -7272.5442493082       130.0131917449      -787.7952110053    102002.7029850786
974000     -7272.5446583801       130.0130888418      -787.7722998610    102002.7029850786
975000     -7272.5496322538       130.0127406732      -787.7698141179    102002.7029850786
976000     -7272.5606832062       130.0126721692      -787.7051415092    102002.7029850786
977000     -7272.5535029162       130.0139133897      -787.6144231393    102002.7029850786
978000     -7272.5449854454       130.0153093325      -787.5783847911    102002.7029850786
979000     -7272.5209695867       130.0165244605      -787.5353406904    102002.7029850786
980000     -7272.5062496419       130.0184548022      -787.4609461012    102002.7029850786
981000     -7272.5304582783       130.0170717907      -787.3768834127    102002.7029850786
982000     -7272.5143211505       130.0186583685      -787.3947049476    102002.7029850786
983000     -7272.5307198302       130.0177864987      -787.3932897299    102002.7029850786
984000     -7272.5210089427       130.0181327214      -787.3962456978    102002.7029850786
985000     -7272.5007416455       130.0187529664      -787.4331206049    102002.7029850786
986000     -7272.5332598297       130.0153134301      -787.4667020522    102002.7029850786
987000     -7272.5177243758       130.0166408894      -787.4293837658    102002.7029850786
988000     -7272.5113416232       130.0165339747      -787.3211329824    102002.7029850786
989000     -7272.4810774454       130.0181079465      -787.2740665498    102002.7029850786
990000     -7272.4882370657       130.0175579942      -787.3222675566    102002.7029850786
991000     -7272.4917684869       130.0173773330      -787.3567043158    102002.7029850786
992000     -7272.4785806758       130.0165960693      -787.3643663191    102002.7029850786
993000     -7272.4652726675       130.0168027666      -787.3554754272    102002.7029850786
994000     -7272.4935211179       130.0152375338      -787.4407698512    102002.7029850786
995000     -7272.5071897164       130.0133201784      -787.4484447294    102002.7029850786
996000     -7272.5131552715       130.0124673535      -787.4876500161    102002.7029850786
997000     -7272.5259525445       130.0122788132      -787.5728259662    102002.7029850786
998000     -7272.5063699966       130.0144679640      -787.5178482980    102002.7029850786
999000     -7272.5361833280       130.0136804895      -787.4706499562    102002.7029850786
1000000     -7272.5727079087       130.0123662530      -787.4429744601    102002.7029850786
