# Time-averaged data for fix runningavgs
# TimeStep v_ra_etotal v_ra_temp v_ra_press v_ra_volume
502000     -6765.4026389205       109.3038693267      -678.2144167100    102002.7029850792
503000     -6759.3524823225       109.8207609640      -701.1473835041    102002.7029850792
504000     -6755.2500677374       110.2976434085      -702.1773218023    102002.7029850792
505000     -6755.9615274696       110.2489856836      -708.3135349129    102002.7029850792
506000     -6756.6053838661       110.2136501828      -718.9942603304    102002.7029850792
507000     -6758.5457492289       110.0004801843      -720.4250496426    102002.7029850792
508000     -6759.3506074966       109.9232805363      -722.7639870493    102002.7029850792
509000     -6760.1859372663       109.8613379848      -722.0926827170    102002.7029850792
510000     -6759.6099669113       109.8888518692      -722.2424647232    102002.7029850792
511000     -6758.2624201000       110.0166638864      -720.8077743360    102002.7029850792
512000     -6758.1805325901       110.0227062242      -723.2645277325    102002.7029850792
513000     -6757.4924150385       110.0599718258      -725.8525606406    102002.7029850792
514000     -6757.2450437060       110.1102441534      -728.9310682278    102002.7029850792
515000     -6756.6889134774       110.1393091707      -729.0207195925    102002.7029850792
516000     -6757.0402531054       110.1028685153      -729.1056862819    102002.7029850792
517000     -6756.6729680151       110.1327090690      -729.0357154648    102002.7029850792
518000     -6756.9932121249       110.1254078486      -728.4755420630    102002.7029850792
519000     -6757.2417870320       110.0837476827      -727.6824264006    102002.7029850792
520000     -6757.8082006986       110.0365101049      -729.9483781098    102002.7029850792
521000     -6757.8030184882       110.0450323419      -728.3805289021    102002.7029850792
522000     -6757.7841363978       110.0400469738      -728.6664334787    102002.7029850792
523000     -6757.7784399786       110.0280458746      -729.1695777582    102002.7029850792
524000     -6758.0541422599       110.0040478017      -727.9536875264    102002.7029850792
525000     -6758.2240366165       109.9800349858      -727.7652138701    102002.7029850792
526000     -6758.4718651147       109.9477162876      -729.3333832639    102002.7029850792
527000     -6758.5051875111       109.9422788048      -728.2116937480    102002.7029850792
528000     -6758.7160768066       109.9199905897      -727.1480371112    102002.7029850792
529000     -6758.9686159625       109.8924301785      -726.2587174827    102002.7029850792
530000     -6758.9123819589       109.8888851879      -724.8610015728    102002.7029850792
531000     -6758.8172382437       109.8962604773      -724.5076330222    102002.7029850792
532000     -6758.6226215020       109.9141084587      -723.5280547411    102002.7029850792
533000     -6758.3229871702       109.9474755869      -722.9733105975    102002.7029850792
534000     -6758.1719117295       109.9588124310      -723.0617972379    102002.7029850792
535000     -6758.0438982393       109.9730594259      -722.6551715716    102002.7029850792
536000     -6757.9664171241       109.9874049171      -720.7947850822    102002.7029850792
537000     -6758.0066545210       109.9762115218      -720.6644324556    102002.7029850792
538000     -6758.0634930127       109.9682952773      -720.1753815247    102002.7029850792
539000     -6757.9465078115       109.9775498931      -719.2916702189    102002.7029850791
540000     -6757.7073067117       109.9990648487      -719.9348068450    102002.7029850791
541000     -6757.7724658300       109.9998202168      -719.2578057317    102002.7029850791
542000     -6757.8290543198       109.9983045363      -718.5270938279    102002.7029850791
543000     -6757.7443301792       110.0140545594      -718.3188213640    102002.7029850791
544000     -6757.7850419753       110.0095118622      -717.9559266351    102002.7029850791
545000     -6757.8329560876       110.0082790547      -716.8581762346    102002.7029850791
546000     -6757.6484648503       110.0258045627      -716.8555376432    102002.7029850791
547000     -6757.6406624416       110.0199404774      -715.9784497741    102002.7029850791
548000     -6757.8897272668       109.9943821394      -715.7130577238    102002.7029850791
549000     -6757.8725996040       109.9968209810      -715.1920041072    102002.7029850791
550000     -6757.9141209617       109.9924187821      -714.9477785441    102002.7029850791
551000     -6757.8288029269       109.9934575428      -715.1346752295    102002.7029850791
552000     -6757.6332480505       110.0130649457      -715.1397407348    102002.7029850791
553000     -6757.6455580772       110.0086039942      -715.0464664352    102002.7029850791
554000     -6757.8569725086       109.9876762159      -715.0296399372    102002.7029850791
555000     -6757.8784812879       109.9822337580      -715.0345864436    102002.7029850791
556000     -6757.9973695201       109.9721410441      -715.0442648751    102002.7029850791
557000     -6758.1105065978       109.9598712020      -715.2197045226    102002.7029850791
558000     -6758.0641110252       109.9619805717      -715.6464208093    102002.7029850791
559000     -6757.9871755209       109.9653808753      -716.4697982731    102002.7029850791
560000     -6757.8698483514       109.9758519168      -716.4530894098    102002.7029850791
561000     -6757.8232925945       109.9868127222      -716.8801079510    102002.7029850791
562000     -6757.8289556178       109.9895343998      -716.9686505538    102002.7029850791
563000     -6757.8406055436       109.9941126936      -716.8313710442    102002.7029850791
564000     -6757.6396487053       110.0110716792      -717.0543006177    102002.7029850791
565000     -6757.5736637102       110.0157222615      -717.3421201657    102002.7029850791
566000     -6757.6142081042       110.0109949246      -717.5752172230    102002.7029850791
567000     -6757.4399865893       110.0256677665      -717.3143340364    102002.7029850791
568000     -6757.2848761406       110.0314317470      -717.5962282115    102002.7029850791
569000     -6757.2395497912       110.0328234961      -717.3344938352    102002.7029850791
570000     -6757.2663801840       110.0272186466      -717.0188173527    102002.7029850791
571000     -6757.4094646631       110.0101375937      -717.2372777960    102002.7029850791
572000     -6757.4067229848       110.0103921839      -716.9860616899    102002.7029850791
573000     -6757.3157717101       110.0169695521      -716.7100194137    102002.7029850791
574000     -6757.4149267185       110.0048430456      -716.6562724322    102002.7029850791
575000     -6757.4625932615       109.9962801757      -716.2579022611    102002.7029850791
576000     -6757.4721648509       109.9924594668      -715.6385638933    102002.7029850791
577000     -6757.6132566816       109.9794670169      -715.5740053647    102002.7029850791
578000     -6757.6985657797       109.9745229720      -715.5238507458    102002.7029850791
579000     -6757.8029308126       109.9677148130      -715.4230969889    102002.7029850791
580000     -6757.7330190955       109.9745689912      -715.3135742133    102002.7029850791
581000     -6757.7977601765       109.9700938779      -714.9803753485    102002.7029850791
582000     -6757.8176819361       109.9678963367      -714.7864690995    102002.7029850791
583000     -6757.8780991970       109.9583151879      -714.7475141061    102002.7029850791
584000     -6757.8909456414       109.9551930280      -714.3104931097    102002.7029850791
585000     -6757.8560188223       109.9535299930      -714.2493000199    102002.7029850791
586000     -6757.8348394243       109.9503115165      -714.1891809921    102002.7029850791
587000     -6757.9368363293       109.9366929943      -713.9977411517    102002.7029850791
588000     -6757.9146194118       109.9388299254      -713.5529337911    102002.7029850791
589000     -6757.9746951694       109.9366678053      -713.4832583705    102002.7029850791
590000     -6757.9282242739       109.9382495206      -713.5176860699    102002.7029850791
591000     -6757.9232642511       109.9393135710      -713.6738022815    102002.7029850792
592000     -6757.9745597941       109.9318136785      -713.6911197877    102002.7029850792
593000     -6757.9876482634       109.9311501406      -713.6505892038    102002.7029850792
594000     -6758.0139473057       109.9277198597      -713.7670768641    102002.7029850792
595000     -6758.0576551102       109.9236244494      -713.6713426135    102002.7029850792
596000     -6757.9877770021       109.9292150366      -713.4474492311    102002.7029850792
597000     -6757.8936904926       109.9378449062      -713.5880271292    102002.7029850792
598000     -6757.9433087473       109.9320606879      -713.1932578992    102002.7029850792
599000     -6757.9996173075       109.9293132159      -713.4395141287    102002.7029850792
600000     -6758.1152882774       109.9204141911      -713.7450635672    102002.7029850792
601000     -6758.1295548690       109.9186012431      -713.7085365567    102002.7029850792
602000     -6758.1601317053       109.9162994633      -713.8412804028    102002.7029850792
603000     -6758.2628069861       109.9080976392      -713.7799679209    102002.7029850792
604000     -6758.2543263084       109.9055057656      -713.8364323647    102002.7029850793
605000     -6758.2619974192       109.9051417906      -713.8607677422    102002.7029850793
606000     -6758.2174236219       109.9113213352      -713.8365395809    102002.7029850793
607000     -6758.2772979379       109.9062912807      -713.8232675425    102002.7029850793
608000     -6758.3148293336       109.9036265465      -714.1626819816    102002.7029850793
609000     -6758.2686746362       109.9076364658      -714.1478828547    102002.7029850793
610000     -6758.2510920793       109.9094430361      -714.2375749470    102002.7029850793
611000     -6758.1742990443       109.9166427084      -714.4385761716    102002.7029850793
612000     -6758.2439275352       109.9120418594      -714.3768939285    102002.7029850793
613000     -6758.3351165793       109.9035635124      -714.4340601625    102002.7029850793
614000     -6758.3396660764       109.9034611112      -714.6690159998    102002.7029850793
615000     -6758.4038435346       109.8996327880      -714.6335599823    102002.7029850793
616000     -6758.5267555474       109.8888585993      -714.9744755078    102002.7029850793
617000     -6758.5468200848       109.8886559054      -715.4490646922    102002.7029850793
618000     -6758.5548007097       109.8902652415      -715.3419905310    102002.7029850793
619000     -6758.6229494241       109.8837034884      -715.3149169800    102002.7029850793
620000     -6758.6112791346       109.8829185106      -715.5022579858    102002.7029850793
621000     -6758.5942024271       109.8850851297      -715.3966842815    102002.7029850793
622000     -6758.5110511295       109.8954399443      -715.3500209182    102002.7029850794
623000     -6758.5916029355       109.8872265139      -715.7361081960    102002.7029850794
624000     -6758.6056309388       109.8860300264      -715.9307984223    102002.7029850794
625000     -6758.6027261362       109.8883871933      -715.9276830576    102002.7029850794
626000     -6758.6131082935       109.8903877532      -715.8178385413    102002.7029850794
627000     -6758.7265022672       109.8808046295      -715.7548101029    102002.7029850794
628000     -6758.7201128282       109.8816222181      -715.4457008793    102002.7029850794
629000     -6758.8157079561       109.8717954868      -715.1682738507    102002.7029850794
630000     -6758.8045310431       109.8729582172      -715.1457677852    102002.7029850794
631000     -6758.8121425875       109.8725725314      -715.1368001499    102002.7029850794
632000     -6758.7768643140       109.8766969459      -714.9453413076    102002.7029850794
633000     -6758.7193091007       109.8840603141      -715.0029794897    102002.7029850794
634000     -6758.6847480841       109.8901517458      -714.9322189409    102002.7029850794
635000     -6758.7246219779       109.8887508309      -714.6144398858    102002.7029850794
636000     -6758.7993841092       109.8835344899      -714.7144158673    102002.7029850794
637000     -6758.8302706106       109.8820993484      -714.7350524476    102002.7029850794
638000     -6758.9321957126       109.8737968978      -714.6936746114    102002.7029850794
639000     -6758.8361273637       109.8839804071      -714.5123074828    102002.7029850794
640000     -6758.8058368395       109.8855812326      -714.2625756431    102002.7029850794
641000     -6758.7572763367       109.8899746895      -714.0957649523    102002.7029850794
642000     -6758.7385797593       109.8923297899      -713.8266778838    102002.7029850794
643000     -6758.6991051702       109.8956570144      -713.9195556490    102002.7029850794
644000     -6758.6851761914       109.8971529082      -713.7907111983    102002.7029850794
645000     -6758.7004936551       109.8953183710      -713.7843822889    102002.7029850794
646000     -6758.7436158318       109.8913684123      -713.5331149026    102002.7029850795
647000     -6758.7307681099       109.8934994858      -713.6484225750    102002.7029850795
648000     -6758.8112192060       109.8873859326      -713.6015170070    102002.7029850795
649000     -6758.8147097676       109.8862235904      -713.4106165750    102002.7029850795
650000     -6758.7706319936       109.8886524765      -713.3637659438    102002.7029850795
651000     -6758.8409236023       109.8821103990      -713.2551044227    102002.7029850795
652000     -6758.7974235549       109.8860017836      -713.1892327334    102002.7029850795
653000     -6758.7625268856       109.8891480409      -712.9099413214    102002.7029850795
654000     -6758.8311649375       109.8838260193      -712.9209920154    102002.7029850795
655000     -6758.8573312125       109.8814509240      -712.6325590566    102002.7029850795
656000     -6758.7601628333       109.8887344947      -712.8075809465    102002.7029850795
657000     -6758.7311070487       109.8914201026      -712.8585757538    102002.7029850795
658000     -6758.7120965155       109.8936166522      -712.7220553597    102002.7029850795
659000     -6758.6442637429       109.8992109606      -712.7557219004    102002.7029850795
660000     -6758.5982881465       109.9021125649      -712.4741728491    102002.7029850795
661000     -6758.6085067830       109.8988335095      -712.4930482677    102002.7029850795
662000     -6758.5522481187       109.9028394671      -712.5485762077    102002.7029850795
663000     -6758.4811049185       109.9075942951      -712.5580037718    102002.7029850795
664000     -6758.4264755533       109.9112943632      -712.6419051464    102002.7029850795
665000     -6758.4212275817       109.9122901467      -712.7081645247    102002.7029850795
666000     -6758.4129879404       109.9124742098      -712.6468326252    102002.7029850795
667000     -6758.4702852579       109.9074006787      -712.5622625923    102002.7029850795
668000     -6758.4946900241       109.9045212592      -712.7414498136    102002.7029850795
669000     -6758.4937154593       109.9039118953      -712.8000258165    102002.7029850795
670000     -6758.4595951010       109.9061741773      -713.0449862880    102002.7029850795
671000     -6758.4431761721       109.9085140246      -713.1540447352    102002.7029850795
672000     -6758.3731509912       109.9162583538      -713.1972018246    102002.7029850795
673000     -6758.3688175819       109.9157898777      -713.3406855489    102002.7029850795
674000     -6758.3545103367       109.9168315464      -713.2945763038    102002.7029850794
675000     -6758.2713036186       109.9248878283      -713.4315895317    102002.7029850794
676000     -6758.2756185212       109.9250065648      -713.4562341152    102002.7029850794
677000     -6758.2360395299       109.9287122146      -713.5344763663    102002.7029850794
678000     -6758.1711217165       109.9343035961      -713.3596061938    102002.7029850794
679000     -6758.1945055327       109.9324307395      -713.3826678191    102002.7029850794
680000     -6758.2231852504       109.9301384945      -713.2061208476    102002.7029850794
681000     -6758.2533473626       109.9280911997      -713.1327595575    102002.7029850794
682000     -6758.2394380392       109.9295866343      -713.0722412223    102002.7029850794
683000     -6758.2228727475       109.9325330913      -712.9403793548    102002.7029850794
684000     -6758.2339777195       109.9319339076      -712.8051738009    102002.7029850794
685000     -6758.2557283342       109.9297111626      -712.7712072947    102002.7029850794
686000     -6758.2725399603       109.9279179394      -712.8252347104    102002.7029850794
687000     -6758.2545011416       109.9304108669      -712.6694390818    102002.7029850794
688000     -6758.2762655703       109.9277241976      -712.5541861162    102002.7029850793
689000     -6758.3139415692       109.9261684599      -712.5308721804    102002.7029850793
690000     -6758.3945559312       109.9211888824      -712.3515589058    102002.7029850793
691000     -6758.4137647602       109.9180742168      -712.3360442589    102002.7029850793
692000     -6758.4421517918       109.9165904782      -712.3072170546    102002.7029850793
693000     -6758.4043273497       109.9196975710      -712.0274778990    102002.7029850793
694000     -6758.3945936022       109.9218081816      -711.8829559366    102002.7029850793
695000     -6758.3680825827       109.9246281673      -711.7014119745    102002.7029850793
696000     -6758.3709252822       109.9254496564      -711.4738308811    102002.7029850793
697000     -6758.4264692563       109.9204060184      -711.3046934170    102002.7029850793
698000     -6758.4054452876       109.9230768121      -711.1947070047    102002.7029850793
699000     -6758.4040791936       109.9229671010      -710.9242202117    102002.7029850793
700000     -6758.4309715467       109.9208998252      -710.8296689852    102002.7029850793
701000     -6758.4213064755       109.9222727313      -710.6551087204    102002.7029850793
702000     -6758.4625248917       109.9192653069      -710.3898491373    102002.7029850793
703000     -6758.4885099468       109.9180039858      -710.1376243169    102002.7029850793
704000     -6758.5217660460       109.9158870527      -709.8635252366    102002.7029850792
705000     -6758.5495216028       109.9138429885      -709.6860767197    102002.7029850792
706000     -6758.5392031609       109.9154612258      -709.6077236514    102002.7029850792
707000     -6758.5130677572       109.9192676587      -709.4047258768    102002.7029850792
708000     -6758.4684240086       109.9235989858      -709.2674558877    102002.7029850792
709000     -6758.4567960134       109.9249285008      -709.0313971485    102002.7029850792
710000     -6758.4191601988       109.9291754510      -708.8879623404    102002.7029850792
711000     -6758.3666954355       109.9344279301      -708.9761409038    102002.7029850792
712000     -6758.3769067452       109.9345567221      -708.9460833570    102002.7029850792
713000     -6758.3511789421       109.9384753830      -708.8077988187    102002.7029850792
714000     -6758.3767702702       109.9359895267      -708.6703149617    102002.7029850792
715000     -6758.4022148410       109.9345624588      -708.4929964503    102002.7029850792
716000     -6758.4119872842       109.9343761041      -708.4222960020    102002.7029850792
717000     -6758.3764857048       109.9387871053      -708.5512587547    102002.7029850792
718000     -6758.3719989905       109.9395489610      -708.5197115212    102002.7029850792
719000     -6758.3776491054       109.9386312879      -708.4512202285    102002.7029850792
720000     -6758.3232315513       109.9444394575      -708.4032894643    102002.7029850792
721000     -6758.2921735092       109.9480072768      -708.2782574686    102002.7029850792
722000     -6758.3110063946       109.9469323378      -708.1604513154    102002.7029850792
723000     -6758.2865397758       109.9504163986      -708.2227931943    102002.7029850792
724000     -6758.2514008512       109.9529391368      -708.1588233628    102002.7029850791
725000     -6758.2924452597       109.9495986295      -708.1782839256    102002.7029850791
726000     -6758.3116486205       109.9477131412      -708.0624084579    102002.7029850791
727000     -6758.3185739473       109.9472079651      -707.9413681517    102002.7029850791
728000     -6758.2839192387       109.9508880141      -707.9568956409    102002.7029850791
729000     -6758.3108635808       109.9480036813      -708.0264316503    102002.7029850791
730000     -6758.3410889306       109.9450078024      -708.0520657394    102002.7029850791
731000     -6758.3519134658       109.9443624991      -708.0298952780    102002.7029850791
732000     -6758.3520259020       109.9443335811      -707.8574923260    102002.7029850791
733000     -6758.3179927768       109.9481527824      -707.7456094972    102002.7029850791
734000     -6758.2616506982       109.9527966892      -707.6090223875    102002.7029850791
735000     -6758.2530644743       109.9525620161      -707.4647777945    102002.7029850791
736000     -6758.2582895460       109.9515826748      -707.4217647781    102002.7029850791
737000     -6758.2832411589       109.9489665274      -707.4413280430    102002.7029850791
738000     -6758.2882364645       109.9481388645      -707.3240844226    102002.7029850791
739000     -6758.3026808090       109.9466533391      -707.2396057790    102002.7029850791
740000     -6758.3372521259       109.9436387699      -707.2022758470    102002.7029850791
741000     -6758.3104194477       109.9446739323      -707.2210040276    102002.7029850791
742000     -6758.2532562815       109.9494081093      -707.2274893608    102002.7029850791
743000     -6758.2154180750       109.9524031627      -707.3951428302    102002.7029850791
744000     -6758.1882074611       109.9538984467      -707.4791163610    102002.7029850791
745000     -6758.1880811909       109.9542855552      -707.2963408962    102002.7029850791
746000     -6758.2362094629       109.9492144222      -707.2378569424    102002.7029850791
747000     -6758.2410936041       109.9482792529      -707.2167747725    102002.7029850791
748000     -6758.2422500344       109.9485532073      -707.1074802209    102002.7029850790
749000     -6758.2287892057       109.9503040856      -707.0568458852    102002.7029850790
750000     -6758.1984110546       109.9531762330      -707.2254946933    102002.7029850790
751000     -6758.1562289768       109.9573495893      -707.0894682016    102002.7029850790
752000     -6758.1588091328       109.9581520967      -707.0772141124    102002.7029850790
753000     -6758.1465299217       109.9589995366      -707.1950870245    102002.7029850790
754000     -6758.1548580983       109.9598066117      -707.2265034217    102002.7029850790
755000     -6758.1264228367       109.9615444553      -707.1447848504    102002.7029850790
756000     -6758.1007686486       109.9624727649      -707.0599035204    102002.7029850790
757000     -6758.0957410320       109.9623422931      -706.9383616414    102002.7029850790
758000     -6758.0779071232       109.9631900534      -706.7044203144    102002.7029850790
759000     -6758.0568882094       109.9652826938      -706.6157233284    102002.7029850790
760000     -6758.0299626038       109.9672862639      -706.7164559821    102002.7029850790
761000     -6758.0137434946       109.9691483421      -706.6437773610    102002.7029850790
762000     -6757.9892256876       109.9703684623      -706.5912677843    102002.7029850790
763000     -6757.9795852225       109.9705881748      -706.5576965533    102002.7029850790
764000     -6757.9444065442       109.9721346093      -706.5033667354    102002.7029850790
765000     -6757.9524046903       109.9715666806      -706.3847959785    102002.7029850790
766000     -6757.9495023682       109.9710967514      -706.3510055355    102002.7029850790
767000     -6757.9652569876       109.9688693156      -706.3166744603    102002.7029850790
768000     -6757.9409241641       109.9707996918      -706.2496755700    102002.7029850790
769000     -6757.8974056347       109.9747742184      -706.1653129228    102002.7029850790
770000     -6757.8984255007       109.9747579635      -706.0994910621    102002.7029850790
771000     -6757.9320885655       109.9708518854      -706.0064068270    102002.7029850790
772000     -6757.9296034943       109.9691194447      -705.9392577810    102002.7029850790
773000     -6757.9040239711       109.9711669959      -705.8098574995    102002.7029850790
774000     -6757.8643220782       109.9723965638      -705.7586829086    102002.7029850790
775000     -6757.8672176751       109.9721192085      -705.6229656279    102002.7029850790
776000     -6757.8883031950       109.9688615223      -705.4932442544    102002.7029850790
777000     -6757.8827998595       109.9684874644      -705.5490343012    102002.7029850789
778000     -6757.8940741838       109.9668094419      -705.5310227810    102002.7029850789
779000     -6757.9113328848       109.9640824941      -705.4572474171    102002.7029850789
780000     -6757.8789229696       109.9664657127      -705.3739377996    102002.7029850789
781000     -6757.8701418980       109.9677153173      -705.3232055827    102002.7029850789
782000     -6757.8579180835       109.9684273762      -705.2598457144    102002.7029850789
783000     -6757.8495541403       109.9690744544      -705.2230364835    102002.7029850789
784000     -6757.8477697523       109.9692606413      -705.2830399507    102002.7029850789
785000     -6757.8747420266       109.9669056416      -705.3067669086    102002.7029850789
786000     -6757.8869404852       109.9652570718      -705.2885106965    102002.7029850789
787000     -6757.8940954490       109.9643118622      -705.3275333249    102002.7029850789
788000     -6757.8468649269       109.9679642812      -705.3241603916    102002.7029850789
789000     -6757.8221742339       109.9697724442      -705.3674368341    102002.7029850789
790000     -6757.8105929775       109.9707138132      -705.5436481696    102002.7029850789
791000     -6757.7828408730       109.9736527856      -705.6115832113    102002.7029850789
792000     -6757.7595586469       109.9759976467      -705.6854727162    102002.7029850789
793000     -6757.7246754890       109.9797961276      -705.7717096740    102002.7029850789
794000     -6757.7233363732       109.9790713605      -705.8224542021    102002.7029850789
795000     -6757.7792099236       109.9738499206      -705.8599190161    102002.7029850789
796000     -6757.7798870553       109.9726739901      -705.8756500926    102002.7029850789
797000     -6757.7697895947       109.9741089505      -705.8282738996    102002.7029850789
798000     -6757.7918822060       109.9711280477      -705.8249784937    102002.7029850789
799000     -6757.8012139792       109.9697833818      -705.6856354812    102002.7029850789
800000     -6757.8060753172       109.9680661433      -705.6239739642    102002.7029850789
801000     -6757.8303503415       109.9650187067      -705.6384452083    102002.7029850789
802000     -6757.8373080978       109.9633409634      -705.7223498348    102002.7029850789
803000     -6757.8438731093       109.9626661460      -705.7176414024    102002.7029850789
804000     -6757.8572945479       109.9608996868      -705.8014230895    102002.7029850789
805000     -6757.7979564182       109.9658109651      -705.7111512188    102002.7029850789
806000     -6757.8043533363       109.9650624498      -705.6990192686    102002.7029850789
807000     -6757.8050319785       109.9651366148      -705.7440612533    102002.7029850789
808000     -6757.7944370663       109.9657042298      -705.6788877479    102002.7029850789
809000     -6757.7959487159       109.9635107620      -705.8016028272    102002.7029850789
810000     -6757.8084955663       109.9623218773      -705.8568522288    102002.7029850789
811000     -6757.7870752575       109.9630529481      -705.8479936657    102002.7029850789
812000     -6757.7763789981       109.9628806592      -705.8264624132    102002.7029850789
813000     -6757.7589141144       109.9625897333      -705.8158224218    102002.7029850789
814000     -6757.7172240754       109.9658477164      -705.8754901432    102002.7029850789
815000     -6757.6752033003       109.9687889025      -705.9380895773    102002.7029850788
816000     -6757.6449690540       109.9706917980      -706.0575718465    102002.7029850788
817000     -6757.6297676047       109.9715939741      -706.0961443336    102002.7029850788
818000     -6757.6469962008       109.9692323079      -706.0551271265    102002.7029850788
819000     -6757.6713952735       109.9669172893      -706.0351461801    102002.7029850788
820000     -6757.6589923554       109.9683192020      -706.1820001774    102002.7029850788
821000     -6757.6230084717       109.9708524794      -706.2223661452    102002.7029850788
822000     -6757.6362441209       109.9702488859      -706.2691161754    102002.7029850788
823000     -6757.6569193339       109.9681890628      -706.3490448478    102002.7029850788
824000     -6757.6209139545       109.9706183249      -706.3650348346    102002.7029850788
825000     -6757.5966680195       109.9728876074      -706.3642420875    102002.7029850788
826000     -6757.6204062037       109.9695647948      -706.4365221228    102002.7029850788
827000     -6757.6202730338       109.9690896533      -706.5617963237    102002.7029850788
828000     -6757.6601012495       109.9655551882      -706.6560803668    102002.7029850788
829000     -6757.6232300138       109.9685229221      -706.7287301520    102002.7029850788
830000     -6757.6215495983       109.9671078333      -706.7671253029    102002.7029850788
831000     -6757.6328296127       109.9657821944      -706.7456841130    102002.7029850788
832000     -6757.6600176459       109.9633340097      -706.6979235578    102002.7029850788
833000     -6757.6354343496       109.9644178942      -706.8319043009    102002.7029850788
834000     -6757.6270080755       109.9647971420      -706.8342102488    102002.7029850788
835000     -6757.6284520696       109.9639834096      -706.8411751294    102002.7029850788
836000     -6757.6500535815       109.9613098036      -706.7740960951    102002.7029850788
837000     -6757.6489627203       109.9611015024      -706.8499560356    102002.7029850788
838000     -6757.6360623089       109.9615181659      -706.8685770241    102002.7029850788
839000     -6757.6177994486       109.9625143210      -706.9398215936    102002.7029850788
840000     -6757.6134472438       109.9617139975      -707.0281531644    102002.7029850788
841000     -6757.6172905515       109.9601959434      -707.1068961365    102002.7029850788
842000     -6757.6070750964       109.9601557820      -707.0812679250    102002.7029850788
843000     -6757.5827950702       109.9611924477      -707.1335750958    102002.7029850788
844000     -6757.5795076354       109.9610060997      -707.1312664694    102002.7029850788
845000     -6757.5826323962       109.9597750419      -707.2361695591    102002.7029850788
846000     -6757.5937899432       109.9580873298      -707.3012825400    102002.7029850788
847000     -6757.5639628208       109.9602542420      -707.3999850577    102002.7029850788
848000     -6757.5438596926       109.9620739296      -707.4420301576    102002.7029850788
849000     -6757.5525759905       109.9607579912      -707.4402869591    102002.7029850788
850000     -6757.5392352803       109.9611522846      -707.6921161663    102002.7029850788
851000     -6757.5211368484       109.9624596763      -707.7718838869    102002.7029850788
852000     -6757.5191996078       109.9625150490      -707.8297071449    102002.7029850788
853000     -6757.5289761320       109.9602708315      -707.9354999625    102002.7029850788
854000     -6757.5284217706       109.9609732179      -708.0449536286    102002.7029850788
855000     -6757.5226135426       109.9611726853      -708.1017936081    102002.7029850788
856000     -6757.5017681946       109.9623340879      -708.1655159799    102002.7029850788
857000     -6757.4937856036       109.9626634139      -708.4231580096    102002.7029850788
858000     -6757.5071284329       109.9608899060      -708.4401056675    102002.7029850788
859000     -6757.5241192134       109.9589975966      -708.5132035129    102002.7029850788
860000     -6757.5376601990       109.9574677282      -708.5881244078    102002.7029850788
861000     -6757.5384966834       109.9566515172      -708.6267360416    102002.7029850788
862000     -6757.5378738374       109.9554185117      -708.7511218227    102002.7029850788
863000     -6757.5530736718       109.9534354672      -708.9217598602    102002.7029850788
864000     -6757.5448213435       109.9543158414      -709.0602786502    102002.7029850788
865000     -6757.5383934250       109.9555637020      -709.0699728377    102002.7029850788
866000     -6757.5399738302       109.9555002944      -709.1233976325    102002.7029850788
867000     -6757.5809122238       109.9517293807      -709.1242411336    102002.7029850788
868000     -6757.5688130216       109.9523028222      -709.1785860617    102002.7029850788
869000     -6757.5644276421       109.9517624699      -709.2072780015    102002.7029850788
870000     -6757.5220906699       109.9550296822      -709.2793669665    102002.7029850787
871000     -6757.4991195363       109.9564595029      -709.3377297634    102002.7029850787
872000     -6757.4504445829       109.9606575162      -709.4692478440    102002.7029850787
873000     -6757.4667572625       109.9595320692      -709.4753458662    102002.7029850787
874000     -6757.4860911573       109.9574899522      -709.5471124972    102002.7029850787
875000     -6757.4876898822       109.9573420529      -709.5808555884    102002.7029850787
876000     -6757.5041701107       109.9561851379      -709.5944141003    102002.7029850787
877000     -6757.4925751375       109.9566923817      -709.5758804683    102002.7029850787
878000     -6757.4837132435       109.9568388398      -709.6345261667    102002.7029850787
879000     -6757.4456324727       109.9597582979      -709.7368757687    102002.7029850787
880000     -6757.4354999679       109.9612595289      -709.7393308831    102002.7029850787
881000     -6757.4379931741       109.9622351880      -709.8039715498    102002.7029850787
882000     -6757.4362311065       109.9624051306      -709.9558347010    102002.7029850787
883000     -6757.4552476870       109.9612683645      -710.0186029414    102002.7029850787
884000     -6757.4516622659       109.9618292821      -710.0715849697    102002.7029850787
885000     -6757.4166207513       109.9649504828      -710.2197179125    102002.7029850787
886000     -6757.4079666402       109.9657414033      -710.2099775998    102002.7029850787
887000     -6757.4132667855       109.9655090107      -710.2379828028    102002.7029850787
888000     -6757.4386233797       109.9624832982      -710.2946936668    102002.7029850787
889000     -6757.4037051853       109.9650963156      -710.4523009471    102002.7029850787
890000     -6757.3934589537       109.9658817336      -710.5539103518    102002.7029850787
891000     -6757.3846874651       109.9665091406      -710.6300096279    102002.7029850787
892000     -6757.3453024036       109.9699311309      -710.8259198778    102002.7029850787
893000     -6757.3448096242       109.9696869739      -710.7915229221    102002.7029850787
894000     -6757.3391837234       109.9699337293      -710.8509739270    102002.7029850787
895000     -6757.3381042653       109.9695605109      -711.0367693835    102002.7029850787
896000     -6757.3247039943       109.9707390914      -711.0180542960    102002.7029850787
897000     -6757.3103491150       109.9715693189      -711.0697233140    102002.7029850787
898000     -6757.3005375395       109.9726517391      -711.1993921256    102002.7029850787
899000     -6757.2839043027       109.9736677458      -711.2121533979    102002.7029850787
900000     -6757.2719628800       109.9749935437      -711.2617754719    102002.7029850787
901000     -6757.2504008881       109.9773289034      -711.3347932308    102002.7029850787
902000     -6757.2568540063       109.9772908131      -711.4458218273    102002.7029850787
903000     -6757.2780399854       109.9757797340      -711.5173516721    102002.7029850787
904000     -6757.2914134044       109.9743191177      -711.7076590025    102002.7029850787
905000     -6757.2757670860       109.9761826433      -711.9006668973    102002.7029850787
906000     -6757.2574489880       109.9782212567      -712.0327123461    102002.7029850787
907000     -6757.2551592445       109.9777159195      -712.0950836145    102002.7029850787
908000     -6757.2509870168       109.9784165085      -712.1748903083    102002.7029850787
909000     -6757.2356901334       109.9806389101      -712.2973593570    102002.7029850787
910000     -6757.2441762450       109.9803341152      -712.4478293975    102002.7029850787
911000     -6757.2834537668       109.9774911151      -712.6404854940    102002.7029850787
912000     -6757.2862847772       109.9772198004      -712.6504806287    102002.7029850787
913000     -6757.2981811898       109.9763135581      -712.6998347458    102002.7029850787
914000     -6757.2934966962       109.9769703510      -712.8079503456    102002.7029850787
915000     -6757.2693756697       109.9791625141      -712.8848838339    102002.7029850787
916000     -6757.2675116370       109.9797198218      -712.9692112453    102002.7029850787
917000     -6757.2549024655       109.9808340295      -713.0906790626    102002.7029850787
918000     -6757.2448772040       109.9824437515      -713.1965794172    102002.7029850787
919000     -6757.2404391462       109.9828037424      -713.1942636416    102002.7029850787
920000     -6757.2350962985       109.9836429318      -713.2727461464    102002.7029850787
921000     -6757.2291668892       109.9844090964      -713.3189135342    102002.7029850787
922000     -6757.2547938020       109.9821706025      -713.3879079167    102002.7029850787
923000     -6757.2722067871       109.9810240148      -713.4687435711    102002.7029850787
924000     -6757.2844153592       109.9798924132      -713.5178381489    102002.7029850787
925000     -6757.2666455978       109.9819199191      -713.5284041179    102002.7029850787
926000     -6757.2384905205       109.9838284702      -713.5861805665    102002.7029850787
927000     -6757.2341949755       109.9836388988      -713.6265514422    102002.7029850786
928000     -6757.2211310395       109.9842476479      -713.6585787496    102002.7029850786
929000     -6757.2191350193       109.9839555606      -713.6167219423    102002.7029850786
930000     -6757.2171190486       109.9837257257      -713.6471700955    102002.7029850786
931000     -6757.2104111829       109.9838859937      -713.6110141043    102002.7029850786
932000     -6757.2073878418       109.9842630616      -713.5650621956    102002.7029850786
933000     -6757.2287779852       109.9824809309      -713.6045530264    102002.7029850786
934000     -6757.2304917251       109.9825482091      -713.5988316578    102002.7029850786
935000     -6757.2191439999       109.9841967034      -713.6246587080    102002.7029850786
936000     -6757.2017462524       109.9860240278      -713.6345345215    102002.7029850786
937000     -6757.1822148016       109.9882824406      -713.6326465032    102002.7029850786
938000     -6757.1774832516       109.9890172969      -713.6282840026    102002.7029850786
939000     -6757.1699577032       109.9898385218      -713.6680913986    102002.7029850786
940000     -6757.1554493148       109.9908259107      -713.7676792026    102002.7029850786
941000     -6757.1688373538       109.9894509929      -713.8882959086    102002.7029850786
942000     -6757.1430716817       109.9917033384      -713.8965627147    102002.7029850786
943000     -6757.1341869103       109.9917458210      -713.9221111532    102002.7029850786
944000     -6757.1587844397       109.9891041462      -714.0110502271    102002.7029850786
945000     -6757.1650168165       109.9881569837      -714.0265603167    102002.7029850786
946000     -6757.1536726525       109.9884044960      -714.1599629078    102002.7029850786
947000     -6757.1615453587       109.9869696737      -714.2008214244    102002.7029850786
948000     -6757.1593896115       109.9863386798      -714.2450622463    102002.7029850786
949000     -6757.1581268488       109.9858411229      -714.3049862845    102002.7029850786
950000     -6757.1420044569       109.9869748756      -714.3796269467    102002.7029850786
951000     -6757.1425812555       109.9873217466      -714.4689623385    102002.7029850786
952000     -6757.1541863689       109.9857187134      -714.6176149122    102002.7029850786
953000     -6757.1543255549       109.9847247323      -714.7273645033    102002.7029850786
954000     -6757.1500047608       109.9846182840      -714.8028995356    102002.7029850786
955000     -6757.1381605433       109.9852598885      -714.8710025094    102002.7029850786
956000     -6757.1353033071       109.9856036904      -714.8855878352    102002.7029850786
957000     -6757.1083166355       109.9876453064      -714.9086071061    102002.7029850786
958000     -6757.0949901023       109.9886833191      -715.0223394104    102002.7029850786
959000     -6757.0976277362       109.9888898375      -715.0669494780    102002.7029850786
960000     -6757.0794470138       109.9904209830      -715.1748206264    102002.7029850786
961000     -6757.0755177639       109.9901439385      -715.3583488750    102002.7029850786
962000     -6757.0751775472       109.9903822628      -715.3955635766    102002.7029850786
963000     -6757.0883799676       109.9896865703      -715.4355311913    102002.7029850786
964000     -6757.0485898756       109.9925362643      -715.5247087341    102002.7029850786
965000     -6757.0408409539       109.9934204156      -715.5847015221    102002.7029850786
966000     -6757.0108478428       109.9952764582      -715.6806917775    102002.7029850786
967000     -6756.9868624946       109.9968305099      -715.7191225190    102002.7029850786
968000     -6756.9911262240       109.9955652377      -715.7600057382    102002.7029850786
969000     -6757.0044156345       109.9933912280      -715.7947711758    102002.7029850786
970000     -6757.0042641523       109.9937315288      -715.8059472084    102002.7029850786
971000     -6756.9987268829       109.9930181956      -715.8266546666    102002.7029850786
972000     -6757.0131406336       109.9911578703      -715.8636012611    102002.7029850786
973000     -6757.0042381516       109.9912756286      -715.8814726419    102002.7029850786
974000     -6757.0130138424       109.9906557691      -715.8660176561    102002.7029850786
975000     -6757.0149116776       109.9901171859      -715.9376836516    102002.7029850786
976000     -6757.0353535109       109.9879239114      -715.9531405669    102002.7029850786
977000     -6757.0327547021       109.9876058623      -715.9209892003    102002.7029850786
978000     -6757.0376293064       109.9874790505      -715.9505666907    102002.7029850786
979000     -6757.0446456980       109.9865209049      -716.0322548840    102002.7029850786
980000     -6757.0501931947       109.9862174645      -716.0238127875    102002.7029850786
981000     -6757.0375858496       109.9864250882      -716.0768607035    102002.7029850786
982000     -6757.0247143166       109.9874725309      -716.1059569958    102002.7029850786
983000     -6757.0071723073       109.9888258046      -716.1229462068    102002.7029850786
984000     -6756.9933165409       109.9907445561      -716.1044526490    102002.7029850786
985000     -6756.9806845547       109.9915804926      -716.1509135731    102002.7029850786
986000     -6756.9703316363       109.9920601136      -716.1626824692    102002.7029850786
987000     -6756.9691546377       109.9926647628      -716.0817946999    102002.7029850786
988000     -6756.9550698185       109.9940777945      -716.1843983308    102002.7029850786
989000     -6756.9467625421       109.9954550494      -716.2027511566    102002.7029850786
990000     -6756.9331087142       109.9965394845      -716.1909592326    102002.7029850786
991000     -6756.9545408941       109.9943129978      -716.1761998712    102002.7029850786
992000     -6756.9578731228       109.9941620129      -716.1465460242    102002.7029850786
993000     -6756.9321070512       109.9966927712      -716.1389243341    102002.7029850786
994000     -6756.9257299049       109.9974912863      -716.2033386094    102002.7029850786
995000     -6756.9330176608       109.9969796069      -716.2851488961    102002.7029850786
996000     -6756.9314941731       109.9978561763      -716.3096683588    102002.7029850786
997000     -6756.9111519282       109.9997015950      -716.3993380342    102002.7029850786
998000     -6756.8993395033       110.0004203258      -716.4141365784    102002.7029850786
999000     -6756.8780300890       110.0020881336      -716.4558414491    102002.7029850786
1000000     -6756.8563049771       110.0036999625      -716.5106762447    102002.7029850786
