# Time-averaged data for fix runningavgs
# TimeStep v_ra_etotal v_ra_temp v_ra_press v_ra_volume
502000     -6865.1582831208        90.3544324930      -647.3354894689    102002.7029850792
503000     -6864.5815409980        90.4130834784      -658.6939242911    102002.7029850792
504000     -6863.0676757221        90.5639314279      -671.1753886777    102002.7029850792
505000     -6864.1679192273        90.4602736276      -669.5445701392    102002.7029850792
506000     -6863.0165949416        90.5613441637      -670.2545438150    102002.7029850792
507000     -6864.1739904066        90.4601574738      -670.9227035391    102002.7029850792
508000     -6863.0950454711        90.5638796788      -673.9928101450    102002.7029850792
509000     -6862.0434449659        90.6590140715      -672.7381106382    102002.7029850792
510000     -6861.8867742418        90.6625527683      -673.2427846541    102002.7029850792
511000     -6861.7544791886        90.6706863789      -676.6287837249    102002.7029850792
512000     -6861.6089037248        90.6944669635      -677.1958747335    102002.7029850792
513000     -6861.6443339251        90.6960398898      -676.7219275592    102002.7029850792
514000     -6861.5089018894        90.7203964658      -676.7063198336    102002.7029850792
515000     -6861.7088418763        90.7010008350      -677.9517305515    102002.7029850792
516000     -6861.6296269230        90.7118683228      -677.1759038295    102002.7029850792
517000     -6861.6067655036        90.7175428134      -677.6811953685    102002.7029850792
518000     -6861.8954549286        90.6947391477      -678.3058094033    102002.7029850792
519000     -6861.8064886448        90.7036126019      -678.2126626671    102002.7029850792
520000     -6861.8446345856        90.7043896461      -677.4485605718    102002.7029850792
521000     -6861.6500157891        90.7268347906      -677.1183649466    102002.7029850792
522000     -6861.0746631292        90.7850165554      -677.5885282492    102002.7029850792
523000     -6860.8736775724        90.8011388978      -677.3011409656    102002.7029850792
524000     -6860.9262313517        90.7994210698      -676.8435109040    102002.7029850792
525000     -6860.7937155868        90.8134280939      -677.1437808164    102002.7029850792
526000     -6860.6138841863        90.8299892259      -677.7051526370    102002.7029850792
527000     -6860.3154261078        90.8601933862      -677.4223443587    102002.7029850792
528000     -6860.0442439787        90.8868667565      -677.6849278157    102002.7029850792
529000     -6859.8101982122        90.9114133988      -677.5678901288    102002.7029850792
530000     -6859.5529913883        90.9350109022      -677.0971302942    102002.7029850792
531000     -6859.3678444203        90.9497794410      -677.5376348514    102002.7029850792
532000     -6859.4620385544        90.9419176847      -676.9985805009    102002.7029850792
533000     -6859.5620591355        90.9292848464      -676.6202169716    102002.7029850792
534000     -6859.4997088552        90.9360258245      -676.3173573479    102002.7029850792
535000     -6859.3455719336        90.9497060805      -675.8310140263    102002.7029850792
536000     -6859.3021836881        90.9541245652      -675.1149898909    102002.7029850792
537000     -6859.4818141596        90.9393048198      -674.7761465670    102002.7029850792
538000     -6859.4299471245        90.9429004414      -675.0628892643    102002.7029850792
539000     -6859.4543600993        90.9419664256      -674.3026223467    102002.7029850791
540000     -6859.1657317002        90.9676131856      -674.4173379145    102002.7029850791
541000     -6859.0715941103        90.9770497922      -674.2248379381    102002.7029850791
542000     -6859.1746864862        90.9679391202      -673.8570812826    102002.7029850791
543000     -6859.2988682311        90.9561865183      -674.0245098764    102002.7029850791
544000     -6859.5051550989        90.9361774762      -674.1486973698    102002.7029850791
545000     -6859.4117035368        90.9465130117      -673.9566659611    102002.7029850791
546000     -6859.2066421427        90.9641143558      -673.7990604344    102002.7029850791
547000     -6859.0567480278        90.9797200230      -673.5791475329    102002.7029850791
548000     -6858.9060842467        90.9946761108      -674.0390884465    102002.7029850791
549000     -6858.7839536822        91.0067053396      -673.9055745660    102002.7029850791
550000     -6858.7471342542        91.0105984195      -673.3177157968    102002.7029850791
551000     -6858.7040852501        91.0135345457      -673.0599530987    102002.7029850791
552000     -6858.5944976006        91.0245963564      -673.0114149702    102002.7029850791
553000     -6858.7489275638        91.0096929453      -672.7233663889    102002.7029850791
554000     -6858.8445514521        90.9999667471      -672.6691089699    102002.7029850791
555000     -6858.8566723821        90.9974011193      -672.8845507566    102002.7029850791
556000     -6858.9480307672        90.9878756278      -672.8124282230    102002.7029850791
557000     -6858.9621798755        90.9872264602      -672.2928278206    102002.7029850791
558000     -6858.8570533793        90.9969389033      -672.2768142628    102002.7029850791
559000     -6858.8883198993        90.9951386051      -672.2519153303    102002.7029850791
560000     -6858.8459807869        90.9995402015      -672.1147453851    102002.7029850791
561000     -6858.9000634174        90.9937706845      -672.3201762202    102002.7029850791
562000     -6858.7996697853        91.0043392102      -672.7100073245    102002.7029850791
563000     -6858.7236127316        91.0114182640      -672.7919451946    102002.7029850791
564000     -6858.7843159141        91.0060567853      -672.7089886940    102002.7029850791
565000     -6858.8937965856        90.9952803432      -672.6661145063    102002.7029850791
566000     -6858.9743289779        90.9871813534      -672.8263899028    102002.7029850791
567000     -6859.0593987105        90.9797708559      -672.7050206704    102002.7029850791
568000     -6859.1551945402        90.9687095406      -672.4412970507    102002.7029850791
569000     -6859.1336875224        90.9695402773      -672.4800364463    102002.7029850791
570000     -6859.1712410477        90.9656827961      -672.5787970669    102002.7029850791
571000     -6859.0483584501        90.9770685555      -672.3519417791    102002.7029850791
572000     -6859.0113027115        90.9817417999      -672.1184625492    102002.7029850791
573000     -6858.8942171692        90.9929440518      -672.2088586753    102002.7029850791
574000     -6858.8100636213        91.0013554937      -672.0579291359    102002.7029850791
575000     -6858.7743072490        91.0042056306      -671.5467464833    102002.7029850791
576000     -6858.8118646052        91.0010651737      -671.1258957277    102002.7029850791
577000     -6858.9044920633        90.9933620776      -670.9530577842    102002.7029850791
578000     -6858.9777278889        90.9867415848      -670.6623553725    102002.7029850791
579000     -6858.9910435327        90.9856296196      -670.2530661419    102002.7029850791
580000     -6858.9266657456        90.9927959721      -670.3655619467    102002.7029850791
581000     -6858.8075946139        91.0049407758      -670.5183595497    102002.7029850791
582000     -6858.7975046525        91.0068196277      -670.1136922233    102002.7029850791
583000     -6858.6888896666        91.0169644820      -669.6865959840    102002.7029850791
584000     -6858.6812292689        91.0169177578      -669.3929299075    102002.7029850791
585000     -6858.6106395147        91.0243722232      -669.1443479432    102002.7029850791
586000     -6858.5426103048        91.0317255999      -668.6149027829    102002.7029850791
587000     -6858.5404547306        91.0311112965      -668.3994992852    102002.7029850791
588000     -6858.5258662058        91.0328414607      -668.2891412455    102002.7029850791
589000     -6858.5475787783        91.0307926495      -667.8698873339    102002.7029850791
590000     -6858.5437112335        91.0304062967      -667.5328963297    102002.7029850791
591000     -6858.5355005244        91.0298440433      -667.6219593491    102002.7029850792
592000     -6858.5877768301        91.0247128340      -667.5656395214    102002.7029850792
593000     -6858.7006288074        91.0139784186      -667.3540335379    102002.7029850792
594000     -6858.7171420845        91.0120015542      -667.1713612074    102002.7029850792
595000     -6858.6957945903        91.0140925115      -666.8918349956    102002.7029850792
596000     -6858.7274675872        91.0101851413      -666.6229243740    102002.7029850792
597000     -6858.7488629052        91.0079213040      -666.3741630761    102002.7029850792
598000     -6858.8605282618        90.9975843582      -666.1567689219    102002.7029850792
599000     -6858.8347489192        90.9990314414      -665.9291400955    102002.7029850792
600000     -6858.8695916282        90.9951957748      -665.6204656876    102002.7029850792
601000     -6858.9444936258        90.9878763399      -665.3917147049    102002.7029850792
602000     -6858.9270782490        90.9891475737      -665.2282126105    102002.7029850792
603000     -6858.8836735835        90.9927032161      -665.0970872051    102002.7029850792
604000     -6858.8172945230        90.9987318484      -664.8509395147    102002.7029850793
605000     -6858.8448647581        90.9963617159      -664.6266332325    102002.7029850793
606000     -6858.9071685316        90.9906396337      -664.5222702526    102002.7029850793
607000     -6858.9409056970        90.9871996708      -664.2692595050    102002.7029850793
608000     -6858.8968649572        90.9914998780      -663.9883973210    102002.7029850793
609000     -6858.8857002334        90.9921853859      -663.9711692179    102002.7029850793
610000     -6858.8841662158        90.9925152853      -663.9802704823    102002.7029850793
611000     -6858.7939874602        91.0016888321      -663.9373086335    102002.7029850793
612000     -6858.7639433925        91.0041968999      -663.9398681567    102002.7029850793
613000     -6858.6967873625        91.0107993171      -663.8039458031    102002.7029850793
614000     -6858.6784525290        91.0130676276      -663.7646259490    102002.7029850793
615000     -6858.7378742755        91.0072634309      -663.8043445711    102002.7029850793
616000     -6858.7546643697        91.0050903580      -663.7900821432    102002.7029850793
617000     -6858.7093573348        91.0096935019      -663.6881979279    102002.7029850793
618000     -6858.7357148814        91.0071589924      -663.7191077117    102002.7029850793
619000     -6858.7939496887        91.0014674347      -663.5932789353    102002.7029850793
620000     -6858.8330251736        90.9970089767      -663.5028319348    102002.7029850793
621000     -6858.8090627538        90.9994055126      -663.3539067954    102002.7029850793
622000     -6858.7842058532        91.0021920850      -663.3366274913    102002.7029850794
623000     -6858.7467880939        91.0051342342      -663.2764289434    102002.7029850794
624000     -6858.8117911371        90.9983833354      -663.1028120063    102002.7029850794
625000     -6858.8370915502        90.9966357646      -663.1233347959    102002.7029850794
626000     -6858.8267218116        90.9975005455      -663.1379427040    102002.7029850794
627000     -6858.8161864959        90.9979396926      -663.0214179176    102002.7029850794
628000     -6858.8839751398        90.9914608042      -662.8545473101    102002.7029850794
629000     -6858.9514877635        90.9851239817      -662.8809812365    102002.7029850794
630000     -6858.9657312593        90.9835538185      -662.8190795980    102002.7029850794
631000     -6858.9697084249        90.9831166306      -662.6496327892    102002.7029850794
632000     -6859.0168257846        90.9785122018      -662.5482720296    102002.7029850794
633000     -6859.0658969961        90.9735245361      -662.4606542721    102002.7029850794
634000     -6859.0740792340        90.9718870166      -662.2717621608    102002.7029850794
635000     -6859.1091885019        90.9681967589      -662.0270106774    102002.7029850794
636000     -6859.0842795247        90.9700851750      -661.9264004416    102002.7029850794
637000     -6859.0019324909        90.9772130407      -661.8957542881    102002.7029850794
638000     -6858.9804539621        90.9785167682      -661.6511026996    102002.7029850794
639000     -6858.9506168001        90.9806692704      -661.6176358886    102002.7029850794
640000     -6858.9393098007        90.9816363626      -661.5885112939    102002.7029850794
641000     -6858.9515191321        90.9797783461      -661.5883999375    102002.7029850794
642000     -6858.9861579256        90.9762319250      -661.4699810060    102002.7029850794
643000     -6859.0347405705        90.9716688234      -661.4389347722    102002.7029850794
644000     -6859.0196200460        90.9725563373      -661.5286643833    102002.7029850794
645000     -6858.9718720507        90.9763294956      -661.4631807178    102002.7029850794
646000     -6858.9395992380        90.9793442859      -661.5180697774    102002.7029850795
647000     -6858.8947959304        90.9841194620      -661.5269388457    102002.7029850795
648000     -6858.8946667699        90.9833930851      -661.5778695235    102002.7029850795
649000     -6858.9767345376        90.9755980758      -661.5596429628    102002.7029850795
650000     -6859.0058278731        90.9727354556      -661.4297972231    102002.7029850795
651000     -6858.9771534516        90.9757156403      -661.2350637057    102002.7029850795
652000     -6858.9162164252        90.9810295627      -661.1125528973    102002.7029850795
653000     -6858.8947426541        90.9829260270      -660.9831294014    102002.7029850795
654000     -6858.8651860189        90.9868786058      -660.9101617296    102002.7029850795
655000     -6858.8284448740        90.9898155344      -660.7893571959    102002.7029850795
656000     -6858.7891437991        90.9936392684      -660.6917959163    102002.7029850795
657000     -6858.7935491189        90.9931940851      -660.6710859355    102002.7029850795
658000     -6858.8486201652        90.9880769946      -660.5322209131    102002.7029850795
659000     -6858.8443246368        90.9882922253      -660.3483788447    102002.7029850795
660000     -6858.8279417491        90.9898169000      -660.2231246992    102002.7029850795
661000     -6858.8047327572        90.9919923297      -660.1033779946    102002.7029850795
662000     -6858.8147016056        90.9909979781      -659.9158058758    102002.7029850795
663000     -6858.8182394883        90.9902502398      -659.9157140801    102002.7029850795
664000     -6858.8071338972        90.9913843631      -659.7628114811    102002.7029850795
665000     -6858.8359353953        90.9889772009      -659.7445843894    102002.7029850795
666000     -6858.8613259089        90.9868097313      -659.6972304403    102002.7029850795
667000     -6858.8383061017        90.9893156557      -659.5205359821    102002.7029850795
668000     -6858.7923763846        90.9938282566      -659.3497110603    102002.7029850795
669000     -6858.8293468996        90.9905927493      -659.1844561062    102002.7029850795
670000     -6858.8414606677        90.9889045791      -659.0999178977    102002.7029850795
671000     -6858.8902727900        90.9841843290      -658.9168557881    102002.7029850795
672000     -6858.8364419660        90.9898046680      -658.7983137072    102002.7029850795
673000     -6858.8025561229        90.9929442560      -658.6814255899    102002.7029850795
674000     -6858.8046510603        90.9928967948      -658.5359797392    102002.7029850794
675000     -6858.7975134830        90.9930103210      -658.3750538814    102002.7029850794
676000     -6858.8460403223        90.9887269714      -658.1491578882    102002.7029850794
677000     -6858.8510076088        90.9882156496      -658.1223862907    102002.7029850794
678000     -6858.8668006038        90.9868942450      -658.0431341967    102002.7029850794
679000     -6858.9120967001        90.9823286732      -657.9889420689    102002.7029850794
680000     -6858.9433904722        90.9797538039      -657.9148713616    102002.7029850794
681000     -6858.9334659926        90.9806619847      -657.9427838350    102002.7029850794
682000     -6858.9066617406        90.9830690654      -657.8402256785    102002.7029850794
683000     -6858.9134232893        90.9824468621      -657.8052832292    102002.7029850794
684000     -6858.9196207255        90.9817813085      -657.9256557896    102002.7029850794
685000     -6858.9004989443        90.9836960544      -657.9537381153    102002.7029850794
686000     -6858.8715612556        90.9865914404      -657.9332998366    102002.7029850794
687000     -6858.8342214631        90.9899182201      -657.8584497063    102002.7029850794
688000     -6858.8374170201        90.9895056351      -657.8876969147    102002.7029850793
689000     -6858.8501980065        90.9877913191      -657.8410123848    102002.7029850793
690000     -6858.8313106130        90.9892854341      -657.7134236498    102002.7029850793
691000     -6858.8047123748        90.9920016259      -657.7855759697    102002.7029850793
692000     -6858.7938307413        90.9933025582      -657.8813282970    102002.7029850793
693000     -6858.7898679758        90.9934805873      -657.8959183968    102002.7029850793
694000     -6858.8599617538        90.9870856375      -657.8274640255    102002.7029850793
695000     -6858.8680357085        90.9864659555      -657.8580288829    102002.7029850793
696000     -6858.8887996748        90.9845726127      -657.8822737839    102002.7029850793
697000     -6858.9104020822        90.9830731466      -657.8780271320    102002.7029850793
698000     -6858.8909864450        90.9851995469      -657.8365171214    102002.7029850793
699000     -6858.8976742073        90.9848648905      -657.8434267879    102002.7029850793
700000     -6858.9025847472        90.9844179017      -657.9003091560    102002.7029850793
701000     -6858.8786911999        90.9869967784      -657.9242598164    102002.7029850793
702000     -6858.8728467189        90.9877896544      -657.9256494912    102002.7029850793
703000     -6858.8287293087        90.9924972822      -658.0093696299    102002.7029850793
704000     -6858.8196771238        90.9936101266      -657.9982051172    102002.7029850792
705000     -6858.7950238380        90.9966093317      -657.9641212728    102002.7029850792
706000     -6858.7739939488        90.9984951242      -658.0758032774    102002.7029850792
707000     -6858.7669894565        90.9995617925      -658.1118647651    102002.7029850792
708000     -6858.7645759926        91.0004147879      -658.1143034040    102002.7029850792
709000     -6858.7392419124        91.0030154664      -658.1668438888    102002.7029850792
710000     -6858.7251681478        91.0043725850      -658.1937556220    102002.7029850792
711000     -6858.7447627474        91.0026380143      -658.1865724895    102002.7029850792
712000     -6858.7885125474        90.9980104980      -658.0925087192    102002.7029850792
713000     -6858.7852203360        90.9982967338      -658.1161871219    102002.7029850792
714000     -6858.7780900284        90.9994250155      -658.0982055317    102002.7029850792
715000     -6858.7850014750        90.9989733655      -658.0140718476    102002.7029850792
716000     -6858.8083929141        90.9966222344      -657.9216627654    102002.7029850792
717000     -6858.8185519946        90.9955311679      -657.8454092207    102002.7029850792
718000     -6858.8014972342        90.9971250480      -657.7956525080    102002.7029850792
719000     -6858.7889484699        90.9983021529      -657.7017484651    102002.7029850792
720000     -6858.8329703126        90.9942397757      -657.6856847021    102002.7029850792
721000     -6858.8491510852        90.9929369853      -657.7571607801    102002.7029850792
722000     -6858.8184371362        90.9961627398      -657.6786811144    102002.7029850792
723000     -6858.7893122264        90.9985735805      -657.6052886426    102002.7029850792
724000     -6858.7900396605        90.9989760875      -657.4897141619    102002.7029850791
725000     -6858.8315694599        90.9951767284      -657.3728467384    102002.7029850791
726000     -6858.8568559312        90.9924412579      -657.2481155918    102002.7029850791
727000     -6858.8817396190        90.9904781507      -657.1415577739    102002.7029850791
728000     -6858.8865652537        90.9900233045      -657.1631619317    102002.7029850791
729000     -6858.8671305225        90.9921532291      -657.1011616302    102002.7029850791
730000     -6858.8348509752        90.9954478853      -656.9420473232    102002.7029850791
731000     -6858.8489777209        90.9942485911      -656.8730772360    102002.7029850791
732000     -6858.8837127755        90.9909267361      -656.8124577673    102002.7029850791
733000     -6858.8733689494        90.9922659525      -656.7133022338    102002.7029850791
734000     -6858.8529752337        90.9942430579      -656.7185629967    102002.7029850791
735000     -6858.8618379421        90.9933475087      -656.7191964367    102002.7029850791
736000     -6858.8757213318        90.9919364004      -656.6869694328    102002.7029850791
737000     -6858.8373057478        90.9954605519      -656.6550705208    102002.7029850791
738000     -6858.8678289303        90.9921907192      -656.7118771160    102002.7029850791
739000     -6858.8755346140        90.9910833506      -656.7860846623    102002.7029850791
740000     -6858.8938391110        90.9894333787      -656.7889495773    102002.7029850791
741000     -6858.9168891043        90.9876242326      -656.7522847028    102002.7029850791
742000     -6858.8733185362        90.9918021393      -656.7852905130    102002.7029850791
743000     -6858.8708185181        90.9919394678      -656.8212987638    102002.7029850791
744000     -6858.9112710087        90.9881350737      -656.8782021179    102002.7029850791
745000     -6858.9245201316        90.9867897023      -656.9343797963    102002.7029850791
746000     -6858.9322371671        90.9861909037      -656.9835515254    102002.7029850791
747000     -6858.9211680912        90.9871752022      -657.0280220622    102002.7029850791
748000     -6858.8696071612        90.9924983966      -657.0087056012    102002.7029850790
749000     -6858.8513279066        90.9941872883      -656.9813739682    102002.7029850790
750000     -6858.8229204371        90.9966435057      -656.9420770046    102002.7029850790
751000     -6858.8125718619        90.9976767792      -656.8586280080    102002.7029850790
752000     -6858.7839441105        91.0006588583      -656.8278508637    102002.7029850790
753000     -6858.7691886382        91.0016749672      -656.8030016999    102002.7029850790
754000     -6858.7647570366        91.0024782465      -656.7541656343    102002.7029850790
755000     -6858.7398697384        91.0047622904      -656.6873847718    102002.7029850790
756000     -6858.7162102649        91.0070856978      -656.6359410213    102002.7029850790
757000     -6858.7080258091        91.0078788539      -656.5417909452    102002.7029850790
758000     -6858.6943427532        91.0091174733      -656.4667212204    102002.7029850790
759000     -6858.6847788594        91.0099194319      -656.3922829766    102002.7029850790
760000     -6858.6729219973        91.0111985324      -656.3650084826    102002.7029850790
761000     -6858.6737507726        91.0110772486      -656.2758070143    102002.7029850790
762000     -6858.6960054736        91.0086088867      -656.2415233048    102002.7029850790
763000     -6858.7145272627        91.0070121264      -656.2210651067    102002.7029850790
764000     -6858.6981961403        91.0084776388      -656.1431601375    102002.7029850790
765000     -6858.6878021880        91.0092728412      -656.1143699438    102002.7029850790
766000     -6858.6490029705        91.0127954348      -656.0454896003    102002.7029850790
767000     -6858.6333362702        91.0142079503      -655.9767758871    102002.7029850790
768000     -6858.6263494066        91.0146071262      -655.8854177814    102002.7029850790
769000     -6858.6277586595        91.0140925540      -655.7848191868    102002.7029850790
770000     -6858.6569448627        91.0115667275      -655.6912649054    102002.7029850790
771000     -6858.6914595157        91.0083420892      -655.6739785834    102002.7029850790
772000     -6858.6885119997        91.0085527478      -655.6312240338    102002.7029850790
773000     -6858.6621619765        91.0109105904      -655.5732385284    102002.7029850790
774000     -6858.6579907437        91.0112775638      -655.5526293750    102002.7029850790
775000     -6858.6332468104        91.0135695447      -655.5509810992    102002.7029850790
776000     -6858.6292071670        91.0138388342      -655.5103258749    102002.7029850790
777000     -6858.5897889006        91.0174674000      -655.5043749820    102002.7029850789
778000     -6858.5854016183        91.0180134581      -655.5495404264    102002.7029850789
779000     -6858.5925250779        91.0171270039      -655.5843393255    102002.7029850789
780000     -6858.5978967983        91.0167995302      -655.5567117120    102002.7029850789
781000     -6858.5995071307        91.0162786716      -655.6043196152    102002.7029850789
782000     -6858.5884244929        91.0172515758      -655.6080179604    102002.7029850789
783000     -6858.5881455695        91.0173382857      -655.6156858780    102002.7029850789
784000     -6858.5621376667        91.0200695825      -655.6243674656    102002.7029850789
785000     -6858.5582980342        91.0206561899      -655.6403914254    102002.7029850789
786000     -6858.5507176360        91.0215535776      -655.6866340594    102002.7029850789
787000     -6858.5254296159        91.0241280405      -655.7176057734    102002.7029850789
788000     -6858.5360045215        91.0227592970      -655.7850443045    102002.7029850789
789000     -6858.5736724256        91.0194519009      -655.7713054892    102002.7029850789
790000     -6858.5793627669        91.0187551396      -655.8177394729    102002.7029850789
791000     -6858.5986580441        91.0172574778      -655.8143267671    102002.7029850789
792000     -6858.5985749729        91.0174122639      -655.8273705936    102002.7029850789
793000     -6858.6033786191        91.0168394677      -655.8434917323    102002.7029850789
794000     -6858.6131894757        91.0161519212      -655.9120592909    102002.7029850789
795000     -6858.5867235069        91.0189321054      -655.9958123158    102002.7029850789
796000     -6858.5841536235        91.0190959313      -656.0000276145    102002.7029850789
797000     -6858.5470402934        91.0226410342      -656.1111846409    102002.7029850789
798000     -6858.5524804642        91.0223369523      -656.1457570331    102002.7029850789
799000     -6858.5671471527        91.0212443235      -656.1834838570    102002.7029850789
800000     -6858.5981482782        91.0182421351      -656.2310223551    102002.7029850789
801000     -6858.6221314838        91.0159507446      -656.2837460881    102002.7029850789
802000     -6858.6167322473        91.0169840040      -656.3209322271    102002.7029850789
803000     -6858.6078008265        91.0178807618      -656.3589017186    102002.7029850789
804000     -6858.6036504823        91.0182773128      -656.4325745807    102002.7029850789
805000     -6858.5863924804        91.0201095822      -656.4482150468    102002.7029850789
806000     -6858.6106181259        91.0180115973      -656.5377180400    102002.7029850789
807000     -6858.6274553017        91.0165027571      -656.6374751232    102002.7029850789
808000     -6858.6250785102        91.0168078797      -656.7377498016    102002.7029850789
809000     -6858.5969991962        91.0195548568      -656.8553298992    102002.7029850789
810000     -6858.6010971614        91.0192657057      -656.9295222864    102002.7029850789
811000     -6858.5661069820        91.0223281271      -656.9243572508    102002.7029850789
812000     -6858.5510200582        91.0236040506      -656.8979654162    102002.7029850789
813000     -6858.5482302431        91.0238584991      -656.9411878442    102002.7029850789
814000     -6858.5105618681        91.0274424629      -656.9502525760    102002.7029850789
815000     -6858.4909943062        91.0288589802      -656.9991572493    102002.7029850788
816000     -6858.4562830013        91.0322283455      -657.0431889843    102002.7029850788
817000     -6858.4510138378        91.0326820735      -657.0364778473    102002.7029850788
818000     -6858.4536217753        91.0321688267      -657.0268500461    102002.7029850788
819000     -6858.4695334312        91.0304748894      -657.0400143440    102002.7029850788
820000     -6858.4958325294        91.0278784949      -657.0322865763    102002.7029850788
821000     -6858.4996307058        91.0273496892      -657.0503397100    102002.7029850788
822000     -6858.5305292129        91.0240049818      -657.0784711466    102002.7029850788
823000     -6858.5240367416        91.0250260170      -657.0001743128    102002.7029850788
824000     -6858.5027210415        91.0270735182      -657.0632445600    102002.7029850788
825000     -6858.4890549205        91.0282475048      -657.0609932731    102002.7029850788
826000     -6858.4591883850        91.0311730769      -656.9916923836    102002.7029850788
827000     -6858.4617662658        91.0312256785      -656.9453667527    102002.7029850788
828000     -6858.4678301763        91.0305185934      -657.0078074165    102002.7029850788
829000     -6858.4911744004        91.0285179958      -656.9915354268    102002.7029850788
830000     -6858.5042068591        91.0272669488      -656.9629679641    102002.7029850788
831000     -6858.5117544326        91.0266832005      -656.9868419890    102002.7029850788
832000     -6858.5231237094        91.0256822463      -657.0200245258    102002.7029850788
833000     -6858.5144442264        91.0263538761      -656.9740213369    102002.7029850788
834000     -6858.5144786860        91.0263499383      -656.9803671422    102002.7029850788
835000     -6858.5081211800        91.0270057933      -657.0966285630    102002.7029850788
836000     -6858.4868983390        91.0290847552      -657.1338342262    102002.7029850788
837000     -6858.4806836966        91.0298039867      -657.1254887189    102002.7029850788
838000     -6858.4947532854        91.0283926251      -657.1551198556    102002.7029850788
839000     -6858.5209352186        91.0257307968      -657.2247832065    102002.7029850788
840000     -6858.5289474856        91.0251733663      -657.2178945884    102002.7029850788
841000     -6858.5199573599        91.0259522122      -657.2654840683    102002.7029850788
842000     -6858.5083232928        91.0271391564      -657.3277210697    102002.7029850788
843000     -6858.5060472394        91.0271400484      -657.4088094139    102002.7029850788
844000     -6858.5329601488        91.0247555959      -657.3790790165    102002.7029850788
845000     -6858.5239777159        91.0255196039      -657.3670715870    102002.7029850788
846000     -6858.5231368462        91.0251292362      -657.4397322796    102002.7029850788
847000     -6858.5500018635        91.0225020991      -657.4751317369    102002.7029850788
848000     -6858.5634907104        91.0212867954      -657.3885847203    102002.7029850788
849000     -6858.5668369887        91.0205408523      -657.4222027986    102002.7029850788
850000     -6858.5541200798        91.0214173387      -657.4373796227    102002.7029850788
851000     -6858.5357558973        91.0236130132      -657.4060709545    102002.7029850788
852000     -6858.5269328856        91.0241773974      -657.4371034908    102002.7029850788
853000     -6858.4987699897        91.0263165365      -657.4703792660    102002.7029850788
854000     -6858.4802508713        91.0280706414      -657.4376300491    102002.7029850788
855000     -6858.4765413009        91.0286519463      -657.3550561709    102002.7029850788
856000     -6858.4698044605        91.0288304075      -657.3244512653    102002.7029850788
857000     -6858.4809507757        91.0280615939      -657.2408971578    102002.7029850788
858000     -6858.4750470967        91.0284984822      -657.1951098974    102002.7029850788
859000     -6858.4763447611        91.0284586018      -657.1474529979    102002.7029850788
860000     -6858.4590948732        91.0298878307      -657.1033186286    102002.7029850788
861000     -6858.4514137183        91.0303252826      -657.0695312806    102002.7029850788
862000     -6858.4484296923        91.0306306064      -657.0130409793    102002.7029850788
863000     -6858.4164752021        91.0336912649      -656.9738627114    102002.7029850788
864000     -6858.4050530928        91.0347396106      -656.9274791130    102002.7029850788
865000     -6858.3923580214        91.0360177252      -656.9085539144    102002.7029850788
866000     -6858.3863685781        91.0367164637      -656.8606786593    102002.7029850788
867000     -6858.3732593691        91.0380912523      -656.7958247841    102002.7029850788
868000     -6858.3977246343        91.0355923989      -656.7604907513    102002.7029850788
869000     -6858.3866688184        91.0366646175      -656.7748857669    102002.7029850788
870000     -6858.3911938179        91.0363402398      -656.7283870929    102002.7029850787
871000     -6858.3909243334        91.0364781179      -656.7310970724    102002.7029850787
872000     -6858.4083977275        91.0348988807      -656.6909967426    102002.7029850787
873000     -6858.4110939805        91.0347495022      -656.6872466221    102002.7029850787
874000     -6858.4105223329        91.0346375488      -656.6630040429    102002.7029850787
875000     -6858.4161352264        91.0339632007      -656.5945883733    102002.7029850787
876000     -6858.4088967659        91.0347578677      -656.5718263261    102002.7029850787
877000     -6858.3877182428        91.0367434178      -656.6240640315    102002.7029850787
878000     -6858.3740770472        91.0380705310      -656.6657760020    102002.7029850787
879000     -6858.3770719720        91.0377585762      -656.6322547760    102002.7029850787
880000     -6858.3600695212        91.0393218309      -656.6690316922    102002.7029850787
881000     -6858.3610677021        91.0394112483      -656.7266860988    102002.7029850787
882000     -6858.3725230613        91.0384000239      -656.6831635163    102002.7029850787
883000     -6858.3671066091        91.0389483937      -656.6998322371    102002.7029850787
884000     -6858.3690366531        91.0389759544      -656.7448426674    102002.7029850787
885000     -6858.3577672756        91.0400138556      -656.7537885431    102002.7029850787
886000     -6858.3551355394        91.0403456051      -656.7818984345    102002.7029850787
887000     -6858.3529807987        91.0404901126      -656.8081781235    102002.7029850787
888000     -6858.3563120372        91.0401225838      -656.7969382531    102002.7029850787
889000     -6858.3593608339        91.0397690291      -656.7986920663    102002.7029850787
890000     -6858.3312818983        91.0424087829      -656.7977538634    102002.7029850787
891000     -6858.3254856823        91.0429332678      -656.8064428682    102002.7029850787
892000     -6858.3095218864        91.0447149794      -656.8466830694    102002.7029850787
893000     -6858.3171797808        91.0436785380      -656.8596965760    102002.7029850787
894000     -6858.3091399421        91.0444438707      -656.8205956949    102002.7029850787
895000     -6858.3011912410        91.0453605404      -656.8313253906    102002.7029850787
896000     -6858.3098160341        91.0446007372      -656.8574339454    102002.7029850787
897000     -6858.3211761341        91.0434183103      -656.8520453015    102002.7029850787
898000     -6858.3275518141        91.0429484934      -656.8605952025    102002.7029850787
899000     -6858.3326531550        91.0425497920      -656.8774153359    102002.7029850787
900000     -6858.3055710685        91.0450435449      -656.9016353946    102002.7029850787
901000     -6858.3207888059        91.0433649446      -656.8894482967    102002.7029850787
902000     -6858.3259219869        91.0428585549      -656.8883196676    102002.7029850787
903000     -6858.3493907770        91.0408276039      -656.9210069582    102002.7029850787
904000     -6858.3466780248        91.0410981597      -656.8731529098    102002.7029850787
905000     -6858.3560188487        91.0400650680      -656.8459265262    102002.7029850787
906000     -6858.3741345187        91.0382117665      -656.8596795588    102002.7029850787
907000     -6858.3805626655        91.0377718073      -656.8238625749    102002.7029850787
908000     -6858.3746288025        91.0381522638      -656.8073582101    102002.7029850787
909000     -6858.3608748656        91.0394240040      -656.8163852864    102002.7029850787
910000     -6858.3525255789        91.0402670048      -656.8309902918    102002.7029850787
911000     -6858.3483338024        91.0407573024      -656.8502473591    102002.7029850787
912000     -6858.3492731046        91.0406393846      -656.8953266268    102002.7029850787
913000     -6858.3534259476        91.0403485582      -656.8741343383    102002.7029850787
914000     -6858.3529718271        91.0405091738      -656.9050514934    102002.7029850787
915000     -6858.3551252765        91.0402368546      -656.9163493705    102002.7029850787
916000     -6858.3601404504        91.0398096584      -656.9171461142    102002.7029850787
917000     -6858.3812724489        91.0378251963      -656.9260472441    102002.7029850787
918000     -6858.3823799590        91.0376761773      -656.9740053422    102002.7029850787
919000     -6858.3779472344        91.0382253031      -656.9733265843    102002.7029850787
920000     -6858.3677525333        91.0391356235      -656.9648279388    102002.7029850787
921000     -6858.3463955303        91.0412499771      -657.0231523620    102002.7029850787
922000     -6858.3484921468        91.0412040530      -657.0172715197    102002.7029850787
923000     -6858.3535012269        91.0407986940      -657.0518518942    102002.7029850787
924000     -6858.3575459315        91.0405444973      -657.0548476254    102002.7029850787
925000     -6858.3469541715        91.0415414317      -657.0446566993    102002.7029850787
926000     -6858.3292538760        91.0433356202      -657.0895572554    102002.7029850787
927000     -6858.3206651745        91.0441446205      -657.1201398072    102002.7029850786
928000     -6858.3079563853        91.0453109658      -657.1307604316    102002.7029850786
929000     -6858.2976181514        91.0463615368      -657.1457506191    102002.7029850786
930000     -6858.2914455815        91.0469675598      -657.1642170202    102002.7029850786
931000     -6858.2983953549        91.0460673422      -657.1031877125    102002.7029850786
932000     -6858.3068990738        91.0453132170      -657.0870745929    102002.7029850786
933000     -6858.3067912940        91.0451918968      -657.1053343978    102002.7029850786
934000     -6858.3094075225        91.0450716880      -657.0801210912    102002.7029850786
935000     -6858.2977472029        91.0460783064      -657.0769836107    102002.7029850786
936000     -6858.3048910742        91.0453042488      -657.0485758794    102002.7029850786
937000     -6858.3140172871        91.0443097037      -657.0208099680    102002.7029850786
938000     -6858.3418953350        91.0416195750      -657.0419180487    102002.7029850786
939000     -6858.3509254816        91.0408461490      -656.9613792548    102002.7029850786
940000     -6858.3482778455        91.0409284575      -656.9163422471    102002.7029850786
941000     -6858.3362822151        91.0420998260      -656.9160405961    102002.7029850786
942000     -6858.3211983960        91.0434648572      -656.8393614052    102002.7029850786
943000     -6858.3249638896        91.0430780547      -656.8124496301    102002.7029850786
944000     -6858.3476507504        91.0409135708      -656.7899311034    102002.7029850786
945000     -6858.3627628500        91.0395203564      -656.7794955268    102002.7029850786
946000     -6858.3682594809        91.0389519343      -656.7325163101    102002.7029850786
947000     -6858.3688409119        91.0389904330      -656.6927346149    102002.7029850786
948000     -6858.3793348192        91.0380203835      -656.6842991844    102002.7029850786
949000     -6858.3923362554        91.0367317792      -656.6203856750    102002.7029850786
950000     -6858.4016227695        91.0357032444      -656.5687510133    102002.7029850786
951000     -6858.3964039908        91.0361069325      -656.5224076741    102002.7029850786
952000     -6858.3766237497        91.0378932960      -656.5323186013    102002.7029850786
953000     -6858.3615219447        91.0392136986      -656.5118204572    102002.7029850786
954000     -6858.3800764738        91.0375586167      -656.4772154441    102002.7029850786
955000     -6858.3864647312        91.0367159377      -656.4723467058    102002.7029850786
956000     -6858.4100733676        91.0343883652      -656.4503047395    102002.7029850786
957000     -6858.4148581419        91.0340194011      -656.4304434367    102002.7029850786
958000     -6858.4172297235        91.0338133488      -656.4604217933    102002.7029850786
959000     -6858.4170723425        91.0340618924      -656.4770245249    102002.7029850786
960000     -6858.4048099415        91.0350453781      -656.4829177752    102002.7029850786
961000     -6858.4028230995        91.0354310008      -656.4822853712    102002.7029850786
962000     -6858.3857846592        91.0371506751      -656.4831870358    102002.7029850786
963000     -6858.3744717580        91.0381543989      -656.4719749223    102002.7029850786
964000     -6858.3857274072        91.0372994512      -656.4925848681    102002.7029850786
965000     -6858.3957859482        91.0363184225      -656.5189795721    102002.7029850786
966000     -6858.4080964989        91.0351955437      -656.5177039621    102002.7029850786
967000     -6858.4276898554        91.0332292601      -656.5053122156    102002.7029850786
968000     -6858.4294417587        91.0331456717      -656.4650783241    102002.7029850786
969000     -6858.4153442600        91.0345198733      -656.4540991637    102002.7029850786
970000     -6858.3975934518        91.0363692123      -656.4568361955    102002.7029850786
971000     -6858.3939909804        91.0365967180      -656.4691633938    102002.7029850786
972000     -6858.4053021432        91.0354582015      -656.4485286432    102002.7029850786
973000     -6858.4160412480        91.0342831112      -656.4515953132    102002.7029850786
974000     -6858.4209757174        91.0338301715      -656.3958730606    102002.7029850786
975000     -6858.4275485204        91.0333190152      -656.3574594342    102002.7029850786
976000     -6858.4237132764        91.0336503034      -656.3421167809    102002.7029850786
977000     -6858.4169463566        91.0342178539      -656.3115437575    102002.7029850786
978000     -6858.4066992509        91.0352162672      -656.2842146165    102002.7029850786
979000     -6858.4086827206        91.0349801300      -656.2616926980    102002.7029850786
980000     -6858.4179647674        91.0341092017      -656.2113394829    102002.7029850786
981000     -6858.4399017400        91.0320176673      -656.1252556977    102002.7029850786
982000     -6858.4413992127        91.0319459617      -656.0790310487    102002.7029850786
983000     -6858.4496512311        91.0309159411      -656.0452657117    102002.7029850786
984000     -6858.4483014907        91.0310597307      -656.0376959808    102002.7029850786
985000     -6858.4548944374        91.0303949987      -655.9943904699    102002.7029850786
986000     -6858.4453754652        91.0312750066      -655.9621052830    102002.7029850786
987000     -6858.4489412769        91.0310333375      -655.9611699127    102002.7029850786
988000     -6858.4473434011        91.0311868709      -655.9154146151    102002.7029850786
989000     -6858.4471493514        91.0311150292      -655.8564009079    102002.7029850786
990000     -6858.4370982055        91.0320504027      -655.9194646093    102002.7029850786
991000     -6858.4325017987        91.0325493170      -655.9208340691    102002.7029850786
992000     -6858.4359211379        91.0322449628      -655.8646916908    102002.7029850786
993000     -6858.4504965156        91.0309011687      -655.8551397570    102002.7029850786
994000     -6858.4623669582        91.0297126250      -655.8195719193    102002.7029850786
995000     -6858.4726541368        91.0284474464      -655.8159325370    102002.7029850786
996000     -6858.4703307773        91.0287586303      -655.7864715637    102002.7029850786
997000     -6858.4641564302        91.0293298731      -655.8158490772    102002.7029850786
998000     -6858.4752934114        91.0284060561      -655.7946655648    102002.7029850786
999000     -6858.4747612825        91.0283529805      -655.7473445260    102002.7029850786
1000000     -6858.4617266650        91.0298055818      -655.7279058285    102002.7029850786
