# Time-averaged data for fix runningavgs
# TimeStep v_ra_etotal v_ra_temp v_ra_press v_ra_volume
502000     -6520.6327182951       129.1824282407      -752.7036446251    102002.7029850792
503000     -6517.7565075324       129.4828095229      -758.9871270009    102002.7029850792
504000     -6521.7958575664       129.1908459201      -749.8389558168    102002.7029850792
505000     -6520.3399770956       129.3056754215      -744.6301067351    102002.7029850792
506000     -6521.8095941738       129.1775112669      -739.5482070574    102002.7029850792
507000     -6519.1699394669       129.3933988548      -738.1111137165    102002.7029850792
508000     -6515.9598412334       129.6868347349      -739.1779235970    102002.7029850792
509000     -6515.7859862532       129.6888615960      -744.7125378934    102002.7029850792
510000     -6516.1992623008       129.6837672363      -741.6513354211    102002.7029850792
511000     -6516.4405500530       129.6599295537      -740.1188729272    102002.7029850792
512000     -6515.5451714346       129.7475664403      -737.0153079175    102002.7029850792
513000     -6515.5344121264       129.7368477182      -736.8973143426    102002.7029850792
514000     -6516.6718608189       129.6384126002      -733.0373530387    102002.7029850792
515000     -6515.7279966165       129.7224694038      -734.4917037072    102002.7029850792
516000     -6515.1114709240       129.7814130669      -733.8269056186    102002.7029850792
517000     -6514.1841899561       129.8765927690      -731.6005030418    102002.7029850792
518000     -6513.8190038709       129.9084473480      -731.6778668869    102002.7029850792
519000     -6514.3772339590       129.8740833535      -730.2986919426    102002.7029850792
520000     -6514.5916330639       129.8446851335      -730.3830065946    102002.7029850792
521000     -6515.3226959979       129.7790488805      -731.4657946501    102002.7029850792
522000     -6514.7269513787       129.8421897316      -733.1161070250    102002.7029850792
523000     -6514.5323654934       129.8548788565      -732.4479575829    102002.7029850792
524000     -6513.6216599167       129.9256270006      -732.3554774197    102002.7029850792
525000     -6513.4946147229       129.9306680512      -730.9489764932    102002.7029850792
526000     -6513.5583668418       129.9255683503      -729.1900988747    102002.7029850792
527000     -6513.5429173080       129.9236566609      -730.7858123746    102002.7029850792
528000     -6513.6081283433       129.9326582394      -729.8219454939    102002.7029850792
529000     -6513.6471486498       129.9288583805      -729.4568560847    102002.7029850792
530000     -6513.1857234140       129.9793974113      -729.9405205473    102002.7029850792
531000     -6513.3977486327       129.9712983735      -729.7329509416    102002.7029850792
532000     -6513.2862678791       129.9772810227      -731.4765802166    102002.7029850792
533000     -6513.4244037325       129.9710283661      -731.9156040317    102002.7029850792
534000     -6513.7613041677       129.9324758854      -732.6525130581    102002.7029850792
535000     -6513.9783979807       129.9137942892      -734.1880433031    102002.7029850792
536000     -6514.0336347423       129.9059981756      -734.5134723151    102002.7029850792
537000     -6514.4378525430       129.8736377920      -734.2560093191    102002.7029850792
538000     -6514.3927604070       129.8684858378      -735.7770312299    102002.7029850792
539000     -6514.3597539421       129.8710145813      -736.3295152809    102002.7029850791
540000     -6514.1294252570       129.8966848877      -736.3214951765    102002.7029850791
541000     -6513.9932478332       129.9041909543      -737.2473930861    102002.7029850791
542000     -6513.9138239137       129.9123813778      -737.6600653886    102002.7029850791
543000     -6514.0911801898       129.8921705608      -738.4152034195    102002.7029850791
544000     -6513.9818902307       129.8984323704      -738.3894077318    102002.7029850791
545000     -6513.8092742568       129.9114243092      -739.2524213433    102002.7029850791
546000     -6513.7891659050       129.9113076059      -740.0241533814    102002.7029850791
547000     -6513.9477271937       129.9062960012      -739.6555406959    102002.7029850791
548000     -6514.0540579839       129.8988203320      -740.3480405354    102002.7029850791
549000     -6514.0747671633       129.8979536202      -740.9923755512    102002.7029850791
550000     -6514.1949017135       129.8861736516      -740.7278907893    102002.7029850791
551000     -6514.2053853590       129.8773679842      -740.6070206876    102002.7029850791
552000     -6514.2591714142       129.8690359850      -741.2027052986    102002.7029850791
553000     -6514.2208312138       129.8659060153      -740.8501799158    102002.7029850791
554000     -6514.1121632681       129.8741498129      -741.9950737623    102002.7029850791
555000     -6513.8744696919       129.8901040922      -742.8744157705    102002.7029850791
556000     -6513.9145033052       129.8811438044      -743.1331823458    102002.7029850791
557000     -6513.8910320110       129.8787582485      -743.4203542092    102002.7029850791
558000     -6513.8888181010       129.8769962051      -743.0001190456    102002.7029850791
559000     -6513.9388377949       129.8648875937      -742.5367123063    102002.7029850791
560000     -6513.9151265631       129.8695354949      -742.0695894070    102002.7029850791
561000     -6513.7239842304       129.8868307576      -742.2292914594    102002.7029850791
562000     -6513.8526428028       129.8776100794      -742.1079719283    102002.7029850791
563000     -6513.8558550785       129.8763772241      -741.5204505372    102002.7029850791
564000     -6513.7018135553       129.8895931392      -740.8836006100    102002.7029850791
565000     -6513.5204381633       129.9028938800      -741.0425714804    102002.7029850791
566000     -6513.3348942266       129.9190151524      -741.7171460677    102002.7029850791
567000     -6513.3170831095       129.9234784607      -742.0637534189    102002.7029850791
568000     -6513.2715106006       129.9272396153      -742.0644235403    102002.7029850791
569000     -6513.2790739736       129.9265745767      -742.2341264168    102002.7029850791
570000     -6513.1837259981       129.9329515287      -742.5439920136    102002.7029850791
571000     -6513.0542222345       129.9441334973      -742.0554137353    102002.7029850791
572000     -6512.9346961248       129.9531150120      -742.3235211191    102002.7029850791
573000     -6512.7647718767       129.9696283899      -742.1976677623    102002.7029850791
574000     -6512.8121612756       129.9665360896      -742.3397069795    102002.7029850791
575000     -6512.9098842377       129.9610837687      -742.8243007265    102002.7029850791
576000     -6513.0971418495       129.9431231561      -742.9571888167    102002.7029850791
577000     -6513.2109985468       129.9335226428      -742.9019945450    102002.7029850791
578000     -6513.2544061178       129.9319571452      -743.0523609728    102002.7029850791
579000     -6513.3226172304       129.9260111587      -742.9683774704    102002.7029850791
580000     -6513.2216159076       129.9373260456      -743.1942215736    102002.7029850791
581000     -6513.1870594210       129.9434079961      -743.3821770264    102002.7029850791
582000     -6513.0389871183       129.9576925741      -743.2924021609    102002.7029850791
583000     -6512.9664092174       129.9653063346      -742.9498445198    102002.7029850791
584000     -6512.8571623157       129.9715475435      -742.9826666616    102002.7029850791
585000     -6512.8169304672       129.9771396385      -742.7476471228    102002.7029850791
586000     -6512.8038783532       129.9773335230      -743.1656014028    102002.7029850791
587000     -6512.8549015925       129.9729946219      -743.3117479526    102002.7029850791
588000     -6512.7439942884       129.9818833739      -742.8237875859    102002.7029850791
589000     -6512.8363906686       129.9694122313      -742.5807801943    102002.7029850791
590000     -6512.7949777466       129.9759736388      -742.6365277135    102002.7029850791
591000     -6512.7418282373       129.9827721488      -742.5102132626    102002.7029850792
592000     -6512.6506113190       129.9943456507      -742.5396535510    102002.7029850792
593000     -6512.6374248360       129.9941373864      -742.9422433135    102002.7029850792
594000     -6512.6065187791       130.0006397231      -742.6047149356    102002.7029850792
595000     -6512.6490138310       129.9990232564      -742.6243249838    102002.7029850792
596000     -6512.7240536384       129.9909935391      -742.5396493507    102002.7029850792
597000     -6512.7284511760       129.9876743530      -742.6557388879    102002.7029850792
598000     -6512.8659244005       129.9783840569      -742.1733214651    102002.7029850792
599000     -6512.9064962821       129.9728274530      -742.9142365229    102002.7029850792
600000     -6513.0019537241       129.9638772498      -742.8420784203    102002.7029850792
601000     -6512.9691482038       129.9668850688      -742.6244094579    102002.7029850792
602000     -6512.8505754115       129.9775968736      -743.3794248568    102002.7029850792
603000     -6512.8018724278       129.9849134531      -743.3967326104    102002.7029850792
604000     -6512.7015207841       129.9962780630      -743.3808962523    102002.7029850793
605000     -6512.6430991765       130.0026929501      -743.8985114481    102002.7029850793
606000     -6512.6137699536       130.0085033064      -744.0483282804    102002.7029850793
607000     -6512.5639626298       130.0123701039      -744.1906087879    102002.7029850793
608000     -6512.6317665353       130.0047548925      -744.4420774313    102002.7029850793
609000     -6512.6276206857       130.0085601621      -744.9175652901    102002.7029850793
610000     -6512.6206876579       130.0086186914      -745.0952709478    102002.7029850793
611000     -6512.6134993800       130.0080655398      -745.3242073532    102002.7029850793
612000     -6512.5825667130       130.0116028069      -745.7382852439    102002.7029850793
613000     -6512.5144762287       130.0173788326      -745.8145093714    102002.7029850793
614000     -6512.4685870984       130.0205946098      -746.0828530158    102002.7029850793
615000     -6512.4902098191       130.0202565260      -746.3531526169    102002.7029850793
616000     -6512.5565415869       130.0135098877      -746.8348919417    102002.7029850793
617000     -6512.5623460222       130.0144867904      -746.9810456863    102002.7029850793
618000     -6512.4904412736       130.0210028014      -747.2242215390    102002.7029850793
619000     -6512.4797293603       130.0218587878      -747.3974575915    102002.7029850793
620000     -6512.5592832198       130.0120350198      -747.5631366043    102002.7029850793
621000     -6512.6289864832       130.0041963509      -747.3657309115    102002.7029850793
622000     -6512.5613709698       130.0094181784      -747.6722224968    102002.7029850794
623000     -6512.4968279739       130.0151991413      -747.8088089691    102002.7029850794
624000     -6512.4559806567       130.0166570575      -747.5289297017    102002.7029850794
625000     -6512.4728087132       130.0130823625      -747.6251824704    102002.7029850794
626000     -6512.5400374693       130.0056799228      -747.5071690736    102002.7029850794
627000     -6512.5534202679       130.0093013812      -747.2592820887    102002.7029850794
628000     -6512.4459896731       130.0189214440      -747.5641122903    102002.7029850794
629000     -6512.4269507807       130.0197568819      -747.8241029882    102002.7029850794
630000     -6512.5043646512       130.0160098493      -747.4617363219    102002.7029850794
631000     -6512.5404785557       130.0116982544      -747.1595985897    102002.7029850794
632000     -6512.5553979456       130.0118827592      -747.0502508275    102002.7029850794
633000     -6512.5777300222       130.0103552497      -746.7309834749    102002.7029850794
634000     -6512.5734407034       130.0088876558      -746.4442170152    102002.7029850794
635000     -6512.5438157687       130.0079775316      -746.6940398928    102002.7029850794
636000     -6512.5397759235       130.0077919893      -746.4900886177    102002.7029850794
637000     -6512.6510046359       129.9975882958      -746.1063244711    102002.7029850794
638000     -6512.5927291479       130.0004422830      -746.1904518944    102002.7029850794
639000     -6512.5328477682       130.0077373660      -745.7383491591    102002.7029850794
640000     -6512.5777624223       130.0015253029      -745.3720848702    102002.7029850794
641000     -6512.5146298113       130.0026268288      -745.5643083711    102002.7029850794
642000     -6512.4138642503       130.0084869208      -745.3571964323    102002.7029850794
643000     -6512.3965025516       130.0117734238      -744.9661849594    102002.7029850794
644000     -6512.4211005301       130.0091081759      -745.0068893478    102002.7029850794
645000     -6512.4168773622       130.0103843512      -744.9805055427    102002.7029850794
646000     -6512.4105813735       130.0100560649      -744.4795991950    102002.7029850795
647000     -6512.4741063180       130.0021655121      -744.4606516636    102002.7029850795
648000     -6512.4067771286       130.0064751053      -744.3636366367    102002.7029850795
649000     -6512.3000138790       130.0146581755      -744.6247878310    102002.7029850795
650000     -6512.3129353190       130.0164894351      -744.6206246418    102002.7029850795
651000     -6512.3071209519       130.0174921122      -744.5444387081    102002.7029850795
652000     -6512.3087673559       130.0187466511      -744.8044538407    102002.7029850795
653000     -6512.3253232666       130.0166430785      -744.7985706755    102002.7029850795
654000     -6512.2613903886       130.0220346118      -744.6991419439    102002.7029850795
655000     -6512.2203440115       130.0269234593      -744.8376613858    102002.7029850795
656000     -6512.2484749791       130.0242759195      -744.9753967017    102002.7029850795
657000     -6512.2706736853       130.0212960606      -745.0405601925    102002.7029850795
658000     -6512.3828151797       130.0118586947      -745.1417501231    102002.7029850795
659000     -6512.4212795350       130.0073882766      -745.1780201661    102002.7029850795
660000     -6512.3676900321       130.0131816292      -745.0307474680    102002.7029850795
661000     -6512.3953591543       130.0107382861      -745.2811221377    102002.7029850795
662000     -6512.4823311428       130.0044499061      -745.3362038866    102002.7029850795
663000     -6512.5529259519       129.9982948022      -745.1457480239    102002.7029850795
664000     -6512.5607125753       129.9966751508      -745.1028655507    102002.7029850795
665000     -6512.5657143827       129.9962087001      -745.1936221836    102002.7029850795
666000     -6512.5301789512       130.0002077449      -744.9108100175    102002.7029850795
667000     -6512.4769297204       130.0043875547      -745.2879965810    102002.7029850795
668000     -6512.3831984251       130.0117434122      -745.4392119571    102002.7029850795
669000     -6512.4144757798       130.0104258094      -745.2140993898    102002.7029850795
670000     -6512.4236293068       130.0100161249      -745.6351008653    102002.7029850795
671000     -6512.3683166226       130.0144157145      -745.7185625080    102002.7029850795
672000     -6512.3490122142       130.0175055816      -745.4506372229    102002.7029850795
673000     -6512.3756456561       130.0142494165      -745.7352777966    102002.7029850795
674000     -6512.3009917582       130.0209859839      -745.7045869114    102002.7029850794
675000     -6512.2762860951       130.0237609902      -745.5681250358    102002.7029850794
676000     -6512.3322183470       130.0199998630      -745.5293521598    102002.7029850794
677000     -6512.3505594321       130.0162066340      -745.4492306474    102002.7029850794
678000     -6512.3735957791       130.0129255619      -745.1999553656    102002.7029850794
679000     -6512.4675960534       130.0058530340      -745.4707147429    102002.7029850794
680000     -6512.5246220327       130.0022785572      -745.4237248044    102002.7029850794
681000     -6512.6184397351       129.9954623991      -745.4053917409    102002.7029850794
682000     -6512.6789636730       129.9910812739      -745.5885199443    102002.7029850794
683000     -6512.6886609218       129.9893884420      -745.6986868186    102002.7029850794
684000     -6512.6663424454       129.9916356357      -745.6792104250    102002.7029850794
685000     -6512.6774324660       129.9914990186      -745.7421857231    102002.7029850794
686000     -6512.6853471356       129.9907482815      -745.9001370544    102002.7029850794
687000     -6512.6241368490       129.9974865542      -745.9378239795    102002.7029850794
688000     -6512.5817060986       130.0027512437      -745.9902866431    102002.7029850793
689000     -6512.5308305332       130.0081851138      -746.0830775924    102002.7029850793
690000     -6512.5218681468       130.0097532159      -746.2614477367    102002.7029850793
691000     -6512.5344208374       130.0078201244      -746.0306426864    102002.7029850793
692000     -6512.5209183048       130.0096755573      -745.9618684717    102002.7029850793
693000     -6512.4541199481       130.0149749229      -746.1273177895    102002.7029850793
694000     -6512.4520094388       130.0149179047      -745.9347780548    102002.7029850793
695000     -6512.4780429399       130.0117702408      -745.7854634420    102002.7029850793
696000     -6512.4865075885       130.0114159508      -745.8994891805    102002.7029850793
697000     -6512.5530231554       130.0056462571      -745.6970441847    102002.7029850793
698000     -6512.5911387145       130.0029900181      -745.4053752416    102002.7029850793
699000     -6512.5865024528       130.0043171931      -745.3312780614    102002.7029850793
700000     -6512.5481164341       130.0082379350      -745.3494786116    102002.7029850793
701000     -6512.4748555826       130.0146047427      -745.2807497814    102002.7029850793
702000     -6512.4733659449       130.0145165821      -745.2683951996    102002.7029850793
703000     -6512.4931606098       130.0117874539      -745.3378465888    102002.7029850793
704000     -6512.5411615245       130.0084048295      -745.2834563486    102002.7029850792
705000     -6512.5888122452       130.0038049132      -745.3503076699    102002.7029850792
706000     -6512.5715727157       130.0068597384      -745.4922724566    102002.7029850792
707000     -6512.5256395744       130.0115042958      -745.7072536282    102002.7029850792
708000     -6512.5472042964       130.0099911439      -745.7246467754    102002.7029850792
709000     -6512.5880992041       130.0080331614      -745.8807507328    102002.7029850792
710000     -6512.6096688793       130.0074254646      -745.8915090171    102002.7029850792
711000     -6512.6461246885       130.0056063011      -745.8443945743    102002.7029850792
712000     -6512.6208888406       130.0088883899      -746.0277020175    102002.7029850792
713000     -6512.5848132222       130.0136133972      -746.0516975899    102002.7029850792
714000     -6512.6379742426       130.0089769770      -746.0029057860    102002.7029850792
715000     -6512.6692796475       130.0058279896      -746.2077257844    102002.7029850792
716000     -6512.6984023179       130.0045327096      -746.0516665157    102002.7029850792
717000     -6512.7189441554       130.0035126586      -746.0340311478    102002.7029850792
718000     -6512.6637022016       130.0077867778      -746.2124407831    102002.7029850792
719000     -6512.6946947769       130.0065498427      -746.1622832612    102002.7029850792
720000     -6512.7329271192       130.0021937274      -746.0605804703    102002.7029850792
721000     -6512.7263739963       130.0033003371      -746.1725138218    102002.7029850792
722000     -6512.7324850693       130.0026551033      -746.1775324703    102002.7029850792
723000     -6512.8103081762       129.9971057504      -746.0399270945    102002.7029850792
724000     -6512.7706699878       129.9997070602      -746.3433376815    102002.7029850791
725000     -6512.7597823146       130.0015037238      -746.3495572438    102002.7029850791
726000     -6512.6902881856       130.0088069470      -746.2702594797    102002.7029850791
727000     -6512.7170198624       130.0051177718      -746.3533266846    102002.7029850791
728000     -6512.7672970014       130.0018651464      -746.2427694560    102002.7029850791
729000     -6512.8222079200       129.9969976664      -746.0608285702    102002.7029850791
730000     -6512.8594895351       129.9938409805      -746.1466776032    102002.7029850791
731000     -6512.9301228596       129.9879697629      -746.1209594881    102002.7029850791
732000     -6512.9291440011       129.9884535173      -745.9718851296    102002.7029850791
733000     -6512.8700246336       129.9938144051      -745.8526059662    102002.7029850791
734000     -6512.8415454293       129.9964880071      -745.9560102841    102002.7029850791
735000     -6512.8450933545       129.9985009419      -745.7732264327    102002.7029850791
736000     -6512.8651445461       129.9961764033      -745.6850997655    102002.7029850791
737000     -6512.9165971393       129.9913694570      -745.8613919778    102002.7029850791
738000     -6512.9365544626       129.9900716660      -745.6981940942    102002.7029850791
739000     -6512.9584393060       129.9870514257      -745.6794613749    102002.7029850791
740000     -6512.9783031451       129.9844053476      -745.6551966399    102002.7029850791
741000     -6512.9889959578       129.9832540145      -745.4416954240    102002.7029850791
742000     -6512.9361900292       129.9879445422      -745.5760605096    102002.7029850791
743000     -6512.9131053408       129.9911550406      -745.5073227017    102002.7029850791
744000     -6512.9204358187       129.9919620501      -745.2737336468    102002.7029850791
745000     -6512.8911664097       129.9951452416      -745.2468641537    102002.7029850791
746000     -6512.8453984655       129.9992487463      -745.1918116946    102002.7029850791
747000     -6512.8291167828       130.0013288997      -744.9933178309    102002.7029850791
748000     -6512.8346376774       130.0007026128      -745.1396043223    102002.7029850790
749000     -6512.8595612953       129.9978491615      -745.2856486258    102002.7029850790
750000     -6512.8373049112       130.0013241612      -745.0651275863    102002.7029850790
751000     -6512.8754621083       129.9966660044      -744.9911886042    102002.7029850790
752000     -6512.8840808355       129.9953036257      -744.8127598619    102002.7029850790
753000     -6512.8478485190       129.9994231078      -744.4549311747    102002.7029850790
754000     -6512.8594042917       129.9973986424      -744.4026515382    102002.7029850790
755000     -6512.9035999505       129.9929262288      -744.3899745126    102002.7029850790
756000     -6512.9003148499       129.9927755821      -744.2031965562    102002.7029850790
757000     -6512.9546250844       129.9873327531      -744.0803623705    102002.7029850790
758000     -6512.9697668825       129.9854490338      -744.0564011847    102002.7029850790
759000     -6512.9851835207       129.9855399836      -743.9422993231    102002.7029850790
760000     -6512.9604053223       129.9880705305      -743.8855446008    102002.7029850790
761000     -6512.9549376384       129.9881985041      -743.9936358774    102002.7029850790
762000     -6512.9885997959       129.9863886131      -743.9775399676    102002.7029850790
763000     -6513.0562750702       129.9801832032      -744.0037818108    102002.7029850790
764000     -6513.0698423174       129.9789821977      -743.9701072975    102002.7029850790
765000     -6513.1255940956       129.9757329546      -743.9217058253    102002.7029850790
766000     -6513.1288965545       129.9755340859      -743.8051818952    102002.7029850790
767000     -6513.0867651292       129.9795601454      -743.7449832480    102002.7029850790
768000     -6513.0754526689       129.9810607092      -743.7088711800    102002.7029850790
769000     -6513.1169934407       129.9777365619      -743.5577081841    102002.7029850790
770000     -6513.1030302321       129.9774255384      -743.5413226814    102002.7029850790
771000     -6513.0892951359       129.9787378898      -743.5136787270    102002.7029850790
772000     -6513.0759353581       129.9798493200      -743.4074259863    102002.7029850790
773000     -6513.0371461163       129.9836490565      -743.3527952558    102002.7029850790
774000     -6513.0043410625       129.9862251199      -743.5089138142    102002.7029850790
775000     -6513.0104459407       129.9861035516      -743.4339986225    102002.7029850790
776000     -6513.0061212843       129.9859915969      -743.2357183056    102002.7029850790
777000     -6513.0141304332       129.9852269461      -743.3454421916    102002.7029850789
778000     -6513.0276358304       129.9849257412      -743.1786843788    102002.7029850789
779000     -6513.0533449664       129.9830388223      -743.0714532586    102002.7029850789
780000     -6513.0837202901       129.9802249563      -742.9570812598    102002.7029850789
781000     -6513.1111838660       129.9774857906      -742.7295663376    102002.7029850789
782000     -6513.1382361917       129.9748258272      -742.5092246898    102002.7029850789
783000     -6513.1444121323       129.9737963109      -742.2951059922    102002.7029850789
784000     -6513.1079723714       129.9763999076      -742.2426772741    102002.7029850789
785000     -6513.0797365021       129.9798360893      -742.1874233894    102002.7029850789
786000     -6513.0369955829       129.9833795163      -742.1060367899    102002.7029850789
787000     -6513.0482618041       129.9827689970      -742.0287020934    102002.7029850789
788000     -6513.0938358065       129.9779658193      -741.8979875189    102002.7029850789
789000     -6513.1199512938       129.9756117710      -741.7251862781    102002.7029850789
790000     -6513.1347321503       129.9745378167      -741.6334834923    102002.7029850789
791000     -6513.1077575231       129.9772944387      -741.3579280842    102002.7029850789
792000     -6513.0770786550       129.9796867062      -741.1740378442    102002.7029850789
793000     -6513.0819616632       129.9792755333      -741.1694605858    102002.7029850789
794000     -6513.0476787331       129.9835722098      -740.9830418369    102002.7029850789
795000     -6513.0230119211       129.9861959329      -740.7094548168    102002.7029850789
796000     -6513.0025272497       129.9882637074      -740.5388838172    102002.7029850789
797000     -6513.0179851386       129.9874086552      -740.3426258779    102002.7029850789
798000     -6513.0260223262       129.9868204631      -740.1161711649    102002.7029850789
799000     -6512.9787566158       129.9912610299      -739.9547134418    102002.7029850789
800000     -6512.9867320086       129.9901082989      -739.8448321278    102002.7029850789
801000     -6512.9532945249       129.9933274361      -739.7404110783    102002.7029850789
802000     -6512.9974315542       129.9898613426      -739.5790788244    102002.7029850789
803000     -6513.0044615809       129.9884740785      -739.4699178810    102002.7029850789
804000     -6513.0029825056       129.9881837607      -739.3179145265    102002.7029850789
805000     -6512.9708598518       129.9906248225      -739.1867860058    102002.7029850789
806000     -6512.9511370876       129.9910724813      -739.1654689784    102002.7029850789
807000     -6512.9726409828       129.9884553303      -739.0232006901    102002.7029850789
808000     -6513.0182488082       129.9844971542      -738.8141920535    102002.7029850789
809000     -6513.0370483338       129.9829379397      -738.9401525106    102002.7029850789
810000     -6513.0630407908       129.9815831373      -738.8461357284    102002.7029850789
811000     -6513.0814353118       129.9810498957      -738.6359440447    102002.7029850789
812000     -6513.0865526685       129.9814729449      -738.7421285402    102002.7029850789
813000     -6513.0821050681       129.9830257714      -738.7656013615    102002.7029850789
814000     -6513.0909501211       129.9825963106      -738.6034177458    102002.7029850789
815000     -6513.0554514231       129.9855310410      -738.5257159610    102002.7029850788
816000     -6513.0086989237       129.9902293611      -738.5277156551    102002.7029850788
817000     -6513.0279405985       129.9901686839      -738.3812680219    102002.7029850788
818000     -6513.0089640778       129.9925344793      -738.2901161586    102002.7029850788
819000     -6512.9880248926       129.9939894300      -738.3694247795    102002.7029850788
820000     -6512.9960125339       129.9943469796      -738.2662247566    102002.7029850788
821000     -6513.0200813981       129.9921510066      -738.1312462165    102002.7029850788
822000     -6513.0459440729       129.9904662344      -738.0827925415    102002.7029850788
823000     -6513.0940990343       129.9858243975      -737.9317861209    102002.7029850788
824000     -6513.1171234010       129.9854176082      -737.7430603453    102002.7029850788
825000     -6513.1101805845       129.9860400053      -737.6794347154    102002.7029850788
826000     -6513.0660278817       129.9905968980      -737.7264417827    102002.7029850788
827000     -6513.0573656041       129.9917476124      -737.5298017451    102002.7029850788
828000     -6513.0485407004       129.9924202879      -737.4792524036    102002.7029850788
829000     -6513.0645307882       129.9911171774      -737.4448947225    102002.7029850788
830000     -6513.0691391715       129.9912354471      -737.2580974063    102002.7029850788
831000     -6513.1135402666       129.9873632124      -737.2636431153    102002.7029850788
832000     -6513.0988381922       129.9888625960      -737.2739678586    102002.7029850788
833000     -6513.1083398252       129.9882661622      -737.0812793089    102002.7029850788
834000     -6513.1521273202       129.9850284728      -737.0588668655    102002.7029850788
835000     -6513.1694374542       129.9839162466      -737.0655704322    102002.7029850788
836000     -6513.1931203610       129.9817907180      -736.8855308311    102002.7029850788
837000     -6513.1726657874       129.9842975919      -736.7798421725    102002.7029850788
838000     -6513.1493091565       129.9861981405      -736.6351062012    102002.7029850788
839000     -6513.1545497745       129.9856877324      -736.4555373052    102002.7029850788
840000     -6513.1454589813       129.9857515126      -736.2923132149    102002.7029850788
841000     -6513.1791348261       129.9822148609      -736.0623554427    102002.7029850788
842000     -6513.2132818083       129.9795686074      -735.8712385922    102002.7029850788
843000     -6513.2201031217       129.9789409825      -735.7151330880    102002.7029850788
844000     -6513.2412986379       129.9760913329      -735.6181195539    102002.7029850788
845000     -6513.2377762609       129.9749830272      -735.4301400850    102002.7029850788
846000     -6513.2572039476       129.9725980414      -735.1997946765    102002.7029850788
847000     -6513.2723299912       129.9714014155      -735.0635652134    102002.7029850788
848000     -6513.2406185777       129.9736537210      -734.9249907693    102002.7029850788
849000     -6513.2279503442       129.9751730906      -734.7709008832    102002.7029850788
850000     -6513.2458434695       129.9737063803      -734.6500951708    102002.7029850788
851000     -6513.2762998841       129.9703763296      -734.6525243376    102002.7029850788
852000     -6513.2656546186       129.9717921718      -734.6120038731    102002.7029850788
853000     -6513.2668112454       129.9719587830      -734.4801040285    102002.7029850788
854000     -6513.3029207058       129.9692187680      -734.4339372153    102002.7029850788
855000     -6513.3039824380       129.9689998105      -734.4504026905    102002.7029850788
856000     -6513.2825554355       129.9714033615      -734.4243114319    102002.7029850788
857000     -6513.2655682175       129.9725317368      -734.3515678210    102002.7029850788
858000     -6513.2829389603       129.9703589562      -734.3414686120    102002.7029850788
859000     -6513.3091834963       129.9680307921      -734.2578869800    102002.7029850788
860000     -6513.3178806423       129.9670630499      -734.1885807415    102002.7029850788
861000     -6513.3358229042       129.9654711272      -734.1704426329    102002.7029850788
862000     -6513.3293178868       129.9657071547      -734.1622203387    102002.7029850788
863000     -6513.3408930290       129.9635157568      -734.0522675015    102002.7029850788
864000     -6513.3393732285       129.9630207318      -734.0209728485    102002.7029850788
865000     -6513.3225332395       129.9644540783      -733.9507147410    102002.7029850788
866000     -6513.3042269549       129.9660992714      -733.8462714403    102002.7029850788
867000     -6513.2696254654       129.9691124667      -733.8163494884    102002.7029850788
868000     -6513.2638808908       129.9701119547      -733.7642160364    102002.7029850788
869000     -6513.2336730128       129.9730506530      -733.7158471358    102002.7029850788
870000     -6513.2572375076       129.9710182118      -733.6460847354    102002.7029850787
871000     -6513.2716312573       129.9700650302      -733.5821718849    102002.7029850787
872000     -6513.2563804551       129.9721852463      -733.6058584515    102002.7029850787
873000     -6513.2168661500       129.9757517600      -733.6152793627    102002.7029850787
874000     -6513.2098884212       129.9770623029      -733.6011911662    102002.7029850787
875000     -6513.1962808322       129.9782398109      -733.6693701419    102002.7029850787
876000     -6513.1796898403       129.9798108844      -733.6875631117    102002.7029850787
877000     -6513.1758454016       129.9803019428      -733.6659117736    102002.7029850787
878000     -6513.1561033393       129.9816437821      -733.6876965889    102002.7029850787
879000     -6513.1576244244       129.9812972697      -733.6246573544    102002.7029850787
880000     -6513.1610686611       129.9810066940      -733.5865555236    102002.7029850787
881000     -6513.1476825587       129.9820226750      -733.5747563263    102002.7029850787
882000     -6513.1249397294       129.9841968637      -733.4798272836    102002.7029850787
883000     -6513.1205891613       129.9841402995      -733.4608807124    102002.7029850787
884000     -6513.1179225599       129.9833615696      -733.4576062387    102002.7029850787
885000     -6513.1074699778       129.9841219828      -733.4411444972    102002.7029850787
886000     -6513.0853198341       129.9859348436      -733.3964945883    102002.7029850787
887000     -6513.0839437075       129.9857133090      -733.2938098257    102002.7029850787
888000     -6513.0793504575       129.9855663481      -733.1376197136    102002.7029850787
889000     -6513.0488856592       129.9877013383      -732.9953018616    102002.7029850787
890000     -6513.0643277191       129.9866992663      -732.9225046297    102002.7029850787
891000     -6513.0694168326       129.9852198499      -732.8623594804    102002.7029850787
892000     -6513.0701276250       129.9839115342      -732.7355341055    102002.7029850787
893000     -6513.0583658457       129.9843349257      -732.6776827552    102002.7029850787
894000     -6513.0369234427       129.9853418255      -732.5300528136    102002.7029850787
895000     -6513.0120268954       129.9873841431      -732.5097826721    102002.7029850787
896000     -6512.9653708424       129.9906873389      -732.4617204317    102002.7029850787
897000     -6512.9426820691       129.9925435311      -732.3646158797    102002.7029850787
898000     -6512.9567625135       129.9910817712      -732.2705596788    102002.7029850787
899000     -6512.9574808559       129.9904825150      -732.1505533707    102002.7029850787
900000     -6512.9659658445       129.9884791123      -732.0295484098    102002.7029850787
901000     -6512.9353949313       129.9912004378      -731.9678143476    102002.7029850787
902000     -6512.9041719523       129.9934713051      -731.9071412502    102002.7029850787
903000     -6512.9178860828       129.9911710764      -731.8975888545    102002.7029850787
904000     -6512.9093796568       129.9915813343      -731.9273344723    102002.7029850787
905000     -6512.8838869494       129.9934140044      -731.8311549882    102002.7029850787
906000     -6512.8856486024       129.9925747962      -731.7169608483    102002.7029850787
907000     -6512.9082076276       129.9907775033      -731.7389906971    102002.7029850787
908000     -6512.9207725296       129.9905568427      -731.7257980157    102002.7029850787
909000     -6512.8952736425       129.9928677192      -731.8596133159    102002.7029850787
910000     -6512.9007933022       129.9930390130      -731.8499967374    102002.7029850787
911000     -6512.8967426233       129.9928932661      -731.8010709759    102002.7029850787
912000     -6512.9057869708       129.9910416007      -731.8731955088    102002.7029850787
913000     -6512.9091413466       129.9906429030      -731.8189800906    102002.7029850787
914000     -6512.9118437503       129.9892558925      -731.7799532366    102002.7029850787
915000     -6512.9121940162       129.9895012900      -731.9096295291    102002.7029850787
916000     -6512.8671371967       129.9931168954      -731.9657462734    102002.7029850787
917000     -6512.8730248800       129.9926375216      -731.9121274833    102002.7029850787
918000     -6512.8403733711       129.9943166902      -731.9195587732    102002.7029850787
919000     -6512.8211791574       129.9954442037      -731.8900061994    102002.7029850787
920000     -6512.8169264130       129.9955097161      -731.8675246293    102002.7029850787
921000     -6512.8383496237       129.9929336523      -731.8839992649    102002.7029850787
922000     -6512.8590593863       129.9907128332      -731.9237480739    102002.7029850787
923000     -6512.8643659987       129.9906151264      -731.9304112864    102002.7029850787
924000     -6512.8574326082       129.9899896149      -731.8469190153    102002.7029850787
925000     -6512.8491305060       129.9897253004      -731.8514792040    102002.7029850787
926000     -6512.8119492844       129.9928875636      -731.8315961891    102002.7029850787
927000     -6512.8060495672       129.9938286513      -731.8724299657    102002.7029850786
928000     -6512.8152590670       129.9936889351      -731.8814475241    102002.7029850786
929000     -6512.8070992689       129.9942620077      -731.9878693606    102002.7029850786
930000     -6512.8096250775       129.9945098335      -731.9181535162    102002.7029850786
931000     -6512.8327303987       129.9922384282      -731.8869604865    102002.7029850786
932000     -6512.8480868248       129.9908787974      -731.9739216605    102002.7029850786
933000     -6512.8347768176       129.9923087603      -731.9569627199    102002.7029850786
934000     -6512.8556432486       129.9901831301      -732.0151259948    102002.7029850786
935000     -6512.8471691984       129.9894796795      -731.9513820022    102002.7029850786
936000     -6512.8326782572       129.9899929312      -731.9212791144    102002.7029850786
937000     -6512.8324426848       129.9897424036      -731.8688793808    102002.7029850786
938000     -6512.8314127357       129.9901879290      -731.8248994186    102002.7029850786
939000     -6512.7975900536       129.9930767092      -731.8226441050    102002.7029850786
940000     -6512.7793358363       129.9947191845      -731.6881820402    102002.7029850786
941000     -6512.7431081700       129.9973134440      -731.7606208849    102002.7029850786
942000     -6512.7234876447       129.9992333451      -731.6937333378    102002.7029850786
943000     -6512.7294470336       129.9989781651      -731.5888129815    102002.7029850786
944000     -6512.6921149458       130.0022286759      -731.5654087789    102002.7029850786
945000     -6512.6997924885       130.0012866104      -731.5019438956    102002.7029850786
946000     -6512.6665869739       130.0038842556      -731.3412913018    102002.7029850786
947000     -6512.6763110471       130.0037570844      -731.2704528678    102002.7029850786
948000     -6512.6768864810       130.0037362711      -731.2364690834    102002.7029850786
949000     -6512.6688075978       130.0043555390      -731.2352031639    102002.7029850786
950000     -6512.6819883809       130.0024079094      -731.2104395224    102002.7029850786
951000     -6512.6892718426       130.0010738999      -731.1818837733    102002.7029850786
952000     -6512.7006229345       129.9996279110      -731.0409479451    102002.7029850786
953000     -6512.6776909535       130.0021518061      -730.9372805147    102002.7029850786
954000     -6512.6681564066       130.0019567524      -730.9245476807    102002.7029850786
955000     -6512.6639522468       130.0019458190      -730.8251383606    102002.7029850786
956000     -6512.6698983163       130.0011714714      -730.8243800702    102002.7029850786
957000     -6512.6578023942       130.0025507849      -730.7737381172    102002.7029850786
958000     -6512.6713722425       130.0008742925      -730.7606223011    102002.7029850786
959000     -6512.6749254743       130.0005267239      -730.6705643033    102002.7029850786
960000     -6512.6738647707       130.0007859904      -730.6671543877    102002.7029850786
961000     -6512.6941156508       129.9988510426      -730.7613508458    102002.7029850786
962000     -6512.7054641371       129.9976995246      -730.8060485538    102002.7029850786
963000     -6512.7193520496       129.9970011080      -730.7781278491    102002.7029850786
964000     -6512.6834294777       129.9996939572      -730.7259040053    102002.7029850786
965000     -6512.6791706343       130.0000282176      -730.6649802206    102002.7029850786
966000     -6512.7044175576       129.9974586785      -730.6298015714    102002.7029850786
967000     -6512.7198705388       129.9962197395      -730.7019578874    102002.7029850786
968000     -6512.7229357974       129.9956717122      -730.6409757651    102002.7029850786
969000     -6512.7268164020       129.9952375605      -730.5541386810    102002.7029850786
970000     -6512.7114004841       129.9965588859      -730.4941841836    102002.7029850786
971000     -6512.6992027619       129.9972506324      -730.4389141511    102002.7029850786
972000     -6512.7290328857       129.9945724974      -730.3927877099    102002.7029850786
973000     -6512.7353333111       129.9937877503      -730.3021099772    102002.7029850786
974000     -6512.7484640241       129.9928471407      -730.2699661996    102002.7029850786
975000     -6512.7306697121       129.9943284473      -730.2535246199    102002.7029850786
976000     -6512.7020947883       129.9967396336      -730.1466694038    102002.7029850786
977000     -6512.6897484475       129.9970915324      -730.1002132870    102002.7029850786
978000     -6512.7010076870       129.9954747108      -730.0423308803    102002.7029850786
979000     -6512.6907333926       129.9958980368      -729.9471497480    102002.7029850786
980000     -6512.6667720492       129.9983844780      -729.9367427101    102002.7029850786
981000     -6512.6566179617       129.9991975554      -729.8607155236    102002.7029850786
982000     -6512.6646950435       129.9981276302      -729.7696049106    102002.7029850786
983000     -6512.6893859307       129.9953798672      -729.6789442432    102002.7029850786
984000     -6512.6911614945       129.9948994967      -729.5864676725    102002.7029850786
985000     -6512.6937080814       129.9945112483      -729.5163893901    102002.7029850786
986000     -6512.6788603996       129.9959995868      -729.4668492839    102002.7029850786
987000     -6512.6624184150       129.9972363698      -729.4004217553    102002.7029850786
988000     -6512.6596737364       129.9972551093      -729.2821923201    102002.7029850786
989000     -6512.6731736977       129.9961312751      -729.2452952838    102002.7029850786
990000     -6512.6617056302       129.9973192410      -729.2170531089    102002.7029850786
991000     -6512.6431981294       129.9986703189      -729.2069897225    102002.7029850786
992000     -6512.6354623765       129.9993078258      -729.1824896877    102002.7029850786
993000     -6512.6107388314       130.0011284426      -729.1517088530    102002.7029850786
994000     -6512.6466493565       129.9979300037      -729.1260654880    102002.7029850786
995000     -6512.6587535947       129.9966564277      -729.1065721284    102002.7029850786
996000     -6512.6847764277       129.9940720479      -729.0844330996    102002.7029850786
997000     -6512.6922000196       129.9931780304      -729.1449446061    102002.7029850786
998000     -6512.7284904407       129.9899158669      -729.1220668137    102002.7029850786
999000     -6512.7250688881       129.9895851638      -729.1030718327    102002.7029850786
1000000     -6512.7339976250       129.9883771298      -729.0335221016    102002.7029850786
