# Time-averaged data for fix runningavgs
# TimeStep v_ra_etotal v_ra_temp v_ra_press v_ra_volume
502000     -6870.2721626262        90.2550416700      -692.7720717048    102002.7029850792
503000     -6867.4005591145        90.5294241112      -676.3737303823    102002.7029850792
504000     -6865.6739718632        90.7157162210      -678.8699681452    102002.7029850792
505000     -6864.2888917501        90.8528600163      -685.2787752569    102002.7029850792
506000     -6862.3537505165        91.0250734920      -678.9756219683    102002.7029850792
507000     -6861.2211096967        91.1433023194      -673.8077563315    102002.7029850792
508000     -6862.0159973753        91.0568401567      -676.7209438750    102002.7029850792
509000     -6862.1554974570        91.0442034788      -675.8584493807    102002.7029850792
510000     -6863.3522781069        90.9337952698      -674.8483956316    102002.7029850792
511000     -6863.4855361810        90.9244023651      -677.1829669562    102002.7029850792
512000     -6863.0573698493        90.9638241877      -676.8066933734    102002.7029850792
513000     -6862.6367715844        91.0038297866      -676.2982793863    102002.7029850792
514000     -6862.8614692088        90.9821271286      -675.2369750260    102002.7029850792
515000     -6862.4072593875        91.0207241224      -676.4795686063    102002.7029850792
516000     -6861.7853286975        91.0837629321      -675.5594268044    102002.7029850792
517000     -6862.0745240310        91.0550244885      -674.7687243302    102002.7029850792
518000     -6862.3019748217        91.0294747229      -675.4827624757    102002.7029850792
519000     -6862.8205217196        90.9803281907      -675.0206125671    102002.7029850792
520000     -6863.0007360666        90.9613920890      -674.5162202001    102002.7029850792
521000     -6863.0956655760        90.9522218698      -674.2516740054    102002.7029850792
522000     -6862.9337182137        90.9658288817      -675.1913890919    102002.7029850792
523000     -6863.1819370608        90.9366844637      -675.8136039644    102002.7029850792
524000     -6863.2891325305        90.9276987699      -675.4726533766    102002.7029850792
525000     -6863.5348218637        90.9032798049      -676.1415799102    102002.7029850792
526000     -6863.4468092400        90.9149575804      -676.2995592475    102002.7029850792
527000     -6863.2271480493        90.9347508182      -675.8041209060    102002.7029850792
528000     -6863.2231850089        90.9380958254      -676.3392679487    102002.7029850792
529000     -6863.0945499952        90.9511446309      -676.8508794657    102002.7029850792
530000     -6863.1048215918        90.9494851147      -676.6783729048    102002.7029850792
531000     -6863.1888457586        90.9415100427      -676.9877226084    102002.7029850792
532000     -6863.2827983329        90.9335017231      -677.1553791161    102002.7029850792
533000     -6863.2512366383        90.9360674482      -677.3728031597    102002.7029850792
534000     -6862.8426851212        90.9737677654      -677.6622383618    102002.7029850792
535000     -6862.8099410434        90.9767858887      -678.0939948965    102002.7029850792
536000     -6862.6650534195        90.9925744240      -678.3849470511    102002.7029850792
537000     -6862.4485024190        91.0129324459      -678.0357857110    102002.7029850792
538000     -6862.3410307503        91.0202657348      -678.3014116300    102002.7029850792
539000     -6862.1918001001        91.0349427636      -678.7603374345    102002.7029850791
540000     -6862.0201472130        91.0538432885      -678.3799364206    102002.7029850791
541000     -6862.0210490052        91.0528929866      -678.3523263709    102002.7029850791
542000     -6862.3030953400        91.0265343760      -678.8322013764    102002.7029850791
543000     -6862.3218406636        91.0253869521      -678.9042310683    102002.7029850791
544000     -6862.1443887891        91.0437665114      -678.8405398444    102002.7029850791
545000     -6862.2543119884        91.0328010010      -679.5815721699    102002.7029850791
546000     -6862.3312951848        91.0244617928      -680.0019440411    102002.7029850791
547000     -6862.3536176091        91.0237493916      -679.8615576297    102002.7029850791
548000     -6862.3162348930        91.0257416668      -679.8665233504    102002.7029850791
549000     -6862.2553759697        91.0306465353      -679.9470142848    102002.7029850791
550000     -6862.0843554990        91.0460463266      -679.8148389199    102002.7029850791
551000     -6862.0737636786        91.0463628385      -679.3859220680    102002.7029850791
552000     -6862.0496251206        91.0488591479      -679.1920648040    102002.7029850791
553000     -6861.9559062764        91.0579708163      -679.1483111713    102002.7029850791
554000     -6861.8177870180        91.0703022115      -679.0698114504    102002.7029850791
555000     -6861.8148065691        91.0724011941      -678.5279156706    102002.7029850791
556000     -6861.8503390387        91.0675870185      -678.8144871640    102002.7029850791
557000     -6861.7443983808        91.0769106614      -678.2645549144    102002.7029850791
558000     -6861.7146725689        91.0796977180      -677.7359231136    102002.7029850791
559000     -6861.5869120983        91.0913795955      -677.8749719651    102002.7029850791
560000     -6861.6181393709        91.0890585198      -677.5211130357    102002.7029850791
561000     -6861.6857421524        91.0805743132      -677.2370585691    102002.7029850791
562000     -6861.8264512646        91.0666882298      -677.0751701979    102002.7029850791
563000     -6861.7884178342        91.0695065559      -677.2845789815    102002.7029850791
564000     -6861.7887711740        91.0702565596      -677.0385971482    102002.7029850791
565000     -6861.6434557088        91.0831565729      -676.9216900309    102002.7029850791
566000     -6861.6056931236        91.0849638392      -677.1587658024    102002.7029850791
567000     -6861.7977386766        91.0669649107      -676.9280284043    102002.7029850791
568000     -6861.8251407592        91.0622284066      -676.8120233959    102002.7029850791
569000     -6861.9959605725        91.0459442995      -676.6418158771    102002.7029850791
570000     -6862.0777943539        91.0382078957      -676.7122764413    102002.7029850791
571000     -6862.0913691735        91.0355688169      -676.8124924937    102002.7029850791
572000     -6862.0420967528        91.0393146160      -676.5926140858    102002.7029850791
573000     -6862.0439756700        91.0402565060      -676.8118901976    102002.7029850791
574000     -6862.1480549279        91.0288828252      -676.8707280802    102002.7029850791
575000     -6862.1753051544        91.0255799113      -676.7041361098    102002.7029850791
576000     -6862.1605878341        91.0284220242      -676.5961349543    102002.7029850791
577000     -6862.2806523471        91.0177078133      -676.6261440287    102002.7029850791
578000     -6862.3394207581        91.0107928632      -676.5394356962    102002.7029850791
579000     -6862.4231744141        91.0040376626      -676.3520789802    102002.7029850791
580000     -6862.3434017494        91.0122468703      -676.2347421891    102002.7029850791
581000     -6862.2823856061        91.0179232767      -676.2144620295    102002.7029850791
582000     -6862.2710003007        91.0194931044      -675.9242849189    102002.7029850791
583000     -6862.2475609618        91.0227110463      -675.7110349364    102002.7029850791
584000     -6862.3418231709        91.0136089148      -675.6177882585    102002.7029850791
585000     -6862.3197452739        91.0142362172      -675.5825584642    102002.7029850791
586000     -6862.2855243833        91.0178522936      -675.4747208695    102002.7029850791
587000     -6862.1832303894        91.0263106326      -675.5871878129    102002.7029850791
588000     -6862.1817338172        91.0267412446      -675.4114674982    102002.7029850791
589000     -6862.2067947407        91.0249256663      -675.0110840695    102002.7029850791
590000     -6862.2121747267        91.0239432026      -675.1525425433    102002.7029850791
591000     -6862.1502370676        91.0303427561      -675.2007292062    102002.7029850792
592000     -6862.1742693604        91.0282083391      -675.0589437298    102002.7029850792
593000     -6862.2552908355        91.0199646013      -675.0610552829    102002.7029850792
594000     -6862.2810854035        91.0172808539      -675.0440362151    102002.7029850792
595000     -6862.3424237226        91.0122917193      -674.8137692975    102002.7029850792
596000     -6862.3457920609        91.0113848162      -674.6836404478    102002.7029850792
597000     -6862.2838613236        91.0172264444      -674.8825212172    102002.7029850792
598000     -6862.3576426090        91.0103571353      -674.5338675607    102002.7029850792
599000     -6862.4239825023        91.0032779055      -674.4202026192    102002.7029850792
600000     -6862.4677569661        90.9993267081      -674.6784856338    102002.7029850792
601000     -6862.5009640202        90.9959830426      -674.7727862073    102002.7029850792
602000     -6862.5011739919        90.9965112225      -674.6487614220    102002.7029850792
603000     -6862.3971519982        91.0057704189      -674.6183580107    102002.7029850792
604000     -6862.4006506646        91.0051809904      -674.6139239643    102002.7029850793
605000     -6862.4538287350        91.0002262352      -674.4420224916    102002.7029850793
606000     -6862.5514478532        90.9917601843      -674.1878895672    102002.7029850793
607000     -6862.5413289552        90.9922003780      -674.1879408787    102002.7029850793
608000     -6862.5465438096        90.9910886387      -674.2574241121    102002.7029850793
609000     -6862.4853364424        90.9972474521      -673.9114994833    102002.7029850793
610000     -6862.4072757906        91.0041613122      -673.7416356470    102002.7029850793
611000     -6862.4242460678        91.0026327452      -673.9820017260    102002.7029850793
612000     -6862.4627722214        90.9981783802      -673.7049574934    102002.7029850793
613000     -6862.5616481724        90.9893216808      -673.3098522900    102002.7029850793
614000     -6862.5333993307        90.9909109426      -673.5349319306    102002.7029850793
615000     -6862.4918194515        90.9945961728      -673.4078566341    102002.7029850793
616000     -6862.4422566101        90.9995169954      -673.2964343736    102002.7029850793
617000     -6862.4010176026        91.0032725564      -673.5532304424    102002.7029850793
618000     -6862.3723858678        91.0058730570      -673.4731704090    102002.7029850793
619000     -6862.3715468308        91.0059061348      -673.2397245202    102002.7029850793
620000     -6862.4148451146        91.0020413262      -673.1125472135    102002.7029850793
621000     -6862.4590123119        90.9972053336      -673.0458254449    102002.7029850793
622000     -6862.4996416575        90.9931153335      -672.9860711386    102002.7029850794
623000     -6862.4420909732        90.9984408706      -672.7687182160    102002.7029850794
624000     -6862.4575720187        90.9974502338      -672.5964745258    102002.7029850794
625000     -6862.4653155642        90.9965000896      -672.5659370063    102002.7029850794
626000     -6862.5094084096        90.9916359157      -672.5741104172    102002.7029850794
627000     -6862.5075661559        90.9922385167      -672.3909823954    102002.7029850794
628000     -6862.4434738532        90.9983507897      -672.4261991947    102002.7029850794
629000     -6862.3834813057        91.0033236453      -672.3669282703    102002.7029850794
630000     -6862.4080595898        91.0009545437      -672.1551606191    102002.7029850794
631000     -6862.4371890621        90.9984683451      -672.0848840553    102002.7029850794
632000     -6862.4325696706        90.9986013635      -672.0198487068    102002.7029850794
633000     -6862.4038707799        91.0009007196      -671.8637829946    102002.7029850794
634000     -6862.4432953097        90.9964568221      -671.8042256912    102002.7029850794
635000     -6862.4636535890        90.9949834373      -671.7491419499    102002.7029850794
636000     -6862.4604680661        90.9953426537      -671.6004782869    102002.7029850794
637000     -6862.5094895326        90.9898612627      -671.4052734876    102002.7029850794
638000     -6862.5134136887        90.9896361859      -671.2678997485    102002.7029850794
639000     -6862.4733230045        90.9938686256      -671.0841268141    102002.7029850794
640000     -6862.4357483086        90.9971762201      -671.0619514936    102002.7029850794
641000     -6862.4057873913        90.9999673679      -670.9906632574    102002.7029850794
642000     -6862.3882183283        91.0021916953      -670.8728069286    102002.7029850794
643000     -6862.4367400959        90.9981926655      -670.7176349105    102002.7029850794
644000     -6862.4536951044        90.9954681438      -670.7668606241    102002.7029850794
645000     -6862.4108907880        90.9989756788      -670.7953528937    102002.7029850794
646000     -6862.4065183465        90.9994668691      -670.7850199046    102002.7029850795
647000     -6862.4008037274        90.9994007608      -670.7281230448    102002.7029850795
648000     -6862.3333253740        91.0060528407      -670.6000825724    102002.7029850795
649000     -6862.3369326303        91.0058153033      -670.5516416329    102002.7029850795
650000     -6862.3368224734        91.0060604201      -670.3868361948    102002.7029850795
651000     -6862.3755221321        91.0019660681      -670.3907261731    102002.7029850795
652000     -6862.3745844333        91.0017018126      -670.4834478585    102002.7029850795
653000     -6862.3911406425        91.0002496031      -670.3436769987    102002.7029850795
654000     -6862.4308084395        90.9963914390      -670.1659434982    102002.7029850795
655000     -6862.3979052782        90.9996595497      -670.1347782958    102002.7029850795
656000     -6862.3642011035        91.0023168623      -670.0201696052    102002.7029850795
657000     -6862.3638670157        91.0019057795      -669.8494608274    102002.7029850795
658000     -6862.3824254154        91.0000417344      -669.8526644958    102002.7029850795
659000     -6862.4377739779        90.9947634447      -669.9303446233    102002.7029850795
660000     -6862.4646016472        90.9920688016      -669.8693439979    102002.7029850795
661000     -6862.4847164097        90.9904830351      -669.7848069147    102002.7029850795
662000     -6862.4511339108        90.9938992631      -669.8092314608    102002.7029850795
663000     -6862.4143581549        90.9974128394      -669.8868629512    102002.7029850795
664000     -6862.3717170121        91.0016366491      -669.7817462827    102002.7029850795
665000     -6862.3546958336        91.0036176230      -669.7207437746    102002.7029850795
666000     -6862.3739976694        91.0018281367      -669.8649603470    102002.7029850795
667000     -6862.3711333011        91.0022148373      -669.7579374399    102002.7029850795
668000     -6862.3474397062        91.0043543781      -669.7274870588    102002.7029850795
669000     -6862.3549917438        91.0042226607      -669.8114520104    102002.7029850795
670000     -6862.4013086087        90.9999827927      -669.8137278668    102002.7029850795
671000     -6862.4398640179        90.9965011838      -669.7981694242    102002.7029850795
672000     -6862.4661707898        90.9944444114      -669.7671576614    102002.7029850795
673000     -6862.4923460896        90.9916043174      -669.7869366594    102002.7029850795
674000     -6862.5357287685        90.9875196116      -669.7000976989    102002.7029850794
675000     -6862.5370761943        90.9874819257      -669.6021184728    102002.7029850794
676000     -6862.4852996889        90.9924296597      -669.6454496628    102002.7029850794
677000     -6862.4336572725        90.9969419678      -669.7365013294    102002.7029850794
678000     -6862.4352328861        90.9969299316      -669.6201285861    102002.7029850794
679000     -6862.3999788290        91.0001497549      -669.4883055420    102002.7029850794
680000     -6862.3771865228        91.0021365814      -669.4688665009    102002.7029850794
681000     -6862.3898613572        91.0004658212      -669.4479125218    102002.7029850794
682000     -6862.4105710160        90.9987241929      -669.4417084998    102002.7029850794
683000     -6862.4305534214        90.9963124821      -669.5033976573    102002.7029850794
684000     -6862.4145177629        90.9978351615      -669.4238910999    102002.7029850794
685000     -6862.3641834755        91.0026957466      -669.3683513775    102002.7029850794
686000     -6862.3332407177        91.0056511417      -669.3345904943    102002.7029850794
687000     -6862.2828590998        91.0106542343      -669.3275968571    102002.7029850794
688000     -6862.2966704102        91.0089488606      -669.3939546218    102002.7029850793
689000     -6862.3503861545        91.0040683120      -669.3834861186    102002.7029850793
690000     -6862.3538883868        91.0038566414      -669.4742532120    102002.7029850793
691000     -6862.3951155108        90.9999917121      -669.3889028729    102002.7029850793
692000     -6862.3829152399        91.0008879054      -669.3165881362    102002.7029850793
693000     -6862.3737692960        91.0017766752      -669.3505501489    102002.7029850793
694000     -6862.3800252669        91.0012695788      -669.2639673276    102002.7029850793
695000     -6862.4034515031        90.9982833034      -669.2939922248    102002.7029850793
696000     -6862.4049304896        90.9982848293      -669.3832141542    102002.7029850793
697000     -6862.3856730407        91.0005035776      -669.2941567920    102002.7029850793
698000     -6862.3576634957        91.0026277348      -669.2175975043    102002.7029850793
699000     -6862.3460817145        91.0035905815      -669.1974465487    102002.7029850793
700000     -6862.3425419658        91.0042600914      -669.2561430908    102002.7029850793
701000     -6862.3044780684        91.0080122196      -669.3625718163    102002.7029850793
702000     -6862.2784050143        91.0106276699      -669.2612745702    102002.7029850793
703000     -6862.2456290763        91.0129853396      -669.1989405102    102002.7029850793
704000     -6862.2531385921        91.0124579749      -669.1252494297    102002.7029850792
705000     -6862.2707028675        91.0101435760      -669.0010176843    102002.7029850792
706000     -6862.3026300731        91.0069192174      -668.9613328844    102002.7029850792
707000     -6862.3128761800        91.0058921386      -669.0678303556    102002.7029850792
708000     -6862.3146915650        91.0056041965      -669.0527009923    102002.7029850792
709000     -6862.3484422465        91.0027334899      -668.9472833229    102002.7029850792
710000     -6862.3469934026        91.0024504818      -668.9715695710    102002.7029850792
711000     -6862.3548418011        91.0014194485      -668.9241569065    102002.7029850792
712000     -6862.3607536969        91.0008642383      -668.8713604077    102002.7029850792
713000     -6862.4070234906        90.9967002112      -669.0194778109    102002.7029850792
714000     -6862.4250339735        90.9950317149      -669.0608657915    102002.7029850792
715000     -6862.4285387072        90.9948586478      -668.9748998472    102002.7029850792
716000     -6862.4411900134        90.9938106074      -668.9580129031    102002.7029850792
717000     -6862.4635206444        90.9918790727      -668.9506511120    102002.7029850792
718000     -6862.4996141750        90.9884069541      -668.9351728394    102002.7029850792
719000     -6862.4627156983        90.9919046174      -668.9536839095    102002.7029850792
720000     -6862.4342021940        90.9945734390      -668.9739421459    102002.7029850792
721000     -6862.4250584563        90.9959508068      -668.9691478091    102002.7029850792
722000     -6862.4300025720        90.9956111110      -668.9558982083    102002.7029850792
723000     -6862.4729490468        90.9919804627      -668.9308899420    102002.7029850792
724000     -6862.4789341051        90.9910647870      -669.0268967236    102002.7029850791
725000     -6862.5203964307        90.9870982591      -669.0040285408    102002.7029850791
726000     -6862.5468921443        90.9846162753      -669.0272019868    102002.7029850791
727000     -6862.5640186160        90.9831563162      -669.0701659749    102002.7029850791
728000     -6862.5663433659        90.9832887244      -669.0168725902    102002.7029850791
729000     -6862.5353459004        90.9862890286      -669.0186156306    102002.7029850791
730000     -6862.5416803981        90.9857807745      -669.1180827820    102002.7029850791
731000     -6862.5420287909        90.9857422285      -669.1827064621    102002.7029850791
732000     -6862.5412170012        90.9859621108      -669.2389967657    102002.7029850791
733000     -6862.5193415396        90.9882505368      -669.2004370920    102002.7029850791
734000     -6862.4879026466        90.9915176119      -669.2517807458    102002.7029850791
735000     -6862.4631959411        90.9939923385      -669.3808878543    102002.7029850791
736000     -6862.4480206510        90.9958218535      -669.4234733712    102002.7029850791
737000     -6862.4376561209        90.9968280456      -669.4806117511    102002.7029850791
738000     -6862.4204989929        90.9982024616      -669.6426306922    102002.7029850791
739000     -6862.4032259369        90.9995939756      -669.6238694432    102002.7029850791
740000     -6862.3652217489        91.0030826290      -669.6616190253    102002.7029850791
741000     -6862.3761640284        91.0019481623      -669.7323005815    102002.7029850791
742000     -6862.3472965141        91.0050751270      -669.7524978661    102002.7029850791
743000     -6862.3384149014        91.0057246045      -669.8746222367    102002.7029850791
744000     -6862.3068197227        91.0089813068      -669.9549683961    102002.7029850791
745000     -6862.2785455885        91.0114026076      -670.0209356533    102002.7029850791
746000     -6862.2765667044        91.0119881862      -670.0622056124    102002.7029850791
747000     -6862.2611737635        91.0131332495      -670.2291960137    102002.7029850791
748000     -6862.2887874618        91.0107400487      -670.3719838037    102002.7029850790
749000     -6862.3194719617        91.0076714839      -670.4362386286    102002.7029850790
750000     -6862.3213827710        91.0072301220      -670.4985168311    102002.7029850790
751000     -6862.3006469435        91.0094553882      -670.5659615742    102002.7029850790
752000     -6862.2627474281        91.0128284226      -670.5940514001    102002.7029850790
753000     -6862.2610365592        91.0131255114      -670.6392119807    102002.7029850790
754000     -6862.2982105115        91.0095519330      -670.6976704565    102002.7029850790
755000     -6862.3076609841        91.0087796669      -670.8042609634    102002.7029850790
756000     -6862.3455071564        91.0052561006      -670.7761766412    102002.7029850790
757000     -6862.3600337015        91.0038981851      -670.8266476885    102002.7029850790
758000     -6862.3838232151        91.0015048564      -670.8889674480    102002.7029850790
759000     -6862.4122693047        90.9990007735      -670.9006634379    102002.7029850790
760000     -6862.4133079896        90.9987673285      -670.8928244068    102002.7029850790
761000     -6862.4115457838        90.9990397803      -671.0246246477    102002.7029850790
762000     -6862.4347412706        90.9967310538      -671.0703650294    102002.7029850790
763000     -6862.4532603582        90.9946862207      -671.0264478692    102002.7029850790
764000     -6862.4474004653        90.9954430850      -671.0061209910    102002.7029850790
765000     -6862.4675531484        90.9933803697      -671.0912495649    102002.7029850790
766000     -6862.4841631523        90.9916807917      -671.0820685945    102002.7029850790
767000     -6862.4923066294        90.9906207826      -671.1337972394    102002.7029850790
768000     -6862.4928290824        90.9903820758      -671.1900118001    102002.7029850790
769000     -6862.5252248757        90.9874494582      -671.0835198844    102002.7029850790
770000     -6862.5269955526        90.9869844517      -671.1110430636    102002.7029850790
771000     -6862.5112167775        90.9886191808      -671.1015267511    102002.7029850790
772000     -6862.4743930138        90.9921534153      -671.1346976261    102002.7029850790
773000     -6862.4674801785        90.9927784513      -671.2537050325    102002.7029850790
774000     -6862.4568280842        90.9941407466      -671.3106351722    102002.7029850790
775000     -6862.4178992959        90.9976844486      -671.4122477155    102002.7029850790
776000     -6862.4132245652        90.9983485178      -671.4018747473    102002.7029850790
777000     -6862.4524122689        90.9944905742      -671.3902615057    102002.7029850789
778000     -6862.4549282215        90.9945479188      -671.3963849596    102002.7029850789
779000     -6862.4347458846        90.9964566361      -671.4382058800    102002.7029850789
780000     -6862.4410550907        90.9957853571      -671.4698234142    102002.7029850789
781000     -6862.4413066591        90.9960740899      -671.3951479422    102002.7029850789
782000     -6862.4290532827        90.9969728282      -671.3887903488    102002.7029850789
783000     -6862.4425946048        90.9955190089      -671.3929979369    102002.7029850789
784000     -6862.4648615038        90.9937036208      -671.3323352404    102002.7029850789
785000     -6862.4635907216        90.9937813369      -671.4029522183    102002.7029850789
786000     -6862.4346760316        90.9964250352      -671.4050077065    102002.7029850789
787000     -6862.4386121369        90.9962559373      -671.3350699420    102002.7029850789
788000     -6862.4545662636        90.9947453898      -671.3248602890    102002.7029850789
789000     -6862.4677394973        90.9937334909      -671.2399567063    102002.7029850789
790000     -6862.4517995035        90.9951022026      -671.2312946098    102002.7029850789
791000     -6862.4221868664        90.9982392556      -671.3441976720    102002.7029850789
792000     -6862.4134498737        90.9989832108      -671.3874541995    102002.7029850789
793000     -6862.3989484472        91.0004173305      -671.3600368701    102002.7029850789
794000     -6862.3706716084        91.0029189332      -671.3635899737    102002.7029850789
795000     -6862.3489259691        91.0052001562      -671.3270010162    102002.7029850789
796000     -6862.3527107260        91.0053937912      -671.2531364005    102002.7029850789
797000     -6862.3526374831        91.0051513069      -671.4005291906    102002.7029850789
798000     -6862.3080141832        91.0094973476      -671.4953577467    102002.7029850789
799000     -6862.3098489942        91.0096574552      -671.5022848547    102002.7029850789
800000     -6862.3239942137        91.0083968031      -671.5114679174    102002.7029850789
801000     -6862.3083324470        91.0098364827      -671.4802235125    102002.7029850789
802000     -6862.2832229842        91.0123417303      -671.5662716582    102002.7029850789
803000     -6862.2866472504        91.0122727782      -671.6178268886    102002.7029850789
804000     -6862.3073786880        91.0101603638      -671.6457639343    102002.7029850789
805000     -6862.3308103729        91.0079514842      -671.6719266124    102002.7029850789
806000     -6862.3672782338        91.0045851343      -671.6542259759    102002.7029850789
807000     -6862.3651414139        91.0048960886      -671.6527655078    102002.7029850789
808000     -6862.3601029658        91.0054906484      -671.6261493737    102002.7029850789
809000     -6862.3288688161        91.0082364951      -671.6414624926    102002.7029850789
810000     -6862.3211209093        91.0089982769      -671.6007109789    102002.7029850789
811000     -6862.2865818383        91.0124104844      -671.5636568356    102002.7029850789
812000     -6862.2724211370        91.0136526711      -671.5578122419    102002.7029850789
813000     -6862.2480527096        91.0161782524      -671.5205900959    102002.7029850789
814000     -6862.2367229412        91.0171027607      -671.4585521032    102002.7029850789
815000     -6862.2384279125        91.0168845629      -671.4930035161    102002.7029850788
816000     -6862.2641734135        91.0143544424      -671.5003051358    102002.7029850788
817000     -6862.2617157949        91.0143209840      -671.4435344591    102002.7029850788
818000     -6862.2619842058        91.0143306469      -671.3586949632    102002.7029850788
819000     -6862.2521483826        91.0150943976      -671.3349269069    102002.7029850788
820000     -6862.2276041061        91.0172246968      -671.3612816135    102002.7029850788
821000     -6862.2374367319        91.0163404420      -671.3645288970    102002.7029850788
822000     -6862.2198064927        91.0178703599      -671.4104550565    102002.7029850788
823000     -6862.2171033270        91.0182298436      -671.4389223412    102002.7029850788
824000     -6862.2062274884        91.0192828876      -671.4419652707    102002.7029850788
825000     -6862.2055478915        91.0193640795      -671.4873954536    102002.7029850788
826000     -6862.1976864637        91.0200442893      -671.5460355896    102002.7029850788
827000     -6862.2316954174        91.0168623396      -671.5648669354    102002.7029850788
828000     -6862.2223048555        91.0176583617      -671.6423780387    102002.7029850788
829000     -6862.2363646534        91.0163766989      -671.6372925377    102002.7029850788
830000     -6862.2393090050        91.0160524619      -671.6562046858    102002.7029850788
831000     -6862.2348903134        91.0162149053      -671.6895699477    102002.7029850788
832000     -6862.2420466550        91.0154469731      -671.7075556356    102002.7029850788
833000     -6862.2142675656        91.0181226503      -671.7855603573    102002.7029850788
834000     -6862.2118772350        91.0183027908      -671.8365049543    102002.7029850788
835000     -6862.2001551791        91.0191180197      -671.9159229744    102002.7029850788
836000     -6862.1833224083        91.0206972253      -671.9499500545    102002.7029850788
837000     -6862.1619471509        91.0229985706      -671.9318147522    102002.7029850788
838000     -6862.1609538379        91.0227464707      -671.9797873034    102002.7029850788
839000     -6862.1460854083        91.0239010394      -672.0633281546    102002.7029850788
840000     -6862.1152914691        91.0269805065      -672.1301418381    102002.7029850788
841000     -6862.1088915542        91.0280321909      -672.1249499405    102002.7029850788
842000     -6862.1198084886        91.0267324102      -672.1002191905    102002.7029850788
843000     -6862.1114897521        91.0271381562      -672.1492583507    102002.7029850788
844000     -6862.1003973538        91.0282310170      -672.1686066357    102002.7029850788
845000     -6862.0925598434        91.0293517561      -672.2415173470    102002.7029850788
846000     -6862.1009457541        91.0282195816      -672.3073238327    102002.7029850788
847000     -6862.1162948755        91.0268216908      -672.3501818539    102002.7029850788
848000     -6862.1230275572        91.0260008581      -672.3639767579    102002.7029850788
849000     -6862.1463929954        91.0238334521      -672.3539474782    102002.7029850788
850000     -6862.1556690162        91.0226365661      -672.4438640361    102002.7029850788
851000     -6862.1777030124        91.0205311267      -672.4583354467    102002.7029850788
852000     -6862.1908824346        91.0194563604      -672.4651677795    102002.7029850788
853000     -6862.1892659023        91.0196967435      -672.4588252285    102002.7029850788
854000     -6862.2051551313        91.0179459264      -672.4031760756    102002.7029850788
855000     -6862.2221341490        91.0160025619      -672.4021854038    102002.7029850788
856000     -6862.2308534050        91.0152806377      -672.4202577905    102002.7029850788
857000     -6862.2351923273        91.0147118119      -672.4922427766    102002.7029850788
858000     -6862.2143188797        91.0167302054      -672.5539596915    102002.7029850788
859000     -6862.2049914597        91.0175447176      -672.5586010548    102002.7029850788
860000     -6862.1872844999        91.0190500600      -672.6165784162    102002.7029850788
861000     -6862.1869723643        91.0190854472      -672.6525083263    102002.7029850788
862000     -6862.1860347078        91.0187804799      -672.6673763692    102002.7029850788
863000     -6862.2031093922        91.0172699887      -672.6885891936    102002.7029850788
864000     -6862.2134087449        91.0165162448      -672.7470330173    102002.7029850788
865000     -6862.2142621502        91.0163574428      -672.7895650074    102002.7029850788
866000     -6862.2164230297        91.0162173978      -672.8127064284    102002.7029850788
867000     -6862.2209570033        91.0154655570      -672.9080369609    102002.7029850788
868000     -6862.2173127358        91.0159253765      -672.9641888818    102002.7029850788
869000     -6862.1985279595        91.0177264930      -673.0743324806    102002.7029850788
870000     -6862.1902762449        91.0184366851      -673.2162835109    102002.7029850787
871000     -6862.2039797382        91.0172598616      -673.2486891775    102002.7029850787
872000     -6862.2225303609        91.0155397890      -673.2419533482    102002.7029850787
873000     -6862.2318704067        91.0144675093      -673.2721278684    102002.7029850787
874000     -6862.2498739129        91.0126848269      -673.3360015358    102002.7029850787
875000     -6862.2664241143        91.0113356318      -673.4191991303    102002.7029850787
876000     -6862.2835176052        91.0095572233      -673.4978118303    102002.7029850787
877000     -6862.2740842150        91.0098493778      -673.5793353207    102002.7029850787
878000     -6862.2439010786        91.0125303794      -673.5912154218    102002.7029850787
879000     -6862.2463707639        91.0124810943      -673.5657482502    102002.7029850787
880000     -6862.2624212545        91.0109733402      -673.5995892676    102002.7029850787
881000     -6862.2761501947        91.0094520231      -673.6797903342    102002.7029850787
882000     -6862.2927256219        91.0080421546      -673.6760041081    102002.7029850787
883000     -6862.2862350331        91.0086236537      -673.6744600021    102002.7029850787
884000     -6862.3077706555        91.0064313315      -673.7165391285    102002.7029850787
885000     -6862.3034662045        91.0066117366      -673.7101373301    102002.7029850787
886000     -6862.2889944954        91.0078218661      -673.7672429485    102002.7029850787
887000     -6862.2815242876        91.0086611836      -673.8306771993    102002.7029850787
888000     -6862.2937087483        91.0076122893      -673.8939691198    102002.7029850787
889000     -6862.3035399687        91.0064759481      -673.9317368504    102002.7029850787
890000     -6862.3232473383        91.0045636789      -673.9624506768    102002.7029850787
891000     -6862.3464838974        91.0025701247      -673.9496883402    102002.7029850787
892000     -6862.3505853760        91.0023323178      -673.9724699903    102002.7029850787
893000     -6862.3258775428        91.0046506678      -674.0836225705    102002.7029850787
894000     -6862.3308411168        91.0044334571      -674.2127507984    102002.7029850787
895000     -6862.3553101900        91.0024235257      -674.3224155894    102002.7029850787
896000     -6862.3628084381        91.0017242620      -674.3532581654    102002.7029850787
897000     -6862.3875769339        90.9994598340      -674.3886996691    102002.7029850787
898000     -6862.3698242571        91.0009886955      -674.4721180283    102002.7029850787
899000     -6862.3511157539        91.0027178538      -674.5042145347    102002.7029850787
900000     -6862.3569136339        91.0020499780      -674.6162394500    102002.7029850787
901000     -6862.3659765676        91.0011613348      -674.7372478569    102002.7029850787
902000     -6862.3717203370        91.0005040756      -674.8043845120    102002.7029850787
903000     -6862.3795678749        90.9994523991      -674.8912017886    102002.7029850787
904000     -6862.3685923203        91.0004761683      -674.9342371429    102002.7029850787
905000     -6862.3412810253        91.0030368656      -675.0112999381    102002.7029850787
906000     -6862.3428453566        91.0028345990      -675.0739593043    102002.7029850787
907000     -6862.3589069034        91.0014797731      -675.1123437989    102002.7029850787
908000     -6862.3718891785        91.0003613714      -675.1718360382    102002.7029850787
909000     -6862.3781010814        90.9998011231      -675.1769313869    102002.7029850787
910000     -6862.3808455188        90.9995507816      -675.2044787328    102002.7029850787
911000     -6862.3783866790        90.9999142202      -675.2808646796    102002.7029850787
912000     -6862.3809512900        90.9998910604      -675.3137333328    102002.7029850787
913000     -6862.3786082371        91.0001423926      -675.3436539496    102002.7029850787
914000     -6862.3558254307        91.0024776314      -675.4393022213    102002.7029850787
915000     -6862.3510137649        91.0031023773      -675.4552401651    102002.7029850787
916000     -6862.3252393283        91.0055919956      -675.4537486463    102002.7029850787
917000     -6862.3296006317        91.0052190229      -675.4950318440    102002.7029850787
918000     -6862.3457914357        91.0037723883      -675.5508491615    102002.7029850787
919000     -6862.3516091543        91.0033470612      -675.5489638063    102002.7029850787
920000     -6862.3289703568        91.0053024922      -675.5627883420    102002.7029850787
921000     -6862.3346962129        91.0049337909      -675.5579220506    102002.7029850787
922000     -6862.3357352595        91.0049532023      -675.5927990576    102002.7029850787
923000     -6862.3396148863        91.0046348523      -675.6187094925    102002.7029850787
924000     -6862.3430316403        91.0044766626      -675.6393296189    102002.7029850787
925000     -6862.3409146728        91.0045488403      -675.7054687022    102002.7029850787
926000     -6862.3631682931        91.0022428918      -675.7057083778    102002.7029850787
927000     -6862.3726574579        91.0013383724      -675.6850440813    102002.7029850786
928000     -6862.3743641480        91.0012714934      -675.7207485397    102002.7029850786
929000     -6862.3791753693        91.0009449160      -675.7519939695    102002.7029850786
930000     -6862.3813529498        91.0008687220      -675.7661411558    102002.7029850786
931000     -6862.3731176147        91.0016497521      -675.8175564455    102002.7029850786
932000     -6862.3623183653        91.0027874861      -675.8501313573    102002.7029850786
933000     -6862.3521798179        91.0037251688      -675.8043036912    102002.7029850786
934000     -6862.3496154841        91.0040350548      -675.7752254862    102002.7029850786
935000     -6862.3573738379        91.0031036441      -675.8231480687    102002.7029850786
936000     -6862.3703828416        91.0020182831      -675.8053433272    102002.7029850786
937000     -6862.3749400695        91.0014986470      -675.8025725931    102002.7029850786
938000     -6862.3745662902        91.0015589372      -675.8084687315    102002.7029850786
939000     -6862.3748309072        91.0014126997      -675.8051502099    102002.7029850786
940000     -6862.3877076946        91.0000346688      -675.7702790708    102002.7029850786
941000     -6862.3893242629        90.9997911220      -675.7668132738    102002.7029850786
942000     -6862.3869191813        91.0000755918      -675.7797158912    102002.7029850786
943000     -6862.4167324863        90.9972978610      -675.8059492956    102002.7029850786
944000     -6862.4122515735        90.9979203220      -675.8262494882    102002.7029850786
945000     -6862.4028320311        90.9986101091      -675.8520868450    102002.7029850786
946000     -6862.3820490824        91.0005545108      -675.8639052461    102002.7029850786
947000     -6862.3738685350        91.0012767653      -675.8786695124    102002.7029850786
948000     -6862.3554338914        91.0028321091      -675.9130806340    102002.7029850786
949000     -6862.3361519944        91.0048002496      -675.9303205962    102002.7029850786
950000     -6862.3370317849        91.0046374528      -675.9238329701    102002.7029850786
951000     -6862.3565385372        91.0027473889      -675.9113075126    102002.7029850786
952000     -6862.3654313024        91.0018222905      -675.9351694517    102002.7029850786
953000     -6862.3801636835        91.0003751034      -675.9368370970    102002.7029850786
954000     -6862.3851399252        90.9999893085      -675.9502312153    102002.7029850786
955000     -6862.3661049804        91.0018407169      -675.9761728707    102002.7029850786
956000     -6862.3500967117        91.0032498322      -675.9790864251    102002.7029850786
957000     -6862.3258003155        91.0057337648      -675.9217914311    102002.7029850786
958000     -6862.3233407778        91.0061473947      -675.9171885970    102002.7029850786
959000     -6862.3061511780        91.0077639982      -675.9774175172    102002.7029850786
960000     -6862.3037329907        91.0081058258      -676.0056001421    102002.7029850786
961000     -6862.3119322208        91.0075207448      -676.0234815291    102002.7029850786
962000     -6862.3329370198        91.0056386593      -676.0294444059    102002.7029850786
963000     -6862.3407157414        91.0048963214      -676.0134534648    102002.7029850786
964000     -6862.3587816722        91.0031346075      -676.0050382605    102002.7029850786
965000     -6862.3663479499        91.0026299588      -675.9763561710    102002.7029850786
966000     -6862.3674994005        91.0024988434      -675.9742087842    102002.7029850786
967000     -6862.3837588369        91.0008310763      -675.9735327419    102002.7029850786
968000     -6862.3963070304        90.9997967894      -675.9556623651    102002.7029850786
969000     -6862.3817311092        91.0012882283      -675.9466540403    102002.7029850786
970000     -6862.3719411087        91.0021759452      -675.9361418110    102002.7029850786
971000     -6862.3488514922        91.0041208013      -675.9432108475    102002.7029850786
972000     -6862.3455218054        91.0045088502      -675.9471324395    102002.7029850786
973000     -6862.3579519728        91.0033727466      -675.9650436622    102002.7029850786
974000     -6862.3719134587        91.0021096794      -675.9409641481    102002.7029850786
975000     -6862.3853808034        91.0007097382      -675.9531930803    102002.7029850786
976000     -6862.3879815824        91.0006059307      -675.9228686018    102002.7029850786
977000     -6862.3787678794        91.0015441261      -675.8913237947    102002.7029850786
978000     -6862.3574117673        91.0033232355      -675.9216867574    102002.7029850786
979000     -6862.3469039074        91.0042728369      -675.9402653830    102002.7029850786
980000     -6862.3514615461        91.0039520100      -675.9054644228    102002.7029850786
981000     -6862.3577288003        91.0029724355      -675.9158427054    102002.7029850786
982000     -6862.3606069408        91.0027834769      -675.8975405835    102002.7029850786
983000     -6862.3609278447        91.0028085873      -675.8999602569    102002.7029850786
984000     -6862.3557445747        91.0033298824      -675.9368082396    102002.7029850786
985000     -6862.3697080026        91.0020668478      -675.9496467278    102002.7029850786
986000     -6862.3816952896        91.0010065830      -675.9431027525    102002.7029850786
987000     -6862.3771997920        91.0015496195      -675.9010427204    102002.7029850786
988000     -6862.3771769777        91.0015162984      -675.9252170573    102002.7029850786
989000     -6862.3597322657        91.0033313651      -675.9298582102    102002.7029850786
990000     -6862.3597288386        91.0032158318      -675.9569884918    102002.7029850786
991000     -6862.3490318708        91.0042197189      -675.9518257858    102002.7029850786
992000     -6862.3401360279        91.0051716075      -675.9361681766    102002.7029850786
993000     -6862.3400664952        91.0050685004      -675.9465680922    102002.7029850786
994000     -6862.3435130611        91.0047303199      -675.9178913724    102002.7029850786
995000     -6862.3502865550        91.0040963573      -675.8797708284    102002.7029850786
996000     -6862.3566619078        91.0035391856      -675.8643172847    102002.7029850786
997000     -6862.3591319804        91.0031911280      -675.8399212028    102002.7029850786
998000     -6862.3591701928        91.0031723216      -675.8024409275    102002.7029850786
999000     -6862.3366607398        91.0052145416      -675.8033667049    102002.7029850786
1000000     -6862.3329250443        91.0053444538      -675.7936201293    102002.7029850786
