# Time-averaged data for fix runningavgs
# TimeStep v_ra_etotal v_ra_temp v_ra_press v_ra_volume
502000     -7893.3588702475        90.5584105043      -744.9859454955    102002.7029850792
503000     -7890.8193280225        90.6320382321      -755.0579059959    102002.7029850792
504000     -7891.6666153602        90.6899456004      -755.2507129443    102002.7029850792
505000     -7893.2439405538        90.6265348027      -747.8835294416    102002.7029850792
506000     -7891.4809423309        90.7865850807      -742.8307317155    102002.7029850792
507000     -7890.7022003060        90.7847968616      -742.6729732208    102002.7029850792
508000     -7889.5602057064        90.8769215690      -744.4464338163    102002.7029850792
509000     -7887.6166137641        90.9900147968      -749.4849163081    102002.7029850792
510000     -7887.6651416653        90.9778283255      -751.9699620872    102002.7029850792
511000     -7886.7132082549        91.0077513787      -751.4127102385    102002.7029850792
512000     -7885.9247984503        91.0133134872      -754.4294757137    102002.7029850792
513000     -7886.1509751566        90.9886158624      -750.4478626868    102002.7029850792
514000     -7885.2434491141        91.0083639481      -748.3319311539    102002.7029850792
515000     -7885.1940274442        91.0114732814      -749.3688044991    102002.7029850792
516000     -7885.9435083884        90.9628828001      -747.3976850017    102002.7029850792
517000     -7886.0617178022        90.9502839769      -745.6414947290    102002.7029850792
518000     -7886.2811615906        90.9174018336      -745.9615659631    102002.7029850792
519000     -7886.2451439932        90.9134800018      -746.2638593840    102002.7029850792
520000     -7886.2022155676        90.9259696840      -743.9674910028    102002.7029850792
521000     -7886.1665133283        90.9194443690      -743.8198562217    102002.7029850792
522000     -7886.3980408128        90.8956209546      -742.6902635847    102002.7029850792
523000     -7885.8069114984        90.9294685113      -742.3126441375    102002.7029850792
524000     -7885.8745210690        90.9131001138      -740.3013047635    102002.7029850792
525000     -7885.4566401219        90.9283234557      -738.9759706515    102002.7029850792
526000     -7885.7167934592        90.9118373467      -737.6585858185    102002.7029850792
527000     -7884.9556492744        90.9470974097      -738.8567637545    102002.7029850792
528000     -7884.6137466639        90.9527196487      -738.4701723626    102002.7029850792
529000     -7884.3015443487        90.9531025559      -737.2531263729    102002.7029850792
530000     -7884.2190498989        90.9544257462      -736.3990852093    102002.7029850792
531000     -7883.7426872745        90.9731083952      -737.6787702103    102002.7029850792
532000     -7883.5966031719        90.9759877436      -737.7155264337    102002.7029850792
533000     -7883.5206816971        90.9693161414      -736.5604417941    102002.7029850792
534000     -7883.1034257284        90.9896466727      -736.1116261961    102002.7029850792
535000     -7883.2147458534        90.9658438582      -736.7005840463    102002.7029850792
536000     -7883.2586093056        90.9541045643      -735.8190684695    102002.7029850792
537000     -7883.0371277466        90.9483237449      -735.6641563395    102002.7029850792
538000     -7882.9471984452        90.9486824413      -736.4242810648    102002.7029850792
539000     -7882.6445067849        90.9699896007      -736.6768357000    102002.7029850791
540000     -7882.6439682359        90.9577092729      -736.9186464653    102002.7029850791
541000     -7882.5239474052        90.9631607603      -737.3149004325    102002.7029850791
542000     -7882.4740722658        90.9641171636      -736.7151673666    102002.7029850791
543000     -7882.1789631137        90.9826700663      -736.7601661611    102002.7029850791
544000     -7882.2384084466        90.9677926467      -737.3205019687    102002.7029850791
545000     -7882.0893048051        90.9846014477      -737.2363338159    102002.7029850791
546000     -7882.2364173426        90.9888759987      -737.7739350362    102002.7029850791
547000     -7882.1411611556        90.9991973224      -738.8575811924    102002.7029850791
548000     -7882.1256002078        90.9937109093      -738.6992823930    102002.7029850791
549000     -7882.2793478171        90.9783187824      -738.7398848950    102002.7029850791
550000     -7882.3647470018        90.9729616028      -739.3860053710    102002.7029850791
551000     -7882.3403551954        90.9703780276      -739.2233941268    102002.7029850791
552000     -7882.2355808428        90.9728720260      -739.7402765357    102002.7029850791
553000     -7882.2454200898        90.9595874540      -740.0264606402    102002.7029850791
554000     -7882.3399830590        90.9458885002      -740.3340554603    102002.7029850791
555000     -7882.2887186108        90.9483027490      -740.7152382064    102002.7029850791
556000     -7882.0706959360        90.9621085819      -740.5135492948    102002.7029850791
557000     -7882.0729135615        90.9516235057      -740.6617710758    102002.7029850791
558000     -7882.1910389450        90.9498367622      -740.4439829410    102002.7029850791
559000     -7882.0969268728        90.9569719984      -740.9653098800    102002.7029850791
560000     -7882.0821126538        90.9612011958      -741.5908201172    102002.7029850791
561000     -7881.9326945121        90.9754733683      -742.0823001878    102002.7029850791
562000     -7881.9931456312        90.9786058342      -742.3152056373    102002.7029850791
563000     -7882.0952446565        90.9778876453      -743.0321207231    102002.7029850791
564000     -7881.9820582068        90.9875001351      -742.7136018734    102002.7029850791
565000     -7882.0835233518        90.9851684017      -742.8302757311    102002.7029850791
566000     -7882.1389234830        90.9848447358      -742.8945551610    102002.7029850791
567000     -7882.3115092398        90.9827299451      -742.9019121384    102002.7029850791
568000     -7882.3227105609        90.9876894308      -743.1812058858    102002.7029850791
569000     -7882.3551517515        90.9945972924      -743.6845293450    102002.7029850791
570000     -7882.4049748897        90.9965307013      -744.0838912793    102002.7029850791
571000     -7882.4722364011        90.9996739559      -743.9578134433    102002.7029850791
572000     -7882.5824902650        91.0002309567      -743.7149620114    102002.7029850791
573000     -7882.5768003015        91.0037973713      -743.3318877343    102002.7029850791
574000     -7882.4875626607        91.0154298362      -742.9340792831    102002.7029850791
575000     -7882.4369740086        91.0233186940      -742.9841873618    102002.7029850791
576000     -7882.5494165782        91.0206807749      -743.0065982654    102002.7029850791
577000     -7882.7479178981        91.0152551679      -742.6943608949    102002.7029850791
578000     -7882.8491778681        91.0171245468      -742.7666337674    102002.7029850791
579000     -7883.0140440842        91.0178336736      -742.2849724178    102002.7029850791
580000     -7883.1470889318        91.0150321601      -741.8203688798    102002.7029850791
581000     -7883.3541929541        91.0029315303      -741.9950293910    102002.7029850791
582000     -7883.4154377875        91.0055122974      -742.4174387245    102002.7029850791
583000     -7883.6197395326        91.0018743720      -742.6077145965    102002.7029850791
584000     -7883.7151647139        91.0027367683      -742.8052870476    102002.7029850791
585000     -7883.6972613037        91.0098725506      -743.0399389582    102002.7029850791
586000     -7883.7656634016        91.0110005255      -743.1344886540    102002.7029850791
587000     -7883.8396034216        91.0081666831      -743.5150347974    102002.7029850791
588000     -7883.8333217515        91.0134793496      -743.4633187552    102002.7029850791
589000     -7883.8554600876        91.0156235477      -743.8572790798    102002.7029850791
590000     -7883.9003282088        91.0180276330      -744.2610726856    102002.7029850791
591000     -7884.1612399138        91.0077554669      -744.2354438826    102002.7029850792
592000     -7884.2176064977        91.0093939120      -744.1642479965    102002.7029850792
593000     -7884.2565785421        91.0078430034      -744.0564197421    102002.7029850792
594000     -7884.4202108067        91.0050908763      -743.8166656016    102002.7029850792
595000     -7884.5554822344        91.0018587405      -743.9310215025    102002.7029850792
596000     -7884.5616841913        91.0058146466      -743.7224549303    102002.7029850792
597000     -7884.5772141543        91.0103457601      -743.9454913944    102002.7029850792
598000     -7884.6601194192        91.0120626941      -744.3027631040    102002.7029850792
599000     -7884.7915741235        91.0111197262      -744.1239398797    102002.7029850792
600000     -7884.9160791138        91.0067180888      -743.8318251746    102002.7029850792
601000     -7885.0408211557        91.0027224554      -743.7160864829    102002.7029850792
602000     -7885.2014157113        90.9970428635      -743.5022500855    102002.7029850792
603000     -7885.2854432275        90.9979025450      -743.4000486010    102002.7029850792
604000     -7885.4745362499        90.9911504498      -743.1828543249    102002.7029850793
605000     -7885.5916207040        90.9927198232      -743.0683697362    102002.7029850793
606000     -7885.7287767849        90.9899310373      -743.1903190012    102002.7029850793
607000     -7885.8240258875        90.9870623785      -743.3510345027    102002.7029850793
608000     -7885.9723429764        90.9829789454      -743.0173852788    102002.7029850793
609000     -7886.1068392083        90.9775139010      -742.8201427141    102002.7029850793
610000     -7886.1770459059        90.9796184946      -742.7137956691    102002.7029850793
611000     -7886.3320273669        90.9737895829      -742.4642369059    102002.7029850793
612000     -7886.4523716538        90.9695935114      -742.1849764425    102002.7029850793
613000     -7886.4844527547        90.9712836027      -742.0824881799    102002.7029850793
614000     -7886.4901552263        90.9770279083      -741.6786744260    102002.7029850793
615000     -7886.5125615648        90.9771936365      -741.6977261052    102002.7029850793
616000     -7886.6418577584        90.9729125197      -741.5289046430    102002.7029850793
617000     -7886.6778882255        90.9781370131      -741.4576001164    102002.7029850793
618000     -7886.7744692323        90.9772178018      -741.2070887988    102002.7029850793
619000     -7886.8510555278        90.9774553198      -741.2137417885    102002.7029850793
620000     -7886.9728716525        90.9744224511      -740.8765765224    102002.7029850793
621000     -7886.9618020648        90.9783830841      -740.5225094386    102002.7029850793
622000     -7886.9245680287        90.9819613144      -740.6384722780    102002.7029850794
623000     -7887.0273883499        90.9791703888      -740.6973033306    102002.7029850794
624000     -7887.1431171574        90.9757052173      -740.9022481969    102002.7029850794
625000     -7887.1816542891        90.9755438875      -740.5602957688    102002.7029850794
626000     -7887.2324419700        90.9732972006      -740.7875195396    102002.7029850794
627000     -7887.2833268833        90.9724859983      -740.6824740485    102002.7029850794
628000     -7887.2860403589        90.9744669596      -740.4617902702    102002.7029850794
629000     -7887.2756673713        90.9787447317      -740.5434713616    102002.7029850794
630000     -7887.2999415758        90.9773909489      -740.9107678694    102002.7029850794
631000     -7887.4099237308        90.9723078797      -740.9114222385    102002.7029850794
632000     -7887.4622092543        90.9739270617      -740.8981771743    102002.7029850794
633000     -7887.4886312134        90.9724578366      -741.2481194416    102002.7029850794
634000     -7887.5404947823        90.9686028997      -741.2968396568    102002.7029850794
635000     -7887.5481920663        90.9707475827      -741.3055570637    102002.7029850794
636000     -7887.5213957476        90.9711421790      -741.4963583057    102002.7029850794
637000     -7887.5960707179        90.9691400519      -741.5796481469    102002.7029850794
638000     -7887.6626489054        90.9644762052      -741.8666167242    102002.7029850794
639000     -7887.6247609961        90.9666849702      -742.1814014084    102002.7029850794
640000     -7887.5748793024        90.9689135173      -742.5409544405    102002.7029850794
641000     -7887.5472564118        90.9699069868      -742.5261817033    102002.7029850794
642000     -7887.5151819966        90.9702764957      -742.6156113989    102002.7029850794
643000     -7887.4989063711        90.9683852595      -742.6769139075    102002.7029850794
644000     -7887.4754397683        90.9690273085      -742.7563889535    102002.7029850794
645000     -7887.5038514801        90.9649318879      -742.6539711988    102002.7029850794
646000     -7887.5018857447        90.9636883647      -742.4224683400    102002.7029850795
647000     -7887.4690417069        90.9629906968      -742.2694643411    102002.7029850795
648000     -7887.5058243953        90.9609918197      -742.1920091294    102002.7029850795
649000     -7887.4148193573        90.9651142054      -742.0685618946    102002.7029850795
650000     -7887.3797914883        90.9656046353      -741.9545437294    102002.7029850795
651000     -7887.3503548696        90.9706646940      -741.8578235947    102002.7029850795
652000     -7887.3223818297        90.9687050014      -741.9402951571    102002.7029850795
653000     -7887.2984136883        90.9718856814      -741.7323253908    102002.7029850795
654000     -7887.2843014184        90.9725260918      -741.5739909281    102002.7029850795
655000     -7887.2799312586        90.9730993955      -741.5328366754    102002.7029850795
656000     -7887.2254805957        90.9727101558      -741.7138539584    102002.7029850795
657000     -7887.2108214843        90.9727612257      -742.0453899781    102002.7029850795
658000     -7887.1828373083        90.9709843542      -742.0610666758    102002.7029850795
659000     -7887.1295653904        90.9740559901      -741.7440409902    102002.7029850795
660000     -7887.0620361040        90.9763196012      -741.9543398376    102002.7029850795
661000     -7887.0793272043        90.9738478714      -742.0730635046    102002.7029850795
662000     -7886.9888713034        90.9797382290      -742.2116575968    102002.7029850795
663000     -7886.9353515586        90.9813648651      -742.0560526226    102002.7029850795
664000     -7886.9476655877        90.9817642438      -742.0400244742    102002.7029850795
665000     -7886.9378720968        90.9825454178      -742.3114583419    102002.7029850795
666000     -7886.8875052133        90.9878902532      -742.0933006866    102002.7029850795
667000     -7886.9037815666        90.9833724412      -742.0481463459    102002.7029850795
668000     -7886.9109102284        90.9825642167      -742.1529285926    102002.7029850795
669000     -7886.9100692503        90.9804531211      -742.3794924599    102002.7029850795
670000     -7886.9158309559        90.9802215517      -742.2681831266    102002.7029850795
671000     -7886.8684923062        90.9844509456      -742.3932180359    102002.7029850795
672000     -7886.8714814065        90.9848333872      -742.2353019417    102002.7029850795
673000     -7886.8965213686        90.9836299703      -742.2178807270    102002.7029850795
674000     -7886.9053932909        90.9819982202      -742.2690566014    102002.7029850794
675000     -7886.8375600590        90.9856506952      -742.4088471185    102002.7029850794
676000     -7886.8639192814        90.9859470820      -742.3753988949    102002.7029850794
677000     -7886.9013756076        90.9837914761      -742.4845442051    102002.7029850794
678000     -7886.9253650534        90.9816914927      -742.2381401309    102002.7029850794
679000     -7886.9099034621        90.9809912639      -742.4181924160    102002.7029850794
680000     -7886.8452344569        90.9839240095      -742.5379371489    102002.7029850794
681000     -7886.8862062600        90.9809499153      -742.5642023653    102002.7029850794
682000     -7886.8697597667        90.9817147156      -742.5983906094    102002.7029850794
683000     -7886.8747540135        90.9826779106      -742.5177601736    102002.7029850794
684000     -7886.8818193347        90.9810849167      -742.4022760320    102002.7029850794
685000     -7886.7885882667        90.9860122361      -742.5171342188    102002.7029850794
686000     -7886.7959067772        90.9862925757      -742.6127575138    102002.7029850794
687000     -7886.8328650892        90.9825132242      -742.6636624769    102002.7029850794
688000     -7886.8580065461        90.9826913327      -742.7027290365    102002.7029850793
689000     -7886.8390850311        90.9820648390      -742.3827998699    102002.7029850793
690000     -7886.8495631134        90.9822061274      -742.2381965279    102002.7029850793
691000     -7886.7869359390        90.9857639876      -742.2660428960    102002.7029850793
692000     -7886.8056252204        90.9849160255      -742.2809473994    102002.7029850793
693000     -7886.8678608509        90.9827818333      -742.1681710200    102002.7029850793
694000     -7886.8364527075        90.9854047529      -742.2104423479    102002.7029850793
695000     -7886.8527988154        90.9845611641      -741.9832517045    102002.7029850793
696000     -7886.8205017973        90.9867784882      -742.0363104665    102002.7029850793
697000     -7886.8575718198        90.9855146258      -742.1245356934    102002.7029850793
698000     -7886.9364843898        90.9825568326      -742.0965313581    102002.7029850793
699000     -7886.9499040273        90.9824906201      -742.1339571592    102002.7029850793
700000     -7886.9664249061        90.9862618752      -742.3426237668    102002.7029850793
701000     -7886.9787248594        90.9876264140      -742.5319416338    102002.7029850793
702000     -7886.9993920614        90.9893961635      -742.2862613926    102002.7029850793
703000     -7887.0874692439        90.9861296601      -742.1913570675    102002.7029850793
704000     -7887.1049927573        90.9859687523      -742.4504206124    102002.7029850792
705000     -7887.1352037713        90.9849778194      -742.5590792285    102002.7029850792
706000     -7887.1759281822        90.9832773764      -742.6306168941    102002.7029850792
707000     -7887.1992477768        90.9827044367      -742.7888321914    102002.7029850792
708000     -7887.2632657078        90.9788427521      -742.9765300255    102002.7029850792
709000     -7887.3094175344        90.9779908128      -743.0421389377    102002.7029850792
710000     -7887.3984142168        90.9734176569      -742.8862259325    102002.7029850792
711000     -7887.4535326618        90.9720300057      -742.9226207373    102002.7029850792
712000     -7887.4653471408        90.9743501770      -743.0251987015    102002.7029850792
713000     -7887.4682471586        90.9743362748      -743.2250638082    102002.7029850792
714000     -7887.4967953355        90.9734858451      -743.2864903503    102002.7029850792
715000     -7887.4997641380        90.9746005869      -743.3712976788    102002.7029850792
716000     -7887.5044270618        90.9748548135      -743.4112806427    102002.7029850792
717000     -7887.4945456398        90.9775801215      -743.4894552511    102002.7029850792
718000     -7887.4694623927        90.9780091672      -743.7677265519    102002.7029850792
719000     -7887.4565583974        90.9796952104      -743.7265922100    102002.7029850792
720000     -7887.4110853496        90.9834590157      -743.9398833614    102002.7029850792
721000     -7887.4028989387        90.9862327237      -743.9494385653    102002.7029850792
722000     -7887.4443635750        90.9834088760      -744.0815516025    102002.7029850792
723000     -7887.4610811855        90.9818165248      -744.0467206125    102002.7029850792
724000     -7887.4551211424        90.9824002069      -744.0263010947    102002.7029850791
725000     -7887.4544756891        90.9821604373      -744.0746627950    102002.7029850791
726000     -7887.4499639481        90.9818443582      -744.0290595243    102002.7029850791
727000     -7887.4938917866        90.9776143367      -744.1251564003    102002.7029850791
728000     -7887.5028416100        90.9781566398      -743.8937743205    102002.7029850791
729000     -7887.5156511936        90.9770587294      -743.6899799553    102002.7029850791
730000     -7887.5423898050        90.9759208697      -743.7364890283    102002.7029850791
731000     -7887.5867643284        90.9735756258      -743.7657390295    102002.7029850791
732000     -7887.6341168996        90.9721166418      -743.7894661425    102002.7029850791
733000     -7887.6697746193        90.9710900310      -743.7853726076    102002.7029850791
734000     -7887.7265968659        90.9677596822      -743.8195202629    102002.7029850791
735000     -7887.7164255248        90.9691519591      -743.8868686580    102002.7029850791
736000     -7887.7059460676        90.9690090222      -743.7662536043    102002.7029850791
737000     -7887.6846727428        90.9712798344      -743.6241862764    102002.7029850791
738000     -7887.6835841122        90.9713511614      -743.5980048168    102002.7029850791
739000     -7887.6313976209        90.9767217353      -743.4913048855    102002.7029850791
740000     -7887.6724802772        90.9755497121      -743.3219502875    102002.7029850791
741000     -7887.7190599153        90.9729041487      -743.1985431807    102002.7029850791
742000     -7887.7333153385        90.9721057364      -743.0684601264    102002.7029850791
743000     -7887.7441803358        90.9716339860      -743.0258780770    102002.7029850791
744000     -7887.7123977549        90.9728018663      -743.0870024945    102002.7029850791
745000     -7887.6978392877        90.9731040662      -743.0857086295    102002.7029850791
746000     -7887.6857756029        90.9724736066      -743.1867545600    102002.7029850791
747000     -7887.6828391365        90.9729783050      -743.1999607876    102002.7029850791
748000     -7887.6998281282        90.9717324685      -743.1545328912    102002.7029850790
749000     -7887.7006927692        90.9723523470      -742.9577259388    102002.7029850790
750000     -7887.6938422928        90.9750398396      -742.9283878851    102002.7029850790
751000     -7887.6609216789        90.9770029208      -742.9813403192    102002.7029850790
752000     -7887.6306850345        90.9776258562      -743.1712579472    102002.7029850790
753000     -7887.6410443570        90.9768236733      -743.1382870107    102002.7029850790
754000     -7887.6069826494        90.9764587832      -743.0127009381    102002.7029850790
755000     -7887.5912099756        90.9763574940      -742.9358389455    102002.7029850790
756000     -7887.5799278127        90.9762198763      -742.8132441627    102002.7029850790
757000     -7887.5950142371        90.9734215546      -742.8878179907    102002.7029850790
758000     -7887.5969706872        90.9722105079      -742.8147503837    102002.7029850790
759000     -7887.5673740573        90.9741034489      -742.8122767746    102002.7029850790
760000     -7887.5931967824        90.9721782556      -742.8930956105    102002.7029850790
761000     -7887.5937740377        90.9712516746      -742.7740777862    102002.7029850790
762000     -7887.6083247553        90.9698982673      -742.8179369678    102002.7029850790
763000     -7887.6130593927        90.9691593915      -742.8231554919    102002.7029850790
764000     -7887.5954998966        90.9688582423      -742.9137071911    102002.7029850790
765000     -7887.6418891389        90.9668556622      -742.8209171252    102002.7029850790
766000     -7887.6506764095        90.9652454496      -742.8738478451    102002.7029850790
767000     -7887.6516822119        90.9652572099      -742.9028886312    102002.7029850790
768000     -7887.6220651815        90.9657775948      -742.8414711524    102002.7029850790
769000     -7887.6187310788        90.9649560444      -742.5291425951    102002.7029850790
770000     -7887.6398066319        90.9640807962      -742.3378312610    102002.7029850790
771000     -7887.6421731133        90.9647937537      -742.3003565433    102002.7029850790
772000     -7887.6797407684        90.9622074127      -742.3209235719    102002.7029850790
773000     -7887.6786315687        90.9625763533      -742.1921357994    102002.7029850790
774000     -7887.6520005098        90.9643495951      -742.1359012134    102002.7029850790
775000     -7887.6314682199        90.9643329955      -742.0348441237    102002.7029850790
776000     -7887.6227126974        90.9648882207      -741.8911737511    102002.7029850790
777000     -7887.5866398679        90.9659977554      -741.8682550472    102002.7029850789
778000     -7887.6156410143        90.9644015139      -741.7148587519    102002.7029850789
779000     -7887.6251624373        90.9643364221      -741.7806617129    102002.7029850789
780000     -7887.6203894097        90.9643073829      -741.7873812166    102002.7029850789
781000     -7887.6347644022        90.9638952486      -741.8023670352    102002.7029850789
782000     -7887.6652996004        90.9632102529      -741.5516335683    102002.7029850789
783000     -7887.6592119341        90.9629308173      -741.4374979874    102002.7029850789
784000     -7887.6240793399        90.9650604084      -741.3638250733    102002.7029850789
785000     -7887.6319744372        90.9649286050      -741.3818575371    102002.7029850789
786000     -7887.6452829201        90.9652145250      -741.3708400403    102002.7029850789
787000     -7887.6349472334        90.9657116719      -741.3822512253    102002.7029850789
788000     -7887.6733446222        90.9634275381      -741.5378194733    102002.7029850789
789000     -7887.7009909720        90.9620513962      -741.5631687452    102002.7029850789
790000     -7887.7168718242        90.9617691221      -741.4406762867    102002.7029850789
791000     -7887.6977500426        90.9623393061      -741.3104756032    102002.7029850789
792000     -7887.6979488961        90.9624989548      -741.4166471144    102002.7029850789
793000     -7887.6898064343        90.9626848124      -741.4791531695    102002.7029850789
794000     -7887.6613662001        90.9658019402      -741.3535464805    102002.7029850789
795000     -7887.6449767855        90.9659987925      -741.4772377632    102002.7029850789
796000     -7887.6398510616        90.9667563751      -741.4696404811    102002.7029850789
797000     -7887.6230145669        90.9686223412      -741.5619893701    102002.7029850789
798000     -7887.6119222019        90.9699755419      -741.4302065282    102002.7029850789
799000     -7887.6320551230        90.9693580968      -741.4110868971    102002.7029850789
800000     -7887.6328789507        90.9692273671      -741.3877710527    102002.7029850789
801000     -7887.6507698887        90.9701010142      -741.4287147115    102002.7029850789
802000     -7887.6438643221        90.9708385978      -741.4390064361    102002.7029850789
803000     -7887.6435784890        90.9716348466      -741.4027028319    102002.7029850789
804000     -7887.6142047252        90.9737798204      -741.3664975927    102002.7029850789
805000     -7887.6488506505        90.9724973464      -741.3293909614    102002.7029850789
806000     -7887.6590607455        90.9717817935      -741.2660345122    102002.7029850789
807000     -7887.6906052839        90.9704317957      -741.2579993734    102002.7029850789
808000     -7887.6976850857        90.9706856646      -741.1872975447    102002.7029850789
809000     -7887.7100366090        90.9718882016      -741.0865644799    102002.7029850789
810000     -7887.6950826321        90.9735756272      -741.1670904840    102002.7029850789
811000     -7887.7097612476        90.9739535068      -741.0222607581    102002.7029850789
812000     -7887.7264735618        90.9748649369      -740.9841039904    102002.7029850789
813000     -7887.7139237749        90.9759383031      -741.0297471686    102002.7029850789
814000     -7887.7226076351        90.9768952694      -740.9485141583    102002.7029850789
815000     -7887.7582078850        90.9758597914      -740.7830637486    102002.7029850788
816000     -7887.7787059874        90.9761097861      -740.6892384021    102002.7029850788
817000     -7887.7867499429        90.9766882662      -740.6273750971    102002.7029850788
818000     -7887.7970045007        90.9770131626      -740.4714478510    102002.7029850788
819000     -7887.7991964430        90.9783224218      -740.3422630087    102002.7029850788
820000     -7887.8316901422        90.9768903597      -740.3732757148    102002.7029850788
821000     -7887.8631349280        90.9765088526      -740.3354291978    102002.7029850788
822000     -7887.8701987282        90.9756148363      -740.3965049706    102002.7029850788
823000     -7887.8894563757        90.9753541954      -740.4624667579    102002.7029850788
824000     -7887.8823389170        90.9752967000      -740.4541171092    102002.7029850788
825000     -7887.8745063501        90.9758325289      -740.4260841621    102002.7029850788
826000     -7887.8834454379        90.9756829950      -740.3649836383    102002.7029850788
827000     -7887.8533343994        90.9771111824      -740.2787191529    102002.7029850788
828000     -7887.8431601818        90.9795001392      -740.1540315996    102002.7029850788
829000     -7887.8123549995        90.9809873062      -740.0840800658    102002.7029850788
830000     -7887.7916414834        90.9831604990      -739.9433193990    102002.7029850788
831000     -7887.8251833228        90.9813549960      -739.9220705424    102002.7029850788
832000     -7887.8293853154        90.9816438597      -740.0221964314    102002.7029850788
833000     -7887.8284736080        90.9819527958      -740.0100415490    102002.7029850788
834000     -7887.8569535236        90.9806177518      -739.9923380445    102002.7029850788
835000     -7887.8697299541        90.9807176940      -739.8367490165    102002.7029850788
836000     -7887.8572428723        90.9827076869      -739.8455637698    102002.7029850788
837000     -7887.8754371126        90.9821434421      -739.8335107442    102002.7029850788
838000     -7887.8898118219        90.9824584368      -739.8396499808    102002.7029850788
839000     -7887.8951836392        90.9831874628      -739.8760530367    102002.7029850788
840000     -7887.9036935394        90.9825015000      -739.9764867175    102002.7029850788
841000     -7887.9201855189        90.9832637334      -739.8833221114    102002.7029850788
842000     -7887.9228844433        90.9841545375      -739.7952988369    102002.7029850788
843000     -7887.9227666182        90.9855220795      -739.7352510121    102002.7029850788
844000     -7887.9334485670        90.9847331891      -739.8330651840    102002.7029850788
845000     -7887.9414302693        90.9855833976      -739.6886406949    102002.7029850788
846000     -7887.9430362600        90.9855035316      -739.6475597256    102002.7029850788
847000     -7887.9458020316        90.9862052402      -739.6078769466    102002.7029850788
848000     -7887.9482380907        90.9857122920      -739.6090361108    102002.7029850788
849000     -7887.9576215120        90.9864901422      -739.4815760428    102002.7029850788
850000     -7887.9374840287        90.9872128337      -739.4881730174    102002.7029850788
851000     -7887.9411927308        90.9877442216      -739.5151442220    102002.7029850788
852000     -7887.9309199565        90.9900460830      -739.4713896248    102002.7029850788
853000     -7887.9382183880        90.9910304818      -739.4348579681    102002.7029850788
854000     -7887.9633179244        90.9914895354      -739.3742110839    102002.7029850788
855000     -7887.9562305266        90.9924572241      -739.3638145276    102002.7029850788
856000     -7887.9827631724        90.9929363521      -739.3964080541    102002.7029850788
857000     -7887.9809327851        90.9935655900      -739.6208617924    102002.7029850788
858000     -7887.9878448168        90.9947551205      -739.6755025916    102002.7029850788
859000     -7888.0148005139        90.9939780253      -739.6225640363    102002.7029850788
860000     -7888.0462970035        90.9925049157      -739.6164889550    102002.7029850788
861000     -7888.0510149252        90.9939863274      -739.5183760634    102002.7029850788
862000     -7888.0884701023        90.9923376314      -739.4408259971    102002.7029850788
863000     -7888.1241398492        90.9913046292      -739.3557650687    102002.7029850788
864000     -7888.1471989846        90.9898165944      -739.4004969221    102002.7029850788
865000     -7888.1712926367        90.9887986744      -739.3348996207    102002.7029850788
866000     -7888.1522880492        90.9899241732      -739.2866498077    102002.7029850788
867000     -7888.1661762380        90.9897478910      -739.1398749076    102002.7029850788
868000     -7888.1699245886        90.9891813935      -739.0326450330    102002.7029850788
869000     -7888.1547267388        90.9902779485      -739.0436928829    102002.7029850788
870000     -7888.1465555136        90.9904754441      -739.1150700451    102002.7029850787
871000     -7888.1982264860        90.9872857029      -739.0835777765    102002.7029850787
872000     -7888.2120384417        90.9870666114      -739.0777193090    102002.7029850787
873000     -7888.2013363662        90.9874728760      -739.1286313188    102002.7029850787
874000     -7888.2097166407        90.9888302492      -739.0820725136    102002.7029850787
875000     -7888.2332930758        90.9868233884      -739.0386430455    102002.7029850787
876000     -7888.2497126200        90.9858560197      -739.0388484716    102002.7029850787
877000     -7888.2403268718        90.9864432861      -738.9111239989    102002.7029850787
878000     -7888.2254029734        90.9883946218      -738.7975283083    102002.7029850787
879000     -7888.2304232220        90.9883315375      -738.8237192455    102002.7029850787
880000     -7888.2635562476        90.9867287790      -738.7836135351    102002.7029850787
881000     -7888.2728517093        90.9859261402      -738.8209048506    102002.7029850787
882000     -7888.2829812930        90.9864169240      -738.8210431578    102002.7029850787
883000     -7888.2619253722        90.9874074447      -738.8414528280    102002.7029850787
884000     -7888.2420778643        90.9892850701      -738.9221672513    102002.7029850787
885000     -7888.2480700769        90.9893086449      -738.8969930564    102002.7029850787
886000     -7888.2451368256        90.9897917733      -739.0145699762    102002.7029850787
887000     -7888.2629730093        90.9893418651      -739.1780936030    102002.7029850787
888000     -7888.2711328716        90.9895282470      -739.2279798819    102002.7029850787
889000     -7888.2753883141        90.9896733376      -739.3080852340    102002.7029850787
890000     -7888.2804016531        90.9902334965      -739.3942230410    102002.7029850787
891000     -7888.2843192031        90.9897925454      -739.4030206334    102002.7029850787
892000     -7888.2980590990        90.9885188205      -739.3267157543    102002.7029850787
893000     -7888.3020003127        90.9890447946      -739.3950609230    102002.7029850787
894000     -7888.3167999006        90.9897449201      -739.3996495371    102002.7029850787
895000     -7888.3033054877        90.9914346992      -739.3904817175    102002.7029850787
896000     -7888.2895727827        90.9920729600      -739.4902560231    102002.7029850787
897000     -7888.3166042521        90.9916039949      -739.4708242859    102002.7029850787
898000     -7888.3138397658        90.9919877441      -739.4463829358    102002.7029850787
899000     -7888.3102304721        90.9924181000      -739.4392324510    102002.7029850787
900000     -7888.3530247398        90.9904013809      -739.3615448378    102002.7029850787
901000     -7888.3557945152        90.9913544584      -739.2410342556    102002.7029850787
902000     -7888.3652285653        90.9910372375      -739.1179307710    102002.7029850787
903000     -7888.3978939285        90.9899928661      -739.0820573484    102002.7029850787
904000     -7888.3897630622        90.9905652362      -739.2628331062    102002.7029850787
905000     -7888.3978494797        90.9918581550      -739.2483101642    102002.7029850787
906000     -7888.4007690934        90.9930223258      -739.2080394754    102002.7029850787
907000     -7888.4204057900        90.9926955463      -739.1813525533    102002.7029850787
908000     -7888.4200598510        90.9941589667      -739.2355187346    102002.7029850787
909000     -7888.4251448631        90.9957403045      -739.1869773506    102002.7029850787
910000     -7888.4394196360        90.9960884852      -739.2009490507    102002.7029850787
911000     -7888.4547881427        90.9954471069      -739.2547011125    102002.7029850787
912000     -7888.4734574353        90.9951036184      -739.2730693452    102002.7029850787
913000     -7888.4802692016        90.9956755594      -739.1078094701    102002.7029850787
914000     -7888.5045052158        90.9948851791      -739.0411444006    102002.7029850787
915000     -7888.4919207266        90.9967038239      -738.9922557578    102002.7029850787
916000     -7888.5072341806        90.9971025580      -738.8944099803    102002.7029850787
917000     -7888.5211396011        90.9956135740      -738.8255641900    102002.7029850787
918000     -7888.4931066136        90.9984125850      -738.7755396653    102002.7029850787
919000     -7888.4973724055        90.9985930823      -738.8394387500    102002.7029850787
920000     -7888.5110747310        90.9993948878      -738.8272537086    102002.7029850787
921000     -7888.5000515826        91.0008029951      -738.8116570950    102002.7029850787
922000     -7888.5092370074        91.0013630769      -738.6285707270    102002.7029850787
923000     -7888.5197039112        91.0001970277      -738.6488587294    102002.7029850787
924000     -7888.5269940750        91.0005591168      -738.6396178965    102002.7029850787
925000     -7888.4921468574        91.0026206097      -738.5062100358    102002.7029850787
926000     -7888.5115667551        91.0028828478      -738.4194474429    102002.7029850787
927000     -7888.5036487837        91.0034320895      -738.3427680770    102002.7029850786
928000     -7888.5015617190        91.0028934925      -738.3191863231    102002.7029850786
929000     -7888.5068693657        91.0024900649      -738.2471505150    102002.7029850786
930000     -7888.4908564097        91.0035339870      -738.1520297509    102002.7029850786
931000     -7888.4747632274        91.0036912442      -738.0970520730    102002.7029850786
932000     -7888.4565995382        91.0052000994      -738.1237396791    102002.7029850786
933000     -7888.4600773516        91.0052080782      -738.1094847542    102002.7029850786
934000     -7888.4586414883        91.0051219367      -738.0742791008    102002.7029850786
935000     -7888.4492883788        91.0046818171      -737.9696807518    102002.7029850786
936000     -7888.4421243677        91.0043707877      -737.9276867930    102002.7029850786
937000     -7888.4380234396        91.0043670481      -737.8869284373    102002.7029850786
938000     -7888.4450913428        91.0036264600      -737.8825266831    102002.7029850786
939000     -7888.4488538249        91.0036008589      -737.8326983451    102002.7029850786
940000     -7888.4619613114        91.0023995967      -737.8112540910    102002.7029850786
941000     -7888.4816413880        91.0005014511      -737.7540331773    102002.7029850786
942000     -7888.4886398350        90.9999351348      -737.7394226385    102002.7029850786
943000     -7888.4955341628        90.9993420080      -737.7483188773    102002.7029850786
944000     -7888.4934194811        91.0003885841      -737.7239417910    102002.7029850786
945000     -7888.5024573533        91.0005409102      -737.6866920547    102002.7029850786
946000     -7888.5030733779        91.0007834522      -737.6849056068    102002.7029850786
947000     -7888.4901017239        91.0022416515      -737.6289434829    102002.7029850786
948000     -7888.5010269400        91.0019735631      -737.5618653366    102002.7029850786
949000     -7888.5077218444        91.0022498145      -737.5015111742    102002.7029850786
950000     -7888.5132131272        91.0027618851      -737.4662147757    102002.7029850786
951000     -7888.4816241914        91.0052138161      -737.3421766886    102002.7029850786
952000     -7888.5054622289        91.0037727672      -737.2339500952    102002.7029850786
953000     -7888.5134072591        91.0036091256      -737.1600987818    102002.7029850786
954000     -7888.5448316049        91.0025196062      -737.0694984881    102002.7029850786
955000     -7888.5568668392        91.0023078723      -736.9572762254    102002.7029850786
956000     -7888.5730055373        91.0013995656      -736.9533340203    102002.7029850786
957000     -7888.5746216912        91.0018063201      -736.9092833511    102002.7029850786
958000     -7888.5622187987        91.0033961658      -736.8263693510    102002.7029850786
959000     -7888.5365338141        91.0047626878      -736.7297652132    102002.7029850786
960000     -7888.5416720977        91.0045565361      -736.6402583035    102002.7029850786
961000     -7888.5811964617        91.0028466299      -736.5666779390    102002.7029850786
962000     -7888.5863479884        91.0020438957      -736.5637783671    102002.7029850786
963000     -7888.5699291406        91.0029699683      -736.5528089903    102002.7029850786
964000     -7888.5991607243        91.0014282729      -736.5197486566    102002.7029850786
965000     -7888.5977155977        91.0018087804      -736.5479875909    102002.7029850786
966000     -7888.5981654662        91.0016759517      -736.4373431977    102002.7029850786
967000     -7888.5977569609        91.0012767893      -736.5078565027    102002.7029850786
968000     -7888.6188133581        91.0003798268      -736.3538197097    102002.7029850786
969000     -7888.6163632864        90.9996993004      -736.3668724880    102002.7029850786
970000     -7888.6303124827        90.9994495054      -736.3549209502    102002.7029850786
971000     -7888.6379189320        90.9990289247      -736.3283759691    102002.7029850786
972000     -7888.6391466169        90.9993903927      -736.3302097720    102002.7029850786
973000     -7888.6551971389        90.9984816206      -736.2694236060    102002.7029850786
974000     -7888.6704268280        90.9976680382      -736.3119783462    102002.7029850786
975000     -7888.6678170669        90.9978671756      -736.2719935599    102002.7029850786
976000     -7888.6617542934        90.9981433913      -736.2567810418    102002.7029850786
977000     -7888.6583880784        90.9985929754      -736.2039749432    102002.7029850786
978000     -7888.6504874709        90.9991100109      -736.2047832537    102002.7029850786
979000     -7888.6295045713        91.0009981533      -736.2483842906    102002.7029850786
980000     -7888.6202407707        91.0016087170      -736.2683234115    102002.7029850786
981000     -7888.6047393200        91.0027791302      -736.1766496032    102002.7029850786
982000     -7888.5610882542        91.0045599582      -736.1657068586    102002.7029850786
983000     -7888.5525376583        91.0048602755      -736.1316601876    102002.7029850786
984000     -7888.5744743213        91.0041699272      -736.0931829813    102002.7029850786
985000     -7888.5772223183        91.0033735939      -736.1181424551    102002.7029850786
986000     -7888.5766243649        91.0033356388      -736.1727014675    102002.7029850786
987000     -7888.5812627656        91.0028979616      -736.1885606284    102002.7029850786
988000     -7888.5910211035        91.0024257126      -736.1817498286    102002.7029850786
989000     -7888.5871749148        91.0027574433      -736.1478726075    102002.7029850786
990000     -7888.5711125334        91.0041319531      -736.1404322924    102002.7029850786
991000     -7888.5716911597        91.0047464241      -736.1730702818    102002.7029850786
992000     -7888.5737564850        91.0044593285      -736.1479296369    102002.7029850786
993000     -7888.5785961638        91.0046640270      -736.1386696797    102002.7029850786
994000     -7888.5730046098        91.0047596229      -736.1778142178    102002.7029850786
995000     -7888.5723124834        91.0045141570      -736.1191221309    102002.7029850786
996000     -7888.5761014915        91.0036792719      -736.0959162536    102002.7029850786
997000     -7888.5658031806        91.0032310239      -736.1373012572    102002.7029850786
998000     -7888.5793545694        91.0022240484      -736.1245814253    102002.7029850786
999000     -7888.5824658225        91.0011601422      -736.2533194215    102002.7029850786
1000000     -7888.5686439282        91.0026342923      -736.2759434775    102002.7029850786
