# Time-averaged data for fix runningavgs
# TimeStep v_ra_etotal v_ra_temp v_ra_press v_ra_volume
502000     -7348.1197617291       130.3719715733      -803.5074454401    102002.7029850792
503000     -7347.8007453397       129.8656646128      -830.5851578144    102002.7029850792
504000     -7351.5901762051       129.4969505116      -840.4118472988    102002.7029850792
505000     -7350.4707900889       129.4430009387      -835.7890656499    102002.7029850792
506000     -7348.4380022443       129.5789990277      -835.4314963309    102002.7029850792
507000     -7346.8748858556       129.6557063652      -839.9429928591    102002.7029850792
508000     -7345.9628692350       129.7873380715      -833.8528501288    102002.7029850792
509000     -7345.5329769117       129.8274949956      -833.0425819298    102002.7029850792
510000     -7343.8885133369       129.9372847035      -838.7552246364    102002.7029850792
511000     -7342.9976864556       129.9460787342      -834.6188982319    102002.7029850792
512000     -7341.5756388117       129.9875493628      -829.9569733989    102002.7029850792
513000     -7340.0803657090       129.9210759557      -834.3610312610    102002.7029850792
514000     -7338.1402138567       129.9887831209      -836.5762906969    102002.7029850792
515000     -7336.8473772015       130.0611457829      -835.6038435411    102002.7029850792
516000     -7336.3607562088       130.0388651200      -841.2178709407    102002.7029850792
517000     -7337.2511442269       129.9982925526      -844.0802339154    102002.7029850792
518000     -7336.9464734219       130.0441456938      -841.1770725526    102002.7029850792
519000     -7336.6146084045       130.0348204928      -841.3108261415    102002.7029850792
520000     -7336.1263380421       130.0160937856      -841.5767421731    102002.7029850792
521000     -7334.9559934889       130.0570688110      -840.7362070101    102002.7029850792
522000     -7335.1184467029       130.0229556232      -840.3409469023    102002.7029850792
523000     -7335.1848161836       130.0118247842      -840.0088115968    102002.7029850792
524000     -7335.7637789845       129.9960133737      -838.1979681484    102002.7029850792
525000     -7335.6410513842       129.9916407494      -836.5765354380    102002.7029850792
526000     -7335.8394052839       129.9563190007      -837.4946831456    102002.7029850792
527000     -7335.5627337420       129.9907164820      -835.4231092507    102002.7029850792
528000     -7336.3419333620       129.9630313446      -834.5185316586    102002.7029850792
529000     -7336.1703072451       129.9506836448      -835.4888111261    102002.7029850792
530000     -7336.1763225106       129.9644242075      -835.1788685284    102002.7029850792
531000     -7336.2499112200       129.9863353610      -832.5318792276    102002.7029850792
532000     -7336.6917522196       129.9928153787      -829.7841565333    102002.7029850792
533000     -7337.1647535758       129.9843164240      -826.7547883989    102002.7029850792
534000     -7337.9744923761       129.9426186440      -826.2474016997    102002.7029850792
535000     -7338.1356606772       129.9441261381      -827.0055636099    102002.7029850792
536000     -7338.3480725246       129.9192836656      -826.5862477054    102002.7029850792
537000     -7338.2131311913       129.9173363048      -825.9315868049    102002.7029850792
538000     -7338.0958139475       129.9127924644      -826.2267942202    102002.7029850792
539000     -7338.2061470188       129.9075728374      -824.6413734742    102002.7029850791
540000     -7338.6689848698       129.8885688597      -822.4987551723    102002.7029850791
541000     -7339.0668757542       129.8723907191      -821.8327519894    102002.7029850791
542000     -7338.8556655846       129.8673926621      -821.8894962828    102002.7029850791
543000     -7339.0762983027       129.8422543608      -820.4583126241    102002.7029850791
544000     -7339.0321034697       129.8697730306      -818.6331637699    102002.7029850791
545000     -7338.8850058606       129.8831127930      -817.8596223497    102002.7029850791
546000     -7338.7104089718       129.8978259342      -817.7383109852    102002.7029850791
547000     -7338.5054151710       129.9199019708      -818.4934162069    102002.7029850791
548000     -7338.9516790784       129.9008901048      -817.6497492261    102002.7029850791
549000     -7338.8539487235       129.8981590490      -816.7749922874    102002.7029850791
550000     -7338.3554272724       129.9198612271      -816.2221935393    102002.7029850791
551000     -7337.8645486540       129.9472469123      -815.5648893229    102002.7029850791
552000     -7337.8730942084       129.9561199232      -814.9212442165    102002.7029850791
553000     -7337.5781362321       129.9628785640      -814.9584804596    102002.7029850791
554000     -7337.4019614490       129.9784858150      -814.9719628295    102002.7029850791
555000     -7337.3799524923       129.9762072012      -815.0503460306    102002.7029850791
556000     -7337.2113538882       129.9643404533      -814.6652557912    102002.7029850791
557000     -7336.9834326773       129.9791206526      -814.7353713924    102002.7029850791
558000     -7336.8735102515       130.0031754980      -814.2159312657    102002.7029850791
559000     -7336.7657924499       130.0081027360      -813.4638649076    102002.7029850791
560000     -7336.5983013548       130.0104836153      -813.9270730266    102002.7029850791
561000     -7336.7727578826       130.0029590822      -813.5401240199    102002.7029850791
562000     -7336.7391404167       129.9912367885      -813.0325687298    102002.7029850791
563000     -7336.8141435685       129.9796129496      -812.5677821133    102002.7029850791
564000     -7336.6445588694       129.9886808570      -811.3681692886    102002.7029850791
565000     -7336.5584341503       129.9970943315      -810.6881038994    102002.7029850791
566000     -7336.8536051793       129.9790165013      -810.5259050316    102002.7029850791
567000     -7336.6887325827       129.9863781284      -810.4642431332    102002.7029850791
568000     -7336.8977365763       129.9747643728      -810.5134929062    102002.7029850791
569000     -7336.7533031970       129.9806300457      -810.3388757921    102002.7029850791
570000     -7336.8476747994       129.9702479098      -810.6823683136    102002.7029850791
571000     -7336.9779079872       129.9607390005      -810.9028974100    102002.7029850791
572000     -7337.1185798897       129.9628569873      -810.2529272953    102002.7029850791
573000     -7337.2110140027       129.9488062807      -810.2302521064    102002.7029850791
574000     -7337.2135888139       129.9646766236      -809.8713923404    102002.7029850791
575000     -7337.4293034127       129.9711236441      -809.9346361570    102002.7029850791
576000     -7337.3403361862       129.9804358139      -810.0139096589    102002.7029850791
577000     -7337.2693911774       129.9876855399      -809.6548573944    102002.7029850791
578000     -7337.4892010301       129.9782913045      -809.8537064435    102002.7029850791
579000     -7337.4559970729       129.9791810988      -809.7516156171    102002.7029850791
580000     -7337.3999581643       129.9830256210      -809.6195984981    102002.7029850791
581000     -7337.3246515761       129.9968684102      -809.3958157983    102002.7029850791
582000     -7337.3103859478       129.9970486939      -809.7972127140    102002.7029850791
583000     -7337.5422793947       129.9840582052      -810.5119617994    102002.7029850791
584000     -7337.6736883760       129.9819758369      -810.3332515259    102002.7029850791
585000     -7337.6896146425       129.9940998582      -810.6806434355    102002.7029850791
586000     -7337.6009772198       130.0003932149      -810.6239593765    102002.7029850791
587000     -7337.7559035697       129.9948908806      -810.5549864239    102002.7029850791
588000     -7337.6613406671       130.0008580228      -810.8099752809    102002.7029850791
589000     -7337.6886836011       129.9962147358      -810.8182870819    102002.7029850791
590000     -7337.7854296667       129.9920613563      -810.1573013740    102002.7029850791
591000     -7337.8339792537       129.9959232990      -810.0456075369    102002.7029850792
592000     -7337.5872566129       130.0103266545      -810.2620872251    102002.7029850792
593000     -7337.5458301464       130.0115607167      -810.5151745942    102002.7029850792
594000     -7337.5923174940       129.9988980182      -810.4428623637    102002.7029850792
595000     -7337.4528451001       129.9952625006      -810.0048189627    102002.7029850792
596000     -7337.3163788551       130.0014955679      -809.8795126275    102002.7029850792
597000     -7337.1407948503       130.0072786840      -809.6411374163    102002.7029850792
598000     -7336.8884596375       130.0199399232      -809.5279173305    102002.7029850792
599000     -7336.7208789869       130.0218578332      -809.0656196442    102002.7029850792
600000     -7336.7020808187       130.0219901587      -808.8493131660    102002.7029850792
601000     -7336.5711256778       130.0289961134      -808.8472715702    102002.7029850792
602000     -7336.5700229667       130.0333135061      -808.6915261114    102002.7029850792
603000     -7336.6774752317       130.0229048460      -808.7860777715    102002.7029850792
604000     -7336.6525879992       130.0222363211      -809.5627764730    102002.7029850793
605000     -7336.7496280232       130.0232831424      -809.5235035587    102002.7029850793
606000     -7336.7180948666       130.0285443861      -808.8867480042    102002.7029850793
607000     -7336.7134655202       130.0322519943      -808.7751597048    102002.7029850793
608000     -7336.7196966832       130.0341077267      -808.7704407569    102002.7029850793
609000     -7336.8764985496       130.0198809220      -808.8451891512    102002.7029850793
610000     -7336.8424724072       130.0230998684      -808.5130294219    102002.7029850793
611000     -7336.7215428594       130.0320749311      -808.1484698939    102002.7029850793
612000     -7336.6579010859       130.0346211612      -808.4751439605    102002.7029850793
613000     -7336.6448695120       130.0293691275      -808.9242781875    102002.7029850793
614000     -7336.6618049458       130.0254273537      -809.1150726283    102002.7029850793
615000     -7336.8183550834       130.0150192308      -808.6103265959    102002.7029850793
616000     -7336.7575463549       130.0126477594      -808.4114922696    102002.7029850793
617000     -7336.7912295085       130.0141975022      -808.9361112420    102002.7029850793
618000     -7336.9735962324       130.0045378815      -809.3328209318    102002.7029850793
619000     -7337.0558357394       130.0067870766      -809.6070435942    102002.7029850793
620000     -7337.1213433929       130.0124104751      -809.9023968965    102002.7029850793
621000     -7337.1464712963       130.0126943974      -810.0978834034    102002.7029850793
622000     -7337.3497571837       130.0060645521      -809.7398153317    102002.7029850794
623000     -7337.2185496004       130.0139718717      -810.0310532747    102002.7029850794
624000     -7337.1241818304       130.0251639959      -810.2337315674    102002.7029850794
625000     -7337.1713356311       130.0195380580      -810.8842181834    102002.7029850794
626000     -7337.1851656686       130.0244023700      -811.2572645420    102002.7029850794
627000     -7337.2468622294       130.0209453918      -811.1626206291    102002.7029850794
628000     -7337.3334493176       130.0209704950      -810.5427194855    102002.7029850794
629000     -7337.3090424808       130.0266423018      -810.2784955856    102002.7029850794
630000     -7337.2933212716       130.0285740979      -810.3755605953    102002.7029850794
631000     -7337.2584211870       130.0371211026      -810.6566933588    102002.7029850794
632000     -7337.1949695292       130.0352506428      -810.9381633227    102002.7029850794
633000     -7337.2383627100       130.0334177913      -810.8895074222    102002.7029850794
634000     -7337.2391150654       130.0345404588      -811.1486763019    102002.7029850794
635000     -7337.3998633434       130.0297380173      -810.9166500665    102002.7029850794
636000     -7337.4624532746       130.0288146365      -810.6881501337    102002.7029850794
637000     -7337.4464938659       130.0239091068      -810.6299564593    102002.7029850794
638000     -7337.4631538410       130.0231873735      -811.0725628969    102002.7029850794
639000     -7337.3915548843       130.0284495908      -811.0178814386    102002.7029850794
640000     -7337.2575282369       130.0306073196      -810.8605079173    102002.7029850794
641000     -7337.1480854731       130.0318852344      -811.2600862105    102002.7029850794
642000     -7337.0483664701       130.0365728769      -811.6075409034    102002.7029850794
643000     -7336.9541962747       130.0435329520      -811.2135736121    102002.7029850794
644000     -7337.0183687944       130.0348348044      -811.2823645094    102002.7029850794
645000     -7337.0461833006       130.0319794621      -811.5426377950    102002.7029850794
646000     -7337.0593905407       130.0339698061      -811.6427492218    102002.7029850795
647000     -7337.0020437311       130.0395442836      -811.6415982134    102002.7029850795
648000     -7337.0347266251       130.0411504407      -811.7546043809    102002.7029850795
649000     -7337.0366897188       130.0423882685      -811.5514417407    102002.7029850795
650000     -7336.8621218680       130.0494690410      -811.4062071317    102002.7029850795
651000     -7336.8908023436       130.0483911876      -811.2186218331    102002.7029850795
652000     -7336.8816845352       130.0489059451      -811.5142978801    102002.7029850795
653000     -7336.8740350204       130.0524149857      -811.9550338341    102002.7029850795
654000     -7336.9616963573       130.0437010089      -811.9493552797    102002.7029850795
655000     -7336.9589585866       130.0398693989      -811.6761691204    102002.7029850795
656000     -7336.8825498448       130.0432516501      -811.2931130689    102002.7029850795
657000     -7336.7714738524       130.0463443351      -811.1685143656    102002.7029850795
658000     -7336.8601435450       130.0413906837      -811.2100740906    102002.7029850795
659000     -7336.8195988130       130.0361887283      -811.6965186956    102002.7029850795
660000     -7336.9288959112       130.0285600966      -811.6974410290    102002.7029850795
661000     -7337.0033516345       130.0255415091      -811.7070786164    102002.7029850795
662000     -7337.0191391015       130.0220305851      -811.7701806549    102002.7029850795
663000     -7337.0782085482       130.0152870730      -811.8905387347    102002.7029850795
664000     -7337.0700107479       130.0160861973      -811.8146292251    102002.7029850795
665000     -7337.0936869351       130.0074346935      -812.2170757467    102002.7029850795
666000     -7337.1116857441       130.0063593088      -812.7425467841    102002.7029850795
667000     -7337.1695784131       130.0047607901      -812.5503924257    102002.7029850795
668000     -7337.1581281801       130.0079419540      -812.9561715543    102002.7029850795
669000     -7337.2495362685       130.0075398231      -812.9763762204    102002.7029850795
670000     -7337.3028907303       130.0052102777      -812.9174862227    102002.7029850795
671000     -7337.3251306429       130.0102717745      -812.7236679493    102002.7029850795
672000     -7337.3253340514       130.0147132420      -812.7954289008    102002.7029850795
673000     -7337.3435251378       130.0147950025      -812.9873816852    102002.7029850795
674000     -7337.4307041678       130.0127073302      -812.8271127396    102002.7029850794
675000     -7337.4993428019       130.0084460585      -812.5568474001    102002.7029850794
676000     -7337.4925796414       130.0133735470      -812.2531193146    102002.7029850794
677000     -7337.4994132364       130.0154071636      -812.0643570095    102002.7029850794
678000     -7337.4308836948       130.0198312799      -811.9404256363    102002.7029850794
679000     -7337.4780705335       130.0147920321      -811.9878286346    102002.7029850794
680000     -7337.5320373390       130.0123309629      -811.7670479340    102002.7029850794
681000     -7337.6645430152       130.0053676666      -811.4233154209    102002.7029850794
682000     -7337.7665702031       130.0040937648      -811.2072651803    102002.7029850794
683000     -7337.8131296978       130.0007566450      -811.1327112463    102002.7029850794
684000     -7337.7689219302       130.0014431595      -811.0218660237    102002.7029850794
685000     -7337.7103408402       130.0067666182      -810.9718761104    102002.7029850794
686000     -7337.7492047512       130.0037551160      -810.9803491266    102002.7029850794
687000     -7337.8025721903       130.0011246911      -811.0363535350    102002.7029850794
688000     -7337.8724309470       130.0021594820      -811.1123836404    102002.7029850793
689000     -7337.8822541211       130.0028636419      -810.9468014542    102002.7029850793
690000     -7337.8274254148       130.0050997767      -810.6051664025    102002.7029850793
691000     -7337.7776604765       130.0072303765      -810.8850538504    102002.7029850793
692000     -7337.7717670166       130.0111713890      -810.6939662836    102002.7029850793
693000     -7337.7143728360       130.0114273643      -810.9543709758    102002.7029850793
694000     -7337.7114114223       130.0094509019      -811.1204833770    102002.7029850793
695000     -7337.7151038889       130.0101915853      -811.2028379430    102002.7029850793
696000     -7337.7859460206       130.0084855469      -810.7717457256    102002.7029850793
697000     -7337.7902433105       130.0103914094      -810.5293194096    102002.7029850793
698000     -7337.7779190925       130.0112364418      -810.5442798030    102002.7029850793
699000     -7337.6687191966       130.0172655748      -810.6098347266    102002.7029850793
700000     -7337.7515296045       130.0124663478      -810.7362003999    102002.7029850793
701000     -7337.7284419804       130.0139959249      -810.9768666184    102002.7029850793
702000     -7337.7520731945       130.0130419499      -811.0847699941    102002.7029850793
703000     -7337.6649018538       130.0167909565      -810.6648038892    102002.7029850793
704000     -7337.6767476344       130.0161686265      -810.6957308863    102002.7029850792
705000     -7337.8178423424       130.0120626913      -810.6872328585    102002.7029850792
706000     -7337.9182675944       130.0077319644      -810.9186284691    102002.7029850792
707000     -7338.0054836632       130.0066923590      -810.9515193188    102002.7029850792
708000     -7337.9736803658       130.0107584932      -811.0524543280    102002.7029850792
709000     -7337.9903843238       130.0101947406      -810.9788282967    102002.7029850792
710000     -7337.9966336716       130.0094817244      -810.6435149957    102002.7029850792
711000     -7337.8866905317       130.0125129744      -810.5990941617    102002.7029850792
712000     -7337.9129200189       130.0093029131      -810.3823277551    102002.7029850792
713000     -7337.8387828911       130.0110561891      -810.3534192019    102002.7029850792
714000     -7337.7791921411       130.0120004816      -810.6830122911    102002.7029850792
715000     -7337.7712161836       130.0152044212      -810.5844215378    102002.7029850792
716000     -7337.7164079629       130.0176450719      -810.4811914634    102002.7029850792
717000     -7337.7212196539       130.0186195310      -810.3447000845    102002.7029850792
718000     -7337.6562503029       130.0196760928      -810.3554270642    102002.7029850792
719000     -7337.6693018361       130.0198950447      -810.2310916525    102002.7029850792
720000     -7337.6634424505       130.0192741064      -810.0888970555    102002.7029850792
721000     -7337.5625802384       130.0247999557      -809.9653937412    102002.7029850792
722000     -7337.5844594777       130.0237821252      -809.7658114302    102002.7029850792
723000     -7337.5322251748       130.0226740640      -809.5243622640    102002.7029850792
724000     -7337.4027945575       130.0243375560      -809.3846307733    102002.7029850791
725000     -7337.4228741793       130.0232060722      -809.1148308660    102002.7029850791
726000     -7337.3773548249       130.0270645131      -809.0058689614    102002.7029850791
727000     -7337.3625375904       130.0264780704      -808.9747177111    102002.7029850791
728000     -7337.3153924047       130.0264728742      -809.0440918291    102002.7029850791
729000     -7337.2934936653       130.0249844165      -809.0336708517    102002.7029850791
730000     -7337.2896823461       130.0218306648      -809.0483270027    102002.7029850791
731000     -7337.2265483690       130.0202810948      -809.1382110222    102002.7029850791
732000     -7337.1393561775       130.0246196160      -809.1787860113    102002.7029850791
733000     -7337.1221965415       130.0264616416      -809.1245935714    102002.7029850791
734000     -7337.1284808224       130.0246834067      -808.9973801816    102002.7029850791
735000     -7337.0651904384       130.0281838970      -808.9287438118    102002.7029850791
736000     -7337.0260301527       130.0304715999      -808.8998307097    102002.7029850791
737000     -7337.0176213003       130.0308166862      -808.8017340190    102002.7029850791
738000     -7337.0810071477       130.0320755124      -808.8169583310    102002.7029850791
739000     -7337.0946556626       130.0317258511      -808.8451067834    102002.7029850791
740000     -7337.0137261576       130.0352726519      -808.8700679999    102002.7029850791
741000     -7336.9826718563       130.0383321337      -808.7613129959    102002.7029850791
742000     -7336.9740873970       130.0393330342      -808.7832253785    102002.7029850791
743000     -7336.9272282239       130.0413105544      -808.8338818776    102002.7029850791
744000     -7337.0461970629       130.0349439248      -808.7166657545    102002.7029850791
745000     -7337.1041635418       130.0312939390      -808.6220681180    102002.7029850791
746000     -7337.1128302718       130.0317552716      -808.6164939192    102002.7029850791
747000     -7337.0916510267       130.0325702240      -808.6253215854    102002.7029850791
748000     -7337.1906830069       130.0281476881      -808.5621289179    102002.7029850790
749000     -7337.2148841325       130.0252484539      -808.4412110484    102002.7029850790
750000     -7337.1779995432       130.0262530948      -808.3467111535    102002.7029850790
751000     -7337.1897582726       130.0252177855      -808.3731204281    102002.7029850790
752000     -7337.2153458399       130.0249459647      -808.2698838517    102002.7029850790
753000     -7337.2893989464       130.0217086961      -808.1976454492    102002.7029850790
754000     -7337.3157505442       130.0211457189      -808.2485142367    102002.7029850790
755000     -7337.4018195181       130.0172088447      -808.1367560979    102002.7029850790
756000     -7337.4148894729       130.0164232871      -808.1706220537    102002.7029850790
757000     -7337.3941540726       130.0175627632      -807.9626079916    102002.7029850790
758000     -7337.3346861496       130.0180287846      -808.2018006069    102002.7029850790
759000     -7337.3721698400       130.0155045520      -808.0837479937    102002.7029850790
760000     -7337.4231654021       130.0145197754      -808.0358325709    102002.7029850790
761000     -7337.4227659005       130.0142520042      -808.1014189549    102002.7029850790
762000     -7337.4525054843       130.0151302498      -808.1647698636    102002.7029850790
763000     -7337.4271211980       130.0161361126      -808.0727991665    102002.7029850790
764000     -7337.3727928723       130.0178213313      -808.0791036566    102002.7029850790
765000     -7337.3864884895       130.0148528409      -807.9906692987    102002.7029850790
766000     -7337.3767091578       130.0149215243      -807.9868083567    102002.7029850790
767000     -7337.3910010839       130.0152154748      -807.8283264729    102002.7029850790
768000     -7337.4204267880       130.0179880815      -807.7022210274    102002.7029850790
769000     -7337.5000407739       130.0158328349      -807.8646907383    102002.7029850790
770000     -7337.5351591611       130.0123238088      -808.1075792261    102002.7029850790
771000     -7337.5674456475       130.0121127454      -807.9940324319    102002.7029850790
772000     -7337.6208408904       130.0106420388      -807.8045010744    102002.7029850790
773000     -7337.6256090627       130.0098553080      -807.7355874715    102002.7029850790
774000     -7337.5929702546       130.0133489282      -807.6552204988    102002.7029850790
775000     -7337.6186409237       130.0137956929      -807.5955362281    102002.7029850790
776000     -7337.6725007703       130.0087445681      -807.5871348371    102002.7029850790
777000     -7337.7281437000       130.0094313901      -807.4088611344    102002.7029850789
778000     -7337.7743440774       130.0080862107      -807.3211892163    102002.7029850789
779000     -7337.7711924685       130.0113838937      -807.1547147110    102002.7029850789
780000     -7337.8085884743       130.0080188172      -807.0251044621    102002.7029850789
781000     -7337.8273260978       130.0074136284      -806.8930680084    102002.7029850789
782000     -7337.7987326142       130.0098204295      -806.8391450875    102002.7029850789
783000     -7337.7685166265       130.0115832864      -806.8730129518    102002.7029850789
784000     -7337.7681990577       130.0122834844      -806.9988358514    102002.7029850789
785000     -7337.7957024257       130.0105896795      -807.0185388372    102002.7029850789
786000     -7337.8359004190       130.0082139373      -806.9293121745    102002.7029850789
787000     -7337.8802932362       130.0072270818      -806.9233909673    102002.7029850789
788000     -7337.8680370014       130.0076514259      -807.0966205356    102002.7029850789
789000     -7337.9641107563       130.0037317182      -807.0569788423    102002.7029850789
790000     -7337.9676076870       130.0063864067      -807.1652779865    102002.7029850789
791000     -7337.9821655446       130.0067900132      -807.1552950579    102002.7029850789
792000     -7337.9549416415       130.0061410191      -807.1478200428    102002.7029850789
793000     -7337.9825670654       130.0045467381      -806.9871491794    102002.7029850789
794000     -7338.0003791390       130.0040680314      -807.0324525567    102002.7029850789
795000     -7337.9687446509       130.0052396792      -807.0839252052    102002.7029850789
796000     -7337.9528353794       130.0094536576      -807.1899863027    102002.7029850789
797000     -7337.9945041335       130.0077355274      -807.2040451882    102002.7029850789
798000     -7337.9983651322       130.0072222501      -807.3217338254    102002.7029850789
799000     -7338.0052230410       130.0076162500      -807.4315692086    102002.7029850789
800000     -7337.9811771461       130.0061970020      -807.4940649746    102002.7029850789
801000     -7337.9659994929       130.0067734828      -807.6045376677    102002.7029850789
802000     -7337.8643000453       130.0097259821      -807.6269760346    102002.7029850789
803000     -7337.8526340420       130.0082364862      -807.4755405191    102002.7029850789
804000     -7337.7985058355       130.0097098810      -807.3124001498    102002.7029850789
805000     -7337.7480337333       130.0103168299      -807.2988945608    102002.7029850789
806000     -7337.6868742368       130.0108086374      -807.2630687796    102002.7029850789
807000     -7337.7177378033       130.0067017039      -807.3182325388    102002.7029850789
808000     -7337.6613523459       130.0077262644      -807.1922531932    102002.7029850789
809000     -7337.5844928104       130.0104074784      -807.3839159206    102002.7029850789
810000     -7337.5248460012       130.0115920726      -807.2871431226    102002.7029850789
811000     -7337.5753584148       130.0095978226      -807.1950511899    102002.7029850789
812000     -7337.6192161817       130.0068045705      -807.1400880109    102002.7029850789
813000     -7337.6236547307       130.0053277639      -807.0266121620    102002.7029850789
814000     -7337.5631775354       130.0087269740      -806.9855302246    102002.7029850789
815000     -7337.5495990250       130.0095270565      -806.8703542725    102002.7029850788
816000     -7337.5674857899       130.0083953919      -806.7955380085    102002.7029850788
817000     -7337.5461528697       130.0087158804      -806.9097557826    102002.7029850788
818000     -7337.5243493185       130.0081751214      -806.8534793935    102002.7029850788
819000     -7337.4443490111       130.0107138190      -806.7960674828    102002.7029850788
820000     -7337.3745859881       130.0135856195      -806.6839248419    102002.7029850788
821000     -7337.3650825378       130.0139312215      -806.6342413613    102002.7029850788
822000     -7337.3943335623       130.0117709403      -806.6048146811    102002.7029850788
823000     -7337.3467467688       130.0149867497      -806.7628604522    102002.7029850788
824000     -7337.3262504503       130.0161440830      -806.8575007664    102002.7029850788
825000     -7337.3770219789       130.0117344989      -806.7687973789    102002.7029850788
826000     -7337.3639594848       130.0093431347      -806.7378468236    102002.7029850788
827000     -7337.3406271604       130.0120921129      -806.6148946051    102002.7029850788
828000     -7337.3118732620       130.0124509244      -806.5684773967    102002.7029850788
829000     -7337.2469333765       130.0139466934      -806.5460118186    102002.7029850788
830000     -7337.1793774993       130.0165875035      -806.5259083246    102002.7029850788
831000     -7337.1663932887       130.0184723499      -806.4921896452    102002.7029850788
832000     -7337.1782255596       130.0197161920      -806.3374959258    102002.7029850788
833000     -7337.1592538216       130.0228622651      -806.4130677409    102002.7029850788
834000     -7337.1841486919       130.0228057044      -806.3307025006    102002.7029850788
835000     -7337.1676404819       130.0245321509      -806.2051533396    102002.7029850788
836000     -7337.1669073402       130.0265877742      -806.0827527861    102002.7029850788
837000     -7337.1903046834       130.0247434364      -805.9575848599    102002.7029850788
838000     -7337.2419856054       130.0225495856      -805.7816746059    102002.7029850788
839000     -7337.2672159324       130.0202603150      -805.7566525630    102002.7029850788
840000     -7337.2467557969       130.0221298750      -805.8257343793    102002.7029850788
841000     -7337.2257128912       130.0238956371      -805.8175211168    102002.7029850788
842000     -7337.2602372403       130.0213942214      -805.7968084169    102002.7029850788
843000     -7337.2719980686       130.0228132198      -805.7139886180    102002.7029850788
844000     -7337.3273612469       130.0219535175      -805.6161585433    102002.7029850788
845000     -7337.3941635488       130.0196196537      -805.6229897995    102002.7029850788
846000     -7337.4118530835       130.0178617853      -805.6762765693    102002.7029850788
847000     -7337.4124826359       130.0207068612      -805.6329228280    102002.7029850788
848000     -7337.3536961706       130.0230819394      -805.8098112597    102002.7029850788
849000     -7337.3626094629       130.0244155935      -805.7184697483    102002.7029850788
850000     -7337.3687880140       130.0230784092      -805.7756432152    102002.7029850788
851000     -7337.3794491279       130.0232218062      -805.7537402179    102002.7029850788
852000     -7337.3986503517       130.0209935141      -805.9797729325    102002.7029850788
853000     -7337.4692499269       130.0188992290      -805.9032174492    102002.7029850788
854000     -7337.5020045116       130.0173421148      -805.9704223026    102002.7029850788
855000     -7337.5165002732       130.0168079687      -805.8975587886    102002.7029850788
856000     -7337.5358833838       130.0139510142      -805.9107692721    102002.7029850788
857000     -7337.5130713428       130.0133673919      -805.9304461717    102002.7029850788
858000     -7337.5147359056       130.0133200596      -805.9361783997    102002.7029850788
859000     -7337.5274905607       130.0123653165      -806.1747520358    102002.7029850788
860000     -7337.5647791644       130.0091855856      -806.3360269467    102002.7029850788
861000     -7337.5846104023       130.0092621323      -806.2529184011    102002.7029850788
862000     -7337.5507270131       130.0109889746      -806.3791091436    102002.7029850788
863000     -7337.5521485407       130.0107832619      -806.3262202137    102002.7029850788
864000     -7337.5547193837       130.0111165627      -806.1301305286    102002.7029850788
865000     -7337.5311708723       130.0127253079      -806.0032929748    102002.7029850788
866000     -7337.5134404386       130.0136150386      -806.0662369906    102002.7029850788
867000     -7337.5305055148       130.0101715632      -806.1686225589    102002.7029850788
868000     -7337.5406329268       130.0093581175      -806.1308584740    102002.7029850788
869000     -7337.5453705495       130.0085634590      -806.0196286863    102002.7029850788
870000     -7337.5494864205       130.0076594195      -805.9855856995    102002.7029850787
871000     -7337.5832715841       130.0054312845      -805.9469153784    102002.7029850787
872000     -7337.5850776683       130.0064666464      -805.9245879658    102002.7029850787
873000     -7337.5820127474       130.0076489742      -806.0194279802    102002.7029850787
874000     -7337.5775726904       130.0079286374      -806.0043396255    102002.7029850787
875000     -7337.6092410842       130.0058516387      -806.0115300355    102002.7029850787
876000     -7337.6393028222       130.0040244466      -805.9331952038    102002.7029850787
877000     -7337.6700112304       130.0021861944      -806.0228120407    102002.7029850787
878000     -7337.6732719322       130.0013231734      -806.2082871323    102002.7029850787
879000     -7337.6668427954       130.0014316592      -806.2979281921    102002.7029850787
880000     -7337.6015106929       130.0049810856      -806.3923011962    102002.7029850787
881000     -7337.5768548891       130.0064914513      -806.3778179012    102002.7029850787
882000     -7337.5940922390       130.0063665935      -806.2502523647    102002.7029850787
883000     -7337.6132446711       130.0059208709      -806.2354407383    102002.7029850787
884000     -7337.6456266887       130.0038775925      -806.3392087783    102002.7029850787
885000     -7337.6852088039       130.0024257271      -806.3038120237    102002.7029850787
886000     -7337.6923319100       130.0018305396      -806.3779328900    102002.7029850787
887000     -7337.6710462173       130.0040685252      -806.4328994791    102002.7029850787
888000     -7337.6399628151       130.0034839639      -806.4186082420    102002.7029850787
889000     -7337.6320933116       130.0036596563      -806.4114122991    102002.7029850787
890000     -7337.6784020695       130.0009964843      -806.3623218828    102002.7029850787
891000     -7337.7141653100       129.9991243097      -806.2956703833    102002.7029850787
892000     -7337.7011547488       129.9972748711      -806.1934669179    102002.7029850787
893000     -7337.6945762622       129.9954337375      -806.1525841974    102002.7029850787
894000     -7337.6871269102       129.9948980719      -806.3057186911    102002.7029850787
895000     -7337.6459936086       129.9933536568      -806.3334027385    102002.7029850787
896000     -7337.6074295265       129.9929652735      -806.1437544986    102002.7029850787
897000     -7337.6092914964       129.9903198135      -806.1533773876    102002.7029850787
898000     -7337.5700239376       129.9919078941      -806.1274228299    102002.7029850787
899000     -7337.5210360283       129.9924901926      -806.1105918027    102002.7029850787
900000     -7337.4779460643       129.9920830115      -806.1009033726    102002.7029850787
901000     -7337.4497313427       129.9915345801      -806.1883498434    102002.7029850787
902000     -7337.4110596216       129.9918705020      -806.0235642466    102002.7029850787
903000     -7337.3632089124       129.9916156707      -805.9448698741    102002.7029850787
904000     -7337.3236613905       129.9937370248      -805.9303769376    102002.7029850787
905000     -7337.3181716387       129.9946469406      -805.8760849911    102002.7029850787
906000     -7337.3071615402       129.9943635780      -805.8181521175    102002.7029850787
907000     -7337.2700624676       129.9959608292      -805.7101738948    102002.7029850787
908000     -7337.2514300338       129.9965876313      -805.7249262155    102002.7029850787
909000     -7337.2330587954       129.9994857456      -805.5980136702    102002.7029850787
910000     -7337.2211582268       130.0006132465      -805.5511032318    102002.7029850787
911000     -7337.2174567117       129.9975041164      -805.5124990293    102002.7029850787
912000     -7337.1560730013       129.9988263798      -805.5794819510    102002.7029850787
913000     -7337.1256823267       129.9983882892      -805.5191631198    102002.7029850787
914000     -7337.1093528881       129.9959522792      -805.5008788309    102002.7029850787
915000     -7337.0787912865       129.9978862107      -805.4139437503    102002.7029850787
916000     -7337.0166881467       130.0005559332      -805.4287415915    102002.7029850787
917000     -7337.0319725664       129.9986138926      -805.3457910386    102002.7029850787
918000     -7337.0423517667       129.9967542343      -805.3295542565    102002.7029850787
919000     -7337.0360890632       129.9971751169      -805.3493725782    102002.7029850787
920000     -7336.9799829501       129.9989784626      -805.4483994470    102002.7029850787
921000     -7336.9537734007       129.9993488107      -805.4759189404    102002.7029850787
922000     -7336.9451574272       129.9987502403      -805.4821461893    102002.7029850787
923000     -7336.8991187595       130.0006566107      -805.5036178636    102002.7029850787
924000     -7336.9349517910       129.9987439895      -805.6464011270    102002.7029850787
925000     -7336.9274124547       129.9990450123      -805.8716845505    102002.7029850787
926000     -7336.8713164068       130.0018168124      -805.9173629635    102002.7029850787
927000     -7336.8525557256       130.0014238739      -805.9321539474    102002.7029850786
928000     -7336.7872133182       130.0038194999      -805.9897707457    102002.7029850786
929000     -7336.7836444596       130.0011799338      -806.0949315068    102002.7029850786
930000     -7336.7749484852       130.0001616877      -806.0493668154    102002.7029850786
931000     -7336.7226381347       130.0027021962      -806.0572136084    102002.7029850786
932000     -7336.6907576195       130.0033509008      -806.3435663702    102002.7029850786
933000     -7336.6960311332       130.0025129018      -806.3932456003    102002.7029850786
934000     -7336.6773567269       130.0026503749      -806.3757284788    102002.7029850786
935000     -7336.6559054361       130.0035186508      -806.3349768650    102002.7029850786
936000     -7336.6560923408       130.0015673902      -806.3347715634    102002.7029850786
937000     -7336.6348114071       130.0037114769      -806.3207179759    102002.7029850786
938000     -7336.6404632227       130.0038228733      -806.2692026844    102002.7029850786
939000     -7336.6216917556       130.0049544825      -806.1064028781    102002.7029850786
940000     -7336.5707809711       130.0059057427      -806.0949341902    102002.7029850786
941000     -7336.5314535196       130.0071754078      -806.0474979310    102002.7029850786
942000     -7336.4559825644       130.0091494694      -805.9882293433    102002.7029850786
943000     -7336.4546185322       130.0096662404      -805.9208077004    102002.7029850786
944000     -7336.4375036490       130.0100348295      -805.9352178348    102002.7029850786
945000     -7336.4270104609       130.0106886196      -805.8592400416    102002.7029850786
946000     -7336.4142886600       130.0111210009      -805.7159281469    102002.7029850786
947000     -7336.4180584466       130.0084115699      -805.7055908763    102002.7029850786
948000     -7336.4400865677       130.0066627209      -805.7104847052    102002.7029850786
949000     -7336.4644813351       130.0055762900      -805.7268714930    102002.7029850786
950000     -7336.4789261517       130.0054932761      -805.6397219111    102002.7029850786
951000     -7336.4426294585       130.0077898907      -805.5871934393    102002.7029850786
952000     -7336.4409268061       130.0085991341      -805.5555323066    102002.7029850786
953000     -7336.4115683796       130.0094777042      -805.5637727786    102002.7029850786
954000     -7336.3953132029       130.0091157735      -805.4920965343    102002.7029850786
955000     -7336.3595201591       130.0110299294      -805.4646877128    102002.7029850786
956000     -7336.3335091467       130.0112310227      -805.5234677853    102002.7029850786
957000     -7336.3339040815       130.0106922300      -805.5643640410    102002.7029850786
958000     -7336.3393275927       130.0090956987      -805.5456372281    102002.7029850786
959000     -7336.3407536285       130.0088480433      -805.5611406350    102002.7029850786
960000     -7336.3652245841       130.0085929136      -805.4679915830    102002.7029850786
961000     -7336.3854662438       130.0082645663      -805.3804018551    102002.7029850786
962000     -7336.4096048787       130.0097016260      -805.3014635229    102002.7029850786
963000     -7336.4926485864       130.0069144593      -805.2753310513    102002.7029850786
964000     -7336.5114572959       130.0065548256      -805.1841549063    102002.7029850786
965000     -7336.5210698038       130.0036619861      -805.1534019389    102002.7029850786
966000     -7336.5486544868       130.0015561519      -805.0294121503    102002.7029850786
967000     -7336.5712036424       130.0004532425      -804.8855793258    102002.7029850786
968000     -7336.5658439397       130.0017522455      -804.7791008418    102002.7029850786
969000     -7336.5578747147       130.0020385912      -804.6587910657    102002.7029850786
970000     -7336.5194468346       130.0029487895      -804.5782052238    102002.7029850786
971000     -7336.4767732512       130.0018671984      -804.5030942080    102002.7029850786
972000     -7336.4559524462       130.0000041519      -804.6009000552    102002.7029850786
973000     -7336.4464285013       130.0000485205      -804.6689284911    102002.7029850786
974000     -7336.4663173511       130.0001466829      -804.5969726804    102002.7029850786
975000     -7336.4918002585       129.9990693331      -804.5418407446    102002.7029850786
976000     -7336.5025443049       129.9980145001      -804.5656147470    102002.7029850786
977000     -7336.4868813897       129.9984031576      -804.6201201140    102002.7029850786
978000     -7336.5035861407       129.9974325006      -804.7050828036    102002.7029850786
979000     -7336.5067460183       129.9979859435      -804.7959038745    102002.7029850786
980000     -7336.5263811964       129.9979942313      -804.9071100010    102002.7029850786
981000     -7336.5449351188       129.9964457201      -804.9173184416    102002.7029850786
982000     -7336.5540357865       129.9960804943      -804.9476085649    102002.7029850786
983000     -7336.5583868432       129.9946968980      -805.0080759595    102002.7029850786
984000     -7336.5668748001       129.9945705138      -804.9109773928    102002.7029850786
985000     -7336.6029042451       129.9921445139      -804.8431339205    102002.7029850786
986000     -7336.6031433409       129.9907927010      -804.8997999942    102002.7029850786
987000     -7336.6049354371       129.9903265506      -804.8654790720    102002.7029850786
988000     -7336.5958299085       129.9915661768      -804.8286206665    102002.7029850786
989000     -7336.5573955766       129.9921060993      -804.8200983106    102002.7029850786
990000     -7336.5664028062       129.9902453078      -804.7325097581    102002.7029850786
991000     -7336.5615572426       129.9895186804      -804.7618274285    102002.7029850786
992000     -7336.5785183859       129.9877770687      -804.7394047427    102002.7029850786
993000     -7336.5521009829       129.9885863078      -804.8200896665    102002.7029850786
994000     -7336.5580938208       129.9882862511      -804.8417524374    102002.7029850786
995000     -7336.5558720508       129.9872911935      -804.7551396398    102002.7029850786
996000     -7336.5360546162       129.9885098100      -804.6735219987    102002.7029850786
997000     -7336.5050538763       129.9898167075      -804.6027183562    102002.7029850786
998000     -7336.4944363080       129.9897083186      -804.5239735816    102002.7029850786
999000     -7336.4955887620       129.9892904395      -804.5086021650    102002.7029850786
1000000     -7336.4607671312       129.9893674823      -804.6283753422    102002.7029850786
