# Time-averaged data for fix runningavgs
# TimeStep v_ra_etotal v_ra_temp v_ra_press v_ra_volume
502000     -6689.0412484687       109.7669557269      -685.4760616126    102002.7029850792
503000     -6688.5192680047       109.9212610050      -704.9082264043    102002.7029850792
504000     -6690.0661040126       109.7774746499      -702.0200664040    102002.7029850792
505000     -6691.0900748100       109.6833864177      -700.7238120280    102002.7029850792
506000     -6693.0008149698       109.5044238754      -697.0422470890    102002.7029850792
507000     -6691.7357301843       109.6113421532      -694.2853913494    102002.7029850792
508000     -6690.1528736663       109.7334814633      -692.9237541027    102002.7029850792
509000     -6688.7932958332       109.8766917096      -691.8979506052    102002.7029850792
510000     -6688.0796231405       109.9303235583      -692.9166285171    102002.7029850792
511000     -6689.1539786255       109.8390655250      -694.0178035724    102002.7029850792
512000     -6689.0127693755       109.8484209400      -693.3236170904    102002.7029850792
513000     -6688.7370099176       109.8876472859      -691.7886031827    102002.7029850792
514000     -6689.5141115142       109.8178719229      -693.9677542813    102002.7029850792
515000     -6689.7897116476       109.7909700091      -693.3176239477    102002.7029850792
516000     -6690.3795959065       109.7168684351      -693.3961107072    102002.7029850792
517000     -6690.2957293828       109.7232747724      -693.4768185674    102002.7029850792
518000     -6690.1131826550       109.7252536991      -692.9854980102    102002.7029850792
519000     -6689.9345592164       109.7529547048      -692.1980590230    102002.7029850792
520000     -6689.6433913876       109.7802001323      -692.5065056688    102002.7029850792
521000     -6689.0910508448       109.8371886898      -693.0965289546    102002.7029850792
522000     -6688.5736353689       109.8861859294      -694.2082334074    102002.7029850792
523000     -6688.3033038577       109.9097991684      -695.1460568522    102002.7029850792
524000     -6688.5748175419       109.8815802899      -693.6628841249    102002.7029850792
525000     -6688.8170409810       109.8623661158      -694.5202523026    102002.7029850792
526000     -6689.1709141261       109.8328381407      -694.1004993773    102002.7029850792
527000     -6689.2731943887       109.8197251687      -693.9700107062    102002.7029850792
528000     -6689.1534356234       109.8275154130      -695.3424647817    102002.7029850792
529000     -6689.3299355416       109.8188451485      -694.5025342117    102002.7029850792
530000     -6689.3209901655       109.8204622760      -694.5836939939    102002.7029850792
531000     -6689.5683564373       109.7993617927      -695.9498146281    102002.7029850792
532000     -6689.6270002932       109.8001541072      -696.8490847831    102002.7029850792
533000     -6689.8633541416       109.7775864416      -697.7471787167    102002.7029850792
534000     -6689.9682944107       109.7643000921      -699.2040976282    102002.7029850792
535000     -6689.8930727052       109.7686648286      -699.2923878457    102002.7029850792
536000     -6689.8571188063       109.7770815041      -699.2795558143    102002.7029850792
537000     -6689.4192853179       109.8161074733      -699.4748150761    102002.7029850792
538000     -6689.5023410732       109.8082474937      -699.5895470596    102002.7029850792
539000     -6689.2408763754       109.8350409867      -700.7224655285    102002.7029850791
540000     -6689.1270012350       109.8451655594      -701.7413864909    102002.7029850791
541000     -6688.8331968273       109.8726347268      -701.9687968180    102002.7029850791
542000     -6688.6684301759       109.8886222981      -702.2419441031    102002.7029850791
543000     -6688.4516440123       109.9101260279      -701.6939123743    102002.7029850791
544000     -6688.2641128968       109.9307682860      -701.5483972435    102002.7029850791
545000     -6688.2617715428       109.9335618540      -702.9491423829    102002.7029850791
546000     -6688.2931974814       109.9312010117      -703.1130418993    102002.7029850791
547000     -6688.2052864485       109.9403838809      -703.5746369509    102002.7029850791
548000     -6688.4056526588       109.9193527841      -704.3575992359    102002.7029850791
549000     -6688.4167816942       109.9212290264      -703.6940328503    102002.7029850791
550000     -6688.1299703697       109.9490099177      -703.1282677981    102002.7029850791
551000     -6688.1937042061       109.9436000308      -703.1399439337    102002.7029850791
552000     -6688.3823754456       109.9289077765      -704.0813332965    102002.7029850791
553000     -6688.5088133330       109.9214984641      -703.7768884934    102002.7029850791
554000     -6688.5159844315       109.9180683894      -703.6675634124    102002.7029850791
555000     -6688.3545983999       109.9324512554      -703.6362704305    102002.7029850791
556000     -6688.2744496618       109.9416689655      -703.7086649844    102002.7029850791
557000     -6688.2579418550       109.9398250578      -703.9567055040    102002.7029850791
558000     -6688.2966018049       109.9324366831      -704.2635638124    102002.7029850791
559000     -6688.2885632276       109.9295137638      -704.0705785064    102002.7029850791
560000     -6688.4394472441       109.9167582743      -703.1180480799    102002.7029850791
561000     -6688.4455185152       109.9127469898      -703.1777285866    102002.7029850791
562000     -6688.5268896621       109.9063475299      -703.0996835843    102002.7029850791
563000     -6688.4179473977       109.9174631101      -703.0177417865    102002.7029850791
564000     -6688.3116740319       109.9226456687      -704.1099291302    102002.7029850791
565000     -6688.1277422402       109.9416313269      -704.0390364194    102002.7029850791
566000     -6688.0479124462       109.9504217401      -704.1073997705    102002.7029850791
567000     -6687.8535226070       109.9657625779      -704.7938653313    102002.7029850791
568000     -6687.7588968946       109.9730324233      -704.7759821760    102002.7029850791
569000     -6687.7956548439       109.9711506076      -705.1828912608    102002.7029850791
570000     -6687.6666768915       109.9856383487      -705.9533117539    102002.7029850791
571000     -6687.5206568258       109.9993320022      -706.0160070202    102002.7029850791
572000     -6687.4716588445       110.0038808009      -706.3923641807    102002.7029850791
573000     -6687.5246237586       110.0006278878      -706.5284840026    102002.7029850791
574000     -6687.3670253828       110.0156321164      -706.5825757683    102002.7029850791
575000     -6687.2850774780       110.0225995318      -707.6331108914    102002.7029850791
576000     -6687.3601669894       110.0136688364      -708.0736362543    102002.7029850791
577000     -6687.3956909021       110.0118246749      -708.2477641330    102002.7029850791
578000     -6687.2456089742       110.0285334899      -708.2351526121    102002.7029850791
579000     -6687.1694480538       110.0357580219      -708.1219157133    102002.7029850791
580000     -6687.2637374745       110.0281823239      -708.5222476828    102002.7029850791
581000     -6687.3505108008       110.0197298343      -709.3550278039    102002.7029850791
582000     -6687.2747705759       110.0267175099      -709.4116772551    102002.7029850791
583000     -6687.2431002526       110.0317917214      -709.7130783726    102002.7029850791
584000     -6687.2251981200       110.0311389667      -710.0069217555    102002.7029850791
585000     -6687.2429628645       110.0308148850      -709.9585539772    102002.7029850791
586000     -6687.4039320891       110.0166741212      -710.2609608897    102002.7029850791
587000     -6687.4544735264       110.0117068197      -710.9557884957    102002.7029850791
588000     -6687.3620681503       110.0219065960      -711.3047453283    102002.7029850791
589000     -6687.3824206545       110.0209426316      -710.8878265773    102002.7029850791
590000     -6687.3747057551       110.0213671365      -711.0467818116    102002.7029850791
591000     -6687.2297543804       110.0334991485      -710.9767039822    102002.7029850792
592000     -6687.2106792559       110.0358347901      -710.7216735910    102002.7029850792
593000     -6687.2199368612       110.0328522191      -711.0519157900    102002.7029850792
594000     -6687.2356024007       110.0317079359      -711.2722174074    102002.7029850792
595000     -6687.3392014704       110.0214537436      -711.0987029930    102002.7029850792
596000     -6687.3610667158       110.0180412383      -711.2860044761    102002.7029850792
597000     -6687.4730607310       110.0090985517      -711.3449641129    102002.7029850792
598000     -6687.5132760783       110.0045600208      -711.4252630668    102002.7029850792
599000     -6687.5966673796       109.9955658229      -711.8774481150    102002.7029850792
600000     -6687.6609256735       109.9899883640      -712.1303048563    102002.7029850792
601000     -6687.7372224292       109.9846983911      -712.2207639748    102002.7029850792
602000     -6687.6942363234       109.9896248949      -712.2072279846    102002.7029850792
603000     -6687.7069069250       109.9875613370      -712.3802518024    102002.7029850792
604000     -6687.7873696506       109.9820582173      -712.6454320625    102002.7029850793
605000     -6687.7813631370       109.9811580251      -713.0697995131    102002.7029850793
606000     -6687.8625864494       109.9732904492      -713.2887162604    102002.7029850793
607000     -6687.8375541307       109.9747901352      -713.5433684742    102002.7029850793
608000     -6687.7899553299       109.9796216761      -713.5384560304    102002.7029850793
609000     -6687.7399155329       109.9839245778      -713.4887587381    102002.7029850793
610000     -6687.6305887339       109.9949594194      -713.6407415404    102002.7029850793
611000     -6687.6330484422       109.9953897938      -713.9341649622    102002.7029850793
612000     -6687.6103073596       109.9970133083      -714.2408598348    102002.7029850793
613000     -6687.6951423528       109.9883457697      -714.2146298543    102002.7029850793
614000     -6687.6937741539       109.9872639266      -714.1500828280    102002.7029850793
615000     -6687.7257671342       109.9832531886      -714.1837571963    102002.7029850793
616000     -6687.6675482294       109.9892966261      -714.2909810219    102002.7029850793
617000     -6687.6255175161       109.9928632543      -714.2829073757    102002.7029850793
618000     -6687.6129441271       109.9941652071      -714.2218212109    102002.7029850793
619000     -6687.5975166105       109.9958089175      -714.0689925539    102002.7029850793
620000     -6687.5856064160       109.9960561700      -713.9250324138    102002.7029850793
621000     -6687.5922076459       109.9947224739      -713.7797053447    102002.7029850793
622000     -6687.6089814614       109.9936530737      -713.6444206691    102002.7029850794
623000     -6687.5526600690       109.9996227865      -713.7700973699    102002.7029850794
624000     -6687.4921557639       110.0041115816      -713.7905874370    102002.7029850794
625000     -6687.4525139193       110.0080263011      -713.9020936705    102002.7029850794
626000     -6687.3825592594       110.0149029589      -713.9361893129    102002.7029850794
627000     -6687.3572368340       110.0168262272      -713.9117423853    102002.7029850794
628000     -6687.3197649939       110.0188919721      -714.0778841792    102002.7029850794
629000     -6687.4232312049       110.0093882345      -714.2473704223    102002.7029850794
630000     -6687.3983196131       110.0125059309      -714.4454644019    102002.7029850794
631000     -6687.4031199489       110.0117050218      -714.5333488830    102002.7029850794
632000     -6687.4916346218       110.0040205455      -714.5581011902    102002.7029850794
633000     -6687.5562294628       109.9987274336      -714.5844170293    102002.7029850794
634000     -6687.5855637734       109.9960295125      -714.5264343284    102002.7029850794
635000     -6687.6778735079       109.9874356147      -714.7242214479    102002.7029850794
636000     -6687.7075725103       109.9843253170      -715.0066434254    102002.7029850794
637000     -6687.8066927151       109.9758732536      -714.8860783784    102002.7029850794
638000     -6687.8615756171       109.9706651019      -714.8227597287    102002.7029850794
639000     -6687.9306199356       109.9644424108      -714.8493977220    102002.7029850794
640000     -6687.9170730803       109.9655125707      -715.0709534891    102002.7029850794
641000     -6687.9418708783       109.9645732042      -715.2829799478    102002.7029850794
642000     -6687.8538294728       109.9740948251      -715.6627208780    102002.7029850794
643000     -6687.8294763818       109.9753321353      -715.9751415329    102002.7029850794
644000     -6687.8097933287       109.9759583771      -716.0789515428    102002.7029850794
645000     -6687.8381858486       109.9730634371      -716.1506215477    102002.7029850794
646000     -6687.8719707331       109.9683452156      -716.5467080792    102002.7029850795
647000     -6687.8520461386       109.9691840348      -716.7719277568    102002.7029850795
648000     -6687.7754989279       109.9753243188      -716.9849007399    102002.7029850795
649000     -6687.7240540242       109.9788115105      -717.3924022729    102002.7029850795
650000     -6687.7197391780       109.9777163788      -717.5478108749    102002.7029850795
651000     -6687.7754513592       109.9715612149      -717.7211346069    102002.7029850795
652000     -6687.8015654537       109.9680815462      -718.0965380563    102002.7029850795
653000     -6687.7599000275       109.9715856107      -718.3450762458    102002.7029850795
654000     -6687.7106410813       109.9758619438      -718.6923939785    102002.7029850795
655000     -6687.7034207345       109.9768839861      -718.6143241288    102002.7029850795
656000     -6687.6154654060       109.9837882086      -718.6942377218    102002.7029850795
657000     -6687.6096816759       109.9828286632      -718.8588034844    102002.7029850795
658000     -6687.5813075774       109.9845940606      -718.8791295954    102002.7029850795
659000     -6687.5848124315       109.9841076309      -719.0578163406    102002.7029850795
660000     -6687.6168068074       109.9808409881      -719.2547273648    102002.7029850795
661000     -6687.5851519585       109.9831942628      -719.0913214256    102002.7029850795
662000     -6687.5895321399       109.9831074707      -719.0143559395    102002.7029850795
663000     -6687.5893242835       109.9822607760      -719.0863634069    102002.7029850795
664000     -6687.5491212771       109.9863140118      -719.1029405311    102002.7029850795
665000     -6687.5324847618       109.9876584141      -719.3912654070    102002.7029850795
666000     -6687.5538736373       109.9855567264      -719.4383620948    102002.7029850795
667000     -6687.5732259612       109.9828753293      -719.3645149207    102002.7029850795
668000     -6687.5704718104       109.9825327061      -719.5147314754    102002.7029850795
669000     -6687.5759011278       109.9830353903      -719.5467033205    102002.7029850795
670000     -6687.5001200931       109.9899822917      -719.7133589354    102002.7029850795
671000     -6687.4969560196       109.9912501375      -719.6682186606    102002.7029850795
672000     -6687.5334732270       109.9878354727      -719.7526232988    102002.7029850795
673000     -6687.5474977332       109.9851319666      -719.6893118422    102002.7029850795
674000     -6687.5726525615       109.9823641282      -719.7655524729    102002.7029850794
675000     -6687.5459304032       109.9844473490      -719.8982767838    102002.7029850794
676000     -6687.5539840676       109.9848652530      -719.9711900536    102002.7029850794
677000     -6687.5161327013       109.9875952892      -720.0553027646    102002.7029850794
678000     -6687.5468555898       109.9842220953      -719.9578081404    102002.7029850794
679000     -6687.5668441449       109.9822663600      -719.9314324848    102002.7029850794
680000     -6687.5528155840       109.9832992028      -719.9326922893    102002.7029850794
681000     -6687.5388749103       109.9838097096      -719.8082489835    102002.7029850794
682000     -6687.5707555373       109.9809980336      -719.9521064189    102002.7029850794
683000     -6687.5367798747       109.9847242484      -720.0068862501    102002.7029850794
684000     -6687.4758090926       109.9904778816      -719.9196143032    102002.7029850794
685000     -6687.4557249364       109.9925765674      -719.9643611823    102002.7029850794
686000     -6687.4193318410       109.9960756268      -719.9776651083    102002.7029850794
687000     -6687.4034610740       109.9981410434      -719.9779417445    102002.7029850794
688000     -6687.4043646549       109.9982924549      -720.1366344143    102002.7029850793
689000     -6687.4374077367       109.9944916007      -720.1587095990    102002.7029850793
690000     -6687.4479014891       109.9939140437      -720.1820508407    102002.7029850793
691000     -6687.4264043113       109.9960307349      -720.0001262123    102002.7029850793
692000     -6687.4358409852       109.9943719760      -719.8776421496    102002.7029850793
693000     -6687.4573765512       109.9911248901      -719.9449424043    102002.7029850793
694000     -6687.4282815479       109.9954990304      -719.9274186009    102002.7029850793
695000     -6687.3920700815       109.9988973009      -719.8594051826    102002.7029850793
696000     -6687.3663724957       110.0016210184      -719.9049560509    102002.7029850793
697000     -6687.3484255100       110.0037979421      -720.0500945554    102002.7029850793
698000     -6687.3378536638       110.0061059949      -719.9867588816    102002.7029850793
699000     -6687.3003650118       110.0096652542      -719.9565347732    102002.7029850793
700000     -6687.2929535604       110.0104922712      -719.9765447273    102002.7029850793
701000     -6687.3058705134       110.0076377140      -720.0015489425    102002.7029850793
702000     -6687.3354712585       110.0041016259      -719.9930818667    102002.7029850793
703000     -6687.3637565332       110.0005180307      -719.8737787791    102002.7029850793
704000     -6687.3476721823       110.0009682540      -719.8041544946    102002.7029850792
705000     -6687.2897571822       110.0063012784      -719.7019409384    102002.7029850792
706000     -6687.3058185257       110.0045057835      -719.6132435510    102002.7029850792
707000     -6687.3340064984       110.0016536648      -719.6659958251    102002.7029850792
708000     -6687.3454205310       110.0007128440      -719.6105597275    102002.7029850792
709000     -6687.3641778888       109.9995252379      -719.5283770294    102002.7029850792
710000     -6687.2985733342       110.0061096301      -719.4705707877    102002.7029850792
711000     -6687.3034920083       110.0062461528      -719.4833706946    102002.7029850792
712000     -6687.3118641652       110.0060140912      -719.4592178286    102002.7029850792
713000     -6687.2802382290       110.0085119984      -719.4870975002    102002.7029850792
714000     -6687.2729831355       110.0096127933      -719.4422011555    102002.7029850792
715000     -6687.2672125856       110.0096580307      -719.4209469022    102002.7029850792
716000     -6687.2544831966       110.0105504094      -719.3498216611    102002.7029850792
717000     -6687.1984821795       110.0152409812      -719.2244010735    102002.7029850792
718000     -6687.2036966759       110.0149499511      -719.0949052517    102002.7029850792
719000     -6687.1806288989       110.0161104591      -719.0671535065    102002.7029850792
720000     -6687.1989675082       110.0142915693      -718.8660623593    102002.7029850792
721000     -6687.2096217571       110.0130133007      -718.6889925931    102002.7029850792
722000     -6687.1946002637       110.0150840231      -718.6086670168    102002.7029850792
723000     -6687.1737943743       110.0171975670      -718.5416540253    102002.7029850792
724000     -6687.1871150348       110.0165394033      -718.4780003716    102002.7029850791
725000     -6687.2172104599       110.0135059446      -718.4016923385    102002.7029850791
726000     -6687.2294473355       110.0116977428      -718.2047164490    102002.7029850791
727000     -6687.2416931862       110.0097858047      -718.0795629672    102002.7029850791
728000     -6687.2018319666       110.0128161675      -718.0545699555    102002.7029850791
729000     -6687.2101041917       110.0112526913      -717.8751220215    102002.7029850791
730000     -6687.2609029452       110.0057834604      -717.8292017501    102002.7029850791
731000     -6687.2884118169       110.0030213011      -717.7702122034    102002.7029850791
732000     -6687.2498017530       110.0065247945      -717.6424220680    102002.7029850791
733000     -6687.2270892610       110.0086390097      -717.6012195029    102002.7029850791
734000     -6687.1805984842       110.0120864018      -717.4791260177    102002.7029850791
735000     -6687.1419323535       110.0155549094      -717.3155407973    102002.7029850791
736000     -6687.1357224683       110.0166608220      -717.1212995626    102002.7029850791
737000     -6687.1154107202       110.0176961517      -716.9838704065    102002.7029850791
738000     -6687.0695089779       110.0210023813      -716.7479036463    102002.7029850791
739000     -6687.0898980368       110.0186890455      -716.5528899933    102002.7029850791
740000     -6687.0379429385       110.0231118227      -716.5222498601    102002.7029850791
741000     -6687.0402910818       110.0227817476      -716.5113574033    102002.7029850791
742000     -6687.0783817359       110.0191527386      -716.3461821067    102002.7029850791
743000     -6687.0679235196       110.0198685496      -716.1103268231    102002.7029850791
744000     -6687.0977413918       110.0169353950      -716.0024007932    102002.7029850791
745000     -6687.1347080328       110.0133429720      -715.8811789062    102002.7029850791
746000     -6687.1443423570       110.0122232263      -715.7122039300    102002.7029850791
747000     -6687.1399939151       110.0129005575      -715.6056692574    102002.7029850791
748000     -6687.1188591615       110.0151470719      -715.4730756285    102002.7029850790
749000     -6687.0823226746       110.0185442289      -715.3999892857    102002.7029850790
750000     -6687.0718010379       110.0192861525      -715.2888713428    102002.7029850790
751000     -6687.1184273253       110.0151808273      -715.1739622820    102002.7029850790
752000     -6687.1370757464       110.0132828982      -715.0342349121    102002.7029850790
753000     -6687.1181900129       110.0153095034      -714.9610959166    102002.7029850790
754000     -6687.0936450791       110.0176010479      -714.8660271844    102002.7029850790
755000     -6687.1112592531       110.0164907011      -714.7167584215    102002.7029850790
756000     -6687.1144637519       110.0160643925      -714.6075361913    102002.7029850790
757000     -6687.1506803377       110.0132515755      -714.5000903867    102002.7029850790
758000     -6687.1883622623       110.0090305687      -714.3294053626    102002.7029850790
759000     -6687.1908642268       110.0090587214      -714.1532018933    102002.7029850790
760000     -6687.1805807395       110.0100535101      -714.1273760142    102002.7029850790
761000     -6687.1480280115       110.0131127807      -713.9813771741    102002.7029850790
762000     -6687.1156857584       110.0168692420      -713.8002948611    102002.7029850790
763000     -6687.1246894647       110.0167306523      -713.5953384956    102002.7029850790
764000     -6687.1119504433       110.0179366341      -713.5183081630    102002.7029850790
765000     -6687.1045501351       110.0181950066      -713.3592597628    102002.7029850790
766000     -6687.1023167981       110.0185890421      -713.2504127822    102002.7029850790
767000     -6687.0657385118       110.0215588704      -713.2058155629    102002.7029850790
768000     -6687.0774485014       110.0208755355      -713.0577981398    102002.7029850790
769000     -6687.0780693219       110.0205156739      -712.9178020954    102002.7029850790
770000     -6687.0529625381       110.0221590186      -712.8149141433    102002.7029850790
771000     -6687.0053668967       110.0259691084      -712.7472934884    102002.7029850790
772000     -6686.9747487894       110.0287975078      -712.5494549679    102002.7029850790
773000     -6686.9294123943       110.0330942217      -712.4228271969    102002.7029850790
774000     -6686.9322208584       110.0336915645      -712.4301038083    102002.7029850790
775000     -6686.9102961627       110.0353036929      -712.3254534385    102002.7029850790
776000     -6686.8818284880       110.0379473661      -712.2877366292    102002.7029850790
777000     -6686.8694150964       110.0387173598      -712.2745860630    102002.7029850789
778000     -6686.8311392247       110.0426021589      -712.0976014263    102002.7029850789
779000     -6686.8200852251       110.0432140961      -711.9944595080    102002.7029850789
780000     -6686.7910739205       110.0458016575      -711.8061620617    102002.7029850789
781000     -6686.7969694374       110.0456093700      -711.6529721961    102002.7029850789
782000     -6686.8169364441       110.0439432227      -711.6330472547    102002.7029850789
783000     -6686.8184985061       110.0431979028      -711.5519648409    102002.7029850789
784000     -6686.8196269129       110.0431469023      -711.3870211584    102002.7029850789
785000     -6686.7777139472       110.0467368350      -711.3143198605    102002.7029850789
786000     -6686.8240654529       110.0425418972      -711.2049022888    102002.7029850789
787000     -6686.8284344837       110.0425050029      -711.0710822200    102002.7029850789
788000     -6686.8223173117       110.0421935027      -711.0285307613    102002.7029850789
789000     -6686.8551356986       110.0393642634      -710.9209966011    102002.7029850789
790000     -6686.8659071154       110.0388782945      -710.7794566783    102002.7029850789
791000     -6686.8813243975       110.0378114776      -710.6493374173    102002.7029850789
792000     -6686.9229858894       110.0341771334      -710.5810534563    102002.7029850789
793000     -6686.9333630329       110.0335576525      -710.5018376433    102002.7029850789
794000     -6686.9644191166       110.0304641275      -710.4457563854    102002.7029850789
795000     -6686.9836489602       110.0281072755      -710.3323035337    102002.7029850789
796000     -6686.9918707591       110.0280411165      -710.0876212513    102002.7029850789
797000     -6687.0251959018       110.0245848782      -710.0073901520    102002.7029850789
798000     -6687.0249829891       110.0245789790      -709.8852842680    102002.7029850789
799000     -6687.0395706871       110.0237529227      -709.7616356047    102002.7029850789
800000     -6687.0813286382       110.0194535188      -709.7568160264    102002.7029850789
801000     -6687.0795607173       110.0198774055      -709.6883510435    102002.7029850789
802000     -6687.0385820632       110.0238152911      -709.5391526301    102002.7029850789
803000     -6687.0434800624       110.0225567052      -709.4220209853    102002.7029850789
804000     -6687.0473221345       110.0215328733      -709.3205534169    102002.7029850789
805000     -6687.0743793888       110.0184104002      -709.1951327454    102002.7029850789
806000     -6687.0840742954       110.0167187518      -709.1173806387    102002.7029850789
807000     -6687.0815193702       110.0168840760      -709.0755034356    102002.7029850789
808000     -6687.0860077607       110.0164421088      -708.9895677033    102002.7029850789
809000     -6687.0704712911       110.0176734670      -708.9132241163    102002.7029850789
810000     -6687.0350516759       110.0205611935      -708.7722452682    102002.7029850789
811000     -6687.0263102917       110.0217268319      -708.6911943813    102002.7029850789
812000     -6687.0374475934       110.0203667905      -708.5978837333    102002.7029850789
813000     -6687.0619261573       110.0183951303      -708.4367325579    102002.7029850789
814000     -6687.0849134971       110.0164662714      -708.2679964867    102002.7029850789
815000     -6687.0906614618       110.0157463581      -708.1371245796    102002.7029850788
816000     -6687.0497057503       110.0195654938      -708.0513441109    102002.7029850788
817000     -6687.0382746955       110.0203912086      -707.8716612658    102002.7029850788
818000     -6687.0247894723       110.0213039534      -707.7574791064    102002.7029850788
819000     -6686.9932661100       110.0238785131      -707.6974581921    102002.7029850788
820000     -6686.9940444064       110.0241625178      -707.5230755245    102002.7029850788
821000     -6687.0063183806       110.0225310207      -707.4107408534    102002.7029850788
822000     -6687.0460339417       110.0185238161      -707.2920495746    102002.7029850788
823000     -6687.0262445142       110.0208816807      -707.2388609797    102002.7029850788
824000     -6687.0112396856       110.0220319424      -707.2697988181    102002.7029850788
825000     -6687.0139299822       110.0218168732      -707.2187636481    102002.7029850788
826000     -6687.0078423759       110.0224360271      -707.1578213123    102002.7029850788
827000     -6687.0137335467       110.0220267583      -707.1254990553    102002.7029850788
828000     -6687.0021776997       110.0232416670      -707.1153061981    102002.7029850788
829000     -6686.9968455062       110.0241047010      -707.1048578614    102002.7029850788
830000     -6687.0150317742       110.0225226987      -707.1094378274    102002.7029850788
831000     -6687.0208125977       110.0216563445      -707.1155543026    102002.7029850788
832000     -6687.0508440525       110.0191373120      -706.9966531531    102002.7029850788
833000     -6687.0842614147       110.0161790101      -706.9584342560    102002.7029850788
834000     -6687.0979341586       110.0150004852      -706.9969228015    102002.7029850788
835000     -6687.1368464207       110.0115131940      -706.9049867697    102002.7029850788
836000     -6687.1250285321       110.0124740603      -706.8278344312    102002.7029850788
837000     -6687.1034724038       110.0145772702      -706.8232413653    102002.7029850788
838000     -6687.1222663244       110.0131021821      -706.6893210341    102002.7029850788
839000     -6687.1332166721       110.0122569088      -706.5709682398    102002.7029850788
840000     -6687.1640806125       110.0098814028      -706.5343720874    102002.7029850788
841000     -6687.1472879863       110.0114642237      -706.5228586820    102002.7029850788
842000     -6687.1216298699       110.0141979761      -706.4485273140    102002.7029850788
843000     -6687.1119005736       110.0151781177      -706.3181714511    102002.7029850788
844000     -6687.1162766946       110.0148981578      -706.2794834194    102002.7029850788
845000     -6687.1339586442       110.0133751740      -706.2207483268    102002.7029850788
846000     -6687.1543030090       110.0115302568      -706.1230605190    102002.7029850788
847000     -6687.1366605479       110.0133169671      -706.1160383317    102002.7029850788
848000     -6687.1274750387       110.0144494972      -706.1298378664    102002.7029850788
849000     -6687.1717450834       110.0108451750      -706.0275970129    102002.7029850788
850000     -6687.1772648189       110.0104140043      -705.9646136964    102002.7029850788
851000     -6687.1604323804       110.0126327115      -705.9645704092    102002.7029850788
852000     -6687.1397480623       110.0143300576      -705.9873669360    102002.7029850788
853000     -6687.1452863182       110.0141258235      -705.9315605403    102002.7029850788
854000     -6687.1376308721       110.0149012525      -705.9404562059    102002.7029850788
855000     -6687.1133499467       110.0170025646      -705.9018357982    102002.7029850788
856000     -6687.1017803284       110.0178331793      -705.8371646235    102002.7029850788
857000     -6687.1291884147       110.0147680947      -705.8693613017    102002.7029850788
858000     -6687.1546730117       110.0124872546      -705.8750557860    102002.7029850788
859000     -6687.1642696755       110.0112750441      -705.8737915532    102002.7029850788
860000     -6687.1718753219       110.0110312892      -705.8835361408    102002.7029850788
861000     -6687.1997579532       110.0087034407      -705.8306748610    102002.7029850788
862000     -6687.2177487309       110.0073028186      -705.8084492256    102002.7029850788
863000     -6687.2151239331       110.0075609409      -705.8832540142    102002.7029850788
864000     -6687.1964026415       110.0096013077      -705.9050377862    102002.7029850788
865000     -6687.2129134805       110.0082608375      -705.9670456118    102002.7029850788
866000     -6687.2258398750       110.0074663282      -706.0480095969    102002.7029850788
867000     -6687.2521145051       110.0050624725      -706.0201277861    102002.7029850788
868000     -6687.2522029218       110.0054242275      -706.0743447704    102002.7029850788
869000     -6687.2223929655       110.0084132438      -706.1117640097    102002.7029850788
870000     -6687.2113536435       110.0095665390      -706.1682617451    102002.7029850787
871000     -6687.2115274008       110.0093477059      -706.2388231538    102002.7029850787
872000     -6687.2293581178       110.0080150659      -706.2301004833    102002.7029850787
873000     -6687.2198566646       110.0083962267      -706.2113942032    102002.7029850787
874000     -6687.2167687766       110.0090662252      -706.2317947595    102002.7029850787
875000     -6687.2247529252       110.0080380752      -706.2911282003    102002.7029850787
876000     -6687.2312735997       110.0077834783      -706.3700863812    102002.7029850787
877000     -6687.2348856203       110.0077110735      -706.5324521674    102002.7029850787
878000     -6687.2082059313       110.0105463848      -706.6131090821    102002.7029850787
879000     -6687.2129425219       110.0103534653      -706.5517656412    102002.7029850787
880000     -6687.2239343008       110.0094596825      -706.5880069696    102002.7029850787
881000     -6687.2468570398       110.0072933099      -706.6814741149    102002.7029850787
882000     -6687.2227880612       110.0097406780      -706.6738702177    102002.7029850787
883000     -6687.2092361787       110.0107933948      -706.7140421001    102002.7029850787
884000     -6687.2154586407       110.0103187804      -706.7884960810    102002.7029850787
885000     -6687.2410003212       110.0074539352      -706.8118231943    102002.7029850787
886000     -6687.2230996930       110.0088719351      -706.8145848738    102002.7029850787
887000     -6687.2023656488       110.0105322783      -706.8202276762    102002.7029850787
888000     -6687.2106776754       110.0099663028      -706.9337189686    102002.7029850787
889000     -6687.2391238058       110.0075213713      -706.9802970902    102002.7029850787
890000     -6687.2605796511       110.0053948732      -706.9331474359    102002.7029850787
891000     -6687.2619830001       110.0055370491      -706.9595598045    102002.7029850787
892000     -6687.2551196607       110.0064381899      -706.9744682044    102002.7029850787
893000     -6687.2545426656       110.0063648713      -706.9765815427    102002.7029850787
894000     -6687.2626422282       110.0057239034      -707.0906212650    102002.7029850787
895000     -6687.2335480532       110.0084043803      -707.2018247735    102002.7029850787
896000     -6687.2278521582       110.0092434382      -707.1742636287    102002.7029850787
897000     -6687.2306257458       110.0089686364      -707.1996242644    102002.7029850787
898000     -6687.2312382924       110.0092373610      -707.2483084366    102002.7029850787
899000     -6687.2617824043       110.0068372726      -707.2336412995    102002.7029850787
900000     -6687.2620390806       110.0064308768      -707.2906260444    102002.7029850787
901000     -6687.2382697082       110.0089851099      -707.3254640059    102002.7029850787
902000     -6687.2226197763       110.0104354100      -707.4096764268    102002.7029850787
903000     -6687.2231196860       110.0105338783      -707.3944930484    102002.7029850787
904000     -6687.2178913168       110.0109990896      -707.3321495980    102002.7029850787
905000     -6687.2029020966       110.0126040792      -707.4229330559    102002.7029850787
906000     -6687.2083490516       110.0123131688      -707.5067248488    102002.7029850787
907000     -6687.2284946057       110.0104585924      -707.5533839252    102002.7029850787
908000     -6687.2472010943       110.0090360173      -707.4698818453    102002.7029850787
909000     -6687.2389770502       110.0095148419      -707.4768563751    102002.7029850787
910000     -6687.2523971550       110.0082641358      -707.4351595781    102002.7029850787
911000     -6687.2409447710       110.0091166054      -707.4812952350    102002.7029850787
912000     -6687.2081617634       110.0119192472      -707.5759705980    102002.7029850787
913000     -6687.1980646050       110.0131058119      -707.5770024999    102002.7029850787
914000     -6687.1748527891       110.0151988517      -707.5101819613    102002.7029850787
915000     -6687.1917860390       110.0133694396      -707.4556241924    102002.7029850787
916000     -6687.2031062193       110.0125054212      -707.4454052327    102002.7029850787
917000     -6687.1976300452       110.0130904247      -707.4330591273    102002.7029850787
918000     -6687.2139656236       110.0113669907      -707.4786420160    102002.7029850787
919000     -6687.2268917294       110.0102217271      -707.4969004465    102002.7029850787
920000     -6687.2356055682       110.0095803241      -707.4753573554    102002.7029850787
921000     -6687.2326528054       110.0099766652      -707.4090901697    102002.7029850787
922000     -6687.2022608035       110.0129027609      -707.3730722832    102002.7029850787
923000     -6687.2020846935       110.0129399399      -707.4220159680    102002.7029850787
924000     -6687.1857977252       110.0145112888      -707.4831799745    102002.7029850787
925000     -6687.2010639845       110.0133076766      -707.5503074978    102002.7029850787
926000     -6687.2253385154       110.0106808077      -707.5521167412    102002.7029850787
927000     -6687.2204632885       110.0108804793      -707.5287234458    102002.7029850786
928000     -6687.1974912153       110.0128935837      -707.4722160317    102002.7029850786
929000     -6687.2025123335       110.0123509467      -707.4630197812    102002.7029850786
930000     -6687.2248619866       110.0104991078      -707.5834852213    102002.7029850786
931000     -6687.2121217381       110.0116919832      -707.6734899708    102002.7029850786
932000     -6687.1956188295       110.0134957135      -707.6087794176    102002.7029850786
933000     -6687.1904850157       110.0138269607      -707.5789557067    102002.7029850786
934000     -6687.1751118988       110.0144374783      -707.6090107399    102002.7029850786
935000     -6687.1811712573       110.0133096990      -707.5578411739    102002.7029850786
936000     -6687.2084435647       110.0106924049      -707.6136319664    102002.7029850786
937000     -6687.2202717934       110.0101077266      -707.7077959808    102002.7029850786
938000     -6687.2136652462       110.0104720427      -707.7514510945    102002.7029850786
939000     -6687.1999440812       110.0117618834      -707.7165806782    102002.7029850786
940000     -6687.1809156081       110.0136746493      -707.6974521348    102002.7029850786
941000     -6687.1615047562       110.0156107262      -707.7227024907    102002.7029850786
942000     -6687.1540191734       110.0161445081      -707.8079319100    102002.7029850786
943000     -6687.1520704323       110.0163296703      -707.8722515474    102002.7029850786
944000     -6687.1783401665       110.0140772854      -707.8651539495    102002.7029850786
945000     -6687.1475160853       110.0164469183      -707.8991894363    102002.7029850786
946000     -6687.1484516583       110.0164709170      -707.8706375472    102002.7029850786
947000     -6687.1172008946       110.0193356191      -707.8329401086    102002.7029850786
948000     -6687.1124358548       110.0194460895      -707.9043015469    102002.7029850786
949000     -6687.0869356376       110.0222692591      -707.9243342817    102002.7029850786
950000     -6687.0715117108       110.0234683009      -707.9383859467    102002.7029850786
951000     -6687.0494364740       110.0251246819      -707.9124555191    102002.7029850786
952000     -6687.0274571849       110.0270243278      -707.8331617124    102002.7029850786
953000     -6687.0171388151       110.0278863081      -707.8863517546    102002.7029850786
954000     -6686.9970644224       110.0295011828      -707.9942153918    102002.7029850786
955000     -6687.0093175379       110.0286620776      -708.0502179797    102002.7029850786
956000     -6687.0126130799       110.0280585014      -708.1338938795    102002.7029850786
957000     -6687.0106825827       110.0283036554      -708.1335097232    102002.7029850786
958000     -6687.0024412043       110.0290672214      -708.1338955492    102002.7029850786
959000     -6687.0041292330       110.0289472975      -708.2571746968    102002.7029850786
960000     -6687.0056138649       110.0291518761      -708.3771319863    102002.7029850786
961000     -6687.0007830215       110.0296088121      -708.4554132672    102002.7029850786
962000     -6687.0276433037       110.0271371963      -708.5791051330    102002.7029850786
963000     -6687.0375685072       110.0262492061      -708.6832131132    102002.7029850786
964000     -6687.0560272611       110.0244895044      -708.6640710093    102002.7029850786
965000     -6687.0660305174       110.0239141600      -708.7699032787    102002.7029850786
966000     -6687.0589880843       110.0245906693      -708.8747083857    102002.7029850786
967000     -6687.0865503162       110.0224136390      -708.9401694970    102002.7029850786
968000     -6687.0910232112       110.0221048546      -709.0321485312    102002.7029850786
969000     -6687.1050070203       110.0210605468      -709.0575562026    102002.7029850786
970000     -6687.1169617809       110.0199260609      -709.1751163590    102002.7029850786
971000     -6687.1441079616       110.0178025495      -709.2346386750    102002.7029850786
972000     -6687.1195924719       110.0201734306      -709.3146196616    102002.7029850786
973000     -6687.1164399944       110.0203800032      -709.4705328082    102002.7029850786
974000     -6687.1014378986       110.0221402057      -709.4773428120    102002.7029850786
975000     -6687.0900207053       110.0230387483      -709.4718378597    102002.7029850786
976000     -6687.0874527460       110.0232972084      -709.5177914071    102002.7029850786
977000     -6687.0710482365       110.0248985717      -709.5548226574    102002.7029850786
978000     -6687.0584524193       110.0265778061      -709.6149491110    102002.7029850786
979000     -6687.0748887080       110.0250531573      -709.6607796477    102002.7029850786
980000     -6687.0796716975       110.0247035315      -709.6705165151    102002.7029850786
981000     -6687.0767246650       110.0250606769      -709.6800722514    102002.7029850786
982000     -6687.0656478682       110.0260732249      -709.7344840323    102002.7029850786
983000     -6687.0515682145       110.0274002456      -709.7178793996    102002.7029850786
984000     -6687.0425156400       110.0285899878      -709.7956939938    102002.7029850786
985000     -6687.0464894392       110.0282533016      -709.8380475004    102002.7029850786
986000     -6687.0336301838       110.0295090959      -709.7539365357    102002.7029850786
987000     -6687.0225834953       110.0306098430      -709.7691806508    102002.7029850786
988000     -6687.0301694906       110.0300625188      -709.8247036551    102002.7029850786
989000     -6687.0481988948       110.0287358112      -709.7815265475    102002.7029850786
990000     -6687.0596283034       110.0272186312      -709.8743244949    102002.7029850786
991000     -6687.0506094469       110.0283804446      -709.9109065525    102002.7029850786
992000     -6687.0317331190       110.0301082440      -709.8930052002    102002.7029850786
993000     -6687.0210058856       110.0313689652      -709.8527324748    102002.7029850786
994000     -6687.0118807425       110.0321642047      -709.8534409952    102002.7029850786
995000     -6687.0273135105       110.0302341187      -709.9396982629    102002.7029850786
996000     -6687.0429682980       110.0291011274      -709.8999007871    102002.7029850786
997000     -6687.0540700399       110.0280880127      -709.8307230910    102002.7029850786
998000     -6687.0637998271       110.0267798723      -709.7931791555    102002.7029850786
999000     -6687.0788283147       110.0253551710      -709.7237780206    102002.7029850786
1000000     -6687.0969826396       110.0236684980      -709.6828478153    102002.7029850786
