# Time-averaged data for fix runningavgs
# TimeStep v_ra_etotal v_ra_temp v_ra_press v_ra_volume
502000     -9245.9051872755       130.5262330938      -589.1484142327    102002.7029850792
503000     -9249.1277518518       130.3961416648      -616.6015468666    102002.7029850792
504000     -9252.2755850558       130.2637424031      -653.3817643842    102002.7029850792
505000     -9257.0013143550       130.0322381738      -663.9954871171    102002.7029850792
506000     -9257.6567999205       130.0208495354      -684.2982999499    102002.7029850792
507000     -9255.3673186052       130.1785759676      -675.8226404790    102002.7029850792
508000     -9258.8103056643       130.0154127124      -671.3495041079    102002.7029850792
509000     -9257.8029131052       130.0845367782      -660.9208862680    102002.7029850792
510000     -9258.5793966670       130.0313383673      -656.8124886099    102002.7029850792
511000     -9261.3025025019       129.9362443551      -659.2469718708    102002.7029850792
512000     -9260.6654649714       129.9633820063      -661.1055669465    102002.7029850792
513000     -9258.9459153458       130.0914264360      -661.0187179212    102002.7029850792
514000     -9258.2654778150       130.0916683159      -662.8183846368    102002.7029850792
515000     -9258.3927899713       130.1037155276      -665.0732137837    102002.7029850792
516000     -9257.9608526968       130.1073309805      -660.1090766577    102002.7029850792
517000     -9258.3025777470       130.0679915465      -661.0732026460    102002.7029850792
518000     -9259.0532341618       130.0023703018      -665.1776138906    102002.7029850792
519000     -9259.8565056204       129.9678070091      -666.2107781223    102002.7029850792
520000     -9259.6435338315       129.9777397115      -665.2972503420    102002.7029850792
521000     -9260.1980132662       129.9590337602      -667.0622064618    102002.7029850792
522000     -9260.2945820645       129.9447678535      -666.6352075820    102002.7029850792
523000     -9260.3675225011       129.9623401889      -666.4790495493    102002.7029850792
524000     -9260.4147403146       129.9676205995      -665.4570398424    102002.7029850792
525000     -9259.9286811095       129.9914136401      -664.8115364835    102002.7029850792
526000     -9260.0752132447       130.0010829875      -663.3001069895    102002.7029850792
527000     -9259.7497931047       130.0173743411      -662.3633305553    102002.7029850792
528000     -9259.2114486031       130.0306371993      -662.7581898107    102002.7029850792
529000     -9259.4267866306       130.0162293838      -664.8411847650    102002.7029850792
530000     -9259.1276981401       130.0280523696      -661.9893160624    102002.7029850792
531000     -9259.0953049880       130.0288695257      -661.1402557248    102002.7029850792
532000     -9259.1462938299       130.0225655606      -661.2950009050    102002.7029850792
533000     -9258.9155791106       130.0339102257      -660.8741304247    102002.7029850792
534000     -9258.7224762266       130.0386422576      -659.0998196658    102002.7029850792
535000     -9258.8317361106       130.0212966773      -657.3301120587    102002.7029850792
536000     -9259.1943131904       130.0026557183      -657.6985435018    102002.7029850792
537000     -9259.4854207933       129.9959818863      -656.4733871024    102002.7029850792
538000     -9259.6859347856       129.9839830114      -653.7975730043    102002.7029850792
539000     -9259.6573903784       129.9854032709      -651.4254443579    102002.7029850791
540000     -9259.2933831521       129.9996471248      -650.7132588037    102002.7029850791
541000     -9259.0749534879       130.0121046276      -649.6289313603    102002.7029850791
542000     -9259.5815141520       129.9894639519      -649.9212952007    102002.7029850791
543000     -9259.8442730208       129.9824557788      -650.0015549108    102002.7029850791
544000     -9259.7742521837       129.9942609776      -651.3143946934    102002.7029850791
545000     -9259.9975844722       129.9906276517      -652.2987743442    102002.7029850791
546000     -9260.1706071187       129.9927944232      -651.6331264771    102002.7029850791
547000     -9260.1495102317       129.9985232085      -651.9534222034    102002.7029850791
548000     -9260.5148519396       129.9907144495      -652.1570537273    102002.7029850791
549000     -9260.5164901592       129.9939653298      -653.6662785398    102002.7029850791
550000     -9260.6772281083       129.9846652365      -655.0232300248    102002.7029850791
551000     -9260.8254573897       129.9841718725      -656.4683288530    102002.7029850791
552000     -9260.8297321996       129.9944861809      -656.6110094902    102002.7029850791
553000     -9260.9041564653       129.9965364258      -656.3197620064    102002.7029850791
554000     -9261.2436863099       129.9844666357      -656.8241631650    102002.7029850791
555000     -9261.0114506576       129.9925494540      -657.3650248000    102002.7029850791
556000     -9261.1586140120       129.9844128175      -658.0160309577    102002.7029850791
557000     -9261.2577670285       129.9796414007      -658.3307234871    102002.7029850791
558000     -9261.4786888326       129.9715190762      -659.0253864990    102002.7029850791
559000     -9261.6590357551       129.9696926037      -659.6673799573    102002.7029850791
560000     -9261.7115241886       129.9691260987      -659.5171016159    102002.7029850791
561000     -9261.5334700861       129.9789015039      -659.6185719247    102002.7029850791
562000     -9261.7718844854       129.9714757392      -660.1239001653    102002.7029850791
563000     -9261.8352950035       129.9691470171      -660.4961321252    102002.7029850791
564000     -9261.8782300282       129.9632524286      -660.5823328846    102002.7029850791
565000     -9261.9765555009       129.9665574000      -659.7992320573    102002.7029850791
566000     -9261.7366126888       129.9856057298      -659.2651195636    102002.7029850791
567000     -9261.6641235728       129.9929213245      -660.0593321691    102002.7029850791
568000     -9261.9620804402       129.9878939855      -660.3216963324    102002.7029850791
569000     -9261.9954599553       129.9895175229      -660.4924362430    102002.7029850791
570000     -9262.1418272513       129.9891348690      -659.6155698781    102002.7029850791
571000     -9262.2688819725       129.9877500121      -659.7408044316    102002.7029850791
572000     -9262.2974346911       129.9843195714      -660.4760761350    102002.7029850791
573000     -9262.2706150096       129.9857282987      -660.4852410342    102002.7029850791
574000     -9262.4338210977       129.9830659687      -660.5210598317    102002.7029850791
575000     -9262.1140370578       129.9981567852      -660.6264160804    102002.7029850791
576000     -9261.9302193863       130.0023454563      -661.2039455014    102002.7029850791
577000     -9261.9677292907       129.9997216737      -662.0692937265    102002.7029850791
578000     -9261.9926009258       129.9941794925      -661.6402883211    102002.7029850791
579000     -9261.8767724545       129.9926702337      -661.7833753953    102002.7029850791
580000     -9261.9099921466       129.9919962414      -662.4477516874    102002.7029850791
581000     -9262.0407344859       129.9849531102      -663.2018468833    102002.7029850791
582000     -9262.1930154036       129.9754881953      -662.8580602631    102002.7029850791
583000     -9262.1761704888       129.9701448232      -662.5385141728    102002.7029850791
584000     -9262.2184286192       129.9649377824      -662.2179396831    102002.7029850791
585000     -9262.1378852212       129.9690761841      -662.2998114398    102002.7029850791
586000     -9261.8667457103       129.9844878552      -662.4697309172    102002.7029850791
587000     -9261.7595740756       129.9868572127      -662.2960665947    102002.7029850791
588000     -9261.8185137734       129.9788398910      -661.8159798071    102002.7029850791
589000     -9261.8870120044       129.9764300406      -661.9106529437    102002.7029850791
590000     -9261.6848845900       129.9842553762      -662.0366364054    102002.7029850791
591000     -9261.5333279525       129.9909231863      -662.0626023763    102002.7029850792
592000     -9261.5341989918       129.9911769668      -661.7074806163    102002.7029850792
593000     -9261.5580748541       129.9889546858      -660.3487445881    102002.7029850792
594000     -9261.4676977694       129.9944144996      -660.0257491286    102002.7029850792
595000     -9261.3127262609       130.0015715763      -660.5616430117    102002.7029850792
596000     -9261.4196760280       129.9910538301      -660.3360133542    102002.7029850792
597000     -9261.4237008942       129.9876095389      -659.5001446813    102002.7029850792
598000     -9261.5385991286       129.9797052494      -659.1085080665    102002.7029850792
599000     -9261.4679223449       129.9840701514      -659.3810863659    102002.7029850792
600000     -9261.5979338979       129.9771254897      -659.3242487611    102002.7029850792
601000     -9261.4881680923       129.9818717964      -659.4524827109    102002.7029850792
602000     -9261.3236127999       129.9877905856      -659.8399456672    102002.7029850792
603000     -9261.2708317240       129.9927009645      -659.9697825740    102002.7029850792
604000     -9261.3034846850       129.9895776597      -660.1179678736    102002.7029850793
605000     -9261.1742430214       129.9927638404      -660.7589213540    102002.7029850793
606000     -9261.1835544091       129.9860745781      -660.9873446171    102002.7029850793
607000     -9261.1052607460       129.9881207517      -661.0937645280    102002.7029850793
608000     -9260.9880857973       129.9902207248      -661.3114455006    102002.7029850793
609000     -9260.8775119352       129.9906056023      -661.6069618052    102002.7029850793
610000     -9260.9020199015       129.9897470102      -662.3854593846    102002.7029850793
611000     -9261.0323216083       129.9860152773      -662.4498377695    102002.7029850793
612000     -9260.9763066807       129.9903404526      -661.9328932179    102002.7029850793
613000     -9260.9887332331       129.9896833058      -661.9952659226    102002.7029850793
614000     -9260.9921989455       129.9922372466      -661.4160172347    102002.7029850793
615000     -9260.9858392605       129.9900683694      -661.3396364928    102002.7029850793
616000     -9260.9003593866       129.9963175186      -661.5031507110    102002.7029850793
617000     -9260.9434102246       129.9923528880      -661.6074940757    102002.7029850793
618000     -9261.0196298207       129.9870584356      -661.5478857180    102002.7029850793
619000     -9261.1248582261       129.9815972148      -660.7938214639    102002.7029850793
620000     -9261.1455030609       129.9788772574      -660.3664233881    102002.7029850793
621000     -9261.1206409164       129.9831511481      -659.9765704058    102002.7029850793
622000     -9261.0890323704       129.9871261847      -659.7437136707    102002.7029850794
623000     -9261.0420265868       129.9894972467      -659.3058812241    102002.7029850794
624000     -9260.9782878532       129.9956219206      -659.0497708560    102002.7029850794
625000     -9261.1426753453       129.9899035059      -659.2797392671    102002.7029850794
626000     -9261.2542384017       129.9864660472      -659.3196671217    102002.7029850794
627000     -9261.1927784686       129.9900687463      -659.6393200302    102002.7029850794
628000     -9261.1609985621       129.9922878628      -659.5833662953    102002.7029850794
629000     -9261.1022858428       129.9962739185      -659.0885711221    102002.7029850794
630000     -9261.0078439528       130.0015588026      -658.8350768448    102002.7029850794
631000     -9260.9592806555       130.0031040069      -658.8075965879    102002.7029850794
632000     -9260.8129338728       130.0060139648      -658.9537851649    102002.7029850794
633000     -9260.7236410094       130.0091016534      -658.9072776300    102002.7029850794
634000     -9260.6455172438       130.0103032124      -659.1231593219    102002.7029850794
635000     -9260.6023506552       130.0117787890      -658.6370406130    102002.7029850794
636000     -9260.6884087024       130.0080541842      -658.5872529038    102002.7029850794
637000     -9260.6589562052       130.0097864998      -658.4689193516    102002.7029850794
638000     -9260.7428013602       130.0056423018      -658.5600648211    102002.7029850794
639000     -9260.7134842310       130.0086734433      -658.5584111368    102002.7029850794
640000     -9260.6887612118       130.0081050913      -657.9338885039    102002.7029850794
641000     -9260.7150196116       130.0066734651      -657.9054592466    102002.7029850794
642000     -9260.8197833870       130.0019434249      -657.6009693592    102002.7029850794
643000     -9260.8088050477       130.0025531877      -657.8693690986    102002.7029850794
644000     -9260.6916817074       130.0056726756      -657.9116059714    102002.7029850794
645000     -9260.7423375487       130.0031843025      -658.0170426536    102002.7029850794
646000     -9260.8259986814       129.9989565927      -657.8504142621    102002.7029850795
647000     -9260.9864645254       129.9912224330      -657.5646816267    102002.7029850795
648000     -9260.9931195365       129.9890599855      -657.4250091415    102002.7029850795
649000     -9261.0236278575       129.9865004257      -657.4048912493    102002.7029850795
650000     -9260.9771803650       129.9878052493      -657.1820033846    102002.7029850795
651000     -9260.9575392238       129.9908865752      -657.2875829014    102002.7029850795
652000     -9260.9649818798       129.9913850417      -657.1598731132    102002.7029850795
653000     -9261.0698977116       129.9844880785      -657.1668294441    102002.7029850795
654000     -9261.1294515072       129.9824621180      -657.2455026085    102002.7029850795
655000     -9261.1035413526       129.9827337644      -657.6811059135    102002.7029850795
656000     -9261.1642885833       129.9784973258      -657.5648220425    102002.7029850795
657000     -9261.1136564088       129.9808964906      -657.5017883235    102002.7029850795
658000     -9261.0627126443       129.9840178332      -657.1081408859    102002.7029850795
659000     -9260.9189656473       129.9888465633      -656.7109419867    102002.7029850795
660000     -9260.9332122124       129.9885876043      -656.6363211504    102002.7029850795
661000     -9260.9070838075       129.9931843733      -656.7296070415    102002.7029850795
662000     -9260.9143067204       129.9950355055      -656.5943972931    102002.7029850795
663000     -9260.8949850396       130.0001182741      -656.2883914269    102002.7029850795
664000     -9260.9159349555       129.9966772515      -656.2199846225    102002.7029850795
665000     -9260.8264259708       130.0001132186      -656.1299487634    102002.7029850795
666000     -9260.7845236983       130.0037325137      -656.3783899599    102002.7029850795
667000     -9260.8499905121       129.9989420547      -656.5802269786    102002.7029850795
668000     -9260.9003296100       130.0000214430      -656.7896738132    102002.7029850795
669000     -9260.9117966353       130.0027872520      -656.6248090560    102002.7029850795
670000     -9260.9896300466       129.9995869886      -656.3694219848    102002.7029850795
671000     -9261.0936669832       129.9948959505      -656.1623075250    102002.7029850795
672000     -9261.1812978256       129.9952859584      -656.2381542739    102002.7029850795
673000     -9261.3170080576       129.9906126948      -656.2419109129    102002.7029850795
674000     -9261.3711912137       129.9919235404      -656.1935518402    102002.7029850794
675000     -9261.3478484000       129.9955391602      -655.9980059243    102002.7029850794
676000     -9261.3665825459       129.9956671443      -656.1553271541    102002.7029850794
677000     -9261.3186906221       129.9994325031      -656.2902808989    102002.7029850794
678000     -9261.3264389315       130.0019241823      -656.4131231434    102002.7029850794
679000     -9261.3786437442       130.0020337066      -656.7130461445    102002.7029850794
680000     -9261.5255357337       129.9957798614      -657.2609383128    102002.7029850794
681000     -9261.5624432562       129.9955454546      -657.6160415280    102002.7029850794
682000     -9261.6164247228       129.9951751826      -658.3506569436    102002.7029850794
683000     -9261.6839552936       129.9948063893      -659.0375756542    102002.7029850794
684000     -9261.8138357507       129.9901582699      -659.1481929050    102002.7029850794
685000     -9261.8710959825       129.9865691615      -659.1483915291    102002.7029850794
686000     -9261.8156795006       129.9888351355      -659.2074832984    102002.7029850794
687000     -9261.8697108548       129.9869955354      -659.4839384232    102002.7029850794
688000     -9261.8809493435       129.9892168941      -659.4278228755    102002.7029850793
689000     -9261.8571854239       129.9920211360      -659.5416642444    102002.7029850793
690000     -9261.8339012794       129.9957494864      -659.3250520625    102002.7029850793
691000     -9261.8537806883       129.9943186510      -659.5861958658    102002.7029850793
692000     -9261.9867792197       129.9887195880      -659.6980510756    102002.7029850793
693000     -9262.0080047416       129.9888843106      -659.8281953679    102002.7029850793
694000     -9261.9658932611       129.9912657937      -659.8754463410    102002.7029850793
695000     -9261.9934023024       129.9899477954      -659.3207755721    102002.7029850793
696000     -9261.9805634582       129.9909434049      -659.1836421423    102002.7029850793
697000     -9262.0751258371       129.9867490999      -659.6308483858    102002.7029850793
698000     -9262.0270463679       129.9896649318      -659.4414987758    102002.7029850793
699000     -9262.0945863374       129.9865553970      -659.4361162492    102002.7029850793
700000     -9262.1845522458       129.9854029420      -659.4254052661    102002.7029850793
701000     -9262.1852359177       129.9862516620      -659.2682463844    102002.7029850793
702000     -9262.1476913934       129.9880158158      -659.5527645349    102002.7029850793
703000     -9262.1580123060       129.9862857159      -659.4437752106    102002.7029850793
704000     -9262.1342344880       129.9902764508      -659.5468642199    102002.7029850792
705000     -9262.1256838378       129.9913353207      -659.6652159229    102002.7029850792
706000     -9262.1657876584       129.9904719601      -659.3182504708    102002.7029850792
707000     -9262.2721012364       129.9867358689      -659.2998220737    102002.7029850792
708000     -9262.2997171454       129.9846457582      -659.3417643368    102002.7029850792
709000     -9262.3440467999       129.9826524665      -659.3312590036    102002.7029850792
710000     -9262.3732531455       129.9819129598      -659.6252001325    102002.7029850792
711000     -9262.4339485635       129.9815717957      -659.5598119040    102002.7029850792
712000     -9262.4513332070       129.9809178991      -659.1104515480    102002.7029850792
713000     -9262.4528278938       129.9812896437      -658.8970214748    102002.7029850792
714000     -9262.4608958728       129.9816494864      -659.1198184632    102002.7029850792
715000     -9262.4420712689       129.9827196481      -658.8660964339    102002.7029850792
716000     -9262.4386516529       129.9839213871      -658.8416056219    102002.7029850792
717000     -9262.4761509671       129.9819441642      -658.8218873078    102002.7029850792
718000     -9262.4824363185       129.9829074495      -658.8778744486    102002.7029850792
719000     -9262.4986146512       129.9853112736      -658.5392571126    102002.7029850792
720000     -9262.5241861611       129.9842565248      -658.2744566914    102002.7029850792
721000     -9262.5874785405       129.9809703735      -658.2126532123    102002.7029850792
722000     -9262.5769420517       129.9809194232      -658.3687809882    102002.7029850792
723000     -9262.5509243683       129.9821285811      -658.2754305982    102002.7029850792
724000     -9262.5172631380       129.9842398551      -658.1755557770    102002.7029850791
725000     -9262.5193148297       129.9861456582      -658.0860001555    102002.7029850791
726000     -9262.5842009564       129.9840227063      -658.1910858111    102002.7029850791
727000     -9262.5614540504       129.9853614315      -658.1635888138    102002.7029850791
728000     -9262.4618001185       129.9882910941      -658.1378695039    102002.7029850791
729000     -9262.4820404777       129.9871550704      -658.1058009648    102002.7029850791
730000     -9262.4166876979       129.9907390811      -657.8220411640    102002.7029850791
731000     -9262.4582345377       129.9890734728      -657.6463196260    102002.7029850791
732000     -9262.5106325252       129.9871761746      -657.3781249591    102002.7029850791
733000     -9262.4769452296       129.9874669659      -656.9559158622    102002.7029850791
734000     -9262.5115835401       129.9865709583      -656.7737307113    102002.7029850791
735000     -9262.5108073910       129.9851844630      -656.5203221033    102002.7029850791
736000     -9262.5462995527       129.9839482702      -656.6853324703    102002.7029850791
737000     -9262.5932087117       129.9820814150      -656.7110496819    102002.7029850791
738000     -9262.5155237767       129.9863201714      -656.5895405356    102002.7029850791
739000     -9262.5901212983       129.9833749220      -656.4656696135    102002.7029850791
740000     -9262.5563614269       129.9835892014      -656.2927698999    102002.7029850791
741000     -9262.6002539691       129.9824268049      -656.1218526353    102002.7029850791
742000     -9262.6079364702       129.9825115767      -656.2205565249    102002.7029850791
743000     -9262.6097468474       129.9815577421      -655.9296025152    102002.7029850791
744000     -9262.6154548382       129.9801505619      -655.7264046106    102002.7029850791
745000     -9262.5793132119       129.9828711464      -655.8476564439    102002.7029850791
746000     -9262.6088827712       129.9809280673      -655.8735320281    102002.7029850791
747000     -9262.6051115006       129.9810120677      -655.8889197495    102002.7029850791
748000     -9262.6386381485       129.9783390028      -655.6950565064    102002.7029850790
749000     -9262.6604296210       129.9777869563      -655.8757759762    102002.7029850790
750000     -9262.6637736836       129.9770313799      -655.8824564259    102002.7029850790
751000     -9262.6210769463       129.9776035849      -655.7123084775    102002.7029850790
752000     -9262.6512320701       129.9760185219      -655.3477823032    102002.7029850790
753000     -9262.6101668732       129.9778398406      -655.2812592749    102002.7029850790
754000     -9262.6830074153       129.9764189291      -655.4289649541    102002.7029850790
755000     -9262.6383889374       129.9803179263      -655.4483625114    102002.7029850790
756000     -9262.6476193016       129.9814462726      -655.3046710130    102002.7029850790
757000     -9262.7297949729       129.9770983554      -655.3411946897    102002.7029850790
758000     -9262.7389434173       129.9781645283      -655.3234012110    102002.7029850790
759000     -9262.7310574391       129.9787511853      -655.3883259843    102002.7029850790
760000     -9262.7106795258       129.9801475907      -655.4036477723    102002.7029850790
761000     -9262.7177692705       129.9795257196      -655.4284537612    102002.7029850790
762000     -9262.7561166534       129.9785810699      -655.4723840053    102002.7029850790
763000     -9262.7910995560       129.9756261895      -655.6037848218    102002.7029850790
764000     -9262.8337827664       129.9749774374      -655.9296202828    102002.7029850790
765000     -9262.8419994990       129.9754592790      -656.2025227321    102002.7029850790
766000     -9262.8258001841       129.9747693460      -656.2758089373    102002.7029850790
767000     -9262.8467664567       129.9747707361      -656.2286651935    102002.7029850790
768000     -9262.8134441754       129.9758877392      -656.2579907151    102002.7029850790
769000     -9262.8375188574       129.9734210775      -656.6484330015    102002.7029850790
770000     -9262.8059985422       129.9761546292      -656.8967210998    102002.7029850790
771000     -9262.8307616327       129.9748732304      -656.9477582277    102002.7029850790
772000     -9262.8014891588       129.9779796482      -656.9778822950    102002.7029850790
773000     -9262.7966532063       129.9800085999      -657.1370381211    102002.7029850790
774000     -9262.7631847035       129.9830169510      -657.3109563186    102002.7029850790
775000     -9262.8044321941       129.9807411522      -657.6757903763    102002.7029850790
776000     -9262.7758650690       129.9814893557      -657.8421448765    102002.7029850790
777000     -9262.7289395282       129.9838070135      -657.8012539395    102002.7029850789
778000     -9262.7194867062       129.9840948577      -657.7237743720    102002.7029850789
779000     -9262.7647054366       129.9815670729      -657.7643455859    102002.7029850789
780000     -9262.7797200849       129.9795971955      -657.7188233220    102002.7029850789
781000     -9262.7912727526       129.9795789344      -658.0522914536    102002.7029850789
782000     -9262.8475375530       129.9758982833      -658.0150046835    102002.7029850789
783000     -9262.8565204462       129.9754116448      -657.8553586730    102002.7029850789
784000     -9262.8575657420       129.9761457757      -657.7737027337    102002.7029850789
785000     -9262.7816855906       129.9802609059      -657.8074576808    102002.7029850789
786000     -9262.7814362171       129.9791232277      -657.7439315228    102002.7029850789
787000     -9262.7367544782       129.9814184724      -657.9256687859    102002.7029850789
788000     -9262.7132019863       129.9836948452      -657.9406707097    102002.7029850789
789000     -9262.7566402673       129.9837793875      -658.0465268567    102002.7029850789
790000     -9262.7864441661       129.9831473622      -658.2629284142    102002.7029850789
791000     -9262.7847923552       129.9836456481      -658.3379752476    102002.7029850789
792000     -9262.8338921107       129.9809648533      -658.4312091819    102002.7029850789
793000     -9262.7871701957       129.9828105017      -658.4351021287    102002.7029850789
794000     -9262.7449936960       129.9836260153      -658.4297157730    102002.7029850789
795000     -9262.7428496579       129.9838712004      -658.4078790832    102002.7029850789
796000     -9262.7764462590       129.9829644006      -658.5361808107    102002.7029850789
797000     -9262.7957804184       129.9800249949      -658.6826436613    102002.7029850789
798000     -9262.8046297388       129.9781057571      -658.6311808816    102002.7029850789
799000     -9262.7529210082       129.9807770084      -658.7028300653    102002.7029850789
800000     -9262.7373551972       129.9818680902      -658.7939846830    102002.7029850789
801000     -9262.7254405023       129.9821547162      -658.7661486802    102002.7029850789
802000     -9262.7771148527       129.9806519371      -658.7720416760    102002.7029850789
803000     -9262.7773018892       129.9799622353      -658.8140383242    102002.7029850789
804000     -9262.7088769706       129.9807976208      -659.0889081272    102002.7029850789
805000     -9262.6839291210       129.9814040845      -659.3439278986    102002.7029850789
806000     -9262.7054598982       129.9801794530      -659.1980692154    102002.7029850789
807000     -9262.7358021956       129.9785239105      -658.9940518763    102002.7029850789
808000     -9262.6911425222       129.9803114216      -658.6840374240    102002.7029850789
809000     -9262.7310333850       129.9785207011      -658.4087856921    102002.7029850789
810000     -9262.7217442637       129.9791314382      -658.3158412093    102002.7029850789
811000     -9262.7557385666       129.9776621533      -658.3660244071    102002.7029850789
812000     -9262.7257768482       129.9794047919      -658.4467485486    102002.7029850789
813000     -9262.7376929855       129.9794273098      -658.5967700422    102002.7029850789
814000     -9262.6902342829       129.9831540104      -658.8559527894    102002.7029850789
815000     -9262.7011072629       129.9829378283      -658.9727595292    102002.7029850788
816000     -9262.6813032587       129.9837262719      -658.8845037895    102002.7029850788
817000     -9262.6923734156       129.9817742959      -658.8616630521    102002.7029850788
818000     -9262.6952653939       129.9807725708      -658.8858220947    102002.7029850788
819000     -9262.7287310546       129.9791710444      -659.0410330831    102002.7029850788
820000     -9262.7482263668       129.9785243711      -658.8480702422    102002.7029850788
821000     -9262.7436430463       129.9786309100      -658.6884491676    102002.7029850788
822000     -9262.7357463777       129.9779404927      -658.6587443630    102002.7029850788
823000     -9262.7486186054       129.9775495018      -658.4379291254    102002.7029850788
824000     -9262.7283897971       129.9782150634      -658.2898842457    102002.7029850788
825000     -9262.7432798725       129.9775537905      -658.1647143053    102002.7029850788
826000     -9262.8094438317       129.9746143865      -658.3504913822    102002.7029850788
827000     -9262.8040790627       129.9736521823      -658.4014751080    102002.7029850788
828000     -9262.8054370237       129.9734168042      -658.3872210545    102002.7029850788
829000     -9262.8502843779       129.9710055115      -658.2803382534    102002.7029850788
830000     -9262.8249648159       129.9721452477      -658.1933156613    102002.7029850788
831000     -9262.8133579379       129.9722192198      -658.0387349691    102002.7029850788
832000     -9262.8010988589       129.9727554948      -658.0864792118    102002.7029850788
833000     -9262.7374676694       129.9746991467      -657.9308485515    102002.7029850788
834000     -9262.6865224654       129.9756752689      -657.6932933539    102002.7029850788
835000     -9262.7246499234       129.9740381648      -657.6850605529    102002.7029850788
836000     -9262.7223018570       129.9724405504      -657.6592355419    102002.7029850788
837000     -9262.6917045194       129.9730947416      -657.4603341334    102002.7029850788
838000     -9262.6702495043       129.9734309613      -657.4478407693    102002.7029850788
839000     -9262.6450694378       129.9753638692      -657.5118313665    102002.7029850788
840000     -9262.6243643867       129.9765814971      -657.5583080991    102002.7029850788
841000     -9262.6139865667       129.9775349350      -657.6080736004    102002.7029850788
842000     -9262.5775733392       129.9795400332      -657.4679354287    102002.7029850788
843000     -9262.5804845736       129.9796059980      -657.3706209164    102002.7029850788
844000     -9262.6375339491       129.9773363433      -657.3263762773    102002.7029850788
845000     -9262.6128156491       129.9781031098      -657.4979919482    102002.7029850788
846000     -9262.5777842469       129.9799660796      -657.7545843121    102002.7029850788
847000     -9262.5970766888       129.9798196486      -658.1352133844    102002.7029850788
848000     -9262.6179964895       129.9797425826      -658.3992962975    102002.7029850788
849000     -9262.6580259094       129.9770210892      -658.4792935294    102002.7029850788
850000     -9262.7014121795       129.9753352314      -658.3852370962    102002.7029850788
851000     -9262.7321103979       129.9723378069      -658.2729188329    102002.7029850788
852000     -9262.7353496196       129.9716300394      -658.1319179387    102002.7029850788
853000     -9262.7880837988       129.9702696713      -658.1540823073    102002.7029850788
854000     -9262.7951726746       129.9716048405      -658.2134830200    102002.7029850788
855000     -9262.8421945277       129.9694812416      -658.1926429232    102002.7029850788
856000     -9262.8581636816       129.9694528065      -658.1937691765    102002.7029850788
857000     -9262.8615716930       129.9690175300      -658.1750482303    102002.7029850788
858000     -9262.8606596746       129.9690860429      -658.0716879699    102002.7029850788
859000     -9262.8652976198       129.9699633461      -658.2752994771    102002.7029850788
860000     -9262.8614051876       129.9707607079      -658.5116201752    102002.7029850788
861000     -9262.8571345674       129.9702230151      -658.5381305722    102002.7029850788
862000     -9262.8233479703       129.9715377641      -658.6524783716    102002.7029850788
863000     -9262.8354713217       129.9704648346      -658.6383994934    102002.7029850788
864000     -9262.8288107346       129.9688638991      -658.4417358162    102002.7029850788
865000     -9262.7931073531       129.9702447568      -658.4554761826    102002.7029850788
866000     -9262.8141505612       129.9692975703      -658.6547366826    102002.7029850788
867000     -9262.8473053696       129.9690250072      -658.8931167790    102002.7029850788
868000     -9262.8564725426       129.9688185424      -659.0848461458    102002.7029850788
869000     -9262.8669220041       129.9693017724      -659.2971272033    102002.7029850788
870000     -9262.9052552507       129.9666154047      -659.1544341716    102002.7029850787
871000     -9262.8895968499       129.9672539357      -659.1692275329    102002.7029850787
872000     -9262.8635952597       129.9672698962      -659.0015150885    102002.7029850787
873000     -9262.8233973936       129.9687050139      -658.7914450545    102002.7029850787
874000     -9262.8352283154       129.9676343215      -658.7746960708    102002.7029850787
875000     -9262.8228974815       129.9679921987      -658.6851557041    102002.7029850787
876000     -9262.7963874174       129.9692464035      -658.6990240498    102002.7029850787
877000     -9262.7527780579       129.9708279353      -658.8476524771    102002.7029850787
878000     -9262.7417443623       129.9713479411      -658.9659075178    102002.7029850787
879000     -9262.7400507009       129.9720786636      -658.8728822848    102002.7029850787
880000     -9262.7655923286       129.9716802058      -658.8352891946    102002.7029850787
881000     -9262.7226604888       129.9715259888      -658.7966816713    102002.7029850787
882000     -9262.7015740475       129.9709190963      -658.7550631781    102002.7029850787
883000     -9262.6853830426       129.9694975964      -658.8766931381    102002.7029850787
884000     -9262.6840302806       129.9682792576      -658.9843004648    102002.7029850787
885000     -9262.6645411311       129.9695590103      -658.9758709961    102002.7029850787
886000     -9262.6035742979       129.9724397165      -658.9596614254    102002.7029850787
887000     -9262.6111305796       129.9726765764      -659.1020993967    102002.7029850787
888000     -9262.6534292703       129.9718310383      -659.3378715137    102002.7029850787
889000     -9262.6916337830       129.9706993568      -659.5061329121    102002.7029850787
890000     -9262.7007952924       129.9704016653      -659.4671136496    102002.7029850787
891000     -9262.6931327346       129.9705010172      -659.3864692180    102002.7029850787
892000     -9262.6494343595       129.9720743794      -659.4562839259    102002.7029850787
893000     -9262.6080875571       129.9723130312      -659.4595803357    102002.7029850787
894000     -9262.6033941257       129.9719017621      -659.6472738202    102002.7029850787
895000     -9262.6031730227       129.9714006231      -659.7617592460    102002.7029850787
896000     -9262.6198488608       129.9695412147      -659.9196994722    102002.7029850787
897000     -9262.6248806729       129.9693686929      -659.7932403300    102002.7029850787
898000     -9262.6230156048       129.9690859159      -659.7649053974    102002.7029850787
899000     -9262.6425932507       129.9683201481      -659.7927696923    102002.7029850787
900000     -9262.5829646824       129.9705665984      -659.7798100905    102002.7029850787
901000     -9262.5648689775       129.9714702463      -659.6516289280    102002.7029850787
902000     -9262.5523471627       129.9719895049      -659.5917427146    102002.7029850787
903000     -9262.5623675291       129.9720186188      -659.6489810919    102002.7029850787
904000     -9262.5383086422       129.9726689118      -659.6830383132    102002.7029850787
905000     -9262.5107254948       129.9727465493      -659.7366576125    102002.7029850787
906000     -9262.4659885923       129.9746140954      -659.6532032914    102002.7029850787
907000     -9262.4720089439       129.9739118020      -659.6114468974    102002.7029850787
908000     -9262.4637960784       129.9733652146      -659.6455469236    102002.7029850787
909000     -9262.4688336019       129.9733127544      -659.7319108683    102002.7029850787
910000     -9262.4843159226       129.9723134319      -659.6863121972    102002.7029850787
911000     -9262.4909662515       129.9725932251      -659.6757980187    102002.7029850787
912000     -9262.5054618368       129.9706746666      -659.7876562922    102002.7029850787
913000     -9262.4960010326       129.9714596680      -659.8335470521    102002.7029850787
914000     -9262.4737085858       129.9721630058      -659.9406287266    102002.7029850787
915000     -9262.4838746943       129.9712969100      -659.8424876649    102002.7029850787
916000     -9262.5000705340       129.9706781204      -659.8680154029    102002.7029850787
917000     -9262.5001339762       129.9710390149      -659.8670988926    102002.7029850787
918000     -9262.5468252675       129.9690236375      -659.9049040122    102002.7029850787
919000     -9262.5415742764       129.9683371538      -659.8644951349    102002.7029850787
920000     -9262.5857936053       129.9663554500      -659.8851647667    102002.7029850787
921000     -9262.6219442638       129.9654310205      -660.0222096901    102002.7029850787
922000     -9262.6317278555       129.9647042503      -660.0511910617    102002.7029850787
923000     -9262.6125772945       129.9645335579      -659.9166696813    102002.7029850787
924000     -9262.5707369959       129.9651330293      -659.8678119649    102002.7029850787
925000     -9262.5761177276       129.9646660914      -659.8839930454    102002.7029850787
926000     -9262.5373011335       129.9662515062      -659.7054688773    102002.7029850787
927000     -9262.5169568170       129.9670939141      -659.7087676621    102002.7029850786
928000     -9262.5075247886       129.9662831784      -659.7248881681    102002.7029850786
929000     -9262.5306544485       129.9649614009      -659.7031304826    102002.7029850786
930000     -9262.5442934366       129.9655781529      -659.7269336611    102002.7029850786
931000     -9262.5356083698       129.9670441467      -659.6078968572    102002.7029850786
932000     -9262.5432169341       129.9667921545      -659.4916444700    102002.7029850786
933000     -9262.5675584917       129.9651762651      -659.4215832845    102002.7029850786
934000     -9262.5680818802       129.9652529958      -659.3482442901    102002.7029850786
935000     -9262.6041324742       129.9631667905      -659.1890290592    102002.7029850786
936000     -9262.5861006134       129.9635605618      -659.0540995506    102002.7029850786
937000     -9262.5876388200       129.9626997036      -659.2174485429    102002.7029850786
938000     -9262.5836677127       129.9623276034      -659.2835543503    102002.7029850786
939000     -9262.5376118229       129.9644655363      -659.3046237964    102002.7029850786
940000     -9262.5369557230       129.9631011155      -659.4233954831    102002.7029850786
941000     -9262.5056986744       129.9647299678      -659.5442158104    102002.7029850786
942000     -9262.4508419140       129.9663028907      -659.4811783578    102002.7029850786
943000     -9262.4603095225       129.9648645448      -659.5487639746    102002.7029850786
944000     -9262.4287409299       129.9651373399      -659.6221480598    102002.7029850786
945000     -9262.3991639403       129.9654513755      -659.6452056919    102002.7029850786
946000     -9262.3886420613       129.9660803335      -659.7193129860    102002.7029850786
947000     -9262.4253351082       129.9639990818      -659.7893757180    102002.7029850786
948000     -9262.3894131829       129.9665529819      -659.6133249111    102002.7029850786
949000     -9262.3597503526       129.9681047286      -659.6200385300    102002.7029850786
950000     -9262.3295097114       129.9694758262      -659.7076793962    102002.7029850786
951000     -9262.3003314773       129.9696857584      -659.8123407150    102002.7029850786
952000     -9262.2819574230       129.9703966180      -659.8412388617    102002.7029850786
953000     -9262.2894097174       129.9702355616      -660.0567371210    102002.7029850786
954000     -9262.2640730435       129.9709011105      -660.3166157837    102002.7029850786
955000     -9262.2310968700       129.9715565328      -660.5745563144    102002.7029850786
956000     -9262.2221358602       129.9718392760      -660.6783058720    102002.7029850786
957000     -9262.1940491720       129.9721252065      -660.6444653795    102002.7029850786
958000     -9262.1594790946       129.9732477702      -660.6286995756    102002.7029850786
959000     -9262.1033825931       129.9754124235      -660.5915409894    102002.7029850786
960000     -9262.0841115189       129.9752239465      -660.6378700962    102002.7029850786
961000     -9262.0877290749       129.9748879608      -660.8166968744    102002.7029850786
962000     -9262.0899191955       129.9731741962      -660.8765713999    102002.7029850786
963000     -9262.0949846385       129.9725880910      -660.8834718910    102002.7029850786
964000     -9262.0621953366       129.9743065607      -660.9511528599    102002.7029850786
965000     -9262.0550726675       129.9738405849      -660.9965992894    102002.7029850786
966000     -9262.0223845919       129.9739078342      -661.0885935690    102002.7029850786
967000     -9262.0158322017       129.9733557779      -661.1665344148    102002.7029850786
968000     -9262.0315857416       129.9721538319      -661.2455867321    102002.7029850786
969000     -9262.0018228779       129.9723517549      -661.3497533626    102002.7029850786
970000     -9261.9936173378       129.9719864181      -661.5508695564    102002.7029850786
971000     -9261.9822045313       129.9717682142      -661.5829053739    102002.7029850786
972000     -9262.0036476935       129.9711975408      -661.6735616175    102002.7029850786
973000     -9262.0296684410       129.9708609497      -661.8667534273    102002.7029850786
974000     -9262.0142270286       129.9707853032      -661.9180429462    102002.7029850786
975000     -9262.0014718242       129.9707885186      -661.9128842599    102002.7029850786
976000     -9261.9622658958       129.9723477395      -662.0579430330    102002.7029850786
977000     -9261.9795118487       129.9709228239      -662.1928248446    102002.7029850786
978000     -9261.9678373464       129.9719678117      -662.1514994503    102002.7029850786
979000     -9261.9578840533       129.9726733465      -662.1525740370    102002.7029850786
980000     -9261.9558093061       129.9729619523      -662.1598336048    102002.7029850786
981000     -9261.9565129051       129.9733149375      -662.1792293694    102002.7029850786
982000     -9261.9739593754       129.9734538613      -662.2849455489    102002.7029850786
983000     -9261.9617891111       129.9736152558      -662.5396329829    102002.7029850786
984000     -9261.9406020266       129.9745810593      -662.5296536733    102002.7029850786
985000     -9261.9412410016       129.9737988167      -662.5025767425    102002.7029850786
986000     -9261.9636199821       129.9727330431      -662.4543827971    102002.7029850786
987000     -9261.9591197662       129.9735752863      -662.3628460535    102002.7029850786
988000     -9261.9543191455       129.9743801208      -662.3653041261    102002.7029850786
989000     -9261.9470470739       129.9744699712      -662.3416177277    102002.7029850786
990000     -9261.9429032807       129.9746964983      -662.3702512406    102002.7029850786
991000     -9261.9329712173       129.9753295829      -662.4649599608    102002.7029850786
992000     -9261.9133273822       129.9760973810      -662.4523245140    102002.7029850786
993000     -9261.9108582774       129.9773699631      -662.5527629473    102002.7029850786
994000     -9261.9282699139       129.9771555533      -662.7092682283    102002.7029850786
995000     -9261.9519610280       129.9756406839      -662.7487432333    102002.7029850786
996000     -9261.9579474195       129.9753037024      -662.7525495868    102002.7029850786
997000     -9261.9493822100       129.9762811477      -662.7163320427    102002.7029850786
998000     -9261.9610576661       129.9750353723      -662.7337002240    102002.7029850786
999000     -9261.9349625526       129.9750050301      -662.8277337566    102002.7029850786
1000000     -9261.9260005684       129.9750179337      -662.9060993329    102002.7029850786
