# Time-averaged data for fix runningavgs
# TimeStep v_ra_etotal v_ra_temp v_ra_press v_ra_volume
502000     -6675.1165642296       109.2771683126      -693.0288374134    102002.7029850792
503000     -6667.6599903245       109.9645214121      -697.8485933240    102002.7029850792
504000     -6666.1542160265       110.1409015517      -692.9166354983    102002.7029850792
505000     -6666.7081218511       110.0826866831      -698.4195744002    102002.7029850792
506000     -6666.9713364713       110.0836010278      -696.0166232834    102002.7029850792
507000     -6667.4380974040       110.0330381507      -696.7032044105    102002.7029850792
508000     -6667.7510595377       110.0015941071      -694.4477569880    102002.7029850792
509000     -6668.0769813551       109.9650782933      -692.9912855995    102002.7029850792
510000     -6667.7288746025       110.0033429971      -694.2876009960    102002.7029850792
511000     -6667.0594545790       110.0726546743      -698.6410855017    102002.7029850792
512000     -6667.4621576662       110.0338100817      -699.8776398869    102002.7029850792
513000     -6668.0743898794       109.9749393068      -699.9219254594    102002.7029850792
514000     -6668.0043356555       109.9743174204      -699.6580494712    102002.7029850792
515000     -6668.7977173045       109.9084825934      -699.5557172237    102002.7029850792
516000     -6668.9607823789       109.9100964204      -700.6636435580    102002.7029850792
517000     -6669.7069503593       109.8418598738      -701.8045411147    102002.7029850792
518000     -6669.2770414669       109.8829900454      -701.9603839733    102002.7029850792
519000     -6668.8948435163       109.9218582172      -699.8704093052    102002.7029850792
520000     -6668.5963698981       109.9467825097      -700.2581983067    102002.7029850792
521000     -6668.2835284783       109.9754944306      -698.0962087190    102002.7029850792
522000     -6668.1213829664       109.9983526249      -697.5313477234    102002.7029850792
523000     -6668.0213252039       110.0096984999      -698.9911510955    102002.7029850792
524000     -6667.6395062618       110.0504290916      -697.9961781506    102002.7029850792
525000     -6667.5765398742       110.0556469207      -696.7752751554    102002.7029850792
526000     -6667.5122565528       110.0646548857      -696.5263809058    102002.7029850792
527000     -6667.2693319836       110.0907433169      -695.7338070553    102002.7029850792
528000     -6667.7552124751       110.0490410023      -695.3989498482    102002.7029850792
529000     -6667.9883867818       110.0276555512      -696.2865791791    102002.7029850792
530000     -6668.0602660721       110.0260872021      -694.6160523415    102002.7029850792
531000     -6668.3492511752       109.9973687247      -693.1846197985    102002.7029850792
532000     -6668.3641702134       109.9924859170      -692.8352758588    102002.7029850792
533000     -6668.3388217245       109.9957459175      -692.4655712206    102002.7029850792
534000     -6668.4607912734       109.9900302394      -692.6090727261    102002.7029850792
535000     -6668.5172604630       109.9797680714      -693.3366930357    102002.7029850792
536000     -6668.7885577265       109.9565714575      -692.8546062451    102002.7029850792
537000     -6668.9214308486       109.9432693831      -692.3730921631    102002.7029850792
538000     -6668.8374056731       109.9484795109      -691.8636544078    102002.7029850792
539000     -6668.6698319188       109.9630200865      -691.7086419895    102002.7029850791
540000     -6668.3797925175       109.9900775785      -692.4167753056    102002.7029850791
541000     -6668.5943181661       109.9709954736      -693.1686938485    102002.7029850791
542000     -6668.2792139110       109.9983382251      -692.8366018611    102002.7029850791
543000     -6668.1628462442       110.0084747475      -693.2296950242    102002.7029850791
544000     -6668.0884052381       110.0149845509      -692.6476503034    102002.7029850791
545000     -6668.2470137726       109.9997834074      -693.0267637018    102002.7029850791
546000     -6668.2554375616       109.9981386125      -693.8631771552    102002.7029850791
547000     -6668.3830289713       109.9858430458      -694.3899605171    102002.7029850791
548000     -6668.6405037965       109.9655691736      -694.2483763874    102002.7029850791
549000     -6668.7739667511       109.9524196786      -694.5707722569    102002.7029850791
550000     -6668.9771456315       109.9326942432      -694.7616215743    102002.7029850791
551000     -6669.0160091190       109.9302388090      -694.5840395567    102002.7029850791
552000     -6668.7848060518       109.9518856103      -695.4644907851    102002.7029850791
553000     -6668.6593778626       109.9632224703      -695.5912136210    102002.7029850791
554000     -6668.6779924578       109.9629254906      -695.5967094959    102002.7029850791
555000     -6668.4095708053       109.9856998038      -695.1293228229    102002.7029850791
556000     -6668.3310372672       109.9942586014      -695.1444402394    102002.7029850791
557000     -6668.2995857611       109.9968368455      -695.0935808999    102002.7029850791
558000     -6668.3629321927       109.9890122099      -695.6148224475    102002.7029850791
559000     -6668.5519541360       109.9706868053      -696.5211192217    102002.7029850791
560000     -6668.6605165123       109.9610990234      -696.8259852498    102002.7029850791
561000     -6668.5668686674       109.9686942866      -696.4893833804    102002.7029850791
562000     -6668.7143551156       109.9568397669      -695.8844301988    102002.7029850791
563000     -6668.5866831029       109.9687400510      -696.0433616786    102002.7029850791
564000     -6668.4326185016       109.9831751894      -696.1841916770    102002.7029850791
565000     -6668.3692107584       109.9886988316      -696.4743704702    102002.7029850791
566000     -6668.2433404730       110.0050319730      -696.4450894672    102002.7029850791
567000     -6668.2664365055       110.0010371999      -696.4488143705    102002.7029850791
568000     -6668.3445081824       109.9941345216      -696.0583683045    102002.7029850791
569000     -6668.3908104597       109.9891632958      -696.3169952364    102002.7029850791
570000     -6668.5138523665       109.9769092480      -696.6737902232    102002.7029850791
571000     -6668.5690681624       109.9717106310      -696.8420874786    102002.7029850791
572000     -6668.5517703059       109.9728192301      -696.6433367076    102002.7029850791
573000     -6668.4591490662       109.9781217261      -695.9355254618    102002.7029850791
574000     -6668.4112798460       109.9814554966      -695.8391718472    102002.7029850791
575000     -6668.2197167326       109.9991764268      -695.6293794476    102002.7029850791
576000     -6668.1731105494       110.0021325609      -695.8604781025    102002.7029850791
577000     -6668.1312832496       110.0078199271      -695.8738882519    102002.7029850791
578000     -6668.0009508030       110.0211993581      -695.6109003873    102002.7029850791
579000     -6667.9758015579       110.0212688139      -695.4648423024    102002.7029850791
580000     -6667.8278986078       110.0372024445      -695.2971710254    102002.7029850791
581000     -6667.8648326494       110.0332539770      -695.3382838064    102002.7029850791
582000     -6667.9744213362       110.0231617423      -695.8561810452    102002.7029850791
583000     -6668.0300835254       110.0178540572      -696.1341736824    102002.7029850791
584000     -6668.0479936478       110.0156972813      -696.0606908314    102002.7029850791
585000     -6667.9738047688       110.0221816285      -696.3389504205    102002.7029850791
586000     -6667.9874776212       110.0234198474      -696.5520598795    102002.7029850791
587000     -6667.8431646021       110.0359767799      -697.0336309973    102002.7029850791
588000     -6667.9042414224       110.0303739162      -697.5785065829    102002.7029850791
589000     -6667.8383026155       110.0372670310      -697.7928795715    102002.7029850791
590000     -6667.8334278681       110.0388051100      -697.8087793043    102002.7029850791
591000     -6667.7763660118       110.0440074617      -698.0414942925    102002.7029850792
592000     -6667.8104608266       110.0413366461      -698.0271010658    102002.7029850792
593000     -6667.8623532685       110.0363040064      -698.2446279139    102002.7029850792
594000     -6667.7636486842       110.0454450427      -698.6814546091    102002.7029850792
595000     -6667.7090491313       110.0507589504      -698.5880385537    102002.7029850792
596000     -6667.6206758597       110.0601125014      -698.7354719883    102002.7029850792
597000     -6667.5733209690       110.0659064221      -698.7789776437    102002.7029850792
598000     -6667.4760192734       110.0742854913      -698.8897248529    102002.7029850792
599000     -6667.4583289450       110.0768416318      -699.5464692745    102002.7029850792
600000     -6667.5400987802       110.0699496643      -699.8950628364    102002.7029850792
601000     -6667.4426985220       110.0797306203      -699.8889129691    102002.7029850792
602000     -6667.4225043965       110.0814878429      -699.8712370532    102002.7029850792
603000     -6667.4661440052       110.0780093134      -699.6959606450    102002.7029850792
604000     -6667.5951188773       110.0675390667      -699.5788489148    102002.7029850793
605000     -6667.5984604742       110.0668136870      -700.1365598354    102002.7029850793
606000     -6667.4929176803       110.0769876477      -699.9625861958    102002.7029850793
607000     -6667.4902192333       110.0762277294      -700.2085100895    102002.7029850793
608000     -6667.5798640072       110.0674666900      -700.2105381737    102002.7029850793
609000     -6667.5945727533       110.0682643628      -700.0278979544    102002.7029850793
610000     -6667.5254399919       110.0737439795      -700.5485948926    102002.7029850793
611000     -6667.4880346730       110.0779422015      -700.7991400343    102002.7029850793
612000     -6667.4435164254       110.0798192625      -700.7699011080    102002.7029850793
613000     -6667.5082374480       110.0739859169      -700.7045758019    102002.7029850793
614000     -6667.4695290382       110.0774938692      -700.7389792356    102002.7029850793
615000     -6667.4143619279       110.0839244775      -700.3516258788    102002.7029850793
616000     -6667.3347142941       110.0920462618      -700.6737232139    102002.7029850793
617000     -6667.3214060395       110.0932954125      -700.9706373485    102002.7029850793
618000     -6667.3585861907       110.0897032213      -701.1622330407    102002.7029850793
619000     -6667.3060110416       110.0948581425      -701.3644288742    102002.7029850793
620000     -6667.4010845158       110.0860895298      -701.1533850122    102002.7029850793
621000     -6667.3939212840       110.0860689847      -701.0240026517    102002.7029850793
622000     -6667.2913938619       110.0956261521      -700.9178845108    102002.7029850794
623000     -6667.2783459507       110.0968660642      -700.9524962531    102002.7029850794
624000     -6667.3884649104       110.0877524938      -700.8188035328    102002.7029850794
625000     -6667.3875557391       110.0873088883      -700.9921313117    102002.7029850794
626000     -6667.3628284439       110.0901011044      -700.9037131926    102002.7029850794
627000     -6667.3064675519       110.0964168941      -700.9064254525    102002.7029850794
628000     -6667.3115005586       110.0967130909      -700.9319767195    102002.7029850794
629000     -6667.3899000289       110.0891313221      -700.8497657854    102002.7029850794
630000     -6667.4169795095       110.0875158680      -700.6539674817    102002.7029850794
631000     -6667.4363517209       110.0862441554      -700.6640431932    102002.7029850794
632000     -6667.5281729362       110.0771314463      -700.6360547469    102002.7029850794
633000     -6667.4631912993       110.0840327244      -700.4825889548    102002.7029850794
634000     -6667.4621153246       110.0837612517      -700.3795357485    102002.7029850794
635000     -6667.3824528016       110.0913609664      -700.2824556223    102002.7029850794
636000     -6667.3983556169       110.0903387023      -700.1407618276    102002.7029850794
637000     -6667.3717761115       110.0939443856      -699.9678136541    102002.7029850794
638000     -6667.3337131728       110.0976106322      -699.8553679674    102002.7029850794
639000     -6667.3728673485       110.0946243539      -699.7593441330    102002.7029850794
640000     -6667.4561628203       110.0872872940      -699.8022639668    102002.7029850794
641000     -6667.5025471258       110.0830464625      -699.6836773000    102002.7029850794
642000     -6667.5168247235       110.0828828697      -699.4347898712    102002.7029850794
643000     -6667.4961225381       110.0852042825      -699.0890734213    102002.7029850794
644000     -6667.4189282464       110.0922753669      -698.9104290665    102002.7029850794
645000     -6667.4355379946       110.0910560399      -698.7452817851    102002.7029850794
646000     -6667.5348686647       110.0820048245      -698.6016675709    102002.7029850795
647000     -6667.5443375084       110.0803459613      -698.6257985509    102002.7029850795
648000     -6667.5980809555       110.0744656733      -698.2184053855    102002.7029850795
649000     -6667.5886140202       110.0765340827      -697.8801714390    102002.7029850795
650000     -6667.5775103426       110.0771035802      -697.7494472070    102002.7029850795
651000     -6667.6180635198       110.0727604356      -697.6117428358    102002.7029850795
652000     -6667.6532176267       110.0701442470      -697.3233674743    102002.7029850795
653000     -6667.6478496234       110.0692533668      -697.1709204123    102002.7029850795
654000     -6667.6320771523       110.0717397203      -697.1380116572    102002.7029850795
655000     -6667.6461187956       110.0699633019      -697.1490054142    102002.7029850795
656000     -6667.5941754904       110.0746051018      -696.9629234399    102002.7029850795
657000     -6667.5685657717       110.0771755566      -696.7957774689    102002.7029850795
658000     -6667.5926733797       110.0744222854      -696.7450072902    102002.7029850795
659000     -6667.5985218465       110.0732756647      -696.6826696483    102002.7029850795
660000     -6667.5712040346       110.0756996276      -696.8243773239    102002.7029850795
661000     -6667.6485183069       110.0683125104      -697.0157701967    102002.7029850795
662000     -6667.6460487905       110.0685090856      -696.8945814152    102002.7029850795
663000     -6667.6218473998       110.0698431481      -696.8850932309    102002.7029850795
664000     -6667.6730607793       110.0640210673      -696.9145691965    102002.7029850795
665000     -6667.6779169461       110.0632627910      -696.7775075754    102002.7029850795
666000     -6667.6548467431       110.0648850834      -696.7299093187    102002.7029850795
667000     -6667.6967611248       110.0604539971      -696.7778488840    102002.7029850795
668000     -6667.6981653605       110.0609631817      -696.7841707049    102002.7029850795
669000     -6667.6954246039       110.0613206149      -696.6272757382    102002.7029850795
670000     -6667.6713348193       110.0629205501      -696.6596908603    102002.7029850795
671000     -6667.6369922243       110.0663788513      -696.4883823441    102002.7029850795
672000     -6667.6335768508       110.0669602245      -696.3716438884    102002.7029850795
673000     -6667.5729406004       110.0729229907      -696.3656713172    102002.7029850795
674000     -6667.6066524924       110.0696836644      -696.3462776682    102002.7029850794
675000     -6667.6282169508       110.0677626949      -696.3734185744    102002.7029850794
676000     -6667.6318560931       110.0676669536      -696.2331864915    102002.7029850794
677000     -6667.6369183118       110.0665554675      -696.0569225342    102002.7029850794
678000     -6667.6683092578       110.0629884830      -695.7797991145    102002.7029850794
679000     -6667.6457506605       110.0644063862      -695.6326087291    102002.7029850794
680000     -6667.6659016856       110.0629242712      -695.4224015397    102002.7029850794
681000     -6667.6606591880       110.0632573102      -695.3755384556    102002.7029850794
682000     -6667.5927449818       110.0691006651      -695.3736018987    102002.7029850794
683000     -6667.5848766650       110.0692516886      -695.0585585697    102002.7029850794
684000     -6667.5765169136       110.0698512580      -694.9569585543    102002.7029850794
685000     -6667.5746458156       110.0691594883      -694.8668868369    102002.7029850794
686000     -6667.5954916534       110.0677110839      -694.7654203224    102002.7029850794
687000     -6667.5510293664       110.0713453218      -694.7433258313    102002.7029850794
688000     -6667.5209854257       110.0734013837      -694.7992053947    102002.7029850793
689000     -6667.5157462949       110.0740903665      -694.5625152244    102002.7029850793
690000     -6667.5265791551       110.0723261759      -694.3614835366    102002.7029850793
691000     -6667.5128217465       110.0733823764      -694.2733057774    102002.7029850793
692000     -6667.5704563792       110.0677329762      -694.2730052187    102002.7029850793
693000     -6667.5755019670       110.0674990292      -694.3830696531    102002.7029850793
694000     -6667.6076134915       110.0638556451      -694.4230749372    102002.7029850793
695000     -6667.6591783414       110.0587824008      -694.3112049688    102002.7029850793
696000     -6667.6999609318       110.0546642278      -694.2286205816    102002.7029850793
697000     -6667.7208857271       110.0519264764      -694.1483956450    102002.7029850793
698000     -6667.6973706972       110.0549453121      -694.1302089092    102002.7029850793
699000     -6667.6264806617       110.0616504586      -694.4559722921    102002.7029850793
700000     -6667.6247472442       110.0618761090      -694.7839337258    102002.7029850793
701000     -6667.5847406417       110.0662248253      -694.6430507178    102002.7029850793
702000     -6667.5799720102       110.0664662199      -694.6094613789    102002.7029850793
703000     -6667.5243190642       110.0711798474      -694.7178688596    102002.7029850793
704000     -6667.5204636093       110.0728151075      -694.6692005526    102002.7029850792
705000     -6667.5757588113       110.0672225334      -695.0029871616    102002.7029850792
706000     -6667.6016916770       110.0649257964      -695.2764269916    102002.7029850792
707000     -6667.6419477176       110.0617704157      -695.2439514139    102002.7029850792
708000     -6667.6587643870       110.0596456746      -695.1676908743    102002.7029850792
709000     -6667.6350569289       110.0619739882      -694.9917203763    102002.7029850792
710000     -6667.5960257958       110.0658080230      -695.0282395253    102002.7029850792
711000     -6667.6175363190       110.0643830164      -695.1834010811    102002.7029850792
712000     -6667.6390635858       110.0621591407      -695.2897313131    102002.7029850792
713000     -6667.6932187368       110.0573717010      -695.3185446470    102002.7029850792
714000     -6667.7322884497       110.0536014962      -695.2261090415    102002.7029850792
715000     -6667.6949540400       110.0570644231      -695.0477638944    102002.7029850792
716000     -6667.6626247004       110.0602753534      -694.9588032082    102002.7029850792
717000     -6667.6822944816       110.0590992598      -695.0552926708    102002.7029850792
718000     -6667.6623259202       110.0604361722      -695.1462046739    102002.7029850792
719000     -6667.6497574945       110.0618513225      -695.1347636509    102002.7029850792
720000     -6667.6202101505       110.0652302593      -695.1703573513    102002.7029850792
721000     -6667.5942385107       110.0677054884      -695.1433911053    102002.7029850792
722000     -6667.5545296489       110.0717039505      -695.0905684591    102002.7029850792
723000     -6667.5442334332       110.0728708158      -695.3277015608    102002.7029850792
724000     -6667.5448107346       110.0732250405      -695.4508175435    102002.7029850791
725000     -6667.6127065803       110.0674942607      -695.3996846000    102002.7029850791
726000     -6667.6027492278       110.0678052098      -695.4803759876    102002.7029850791
727000     -6667.6267912076       110.0657432986      -695.3991610554    102002.7029850791
728000     -6667.6534971457       110.0632712239      -695.2745530449    102002.7029850791
729000     -6667.6916056620       110.0599298672      -695.3631658529    102002.7029850791
730000     -6667.6524250810       110.0638226220      -695.4656049981    102002.7029850791
731000     -6667.6411365958       110.0651305990      -695.3836060126    102002.7029850791
732000     -6667.6022375205       110.0688824143      -695.4213311573    102002.7029850791
733000     -6667.5946111090       110.0692248714      -695.3220128375    102002.7029850791
734000     -6667.6369300274       110.0653110549      -695.2535979285    102002.7029850791
735000     -6667.6027968148       110.0684439257      -695.3056061297    102002.7029850791
736000     -6667.6008256854       110.0686009496      -695.3638463060    102002.7029850791
737000     -6667.5933628132       110.0696064691      -695.3382963098    102002.7029850791
738000     -6667.5466202754       110.0744898191      -695.2862977435    102002.7029850791
739000     -6667.5322777841       110.0751539918      -695.3950687765    102002.7029850791
740000     -6667.5331528646       110.0758284780      -695.3502316756    102002.7029850791
741000     -6667.5770329246       110.0719566035      -695.4096439717    102002.7029850791
742000     -6667.5267523405       110.0763989002      -695.4889406360    102002.7029850791
743000     -6667.5155241560       110.0780544061      -695.4451080031    102002.7029850791
744000     -6667.5224400233       110.0773209731      -695.4409360643    102002.7029850791
745000     -6667.5572987808       110.0745178311      -695.3898866813    102002.7029850791
746000     -6667.5523306716       110.0750618108      -695.5840091093    102002.7029850791
747000     -6667.5304208575       110.0775667689      -695.6198949455    102002.7029850791
748000     -6667.5229878756       110.0779961882      -695.6326523615    102002.7029850790
749000     -6667.5355678410       110.0768498640      -695.6489647417    102002.7029850790
750000     -6667.5662709694       110.0738176040      -695.6326429180    102002.7029850790
751000     -6667.5724705738       110.0729355414      -695.5731115695    102002.7029850790
752000     -6667.6087998983       110.0699043299      -695.5570689217    102002.7029850790
753000     -6667.6415163048       110.0667503247      -695.5708499991    102002.7029850790
754000     -6667.6604452717       110.0650221892      -695.5190510304    102002.7029850790
755000     -6667.6600071794       110.0644456314      -695.4990025253    102002.7029850790
756000     -6667.6458031835       110.0659208123      -695.4656056734    102002.7029850790
757000     -6667.6523814502       110.0653856786      -695.3742499186    102002.7029850790
758000     -6667.6627843585       110.0638141081      -695.4540165922    102002.7029850790
759000     -6667.6688973646       110.0636584703      -695.4424972850    102002.7029850790
760000     -6667.6832302316       110.0626277228      -695.4138478357    102002.7029850790
761000     -6667.6362629031       110.0677464922      -695.4448155752    102002.7029850790
762000     -6667.6223072590       110.0685817963      -695.4436124154    102002.7029850790
763000     -6667.6424143767       110.0664871774      -695.4450523418    102002.7029850790
764000     -6667.6654415785       110.0642257459      -695.5107733406    102002.7029850790
765000     -6667.6800859458       110.0628813843      -695.5143612155    102002.7029850790
766000     -6667.6503159329       110.0658245460      -695.4602429065    102002.7029850790
767000     -6667.6079558086       110.0696824729      -695.4722947450    102002.7029850790
768000     -6667.6214236609       110.0685777473      -695.3729301818    102002.7029850790
769000     -6667.6065498647       110.0701153395      -695.3663978307    102002.7029850790
770000     -6667.5840805885       110.0717608324      -695.4263831276    102002.7029850790
771000     -6667.5651699561       110.0735725483      -695.2862761272    102002.7029850790
772000     -6667.5814469020       110.0717612352      -695.3102611488    102002.7029850790
773000     -6667.5922152093       110.0702637858      -695.3170769473    102002.7029850790
774000     -6667.5433382686       110.0747205365      -695.2517513870    102002.7029850790
775000     -6667.5412809550       110.0748460173      -695.3251123511    102002.7029850790
776000     -6667.5073890605       110.0781499127      -695.4256171920    102002.7029850790
777000     -6667.5132249136       110.0779791566      -695.3957258880    102002.7029850789
778000     -6667.5336326834       110.0762261744      -695.2855407050    102002.7029850789
779000     -6667.5661186046       110.0718301792      -695.2316634427    102002.7029850789
780000     -6667.5905330063       110.0688078919      -695.1419977396    102002.7029850789
781000     -6667.5882434723       110.0687843446      -695.1071075635    102002.7029850789
782000     -6667.5822088610       110.0687596580      -695.2838561699    102002.7029850789
783000     -6667.5456533098       110.0724334093      -695.3825694909    102002.7029850789
784000     -6667.5273466441       110.0739079794      -695.3891908742    102002.7029850789
785000     -6667.4912713216       110.0768752883      -695.2932079983    102002.7029850789
786000     -6667.4442328809       110.0806475417      -695.2648678893    102002.7029850789
787000     -6667.4306215616       110.0816729518      -695.2467264922    102002.7029850789
788000     -6667.4449220791       110.0808451229      -695.2423754060    102002.7029850789
789000     -6667.4273477187       110.0819392745      -695.3124386705    102002.7029850789
790000     -6667.4407495445       110.0805855802      -695.3048128338    102002.7029850789
791000     -6667.4334175699       110.0813502503      -695.2473610138    102002.7029850789
792000     -6667.4362398822       110.0807389870      -695.2066701823    102002.7029850789
793000     -6667.4143800392       110.0830097251      -695.1402045897    102002.7029850789
794000     -6667.4235215496       110.0815744023      -695.1472542093    102002.7029850789
795000     -6667.4267659596       110.0806392566      -695.2008622571    102002.7029850789
796000     -6667.4416422315       110.0791139026      -695.1616289206    102002.7029850789
797000     -6667.4532912660       110.0777847505      -695.1506838842    102002.7029850789
798000     -6667.4499647460       110.0786542763      -695.1033280467    102002.7029850789
799000     -6667.4654634530       110.0772365407      -695.1119535551    102002.7029850789
800000     -6667.4930484664       110.0747428567      -695.0810425899    102002.7029850789
801000     -6667.4924982835       110.0745462341      -694.9869718862    102002.7029850789
802000     -6667.5034292197       110.0726916604      -694.8422601930    102002.7029850789
803000     -6667.4932651325       110.0733208880      -694.7237053707    102002.7029850789
804000     -6667.4785040601       110.0745669429      -694.6409117626    102002.7029850789
805000     -6667.4542498967       110.0760713427      -694.6007757434    102002.7029850789
806000     -6667.4198376609       110.0792707768      -694.6362905735    102002.7029850789
807000     -6667.4086734716       110.0805937405      -694.5168044638    102002.7029850789
808000     -6667.3711904020       110.0839751985      -694.3480127954    102002.7029850789
809000     -6667.3832289110       110.0827710607      -694.2255684471    102002.7029850789
810000     -6667.4042700912       110.0805179458      -694.2595084297    102002.7029850789
811000     -6667.4513808408       110.0756540877      -694.2393869570    102002.7029850789
812000     -6667.4529845630       110.0751835558      -694.2734116091    102002.7029850789
813000     -6667.4454605435       110.0761212909      -694.2532852821    102002.7029850789
814000     -6667.4863914393       110.0722566312      -694.2225353990    102002.7029850789
815000     -6667.5051980922       110.0706058829      -694.2125404099    102002.7029850788
816000     -6667.5192652391       110.0697326603      -694.2390302923    102002.7029850788
817000     -6667.5268540284       110.0690270604      -694.4285031742    102002.7029850788
818000     -6667.5694106930       110.0652861454      -694.5480265387    102002.7029850788
819000     -6667.5833601906       110.0641263990      -694.5868219137    102002.7029850788
820000     -6667.5911791961       110.0633919555      -694.6407525618    102002.7029850788
821000     -6667.6262707161       110.0603131581      -694.6096698991    102002.7029850788
822000     -6667.6591784130       110.0570764581      -694.6676717485    102002.7029850788
823000     -6667.6544753784       110.0573146794      -694.8922908572    102002.7029850788
824000     -6667.6395960386       110.0589336705      -694.9950497610    102002.7029850788
825000     -6667.6209113038       110.0608711100      -694.9684044665    102002.7029850788
826000     -6667.6041808525       110.0624826872      -694.9764779571    102002.7029850788
827000     -6667.5839042591       110.0645263205      -694.9706890599    102002.7029850788
828000     -6667.5444263856       110.0679899329      -695.1163977474    102002.7029850788
829000     -6667.5425101071       110.0679596604      -695.2547086674    102002.7029850788
830000     -6667.5738440405       110.0651778377      -695.2566064091    102002.7029850788
831000     -6667.5839635954       110.0642302689      -695.2316800550    102002.7029850788
832000     -6667.6038117368       110.0616864640      -695.2610038290    102002.7029850788
833000     -6667.6292564837       110.0595140580      -695.3149293877    102002.7029850788
834000     -6667.6587618987       110.0572248223      -695.4729915677    102002.7029850788
835000     -6667.6480116869       110.0576270243      -695.7552319256    102002.7029850788
836000     -6667.6684566607       110.0559493752      -695.7659860227    102002.7029850788
837000     -6667.6758412503       110.0552857114      -695.8290817203    102002.7029850788
838000     -6667.6692257797       110.0556041629      -695.9277644508    102002.7029850788
839000     -6667.6499531627       110.0577362661      -695.9998842931    102002.7029850788
840000     -6667.6680797575       110.0561587586      -696.2331644217    102002.7029850788
841000     -6667.6471139161       110.0581838049      -696.4648848167    102002.7029850788
842000     -6667.6761991762       110.0557951831      -696.4757189268    102002.7029850788
843000     -6667.6666874900       110.0557214008      -696.3909466594    102002.7029850788
844000     -6667.7137888448       110.0505042188      -696.3648776355    102002.7029850788
845000     -6667.7151006750       110.0505980683      -696.2743547676    102002.7029850788
846000     -6667.7017918767       110.0520210377      -696.4394312179    102002.7029850788
847000     -6667.6911613478       110.0529252876      -696.5629044394    102002.7029850788
848000     -6667.7136010632       110.0513553287      -696.5682312406    102002.7029850788
849000     -6667.7165824116       110.0508496154      -696.5913218902    102002.7029850788
850000     -6667.7051917769       110.0519974714      -696.5346512205    102002.7029850788
851000     -6667.7330310257       110.0495533676      -696.5772359935    102002.7029850788
852000     -6667.7396880086       110.0486830922      -696.7956332658    102002.7029850788
853000     -6667.7080582293       110.0515223414      -696.9629143590    102002.7029850788
854000     -6667.7127164498       110.0513982965      -696.9672415463    102002.7029850788
855000     -6667.6990896652       110.0521188022      -697.0152032873    102002.7029850788
856000     -6667.6793318044       110.0540574489      -696.9241971927    102002.7029850788
857000     -6667.6588358678       110.0563377990      -697.0000910902    102002.7029850788
858000     -6667.6699266798       110.0552122351      -697.1348910386    102002.7029850788
859000     -6667.7027713081       110.0522521634      -697.2665260100    102002.7029850788
860000     -6667.6962455987       110.0532456622      -697.2358886599    102002.7029850788
861000     -6667.7023592876       110.0525732940      -697.1620834987    102002.7029850788
862000     -6667.7184530614       110.0510516162      -697.1297683207    102002.7029850788
863000     -6667.7222089590       110.0508540857      -697.0740611191    102002.7029850788
864000     -6667.7060476530       110.0522881701      -697.1602213131    102002.7029850788
865000     -6667.6894808867       110.0538623156      -697.2559220550    102002.7029850788
866000     -6667.6847443854       110.0550335234      -697.2100844535    102002.7029850788
867000     -6667.6910176341       110.0539654898      -697.0838927672    102002.7029850788
868000     -6667.7018026717       110.0531876425      -697.0703878694    102002.7029850788
869000     -6667.7187942193       110.0519462464      -696.9918842103    102002.7029850788
870000     -6667.7283563133       110.0505470058      -697.1188789019    102002.7029850787
871000     -6667.7256325747       110.0512978352      -697.1347982394    102002.7029850787
872000     -6667.7640384630       110.0479280661      -697.1510663501    102002.7029850787
873000     -6667.7586324198       110.0481103890      -697.0888113125    102002.7029850787
874000     -6667.7782999508       110.0462064523      -697.0184473244    102002.7029850787
875000     -6667.8044890504       110.0434182202      -697.0169237921    102002.7029850787
876000     -6667.8133344013       110.0425044875      -697.0932213441    102002.7029850787
877000     -6667.7963121546       110.0444214701      -697.0623993056    102002.7029850787
878000     -6667.7939845551       110.0446656303      -696.9766621461    102002.7029850787
879000     -6667.7958360209       110.0442679865      -696.9515567132    102002.7029850787
880000     -6667.7714385208       110.0464010603      -696.8873805647    102002.7029850787
881000     -6667.7796496971       110.0459216644      -696.9113319224    102002.7029850787
882000     -6667.7790153168       110.0460022169      -696.9919690573    102002.7029850787
883000     -6667.7524889853       110.0485610695      -696.9583285072    102002.7029850787
884000     -6667.7367398844       110.0501318321      -696.8901197047    102002.7029850787
885000     -6667.7117792507       110.0524045137      -696.8363975003    102002.7029850787
886000     -6667.7093606794       110.0526353201      -696.7365626830    102002.7029850787
887000     -6667.7019570851       110.0532859825      -696.8003496206    102002.7029850787
888000     -6667.7084103413       110.0526800128      -696.8497516264    102002.7029850787
889000     -6667.7309790373       110.0506091011      -696.8098116494    102002.7029850787
890000     -6667.7265351640       110.0508135994      -696.6801742482    102002.7029850787
891000     -6667.7652783490       110.0470371116      -696.6076931732    102002.7029850787
892000     -6667.7805063534       110.0458862595      -696.4836223427    102002.7029850787
893000     -6667.7828831896       110.0456728819      -696.5189925333    102002.7029850787
894000     -6667.7662234609       110.0471521164      -696.5188913786    102002.7029850787
895000     -6667.7585124394       110.0484115991      -696.4487814578    102002.7029850787
896000     -6667.7373066929       110.0498272838      -696.3984810807    102002.7029850787
897000     -6667.7412282458       110.0493046482      -696.2962988809    102002.7029850787
898000     -6667.7426296958       110.0490897816      -696.2309541729    102002.7029850787
899000     -6667.7223847490       110.0507460650      -696.3412986368    102002.7029850787
900000     -6667.7195120523       110.0511966712      -696.3685869626    102002.7029850787
901000     -6667.7068238351       110.0526326602      -696.2681992329    102002.7029850787
902000     -6667.6913649515       110.0538549180      -696.2508862271    102002.7029850787
903000     -6667.6672722291       110.0563000581      -696.1186500983    102002.7029850787
904000     -6667.6463118859       110.0584426129      -696.1181569083    102002.7029850787
905000     -6667.6464943365       110.0584461574      -696.1951796900    102002.7029850787
906000     -6667.6583696815       110.0572366576      -696.2031903843    102002.7029850787
907000     -6667.6532391623       110.0581386057      -696.1631571613    102002.7029850787
908000     -6667.6487348763       110.0584886741      -696.1309979919    102002.7029850787
909000     -6667.6420522398       110.0589086484      -696.0447963894    102002.7029850787
910000     -6667.6574272895       110.0578098099      -696.0381728953    102002.7029850787
911000     -6667.6872801953       110.0546026750      -696.0986454911    102002.7029850787
912000     -6667.6961940715       110.0539459057      -696.0758692027    102002.7029850787
913000     -6667.7070712927       110.0532116900      -696.1249288075    102002.7029850787
914000     -6667.7044313148       110.0531936635      -696.1327624316    102002.7029850787
915000     -6667.7264089164       110.0515241250      -696.0912968658    102002.7029850787
916000     -6667.7573824305       110.0487001270      -696.1496753275    102002.7029850787
917000     -6667.7364634808       110.0505436822      -696.2001771468    102002.7029850787
918000     -6667.7397482267       110.0506598427      -696.2285381823    102002.7029850787
919000     -6667.7448346583       110.0502729156      -696.2290524342    102002.7029850787
920000     -6667.7341223377       110.0507522306      -696.2771061626    102002.7029850787
921000     -6667.7263534913       110.0517555550      -696.3025527281    102002.7029850787
922000     -6667.7330218941       110.0517463258      -696.3698887311    102002.7029850787
923000     -6667.7467865285       110.0506311051      -696.4897915606    102002.7029850787
924000     -6667.7700761613       110.0484505479      -696.5095223246    102002.7029850787
925000     -6667.7461509618       110.0509659210      -696.4474100608    102002.7029850787
926000     -6667.7373549033       110.0518954790      -696.4321888602    102002.7029850787
927000     -6667.7366733752       110.0521146644      -696.4808754907    102002.7029850786
928000     -6667.7198629530       110.0537497409      -696.5091437788    102002.7029850786
929000     -6667.7215557778       110.0538702704      -696.5736561452    102002.7029850786
930000     -6667.6876019907       110.0574353243      -696.5790639829    102002.7029850786
931000     -6667.6837232305       110.0578316526      -696.5980486036    102002.7029850786
932000     -6667.6618284286       110.0602181041      -696.5738721685    102002.7029850786
933000     -6667.6504803483       110.0615307331      -696.6232614885    102002.7029850786
934000     -6667.6536543504       110.0609162942      -696.7294431109    102002.7029850786
935000     -6667.6619655353       110.0601779285      -696.7862846884    102002.7029850786
936000     -6667.6709244493       110.0595727786      -696.8038862885    102002.7029850786
937000     -6667.6483291348       110.0615624220      -696.7778992782    102002.7029850786
938000     -6667.6452386352       110.0615745217      -696.8596509145    102002.7029850786
939000     -6667.6804940496       110.0585263285      -696.8328617816    102002.7029850786
940000     -6667.6743286832       110.0589659848      -696.9621644375    102002.7029850786
941000     -6667.6741345879       110.0593337111      -697.0936807604    102002.7029850786
942000     -6667.7059926841       110.0564691735      -697.0961053526    102002.7029850786
943000     -6667.7130034188       110.0555208696      -697.1747727648    102002.7029850786
944000     -6667.7141704318       110.0556061306      -697.2275932885    102002.7029850786
945000     -6667.7297541754       110.0542413640      -697.2544125178    102002.7029850786
946000     -6667.7234235894       110.0546867309      -697.4407429920    102002.7029850786
947000     -6667.7052239511       110.0566129948      -697.5009990439    102002.7029850786
948000     -6667.7011183111       110.0570627423      -697.5860116745    102002.7029850786
949000     -6667.6994044016       110.0573941669      -697.6484360426    102002.7029850786
950000     -6667.6748325619       110.0597006131      -697.6658730875    102002.7029850786
951000     -6667.6803815060       110.0589586749      -697.7498718578    102002.7029850786
952000     -6667.7038959098       110.0570602074      -697.8583123625    102002.7029850786
953000     -6667.7029899688       110.0572505570      -697.8789033657    102002.7029850786
954000     -6667.7063176699       110.0567584115      -697.9058585131    102002.7029850786
955000     -6667.7141889717       110.0559831844      -697.9098707872    102002.7029850786
956000     -6667.7108637364       110.0564873556      -697.9195714824    102002.7029850786
957000     -6667.7141514827       110.0561757076      -698.0861751704    102002.7029850786
958000     -6667.6846263052       110.0586193375      -698.2250578834    102002.7029850786
959000     -6667.6847350445       110.0587157882      -698.1929967771    102002.7029850786
960000     -6667.6959418386       110.0575699068      -698.1476492408    102002.7029850786
961000     -6667.7089725548       110.0561140209      -698.1976321293    102002.7029850786
962000     -6667.7375100912       110.0537307526      -698.1618320293    102002.7029850786
963000     -6667.7507433355       110.0524935323      -698.3835663239    102002.7029850786
964000     -6667.7732376000       110.0505980821      -698.5102497290    102002.7029850786
965000     -6667.7989128728       110.0486960795      -698.5100307989    102002.7029850786
966000     -6667.8090288808       110.0473293338      -698.5483740622    102002.7029850786
967000     -6667.8215058785       110.0463031340      -698.5246955627    102002.7029850786
968000     -6667.8062604585       110.0481714309      -698.5729282573    102002.7029850786
969000     -6667.7876137242       110.0496681556      -698.7506455161    102002.7029850786
970000     -6667.7895971854       110.0497780112      -698.8526808737    102002.7029850786
971000     -6667.7804768227       110.0507799938      -698.8425594973    102002.7029850786
972000     -6667.7834030591       110.0502336670      -698.8782809123    102002.7029850786
973000     -6667.7952490444       110.0490229746      -698.8554660988    102002.7029850786
974000     -6667.7880510424       110.0499770619      -698.9093540708    102002.7029850786
975000     -6667.7775302383       110.0509936785      -699.0478183356    102002.7029850786
976000     -6667.7587935083       110.0525053342      -699.1545121094    102002.7029850786
977000     -6667.7638433821       110.0522211512      -699.1274907649    102002.7029850786
978000     -6667.7552579759       110.0531220025      -699.0654463683    102002.7029850786
979000     -6667.7310818041       110.0551519937      -699.0138294816    102002.7029850786
980000     -6667.7331509021       110.0550971498      -698.9838981430    102002.7029850786
981000     -6667.7264460180       110.0558194029      -699.0547443349    102002.7029850786
982000     -6667.7422288193       110.0543925448      -699.0684320594    102002.7029850786
983000     -6667.7323519457       110.0553730064      -699.1354328504    102002.7029850786
984000     -6667.7246504787       110.0560389114      -699.1174001819    102002.7029850786
985000     -6667.7068493409       110.0579380518      -699.0652874564    102002.7029850786
986000     -6667.7064514133       110.0576365182      -699.0858855849    102002.7029850786
987000     -6667.7074746993       110.0574241084      -699.1270668445    102002.7029850786
988000     -6667.7261102552       110.0557385736      -699.1142278975    102002.7029850786
989000     -6667.7225158674       110.0560945062      -699.1866915574    102002.7029850786
990000     -6667.7229092174       110.0561787513      -699.1871919552    102002.7029850786
991000     -6667.7218049121       110.0564005278      -699.1820868355    102002.7029850786
992000     -6667.7321288049       110.0554283123      -699.1723982661    102002.7029850786
993000     -6667.7368399807       110.0548048295      -699.2008635147    102002.7029850786
994000     -6667.7357015512       110.0548779024      -699.2427208002    102002.7029850786
995000     -6667.7319446677       110.0550975347      -699.1900038758    102002.7029850786
996000     -6667.7438257587       110.0538018834      -699.1331337574    102002.7029850786
997000     -6667.7615403690       110.0520162693      -699.1360462293    102002.7029850786
998000     -6667.7733757862       110.0507540509      -699.1695826150    102002.7029850786
999000     -6667.7732452168       110.0505746030      -699.2463916306    102002.7029850786
1000000     -6667.7955306377       110.0485685612      -699.2693487945    102002.7029850786
