# Time-averaged data for fix runningavgs
# TimeStep v_ra_etotal v_ra_temp v_ra_press v_ra_volume
502000     -7790.1645446641        90.9327198054      -861.6073605113    102002.7029850792
503000     -7785.5774344807        91.2509332445      -818.4861335831    102002.7029850792
504000     -7783.0512310068        91.4598405578      -813.1031339668    102002.7029850792
505000     -7785.6800377544        91.3902856513      -803.7107669496    102002.7029850792
506000     -7788.5046590658        91.3038728846      -801.5421758587    102002.7029850792
507000     -7790.9471589223        91.2262750752      -810.3007812174    102002.7029850792
508000     -7791.5566630970        91.1341954276      -810.0283554668    102002.7029850792
509000     -7791.6340167327        91.1306475388      -806.9824913611    102002.7029850792
510000     -7792.9602483498        91.0263881065      -806.1246227735    102002.7029850792
511000     -7793.5488100279        91.0201807573      -805.7294771342    102002.7029850792
512000     -7793.4898307899        91.0372669365      -804.6173975889    102002.7029850792
513000     -7793.1373331165        91.0733938197      -805.3278174779    102002.7029850792
514000     -7792.6654165052        91.1270601938      -805.1266036988    102002.7029850792
515000     -7792.6968662390        91.1142694971      -804.9632485355    102002.7029850792
516000     -7792.4675983587        91.1336529710      -803.9816687157    102002.7029850792
517000     -7791.8633808385        91.1664739553      -801.4180060901    102002.7029850792
518000     -7792.0866958254        91.1598997813      -800.4636353172    102002.7029850792
519000     -7791.9439583192        91.1698112535      -800.8814526977    102002.7029850792
520000     -7792.3349075274        91.1482890568      -800.8766040674    102002.7029850792
521000     -7792.8014386396        91.1503763752      -799.3885159356    102002.7029850792
522000     -7792.9831111294        91.1444282060      -798.7167409695    102002.7029850792
523000     -7793.2300833111        91.1206008103      -799.3812857292    102002.7029850792
524000     -7793.4516550661        91.1052698485      -799.7083668844    102002.7029850792
525000     -7793.8512210920        91.0744220135      -799.5690527077    102002.7029850792
526000     -7794.3241486317        91.0520899646      -801.2696264789    102002.7029850792
527000     -7794.5719164552        91.0337448026      -804.0746239923    102002.7029850792
528000     -7794.6654507531        91.0270736772      -804.5149067720    102002.7029850792
529000     -7795.0211688795        91.0025965923      -804.2663702698    102002.7029850792
530000     -7795.0120179500        90.9975672910      -803.8807533669    102002.7029850792
531000     -7795.0228114794        91.0035732606      -803.9130339579    102002.7029850792
532000     -7795.0090414178        91.0021244682      -803.1439167638    102002.7029850792
533000     -7795.0769093825        91.0167319482      -803.6748029638    102002.7029850792
534000     -7795.0356714484        91.0233557316      -804.2614959839    102002.7029850792
535000     -7795.2482409852        91.0095655059      -804.7175528382    102002.7029850792
536000     -7795.0602445033        91.0288478527      -804.7587388826    102002.7029850792
537000     -7794.8555090020        91.0449120410      -804.6396371197    102002.7029850792
538000     -7794.8375213798        91.0484305177      -804.7950411597    102002.7029850792
539000     -7794.6372456605        91.0619175320      -804.2048133099    102002.7029850791
540000     -7794.6455621088        91.0620434892      -803.7999311202    102002.7029850791
541000     -7794.6747097866        91.0615498609      -804.2556637461    102002.7029850791
542000     -7794.7479053697        91.0525911693      -804.0885677632    102002.7029850791
543000     -7795.0200126745        91.0413974463      -803.8127697058    102002.7029850791
544000     -7795.0502682812        91.0506990323      -803.0048218048    102002.7029850791
545000     -7794.9733476535        91.0543966736      -802.3926400046    102002.7029850791
546000     -7795.0391568605        91.0435820036      -802.3869569311    102002.7029850791
547000     -7795.2854172484        91.0210210054      -801.7955475986    102002.7029850791
548000     -7795.3712288055        91.0236246565      -801.9256063149    102002.7029850791
549000     -7795.3139085975        91.0179335931      -802.3039263843    102002.7029850791
550000     -7795.4261722032        91.0033179923      -801.5438506475    102002.7029850791
551000     -7795.2955029512        90.9997536836      -801.0797132590    102002.7029850791
552000     -7795.0062561453        91.0063097979      -800.1961634326    102002.7029850791
553000     -7794.9202818053        91.0052230759      -799.6553835458    102002.7029850791
554000     -7794.7376108751        91.0140486113      -799.5524780583    102002.7029850791
555000     -7794.6184212389        91.0213369391      -799.1487714113    102002.7029850791
556000     -7794.6388558893        91.0215987578      -798.6971545542    102002.7029850791
557000     -7794.8235516505        91.0127445755      -798.3788955557    102002.7029850791
558000     -7794.8907818253        91.0046769790      -798.0436725104    102002.7029850791
559000     -7794.7582568274        91.0222417639      -798.2382125007    102002.7029850791
560000     -7794.7195199879        91.0257405735      -798.9439605293    102002.7029850791
561000     -7794.6440762783        91.0333906490      -799.0604037272    102002.7029850791
562000     -7794.5966799371        91.0440030901      -798.5801270150    102002.7029850791
563000     -7794.5481873453        91.0455916600      -799.1617031962    102002.7029850791
564000     -7794.3388442381        91.0592572460      -799.2529919295    102002.7029850791
565000     -7794.2970098422        91.0594639698      -799.4125607849    102002.7029850791
566000     -7794.1714464862        91.0622076712      -799.5037654264    102002.7029850791
567000     -7794.0689575865        91.0655647495      -799.3372065556    102002.7029850791
568000     -7794.0648766506        91.0684395629      -799.0667159026    102002.7029850791
569000     -7794.1707777198        91.0631869649      -798.8622576027    102002.7029850791
570000     -7794.2750650623        91.0519134088      -798.2711456944    102002.7029850791
571000     -7794.1978382547        91.0522294142      -797.9459060922    102002.7029850791
572000     -7794.1193985252        91.0557824005      -798.0511872836    102002.7029850791
573000     -7794.0948580438        91.0527535016      -798.4092125957    102002.7029850791
574000     -7794.0786146731        91.0524377595      -798.2297115878    102002.7029850791
575000     -7794.0617709353        91.0505810021      -798.3603387598    102002.7029850791
576000     -7794.0684994359        91.0509256757      -798.1996436757    102002.7029850791
577000     -7793.9324211775        91.0581405002      -798.2598976854    102002.7029850791
578000     -7793.7811581431        91.0650320635      -798.7400279699    102002.7029850791
579000     -7793.7464460743        91.0618924409      -798.9973504143    102002.7029850791
580000     -7793.7557482086        91.0584805343      -798.6805970590    102002.7029850791
581000     -7793.7707623382        91.0551103176      -798.5644282749    102002.7029850791
582000     -7793.8514223653        91.0426767630      -798.1543823056    102002.7029850791
583000     -7793.9433361909        91.0362732413      -797.7477528934    102002.7029850791
584000     -7793.9523802256        91.0322206952      -797.2447170956    102002.7029850791
585000     -7793.8815569092        91.0384602676      -796.8950095747    102002.7029850791
586000     -7793.8028434828        91.0433213025      -796.6883511127    102002.7029850791
587000     -7793.7275638583        91.0460299324      -796.5795545579    102002.7029850791
588000     -7793.7734240288        91.0402712230      -796.5299212124    102002.7029850791
589000     -7793.6860988709        91.0426158956      -796.5531216533    102002.7029850791
590000     -7793.6759295810        91.0400935762      -797.1345731888    102002.7029850791
591000     -7793.7497034025        91.0346457199      -796.9320839455    102002.7029850792
592000     -7793.6542025483        91.0319795126      -796.7361012460    102002.7029850792
593000     -7793.5982113219        91.0274866118      -796.5894858647    102002.7029850792
594000     -7793.5857717969        91.0215087046      -796.2404114359    102002.7029850792
595000     -7793.5724857853        91.0163218203      -796.3640937049    102002.7029850792
596000     -7793.5488280568        91.0128135732      -796.6493065524    102002.7029850792
597000     -7793.5438425614        91.0051538245      -796.9003268601    102002.7029850792
598000     -7793.4817952415        91.0047432821      -796.8431006933    102002.7029850792
599000     -7793.4917398744        90.9957770566      -796.7504694247    102002.7029850792
600000     -7793.4141019284        90.9950825313      -796.9390462896    102002.7029850792
601000     -7793.4056836734        90.9923554178      -797.0457085235    102002.7029850792
602000     -7793.5004083834        90.9830322279      -797.3570677323    102002.7029850792
603000     -7793.5092661943        90.9825360733      -797.5018255865    102002.7029850792
604000     -7793.6155902914        90.9744147219      -797.8881716294    102002.7029850793
605000     -7793.5677548943        90.9802036688      -797.9353885519    102002.7029850793
606000     -7793.5181010102        90.9846502417      -797.7778824556    102002.7029850793
607000     -7793.5404668385        90.9831464992      -797.8165920645    102002.7029850793
608000     -7793.6147052445        90.9742937151      -798.1274465546    102002.7029850793
609000     -7793.7045914820        90.9694007954      -797.8237422762    102002.7029850793
610000     -7793.7320280660        90.9667023281      -797.6116844389    102002.7029850793
611000     -7793.6877613556        90.9686762813      -797.9576920837    102002.7029850793
612000     -7793.5663921433        90.9743777562      -797.6509797139    102002.7029850793
613000     -7793.5841754091        90.9712669223      -797.8222895320    102002.7029850793
614000     -7793.6252136325        90.9719622229      -797.7751130441    102002.7029850793
615000     -7793.6385306118        90.9732561983      -797.6414198148    102002.7029850793
616000     -7793.5697378780        90.9797361298      -797.5448631604    102002.7029850793
617000     -7793.5750939849        90.9797991641      -797.7693553380    102002.7029850793
618000     -7793.5865302470        90.9807049859      -798.0111898445    102002.7029850793
619000     -7793.6175203074        90.9814026316      -798.2168429150    102002.7029850793
620000     -7793.5993221437        90.9848777280      -798.4283707723    102002.7029850793
621000     -7793.5840399774        90.9855687566      -798.3104902415    102002.7029850793
622000     -7793.4796430998        90.9933870458      -798.2135660830    102002.7029850794
623000     -7793.4498534628        90.9944866377      -798.2472629895    102002.7029850794
624000     -7793.4269677134        90.9930824111      -798.3157637411    102002.7029850794
625000     -7793.2988876294        91.0007079074      -798.4226137197    102002.7029850794
626000     -7793.3242122985        90.9977926496      -798.4662056743    102002.7029850794
627000     -7793.2036932504        91.0050070885      -798.5948796182    102002.7029850794
628000     -7793.1593680681        91.0058712066      -798.7386777006    102002.7029850794
629000     -7793.1374993168        91.0069345807      -799.2229458103    102002.7029850794
630000     -7793.0980736742        91.0086178328      -799.6788302096    102002.7029850794
631000     -7793.0961314525        91.0084373180      -799.7084512682    102002.7029850794
632000     -7793.0430912159        91.0133096585      -799.9139200620    102002.7029850794
633000     -7792.9622878987        91.0173149074      -800.1476088203    102002.7029850794
634000     -7792.9685949873        91.0150710821      -800.2956975014    102002.7029850794
635000     -7792.9390181855        91.0147534454      -800.5413834034    102002.7029850794
636000     -7792.9026548009        91.0138836447      -800.7541414508    102002.7029850794
637000     -7792.9200071212        91.0106035732      -800.7861024886    102002.7029850794
638000     -7792.8290041297        91.0101678954      -800.9316891905    102002.7029850794
639000     -7792.7320569278        91.0148529692      -800.9455009260    102002.7029850794
640000     -7792.6456273827        91.0156715544      -801.1510272558    102002.7029850794
641000     -7792.5393016888        91.0211074517      -801.2479459884    102002.7029850794
642000     -7792.5458049338        91.0210793103      -801.2329795713    102002.7029850794
643000     -7792.5861271867        91.0182944124      -801.2554555219    102002.7029850794
644000     -7792.6817566628        91.0117499330      -801.4329776099    102002.7029850794
645000     -7792.6905300136        91.0095869360      -801.6565435015    102002.7029850794
646000     -7792.7633390204        91.0040623811      -801.7057753739    102002.7029850795
647000     -7792.7407368431        91.0042298125      -801.5788179749    102002.7029850795
648000     -7792.6825360076        91.0087532387      -801.4193489799    102002.7029850795
649000     -7792.6606705665        91.0098619392      -801.6765987634    102002.7029850795
650000     -7792.7096558607        91.0055996854      -801.7686291821    102002.7029850795
651000     -7792.5875161376        91.0134370088      -801.9692496749    102002.7029850795
652000     -7792.5375978499        91.0155145785      -802.3706162760    102002.7029850795
653000     -7792.5026636241        91.0168499481      -802.4757622469    102002.7029850795
654000     -7792.5131710811        91.0128711928      -802.5177154913    102002.7029850795
655000     -7792.4477632116        91.0178403673      -802.4668450923    102002.7029850795
656000     -7792.4252243868        91.0183829678      -802.4071682700    102002.7029850795
657000     -7792.3632312326        91.0221592076      -802.6725910872    102002.7029850795
658000     -7792.4124081658        91.0190088866      -802.8851630302    102002.7029850795
659000     -7792.3660499205        91.0226847321      -802.8114317293    102002.7029850795
660000     -7792.4018990962        91.0199118097      -802.9990673809    102002.7029850795
661000     -7792.4544099887        91.0179947924      -803.0367661528    102002.7029850795
662000     -7792.4969233161        91.0156411697      -802.9438374403    102002.7029850795
663000     -7792.4915359637        91.0170259302      -803.1049424257    102002.7029850795
664000     -7792.4787155664        91.0176049714      -803.3643274369    102002.7029850795
665000     -7792.5304424481        91.0177803072      -803.4415307283    102002.7029850795
666000     -7792.5283981100        91.0176084045      -803.4718538241    102002.7029850795
667000     -7792.4651877934        91.0224286683      -803.4188887851    102002.7029850795
668000     -7792.4319204486        91.0253417936      -803.3919991216    102002.7029850795
669000     -7792.4557189931        91.0226188229      -803.4808500853    102002.7029850795
670000     -7792.4870481475        91.0217908183      -803.6032515096    102002.7029850795
671000     -7792.5236561907        91.0188676115      -803.8298325276    102002.7029850795
672000     -7792.5474335290        91.0181663339      -803.7493948315    102002.7029850795
673000     -7792.5108960208        91.0220073561      -803.7516098749    102002.7029850795
674000     -7792.4644179605        91.0250597608      -803.5011752910    102002.7029850794
675000     -7792.4363109949        91.0264812474      -803.3665130629    102002.7029850794
676000     -7792.3524065082        91.0317704535      -803.4220597057    102002.7029850794
677000     -7792.3366060311        91.0334359706      -803.3859524241    102002.7029850794
678000     -7792.3484238477        91.0322130943      -803.4400924553    102002.7029850794
679000     -7792.4178268209        91.0276897943      -803.2786266606    102002.7029850794
680000     -7792.4270810269        91.0264869919      -802.9990537693    102002.7029850794
681000     -7792.5029296751        91.0216620467      -802.7098295823    102002.7029850794
682000     -7792.5126686264        91.0202041598      -802.5407574442    102002.7029850794
683000     -7792.4491356477        91.0215650553      -802.5061975876    102002.7029850794
684000     -7792.4785936375        91.0197362324      -802.3013385642    102002.7029850794
685000     -7792.3876178174        91.0207607174      -802.5202777151    102002.7029850794
686000     -7792.4264520725        91.0151734356      -802.5902986958    102002.7029850794
687000     -7792.3964061109        91.0158834447      -802.5281507043    102002.7029850794
688000     -7792.4015464599        91.0134509572      -802.4447111038    102002.7029850793
689000     -7792.3883845034        91.0128836262      -802.4347973579    102002.7029850793
690000     -7792.3633727938        91.0147472933      -802.5722436139    102002.7029850793
691000     -7792.3348955805        91.0168427880      -802.8245552506    102002.7029850793
692000     -7792.3321576336        91.0195957140      -802.8516844295    102002.7029850793
693000     -7792.3056915911        91.0196256065      -802.7692732275    102002.7029850793
694000     -7792.3218595802        91.0180940827      -802.7090713655    102002.7029850793
695000     -7792.3523805272        91.0170646523      -802.6039912928    102002.7029850793
696000     -7792.3510698620        91.0183951071      -802.5648455670    102002.7029850793
697000     -7792.3339638715        91.0201910152      -802.7046095857    102002.7029850793
698000     -7792.3655217123        91.0181652486      -802.7085877528    102002.7029850793
699000     -7792.3966240378        91.0170564508      -802.5417847219    102002.7029850793
700000     -7792.3921506463        91.0192353918      -802.4562345234    102002.7029850793
701000     -7792.4212221889        91.0156259732      -802.5904530018    102002.7029850793
702000     -7792.4444331769        91.0128186479      -802.7372168734    102002.7029850793
703000     -7792.4593783347        91.0117628327      -802.7384640201    102002.7029850793
704000     -7792.4750503357        91.0115794165      -802.8152861943    102002.7029850792
705000     -7792.4253165738        91.0146262747      -802.9405455786    102002.7029850792
706000     -7792.3973336445        91.0176582957      -802.8273516543    102002.7029850792
707000     -7792.4000685441        91.0175745451      -802.8431602916    102002.7029850792
708000     -7792.3835214511        91.0195790938      -802.8616543764    102002.7029850792
709000     -7792.3975010287        91.0171828618      -802.9627653837    102002.7029850792
710000     -7792.3974137567        91.0173020044      -803.2068692087    102002.7029850792
711000     -7792.4135196427        91.0177294319      -803.2336200472    102002.7029850792
712000     -7792.3733192836        91.0189876113      -803.0611204127    102002.7029850792
713000     -7792.3869767152        91.0181786396      -803.0811496409    102002.7029850792
714000     -7792.3601488507        91.0185335277      -803.0799995792    102002.7029850792
715000     -7792.3413481078        91.0195961658      -803.1869302721    102002.7029850792
716000     -7792.3296999508        91.0187350969      -803.2312890931    102002.7029850792
717000     -7792.3620549233        91.0165832367      -803.4454460411    102002.7029850792
718000     -7792.3361387040        91.0178697173      -803.3994408864    102002.7029850792
719000     -7792.3127102800        91.0189390553      -803.2133108981    102002.7029850792
720000     -7792.2851228424        91.0205689592      -803.2201251312    102002.7029850792
721000     -7792.2996359711        91.0180382673      -803.2864056189    102002.7029850792
722000     -7792.3003384368        91.0189098648      -803.2831099618    102002.7029850792
723000     -7792.3179826030        91.0167573801      -803.5615650117    102002.7029850792
724000     -7792.2968921882        91.0191868614      -803.6771414746    102002.7029850791
725000     -7792.3027276721        91.0187422728      -803.7734606309    102002.7029850791
726000     -7792.2810031702        91.0208325172      -803.8099505447    102002.7029850791
727000     -7792.2748174135        91.0213061516      -803.8847935451    102002.7029850791
728000     -7792.3063800896        91.0180123401      -803.9895194350    102002.7029850791
729000     -7792.3254623389        91.0165037831      -804.1097632518    102002.7029850791
730000     -7792.3374197079        91.0169594347      -804.2377847613    102002.7029850791
731000     -7792.3349746931        91.0178905987      -804.2848200724    102002.7029850791
732000     -7792.3311099310        91.0200049339      -804.1337930898    102002.7029850791
733000     -7792.3031832744        91.0232937149      -804.0830003718    102002.7029850791
734000     -7792.3440668842        91.0222412670      -804.0746427784    102002.7029850791
735000     -7792.3900617704        91.0195489962      -804.1877567386    102002.7029850791
736000     -7792.4049732147        91.0206090957      -804.3585586174    102002.7029850791
737000     -7792.4092087860        91.0201919376      -804.4969046512    102002.7029850791
738000     -7792.4509924191        91.0194184446      -804.5210079525    102002.7029850791
739000     -7792.5262098299        91.0149295805      -804.4803714357    102002.7029850791
740000     -7792.5406474505        91.0145767354      -804.5354992084    102002.7029850791
741000     -7792.5951624359        91.0125082709      -804.6185995450    102002.7029850791
742000     -7792.6324683750        91.0116513842      -804.7821875274    102002.7029850791
743000     -7792.6241896325        91.0122513018      -804.9641374105    102002.7029850791
744000     -7792.6807546960        91.0084369907      -804.9735047186    102002.7029850791
745000     -7792.7165607086        91.0069688003      -804.7641769330    102002.7029850791
746000     -7792.7436550016        91.0057654680      -804.7097143556    102002.7029850791
747000     -7792.7706714613        91.0048384251      -804.7850478989    102002.7029850791
748000     -7792.8020584053        91.0044128237      -804.6490326555    102002.7029850790
749000     -7792.8054857707        91.0065201746      -804.7178320898    102002.7029850790
750000     -7792.8178283049        91.0077862038      -805.0969218203    102002.7029850790
751000     -7792.8402780670        91.0069628708      -805.0058068151    102002.7029850790
752000     -7792.8918917579        91.0040718233      -804.8527382063    102002.7029850790
753000     -7792.8959165699        91.0049288486      -804.9336771444    102002.7029850790
754000     -7792.8585148383        91.0087970582      -804.8569867754    102002.7029850790
755000     -7792.8543911456        91.0101547716      -804.8404929967    102002.7029850790
756000     -7792.8499187403        91.0105090620      -805.0227689786    102002.7029850790
757000     -7792.8501360262        91.0118433535      -805.1577039330    102002.7029850790
758000     -7792.8524593006        91.0129082233      -805.2008328239    102002.7029850790
759000     -7792.8590133477        91.0133925831      -805.2641226205    102002.7029850790
760000     -7792.8533802884        91.0144387634      -805.2101925653    102002.7029850790
761000     -7792.8679022267        91.0136366517      -805.3033550648    102002.7029850790
762000     -7792.8473307857        91.0139493621      -805.4474969773    102002.7029850790
763000     -7792.8429894461        91.0151421662      -805.5205352622    102002.7029850790
764000     -7792.8260455540        91.0156420327      -805.5272315924    102002.7029850790
765000     -7792.8206354309        91.0147538131      -805.6140633406    102002.7029850790
766000     -7792.7937806172        91.0150829638      -805.5905392416    102002.7029850790
767000     -7792.7455368776        91.0183724023      -805.5066662997    102002.7029850790
768000     -7792.7460265595        91.0190192021      -805.5028148083    102002.7029850790
769000     -7792.7223079938        91.0184282191      -805.6878673413    102002.7029850790
770000     -7792.7406614908        91.0186160054      -805.7099248782    102002.7029850790
771000     -7792.7358399390        91.0199213784      -805.7551923483    102002.7029850790
772000     -7792.7183820920        91.0202469784      -805.9152424685    102002.7029850790
773000     -7792.7111913722        91.0212353879      -805.9091458561    102002.7029850790
774000     -7792.7115555505        91.0215776600      -805.9621497777    102002.7029850790
775000     -7792.7427134762        91.0193089594      -806.1476055727    102002.7029850790
776000     -7792.7812006011        91.0173691448      -806.2794234443    102002.7029850790
777000     -7792.8180295987        91.0151859157      -806.3874784197    102002.7029850789
778000     -7792.7885430304        91.0186189339      -806.3441004485    102002.7029850789
779000     -7792.8193967967        91.0184745388      -806.3465845827    102002.7029850789
780000     -7792.8420086588        91.0173769902      -806.4847699804    102002.7029850789
781000     -7792.8195529443        91.0183838678      -806.6163559515    102002.7029850789
782000     -7792.8024441449        91.0196628287      -806.8532868116    102002.7029850789
783000     -7792.8057485057        91.0191891481      -806.9292383612    102002.7029850789
784000     -7792.8073708917        91.0197508181      -806.9756532317    102002.7029850789
785000     -7792.7763023432        91.0198902401      -807.1435795725    102002.7029850789
786000     -7792.7922065715        91.0200422361      -806.9693756771    102002.7029850789
787000     -7792.7525733297        91.0216095460      -807.1676158668    102002.7029850789
788000     -7792.7541692817        91.0208654782      -807.3435706823    102002.7029850789
789000     -7792.7413536044        91.0213011959      -807.4790462065    102002.7029850789
790000     -7792.7430031988        91.0194491619      -807.5294318961    102002.7029850789
791000     -7792.7698620849        91.0186826032      -807.5992751529    102002.7029850789
792000     -7792.8194783166        91.0164677640      -807.5683630180    102002.7029850789
793000     -7792.8342339888        91.0160738071      -807.6993106081    102002.7029850789
794000     -7792.7938364365        91.0178364165      -807.8439535320    102002.7029850789
795000     -7792.7878369799        91.0187385587      -807.8992136885    102002.7029850789
796000     -7792.7485179167        91.0213124931      -807.9157309703    102002.7029850789
797000     -7792.7535360359        91.0213463210      -807.8670318216    102002.7029850789
798000     -7792.7641728440        91.0212990240      -807.7979127373    102002.7029850789
799000     -7792.7519951415        91.0220351140      -807.7719606643    102002.7029850789
800000     -7792.7776579919        91.0209736030      -807.6613710366    102002.7029850789
801000     -7792.8002052871        91.0209280938      -807.6971134752    102002.7029850789
802000     -7792.7990384585        91.0209338999      -807.7087034894    102002.7029850789
803000     -7792.8114462283        91.0208499812      -807.6575690359    102002.7029850789
804000     -7792.8285150659        91.0209726402      -807.5947678538    102002.7029850789
805000     -7792.8193078675        91.0219477237      -807.6821285061    102002.7029850789
806000     -7792.8192425377        91.0214410819      -807.6991961799    102002.7029850789
807000     -7792.7918238477        91.0232619572      -807.7772150645    102002.7029850789
808000     -7792.8019033726        91.0216913798      -807.9776941971    102002.7029850789
809000     -7792.8453995120        91.0189174132      -807.9264299926    102002.7029850789
810000     -7792.8590266208        91.0181173626      -808.0000506096    102002.7029850789
811000     -7792.8897936284        91.0160561169      -808.1008869852    102002.7029850789
812000     -7792.9087356155        91.0158724920      -808.0402998668    102002.7029850789
813000     -7792.8828220752        91.0184311601      -808.1030203312    102002.7029850789
814000     -7792.8877894513        91.0187458408      -808.2890295220    102002.7029850789
815000     -7792.8629853511        91.0202287827      -808.2607481110    102002.7029850788
816000     -7792.8377380670        91.0215802478      -808.1324863418    102002.7029850788
817000     -7792.8108098333        91.0222594328      -808.1855414878    102002.7029850788
818000     -7792.8067877890        91.0223427807      -808.0959431273    102002.7029850788
819000     -7792.7972434482        91.0216567982      -808.0981861652    102002.7029850788
820000     -7792.8240402296        91.0184388520      -808.2415507046    102002.7029850788
821000     -7792.8099223725        91.0182851745      -808.4762507003    102002.7029850788
822000     -7792.8299909319        91.0162903345      -808.5565394553    102002.7029850788
823000     -7792.8288613339        91.0161466639      -808.3666661007    102002.7029850788
824000     -7792.8268989742        91.0150623457      -808.4203778339    102002.7029850788
825000     -7792.8283323992        91.0142300707      -808.4120037769    102002.7029850788
826000     -7792.8167032724        91.0141760910      -808.3861851085    102002.7029850788
827000     -7792.7865827815        91.0170805714      -808.4835295694    102002.7029850788
828000     -7792.7870586565        91.0159794040      -808.5487247772    102002.7029850788
829000     -7792.7916674894        91.0150947699      -808.5740990282    102002.7029850788
830000     -7792.7763253228        91.0162851534      -808.4604626913    102002.7029850788
831000     -7792.7411836171        91.0177023200      -808.5311741552    102002.7029850788
832000     -7792.7447655426        91.0173166753      -808.6622682906    102002.7029850788
833000     -7792.7315480317        91.0187436835      -808.6083379284    102002.7029850788
834000     -7792.7464899445        91.0178032738      -808.5743997162    102002.7029850788
835000     -7792.7180932181        91.0206928567      -808.5466234453    102002.7029850788
836000     -7792.7117211573        91.0207368399      -808.5560187289    102002.7029850788
837000     -7792.7303526899        91.0192152491      -808.3977529631    102002.7029850788
838000     -7792.7178718658        91.0205186278      -808.2898902573    102002.7029850788
839000     -7792.7285630381        91.0205061511      -808.2490618864    102002.7029850788
840000     -7792.7669729160        91.0184828930      -808.2962208018    102002.7029850788
841000     -7792.7749034531        91.0182924672      -808.2370664529    102002.7029850788
842000     -7792.8002804504        91.0149487198      -808.1839367423    102002.7029850788
843000     -7792.8348176819        91.0141740880      -808.1157900011    102002.7029850788
844000     -7792.8362086544        91.0138989607      -808.0682867423    102002.7029850788
845000     -7792.8175430785        91.0151394247      -807.9798213679    102002.7029850788
846000     -7792.8296925878        91.0142073912      -807.9048591139    102002.7029850788
847000     -7792.7793155834        91.0170171656      -808.0793897392    102002.7029850788
848000     -7792.7637557386        91.0173273982      -808.1211093532    102002.7029850788
849000     -7792.7550252510        91.0176148874      -808.0452767643    102002.7029850788
850000     -7792.7287890495        91.0182408988      -808.1091171536    102002.7029850788
851000     -7792.6939345951        91.0202294759      -808.2014969886    102002.7029850788
852000     -7792.6830063433        91.0211867970      -808.1946360815    102002.7029850788
853000     -7792.6941944474        91.0197009934      -808.2225129209    102002.7029850788
854000     -7792.7045902954        91.0190204170      -808.2407131121    102002.7029850788
855000     -7792.6932894967        91.0193762366      -808.1332540081    102002.7029850788
856000     -7792.7299964709        91.0171872867      -807.9059806227    102002.7029850788
857000     -7792.7392523285        91.0163360024      -807.9094776607    102002.7029850788
858000     -7792.7553056616        91.0152844421      -807.9879953401    102002.7029850788
859000     -7792.7763891393        91.0143943214      -808.0716356170    102002.7029850788
860000     -7792.7563991064        91.0149217278      -808.1963100668    102002.7029850788
861000     -7792.7846409396        91.0140053056      -808.2322110734    102002.7029850788
862000     -7792.8108879431        91.0124073542      -808.2209982754    102002.7029850788
863000     -7792.7984423804        91.0132447529      -808.2907205312    102002.7029850788
864000     -7792.8280093679        91.0112738675      -808.2719322963    102002.7029850788
865000     -7792.8421422606        91.0107879294      -808.2448612968    102002.7029850788
866000     -7792.8368965913        91.0107715250      -808.4397506344    102002.7029850788
867000     -7792.8482019192        91.0099799364      -808.4356342090    102002.7029850788
868000     -7792.8674677067        91.0092111948      -808.3611769639    102002.7029850788
869000     -7792.8651077800        91.0083845217      -808.4054700450    102002.7029850788
870000     -7792.8683065161        91.0070844686      -808.4168473493    102002.7029850787
871000     -7792.8408475147        91.0076635596      -808.4227751244    102002.7029850787
872000     -7792.8091614906        91.0095694180      -808.5268212145    102002.7029850787
873000     -7792.7930942171        91.0102232503      -808.5809694535    102002.7029850787
874000     -7792.7844075589        91.0099992631      -808.6208923464    102002.7029850787
875000     -7792.7854038717        91.0090931752      -808.6773487863    102002.7029850787
876000     -7792.8127203050        91.0066984855      -808.6330427158    102002.7029850787
877000     -7792.8085079382        91.0068379867      -808.6760769149    102002.7029850787
878000     -7792.7805739074        91.0081861110      -808.6842924812    102002.7029850787
879000     -7792.7848750517        91.0080375583      -808.6933513368    102002.7029850787
880000     -7792.7679509322        91.0088250539      -808.7582018763    102002.7029850787
881000     -7792.7792155261        91.0068661902      -808.7450060497    102002.7029850787
882000     -7792.7731861426        91.0058662211      -808.6384155172    102002.7029850787
883000     -7792.7566234457        91.0059774477      -808.5703974075    102002.7029850787
884000     -7792.7452323823        91.0068113339      -808.5205650510    102002.7029850787
885000     -7792.7315375596        91.0078806929      -808.5274462538    102002.7029850787
886000     -7792.7211548563        91.0085383189      -808.6066582583    102002.7029850787
887000     -7792.7162719946        91.0089984432      -808.6944378983    102002.7029850787
888000     -7792.7137983813        91.0090049842      -808.7222866208    102002.7029850787
889000     -7792.7011174964        91.0087853243      -808.7270298561    102002.7029850787
890000     -7792.6770558704        91.0097050378      -808.7152102415    102002.7029850787
891000     -7792.6763651900        91.0095205289      -808.8003810003    102002.7029850787
892000     -7792.6822661086        91.0099981858      -808.8736453527    102002.7029850787
893000     -7792.7058839735        91.0081775182      -808.8722829707    102002.7029850787
894000     -7792.7123733501        91.0083653629      -808.8969660449    102002.7029850787
895000     -7792.7017337366        91.0091919488      -808.9915926351    102002.7029850787
896000     -7792.7121046781        91.0083256717      -808.9032563020    102002.7029850787
897000     -7792.7030002431        91.0091670052      -808.8356010424    102002.7029850787
898000     -7792.7030876479        91.0103535207      -808.8446759503    102002.7029850787
899000     -7792.6994021480        91.0107832000      -808.8536258006    102002.7029850787
900000     -7792.7076010509        91.0089924140      -808.8228949278    102002.7029850787
901000     -7792.7425342125        91.0069070269      -808.8343752944    102002.7029850787
902000     -7792.7447474026        91.0078468099      -808.7834976730    102002.7029850787
903000     -7792.7206189684        91.0097255728      -808.7062910237    102002.7029850787
904000     -7792.7298949043        91.0093984009      -808.6825312941    102002.7029850787
905000     -7792.7479553260        91.0085890955      -808.6549175099    102002.7029850787
906000     -7792.7466716421        91.0095078614      -808.6194623652    102002.7029850787
907000     -7792.7389387638        91.0106426256      -808.6157144679    102002.7029850787
908000     -7792.7407199848        91.0126113483      -808.5274661837    102002.7029850787
909000     -7792.7645118011        91.0119418842      -808.3581444960    102002.7029850787
910000     -7792.7726044870        91.0118423801      -808.3037787131    102002.7029850787
911000     -7792.7750613168        91.0115821516      -808.2034311974    102002.7029850787
912000     -7792.7764027456        91.0126479105      -808.1115150472    102002.7029850787
913000     -7792.7640815363        91.0146661874      -808.0499409087    102002.7029850787
914000     -7792.7623665817        91.0155177715      -808.1302300041    102002.7029850787
915000     -7792.7876454097        91.0153488808      -808.0555509418    102002.7029850787
916000     -7792.7691860962        91.0170316908      -807.9703157529    102002.7029850787
917000     -7792.7606470000        91.0177418897      -807.9200765957    102002.7029850787
918000     -7792.7912629471        91.0166856236      -807.9078108394    102002.7029850787
919000     -7792.8193760390        91.0161390656      -807.7905888406    102002.7029850787
920000     -7792.8064014898        91.0172897671      -807.7550074464    102002.7029850787
921000     -7792.8227204551        91.0169846829      -807.7288735948    102002.7029850787
922000     -7792.8284036890        91.0176190056      -807.6355761305    102002.7029850787
923000     -7792.8363989862        91.0184115266      -807.5116198179    102002.7029850787
924000     -7792.8319388291        91.0194601932      -807.4854984116    102002.7029850787
925000     -7792.8167134883        91.0204553027      -807.5345462196    102002.7029850787
926000     -7792.8194967337        91.0202996007      -807.5736643027    102002.7029850787
927000     -7792.7989883276        91.0223606785      -807.5068966407    102002.7029850786
928000     -7792.7830380694        91.0240360051      -807.4528110717    102002.7029850786
929000     -7792.7797317358        91.0257254038      -807.2989346393    102002.7029850786
930000     -7792.7827579143        91.0258680280      -807.3130160352    102002.7029850786
931000     -7792.7952879314        91.0258809857      -807.2708807467    102002.7029850786
932000     -7792.8085423158        91.0258605377      -807.2361449023    102002.7029850786
933000     -7792.8240815968        91.0247837254      -807.2045829447    102002.7029850786
934000     -7792.8593827698        91.0227396112      -807.1612659746    102002.7029850786
935000     -7792.8740298581        91.0224439929      -807.0791090868    102002.7029850786
936000     -7792.8846570562        91.0227381675      -807.0461804510    102002.7029850786
937000     -7792.9066067447        91.0220804870      -807.0673996293    102002.7029850786
938000     -7792.9428443658        91.0200320147      -807.0546511954    102002.7029850786
939000     -7792.9464774614        91.0202971651      -807.0898180993    102002.7029850786
940000     -7792.9874521551        91.0175390105      -807.1268855044    102002.7029850786
941000     -7792.9944865846        91.0170360933      -807.1368321377    102002.7029850786
942000     -7793.0043033842        91.0173848849      -807.1905624930    102002.7029850786
943000     -7793.0089442492        91.0175064312      -807.2139466698    102002.7029850786
944000     -7793.0054543530        91.0186903331      -807.2625514887    102002.7029850786
945000     -7793.0008077604        91.0190901198      -807.2297571374    102002.7029850786
946000     -7793.0189596221        91.0189960700      -807.2246819453    102002.7029850786
947000     -7793.0511687927        91.0178305662      -807.2409474504    102002.7029850786
948000     -7793.0773893453        91.0173834804      -807.2305015085    102002.7029850786
949000     -7793.1041346167        91.0157550426      -807.1391389402    102002.7029850786
950000     -7793.1022167957        91.0169528300      -807.0645524847    102002.7029850786
951000     -7793.0978456096        91.0182560824      -806.9965067034    102002.7029850786
952000     -7793.0938634019        91.0183473768      -807.0583250116    102002.7029850786
953000     -7793.1066426878        91.0187332636      -807.0700342269    102002.7029850786
954000     -7793.1070461015        91.0189632273      -807.0706614745    102002.7029850786
955000     -7793.1196835694        91.0198499430      -807.0014760680    102002.7029850786
956000     -7793.1586490866        91.0184124531      -806.9511628330    102002.7029850786
957000     -7793.1660231488        91.0188127470      -806.9398271123    102002.7029850786
958000     -7793.1725070983        91.0198659095      -806.9409154160    102002.7029850786
959000     -7793.2145005046        91.0188755338      -806.9927635610    102002.7029850786
960000     -7793.2507321983        91.0180750768      -807.0432350047    102002.7029850786
961000     -7793.2661452528        91.0188481016      -807.0545882538    102002.7029850786
962000     -7793.2728398891        91.0198054539      -807.0338420205    102002.7029850786
963000     -7793.2752699571        91.0207360988      -807.0205359805    102002.7029850786
964000     -7793.3006203801        91.0196294324      -807.0470845016    102002.7029850786
965000     -7793.3193824798        91.0188545503      -807.1582066413    102002.7029850786
966000     -7793.3539604640        91.0174452729      -807.1272842375    102002.7029850786
967000     -7793.3722722723        91.0170577194      -807.0758056894    102002.7029850786
968000     -7793.4006680140        91.0163619178      -807.0198049774    102002.7029850786
969000     -7793.4140586581        91.0162938575      -806.9957330542    102002.7029850786
970000     -7793.4381124306        91.0148589414      -806.9272742583    102002.7029850786
971000     -7793.4846933377        91.0127610628      -806.9104241904    102002.7029850786
972000     -7793.5077424805        91.0125310305      -807.0239789873    102002.7029850786
973000     -7793.5178643325        91.0131533394      -807.1070579381    102002.7029850786
974000     -7793.5235237666        91.0143447949      -807.0379597830    102002.7029850786
975000     -7793.5350773695        91.0151595126      -807.0896799980    102002.7029850786
976000     -7793.5330762305        91.0166567051      -807.0792594519    102002.7029850786
977000     -7793.5699203100        91.0160958222      -806.9947477568    102002.7029850786
978000     -7793.5896206939        91.0164388536      -807.1143922257    102002.7029850786
979000     -7793.6339754955        91.0146784245      -807.1111792418    102002.7029850786
980000     -7793.6471628539        91.0154211326      -807.0499340624    102002.7029850786
981000     -7793.6654449177        91.0151090746      -806.9761114546    102002.7029850786
982000     -7793.6732612007        91.0148520983      -806.8895668191    102002.7029850786
983000     -7793.6540925589        91.0158163351      -806.8685587501    102002.7029850786
984000     -7793.6676510034        91.0149546142      -806.8780205376    102002.7029850786
985000     -7793.6613243432        91.0158317416      -806.8337194519    102002.7029850786
986000     -7793.6698235671        91.0153440130      -806.7549271528    102002.7029850786
987000     -7793.6794939475        91.0150307679      -806.7146865922    102002.7029850786
988000     -7793.6952345205        91.0140784367      -806.6658156008    102002.7029850786
989000     -7793.7238666520        91.0127023418      -806.5584552832    102002.7029850786
990000     -7793.7376876466        91.0118084749      -806.5150844064    102002.7029850786
991000     -7793.7628394844        91.0100848169      -806.5003789055    102002.7029850786
992000     -7793.7642168659        91.0104433271      -806.4796924426    102002.7029850786
993000     -7793.7691660079        91.0107904241      -806.4540666070    102002.7029850786
994000     -7793.7711597333        91.0107310123      -806.4977117159    102002.7029850786
995000     -7793.7696340914        91.0113434630      -806.5078253254    102002.7029850786
996000     -7793.7450974162        91.0130445026      -806.4002267081    102002.7029850786
997000     -7793.7410780956        91.0135410253      -806.4155304754    102002.7029850786
998000     -7793.7282783415        91.0145043614      -806.4207274558    102002.7029850786
999000     -7793.7315269311        91.0144537693      -806.3688727030    102002.7029850786
1000000     -7793.7486489393        91.0134093503      -806.2696036296    102002.7029850786
