# Time-averaged data for fix runningavgs
# TimeStep v_ra_etotal v_ra_temp v_ra_press v_ra_volume
502000     -6852.8499288995       109.4622334805      -695.6904114178    102002.7029850792
503000     -6847.4955170149       109.7117234248      -693.4437192486    102002.7029850792
504000     -6842.9605554705       110.0533129151      -695.4421993663    102002.7029850792
505000     -6841.5384966069       110.0906898610      -680.0666994279    102002.7029850792
506000     -6841.4779855834       110.1126460003      -680.9395983520    102002.7029850792
507000     -6839.2484034318       110.3185127459      -683.7963275549    102002.7029850792
508000     -6839.2238258307       110.3416532212      -680.7390631634    102002.7029850792
509000     -6838.8486696466       110.3851039450      -681.7818315679    102002.7029850792
510000     -6838.9091493415       110.3334187325      -685.6826838832    102002.7029850792
511000     -6838.8142818651       110.3268625127      -687.6194837687    102002.7029850792
512000     -6839.0468155076       110.3060625521      -684.5157727900    102002.7029850792
513000     -6839.2982463989       110.2898311274      -684.1547028149    102002.7029850792
514000     -6839.9131073327       110.2366339669      -682.0990175382    102002.7029850792
515000     -6840.1511388368       110.2274003103      -684.0661935079    102002.7029850792
516000     -6840.6605649480       110.2048718861      -685.0572623813    102002.7029850792
517000     -6840.9281637703       110.1841772942      -689.8983362614    102002.7029850792
518000     -6841.0240460474       110.1824679164      -691.0227805046    102002.7029850792
519000     -6840.5888519295       110.2171838566      -691.3734649231    102002.7029850792
520000     -6841.0058563499       110.1831736624      -688.4193245290    102002.7029850792
521000     -6841.7148832997       110.1269217012      -688.1423708976    102002.7029850792
522000     -6841.7033528932       110.1222903696      -689.5052656055    102002.7029850792
523000     -6841.6133030818       110.1362561443      -689.3403515855    102002.7029850792
524000     -6841.2835234075       110.1578634459      -691.1725685139    102002.7029850792
525000     -6841.7249505066       110.1267015238      -690.2041604613    102002.7029850792
526000     -6841.8670028608       110.1178954666      -688.7802884751    102002.7029850792
527000     -6841.5037508194       110.1434840693      -686.8787369424    102002.7029850792
528000     -6841.7934480054       110.1168255113      -685.5018567639    102002.7029850792
529000     -6841.6098987358       110.1069903982      -683.3101831006    102002.7029850792
530000     -6841.7703633493       110.0889796029      -682.6955616855    102002.7029850792
531000     -6841.4281181630       110.1100255664      -681.9855886023    102002.7029850792
532000     -6841.0646969914       110.1355299713      -681.0684164402    102002.7029850792
533000     -6841.2130192750       110.1247650640      -679.9700666412    102002.7029850792
534000     -6841.0631079240       110.1489449728      -678.8135649305    102002.7029850792
535000     -6841.0876675839       110.1523962269      -678.4962488405    102002.7029850792
536000     -6841.0548915465       110.1512950189      -678.1040326805    102002.7029850792
537000     -6840.9364542093       110.1558489956      -678.8085314132    102002.7029850792
538000     -6840.7150093026       110.1788498710      -678.7187416752    102002.7029850792
539000     -6840.5214695993       110.1888833331      -677.2833629117    102002.7029850791
540000     -6840.6222885123       110.1717335973      -676.1093882904    102002.7029850791
541000     -6840.7746294067       110.1583743613      -676.1623531762    102002.7029850791
542000     -6840.9534821176       110.1479835676      -676.3222038944    102002.7029850791
543000     -6840.6437909145       110.1684180120      -676.7847192474    102002.7029850791
544000     -6840.5562475232       110.1736882459      -677.1624938418    102002.7029850791
545000     -6840.5429786038       110.1783019410      -676.8731047115    102002.7029850791
546000     -6840.7282455572       110.1679156866      -676.4770155753    102002.7029850791
547000     -6840.8965645283       110.1506931032      -675.8182045860    102002.7029850791
548000     -6841.0888076561       110.1411959472      -675.2144928345    102002.7029850791
549000     -6841.2397231734       110.1379364355      -676.0914135492    102002.7029850791
550000     -6841.3126445734       110.1249937845      -676.8513993035    102002.7029850791
551000     -6841.2999718304       110.1297089385      -677.4000564641    102002.7029850791
552000     -6841.3163202129       110.1314652636      -677.7854470632    102002.7029850791
553000     -6841.3185675516       110.1274604659      -677.8664202086    102002.7029850791
554000     -6841.1185178515       110.1484615237      -677.5509158521    102002.7029850791
555000     -6841.3140144443       110.1338469546      -676.8850481293    102002.7029850791
556000     -6841.5090776041       110.1198065246      -676.6791457020    102002.7029850791
557000     -6841.6688947606       110.1084433544      -677.6274547442    102002.7029850791
558000     -6841.5515279511       110.1207199522      -677.5799786494    102002.7029850791
559000     -6841.6286638304       110.1206338004      -677.2490531713    102002.7029850791
560000     -6841.8259797879       110.1024552398      -677.2191502016    102002.7029850791
561000     -6841.9150268582       110.0939670251      -676.6322624018    102002.7029850791
562000     -6842.0638057696       110.0808294757      -675.4419056401    102002.7029850791
563000     -6842.2074770938       110.0691725576      -676.5296488161    102002.7029850791
564000     -6842.2950096711       110.0587293256      -678.0998556533    102002.7029850791
565000     -6842.4446075722       110.0475287953      -677.5535165123    102002.7029850791
566000     -6842.5593821059       110.0355718591      -677.8887813613    102002.7029850791
567000     -6842.5897284542       110.0300594844      -677.7858854333    102002.7029850791
568000     -6842.8184375509       110.0112917792      -677.5742074607    102002.7029850791
569000     -6842.9165729239       110.0087902461      -677.6516326092    102002.7029850791
570000     -6842.7595934063       110.0256742965      -679.1377060633    102002.7029850791
571000     -6842.7274670241       110.0294200266      -679.6193770047    102002.7029850791
572000     -6842.8055571365       110.0275949792      -680.2205872356    102002.7029850791
573000     -6842.7439551870       110.0396525082      -680.8319941818    102002.7029850791
574000     -6842.6747073338       110.0499535553      -680.7671886129    102002.7029850791
575000     -6842.6156612714       110.0613291718      -680.5677681280    102002.7029850791
576000     -6842.5990060275       110.0617227555      -681.0757325180    102002.7029850791
577000     -6842.4390357082       110.0736879703      -680.8720974901    102002.7029850791
578000     -6842.4534806972       110.0737758046      -680.9581357733    102002.7029850791
579000     -6842.3040728773       110.0859377446      -681.3015045803    102002.7029850791
580000     -6842.3269723142       110.0855799219      -680.8505160990    102002.7029850791
581000     -6842.4079619277       110.0816493707      -680.4990304731    102002.7029850791
582000     -6842.4291587754       110.0819605807      -680.6538857935    102002.7029850791
583000     -6842.4144611505       110.0844592212      -680.5385687236    102002.7029850791
584000     -6842.4392706791       110.0827791551      -680.3279114621    102002.7029850791
585000     -6842.4600441392       110.0835709922      -679.5447332042    102002.7029850791
586000     -6842.5009585262       110.0801274192      -679.7223415317    102002.7029850791
587000     -6842.6072354426       110.0699860616      -679.4957148960    102002.7029850791
588000     -6842.7171177268       110.0612087290      -678.8927501756    102002.7029850791
589000     -6842.8422688389       110.0532517117      -679.6763812861    102002.7029850791
590000     -6842.9411502668       110.0414976640      -680.0835453536    102002.7029850791
591000     -6842.9029667161       110.0457971766      -680.1472743128    102002.7029850792
592000     -6842.7728742720       110.0567696759      -680.0551684254    102002.7029850792
593000     -6842.8046517887       110.0535007546      -680.0229018593    102002.7029850792
594000     -6842.9522180854       110.0374311173      -679.8404090021    102002.7029850792
595000     -6842.9201388298       110.0404842172      -679.8861983311    102002.7029850792
596000     -6842.8560489074       110.0437882713      -680.1910041020    102002.7029850792
597000     -6842.9267411877       110.0359209260      -680.5956027353    102002.7029850792
598000     -6842.9341560491       110.0330845079      -680.5436720362    102002.7029850792
599000     -6843.0147521180       110.0253581924      -680.6934964042    102002.7029850792
600000     -6843.0741212114       110.0210260743      -680.2225721470    102002.7029850792
601000     -6843.2140298157       110.0117836064      -680.0931123483    102002.7029850792
602000     -6843.3080208103       110.0030754934      -680.2453124734    102002.7029850792
603000     -6843.3439085243       110.0025410404      -680.4019227276    102002.7029850792
604000     -6843.3531711793       110.0001010436      -679.9440177536    102002.7029850793
605000     -6843.4095237493       109.9932842307      -679.6529742668    102002.7029850793
606000     -6843.4833361394       109.9860346039      -679.4452610897    102002.7029850793
607000     -6843.4515561320       109.9857347140      -679.6242750594    102002.7029850793
608000     -6843.4292175757       109.9908411895      -679.5497706329    102002.7029850793
609000     -6843.3510178935       110.0002528589      -679.7955867643    102002.7029850793
610000     -6843.3208710043       110.0054225813      -679.7959264482    102002.7029850793
611000     -6843.3472470111       110.0072697722      -679.8847435705    102002.7029850793
612000     -6843.3255997869       110.0112886028      -679.6334159178    102002.7029850793
613000     -6843.3459406756       110.0108739252      -679.0975051642    102002.7029850793
614000     -6843.4197397392       110.0049047495      -678.8274460330    102002.7029850793
615000     -6843.5061737963       109.9981680196      -678.9767368712    102002.7029850793
616000     -6843.4917999483       110.0020974479      -679.4640901584    102002.7029850793
617000     -6843.5307316383       110.0027743383      -679.8025622336    102002.7029850793
618000     -6843.5881486060       109.9970497382      -679.3645684233    102002.7029850793
619000     -6843.5817316710       109.9986633676      -679.3847901644    102002.7029850793
620000     -6843.6359600284       109.9972330705      -679.0248394865    102002.7029850793
621000     -6843.6621518577       109.9950994043      -678.9625431122    102002.7029850793
622000     -6843.7396494716       109.9902174725      -679.3321045521    102002.7029850794
623000     -6843.7391738337       109.9909092699      -679.7303143846    102002.7029850794
624000     -6843.6559739117       109.9970282475      -679.4140367408    102002.7029850794
625000     -6843.6180012806       110.0032911614      -679.2347913781    102002.7029850794
626000     -6843.5955059875       110.0028490395      -679.0127664995    102002.7029850794
627000     -6843.5750071776       110.0045797455      -678.8673839153    102002.7029850794
628000     -6843.5490483310       110.0062314149      -679.1900196630    102002.7029850794
629000     -6843.4694152601       110.0135772060      -679.3492086581    102002.7029850794
630000     -6843.5913296058       110.0056326797      -679.3876694779    102002.7029850794
631000     -6843.6085275977       110.0073408143      -679.3406983844    102002.7029850794
632000     -6843.5332617326       110.0123069761      -679.1402890197    102002.7029850794
633000     -6843.4629793206       110.0181641817      -679.0830943772    102002.7029850794
634000     -6843.4865031460       110.0173624966      -679.1508041942    102002.7029850794
635000     -6843.5208849727       110.0115579786      -679.1012060467    102002.7029850794
636000     -6843.5969062563       110.0038966489      -679.2525626855    102002.7029850794
637000     -6843.6083829915       110.0037213089      -679.4783844909    102002.7029850794
638000     -6843.5336360610       110.0102093418      -679.5921394930    102002.7029850794
639000     -6843.4798019380       110.0166963300      -679.4202562396    102002.7029850794
640000     -6843.5200193206       110.0124398926      -679.2732725869    102002.7029850794
641000     -6843.5746284569       110.0091959975      -679.0503834994    102002.7029850794
642000     -6843.5658123402       110.0104393734      -679.4104360408    102002.7029850794
643000     -6843.4536218564       110.0207630789      -679.5949863103    102002.7029850794
644000     -6843.4481664690       110.0210077146      -679.8902451394    102002.7029850794
645000     -6843.5447279484       110.0151238746      -680.0876043770    102002.7029850794
646000     -6843.5943756418       110.0110466531      -680.2729863678    102002.7029850795
647000     -6843.6275041943       110.0113682048      -680.2575641319    102002.7029850795
648000     -6843.6324838141       110.0102229247      -680.1570989771    102002.7029850795
649000     -6843.6274688913       110.0110751940      -680.2209532833    102002.7029850795
650000     -6843.6795820378       110.0031358511      -680.3232673348    102002.7029850795
651000     -6843.6830438304       110.0038001457      -680.2416020054    102002.7029850795
652000     -6843.7414487057       109.9978197268      -680.2956999723    102002.7029850795
653000     -6843.7096064565       110.0015228556      -680.4804632000    102002.7029850795
654000     -6843.6615616576       110.0067246873      -680.3958749969    102002.7029850795
655000     -6843.6882249483       110.0042541508      -680.3372388872    102002.7029850795
656000     -6843.6920743281       110.0032945640      -680.2257894741    102002.7029850795
657000     -6843.7205457047       110.0015344492      -679.9431790624    102002.7029850795
658000     -6843.7689481888       109.9983628313      -679.4692865511    102002.7029850795
659000     -6843.7801826205       109.9993942126      -679.3139893879    102002.7029850795
660000     -6843.8065793965       109.9957256502      -679.3345265771    102002.7029850795
661000     -6843.8582239458       109.9927172197      -679.4303000699    102002.7029850795
662000     -6843.8913805862       109.9883833348      -679.1511537345    102002.7029850795
663000     -6843.8531575723       109.9922523553      -679.1398823997    102002.7029850795
664000     -6843.8118915222       109.9964997823      -678.9403423704    102002.7029850795
665000     -6843.7672812401       110.0010476051      -678.7672814910    102002.7029850795
666000     -6843.7544085963       110.0020709459      -678.7918000748    102002.7029850795
667000     -6843.6886230397       110.0076360883      -678.8949489778    102002.7029850795
668000     -6843.6532904585       110.0101851795      -678.8558297259    102002.7029850795
669000     -6843.6602135482       110.0090651655      -679.1997359580    102002.7029850795
670000     -6843.7088593027       110.0053035748      -679.2960083140    102002.7029850795
671000     -6843.7445185238       110.0030095674      -679.3208596802    102002.7029850795
672000     -6843.6959598667       110.0055809334      -679.0323749797    102002.7029850795
673000     -6843.6249027960       110.0077517749      -678.8383076169    102002.7029850795
674000     -6843.6543563643       110.0055589659      -678.6823594135    102002.7029850794
675000     -6843.6543831387       110.0061145254      -679.1052766166    102002.7029850794
676000     -6843.7009331011       110.0014607151      -679.3614204388    102002.7029850794
677000     -6843.7430902125       109.9981266105      -679.5125890490    102002.7029850794
678000     -6843.7856067271       109.9947757440      -679.3494284921    102002.7029850794
679000     -6843.7904727974       109.9907763948      -679.4178810565    102002.7029850794
680000     -6843.7937022717       109.9900021179      -679.1261235069    102002.7029850794
681000     -6843.8368313240       109.9860940467      -679.0168668285    102002.7029850794
682000     -6843.8794739115       109.9806229850      -679.2235628282    102002.7029850794
683000     -6843.8668390603       109.9818439185      -679.4869428167    102002.7029850794
684000     -6843.9294024731       109.9756254395      -679.6652454809    102002.7029850794
685000     -6843.9473805689       109.9750767694      -679.4860615821    102002.7029850794
686000     -6843.9861344656       109.9712427433      -679.5101102377    102002.7029850794
687000     -6843.9212899005       109.9763165216      -679.2583445996    102002.7029850794
688000     -6843.9289182595       109.9769800743      -679.2117190191    102002.7029850793
689000     -6843.9713373111       109.9726219226      -679.4254599932    102002.7029850793
690000     -6843.9759242324       109.9720465967      -679.5218275006    102002.7029850793
691000     -6843.9739456338       109.9734507285      -679.4616252211    102002.7029850793
692000     -6843.9188788715       109.9778416735      -679.4914229952    102002.7029850793
693000     -6843.9014694818       109.9802472957      -679.7556999799    102002.7029850793
694000     -6843.8764178254       109.9832834884      -679.7773249229    102002.7029850793
695000     -6843.8547676630       109.9861084736      -680.0178486707    102002.7029850793
696000     -6843.8600060584       109.9843166449      -680.4008247427    102002.7029850793
697000     -6843.7757515961       109.9899922686      -680.5028846953    102002.7029850793
698000     -6843.7513119805       109.9918739045      -680.3813767513    102002.7029850793
699000     -6843.7125302412       109.9944680808      -680.2459153577    102002.7029850793
700000     -6843.7306989888       109.9923649479      -680.2431750570    102002.7029850793
701000     -6843.7947769240       109.9856142436      -680.4449455980    102002.7029850793
702000     -6843.7999318198       109.9851202391      -680.5135536359    102002.7029850793
703000     -6843.7692943855       109.9872713910      -680.7165969811    102002.7029850793
704000     -6843.7714792885       109.9881713876      -681.0943637650    102002.7029850792
705000     -6843.7589996285       109.9897363808      -681.1070265473    102002.7029850792
706000     -6843.7744322434       109.9882645622      -681.2605289479    102002.7029850792
707000     -6843.8436699385       109.9831021086      -681.2495430303    102002.7029850792
708000     -6843.8370218648       109.9830541516      -681.2428284202    102002.7029850792
709000     -6843.8096072095       109.9848352066      -681.3281220408    102002.7029850792
710000     -6843.8037668291       109.9846660515      -681.3784251379    102002.7029850792
711000     -6843.7892208566       109.9833906120      -681.3361259008    102002.7029850792
712000     -6843.6959181011       109.9904039363      -681.5921008113    102002.7029850792
713000     -6843.6997632512       109.9888834926      -681.6664152341    102002.7029850792
714000     -6843.7496733327       109.9829900320      -681.5713373084    102002.7029850792
715000     -6843.7432835548       109.9820360300      -681.6370238875    102002.7029850792
716000     -6843.7857491169       109.9766418698      -681.5925819615    102002.7029850792
717000     -6843.7527504543       109.9760745837      -681.5672177841    102002.7029850792
718000     -6843.6798550791       109.9808202933      -681.5901551450    102002.7029850792
719000     -6843.6741010341       109.9805581977      -681.4959024818    102002.7029850792
720000     -6843.6413320024       109.9821048949      -681.1129786895    102002.7029850792
721000     -6843.6464353176       109.9802000738      -681.0447487453    102002.7029850792
722000     -6843.6236006015       109.9812859645      -680.9876434985    102002.7029850792
723000     -6843.6271371275       109.9815041828      -680.7520230285    102002.7029850792
724000     -6843.5825926880       109.9835709651      -680.6182610268    102002.7029850791
725000     -6843.5367856075       109.9865348296      -680.4716652591    102002.7029850791
726000     -6843.5543259746       109.9853120567      -680.3476145423    102002.7029850791
727000     -6843.5190847944       109.9874617947      -680.0670864752    102002.7029850791
728000     -6843.5641898185       109.9832711928      -679.8593635331    102002.7029850791
729000     -6843.5428595929       109.9835595833      -679.7497575797    102002.7029850791
730000     -6843.5596293308       109.9825268323      -679.7342133242    102002.7029850791
731000     -6843.5649773718       109.9820635542      -679.7824790609    102002.7029850791
732000     -6843.5496901995       109.9841711842      -679.8125209152    102002.7029850791
733000     -6843.5782174950       109.9830103560      -679.7425376602    102002.7029850791
734000     -6843.5593713378       109.9837595595      -679.7210218353    102002.7029850791
735000     -6843.5482018888       109.9847651255      -679.5474566267    102002.7029850791
736000     -6843.4961006719       109.9887722528      -679.7095963107    102002.7029850791
737000     -6843.5157638437       109.9872738278      -679.7864873178    102002.7029850791
738000     -6843.5185478475       109.9869916502      -679.8629010651    102002.7029850791
739000     -6843.4873593129       109.9913619097      -679.8919452544    102002.7029850791
740000     -6843.5267001516       109.9876919187      -679.8169104173    102002.7029850791
741000     -6843.5435875969       109.9880218328      -679.7327082728    102002.7029850791
742000     -6843.5450355825       109.9888548690      -679.7358591234    102002.7029850791
743000     -6843.5230961968       109.9920123617      -679.8273439621    102002.7029850791
744000     -6843.5504834805       109.9905483123      -679.8553249036    102002.7029850791
745000     -6843.5747360633       109.9875051788      -680.0395902039    102002.7029850791
746000     -6843.5825944630       109.9868813921      -680.1032319841    102002.7029850791
747000     -6843.6325486216       109.9823154612      -680.2786115972    102002.7029850791
748000     -6843.6542950614       109.9803515472      -680.2039207887    102002.7029850790
749000     -6843.6461492000       109.9801116600      -680.2942789635    102002.7029850790
750000     -6843.6809934442       109.9784613876      -680.3062635553    102002.7029850790
751000     -6843.7049507269       109.9771326323      -680.1682702216    102002.7029850790
752000     -6843.7138714268       109.9759991892      -680.0649778796    102002.7029850790
753000     -6843.7486441601       109.9723679711      -679.9736003022    102002.7029850790
754000     -6843.7447327428       109.9729237092      -679.8206308162    102002.7029850790
755000     -6843.7268626778       109.9738899940      -679.7217653453    102002.7029850790
756000     -6843.7292275735       109.9755854428      -679.6318988588    102002.7029850790
757000     -6843.7206294147       109.9766717339      -679.6533682515    102002.7029850790
758000     -6843.7296318204       109.9742659837      -679.5552136885    102002.7029850790
759000     -6843.7388270280       109.9735164537      -679.5791561886    102002.7029850790
760000     -6843.7916070652       109.9700312564      -679.6040651112    102002.7029850790
761000     -6843.8198312589       109.9676560361      -679.6627277795    102002.7029850790
762000     -6843.8559326190       109.9641682730      -679.5139585273    102002.7029850790
763000     -6843.8462294827       109.9653178125      -679.3244703133    102002.7029850790
764000     -6843.8203246924       109.9664817831      -679.3075104658    102002.7029850790
765000     -6843.7947464658       109.9683862351      -679.3932079325    102002.7029850790
766000     -6843.7601631862       109.9727066247      -679.4479974081    102002.7029850790
767000     -6843.7769326069       109.9736023813      -679.6649487463    102002.7029850790
768000     -6843.7977624227       109.9712665684      -679.9545752538    102002.7029850790
769000     -6843.7793503339       109.9723673311      -680.1309701374    102002.7029850790
770000     -6843.7386890252       109.9766623335      -680.1179492209    102002.7029850790
771000     -6843.7000703255       109.9792274811      -680.3007395843    102002.7029850790
772000     -6843.6746756094       109.9820578206      -680.3705576975    102002.7029850790
773000     -6843.6449580143       109.9851340445      -680.2454224570    102002.7029850790
774000     -6843.6400529238       109.9872375772      -680.1995797618    102002.7029850790
775000     -6843.6427882481       109.9876940405      -680.1929751772    102002.7029850790
776000     -6843.6909072998       109.9849103963      -680.2190088013    102002.7029850790
777000     -6843.6789094831       109.9873045906      -680.1908845464    102002.7029850789
778000     -6843.7039676887       109.9859353303      -680.2188289172    102002.7029850789
779000     -6843.7486874518       109.9823120642      -680.2261372926    102002.7029850789
780000     -6843.7372543136       109.9833474169      -680.4776945919    102002.7029850789
781000     -6843.7125667592       109.9869534342      -680.5477599386    102002.7029850789
782000     -6843.7160407861       109.9881790153      -680.5336347153    102002.7029850789
783000     -6843.6818538247       109.9921732810      -680.8285861238    102002.7029850789
784000     -6843.6788229564       109.9924230731      -680.9158990883    102002.7029850789
785000     -6843.6799127561       109.9917645046      -680.9682799113    102002.7029850789
786000     -6843.6888925592       109.9896465560      -681.0791447404    102002.7029850789
787000     -6843.6881333382       109.9896285765      -681.1969062877    102002.7029850789
788000     -6843.7122498279       109.9877075357      -681.1139774614    102002.7029850789
789000     -6843.7190754107       109.9866091167      -681.2177799783    102002.7029850789
790000     -6843.6852676718       109.9871148200      -681.1310169148    102002.7029850789
791000     -6843.7214125092       109.9843208767      -681.0937788622    102002.7029850789
792000     -6843.7193275000       109.9845412623      -681.3259666205    102002.7029850789
793000     -6843.7358164989       109.9825674739      -681.2863329830    102002.7029850789
794000     -6843.7356226318       109.9822163479      -681.3897604156    102002.7029850789
795000     -6843.7528572935       109.9798101380      -681.6391129052    102002.7029850789
796000     -6843.7648699243       109.9785938461      -681.6717049935    102002.7029850789
797000     -6843.7870917483       109.9773180846      -681.5562220101    102002.7029850789
798000     -6843.7714488427       109.9788041294      -681.7800799745    102002.7029850789
799000     -6843.7677174414       109.9793311066      -681.8346859191    102002.7029850789
800000     -6843.7644648879       109.9800670440      -681.6362327675    102002.7029850789
801000     -6843.7780024052       109.9787507076      -681.7153293724    102002.7029850789
802000     -6843.7754866283       109.9775031349      -681.6594905766    102002.7029850789
803000     -6843.7868120033       109.9767905812      -681.5600151392    102002.7029850789
804000     -6843.7536914513       109.9798969565      -681.6338175766    102002.7029850789
805000     -6843.7789893831       109.9775066984      -681.7221487802    102002.7029850789
806000     -6843.8133225720       109.9740805395      -681.6892242619    102002.7029850789
807000     -6843.7882555161       109.9731542632      -681.5562570384    102002.7029850789
808000     -6843.7920672232       109.9734341520      -681.3253279484    102002.7029850789
809000     -6843.8040769401       109.9735111093      -681.2567385376    102002.7029850789
810000     -6843.7911913920       109.9728359133      -681.3050311902    102002.7029850789
811000     -6843.8204436424       109.9701340380      -681.1995349059    102002.7029850789
812000     -6843.8284579053       109.9704321325      -681.2382100980    102002.7029850789
813000     -6843.8077320138       109.9729955702      -681.2297943762    102002.7029850789
814000     -6843.8047744971       109.9731754552      -681.0974973926    102002.7029850789
815000     -6843.7648382226       109.9772585637      -681.0051236374    102002.7029850788
816000     -6843.7666314051       109.9772955188      -680.9880358841    102002.7029850788
817000     -6843.7524907661       109.9784339568      -680.9793157676    102002.7029850788
818000     -6843.7070620381       109.9818350686      -681.1055485583    102002.7029850788
819000     -6843.6953434679       109.9835523319      -681.2353520425    102002.7029850788
820000     -6843.6877939859       109.9852409090      -681.3313246801    102002.7029850788
821000     -6843.6657981058       109.9880635357      -681.4111543256    102002.7029850788
822000     -6843.6512709080       109.9894561871      -681.6136869927    102002.7029850788
823000     -6843.6417055459       109.9899071075      -681.5420959863    102002.7029850788
824000     -6843.6057554712       109.9934319801      -681.5782739761    102002.7029850788
825000     -6843.5948999318       109.9927034489      -681.7582505769    102002.7029850788
826000     -6843.5505941469       109.9960129349      -681.8489090271    102002.7029850788
827000     -6843.5413653701       109.9959737821      -681.8087441576    102002.7029850788
828000     -6843.5514977677       109.9938441393      -681.8436550954    102002.7029850788
829000     -6843.5534206544       109.9933690091      -681.9143168792    102002.7029850788
830000     -6843.5663756478       109.9912828936      -681.8728174260    102002.7029850788
831000     -6843.5938983074       109.9888643148      -681.7948033599    102002.7029850788
832000     -6843.6027269836       109.9882215191      -681.8224199760    102002.7029850788
833000     -6843.6027899341       109.9869018859      -681.6761331901    102002.7029850788
834000     -6843.6411535112       109.9844031452      -681.4290181742    102002.7029850788
835000     -6843.6337821962       109.9857877129      -681.4078846500    102002.7029850788
836000     -6843.6395745221       109.9857080471      -681.3222083258    102002.7029850788
837000     -6843.6478046099       109.9849859003      -681.0950221649    102002.7029850788
838000     -6843.6672164740       109.9831622280      -680.8948556861    102002.7029850788
839000     -6843.6907177765       109.9811673781      -680.8863747191    102002.7029850788
840000     -6843.6940303225       109.9810993433      -680.8958920319    102002.7029850788
841000     -6843.6730002536       109.9829670549      -680.8942004031    102002.7029850788
842000     -6843.6494580587       109.9848356585      -680.8070925643    102002.7029850788
843000     -6843.6476058264       109.9854289242      -680.7946204540    102002.7029850788
844000     -6843.6748632932       109.9837184205      -680.7105783309    102002.7029850788
845000     -6843.6813205372       109.9832919585      -680.6284348560    102002.7029850788
846000     -6843.7015755517       109.9825659642      -680.5336548717    102002.7029850788
847000     -6843.7047802718       109.9826042675      -680.5301029494    102002.7029850788
848000     -6843.6784951640       109.9855040948      -680.4608355543    102002.7029850788
849000     -6843.6664911240       109.9870768689      -680.3940645791    102002.7029850788
850000     -6843.6966513506       109.9843908136      -680.4929584631    102002.7029850788
851000     -6843.7144367134       109.9839859029      -680.5258188098    102002.7029850788
852000     -6843.7359567970       109.9817741781      -680.4435876706    102002.7029850788
853000     -6843.7831911385       109.9789522473      -680.3538130037    102002.7029850788
854000     -6843.8019552879       109.9780520667      -680.2401577834    102002.7029850788
855000     -6843.8190973093       109.9767333493      -680.2182609507    102002.7029850788
856000     -6843.8410290907       109.9748763797      -680.1032758659    102002.7029850788
857000     -6843.8430993988       109.9755127489      -680.0485919226    102002.7029850788
858000     -6843.8569046342       109.9748213062      -680.0081306539    102002.7029850788
859000     -6843.8699372595       109.9741524041      -680.0322904069    102002.7029850788
860000     -6843.8904284226       109.9724981069      -679.9850185985    102002.7029850788
861000     -6843.8693449467       109.9748944599      -679.9904696300    102002.7029850788
862000     -6843.8841523740       109.9746002326      -679.8915662725    102002.7029850788
863000     -6843.8973103783       109.9733245296      -679.8838977636    102002.7029850788
864000     -6843.9207955805       109.9706906413      -679.8831420525    102002.7029850788
865000     -6843.9100340566       109.9710566833      -679.7852491478    102002.7029850788
866000     -6843.9279190483       109.9702501595      -679.8153290452    102002.7029850788
867000     -6843.8934593535       109.9724257572      -679.7442244752    102002.7029850788
868000     -6843.8939914662       109.9723607386      -679.5670977421    102002.7029850788
869000     -6843.8939573061       109.9718730929      -679.4959549258    102002.7029850788
870000     -6843.8998174060       109.9719728543      -679.4717833007    102002.7029850787
871000     -6843.9202666099       109.9709688369      -679.2732559505    102002.7029850787
872000     -6843.9226102493       109.9709111273      -679.1454572386    102002.7029850787
873000     -6843.9289344605       109.9706524041      -679.1866280525    102002.7029850787
874000     -6843.9122702313       109.9725372021      -679.2146619194    102002.7029850787
875000     -6843.8913186087       109.9743459038      -679.2652284839    102002.7029850787
876000     -6843.8613879123       109.9771936447      -679.3535397227    102002.7029850787
877000     -6843.8591707128       109.9774551174      -679.4017447583    102002.7029850787
878000     -6843.8374022619       109.9792926896      -679.3903982544    102002.7029850787
879000     -6843.8590882931       109.9776907646      -679.4737563670    102002.7029850787
880000     -6843.8581940843       109.9766379406      -679.4505416985    102002.7029850787
881000     -6843.8774729925       109.9749549241      -679.4304021437    102002.7029850787
882000     -6843.8809116649       109.9750213438      -679.4687975888    102002.7029850787
883000     -6843.8779346231       109.9754581625      -679.5012815244    102002.7029850787
884000     -6843.8871766922       109.9753773387      -679.5068352012    102002.7029850787
885000     -6843.9128842225       109.9736925051      -679.5168800591    102002.7029850787
886000     -6843.9152207454       109.9729324842      -679.3463541067    102002.7029850787
887000     -6843.9180550618       109.9720578820      -679.3180270419    102002.7029850787
888000     -6843.9492065515       109.9687567307      -679.2814037477    102002.7029850787
889000     -6843.9343232423       109.9700810381      -679.4084543917    102002.7029850787
890000     -6843.9440093892       109.9704936809      -679.4595815399    102002.7029850787
891000     -6843.9782870381       109.9682550631      -679.4556867293    102002.7029850787
892000     -6843.9802817222       109.9684568408      -679.5900840313    102002.7029850787
893000     -6843.9466599806       109.9713598402      -679.4657800905    102002.7029850787
894000     -6843.9363744335       109.9717949362      -679.4728451460    102002.7029850787
895000     -6843.9316550705       109.9722701173      -679.4924592339    102002.7029850787
896000     -6843.9128520113       109.9746126077      -679.5377668446    102002.7029850787
897000     -6843.9163842983       109.9745259003      -679.4995276277    102002.7029850787
898000     -6843.9295503745       109.9718548894      -679.5309466149    102002.7029850787
899000     -6843.9503585983       109.9705102298      -679.4727046570    102002.7029850787
900000     -6843.9292486243       109.9719255099      -679.4910626232    102002.7029850787
901000     -6843.9053274839       109.9742755766      -679.5575984269    102002.7029850787
902000     -6843.8971715882       109.9747670682      -679.5375022112    102002.7029850787
903000     -6843.9025981629       109.9755525649      -679.5646794297    102002.7029850787
904000     -6843.9182053599       109.9745739689      -679.5535605871    102002.7029850787
905000     -6843.9417208163       109.9733074712      -679.4786924166    102002.7029850787
906000     -6843.9200226637       109.9750723249      -679.3871277658    102002.7029850787
907000     -6843.8888260544       109.9773503599      -679.3598824662    102002.7029850787
908000     -6843.8880729162       109.9782139222      -679.2777528099    102002.7029850787
909000     -6843.8813031105       109.9780576528      -679.2576871884    102002.7029850787
910000     -6843.8844691306       109.9779088432      -679.2494179477    102002.7029850787
911000     -6843.8840176125       109.9776270830      -679.2273357647    102002.7029850787
912000     -6843.8694544519       109.9785229405      -679.1547559534    102002.7029850787
913000     -6843.8753074611       109.9766676355      -679.1204885969    102002.7029850787
914000     -6843.8651230463       109.9783691000      -678.9672175959    102002.7029850787
915000     -6843.8427593608       109.9803411338      -678.8780387204    102002.7029850787
916000     -6843.8301659606       109.9806601254      -678.8591745408    102002.7029850787
917000     -6843.8254803022       109.9803780066      -678.7765814865    102002.7029850787
918000     -6843.8165522736       109.9797031149      -678.7081094196    102002.7029850787
919000     -6843.8164121253       109.9783115667      -678.5371205371    102002.7029850787
920000     -6843.8026876037       109.9784008850      -678.5095576687    102002.7029850787
921000     -6843.8091031193       109.9774542119      -678.5090377935    102002.7029850787
922000     -6843.7800891422       109.9802540569      -678.5479839415    102002.7029850787
923000     -6843.7938193449       109.9798122407      -678.5349530735    102002.7029850787
924000     -6843.8154658943       109.9787013157      -678.6645343487    102002.7029850787
925000     -6843.8381886246       109.9779883396      -678.7185517802    102002.7029850787
926000     -6843.8496670136       109.9777146681      -678.6256826451    102002.7029850787
927000     -6843.8587697148       109.9772313209      -678.6409494677    102002.7029850786
928000     -6843.8710775548       109.9759844902      -678.6296288251    102002.7029850786
929000     -6843.8845819818       109.9747887449      -678.5641057193    102002.7029850786
930000     -6843.8681859310       109.9764302448      -678.5125987855    102002.7029850786
931000     -6843.8656065002       109.9758901629      -678.4226379997    102002.7029850786
932000     -6843.8683554577       109.9758146005      -678.4031879466    102002.7029850786
933000     -6843.8725729481       109.9748534408      -678.2832457407    102002.7029850786
934000     -6843.8703889752       109.9748030722      -678.3320746497    102002.7029850786
935000     -6843.8802312509       109.9735978614      -678.3146108097    102002.7029850786
936000     -6843.9037989951       109.9711612430      -678.3786758269    102002.7029850786
937000     -6843.8937129726       109.9720632253      -678.3874511409    102002.7029850786
938000     -6843.9018644884       109.9716702191      -678.3664083033    102002.7029850786
939000     -6843.9142913984       109.9712457083      -678.4060717571    102002.7029850786
940000     -6843.9250789407       109.9699994020      -678.3809917872    102002.7029850786
941000     -6843.9038331063       109.9721765867      -678.2858990043    102002.7029850786
942000     -6843.8954719442       109.9725929275      -678.2458430084    102002.7029850786
943000     -6843.9013591787       109.9721155340      -678.3618293748    102002.7029850786
944000     -6843.9241451819       109.9703012931      -678.3636023368    102002.7029850786
945000     -6843.9388725361       109.9693082616      -678.3079067217    102002.7029850786
946000     -6843.9538863421       109.9681102992      -678.2252338115    102002.7029850786
947000     -6843.9536088006       109.9677302128      -678.1126690031    102002.7029850786
948000     -6843.9654735311       109.9665440727      -677.9417931259    102002.7029850786
949000     -6843.9654297390       109.9653348724      -677.8210921980    102002.7029850786
950000     -6843.9406752575       109.9664632224      -677.8065790348    102002.7029850786
951000     -6843.9149469449       109.9680076096      -677.7347449157    102002.7029850786
952000     -6843.9262443947       109.9674832572      -677.6917413622    102002.7029850786
953000     -6843.9342111953       109.9672161649      -677.6092618075    102002.7029850786
954000     -6843.9206503659       109.9688240651      -677.5681731417    102002.7029850786
955000     -6843.8925589972       109.9707379793      -677.5215624206    102002.7029850786
956000     -6843.8706187335       109.9719951983      -677.4427358634    102002.7029850786
957000     -6843.8618751803       109.9730528676      -677.3642058305    102002.7029850786
958000     -6843.8313590952       109.9752627678      -677.3771054452    102002.7029850786
959000     -6843.8185447205       109.9759536318      -677.4316612047    102002.7029850786
960000     -6843.8168591625       109.9759465396      -677.3860642971    102002.7029850786
961000     -6843.8000775503       109.9774001907      -677.3040619155    102002.7029850786
962000     -6843.7729642996       109.9799223194      -677.2826394009    102002.7029850786
963000     -6843.7682421314       109.9805265100      -677.1556991904    102002.7029850786
964000     -6843.7678165798       109.9805892825      -677.0362074538    102002.7029850786
965000     -6843.7852341314       109.9792375562      -676.9946915690    102002.7029850786
966000     -6843.7845534133       109.9795986733      -677.0988150156    102002.7029850786
967000     -6843.7679953147       109.9817778817      -677.1590423422    102002.7029850786
968000     -6843.7604538552       109.9831160790      -677.1979157212    102002.7029850786
969000     -6843.7705810940       109.9834981659      -677.2101721551    102002.7029850786
970000     -6843.7942530295       109.9816393000      -677.2093437458    102002.7029850786
971000     -6843.8044050184       109.9810159395      -677.1598793339    102002.7029850786
972000     -6843.8141698004       109.9808553061      -677.1455232642    102002.7029850786
973000     -6843.8270040053       109.9800888053      -677.3188318938    102002.7029850786
974000     -6843.8492469354       109.9785489167      -677.3834233372    102002.7029850786
975000     -6843.8622399499       109.9779275403      -677.3565366561    102002.7029850786
976000     -6843.8871701584       109.9761679192      -677.3239589374    102002.7029850786
977000     -6843.8877546674       109.9765244189      -677.2125401740    102002.7029850786
978000     -6843.8860905194       109.9760410461      -677.1774133081    102002.7029850786
979000     -6843.9180706325       109.9734891897      -677.1215044778    102002.7029850786
980000     -6843.9250448267       109.9730765160      -677.1720975369    102002.7029850786
981000     -6843.9428640738       109.9711445499      -677.1669709577    102002.7029850786
982000     -6843.9515285516       109.9706386649      -677.2423091419    102002.7029850786
983000     -6843.9480996432       109.9713167841      -677.2903638221    102002.7029850786
984000     -6843.9586210112       109.9710899781      -677.3761548368    102002.7029850786
985000     -6843.9418718381       109.9727608557      -677.3284937797    102002.7029850786
986000     -6843.9536758173       109.9719503416      -677.1920813267    102002.7029850786
987000     -6843.9793919268       109.9697679562      -677.2330321029    102002.7029850786
988000     -6843.9818410886       109.9690326535      -677.2727969816    102002.7029850786
989000     -6843.9902331281       109.9680237971      -677.1807312077    102002.7029850786
990000     -6844.0111699034       109.9664046507      -677.1725731212    102002.7029850786
991000     -6844.0159049012       109.9657066451      -677.1925957190    102002.7029850786
992000     -6844.0478806337       109.9638095848      -677.1211371240    102002.7029850786
993000     -6844.0676614210       109.9631153022      -677.1193599583    102002.7029850786
994000     -6844.0811693220       109.9624385054      -677.2434172164    102002.7029850786
995000     -6844.0971500306       109.9612286083      -677.2180045979    102002.7029850786
996000     -6844.0989929110       109.9610256234      -677.2482009125    102002.7029850786
997000     -6844.0854293335       109.9626019679      -677.2306065536    102002.7029850786
998000     -6844.0798806998       109.9635677700      -677.2281386231    102002.7029850786
999000     -6844.0752589236       109.9648212292      -677.2058574409    102002.7029850786
1000000     -6844.0778038868       109.9653984031      -677.2268512370    102002.7029850786
