# Time-averaged data for fix runningavgs
# TimeStep v_ra_etotal v_ra_temp v_ra_press v_ra_volume
502000     -9806.1137451568       129.7370234928       205.0928961442    102002.7029850792
503000     -9800.6446227927       130.0071710496       226.5013798426    102002.7029850792
504000     -9807.6649784008       129.5842222432       183.1795273723    102002.7029850792
505000     -9808.9576758983       129.5629339380       182.8464449276    102002.7029850792
506000     -9809.7000167498       129.5073189017       175.2981905163    102002.7029850792
507000     -9806.6215618901       129.5983349009       189.0765176896    102002.7029850792
508000     -9806.3272923637       129.5638416541       189.0808272222    102002.7029850792
509000     -9805.2407997207       129.6053002830       198.2455003506    102002.7029850792
510000     -9805.5969148937       129.6429133137       204.5412197904    102002.7029850792
511000     -9806.0251627048       129.6530557264       208.7247123595    102002.7029850792
512000     -9805.6776057725       129.6908063897       215.4116658500    102002.7029850792
513000     -9804.0125861570       129.7661509382       219.7684990294    102002.7029850792
514000     -9803.5081908265       129.7878363559       219.1636448582    102002.7029850792
515000     -9803.1721059070       129.8351925744       217.1615893618    102002.7029850792
516000     -9803.1623711341       129.8530523008       220.2547159408    102002.7029850792
517000     -9803.2122123167       129.8686399495       222.9536501949    102002.7029850792
518000     -9803.1771263093       129.8921297767       221.5409880731    102002.7029850792
519000     -9803.3283014947       129.9153190347       220.1185296297    102002.7029850792
520000     -9803.5447010545       129.9364728972       219.1170868610    102002.7029850792
521000     -9804.3009050633       129.9289431511       220.5002145002    102002.7029850792
522000     -9804.5807778115       129.9229669825       221.1698879410    102002.7029850792
523000     -9804.7536975886       129.9135084685       223.0302753540    102002.7029850792
524000     -9804.9026702654       129.9187642868       223.5666251683    102002.7029850792
525000     -9805.4632412975       129.9119282390       222.4213092707    102002.7029850792
526000     -9805.2555446669       129.9550449166       222.6554307695    102002.7029850792
527000     -9804.9237907501       129.9864072745       220.4064435739    102002.7029850792
528000     -9804.1332604547       130.0117025809       219.4536829837    102002.7029850792
529000     -9803.7960757677       130.0012855953       219.9608399427    102002.7029850792
530000     -9802.8731218991       130.0218585526       222.3523118397    102002.7029850792
531000     -9803.0577529366       130.0105318227       223.1872248547    102002.7029850792
532000     -9802.9868810807       130.0160216591       223.2604679198    102002.7029850792
533000     -9803.0257566776       130.0086326450       224.4438103170    102002.7029850792
534000     -9803.1187779404       130.0003336726       225.3459869755    102002.7029850792
535000     -9803.0107465600       129.9972983552       224.8852080408    102002.7029850792
536000     -9803.1353103095       129.9821496854       225.9900580121    102002.7029850792
537000     -9803.0787896053       129.9756505574       227.1089814248    102002.7029850792
538000     -9803.4116395201       129.9644059141       229.0010866220    102002.7029850792
539000     -9803.9273771634       129.9416956031       231.0927400810    102002.7029850791
540000     -9804.1303231706       129.9324623282       232.1780320409    102002.7029850791
541000     -9804.3795018901       129.9203368594       234.1454737703    102002.7029850791
542000     -9804.8567408159       129.9006307639       234.9887467313    102002.7029850791
543000     -9804.8431122682       129.9065024518       236.7482949178    102002.7029850791
544000     -9804.5896536505       129.9070694355       238.0918445655    102002.7029850791
545000     -9804.2394136281       129.9177559151       241.2431722028    102002.7029850791
546000     -9804.0377389460       129.9192528296       243.5000147519    102002.7029850791
547000     -9804.0140395046       129.9079572538       245.7088310635    102002.7029850791
548000     -9803.8156196724       129.9073058144       246.8743626218    102002.7029850791
549000     -9803.3769784555       129.9155882670       248.5269025033    102002.7029850791
550000     -9803.5233015347       129.9083836122       250.3435464781    102002.7029850791
551000     -9803.6925166029       129.8891563098       251.9808739297    102002.7029850791
552000     -9803.2595918646       129.9072657015       253.3449108566    102002.7029850791
553000     -9803.3196298973       129.8989708559       252.9105489895    102002.7029850791
554000     -9803.1252779063       129.9048332374       253.2203409237    102002.7029850791
555000     -9802.9232607194       129.9098643091       253.5083233319    102002.7029850791
556000     -9802.6889633645       129.9177654144       254.4848547960    102002.7029850791
557000     -9802.2339007487       129.9261904300       256.0997918162    102002.7029850791
558000     -9802.0840380080       129.9237514919       257.0773292611    102002.7029850791
559000     -9801.9063296921       129.9171839381       257.6069020284    102002.7029850791
560000     -9801.8366973490       129.9125165412       258.4503849855    102002.7029850791
561000     -9801.7608814397       129.9096946932       258.9001532552    102002.7029850791
562000     -9801.4857727218       129.9198247290       258.5886066406    102002.7029850791
563000     -9801.3981341652       129.9124867386       260.3269094553    102002.7029850791
564000     -9801.1786634421       129.9145638851       262.2742740730    102002.7029850791
565000     -9800.5821799125       129.9359261614       263.7581505625    102002.7029850791
566000     -9800.2643222678       129.9373247216       264.9442304723    102002.7029850791
567000     -9800.2790510797       129.9364033563       264.8515110982    102002.7029850791
568000     -9799.8886215684       129.9544649794       264.7379026719    102002.7029850791
569000     -9799.7227822362       129.9534551212       265.2844720538    102002.7029850791
570000     -9799.2631547483       129.9686720023       266.0064322648    102002.7029850791
571000     -9799.2646776070       129.9580100383       266.5196041515    102002.7029850791
572000     -9799.1289305593       129.9529529901       266.5634991551    102002.7029850791
573000     -9799.1599882968       129.9434187819       266.8023644357    102002.7029850791
574000     -9799.0564660546       129.9463491244       266.0025325367    102002.7029850791
575000     -9799.0056104406       129.9477546049       267.0206195821    102002.7029850791
576000     -9798.8607997936       129.9487613175       266.0231084100    102002.7029850791
577000     -9798.8584767627       129.9487142051       266.1205613404    102002.7029850791
578000     -9799.0503765495       129.9361933582       265.8394465707    102002.7029850791
579000     -9798.9741250474       129.9385661573       265.2948783437    102002.7029850791
580000     -9798.9288878364       129.9349584314       265.0637643719    102002.7029850791
581000     -9798.9126155165       129.9337574685       265.5910822692    102002.7029850791
582000     -9798.8543073530       129.9335772429       266.3544434509    102002.7029850791
583000     -9798.5774042973       129.9439166794       267.1952477232    102002.7029850791
584000     -9798.2444926599       129.9515455425       268.5642642518    102002.7029850791
585000     -9797.9973291842       129.9573907707       269.2734389344    102002.7029850791
586000     -9797.8713205474       129.9587105124       269.8027204503    102002.7029850791
587000     -9797.8350789252       129.9544636355       270.5341498372    102002.7029850791
588000     -9797.8038357350       129.9558319589       270.7081273134    102002.7029850791
589000     -9797.6194837678       129.9611141294       270.8231330651    102002.7029850791
590000     -9797.5454820681       129.9643616729       270.7027997102    102002.7029850791
591000     -9797.3680785440       129.9693023767       271.4464448138    102002.7029850792
592000     -9797.3568842624       129.9605940226       272.0966157000    102002.7029850792
593000     -9797.2306086574       129.9602719774       273.0294249064    102002.7029850792
594000     -9796.8994207447       129.9678178649       273.4522233738    102002.7029850792
595000     -9796.6110052836       129.9764237353       274.0163438926    102002.7029850792
596000     -9796.5869273606       129.9734779393       274.9459942987    102002.7029850792
597000     -9796.2291604801       129.9848403498       276.0481341219    102002.7029850792
598000     -9795.8571234258       129.9899304551       277.1699345944    102002.7029850792
599000     -9795.6077635612       129.9895733161       277.7130764585    102002.7029850792
600000     -9795.5613439086       129.9827683062       278.6033406244    102002.7029850792
601000     -9795.3584286832       129.9848719627       279.7710656646    102002.7029850792
602000     -9795.2501959056       129.9869632493       280.5459997216    102002.7029850792
603000     -9795.1845748057       129.9887570398       281.4615816744    102002.7029850792
604000     -9795.0402622469       129.9942988758       282.1336145066    102002.7029850793
605000     -9794.9420258182       129.9977046184       282.9721501761    102002.7029850793
606000     -9794.9160364534       129.9989535252       283.8137383819    102002.7029850793
607000     -9794.9844955953       129.9930057126       284.1164227115    102002.7029850793
608000     -9795.1139506448       129.9876469078       284.6061290543    102002.7029850793
609000     -9795.3274711473       129.9796023150       284.7840544681    102002.7029850793
610000     -9795.2892552465       129.9768855285       285.3044930860    102002.7029850793
611000     -9795.3448323100       129.9710936986       286.2062478702    102002.7029850793
612000     -9795.2233272018       129.9762959545       287.0019591025    102002.7029850793
613000     -9795.0906663161       129.9793925603       287.2029370571    102002.7029850793
614000     -9795.2191755669       129.9734284544       287.7254900208    102002.7029850793
615000     -9795.3240217488       129.9718835663       287.8119268167    102002.7029850793
616000     -9795.4458457323       129.9657156459       288.5222354298    102002.7029850793
617000     -9795.2658674552       129.9748354528       288.8600266709    102002.7029850793
618000     -9795.3737323756       129.9723004955       289.7079851192    102002.7029850793
619000     -9795.2160566570       129.9794940434       290.6795929701    102002.7029850793
620000     -9795.2145690391       129.9812866956       291.3085575189    102002.7029850793
621000     -9795.3157945309       129.9769836299       291.4233309542    102002.7029850793
622000     -9795.4089487699       129.9761506224       292.2411324714    102002.7029850794
623000     -9795.4298895010       129.9773578494       293.4659423037    102002.7029850794
624000     -9795.4532026112       129.9782950572       294.3661235501    102002.7029850794
625000     -9795.5036022253       129.9709412540       294.9582461159    102002.7029850794
626000     -9795.5126387546       129.9707998401       295.0420504547    102002.7029850794
627000     -9795.5360600519       129.9702371309       295.4406365133    102002.7029850794
628000     -9795.5130807886       129.9732112865       296.0134712031    102002.7029850794
629000     -9795.3894004968       129.9795591636       296.5611096118    102002.7029850794
630000     -9795.3764856873       129.9791730259       297.0663068825    102002.7029850794
631000     -9795.2638501613       129.9822603729       297.7171125404    102002.7029850794
632000     -9795.2162883493       129.9853880057       297.7846261766    102002.7029850794
633000     -9795.2981195841       129.9806866994       298.0935609783    102002.7029850794
634000     -9795.3240641132       129.9774228390       298.7155832477    102002.7029850794
635000     -9795.1921544903       129.9834949393       299.9821507071    102002.7029850794
636000     -9795.1409001673       129.9882621119       300.5881771648    102002.7029850794
637000     -9795.1918582861       129.9883426442       300.8061279659    102002.7029850794
638000     -9795.2510113450       129.9865973537       301.1543575154    102002.7029850794
639000     -9795.3386314339       129.9873272273       301.3046345958    102002.7029850794
640000     -9795.3224095302       129.9898900092       301.1926787790    102002.7029850794
641000     -9795.2895962394       129.9926366953       300.8572231971    102002.7029850794
642000     -9795.1878746802       129.9967040225       301.4861110582    102002.7029850794
643000     -9795.3177837491       129.9919266382       301.2116111104    102002.7029850794
644000     -9795.3907019206       129.9890714569       301.3199264996    102002.7029850794
645000     -9795.4685853364       129.9843911866       301.3639130402    102002.7029850794
646000     -9795.3901207647       129.9861634600       301.6411774531    102002.7029850795
647000     -9795.4879988449       129.9830420583       301.4582222605    102002.7029850795
648000     -9795.5995889158       129.9798354661       301.2463751150    102002.7029850795
649000     -9795.6581302070       129.9751848187       301.4747904659    102002.7029850795
650000     -9795.5936853586       129.9769661219       301.4523600736    102002.7029850795
651000     -9795.6674771199       129.9739864877       301.5995190710    102002.7029850795
652000     -9795.7076355062       129.9739828056       302.0726757290    102002.7029850795
653000     -9795.6007324019       129.9786366558       302.8022104997    102002.7029850795
654000     -9795.5960757228       129.9798038676       303.0095146152    102002.7029850795
655000     -9795.5770760509       129.9821510185       303.2882667468    102002.7029850795
656000     -9795.6830803496       129.9797490475       303.6074332256    102002.7029850795
657000     -9795.7030143053       129.9787742482       304.1178653562    102002.7029850795
658000     -9795.7299324391       129.9783665628       304.5364477863    102002.7029850795
659000     -9795.7321248342       129.9784131201       305.2371326686    102002.7029850795
660000     -9795.5950820918       129.9822657048       305.2791225848    102002.7029850795
661000     -9795.5909573564       129.9839520130       305.4275531818    102002.7029850795
662000     -9795.6377553877       129.9853778034       305.2418769331    102002.7029850795
663000     -9795.6241873399       129.9869760630       304.7208212370    102002.7029850795
664000     -9795.6013482373       129.9876692192       304.6064159282    102002.7029850795
665000     -9795.6390690867       129.9871396058       304.7180299378    102002.7029850795
666000     -9795.6138467951       129.9903257109       304.6015967228    102002.7029850795
667000     -9795.7096647722       129.9895167244       304.5304984854    102002.7029850795
668000     -9795.8195845794       129.9884194963       304.6127624905    102002.7029850795
669000     -9795.9561134820       129.9849237755       304.5900674075    102002.7029850795
670000     -9796.0416439637       129.9838855458       304.2834656333    102002.7029850795
671000     -9795.9947575570       129.9885354390       304.2664669263    102002.7029850795
672000     -9796.0094836371       129.9888644859       304.1576318476    102002.7029850795
673000     -9796.1579637434       129.9833543733       303.9216883612    102002.7029850795
674000     -9796.1720760154       129.9843125254       303.9653310873    102002.7029850794
675000     -9796.1992824721       129.9839391732       304.1864503307    102002.7029850794
676000     -9796.1912607482       129.9847874024       303.9754905387    102002.7029850794
677000     -9796.1288210866       129.9852613943       304.0262174132    102002.7029850794
678000     -9796.1034359350       129.9845505717       304.2664207692    102002.7029850794
679000     -9796.0212307408       129.9862588399       304.0492646036    102002.7029850794
680000     -9795.9898069151       129.9868203786       304.0474311168    102002.7029850794
681000     -9796.0693692957       129.9818064783       304.4301406412    102002.7029850794
682000     -9795.9229298404       129.9869224481       305.0707814271    102002.7029850794
683000     -9795.8212915413       129.9901873578       305.6717171831    102002.7029850794
684000     -9795.7954451719       129.9908898982       305.7891378811    102002.7029850794
685000     -9795.7914575521       129.9897922478       305.9417028322    102002.7029850794
686000     -9795.7938681128       129.9882655799       306.0992109719    102002.7029850794
687000     -9795.7341977678       129.9892521028       306.2686623907    102002.7029850794
688000     -9795.7235722122       129.9879403040       306.5667751889    102002.7029850793
689000     -9795.6713863542       129.9884068315       306.7495256907    102002.7029850793
690000     -9795.6286261354       129.9880691192       307.3118007220    102002.7029850793
691000     -9795.5597354082       129.9893402484       307.8638512724    102002.7029850793
692000     -9795.4717476596       129.9905157155       308.5104326468    102002.7029850793
693000     -9795.4408898918       129.9890618440       308.8116680155    102002.7029850793
694000     -9795.4491589436       129.9856479258       309.2374381690    102002.7029850793
695000     -9795.4513587341       129.9831937535       309.0415402993    102002.7029850793
696000     -9795.4510969133       129.9819247776       309.1693822030    102002.7029850793
697000     -9795.3936829341       129.9822096840       309.5200174326    102002.7029850793
698000     -9795.4418041871       129.9803440013       309.6944274957    102002.7029850793
699000     -9795.4041644115       129.9804126353       309.8775388045    102002.7029850793
700000     -9795.3237800870       129.9825019734       310.0743871905    102002.7029850793
701000     -9795.2792450374       129.9830615228       310.0197048658    102002.7029850793
702000     -9795.1525821461       129.9858282680       310.0690755968    102002.7029850793
703000     -9795.1414118844       129.9836738253       310.3859993181    102002.7029850793
704000     -9795.1777850429       129.9807020436       310.5354709331    102002.7029850792
705000     -9795.2075028771       129.9784810497       310.7740415719    102002.7029850792
706000     -9795.2784195443       129.9756025130       310.5851867746    102002.7029850792
707000     -9795.2220996124       129.9775589979       310.8088179287    102002.7029850792
708000     -9795.2247563959       129.9778236654       310.3621832657    102002.7029850792
709000     -9795.1977425585       129.9783098575       310.4801256062    102002.7029850792
710000     -9795.1473650839       129.9789030329       310.3852282027    102002.7029850792
711000     -9795.0651806199       129.9805661723       310.6349926724    102002.7029850792
712000     -9795.0323968325       129.9800597467       311.2303396481    102002.7029850792
713000     -9794.9944870539       129.9820005554       311.6000950461    102002.7029850792
714000     -9794.9198377072       129.9838371472       311.7348742784    102002.7029850792
715000     -9794.8600858614       129.9876848295       311.9168304710    102002.7029850792
716000     -9794.8819848433       129.9873842274       312.0753537808    102002.7029850792
717000     -9794.8512918461       129.9913152928       312.2700189661    102002.7029850792
718000     -9794.9069178164       129.9896014494       312.1400357013    102002.7029850792
719000     -9794.9013995615       129.9913625697       312.1178396421    102002.7029850792
720000     -9794.8412912318       129.9941034942       312.3108889525    102002.7029850792
721000     -9794.8389938511       129.9938386155       312.3754157354    102002.7029850792
722000     -9794.7945911616       129.9940871989       312.5638606460    102002.7029850792
723000     -9794.7730232204       129.9929250939       312.7034992862    102002.7029850792
724000     -9794.7424184068       129.9924358386       313.3061805775    102002.7029850791
725000     -9794.7452741944       129.9902950551       313.6586759817    102002.7029850791
726000     -9794.7440053322       129.9898564827       313.7977812740    102002.7029850791
727000     -9794.8787211807       129.9836759998       313.9518341054    102002.7029850791
728000     -9794.8441998514       129.9857440159       314.3437395661    102002.7029850791
729000     -9794.8940195572       129.9819999631       314.2845224548    102002.7029850791
730000     -9794.8362746373       129.9829729575       314.5959136278    102002.7029850791
731000     -9794.9312318563       129.9794111911       314.4553063737    102002.7029850791
732000     -9794.9179452843       129.9809487340       314.6144650613    102002.7029850791
733000     -9794.8764691563       129.9844171648       314.6051049045    102002.7029850791
734000     -9794.8548123721       129.9866808320       314.7180010896    102002.7029850791
735000     -9794.8435293842       129.9863332387       315.1759054737    102002.7029850791
736000     -9794.8592381222       129.9852851090       315.4587207591    102002.7029850791
737000     -9794.8180011274       129.9875117771       315.3940030522    102002.7029850791
738000     -9794.7951878785       129.9888498425       315.5447349050    102002.7029850791
739000     -9794.8079470957       129.9861419905       315.6822459220    102002.7029850791
740000     -9794.8282232944       129.9847669330       315.6238917608    102002.7029850791
741000     -9794.7847817565       129.9846716075       315.8896375584    102002.7029850791
742000     -9794.8044326446       129.9841955536       315.9610998085    102002.7029850791
743000     -9794.7200212446       129.9863932546       316.1126859766    102002.7029850791
744000     -9794.7373469193       129.9864399084       316.3918680655    102002.7029850791
745000     -9794.7134327132       129.9862760478       316.6161745953    102002.7029850791
746000     -9794.8008238700       129.9816234646       316.6585787552    102002.7029850791
747000     -9794.7959680978       129.9825046653       317.1947819126    102002.7029850791
748000     -9794.7742202681       129.9835774756       317.4796148698    102002.7029850790
749000     -9794.8120774366       129.9816523230       317.4198403022    102002.7029850790
750000     -9794.8437690982       129.9809011805       317.6170866753    102002.7029850790
751000     -9794.8610547298       129.9779419514       317.9740939730    102002.7029850790
752000     -9794.8555202625       129.9764250793       318.4076806979    102002.7029850790
753000     -9794.8596917359       129.9749665443       318.7998846740    102002.7029850790
754000     -9794.8779689951       129.9747692543       318.9711104486    102002.7029850790
755000     -9794.8864180988       129.9732925456       319.3157728924    102002.7029850790
756000     -9794.8813641704       129.9718337654       319.1964561728    102002.7029850790
757000     -9794.8627030585       129.9701445868       318.9993653471    102002.7029850790
758000     -9794.7653067979       129.9716256709       319.2603392437    102002.7029850790
759000     -9794.7558458267       129.9714532336       319.4381373919    102002.7029850790
760000     -9794.6551832966       129.9758363493       319.6212024038    102002.7029850790
761000     -9794.6129669416       129.9769109702       319.7259541103    102002.7029850790
762000     -9794.5499231079       129.9804672164       320.1076159365    102002.7029850790
763000     -9794.5323223304       129.9817593993       320.3228989558    102002.7029850790
764000     -9794.5400738625       129.9807823397       320.4366147276    102002.7029850790
765000     -9794.5082516403       129.9817604597       320.6548014659    102002.7029850790
766000     -9794.4910545513       129.9826131885       320.8955892145    102002.7029850790
767000     -9794.4758188303       129.9828462585       321.0484222931    102002.7029850790
768000     -9794.5395709606       129.9816162393       320.7015618112    102002.7029850790
769000     -9794.5963915305       129.9805041885       320.4124367226    102002.7029850790
770000     -9794.5727579364       129.9822510624       320.3630249231    102002.7029850790
771000     -9794.5705668476       129.9818813157       320.2311457475    102002.7029850790
772000     -9794.5326500490       129.9838809593       320.2760212273    102002.7029850790
773000     -9794.5563656945       129.9834533894       320.0009835023    102002.7029850790
774000     -9794.5320213884       129.9850045954       319.7400106581    102002.7029850790
775000     -9794.5177048439       129.9857672468       319.8245130267    102002.7029850790
776000     -9794.4770414312       129.9871052622       319.9441168707    102002.7029850790
777000     -9794.4330790411       129.9868117897       319.9753247539    102002.7029850789
778000     -9794.3834854320       129.9873636822       319.9106483633    102002.7029850789
779000     -9794.3010442109       129.9905750088       320.1809006026    102002.7029850789
780000     -9794.3185625982       129.9911723482       320.0585900748    102002.7029850789
781000     -9794.3453712662       129.9904142704       320.1667610432    102002.7029850789
782000     -9794.4201603615       129.9871486955       320.5520677456    102002.7029850789
783000     -9794.4419690073       129.9880381237       320.8023067157    102002.7029850789
784000     -9794.3692109647       129.9920363536       321.0350489043    102002.7029850789
785000     -9794.3582308851       129.9916688370       321.2467882213    102002.7029850789
786000     -9794.3161725132       129.9944438752       321.4355280244    102002.7029850789
787000     -9794.3466914737       129.9944900773       321.4514842921    102002.7029850789
788000     -9794.3830374430       129.9943363245       321.4027101054    102002.7029850789
789000     -9794.4196230627       129.9939584379       321.3645990629    102002.7029850789
790000     -9794.4614907228       129.9915916647       321.1729682954    102002.7029850789
791000     -9794.4853743513       129.9913110237       321.0134005591    102002.7029850789
792000     -9794.4949518060       129.9906354302       321.2231612188    102002.7029850789
793000     -9794.5028950108       129.9895681378       321.2758166111    102002.7029850789
794000     -9794.4337416251       129.9924591278       321.6270452365    102002.7029850789
795000     -9794.4667128225       129.9903599304       321.7710173428    102002.7029850789
796000     -9794.4563402426       129.9899409197       321.8088791416    102002.7029850789
797000     -9794.4361375217       129.9889888078       321.7849820793    102002.7029850789
798000     -9794.4074178097       129.9899028178       321.8152002521    102002.7029850789
799000     -9794.3626508738       129.9908368131       321.6987631689    102002.7029850789
800000     -9794.3559858246       129.9909521670       321.4531861576    102002.7029850789
801000     -9794.3981434227       129.9883404767       321.3227957277    102002.7029850789
802000     -9794.3864820965       129.9886044436       321.3082562353    102002.7029850789
803000     -9794.3839583629       129.9893230501       321.3520441692    102002.7029850789
804000     -9794.4512323953       129.9869122746       321.3944812083    102002.7029850789
805000     -9794.4641417668       129.9862861999       321.5207499904    102002.7029850789
806000     -9794.4950664237       129.9841388278       321.6383077380    102002.7029850789
807000     -9794.4597275076       129.9829568166       321.4695592974    102002.7029850789
808000     -9794.4057663073       129.9832543626       321.3536736652    102002.7029850789
809000     -9794.3551625564       129.9849694417       321.2433018643    102002.7029850789
810000     -9794.2923972147       129.9882610057       321.3016114950    102002.7029850789
811000     -9794.2519086240       129.9899508539       321.1979679089    102002.7029850789
812000     -9794.1833222809       129.9925778245       321.2103016998    102002.7029850789
813000     -9794.2216779995       129.9918042688       321.1548691010    102002.7029850789
814000     -9794.2218111904       129.9920091524       321.2657319081    102002.7029850789
815000     -9794.2202611987       129.9918491520       321.2876121070    102002.7029850788
816000     -9794.2282072230       129.9910103314       321.5181519679    102002.7029850788
817000     -9794.2454334870       129.9906934012       321.7497162773    102002.7029850788
818000     -9794.2304357906       129.9910052757       322.0187714072    102002.7029850788
819000     -9794.2289149419       129.9907388260       321.9172554045    102002.7029850788
820000     -9794.2485728963       129.9896126602       322.0767312796    102002.7029850788
821000     -9794.2447493825       129.9906576872       322.4004466346    102002.7029850788
822000     -9794.2619261755       129.9895186439       322.5582990407    102002.7029850788
823000     -9794.2631513301       129.9896535787       322.8258213347    102002.7029850788
824000     -9794.2629792166       129.9903998545       322.9211334956    102002.7029850788
825000     -9794.2749480898       129.9905514624       323.0851276821    102002.7029850788
826000     -9794.2737100820       129.9917453301       322.9620960712    102002.7029850788
827000     -9794.3490954728       129.9893065644       322.9772187485    102002.7029850788
828000     -9794.3870945523       129.9893293641       322.9622526297    102002.7029850788
829000     -9794.4493262106       129.9882335497       322.8970059732    102002.7029850788
830000     -9794.4895518245       129.9872812037       322.9948039553    102002.7029850788
831000     -9794.4470820170       129.9890050722       323.0573961516    102002.7029850788
832000     -9794.4244579529       129.9905683873       323.2475673575    102002.7029850788
833000     -9794.4412314693       129.9913367204       323.1459566233    102002.7029850788
834000     -9794.4356423390       129.9928936970       323.1442111046    102002.7029850788
835000     -9794.4426544488       129.9939983598       323.0441864749    102002.7029850788
836000     -9794.4592343618       129.9949437450       323.0838235513    102002.7029850788
837000     -9794.5006684745       129.9941316819       322.8538017175    102002.7029850788
838000     -9794.5717008783       129.9916525483       322.7305918686    102002.7029850788
839000     -9794.5957847855       129.9912190366       322.8283285032    102002.7029850788
840000     -9794.6014741768       129.9928720941       322.7769677038    102002.7029850788
841000     -9794.5877514637       129.9948913955       322.6826408960    102002.7029850788
842000     -9794.5929924565       129.9944212407       322.7659469511    102002.7029850788
843000     -9794.5633764556       129.9953190293       322.6876974552    102002.7029850788
844000     -9794.5801155057       129.9953643467       322.6453322094    102002.7029850788
845000     -9794.6241569206       129.9939341530       322.4803339335    102002.7029850788
846000     -9794.5852062327       129.9949807626       322.4970567375    102002.7029850788
847000     -9794.5830444168       129.9941510723       322.6431702525    102002.7029850788
848000     -9794.6075994068       129.9919084561       322.6396080101    102002.7029850788
849000     -9794.5682309507       129.9927579147       322.6948630005    102002.7029850788
850000     -9794.5611380686       129.9911053176       322.7119782292    102002.7029850788
851000     -9794.4886582276       129.9925299505       322.9731171750    102002.7029850788
852000     -9794.5304740973       129.9904354309       323.1119541938    102002.7029850788
853000     -9794.5191647977       129.9904934245       323.1840433908    102002.7029850788
854000     -9794.4876868213       129.9897628258       323.3754838810    102002.7029850788
855000     -9794.4429607417       129.9914688163       323.3138006368    102002.7029850788
856000     -9794.4426188477       129.9918200847       323.2725331705    102002.7029850788
857000     -9794.4759888082       129.9893248369       323.0711236907    102002.7029850788
858000     -9794.4142107851       129.9912607424       323.2072203465    102002.7029850788
859000     -9794.3672433196       129.9926105334       323.4648120162    102002.7029850788
860000     -9794.3698291110       129.9921645828       323.6582113811    102002.7029850788
861000     -9794.3831365117       129.9903214422       323.8750621544    102002.7029850788
862000     -9794.3708945330       129.9900863173       324.0901268947    102002.7029850788
863000     -9794.3912236781       129.9882397964       324.1948480496    102002.7029850788
864000     -9794.3411571012       129.9889042960       324.2862883052    102002.7029850788
865000     -9794.3111570350       129.9896365400       324.3999659315    102002.7029850788
866000     -9794.2935280437       129.9892883452       324.3608931324    102002.7029850788
867000     -9794.2907952725       129.9886447164       324.3249621848    102002.7029850788
868000     -9794.3177137145       129.9865844814       324.4361514184    102002.7029850788
869000     -9794.3383959494       129.9853566902       324.5419834178    102002.7029850788
870000     -9794.3349077391       129.9846603250       324.4925253977    102002.7029850787
871000     -9794.2954354285       129.9863329219       324.5360441348    102002.7029850787
872000     -9794.2763130930       129.9866120976       324.5791369213    102002.7029850787
873000     -9794.2448513456       129.9865277195       324.7671440431    102002.7029850787
874000     -9794.2066042111       129.9873031449       324.8120436897    102002.7029850787
875000     -9794.1840344762       129.9854202703       324.8739260568    102002.7029850787
876000     -9794.2233854607       129.9836088097       324.7811826222    102002.7029850787
877000     -9794.2025821663       129.9847183308       324.6353290757    102002.7029850787
878000     -9794.1754255268       129.9839583539       324.6139922989    102002.7029850787
879000     -9794.1211741865       129.9851879358       324.7364786214    102002.7029850787
880000     -9794.1308133063       129.9833863762       324.7643364686    102002.7029850787
881000     -9794.1198477606       129.9840425685       324.6870985473    102002.7029850787
882000     -9794.1388295312       129.9830021627       324.6650042423    102002.7029850787
883000     -9794.1166409502       129.9840822459       324.6767769445    102002.7029850787
884000     -9794.1151598647       129.9846075965       324.7191114043    102002.7029850787
885000     -9794.0909735283       129.9851991029       324.6319231961    102002.7029850787
886000     -9794.0950560575       129.9849582226       324.4572489298    102002.7029850787
887000     -9794.0762949497       129.9862414995       324.3667778815    102002.7029850787
888000     -9794.0429626065       129.9872027879       324.2971104851    102002.7029850787
889000     -9794.0386817104       129.9873861929       324.2420611437    102002.7029850787
890000     -9794.0420951328       129.9866521395       324.1086909446    102002.7029850787
891000     -9794.0318488413       129.9859580048       323.9412447835    102002.7029850787
892000     -9794.0647326177       129.9839461892       323.9465636382    102002.7029850787
893000     -9794.0595569934       129.9839509988       323.8533780056    102002.7029850787
894000     -9794.0250793927       129.9855462373       323.8136258105    102002.7029850787
895000     -9794.0152777051       129.9859059196       323.6384022925    102002.7029850787
896000     -9793.9978604543       129.9869514878       323.4381475343    102002.7029850787
897000     -9794.0097295592       129.9860400201       323.3637776746    102002.7029850787
898000     -9794.0293580840       129.9854179566       323.2642216404    102002.7029850787
899000     -9794.0077929172       129.9864290956       323.2560632251    102002.7029850787
900000     -9794.0119498058       129.9864868939       323.1686351536    102002.7029850787
901000     -9794.0213840113       129.9872361446       323.2813452196    102002.7029850787
902000     -9794.0519960256       129.9871963551       323.3477628014    102002.7029850787
903000     -9794.1147123283       129.9848955108       323.3967581907    102002.7029850787
904000     -9794.1209476456       129.9854879548       323.3971249972    102002.7029850787
905000     -9794.1314780505       129.9847343225       323.3611466173    102002.7029850787
906000     -9794.1566680232       129.9842798724       323.3411953446    102002.7029850787
907000     -9794.1563184059       129.9843174993       323.2078910243    102002.7029850787
908000     -9794.1419263851       129.9841535262       323.0135379075    102002.7029850787
909000     -9794.1563141102       129.9834196083       323.0497764232    102002.7029850787
910000     -9794.1453070826       129.9844858802       322.9234921370    102002.7029850787
911000     -9794.1591596930       129.9843250779       322.8670241932    102002.7029850787
912000     -9794.1378939171       129.9854591614       323.0733951605    102002.7029850787
913000     -9794.1597225509       129.9854417339       323.2135502196    102002.7029850787
914000     -9794.1499265992       129.9861116608       323.3036709499    102002.7029850787
915000     -9794.1387547715       129.9871227332       323.2924677825    102002.7029850787
916000     -9794.1589399937       129.9866198256       323.3506470752    102002.7029850787
917000     -9794.1056419124       129.9888221503       323.3210552048    102002.7029850787
918000     -9794.1147944044       129.9884785281       323.3035567400    102002.7029850787
919000     -9794.1465816097       129.9878365327       323.2716187233    102002.7029850787
920000     -9794.1644077937       129.9866111001       323.2117208354    102002.7029850787
921000     -9794.1596329307       129.9867365387       323.2428445016    102002.7029850787
922000     -9794.1684150729       129.9867057810       323.3807491843    102002.7029850787
923000     -9794.1612811708       129.9870300455       323.4981620967    102002.7029850787
924000     -9794.1557490822       129.9875157354       323.5510236298    102002.7029850787
925000     -9794.2186805478       129.9857345815       323.4463698497    102002.7029850787
926000     -9794.2487423765       129.9846433145       323.3869843538    102002.7029850787
927000     -9794.2320923058       129.9855130026       323.5546833927    102002.7029850786
928000     -9794.2138726827       129.9864520320       323.6569068112    102002.7029850786
929000     -9794.1783527761       129.9890965568       323.7862748923    102002.7029850786
930000     -9794.2504079682       129.9866596448       323.9266345919    102002.7029850786
931000     -9794.2251691919       129.9876382561       324.1692559834    102002.7029850786
932000     -9794.2588896935       129.9867125915       324.2472340465    102002.7029850786
933000     -9794.2544817998       129.9881568069       324.2574653217    102002.7029850786
934000     -9794.2711519490       129.9885366697       324.1607360104    102002.7029850786
935000     -9794.2864098424       129.9883614894       324.1111073893    102002.7029850786
936000     -9794.3068566154       129.9872620209       323.8119344426    102002.7029850786
937000     -9794.2573571335       129.9895060422       323.8380946146    102002.7029850786
938000     -9794.2489659176       129.9891904318       323.8789164374    102002.7029850786
939000     -9794.2505844503       129.9895762959       323.9080137778    102002.7029850786
940000     -9794.2670054514       129.9891136440       323.7818146508    102002.7029850786
941000     -9794.2885087077       129.9879312591       323.6638924201    102002.7029850786
942000     -9794.3133344296       129.9863924067       323.4982268308    102002.7029850786
943000     -9794.3324753263       129.9864647952       323.1941023483    102002.7029850786
944000     -9794.3418163069       129.9878255573       322.9942994782    102002.7029850786
945000     -9794.3546342208       129.9879118832       322.7340079572    102002.7029850786
946000     -9794.3605950233       129.9880275886       322.7159948657    102002.7029850786
947000     -9794.3403244144       129.9888079229       322.7504598245    102002.7029850786
948000     -9794.3089711774       129.9908293219       322.7437172146    102002.7029850786
949000     -9794.2977132890       129.9911815160       322.6539049408    102002.7029850786
950000     -9794.2797002590       129.9928249454       322.4816743667    102002.7029850786
951000     -9794.2973042203       129.9927180125       322.2674550176    102002.7029850786
952000     -9794.3233668244       129.9926347399       322.1706556873    102002.7029850786
953000     -9794.3355318552       129.9931184999       321.9753563328    102002.7029850786
954000     -9794.3161864465       129.9942690972       321.8927549945    102002.7029850786
955000     -9794.3366681531       129.9944737909       321.6870672699    102002.7029850786
956000     -9794.3609499682       129.9941802105       321.4104359081    102002.7029850786
957000     -9794.3782939960       129.9940131155       321.0116548963    102002.7029850786
958000     -9794.3451766724       129.9960402890       320.8630601384    102002.7029850786
959000     -9794.3680622050       129.9955265011       320.6445740953    102002.7029850786
960000     -9794.3499929791       129.9965861922       320.5302782992    102002.7029850786
961000     -9794.3734323925       129.9953003843       320.4578347745    102002.7029850786
962000     -9794.3578619846       129.9967299207       320.3677218459    102002.7029850786
963000     -9794.3706784965       129.9962158825       320.1704395246    102002.7029850786
964000     -9794.3647166510       129.9961868264       320.1097174716    102002.7029850786
965000     -9794.3468087748       129.9960964012       319.9937104495    102002.7029850786
966000     -9794.3200420768       129.9975771647       319.7911872225    102002.7029850786
967000     -9794.3149966932       129.9978819188       319.7195462659    102002.7029850786
968000     -9794.3192927063       129.9980561184       319.6217001313    102002.7029850786
969000     -9794.3465823509       129.9969571360       319.5723204928    102002.7029850786
970000     -9794.3439686023       129.9977962634       319.5127032415    102002.7029850786
971000     -9794.3252126300       129.9989003218       319.4597700797    102002.7029850786
972000     -9794.3284710409       129.9985628046       319.3407502743    102002.7029850786
973000     -9794.3524265551       129.9977895281       319.3164759258    102002.7029850786
974000     -9794.3554631867       129.9981288020       319.3186083159    102002.7029850786
975000     -9794.3260038663       129.9996150940       319.4275299211    102002.7029850786
976000     -9794.3110194369       129.9999692283       319.3636681119    102002.7029850786
977000     -9794.3281919824       129.9995249587       319.2853786310    102002.7029850786
978000     -9794.3421252811       129.9985165593       319.1528043380    102002.7029850786
979000     -9794.3522106050       129.9978815632       319.1041143215    102002.7029850786
980000     -9794.3227581480       129.9996493901       319.1370305031    102002.7029850786
981000     -9794.3047329662       130.0000962737       319.2158381254    102002.7029850786
982000     -9794.3425837996       129.9978057251       319.2337974274    102002.7029850786
983000     -9794.3555358878       129.9971434886       319.3239308325    102002.7029850786
984000     -9794.3348664224       129.9984982723       319.4492182747    102002.7029850786
985000     -9794.3331460395       129.9985685827       319.4679529434    102002.7029850786
986000     -9794.3068759103       129.9981186779       319.3857893083    102002.7029850786
987000     -9794.2833266503       129.9978676487       319.3306714033    102002.7029850786
988000     -9794.3029177653       129.9965868697       319.2282299359    102002.7029850786
989000     -9794.2914251330       129.9974742472       319.1445999197    102002.7029850786
990000     -9794.2894525382       129.9974173465       319.0272059131    102002.7029850786
991000     -9794.2882617703       129.9975084915       319.1013295626    102002.7029850786
992000     -9794.3096624197       129.9968977445       319.0092826274    102002.7029850786
993000     -9794.2807924206       129.9983900721       318.9217025687    102002.7029850786
994000     -9794.3224419184       129.9965088695       318.8514069421    102002.7029850786
995000     -9794.3497552763       129.9954127719       318.8023192430    102002.7029850786
996000     -9794.3607257714       129.9950169629       318.7242782248    102002.7029850786
997000     -9794.3686319946       129.9935677863       318.6279143128    102002.7029850786
998000     -9794.3841491488       129.9921122515       318.5770639530    102002.7029850786
999000     -9794.3886511993       129.9914482770       318.3897621287    102002.7029850786
1000000     -9794.4004177618       129.9905624821       318.2921985911    102002.7029850786
