# Time-averaged data for fix runningavgs
# TimeStep v_ra_etotal v_ra_temp v_ra_press v_ra_volume
502000     -6690.1670439079       109.5066257247      -758.9830028986    102002.7029850792
503000     -6694.8762853765       109.0950489792      -735.3165511305    102002.7029850792
504000     -6692.5195222615       109.2576780603      -728.3375940514    102002.7029850792
505000     -6689.8955124411       109.4819326101      -723.2947562351    102002.7029850792
506000     -6689.0359491881       109.5409857731      -726.4454475819    102002.7029850792
507000     -6689.3228550305       109.5375923201      -722.6329225337    102002.7029850792
508000     -6689.9041557318       109.5146248611      -719.4923073640    102002.7029850792
509000     -6690.0111345936       109.4794216993      -718.8556199185    102002.7029850792
510000     -6690.5675158062       109.4461530418      -716.2785660626    102002.7029850792
511000     -6690.5953069601       109.4421353352      -715.0851693519    102002.7029850792
512000     -6690.5719766086       109.4466222471      -716.2335351398    102002.7029850792
513000     -6690.1285320088       109.4783211145      -716.6670570431    102002.7029850792
514000     -6689.7933018933       109.5180267867      -717.7949147943    102002.7029850792
515000     -6689.5863875587       109.5395951447      -717.3245679404    102002.7029850792
516000     -6689.4553281620       109.5566352224      -717.8168480562    102002.7029850792
517000     -6689.7388537462       109.5141515349      -718.6270492744    102002.7029850792
518000     -6689.7740205309       109.5112473055      -717.1662435863    102002.7029850792
519000     -6689.1520955451       109.5777794273      -718.6318123480    102002.7029850792
520000     -6689.2582428768       109.5758006924      -718.9929087775    102002.7029850792
521000     -6689.5399964184       109.5581688720      -718.2585774511    102002.7029850792
522000     -6689.2971525257       109.5867725160      -717.6456753526    102002.7029850792
523000     -6688.9294509897       109.6326328207      -718.3562101032    102002.7029850792
524000     -6688.8568588016       109.6485251989      -719.4269487500    102002.7029850792
525000     -6689.0255338482       109.6338150039      -720.5163186309    102002.7029850792
526000     -6688.9333457869       109.6508939050      -720.5409348141    102002.7029850792
527000     -6688.4833459284       109.6959728949      -720.1709365763    102002.7029850792
528000     -6688.2367191124       109.7203577773      -719.5965057967    102002.7029850792
529000     -6688.1154175824       109.7283660538      -719.2453958671    102002.7029850792
530000     -6688.3074527121       109.7154046210      -718.8768702048    102002.7029850792
531000     -6688.4446988703       109.7017091038      -718.8414951639    102002.7029850792
532000     -6688.4025289451       109.7051010146      -719.5294431947    102002.7029850792
533000     -6688.3475137984       109.7112712959      -719.0851022549    102002.7029850792
534000     -6688.3747816967       109.7080341923      -718.7513882578    102002.7029850792
535000     -6688.3035016876       109.7139744132      -717.9336660645    102002.7029850792
536000     -6688.1783241712       109.7236292078      -717.7108485611    102002.7029850792
537000     -6688.3594168713       109.7060131373      -717.7666600302    102002.7029850792
538000     -6688.2007160960       109.7202125863      -717.4877263577    102002.7029850792
539000     -6688.0701679207       109.7314520569      -716.9849688836    102002.7029850791
540000     -6688.1934782646       109.7180622750      -716.7119741471    102002.7029850791
541000     -6688.2703556608       109.7086608401      -716.9463600342    102002.7029850791
542000     -6688.0441167278       109.7319871368      -716.7223711651    102002.7029850791
543000     -6687.8173793886       109.7538497718      -716.4881824816    102002.7029850791
544000     -6687.7842633797       109.7512277129      -716.5542364257    102002.7029850791
545000     -6687.7789515559       109.7513426340      -716.3547188271    102002.7029850791
546000     -6687.6363699070       109.7640129898      -716.3743771424    102002.7029850791
547000     -6687.4271390752       109.7799418661      -716.3982605094    102002.7029850791
548000     -6686.9817539517       109.8144672471      -716.2685377325    102002.7029850791
549000     -6686.8585714288       109.8218255404      -716.2386496546    102002.7029850791
550000     -6686.6621755978       109.8393357790      -715.9850422369    102002.7029850791
551000     -6686.7111532021       109.8366228212      -715.8855110895    102002.7029850791
552000     -6686.4455334241       109.8621384014      -715.8907549585    102002.7029850791
553000     -6686.3700839262       109.8694185475      -715.8877679073    102002.7029850791
554000     -6686.2254330119       109.8857130014      -716.0270390054    102002.7029850791
555000     -6686.2607156655       109.8818124222      -716.1051151315    102002.7029850791
556000     -6686.3373323069       109.8756273717      -716.1182214465    102002.7029850791
557000     -6686.3252082702       109.8744848999      -715.9879003393    102002.7029850791
558000     -6686.1362789588       109.8923422700      -715.6609144526    102002.7029850791
559000     -6686.0820771214       109.8993462278      -715.4937416084    102002.7029850791
560000     -6686.0701612374       109.9024612327      -715.3563117185    102002.7029850791
561000     -6685.8339596644       109.9272188512      -715.6630309677    102002.7029850791
562000     -6685.8574329898       109.9277070665      -715.6180683839    102002.7029850791
563000     -6685.9548045086       109.9171180012      -715.1473300862    102002.7029850791
564000     -6686.0583066211       109.9110230944      -714.7388608920    102002.7029850791
565000     -6686.0112202119       109.9153576804      -714.6622071128    102002.7029850791
566000     -6685.9036562268       109.9282461260      -714.6289805689    102002.7029850791
567000     -6685.9172481993       109.9292296284      -714.6040300226    102002.7029850791
568000     -6686.0350940377       109.9197144316      -714.9333588733    102002.7029850791
569000     -6686.1142692765       109.9142862399      -714.7262262791    102002.7029850791
570000     -6686.1839182754       109.9102950772      -714.3078538401    102002.7029850791
571000     -6686.2516591617       109.9028762243      -714.1389904245    102002.7029850791
572000     -6686.3615694186       109.8951554367      -714.1908173285    102002.7029850791
573000     -6686.3807107505       109.8942073431      -714.5122585303    102002.7029850791
574000     -6686.2962552662       109.9043574933      -714.7079387448    102002.7029850791
575000     -6686.2512648560       109.9087875025      -714.6943638949    102002.7029850791
576000     -6686.4456480412       109.8910476453      -714.2785925512    102002.7029850791
577000     -6686.4706138499       109.8878735529      -714.2149377021    102002.7029850791
578000     -6686.4267947735       109.8922993229      -714.1371966944    102002.7029850791
579000     -6686.4390864431       109.8915330919      -714.1962723036    102002.7029850791
580000     -6686.4129285570       109.8956677547      -714.3146709514    102002.7029850791
581000     -6686.4566338792       109.8910845489      -714.4655145847    102002.7029850791
582000     -6686.5039325891       109.8895836338      -714.3586302757    102002.7029850791
583000     -6686.5243212692       109.8904265028      -714.4625919159    102002.7029850791
584000     -6686.4929533647       109.8923627602      -714.7234401567    102002.7029850791
585000     -6686.6083044878       109.8813412279      -714.6801735590    102002.7029850791
586000     -6686.5916131066       109.8810509433      -714.6507334287    102002.7029850791
587000     -6686.5345297475       109.8848568235      -714.6460064737    102002.7029850791
588000     -6686.4038018446       109.8959168071      -714.7251198799    102002.7029850791
589000     -6686.3445701512       109.9005751519      -714.6556986090    102002.7029850791
590000     -6686.2811533370       109.9080934887      -714.7522549533    102002.7029850791
591000     -6686.2152834164       109.9139411297      -715.0642380392    102002.7029850792
592000     -6686.2318159290       109.9126932225      -715.2359219100    102002.7029850792
593000     -6686.3939818422       109.8985941600      -715.2222419111    102002.7029850792
594000     -6686.4080883571       109.8973447733      -714.9547833356    102002.7029850792
595000     -6686.4375237137       109.8955629156      -715.0237309235    102002.7029850792
596000     -6686.5295320284       109.8851088528      -715.3393381680    102002.7029850792
597000     -6686.5431677126       109.8848877359      -715.4412904791    102002.7029850792
598000     -6686.5717052767       109.8825384422      -715.5378059853    102002.7029850792
599000     -6686.6668458450       109.8727039665      -715.3902534898    102002.7029850792
600000     -6686.6906201164       109.8696097623      -715.1606505384    102002.7029850792
601000     -6686.7941256269       109.8605958351      -715.0960999887    102002.7029850792
602000     -6686.7794277914       109.8605418745      -715.0452454775    102002.7029850792
603000     -6686.8036335359       109.8588989095      -715.2209393708    102002.7029850792
604000     -6686.8446917340       109.8555346507      -715.1539863044    102002.7029850793
605000     -6686.8388619695       109.8565822628      -714.9416686895    102002.7029850793
606000     -6686.9001052680       109.8512413491      -715.1506689137    102002.7029850793
607000     -6686.9790273478       109.8450301539      -714.9035708181    102002.7029850793
608000     -6687.0146490112       109.8425720279      -714.8188562984    102002.7029850793
609000     -6687.0201845716       109.8423607237      -714.7920263184    102002.7029850793
610000     -6686.9413747228       109.8494964974      -714.7926423945    102002.7029850793
611000     -6686.9799724684       109.8453345891      -714.7944480574    102002.7029850793
612000     -6686.9440932636       109.8495672552      -714.5340229439    102002.7029850793
613000     -6686.8744978064       109.8570721050      -714.4605503541    102002.7029850793
614000     -6686.8511379924       109.8595412063      -714.5389033134    102002.7029850793
615000     -6686.8121268782       109.8632969394      -714.5024994313    102002.7029850793
616000     -6686.8791518623       109.8560642859      -714.3828123187    102002.7029850793
617000     -6686.8145130831       109.8614684291      -714.2051054901    102002.7029850793
618000     -6686.8578512884       109.8570960931      -714.2095663981    102002.7029850793
619000     -6686.8832275884       109.8558301607      -714.1880245618    102002.7029850793
620000     -6686.9780482980       109.8474940205      -714.3243360527    102002.7029850793
621000     -6686.9438335726       109.8502412212      -714.4983446086    102002.7029850793
622000     -6686.9830832991       109.8477145841      -714.3782152113    102002.7029850794
623000     -6686.9048239979       109.8556459791      -714.4653340364    102002.7029850794
624000     -6686.8539016491       109.8614987574      -714.3083324661    102002.7029850794
625000     -6686.8585619688       109.8606696896      -714.5590983818    102002.7029850794
626000     -6686.8811831902       109.8569477360      -714.8588534164    102002.7029850794
627000     -6686.9238555303       109.8533823718      -714.8528909389    102002.7029850794
628000     -6686.9780168441       109.8484394181      -714.8152910409    102002.7029850794
629000     -6687.0271452427       109.8434000813      -714.8085489067    102002.7029850794
630000     -6687.0305587627       109.8414800552      -714.9853890525    102002.7029850794
631000     -6687.0512186424       109.8408801166      -715.0458515366    102002.7029850794
632000     -6687.0135234291       109.8448990308      -715.1402836128    102002.7029850794
633000     -6686.9060199826       109.8537127563      -715.4382835626    102002.7029850794
634000     -6686.8517608130       109.8601033956      -715.4360497262    102002.7029850794
635000     -6686.8858780247       109.8575065380      -715.3628462817    102002.7029850794
636000     -6686.8083333595       109.8645670905      -715.3314040275    102002.7029850794
637000     -6686.7617341689       109.8689314668      -715.3045844476    102002.7029850794
638000     -6686.7091039387       109.8743969603      -715.5317171270    102002.7029850794
639000     -6686.7513012530       109.8712930690      -715.6424625757    102002.7029850794
640000     -6686.7375356449       109.8729014391      -715.7178774455    102002.7029850794
641000     -6686.6159710462       109.8843745374      -715.7088974172    102002.7029850794
642000     -6686.6013978735       109.8865163418      -715.6440345056    102002.7029850794
643000     -6686.6242336014       109.8853536127      -715.8252680523    102002.7029850794
644000     -6686.6579349022       109.8839559383      -715.8102486193    102002.7029850794
645000     -6686.6863261738       109.8808316785      -715.9130968816    102002.7029850794
646000     -6686.6499463647       109.8845301544      -715.7802881386    102002.7029850795
647000     -6686.6499179733       109.8845623133      -715.6753529649    102002.7029850795
648000     -6686.7012870323       109.8787589411      -715.6398918143    102002.7029850795
649000     -6686.7691665462       109.8737838040      -715.5762748680    102002.7029850795
650000     -6686.7262554151       109.8787108706      -715.7667438844    102002.7029850795
651000     -6686.7051262631       109.8806377622      -715.8110725991    102002.7029850795
652000     -6686.6669416205       109.8850438908      -715.6654742218    102002.7029850795
653000     -6686.6330622826       109.8881503649      -715.5185889947    102002.7029850795
654000     -6686.5797070566       109.8939215330      -715.3279323347    102002.7029850795
655000     -6686.5941088696       109.8930411673      -715.3579077637    102002.7029850795
656000     -6686.5389524687       109.8984479629      -715.5190956553    102002.7029850795
657000     -6686.5223791709       109.9000004479      -715.5860288715    102002.7029850795
658000     -6686.5682841873       109.8967945350      -715.5323125165    102002.7029850795
659000     -6686.5714778916       109.8967952052      -715.4718417611    102002.7029850795
660000     -6686.6213115356       109.8917131407      -715.4973043085    102002.7029850795
661000     -6686.6590619067       109.8884414896      -715.6213586657    102002.7029850795
662000     -6686.5997788027       109.8946471707      -715.7399738790    102002.7029850795
663000     -6686.6461431672       109.8901532327      -715.9180265310    102002.7029850795
664000     -6686.6779354107       109.8881141863      -715.7229931563    102002.7029850795
665000     -6686.6608389199       109.8884414704      -715.7004024062    102002.7029850795
666000     -6686.6893233078       109.8859448044      -715.6488324270    102002.7029850795
667000     -6686.7431807083       109.8815459309      -715.6122962485    102002.7029850795
668000     -6686.7668776847       109.8792709853      -715.6730082934    102002.7029850795
669000     -6686.8021567986       109.8774793528      -715.5904719790    102002.7029850795
670000     -6686.7550013736       109.8820309178      -715.5331802500    102002.7029850795
671000     -6686.7408438277       109.8841327463      -715.2966453680    102002.7029850795
672000     -6686.7405522651       109.8846819799      -715.2894028354    102002.7029850795
673000     -6686.6887186800       109.8900668101      -715.1631305125    102002.7029850795
674000     -6686.6415015643       109.8942755812      -715.1917821647    102002.7029850794
675000     -6686.6979598366       109.8892122051      -715.2751015573    102002.7029850794
676000     -6686.7340498551       109.8858813030      -715.0777654806    102002.7029850794
677000     -6686.7145683560       109.8872246165      -714.8847702954    102002.7029850794
678000     -6686.6541066469       109.8930415766      -714.7259111436    102002.7029850794
679000     -6686.6100000570       109.8974174616      -714.6052915099    102002.7029850794
680000     -6686.5735855212       109.9000602076      -714.6722031486    102002.7029850794
681000     -6686.5594907252       109.9016976355      -714.7237743531    102002.7029850794
682000     -6686.5951892833       109.8975324093      -714.5843419644    102002.7029850794
683000     -6686.5666526638       109.8983261136      -714.4906097365    102002.7029850794
684000     -6686.4846635142       109.9050442685      -714.3862527156    102002.7029850794
685000     -6686.4533952741       109.9076101390      -714.1998872100    102002.7029850794
686000     -6686.4144230487       109.9118307467      -714.2551494856    102002.7029850794
687000     -6686.4052534652       109.9130165270      -714.2588439646    102002.7029850794
688000     -6686.3734850711       109.9155683414      -714.1794155919    102002.7029850793
689000     -6686.3588994962       109.9171643176      -714.1096264989    102002.7029850793
690000     -6686.3035984781       109.9224121641      -713.9791935287    102002.7029850793
691000     -6686.2878582123       109.9243083018      -713.9610916768    102002.7029850793
692000     -6686.2193264473       109.9300387066      -714.0707091918    102002.7029850793
693000     -6686.2143824174       109.9298128702      -714.0720756811    102002.7029850793
694000     -6686.2573177719       109.9266356048      -714.0134736838    102002.7029850793
695000     -6686.2333571215       109.9293927768      -714.0576236696    102002.7029850793
696000     -6686.1656393340       109.9353283297      -714.1160595141    102002.7029850793
697000     -6686.1619205740       109.9361007556      -714.1319742878    102002.7029850793
698000     -6686.1317667979       109.9398230378      -714.2364919311    102002.7029850793
699000     -6686.1282979516       109.9396622823      -714.4482375205    102002.7029850793
700000     -6686.1332886676       109.9398533958      -714.4450635826    102002.7029850793
701000     -6686.1565834913       109.9386128081      -714.3875225158    102002.7029850793
702000     -6686.1911745181       109.9354047310      -714.4376046697    102002.7029850793
703000     -6686.2237429486       109.9320988601      -714.3167577074    102002.7029850793
704000     -6686.2124968608       109.9331611479      -714.3241411379    102002.7029850792
705000     -6686.1309493344       109.9409250925      -714.3251410855    102002.7029850792
706000     -6686.1233508059       109.9419483480      -714.4628238575    102002.7029850792
707000     -6686.1060531475       109.9441208539      -714.3071313365    102002.7029850792
708000     -6686.0818336870       109.9458540770      -714.1867854287    102002.7029850792
709000     -6686.0381017501       109.9502735649      -714.2235468456    102002.7029850792
710000     -6686.0354047672       109.9506544011      -714.1299345856    102002.7029850792
711000     -6685.9881132732       109.9543126898      -714.1262543993    102002.7029850792
712000     -6685.9659979147       109.9551291135      -714.1067233637    102002.7029850792
713000     -6685.9505326725       109.9566097947      -713.9699326228    102002.7029850792
714000     -6685.9554871047       109.9564881092      -713.9321499120    102002.7029850792
715000     -6685.9701093463       109.9550433575      -713.9234989236    102002.7029850792
716000     -6686.0150862891       109.9508469869      -713.8944473305    102002.7029850792
717000     -6686.0247076944       109.9502270255      -713.9413166716    102002.7029850792
718000     -6686.0620956481       109.9466535334      -713.9083459869    102002.7029850792
719000     -6686.0658560220       109.9464571322      -713.8372731532    102002.7029850792
720000     -6686.0334229148       109.9503282849      -713.7411166101    102002.7029850792
721000     -6685.9795097934       109.9558010603      -713.7476741686    102002.7029850792
722000     -6685.9884072413       109.9550654594      -713.7368117185    102002.7029850792
723000     -6686.0207691102       109.9524324370      -713.7465730002    102002.7029850792
724000     -6686.0582540846       109.9483341989      -713.8718246488    102002.7029850791
725000     -6686.0772626695       109.9470818564      -713.7578174539    102002.7029850791
726000     -6686.1188224371       109.9428937956      -713.6665859993    102002.7029850791
727000     -6686.1147644922       109.9435992505      -713.6570881871    102002.7029850791
728000     -6686.1178797189       109.9432155937      -713.6779807344    102002.7029850791
729000     -6686.1312381356       109.9418816387      -713.7519376237    102002.7029850791
730000     -6686.1283459250       109.9421711824      -713.7553668752    102002.7029850791
731000     -6686.1389989676       109.9415294432      -713.6901020700    102002.7029850791
732000     -6686.1537294451       109.9407275772      -713.6180009400    102002.7029850791
733000     -6686.1339792323       109.9424441928      -713.5594808853    102002.7029850791
734000     -6686.1097532854       109.9447041946      -713.5495521218    102002.7029850791
735000     -6686.1139544423       109.9439711686      -713.7637812639    102002.7029850791
736000     -6686.0768720009       109.9476525741      -713.8155021645    102002.7029850791
737000     -6686.0821160838       109.9475809720      -713.7611105158    102002.7029850791
738000     -6686.1002125471       109.9448629582      -713.7124426376    102002.7029850791
739000     -6686.1323241242       109.9414748110      -713.7466689512    102002.7029850791
740000     -6686.1526226352       109.9394869941      -713.7480282631    102002.7029850791
741000     -6686.1736473518       109.9366094109      -713.8512591657    102002.7029850791
742000     -6686.1996317415       109.9341196643      -713.9258770925    102002.7029850791
743000     -6686.2309009983       109.9309727050      -713.9786971941    102002.7029850791
744000     -6686.2420142454       109.9300353812      -713.9663116030    102002.7029850791
745000     -6686.2107422271       109.9330597433      -713.8928792544    102002.7029850791
746000     -6686.2082576978       109.9332288555      -713.9233764131    102002.7029850791
747000     -6686.2559381806       109.9292118985      -713.8868294107    102002.7029850791
748000     -6686.2495926000       109.9292593382      -713.7847772710    102002.7029850790
749000     -6686.2228676767       109.9317381459      -713.6909150827    102002.7029850790
750000     -6686.2016101377       109.9338349217      -713.6776743838    102002.7029850790
751000     -6686.2126552926       109.9326345696      -713.6841524895    102002.7029850790
752000     -6686.2411804771       109.9300965460      -713.7060121706    102002.7029850790
753000     -6686.2307212958       109.9307998584      -713.8574443361    102002.7029850790
754000     -6686.2340604505       109.9309269494      -713.9842893481    102002.7029850790
755000     -6686.2389365631       109.9305622306      -714.0235955335    102002.7029850790
756000     -6686.2312940799       109.9315296412      -714.0651476052    102002.7029850790
757000     -6686.1755471179       109.9371606811      -714.1019004144    102002.7029850790
758000     -6686.1577787906       109.9377258824      -714.1149325656    102002.7029850790
759000     -6686.1956783693       109.9327660456      -714.2107431836    102002.7029850790
760000     -6686.1865288880       109.9332670764      -714.3096532674    102002.7029850790
761000     -6686.1530431751       109.9361793512      -714.3722999988    102002.7029850790
762000     -6686.1575829033       109.9362541949      -714.3595784255    102002.7029850790
763000     -6686.1342223459       109.9388739510      -714.4185270299    102002.7029850790
764000     -6686.1537003105       109.9378034071      -714.5510362515    102002.7029850790
765000     -6686.1719528834       109.9365241665      -714.6897211852    102002.7029850790
766000     -6686.1787179584       109.9361986079      -714.9587583343    102002.7029850790
767000     -6686.1790476896       109.9368405324      -715.0667085678    102002.7029850790
768000     -6686.1435628494       109.9403923457      -715.1442738484    102002.7029850790
769000     -6686.1414758438       109.9410690169      -715.2439062021    102002.7029850790
770000     -6686.1171781932       109.9437140210      -715.2470715207    102002.7029850790
771000     -6686.1157123974       109.9434332703      -715.4564600288    102002.7029850790
772000     -6686.1007752029       109.9444684614      -715.4968886753    102002.7029850790
773000     -6686.0920328495       109.9454490381      -715.5451568602    102002.7029850790
774000     -6686.1360568492       109.9417373781      -715.5174324473    102002.7029850790
775000     -6686.1489476486       109.9405778362      -715.4792107931    102002.7029850790
776000     -6686.1314780939       109.9419135578      -715.6588753188    102002.7029850790
777000     -6686.1448541851       109.9404256385      -715.7874403214    102002.7029850789
778000     -6686.1503757482       109.9401196668      -715.9015523833    102002.7029850789
779000     -6686.1091409211       109.9438837919      -715.9195847669    102002.7029850789
780000     -6686.0932318246       109.9454653377      -715.9222045567    102002.7029850789
781000     -6686.0613067299       109.9485490514      -715.9085766267    102002.7029850789
782000     -6686.0884698934       109.9457453823      -715.9147949574    102002.7029850789
783000     -6686.1066260412       109.9436487319      -716.0274839496    102002.7029850789
784000     -6686.0953114027       109.9442194582      -716.1287029208    102002.7029850789
785000     -6686.1322377755       109.9409944831      -716.0671555718    102002.7029850789
786000     -6686.1317111745       109.9407716307      -716.1300568943    102002.7029850789
787000     -6686.0818939265       109.9451816844      -716.1643885431    102002.7029850789
788000     -6686.0853886788       109.9441122363      -716.1641252267    102002.7029850789
789000     -6686.0629741723       109.9462806329      -716.3073989686    102002.7029850789
790000     -6686.0487516074       109.9481377430      -716.4496198939    102002.7029850789
791000     -6686.0334677173       109.9497286938      -716.4757863199    102002.7029850789
792000     -6685.9914108751       109.9540774648      -716.5121858204    102002.7029850789
793000     -6685.9824742595       109.9549201727      -716.6416387866    102002.7029850789
794000     -6686.0030071576       109.9530998317      -716.6281851694    102002.7029850789
795000     -6686.0058233075       109.9531058796      -716.7674309056    102002.7029850789
796000     -6686.0031729468       109.9528110874      -716.9314958574    102002.7029850789
797000     -6686.0236534025       109.9510241219      -716.8840897212    102002.7029850789
798000     -6686.0017627623       109.9521862283      -716.9308404395    102002.7029850789
799000     -6686.0106205399       109.9516319895      -716.9425497089    102002.7029850789
800000     -6685.9990273948       109.9531054921      -717.0476263601    102002.7029850789
801000     -6685.9825042544       109.9549410864      -717.1109918182    102002.7029850789
802000     -6685.9540665319       109.9575512973      -717.1833389264    102002.7029850789
803000     -6685.9544845113       109.9580082811      -717.2367254224    102002.7029850789
804000     -6685.9606213909       109.9579707076      -717.2127837704    102002.7029850789
805000     -6685.9103196432       109.9619020744      -717.2421247378    102002.7029850789
806000     -6685.8895624802       109.9635933434      -717.3669097289    102002.7029850789
807000     -6685.8592705177       109.9661958054      -717.4401559901    102002.7029850789
808000     -6685.8259939988       109.9692159690      -717.4923906040    102002.7029850789
809000     -6685.8430598678       109.9681234294      -717.4431571611    102002.7029850789
810000     -6685.8481854559       109.9680272605      -717.4175951895    102002.7029850789
811000     -6685.8288900710       109.9693108219      -717.4722242989    102002.7029850789
812000     -6685.8173888501       109.9706358785      -717.3847780244    102002.7029850789
813000     -6685.7846424701       109.9738270913      -717.4548329884    102002.7029850789
814000     -6685.7772520129       109.9743864720      -717.6073198159    102002.7029850789
815000     -6685.8145352350       109.9712835951      -717.5891844503    102002.7029850788
816000     -6685.8312903920       109.9698794595      -717.6741254562    102002.7029850788
817000     -6685.8330272164       109.9696121735      -717.6368990857    102002.7029850788
818000     -6685.8115885584       109.9721449668      -717.6678154266    102002.7029850788
819000     -6685.8153396984       109.9717697406      -717.7196190193    102002.7029850788
820000     -6685.8081358959       109.9726807357      -717.6979058937    102002.7029850788
821000     -6685.7924821388       109.9741150273      -717.6584050632    102002.7029850788
822000     -6685.7721511549       109.9761253063      -717.6969028482    102002.7029850788
823000     -6685.7601057010       109.9775415409      -717.6257601727    102002.7029850788
824000     -6685.7270175657       109.9808382390      -717.5729191567    102002.7029850788
825000     -6685.7356048815       109.9806586417      -717.6394085435    102002.7029850788
826000     -6685.7202957163       109.9819395188      -717.6928573517    102002.7029850788
827000     -6685.6968583270       109.9846113989      -717.7278958801    102002.7029850788
828000     -6685.7203616186       109.9825672449      -717.6866663200    102002.7029850788
829000     -6685.7336551225       109.9810631808      -717.8134275763    102002.7029850788
830000     -6685.7450668043       109.9801166817      -717.8238000996    102002.7029850788
831000     -6685.7791244514       109.9769920899      -717.8529613823    102002.7029850788
832000     -6685.7703463347       109.9777171371      -717.9425645944    102002.7029850788
833000     -6685.7589531979       109.9789980399      -717.9893181464    102002.7029850788
834000     -6685.7280302089       109.9817920368      -717.9348417655    102002.7029850788
835000     -6685.7171653102       109.9835470403      -717.9450525493    102002.7029850788
836000     -6685.6941382668       109.9865225070      -718.0592560814    102002.7029850788
837000     -6685.6957656854       109.9863175911      -718.1020966772    102002.7029850788
838000     -6685.6884889350       109.9871316243      -718.2364529465    102002.7029850788
839000     -6685.6529830669       109.9906731113      -718.1969998478    102002.7029850788
840000     -6685.6353108936       109.9920838746      -718.2293435007    102002.7029850788
841000     -6685.6205470024       109.9927017770      -718.2549601529    102002.7029850788
842000     -6685.6460465359       109.9906964713      -718.2374346676    102002.7029850788
843000     -6685.6359054635       109.9916820149      -718.2941025507    102002.7029850788
844000     -6685.6025675986       109.9950528898      -718.3278094299    102002.7029850788
845000     -6685.5733276654       109.9978757393      -718.3054065623    102002.7029850788
846000     -6685.5580116529       109.9997448162      -718.3431232608    102002.7029850788
847000     -6685.5416483182       110.0011941792      -718.3821946005    102002.7029850788
848000     -6685.5268497723       110.0024635819      -718.4533156717    102002.7029850788
849000     -6685.5106576614       110.0042638678      -718.5246129225    102002.7029850788
850000     -6685.4955890949       110.0061839838      -718.6014898442    102002.7029850788
851000     -6685.5261164805       110.0034870724      -718.5525847344    102002.7029850788
852000     -6685.5526907182       110.0011118919      -718.5754606593    102002.7029850788
853000     -6685.5597706084       110.0005120701      -718.5860287101    102002.7029850788
854000     -6685.5560301220       110.0010473955      -718.5863029431    102002.7029850788
855000     -6685.5394515386       110.0026212421      -718.6658870725    102002.7029850788
856000     -6685.5225847157       110.0044558935      -718.6723451368    102002.7029850788
857000     -6685.4959501201       110.0076816599      -718.6184247229    102002.7029850788
858000     -6685.4859026360       110.0081784802      -718.6351820041    102002.7029850788
859000     -6685.4639059267       110.0105175276      -718.5558368438    102002.7029850788
860000     -6685.4463059086       110.0123519511      -718.5294841720    102002.7029850788
861000     -6685.4526837281       110.0116424264      -718.5190321800    102002.7029850788
862000     -6685.4706275835       110.0100575597      -718.5680060518    102002.7029850788
863000     -6685.4952688848       110.0081616470      -718.5706887861    102002.7029850788
864000     -6685.5148160191       110.0062268678      -718.5926093464    102002.7029850788
865000     -6685.5397073417       110.0037686304      -718.6676275168    102002.7029850788
866000     -6685.5710800021       110.0011796579      -718.6595542809    102002.7029850788
867000     -6685.5845348188       109.9998431956      -718.7173802256    102002.7029850788
868000     -6685.5969631654       109.9986232548      -718.7705191912    102002.7029850788
869000     -6685.6120134382       109.9973750256      -718.7423369878    102002.7029850788
870000     -6685.6407397896       109.9947571933      -718.7804661868    102002.7029850787
871000     -6685.6531215568       109.9932218338      -718.8751297722    102002.7029850787
872000     -6685.6888880277       109.9901266638      -718.9668950784    102002.7029850787
873000     -6685.6957041774       109.9893296082      -719.0762437121    102002.7029850787
874000     -6685.7054479802       109.9884241873      -719.1025624703    102002.7029850787
875000     -6685.7001908687       109.9890434516      -719.0660671872    102002.7029850787
876000     -6685.7101612991       109.9881038600      -719.1240881176    102002.7029850787
877000     -6685.6886196237       109.9899303026      -719.0453407345    102002.7029850787
878000     -6685.6820760960       109.9903802194      -719.0327731600    102002.7029850787
879000     -6685.6982803772       109.9886379164      -719.0600287487    102002.7029850787
880000     -6685.6840479395       109.9895784801      -719.1048105102    102002.7029850787
881000     -6685.6812692608       109.9898241676      -719.0871491672    102002.7029850787
882000     -6685.6935408242       109.9882974814      -719.0901313414    102002.7029850787
883000     -6685.6832701063       109.9888775705      -719.0597854373    102002.7029850787
884000     -6685.6747201195       109.9899004053      -719.0647341279    102002.7029850787
885000     -6685.6670149293       109.9903363803      -719.1245383904    102002.7029850787
886000     -6685.6593023252       109.9909944457      -719.1846719673    102002.7029850787
887000     -6685.6641153609       109.9906166612      -719.2410865154    102002.7029850787
888000     -6685.6513411455       109.9915744216      -719.2731932418    102002.7029850787
889000     -6685.6193264410       109.9943877637      -719.2677671730    102002.7029850787
890000     -6685.5991284635       109.9964343195      -719.2952470774    102002.7029850787
891000     -6685.5896788652       109.9970140802      -719.3393406423    102002.7029850787
892000     -6685.5890572486       109.9971315214      -719.3465991359    102002.7029850787
893000     -6685.5997857902       109.9961384894      -719.3471155534    102002.7029850787
894000     -6685.5998876734       109.9961994359      -719.3179837834    102002.7029850787
895000     -6685.5859198352       109.9977666693      -719.3536044158    102002.7029850787
896000     -6685.5954132723       109.9970288308      -719.3756092189    102002.7029850787
897000     -6685.5837287817       109.9977500611      -719.3760919092    102002.7029850787
898000     -6685.5831043032       109.9978558145      -719.4038236050    102002.7029850787
899000     -6685.5946531844       109.9968701037      -719.3465661112    102002.7029850787
900000     -6685.5904156223       109.9969490648      -719.3772354061    102002.7029850787
901000     -6685.5837158286       109.9974148744      -719.3792865178    102002.7029850787
902000     -6685.5773211690       109.9983334222      -719.3665214873    102002.7029850787
903000     -6685.5926148191       109.9968333704      -719.4139260349    102002.7029850787
904000     -6685.6156347621       109.9944939216      -719.3852080839    102002.7029850787
905000     -6685.6074188882       109.9950258716      -719.3852366640    102002.7029850787
906000     -6685.5902305284       109.9965803984      -719.4432391750    102002.7029850787
907000     -6685.5611853691       109.9992712817      -719.4503746206    102002.7029850787
908000     -6685.5696842381       109.9990087333      -719.4566876294    102002.7029850787
909000     -6685.5507109879       110.0007975557      -719.5317234627    102002.7029850787
910000     -6685.5490366417       110.0012225866      -719.5266380776    102002.7029850787
911000     -6685.5374641083       110.0021825606      -719.4980052318    102002.7029850787
912000     -6685.5433645769       110.0016350522      -719.5149343955    102002.7029850787
913000     -6685.5406621947       110.0013297663      -719.4982690572    102002.7029850787
914000     -6685.5574804359       109.9995435197      -719.4647869803    102002.7029850787
915000     -6685.5495799977       110.0002748315      -719.4948386249    102002.7029850787
916000     -6685.5639380513       109.9989355649      -719.6001637714    102002.7029850787
917000     -6685.5887737642       109.9965760942      -719.6006819668    102002.7029850787
918000     -6685.5985890193       109.9955630300      -719.6264843022    102002.7029850787
919000     -6685.6271083594       109.9931830700      -719.6203899402    102002.7029850787
920000     -6685.6358729670       109.9924668423      -719.5725390518    102002.7029850787
921000     -6685.6186912339       109.9940027866      -719.6594102854    102002.7029850787
922000     -6685.6014785299       109.9957682957      -719.6875552088    102002.7029850787
923000     -6685.5904198787       109.9968648814      -719.7076646386    102002.7029850787
924000     -6685.5955644080       109.9966072476      -719.7171817518    102002.7029850787
925000     -6685.6151575975       109.9953050457      -719.6738330847    102002.7029850787
926000     -6685.6090991249       109.9960134794      -719.7432671195    102002.7029850787
927000     -6685.5980189011       109.9971624780      -719.8579303336    102002.7029850786
928000     -6685.5893686160       109.9982134743      -719.8818473244    102002.7029850786
929000     -6685.6096099048       109.9966398469      -719.9302953791    102002.7029850786
930000     -6685.5992201910       109.9975623459      -719.9843460190    102002.7029850786
931000     -6685.5846542673       109.9993176631      -719.9938092101    102002.7029850786
932000     -6685.6102034349       109.9977338280      -720.0387881525    102002.7029850786
933000     -6685.5839093916       110.0003801168      -720.1360092934    102002.7029850786
934000     -6685.5695343774       110.0019067507      -720.2305032191    102002.7029850786
935000     -6685.5694019798       110.0020917642      -720.2140141419    102002.7029850786
936000     -6685.5536378705       110.0035434315      -720.2563092265    102002.7029850786
937000     -6685.5611801702       110.0031627172      -720.2436305586    102002.7029850786
938000     -6685.5534882028       110.0035022143      -720.2518227995    102002.7029850786
939000     -6685.5376847945       110.0045710586      -720.2655839244    102002.7029850786
940000     -6685.5339951722       110.0043647748      -720.2556616803    102002.7029850786
941000     -6685.5510233818       110.0030151070      -720.2185435399    102002.7029850786
942000     -6685.5661517797       110.0007787967      -720.1624807919    102002.7029850786
943000     -6685.5731863521       110.0003388850      -720.1354233817    102002.7029850786
944000     -6685.5630177229       110.0012919020      -720.0882524134    102002.7029850786
945000     -6685.5580846672       110.0018898308      -720.0693574388    102002.7029850786
946000     -6685.5722771824       110.0004851715      -720.0991794046    102002.7029850786
947000     -6685.5987330195       109.9981287878      -720.0778215993    102002.7029850786
948000     -6685.5707710896       110.0007452545      -720.0234694969    102002.7029850786
949000     -6685.5655870651       110.0018219630      -720.0379683981    102002.7029850786
950000     -6685.5675851332       110.0017301066      -720.0725709780    102002.7029850786
951000     -6685.5665853711       110.0019456641      -720.1752710012    102002.7029850786
952000     -6685.5993445948       109.9994271922      -720.2033807356    102002.7029850786
953000     -6685.6092969351       109.9984815130      -720.2443580279    102002.7029850786
954000     -6685.5923153232       110.0000567317      -720.2459371576    102002.7029850786
955000     -6685.6034535741       109.9988067566      -720.2592147196    102002.7029850786
956000     -6685.6214827117       109.9973390924      -720.2771692161    102002.7029850786
957000     -6685.6140073441       109.9980497095      -720.3225458817    102002.7029850786
958000     -6685.5985765125       109.9997366650      -720.3677783331    102002.7029850786
959000     -6685.5926940337       110.0006669740      -720.3310193298    102002.7029850786
960000     -6685.5786029341       110.0020088534      -720.3645227316    102002.7029850786
961000     -6685.5619609795       110.0039046351      -720.3341391879    102002.7029850786
962000     -6685.5934648148       110.0008077427      -720.3358971963    102002.7029850786
963000     -6685.5944978455       110.0007758717      -720.3692788898    102002.7029850786
964000     -6685.6011881422       110.0002474383      -720.3716311934    102002.7029850786
965000     -6685.6261928340       109.9980267853      -720.3664746875    102002.7029850786
966000     -6685.6234553854       109.9980415395      -720.3696027111    102002.7029850786
967000     -6685.6271597153       109.9980942428      -720.4018875724    102002.7029850786
968000     -6685.6115400096       109.9997648311      -720.4327228461    102002.7029850786
969000     -6685.5924086673       110.0018650521      -720.4524573471    102002.7029850786
970000     -6685.5748575251       110.0036900588      -720.5257034032    102002.7029850786
971000     -6685.5724134007       110.0039952692      -720.5615603292    102002.7029850786
972000     -6685.5757982459       110.0038066286      -720.6122893354    102002.7029850786
973000     -6685.6082512005       110.0006588078      -720.6832842243    102002.7029850786
974000     -6685.6063943489       110.0003540899      -720.7474261276    102002.7029850786
975000     -6685.6297761333       109.9978660149      -720.7541345967    102002.7029850786
976000     -6685.6407911313       109.9970309512      -720.8035691805    102002.7029850786
977000     -6685.6589116380       109.9955602120      -720.9299837237    102002.7029850786
978000     -6685.6616135190       109.9952326779      -720.9491234204    102002.7029850786
979000     -6685.6599980961       109.9956767014      -720.9447839305    102002.7029850786
980000     -6685.6690166872       109.9948534339      -721.0396277976    102002.7029850786
981000     -6685.6739388804       109.9941159167      -721.0441006566    102002.7029850786
982000     -6685.6786165135       109.9934845259      -721.1032947390    102002.7029850786
983000     -6685.7031549835       109.9911998014      -721.1524568190    102002.7029850786
984000     -6685.6902587692       109.9923855407      -721.1396459978    102002.7029850786
985000     -6685.6693849986       109.9941602084      -721.1377672732    102002.7029850786
986000     -6685.6778642633       109.9933802146      -721.1347101707    102002.7029850786
987000     -6685.6994196363       109.9915527300      -721.1366375677    102002.7029850786
988000     -6685.7136907435       109.9902578356      -721.2100455238    102002.7029850786
989000     -6685.7186992201       109.9894544100      -721.2345943795    102002.7029850786
990000     -6685.7108520993       109.9907202076      -721.2743542351    102002.7029850786
991000     -6685.6866581257       109.9930827743      -721.3507674244    102002.7029850786
992000     -6685.6858755976       109.9933827401      -721.2932079993    102002.7029850786
993000     -6685.7030946712       109.9919346945      -721.3100546882    102002.7029850786
994000     -6685.7166378807       109.9907984915      -721.4072827028    102002.7029850786
995000     -6685.7440542344       109.9885968917      -721.4051521166    102002.7029850786
996000     -6685.7520245349       109.9878669927      -721.4039157903    102002.7029850786
997000     -6685.7584491998       109.9871603835      -721.4501376300    102002.7029850786
998000     -6685.7339684023       109.9891769538      -721.4859536588    102002.7029850786
999000     -6685.7343108416       109.9889226745      -721.4591017839    102002.7029850786
1000000     -6685.7499234648       109.9874473821      -721.4925290057    102002.7029850786
