# Time-averaged data for fix runningavgs
# TimeStep v_ra_etotal v_ra_temp v_ra_press v_ra_volume
502000     -6671.7291356500       110.0468454444      -689.6117807007    102002.7029850792
503000     -6677.6525820370       109.4724433999      -702.1291894598    102002.7029850792
504000     -6678.3010420167       109.4637829428      -702.6264614205    102002.7029850792
505000     -6677.5685505208       109.5615695635      -701.9003742110    102002.7029850792
506000     -6676.7483006559       109.6239555408      -700.8512898063    102002.7029850792
507000     -6677.6740343906       109.5355880722      -697.2581656278    102002.7029850792
508000     -6678.1631919549       109.5116172787      -698.6497037698    102002.7029850792
509000     -6677.1214826048       109.6091788539      -703.6432403726    102002.7029850792
510000     -6676.9912182967       109.5953987662      -705.7530138857    102002.7029850792
511000     -6675.9186720496       109.6907918554      -703.0078581418    102002.7029850792
512000     -6675.4537926667       109.7384305127      -701.6682218542    102002.7029850792
513000     -6674.5086778795       109.8126349107      -699.9607535767    102002.7029850792
514000     -6673.6792166205       109.8850165007      -700.3603026159    102002.7029850792
515000     -6673.6028911187       109.8902408058      -703.2507609384    102002.7029850792
516000     -6673.0233656172       109.9457557312      -705.0509696815    102002.7029850792
517000     -6672.7582110887       109.9672061415      -707.4310736536    102002.7029850792
518000     -6672.6166518557       109.9792303070      -707.4567540477    102002.7029850792
519000     -6673.1391536117       109.9269502600      -708.4479869228    102002.7029850792
520000     -6673.1746429746       109.9272159470      -708.3988278126    102002.7029850792
521000     -6673.0096607127       109.9418957632      -709.3963653482    102002.7029850792
522000     -6672.6760548120       109.9773174899      -712.6467641809    102002.7029850792
523000     -6672.8490716582       109.9794129280      -712.9031999252    102002.7029850792
524000     -6672.2361147592       110.0370165860      -714.3974722559    102002.7029850792
525000     -6672.1840801751       110.0471635503      -715.5928139248    102002.7029850792
526000     -6672.0672474206       110.0664724435      -716.7806468028    102002.7029850792
527000     -6672.1955430924       110.0572882988      -717.8840942869    102002.7029850792
528000     -6671.9005028255       110.0862500362      -719.8670691258    102002.7029850792
529000     -6671.8569277438       110.0909666699      -720.3889755035    102002.7029850792
530000     -6672.2718736252       110.0512178353      -720.0394173673    102002.7029850792
531000     -6672.3840237266       110.0404768153      -721.1409649555    102002.7029850792
532000     -6672.7572083370       110.0069706923      -721.2842498487    102002.7029850792
533000     -6672.8626570012       110.0007984578      -722.0240055891    102002.7029850792
534000     -6673.0381829567       109.9875862896      -722.6827554968    102002.7029850792
535000     -6673.1361960875       109.9783115825      -722.3565842054    102002.7029850792
536000     -6673.0667178731       109.9805472031      -721.9144294848    102002.7029850792
537000     -6673.0861076522       109.9816709557      -721.3155878590    102002.7029850792
538000     -6673.1170542975       109.9757015430      -721.5682177722    102002.7029850792
539000     -6673.4102867432       109.9491603289      -721.9461479781    102002.7029850791
540000     -6673.5656793690       109.9369448399      -722.6504643423    102002.7029850791
541000     -6673.7275233196       109.9211052372      -722.0403532656    102002.7029850791
542000     -6673.7190328588       109.9201701336      -722.2450118733    102002.7029850791
543000     -6673.6607876345       109.9280271911      -722.4503240355    102002.7029850791
544000     -6673.4694229211       109.9482842571      -722.2214644884    102002.7029850791
545000     -6673.4435748005       109.9486928098      -723.5018811479    102002.7029850791
546000     -6673.6016730581       109.9389560261      -723.3920240583    102002.7029850791
547000     -6673.6485609391       109.9367500349      -723.2562671222    102002.7029850791
548000     -6673.7190949685       109.9281252871      -723.6612443554    102002.7029850791
549000     -6673.8896699751       109.9121146263      -723.8117058967    102002.7029850791
550000     -6673.8326517359       109.9189587002      -724.0864215638    102002.7029850791
551000     -6673.8943786081       109.9158398223      -724.3138618519    102002.7029850791
552000     -6673.9110280676       109.9107117919      -724.0304165291    102002.7029850791
553000     -6674.0781837746       109.8949822245      -723.7491892140    102002.7029850791
554000     -6674.0480965663       109.8978626341      -722.8852977940    102002.7029850791
555000     -6673.9068110082       109.9112331984      -722.4583791248    102002.7029850791
556000     -6673.8554069876       109.9180204319      -722.7757450363    102002.7029850791
557000     -6673.9517108117       109.9092050963      -723.5627807675    102002.7029850791
558000     -6673.9177827089       109.9109850531      -723.0691893072    102002.7029850791
559000     -6673.7426204996       109.9258414477      -722.9913663418    102002.7029850791
560000     -6673.7503605097       109.9263822062      -722.8112840236    102002.7029850791
561000     -6673.6818060450       109.9328647223      -722.4092702795    102002.7029850791
562000     -6673.8375566870       109.9190263597      -723.0486747341    102002.7029850791
563000     -6673.8084451501       109.9214765421      -723.4929722219    102002.7029850791
564000     -6673.8785840655       109.9157423240      -722.9721085049    102002.7029850791
565000     -6673.8411927626       109.9199612872      -723.0122429673    102002.7029850791
566000     -6673.8619676258       109.9188090336      -723.1142563100    102002.7029850791
567000     -6673.9845278635       109.9087478016      -722.7847208030    102002.7029850791
568000     -6674.0432831654       109.9025987125      -723.3855996699    102002.7029850791
569000     -6674.1154704008       109.8964986662      -723.2945447301    102002.7029850791
570000     -6674.1842912537       109.8899022158      -723.1456778870    102002.7029850791
571000     -6674.1228808517       109.8953020491      -722.9998614001    102002.7029850791
572000     -6674.1575669786       109.8904354096      -722.5976460594    102002.7029850791
573000     -6674.1393419886       109.8918873178      -722.8567891439    102002.7029850791
574000     -6674.3081054652       109.8764605727      -723.1120153286    102002.7029850791
575000     -6674.2869456588       109.8783041580      -723.1786414527    102002.7029850791
576000     -6674.3958673386       109.8668492606      -723.3007689885    102002.7029850791
577000     -6674.3139845416       109.8743515608      -723.0690308947    102002.7029850791
578000     -6674.3847358986       109.8677972996      -722.8305820655    102002.7029850791
579000     -6674.4791767210       109.8575582747      -723.3386301538    102002.7029850791
580000     -6674.3435399617       109.8725730023      -723.1021378446    102002.7029850791
581000     -6674.3815538845       109.8694413812      -723.5227305887    102002.7029850791
582000     -6674.3670440292       109.8720926995      -723.6210467834    102002.7029850791
583000     -6674.4341631028       109.8650377721      -723.3731465806    102002.7029850791
584000     -6674.4724148086       109.8605296435      -723.2464355057    102002.7029850791
585000     -6674.4856874824       109.8603722140      -723.0011025339    102002.7029850791
586000     -6674.5005036391       109.8575891144      -723.4192653974    102002.7029850791
587000     -6674.5091305834       109.8565599614      -723.5542433445    102002.7029850791
588000     -6674.4933871044       109.8584889537      -723.5474427390    102002.7029850791
589000     -6674.4860947312       109.8575400609      -723.4987560444    102002.7029850791
590000     -6674.4757471090       109.8598152533      -723.5150080505    102002.7029850791
591000     -6674.3496567545       109.8733492800      -723.9176837407    102002.7029850792
592000     -6674.4627241237       109.8615984713      -724.3178141815    102002.7029850792
593000     -6674.4423223786       109.8622113568      -724.7043849126    102002.7029850792
594000     -6674.4137935643       109.8649009182      -724.4500454573    102002.7029850792
595000     -6674.3520650588       109.8689612457      -724.1730627593    102002.7029850792
596000     -6674.1906197452       109.8836850334      -724.0266961589    102002.7029850792
597000     -6674.2068274585       109.8814451129      -723.5548534760    102002.7029850792
598000     -6674.2447969339       109.8788991702      -723.6019280202    102002.7029850792
599000     -6674.2608790333       109.8764567528      -723.6042163993    102002.7029850792
600000     -6674.2354137169       109.8790056614      -723.1972972559    102002.7029850792
601000     -6674.2879880336       109.8715105465      -722.9101116754    102002.7029850792
602000     -6674.2191446476       109.8773802782      -722.3662295945    102002.7029850792
603000     -6674.1818301200       109.8795756772      -721.9522273424    102002.7029850792
604000     -6674.2399193347       109.8736013421      -721.9681684897    102002.7029850793
605000     -6674.2849473573       109.8694884737      -721.7409776863    102002.7029850793
606000     -6674.2501202976       109.8715337196      -721.2892200269    102002.7029850793
607000     -6674.2304683901       109.8723199593      -720.9048947011    102002.7029850793
608000     -6674.1587271078       109.8781048377      -720.9225475583    102002.7029850793
609000     -6674.1627949605       109.8783871495      -720.6284643634    102002.7029850793
610000     -6674.0215793989       109.8921792505      -720.5144743174    102002.7029850793
611000     -6674.0440941200       109.8900652111      -720.5157330799    102002.7029850793
612000     -6673.9286883182       109.8991323437      -720.2386625506    102002.7029850793
613000     -6673.9187201062       109.8991721778      -719.8419469282    102002.7029850793
614000     -6673.8809700209       109.9028090994      -719.3426677009    102002.7029850793
615000     -6673.7662986307       109.9129618788      -719.2242255698    102002.7029850793
616000     -6673.7166943140       109.9182265066      -719.0516997619    102002.7029850793
617000     -6673.6708064361       109.9226642329      -718.8432566614    102002.7029850793
618000     -6673.6811820878       109.9199666901      -718.4462309175    102002.7029850793
619000     -6673.7572137387       109.9113639873      -717.9373525402    102002.7029850793
620000     -6673.7637467719       109.9087547267      -717.2768515717    102002.7029850793
621000     -6673.8235740069       109.9016672797      -717.1803235304    102002.7029850793
622000     -6673.8137216492       109.9031003483      -716.9065390744    102002.7029850794
623000     -6673.7786528728       109.9048744664      -716.5209722013    102002.7029850794
624000     -6673.8637121666       109.8957170854      -716.1784060655    102002.7029850794
625000     -6673.8867856767       109.8933536675      -715.7134026239    102002.7029850794
626000     -6673.9322962493       109.8878969632      -715.2295130634    102002.7029850794
627000     -6673.9465424828       109.8863948493      -715.1127404401    102002.7029850794
628000     -6673.9715635754       109.8828679999      -714.9588569829    102002.7029850794
629000     -6674.0368611835       109.8774035764      -714.6501109878    102002.7029850794
630000     -6674.0349792214       109.8767689839      -714.1629941335    102002.7029850794
631000     -6674.0082117060       109.8769973324      -713.7439684522    102002.7029850794
632000     -6674.0047641576       109.8767167138      -713.1324364937    102002.7029850794
633000     -6673.9960948011       109.8768057924      -712.8550254351    102002.7029850794
634000     -6673.9790079355       109.8779617213      -712.5485543860    102002.7029850794
635000     -6673.9433018278       109.8823168171      -712.1538062810    102002.7029850794
636000     -6673.8862719670       109.8890075691      -711.7100870805    102002.7029850794
637000     -6673.8461572728       109.8926842820      -711.3856494566    102002.7029850794
638000     -6673.8079736109       109.8964274790      -710.9998473846    102002.7029850794
639000     -6673.8484907343       109.8929959237      -710.7573643173    102002.7029850794
640000     -6673.8884151820       109.8887994821      -710.6998081450    102002.7029850794
641000     -6673.9656418576       109.8821267384      -710.6048367604    102002.7029850794
642000     -6673.9425522794       109.8836157672      -710.1760488664    102002.7029850794
643000     -6674.0272060540       109.8757070967      -709.6421356560    102002.7029850794
644000     -6674.0313875493       109.8746560968      -709.4357095822    102002.7029850794
645000     -6674.0712744673       109.8704049049      -709.0643095233    102002.7029850794
646000     -6674.0305488250       109.8740402593      -709.0514999405    102002.7029850795
647000     -6674.0132293656       109.8769514966      -708.8929373516    102002.7029850795
648000     -6673.9446224335       109.8831055986      -708.8008191077    102002.7029850795
649000     -6674.0014855443       109.8770073178      -708.6854539417    102002.7029850795
650000     -6674.0425547603       109.8734697012      -708.4814056625    102002.7029850795
651000     -6674.0166728895       109.8758392857      -708.4361802754    102002.7029850795
652000     -6673.9926553008       109.8791989877      -708.5275629818    102002.7029850795
653000     -6673.9433686783       109.8838553412      -708.5130075151    102002.7029850795
654000     -6673.8680171928       109.8891453347      -708.3351859982    102002.7029850795
655000     -6673.8701878684       109.8887970653      -708.1875454631    102002.7029850795
656000     -6673.8816273449       109.8865280220      -707.9156227567    102002.7029850795
657000     -6673.9105048783       109.8838001596      -707.8189822467    102002.7029850795
658000     -6673.9757969683       109.8782162287      -707.8024285394    102002.7029850795
659000     -6673.9530172726       109.8803554475      -707.8706175994    102002.7029850795
660000     -6673.9262537070       109.8835524703      -707.7196287404    102002.7029850795
661000     -6673.8531422624       109.8891624052      -707.6114857454    102002.7029850795
662000     -6673.8659463096       109.8883464395      -707.1137643757    102002.7029850795
663000     -6673.8374770358       109.8909746730      -707.1000286841    102002.7029850795
664000     -6673.8336463380       109.8917514905      -707.1405412145    102002.7029850795
665000     -6673.8062765649       109.8951359848      -707.0234964738    102002.7029850795
666000     -6673.7910022506       109.8953801109      -706.9835453977    102002.7029850795
667000     -6673.7111586494       109.9031944883      -706.8480407379    102002.7029850795
668000     -6673.7653576362       109.8981336121      -706.5116852240    102002.7029850795
669000     -6673.7617856732       109.8982587317      -706.4862959112    102002.7029850795
670000     -6673.7094710687       109.9029589083      -706.4247356023    102002.7029850795
671000     -6673.7151308610       109.9022282449      -706.4095701721    102002.7029850795
672000     -6673.8046753223       109.8942068450      -706.2202257559    102002.7029850795
673000     -6673.8018752791       109.8940672154      -706.2192530602    102002.7029850795
674000     -6673.8513456960       109.8909527592      -705.8777587869    102002.7029850794
675000     -6673.8450005355       109.8915737764      -705.7870289424    102002.7029850794
676000     -6673.8450514532       109.8914948031      -706.0028540995    102002.7029850794
677000     -6673.9058456677       109.8856302572      -705.9228479643    102002.7029850794
678000     -6673.9342783125       109.8839377409      -705.8438822739    102002.7029850794
679000     -6673.8946710285       109.8870731788      -705.7530047593    102002.7029850794
680000     -6673.8744075663       109.8895882912      -705.6300917857    102002.7029850794
681000     -6673.9283024411       109.8845240827      -705.3897449680    102002.7029850794
682000     -6673.9503270985       109.8821828481      -705.3067761589    102002.7029850794
683000     -6673.9968408943       109.8776620006      -705.2160425072    102002.7029850794
684000     -6673.9505471172       109.8818942645      -705.0442372063    102002.7029850794
685000     -6673.9060624846       109.8856117986      -704.7739357185    102002.7029850794
686000     -6673.9192328281       109.8846000229      -704.7964221938    102002.7029850794
687000     -6673.9358460913       109.8837714106      -704.7650405344    102002.7029850794
688000     -6674.0029363917       109.8766939025      -704.8810197364    102002.7029850793
689000     -6674.0214395584       109.8753019052      -704.8896342635    102002.7029850793
690000     -6674.0379820203       109.8745098626      -704.7536191192    102002.7029850793
691000     -6674.0257941825       109.8758402503      -704.4950109785    102002.7029850793
692000     -6673.9641384351       109.8814153219      -704.4947550098    102002.7029850793
693000     -6673.9438895649       109.8833993702      -704.5440524310    102002.7029850793
694000     -6673.8965525192       109.8875631998      -704.5603056707    102002.7029850793
695000     -6673.8816414606       109.8885479140      -704.6340426462    102002.7029850793
696000     -6673.9120775586       109.8850404653      -704.5043969900    102002.7029850793
697000     -6673.9532743657       109.8815644756      -704.3850817210    102002.7029850793
698000     -6673.9558534850       109.8815781388      -704.4376249664    102002.7029850793
699000     -6673.9981014523       109.8769408272      -704.4096780391    102002.7029850793
700000     -6673.9830686290       109.8794284741      -704.4692436544    102002.7029850793
701000     -6674.0214279826       109.8753596890      -704.3530043683    102002.7029850793
702000     -6674.0054277688       109.8767790403      -704.0934936104    102002.7029850793
703000     -6673.9529726917       109.8801885728      -703.9802329984    102002.7029850793
704000     -6673.8864798276       109.8869638002      -703.7845387519    102002.7029850792
705000     -6673.8467468766       109.8906513505      -703.7127566078    102002.7029850792
706000     -6673.8324604159       109.8903997196      -703.7471854387    102002.7029850792
707000     -6673.8184756913       109.8916182725      -703.7498939579    102002.7029850792
708000     -6673.7565764709       109.8979596453      -703.4755842148    102002.7029850792
709000     -6673.7283409651       109.9001565146      -703.3388898291    102002.7029850792
710000     -6673.7357611235       109.8996456837      -702.9736078511    102002.7029850792
711000     -6673.7709171431       109.8963150190      -702.8065016565    102002.7029850792
712000     -6673.7778717776       109.8950321851      -702.8594092250    102002.7029850792
713000     -6673.7785728142       109.8949559296      -702.6456350238    102002.7029850792
714000     -6673.7165401722       109.9011590345      -702.3966643602    102002.7029850792
715000     -6673.7207128727       109.9004329051      -702.1709707218    102002.7029850792
716000     -6673.6656913064       109.9049721838      -702.0031667739    102002.7029850792
717000     -6673.6251448884       109.9090487967      -701.8183863167    102002.7029850792
718000     -6673.6149757493       109.9093152049      -701.8300282992    102002.7029850792
719000     -6673.6011028024       109.9103824782      -701.8115459327    102002.7029850792
720000     -6673.5525049242       109.9151185205      -701.6059113785    102002.7029850792
721000     -6673.5354083681       109.9166871347      -701.4233837612    102002.7029850792
722000     -6673.4895909117       109.9208484334      -701.3379149234    102002.7029850792
723000     -6673.4748061079       109.9219999626      -701.2623771022    102002.7029850792
724000     -6673.4574691223       109.9230263098      -701.0998884275    102002.7029850791
725000     -6673.4219548653       109.9263336735      -700.8813222532    102002.7029850791
726000     -6673.4380570175       109.9248993044      -700.6653302470    102002.7029850791
727000     -6673.3996059829       109.9285065259      -700.3883067542    102002.7029850791
728000     -6673.3853117014       109.9295147235      -700.2581055696    102002.7029850791
729000     -6673.4276795678       109.9250132344      -700.1904068156    102002.7029850791
730000     -6673.4235284117       109.9251006268      -700.0231429256    102002.7029850791
731000     -6673.3814482375       109.9285325347      -699.8226203352    102002.7029850791
732000     -6673.3688660056       109.9283955418      -699.5579774961    102002.7029850791
733000     -6673.3609604405       109.9283423574      -699.3250643544    102002.7029850791
734000     -6673.3537006275       109.9283302998      -699.0918904109    102002.7029850791
735000     -6673.3748974324       109.9264053039      -698.9438407846    102002.7029850791
736000     -6673.3526437689       109.9279089057      -698.8463141985    102002.7029850791
737000     -6673.3774343356       109.9255571654      -698.6680752431    102002.7029850791
738000     -6673.3646775582       109.9265665727      -698.4644572008    102002.7029850791
739000     -6673.3088479548       109.9319076970      -698.2528779888    102002.7029850791
740000     -6673.3090308892       109.9320237085      -697.9847058452    102002.7029850791
741000     -6673.2955496709       109.9334795485      -697.8945775245    102002.7029850791
742000     -6673.2919079323       109.9334441037      -697.8344657324    102002.7029850791
743000     -6673.2603111464       109.9368316663      -697.7787807799    102002.7029850791
744000     -6673.2558813993       109.9372694687      -697.5367605297    102002.7029850791
745000     -6673.2853271553       109.9340374164      -697.2878476778    102002.7029850791
746000     -6673.2841017208       109.9340557929      -697.1614203213    102002.7029850791
747000     -6673.2739572599       109.9349894229      -697.0979427890    102002.7029850791
748000     -6673.2664395950       109.9358416954      -697.0175544776    102002.7029850790
749000     -6673.3010843419       109.9321866228      -696.8924089722    102002.7029850790
750000     -6673.2991780821       109.9321558937      -696.6737116252    102002.7029850790
751000     -6673.2990010982       109.9320230726      -696.4449423039    102002.7029850790
752000     -6673.2687927584       109.9349586209      -696.2288025785    102002.7029850790
753000     -6673.2465203725       109.9364245412      -696.1475451417    102002.7029850790
754000     -6673.2089728547       109.9397609465      -696.1966836411    102002.7029850790
755000     -6673.1820627143       109.9424645988      -696.2091799431    102002.7029850790
756000     -6673.2072854040       109.9403352623      -696.0876217164    102002.7029850790
757000     -6673.2302995872       109.9383406309      -695.9380517285    102002.7029850790
758000     -6673.2525867368       109.9366380287      -695.7791457651    102002.7029850790
759000     -6673.2844099712       109.9334924352      -695.6439893870    102002.7029850790
760000     -6673.3043909758       109.9314939630      -695.6280620154    102002.7029850790
761000     -6673.3075877932       109.9317745613      -695.5516817613    102002.7029850790
762000     -6673.2813017882       109.9338197657      -695.3970100732    102002.7029850790
763000     -6673.2338261407       109.9376224266      -695.2435033737    102002.7029850790
764000     -6673.2202081817       109.9388060729      -695.1350370079    102002.7029850790
765000     -6673.2133344653       109.9399161580      -695.0729443652    102002.7029850790
766000     -6673.1982331992       109.9414308771      -695.1357192754    102002.7029850790
767000     -6673.2026259795       109.9411275507      -695.1238219506    102002.7029850790
768000     -6673.1616300176       109.9450187038      -694.9248410176    102002.7029850790
769000     -6673.1487976529       109.9458970267      -694.7316740058    102002.7029850790
770000     -6673.1783333395       109.9431253289      -694.5375776491    102002.7029850790
771000     -6673.1911790753       109.9417153371      -694.4264785856    102002.7029850790
772000     -6673.2066624271       109.9400601573      -694.4244661960    102002.7029850790
773000     -6673.2174742645       109.9395510785      -694.4073810799    102002.7029850790
774000     -6673.2205492485       109.9394420143      -694.3590625474    102002.7029850790
775000     -6673.2496026363       109.9366972701      -694.2264892827    102002.7029850790
776000     -6673.2858174702       109.9335088491      -694.1462576971    102002.7029850790
777000     -6673.2998081893       109.9319277220      -694.0769675132    102002.7029850789
778000     -6673.3223630793       109.9296309207      -693.9471877422    102002.7029850789
779000     -6673.3160628033       109.9302135291      -693.8404214785    102002.7029850789
780000     -6673.3538916830       109.9266225234      -693.6867338995    102002.7029850789
781000     -6673.3517813371       109.9260185827      -693.6370628966    102002.7029850789
782000     -6673.3513283095       109.9265179060      -693.4502629469    102002.7029850789
783000     -6673.3198384889       109.9296813088      -693.3855549506    102002.7029850789
784000     -6673.2722128069       109.9339781227      -693.3194112891    102002.7029850789
785000     -6673.2728005133       109.9342802604      -693.2677980960    102002.7029850789
786000     -6673.2922243523       109.9324528374      -693.2140797795    102002.7029850789
787000     -6673.2548714920       109.9362698911      -693.1246883131    102002.7029850789
788000     -6673.2923368823       109.9329674340      -693.0544213988    102002.7029850789
789000     -6673.2934406758       109.9326849493      -693.0247540428    102002.7029850789
790000     -6673.2789397227       109.9342089794      -692.9805401693    102002.7029850789
791000     -6673.3121075451       109.9316001887      -692.9345776221    102002.7029850789
792000     -6673.3041697923       109.9322173780      -692.8610346341    102002.7029850789
793000     -6673.2819560753       109.9343876928      -692.6458091657    102002.7029850789
794000     -6673.2754774872       109.9352923819      -692.5081171259    102002.7029850789
795000     -6673.2388952503       109.9382208110      -692.4662674954    102002.7029850789
796000     -6673.2301643292       109.9393391029      -692.4515288589    102002.7029850789
797000     -6673.2295650630       109.9397817411      -692.3964737882    102002.7029850789
798000     -6673.2191570192       109.9408985863      -692.3519875210    102002.7029850789
799000     -6673.2297183985       109.9401286520      -692.2627351648    102002.7029850789
800000     -6673.1914233646       109.9438791858      -692.1851546146    102002.7029850789
801000     -6673.1824781436       109.9444212265      -692.1280009048    102002.7029850789
802000     -6673.2133900087       109.9421516133      -692.0807689235    102002.7029850789
803000     -6673.2239678697       109.9413154198      -692.1129085289    102002.7029850789
804000     -6673.2636526999       109.9380623972      -691.9829987085    102002.7029850789
805000     -6673.2603904911       109.9386596518      -691.9104587908    102002.7029850789
806000     -6673.2417369453       109.9402056958      -691.8761692506    102002.7029850789
807000     -6673.2218398317       109.9423077895      -691.8046852514    102002.7029850789
808000     -6673.2112154112       109.9434713617      -691.8336202691    102002.7029850789
809000     -6673.1959802118       109.9448943785      -691.7967633463    102002.7029850789
810000     -6673.2062082465       109.9439417273      -691.6374261195    102002.7029850789
811000     -6673.2202619642       109.9423226648      -691.5107955265    102002.7029850789
812000     -6673.2053255900       109.9437695128      -691.4924112681    102002.7029850789
813000     -6673.2004123567       109.9442735674      -691.5005193037    102002.7029850789
814000     -6673.2219196092       109.9426068370      -691.5242402920    102002.7029850789
815000     -6673.2429634834       109.9408826830      -691.6372569227    102002.7029850788
816000     -6673.2757510119       109.9376145961      -691.5545791155    102002.7029850788
817000     -6673.2776035976       109.9374538340      -691.5249704807    102002.7029850788
818000     -6673.2902758945       109.9366165528      -691.4174510663    102002.7029850788
819000     -6673.3191609307       109.9339737751      -691.4356118780    102002.7029850788
820000     -6673.3228991358       109.9337535093      -691.4901168137    102002.7029850788
821000     -6673.2855935146       109.9374945418      -691.4813026565    102002.7029850788
822000     -6673.2763263458       109.9386022331      -691.3823972816    102002.7029850788
823000     -6673.2729648139       109.9386308498      -691.2893729941    102002.7029850788
824000     -6673.2886082480       109.9369977591      -691.1806355733    102002.7029850788
825000     -6673.3124088364       109.9347356043      -691.0971556201    102002.7029850788
826000     -6673.3325347135       109.9329242015      -691.1003134824    102002.7029850788
827000     -6673.3613515639       109.9303716538      -691.0065533287    102002.7029850788
828000     -6673.3688211806       109.9298834471      -690.9316921398    102002.7029850788
829000     -6673.3434096664       109.9322742814      -690.7981047886    102002.7029850788
830000     -6673.3111179082       109.9352096728      -690.7031361234    102002.7029850788
831000     -6673.2996723201       109.9364815302      -690.6266686987    102002.7029850788
832000     -6673.2642874430       109.9400326238      -690.5576874166    102002.7029850788
833000     -6673.2443217264       109.9420203955      -690.5088953822    102002.7029850788
834000     -6673.2489956636       109.9418702233      -690.3591485455    102002.7029850788
835000     -6673.2060807694       109.9458512716      -690.2861980368    102002.7029850788
836000     -6673.2079383431       109.9457588497      -690.1768444049    102002.7029850788
837000     -6673.2312438804       109.9441017027      -690.1129314920    102002.7029850788
838000     -6673.2285373596       109.9442747354      -690.0514336799    102002.7029850788
839000     -6673.2244198144       109.9447205835      -690.0169265940    102002.7029850788
840000     -6673.1952735743       109.9474146482      -689.9466218240    102002.7029850788
841000     -6673.2115885409       109.9459268055      -689.8054295525    102002.7029850788
842000     -6673.2136002872       109.9457870209      -689.6337134866    102002.7029850788
843000     -6673.2463363470       109.9426087004      -689.5490093713    102002.7029850788
844000     -6673.2154386924       109.9453771702      -689.5041960130    102002.7029850788
845000     -6673.2093418518       109.9464105324      -689.4120518216    102002.7029850788
846000     -6673.1831959509       109.9488157252      -689.3588426275    102002.7029850788
847000     -6673.2022046358       109.9471467826      -689.1969016287    102002.7029850788
848000     -6673.2046708338       109.9469402926      -689.0659035573    102002.7029850788
849000     -6673.2064088122       109.9467670476      -689.0820404452    102002.7029850788
850000     -6673.1923357018       109.9479443476      -688.9999544714    102002.7029850788
851000     -6673.1931761001       109.9480069802      -689.0089229459    102002.7029850788
852000     -6673.1740656180       109.9498806925      -688.9793191343    102002.7029850788
853000     -6673.1883063731       109.9485922956      -688.8481570602    102002.7029850788
854000     -6673.2139693945       109.9462149748      -688.8208670519    102002.7029850788
855000     -6673.2300802332       109.9450956472      -688.7345652585    102002.7029850788
856000     -6673.2540366464       109.9425109732      -688.7554414397    102002.7029850788
857000     -6673.2639052490       109.9419075137      -688.7725562970    102002.7029850788
858000     -6673.2356297771       109.9449694011      -688.6645279847    102002.7029850788
859000     -6673.2152538324       109.9463883625      -688.5643189376    102002.7029850788
860000     -6673.2269307849       109.9454354974      -688.5044961046    102002.7029850788
861000     -6673.2452216110       109.9437621999      -688.4987882840    102002.7029850788
862000     -6673.2368469375       109.9444239344      -688.4842286959    102002.7029850788
863000     -6673.2253508793       109.9456396577      -688.4901114735    102002.7029850788
864000     -6673.2087490982       109.9474126665      -688.4438093841    102002.7029850788
865000     -6673.2234817147       109.9461725492      -688.4301502455    102002.7029850788
866000     -6673.2482704006       109.9436455302      -688.4013632196    102002.7029850788
867000     -6673.2625296094       109.9422795891      -688.3596989352    102002.7029850788
868000     -6673.2630171410       109.9426582399      -688.4395065733    102002.7029850788
869000     -6673.2740426887       109.9415476270      -688.4779364310    102002.7029850788
870000     -6673.2719907593       109.9418945604      -688.4924196884    102002.7029850787
871000     -6673.2733164238       109.9417497995      -688.5260512611    102002.7029850787
872000     -6673.2374988181       109.9451174931      -688.5447360884    102002.7029850787
873000     -6673.2282806489       109.9463239647      -688.5133577974    102002.7029850787
874000     -6673.1948414521       109.9493905744      -688.6054257513    102002.7029850787
875000     -6673.1901581658       109.9502046161      -688.7002958248    102002.7029850787
876000     -6673.1871286135       109.9508336449      -688.7059044363    102002.7029850787
877000     -6673.1984872586       109.9497973866      -688.6758790925    102002.7029850787
878000     -6673.1893520960       109.9505684157      -688.6670924376    102002.7029850787
879000     -6673.1554460576       109.9535892930      -688.7013728713    102002.7029850787
880000     -6673.1487832642       109.9547307334      -688.7079144664    102002.7029850787
881000     -6673.1420208108       109.9554058414      -688.7081341620    102002.7029850787
882000     -6673.1346911042       109.9561122563      -688.7386849918    102002.7029850787
883000     -6673.1050822003       109.9588655114      -688.7043005894    102002.7029850787
884000     -6673.1090235344       109.9583784530      -688.7118340171    102002.7029850787
885000     -6673.1076540778       109.9587455523      -688.7228683112    102002.7029850787
886000     -6673.1214626970       109.9572664126      -688.7792373082    102002.7029850787
887000     -6673.1264275255       109.9568614911      -688.7620477959    102002.7029850787
888000     -6673.1161890576       109.9579910711      -688.6917089117    102002.7029850787
889000     -6673.0979497142       109.9595293977      -688.6066876227    102002.7029850787
890000     -6673.0872029730       109.9605894651      -688.5780533480    102002.7029850787
891000     -6673.1056968300       109.9589576391      -688.5856572590    102002.7029850787
892000     -6673.1148964947       109.9582099782      -688.5713020465    102002.7029850787
893000     -6673.1308276416       109.9567997681      -688.5448194319    102002.7029850787
894000     -6673.1442789826       109.9555126183      -688.4707997377    102002.7029850787
895000     -6673.1501839373       109.9547078744      -688.3515413832    102002.7029850787
896000     -6673.1488850462       109.9548812661      -688.3161478200    102002.7029850787
897000     -6673.1585039884       109.9537920064      -688.3260001707    102002.7029850787
898000     -6673.1593499297       109.9535100863      -688.2854429720    102002.7029850787
899000     -6673.1546203930       109.9544064529      -688.2959063002    102002.7029850787
900000     -6673.1362619799       109.9563205153      -688.1851873071    102002.7029850787
901000     -6673.1457554062       109.9555178124      -688.0515484734    102002.7029850787
902000     -6673.1408372329       109.9558285984      -688.0604770145    102002.7029850787
903000     -6673.1388449690       109.9559115921      -687.9996434318    102002.7029850787
904000     -6673.1315274493       109.9566333441      -687.9710741456    102002.7029850787
905000     -6673.1124508269       109.9580336328      -687.9491337595    102002.7029850787
906000     -6673.1209909876       109.9572040641      -687.8709451680    102002.7029850787
907000     -6673.1069384233       109.9588712236      -687.8117272732    102002.7029850787
908000     -6673.1049084581       109.9589120165      -687.7956769673    102002.7029850787
909000     -6673.0852587874       109.9606858481      -687.8584134046    102002.7029850787
910000     -6673.0616179758       109.9632201769      -687.9182782972    102002.7029850787
911000     -6673.0700550640       109.9626364684      -687.9227096480    102002.7029850787
912000     -6673.0749965029       109.9619466269      -687.8626029464    102002.7029850787
913000     -6673.0457474820       109.9644739965      -687.7916512009    102002.7029850787
914000     -6673.0236157850       109.9664714141      -687.7570952766    102002.7029850787
915000     -6673.0221288450       109.9664313415      -687.7780669440    102002.7029850787
916000     -6673.0347394899       109.9652595097      -687.8151249737    102002.7029850787
917000     -6673.0557439224       109.9635196120      -687.7279185730    102002.7029850787
918000     -6673.0532375727       109.9637148440      -687.7436069803    102002.7029850787
919000     -6673.0255375187       109.9665811926      -687.7320149933    102002.7029850787
920000     -6673.0318798945       109.9661973092      -687.7063374244    102002.7029850787
921000     -6673.0494867217       109.9646368637      -687.7871869820    102002.7029850787
922000     -6673.0747629499       109.9626529204      -687.8409385354    102002.7029850787
923000     -6673.0856355990       109.9617803356      -687.8493586473    102002.7029850787
924000     -6673.0694462310       109.9633877983      -687.7656268924    102002.7029850787
925000     -6673.0699628048       109.9635541721      -687.7653732177    102002.7029850787
926000     -6673.0424815214       109.9659189959      -687.7174568932    102002.7029850787
927000     -6673.0469651815       109.9657002188      -687.7029875091    102002.7029850786
928000     -6673.0483907650       109.9657997638      -687.7671321268    102002.7029850786
929000     -6673.0382323099       109.9668457504      -687.7465328768    102002.7029850786
930000     -6673.0052506032       109.9698167594      -687.7465280079    102002.7029850786
931000     -6673.0027127408       109.9699772062      -687.5967558461    102002.7029850786
932000     -6672.9797070259       109.9725396774      -687.4929331012    102002.7029850786
933000     -6672.9598715349       109.9738755466      -687.5603217952    102002.7029850786
934000     -6672.9336499475       109.9766899415      -687.4411982361    102002.7029850786
935000     -6672.9354747225       109.9767067371      -687.4213115665    102002.7029850786
936000     -6672.9208230187       109.9780290653      -687.4577244829    102002.7029850786
937000     -6672.9235952199       109.9778036925      -687.3729395554    102002.7029850786
938000     -6672.9083217453       109.9790886912      -687.4080347192    102002.7029850786
939000     -6672.9045168886       109.9796043525      -687.4657168644    102002.7029850786
940000     -6672.8841440876       109.9814829225      -687.4482357842    102002.7029850786
941000     -6672.8883261002       109.9809524524      -687.3990627340    102002.7029850786
942000     -6672.9110801981       109.9785452292      -687.3526282400    102002.7029850786
943000     -6672.8933866021       109.9797737963      -687.3371921295    102002.7029850786
944000     -6672.8824789513       109.9804790103      -687.3073599389    102002.7029850786
945000     -6672.8562992183       109.9828034217      -687.2443968186    102002.7029850786
946000     -6672.8384925382       109.9840316628      -687.2900246301    102002.7029850786
947000     -6672.8153217734       109.9861009089      -687.2572669030    102002.7029850786
948000     -6672.8126301787       109.9861453049      -687.1858131638    102002.7029850786
949000     -6672.8337846794       109.9839093347      -687.2045509327    102002.7029850786
950000     -6672.8560339923       109.9817757069      -687.2340498547    102002.7029850786
951000     -6672.8724176122       109.9803797945      -687.2528158868    102002.7029850786
952000     -6672.8731789879       109.9801106174      -687.2608185750    102002.7029850786
953000     -6672.8946534090       109.9782635098      -687.2644317628    102002.7029850786
954000     -6672.8985315750       109.9778899851      -687.1894801814    102002.7029850786
955000     -6672.9108402694       109.9764024483      -687.1984455351    102002.7029850786
956000     -6672.9310450139       109.9745381752      -687.2288405409    102002.7029850786
957000     -6672.9577193396       109.9721393637      -687.2478320976    102002.7029850786
958000     -6672.9532267689       109.9724156627      -687.2547899611    102002.7029850786
959000     -6672.9759074847       109.9700073788      -687.2702867090    102002.7029850786
960000     -6672.9755197998       109.9700301026      -687.2513803088    102002.7029850786
961000     -6672.9623282418       109.9715490151      -687.2827666475    102002.7029850786
962000     -6672.9522882080       109.9725663930      -687.3173727791    102002.7029850786
963000     -6672.9542820482       109.9724629438      -687.3549150356    102002.7029850786
964000     -6672.9415955329       109.9736079850      -687.4434707078    102002.7029850786
965000     -6672.9133143828       109.9760300468      -687.4531811385    102002.7029850786
966000     -6672.9108705980       109.9760279823      -687.4534161164    102002.7029850786
967000     -6672.9157234469       109.9753748254      -687.4353149612    102002.7029850786
968000     -6672.9074498807       109.9762493944      -687.4465322860    102002.7029850786
969000     -6672.9043315665       109.9765606380      -687.4672491809    102002.7029850786
970000     -6672.8852432089       109.9783095792      -687.5268906340    102002.7029850786
971000     -6672.8966568214       109.9772725167      -687.4910765562    102002.7029850786
972000     -6672.8805650957       109.9787236442      -687.5880972607    102002.7029850786
973000     -6672.8646086804       109.9805920354      -687.6246268199    102002.7029850786
974000     -6672.8539258881       109.9818392110      -687.6875309336    102002.7029850786
975000     -6672.8260693866       109.9844796384      -687.8464571643    102002.7029850786
976000     -6672.8305256345       109.9843746182      -687.8564593353    102002.7029850786
977000     -6672.8409335377       109.9834415437      -687.9597835497    102002.7029850786
978000     -6672.8592807000       109.9817969599      -687.9890584419    102002.7029850786
979000     -6672.8695109046       109.9808218197      -688.0165529122    102002.7029850786
980000     -6672.8671007192       109.9810824604      -688.0826761890    102002.7029850786
981000     -6672.8546485150       109.9823551566      -688.1637728982    102002.7029850786
982000     -6672.8286788106       109.9846456557      -688.2562154001    102002.7029850786
983000     -6672.8236304283       109.9851101024      -688.3205449735    102002.7029850786
984000     -6672.8098551027       109.9862515112      -688.3920681042    102002.7029850786
985000     -6672.7893938302       109.9884091810      -688.3863573674    102002.7029850786
986000     -6672.7835587738       109.9889192932      -688.4840589748    102002.7029850786
987000     -6672.7569963768       109.9914901476      -688.5226613041    102002.7029850786
988000     -6672.7642533149       109.9909750359      -688.5127474036    102002.7029850786
989000     -6672.7627069378       109.9911446928      -688.5313412720    102002.7029850786
990000     -6672.7717815711       109.9902019750      -688.5834581880    102002.7029850786
991000     -6672.7837138274       109.9888887532      -688.5592528438    102002.7029850786
992000     -6672.7756802266       109.9893716905      -688.6322551530    102002.7029850786
993000     -6672.7994103685       109.9869761062      -688.6461850857    102002.7029850786
994000     -6672.7936485827       109.9873388652      -688.6104630215    102002.7029850786
995000     -6672.7715296291       109.9891892091      -688.6391866600    102002.7029850786
996000     -6672.7676776254       109.9894138079      -688.6474522896    102002.7029850786
997000     -6672.7644858766       109.9900659320      -688.6310030152    102002.7029850786
998000     -6672.7673403590       109.9898803773      -688.6890328410    102002.7029850786
999000     -6672.7486390362       109.9917154355      -688.6815424807    102002.7029850786
1000000     -6672.7389508917       109.9927101585      -688.7319797989    102002.7029850786
