# Time-averaged data for fix runningavgs
# TimeStep v_ra_etotal v_ra_temp v_ra_press v_ra_volume
502000     -7030.2236339794        91.1320494050      -724.8903063166    102002.7029850792
503000     -7028.8596341156        91.2454725960      -714.9039366469    102002.7029850792
504000     -7026.9941589114        91.4451934822      -706.5083081571    102002.7029850792
505000     -7027.3840041572        91.3864861401      -707.7773015234    102002.7029850792
506000     -7028.1212136250        91.3181503017      -706.0067965868    102002.7029850792
507000     -7027.5292915635        91.3933435907      -703.4535304478    102002.7029850792
508000     -7029.5110203347        91.2288043039      -705.3118518657    102002.7029850792
509000     -7030.1821950106        91.1782944390      -713.7270844662    102002.7029850792
510000     -7031.6910048031        91.0642244080      -714.7937370104    102002.7029850792
511000     -7032.2923603680        91.0306310696      -712.0347829304    102002.7029850792
512000     -7033.3631393950        90.9599226704      -713.4750576250    102002.7029850792
513000     -7033.9370359626        90.9273619637      -713.1472995798    102002.7029850792
514000     -7034.5325809013        90.8985916162      -712.1757457785    102002.7029850792
515000     -7034.9497466747        90.8815269264      -713.0629137446    102002.7029850792
516000     -7035.1748903574        90.8886388796      -715.9615212634    102002.7029850792
517000     -7035.7615306890        90.8524539451      -715.3644264897    102002.7029850792
518000     -7035.9131945859        90.8532792669      -713.1549912360    102002.7029850792
519000     -7035.3720459884        90.9050156369      -714.6668188241    102002.7029850792
520000     -7035.2746288600        90.9171017103      -714.6139810471    102002.7029850792
521000     -7035.4878404356        90.9162972701      -713.6602294159    102002.7029850792
522000     -7035.3258226420        90.9302510485      -714.7812545623    102002.7029850792
523000     -7035.3647144554        90.9160223766      -715.4259882310    102002.7029850792
524000     -7035.3021497316        90.9055098724      -714.0730039540    102002.7029850792
525000     -7035.3795959508        90.8845190121      -714.3046991167    102002.7029850792
526000     -7035.2181636692        90.8949325281      -715.2408337306    102002.7029850792
527000     -7035.1020056509        90.9098446844      -715.5087902195    102002.7029850792
528000     -7035.0358817408        90.9158845764      -715.6266375237    102002.7029850792
529000     -7035.0201787932        90.9094381040      -716.6678211093    102002.7029850792
530000     -7034.8244834677        90.9309433634      -716.6805398540    102002.7029850792
531000     -7034.7878932252        90.9371996711      -716.7403218871    102002.7029850792
532000     -7034.7911194268        90.9369061495      -717.2210718904    102002.7029850792
533000     -7034.6840399340        90.9469860676      -716.2658392044    102002.7029850792
534000     -7034.4560551772        90.9744256787      -716.8409365519    102002.7029850792
535000     -7034.3258617806        90.9800089089      -716.0121988513    102002.7029850792
536000     -7033.9415816542        91.0115993942      -716.4052296997    102002.7029850792
537000     -7033.7707861427        91.0208557611      -717.2300919820    102002.7029850792
538000     -7033.7714813990        91.0192527279      -716.3473268832    102002.7029850792
539000     -7033.8963842328        91.0092473617      -716.6976966856    102002.7029850791
540000     -7033.9253994651        91.0057858676      -717.0049133645    102002.7029850791
541000     -7033.7350387995        91.0276161141      -717.3706534314    102002.7029850791
542000     -7033.8424957009        91.0136359152      -717.2073029778    102002.7029850791
543000     -7033.8139657342        91.0176191720      -717.5838329629    102002.7029850791
544000     -7033.5969248856        91.0337649245      -717.0900754589    102002.7029850791
545000     -7033.4794071909        91.0423675050      -717.0824562194    102002.7029850791
546000     -7033.5693666796        91.0311558922      -717.2638021519    102002.7029850791
547000     -7033.6352400174        91.0214437249      -716.9574109519    102002.7029850791
548000     -7033.7500614962        91.0127098753      -716.2982962549    102002.7029850791
549000     -7033.6693171731        91.0115563746      -716.4673539356    102002.7029850791
550000     -7033.6386736699        91.0177741146      -715.7755923488    102002.7029850791
551000     -7033.4947868398        91.0285230170      -715.4776582829    102002.7029850791
552000     -7033.6253949218        91.0166969918      -715.4567271364    102002.7029850791
553000     -7033.7653449947        91.0023794426      -714.6928781594    102002.7029850791
554000     -7033.7849628388        90.9962525218      -714.6613728537    102002.7029850791
555000     -7033.8294250284        90.9905578101      -714.0845750272    102002.7029850791
556000     -7033.9325879475        90.9816243414      -714.4138327648    102002.7029850791
557000     -7034.0398485138        90.9735917074      -713.9580917941    102002.7029850791
558000     -7034.1347033416        90.9614184058      -714.3542515061    102002.7029850791
559000     -7034.2255373364        90.9547203633      -714.8773137331    102002.7029850791
560000     -7034.1081541122        90.9619539124      -714.9693373049    102002.7029850791
561000     -7034.1526644065        90.9563979012      -715.2083775005    102002.7029850791
562000     -7034.1418307095        90.9565087774      -714.9314852663    102002.7029850791
563000     -7034.1636270088        90.9522877229      -715.2061603996    102002.7029850791
564000     -7034.1141027017        90.9527710421      -715.7875420389    102002.7029850791
565000     -7034.0841648415        90.9537506587      -716.0117648100    102002.7029850791
566000     -7034.0411123723        90.9504261366      -716.2633552327    102002.7029850791
567000     -7034.0103306213        90.9576215838      -716.0545304477    102002.7029850791
568000     -7034.0206755061        90.9560004795      -715.7342381364    102002.7029850791
569000     -7033.9105037660        90.9683458033      -715.4014867742    102002.7029850791
570000     -7033.8375016741        90.9765666131      -715.4878813100    102002.7029850791
571000     -7033.7912169395        90.9794861554      -715.9787213959    102002.7029850791
572000     -7033.7841277190        90.9822474580      -716.1226498587    102002.7029850791
573000     -7033.6903488538        90.9922401581      -716.0100647230    102002.7029850791
574000     -7033.7407594412        90.9919951530      -715.4577992708    102002.7029850791
575000     -7033.7281664783        90.9932856579      -715.4639684193    102002.7029850791
576000     -7033.6008506267        91.0047297623      -715.5831139725    102002.7029850791
577000     -7033.4526820086        91.0177107754      -715.5686322410    102002.7029850791
578000     -7033.5076942194        91.0177671793      -715.3697929590    102002.7029850791
579000     -7033.5050238931        91.0184271530      -715.2109121123    102002.7029850791
580000     -7033.5513298121        91.0174397121      -714.6379762131    102002.7029850791
581000     -7033.5168296422        91.0204913431      -714.3028057380    102002.7029850791
582000     -7033.5934109384        91.0136865917      -714.2197181657    102002.7029850791
583000     -7033.6543569104        91.0069839587      -713.8425604172    102002.7029850791
584000     -7033.5801756305        91.0150493971      -713.7528460721    102002.7029850791
585000     -7033.6275003211        91.0153608254      -713.7140602936    102002.7029850791
586000     -7033.6181468383        91.0138562377      -713.6129662099    102002.7029850791
587000     -7033.6352400630        91.0105922659      -713.4514118322    102002.7029850791
588000     -7033.7281124166        91.0002025553      -713.3859283635    102002.7029850791
589000     -7033.7034661580        91.0008933722      -713.3933219850    102002.7029850791
590000     -7033.6950238698        90.9993881828      -712.9813001768    102002.7029850791
591000     -7033.7391710393        90.9984183649      -712.5917085853    102002.7029850792
592000     -7033.8392071931        90.9846026878      -712.3214215696    102002.7029850792
593000     -7033.7160620170        90.9909962118      -712.1052449852    102002.7029850792
594000     -7033.6052061180        90.9996150648      -712.0263476924    102002.7029850792
595000     -7033.5726903866        91.0021845807      -711.9073294060    102002.7029850792
596000     -7033.6606974653        90.9917915249      -711.4508091185    102002.7029850792
597000     -7033.6937694252        90.9899167353      -711.0914673346    102002.7029850792
598000     -7033.7551395598        90.9806719068      -711.0368502422    102002.7029850792
599000     -7033.7913520253        90.9767971936      -710.9847218988    102002.7029850792
600000     -7033.8303617626        90.9708232521      -711.1769305488    102002.7029850792
601000     -7033.8217635150        90.9675890479      -711.1406653947    102002.7029850792
602000     -7033.7867995126        90.9692795167      -710.7834833153    102002.7029850792
603000     -7033.8208736760        90.9693923975      -710.2591925006    102002.7029850792
604000     -7033.8919825427        90.9639370410      -709.9549309366    102002.7029850793
605000     -7033.9356129799        90.9642308249      -709.9513676580    102002.7029850793
606000     -7034.0271193651        90.9551349831      -709.9979295648    102002.7029850793
607000     -7034.0324476211        90.9547979313      -709.7384969901    102002.7029850793
608000     -7034.0117255119        90.9558543760      -709.4735963398    102002.7029850793
609000     -7033.9775933831        90.9604084437      -709.0404930252    102002.7029850793
610000     -7033.9926956881        90.9566764583      -708.4466783846    102002.7029850793
611000     -7034.0545036296        90.9523921455      -708.5150008595    102002.7029850793
612000     -7034.0743438433        90.9540750273      -708.7685579885    102002.7029850793
613000     -7034.0373824907        90.9562740055      -708.9722343877    102002.7029850793
614000     -7033.9571976318        90.9613530749      -709.1588357446    102002.7029850793
615000     -7033.8906836832        90.9681988298      -708.7171612756    102002.7029850793
616000     -7033.8630664680        90.9699486398      -708.4201239118    102002.7029850793
617000     -7033.7784766100        90.9768322851      -708.1622127233    102002.7029850793
618000     -7033.7115392418        90.9781824301      -708.4284673220    102002.7029850793
619000     -7033.6413697776        90.9839290444      -709.0398085325    102002.7029850793
620000     -7033.5547311229        90.9906803157      -709.2175658437    102002.7029850793
621000     -7033.5266766120        90.9911638242      -709.0079981871    102002.7029850793
622000     -7033.5897582532        90.9838692326      -709.2292054978    102002.7029850794
623000     -7033.6015945071        90.9819402967      -709.2754206004    102002.7029850794
624000     -7033.6052607380        90.9826422026      -709.6407876539    102002.7029850794
625000     -7033.5603975122        90.9842364151      -710.5571487046    102002.7029850794
626000     -7033.5207127286        90.9893761594      -710.9394395828    102002.7029850794
627000     -7033.4524237576        90.9939276340      -710.6505963766    102002.7029850794
628000     -7033.4134689893        90.9976623517      -710.9042458054    102002.7029850794
629000     -7033.3922358268        91.0040896325      -711.1089680038    102002.7029850794
630000     -7033.4396316896        90.9990073412      -711.3590526890    102002.7029850794
631000     -7033.4615066754        90.9962579016      -711.8641176536    102002.7029850794
632000     -7033.3457873677        91.0040409612      -711.9798134785    102002.7029850794
633000     -7033.3423235422        91.0034666496      -712.0701471693    102002.7029850794
634000     -7033.3474740096        91.0022781207      -711.8367509231    102002.7029850794
635000     -7033.3450057729        91.0022733613      -711.7700918888    102002.7029850794
636000     -7033.3061081343        91.0047116376      -711.8607947476    102002.7029850794
637000     -7033.3113767955        91.0038680742      -712.2800941184    102002.7029850794
638000     -7033.3389077667        90.9996772318      -712.5968925565    102002.7029850794
639000     -7033.3756218451        90.9955488651      -712.8833111997    102002.7029850794
640000     -7033.3652485211        90.9959928683      -712.8712234225    102002.7029850794
641000     -7033.3728601037        90.9940638044      -712.6829344723    102002.7029850794
642000     -7033.4261601674        90.9894354295      -712.8519098352    102002.7029850794
643000     -7033.4202499996        90.9885994030      -713.0824153167    102002.7029850794
644000     -7033.3970642233        90.9919430737      -713.2040424271    102002.7029850794
645000     -7033.3400129125        90.9962588898      -713.1795625118    102002.7029850794
646000     -7033.2985004562        91.0001273115      -712.9772253252    102002.7029850795
647000     -7033.2597180583        91.0011022434      -712.7573299650    102002.7029850795
648000     -7033.2626470138        90.9994294822      -712.7539520727    102002.7029850795
649000     -7033.2816744785        90.9972067275      -712.6992566329    102002.7029850795
650000     -7033.2651359352        90.9979892027      -712.8737111595    102002.7029850795
651000     -7033.3243126792        90.9927701625      -712.9549087440    102002.7029850795
652000     -7033.2986787297        90.9928517684      -712.7184339962    102002.7029850795
653000     -7033.2308779637        90.9992765813      -712.4664089275    102002.7029850795
654000     -7033.2080318967        91.0017317711      -712.3891710381    102002.7029850795
655000     -7033.2181178594        91.0010599235      -712.4008136443    102002.7029850795
656000     -7033.2723537773        90.9977420810      -712.5969361785    102002.7029850795
657000     -7033.3404678957        90.9936375572      -712.6545409780    102002.7029850795
658000     -7033.3698054631        90.9913485449      -712.7457800933    102002.7029850795
659000     -7033.3826952459        90.9922979051      -712.5097598179    102002.7029850795
660000     -7033.3411815948        90.9954767559      -712.3048698286    102002.7029850795
661000     -7033.3093350593        90.9991895583      -712.2417301098    102002.7029850795
662000     -7033.3369384658        90.9975678601      -712.3683344531    102002.7029850795
663000     -7033.3986672704        90.9929757334      -712.1719709409    102002.7029850795
664000     -7033.4297719886        90.9894783904      -711.9831495176    102002.7029850795
665000     -7033.4277509485        90.9883004906      -712.0888749782    102002.7029850795
666000     -7033.5044900636        90.9823012488      -711.7312339617    102002.7029850795
667000     -7033.4735937960        90.9846331482      -711.7050107663    102002.7029850795
668000     -7033.4245359695        90.9880999030      -711.7674644187    102002.7029850795
669000     -7033.3807325456        90.9910038618      -711.8731699605    102002.7029850795
670000     -7033.3484891175        90.9950182615      -711.8524791267    102002.7029850795
671000     -7033.3168578250        90.9964357000      -711.6515545920    102002.7029850795
672000     -7033.3491963566        90.9944525618      -711.4887883786    102002.7029850795
673000     -7033.3826183372        90.9897932588      -711.4311582221    102002.7029850795
674000     -7033.3416720725        90.9941788908      -711.5429327752    102002.7029850794
675000     -7033.3266257733        90.9956760681      -711.6149262731    102002.7029850794
676000     -7033.3686836748        90.9910184557      -711.4166672713    102002.7029850794
677000     -7033.3151207957        90.9932183739      -711.1140604319    102002.7029850794
678000     -7033.2577276357        90.9973683259      -711.0672648064    102002.7029850794
679000     -7033.2214146866        90.9996000146      -711.0199827266    102002.7029850794
680000     -7033.2286414889        90.9991983410      -711.0653856460    102002.7029850794
681000     -7033.1652700485        91.0040382211      -711.2618940566    102002.7029850794
682000     -7033.1569963284        91.0055678285      -711.2581273092    102002.7029850794
683000     -7033.1224634703        91.0085575286      -711.4377260195    102002.7029850794
684000     -7033.1785265396        91.0037331839      -711.3776945424    102002.7029850794
685000     -7033.1806107387        91.0037498030      -711.2840466837    102002.7029850794
686000     -7033.1718531449        91.0056124777      -711.4707917485    102002.7029850794
687000     -7033.1374990549        91.0082802692      -711.7086323230    102002.7029850794
688000     -7033.1083997278        91.0108045286      -711.8154597679    102002.7029850793
689000     -7033.1022972470        91.0114958289      -711.9258628820    102002.7029850793
690000     -7033.0888972263        91.0122864951      -712.0710430253    102002.7029850793
691000     -7033.1214003000        91.0096771316      -711.8381961560    102002.7029850793
692000     -7033.1260605809        91.0093090558      -711.8083898838    102002.7029850793
693000     -7033.1132729176        91.0104763091      -712.0275787800    102002.7029850793
694000     -7033.0856645488        91.0142645607      -712.0867360269    102002.7029850793
695000     -7033.0832496635        91.0151862879      -711.9586046006    102002.7029850793
696000     -7033.0748905165        91.0149738467      -711.9765649471    102002.7029850793
697000     -7033.0653182888        91.0162799269      -711.8266521982    102002.7029850793
698000     -7033.1074498457        91.0142643691      -711.7914562294    102002.7029850793
699000     -7033.0876352250        91.0154373071      -712.2653248510    102002.7029850793
700000     -7033.0684980364        91.0184254816      -712.5395500523    102002.7029850793
701000     -7033.0714790167        91.0196971392      -712.4920327851    102002.7029850793
702000     -7033.1222367225        91.0153866405      -712.4729024434    102002.7029850793
703000     -7033.1570658995        91.0131378066      -712.4814419954    102002.7029850793
704000     -7033.1575089454        91.0133135074      -712.5814670877    102002.7029850792
705000     -7033.1194115664        91.0164122771      -712.7650823557    102002.7029850792
706000     -7033.1137395043        91.0171987393      -712.9831801900    102002.7029850792
707000     -7033.0920470744        91.0198019625      -712.9946783626    102002.7029850792
708000     -7033.0606067606        91.0221741929      -712.9763876326    102002.7029850792
709000     -7033.0535274619        91.0230340732      -713.0503759113    102002.7029850792
710000     -7033.0887082383        91.0217094335      -713.0088366240    102002.7029850792
711000     -7033.1088925323        91.0192731782      -713.2790117111    102002.7029850792
712000     -7033.1502664865        91.0165533711      -713.5032860213    102002.7029850792
713000     -7033.1570702498        91.0164170473      -713.4064643356    102002.7029850792
714000     -7033.1983912186        91.0130120780      -713.3782634580    102002.7029850792
715000     -7033.2435095878        91.0087736277      -713.4039499839    102002.7029850792
716000     -7033.2634741514        91.0079859447      -713.3879151725    102002.7029850792
717000     -7033.2725362426        91.0078956806      -713.5476280666    102002.7029850792
718000     -7033.3279385467        91.0035901054      -714.1034660551    102002.7029850792
719000     -7033.3466390914        91.0023964568      -714.1077320233    102002.7029850792
720000     -7033.3756403601        90.9999290359      -714.0863816909    102002.7029850792
721000     -7033.3541933789        91.0019654671      -714.1433417365    102002.7029850792
722000     -7033.3594796302        91.0014967588      -713.9733896075    102002.7029850792
723000     -7033.3997442899        90.9984809836      -713.9362728562    102002.7029850792
724000     -7033.4074464262        90.9971360474      -714.3110494011    102002.7029850791
725000     -7033.4400207139        90.9952808965      -714.2716562942    102002.7029850791
726000     -7033.4401241439        90.9947044678      -714.1667213930    102002.7029850791
727000     -7033.4459020520        90.9936095540      -714.2468129803    102002.7029850791
728000     -7033.3837612666        90.9979091949      -714.1296910883    102002.7029850791
729000     -7033.3964963982        90.9973599257      -714.3444209686    102002.7029850791
730000     -7033.4212359684        90.9948249509      -714.6200808604    102002.7029850791
731000     -7033.4327823191        90.9954242106      -714.6428497879    102002.7029850791
732000     -7033.4069471397        90.9984641840      -714.7167473894    102002.7029850791
733000     -7033.3830064653        91.0011484641      -714.7077406440    102002.7029850791
734000     -7033.3617729660        91.0036109986      -714.6703062120    102002.7029850791
735000     -7033.3411639910        91.0056300687      -714.9083288227    102002.7029850791
736000     -7033.3194732337        91.0062951440      -714.9728071607    102002.7029850791
737000     -7033.2952881550        91.0090485785      -714.8753670189    102002.7029850791
738000     -7033.2676247735        91.0102744921      -715.0217746634    102002.7029850791
739000     -7033.2763064488        91.0099922085      -714.9471673232    102002.7029850791
740000     -7033.3000034002        91.0076942610      -714.8562825485    102002.7029850791
741000     -7033.3095327891        91.0064624942      -714.9240595383    102002.7029850791
742000     -7033.3074096846        91.0063380800      -715.0485353084    102002.7029850791
743000     -7033.3202985830        91.0059956167      -715.1389217172    102002.7029850791
744000     -7033.2991211590        91.0081968921      -715.1927298531    102002.7029850791
745000     -7033.2767369145        91.0098040009      -715.1479887885    102002.7029850791
746000     -7033.2474590557        91.0127465009      -715.0356310770    102002.7029850791
747000     -7033.2360997118        91.0136149531      -715.0213908550    102002.7029850791
748000     -7033.2291836274        91.0140234990      -715.1164557223    102002.7029850790
749000     -7033.2295448586        91.0142964609      -715.1224682286    102002.7029850790
750000     -7033.2148113573        91.0166161456      -715.0541465878    102002.7029850790
751000     -7033.1963734595        91.0175842754      -715.0965382666    102002.7029850790
752000     -7033.1782150427        91.0190887123      -714.9447337233    102002.7029850790
753000     -7033.1402264309        91.0227024657      -714.9256857576    102002.7029850790
754000     -7033.1477829489        91.0211626705      -714.8973649640    102002.7029850790
755000     -7033.1421381231        91.0214584968      -714.9506282449    102002.7029850790
756000     -7033.1484793770        91.0218757545      -714.8351147169    102002.7029850790
757000     -7033.1408979362        91.0236737298      -714.8021600558    102002.7029850790
758000     -7033.1367403791        91.0237088556      -714.6365964755    102002.7029850790
759000     -7033.1198852983        91.0260551139      -714.4604867109    102002.7029850790
760000     -7033.1400089714        91.0246760665      -714.4652977828    102002.7029850790
761000     -7033.1280734627        91.0262721024      -714.5125922331    102002.7029850790
762000     -7033.1212384615        91.0269318939      -714.5210608349    102002.7029850790
763000     -7033.1273224420        91.0258149751      -714.3825588968    102002.7029850790
764000     -7033.0852803644        91.0288935378      -714.2386941487    102002.7029850790
765000     -7033.0735335665        91.0302442301      -714.2854322103    102002.7029850790
766000     -7033.0801968751        91.0302646635      -714.2468376802    102002.7029850790
767000     -7033.1138606203        91.0277490019      -714.1938935169    102002.7029850790
768000     -7033.1334107715        91.0266309979      -714.3652704842    102002.7029850790
769000     -7033.1447573336        91.0255439862      -714.2920908407    102002.7029850790
770000     -7033.1687824571        91.0239744569      -714.2627337770    102002.7029850790
771000     -7033.1555584311        91.0245155056      -714.3260187647    102002.7029850790
772000     -7033.1327680088        91.0260968079      -714.1979456621    102002.7029850790
773000     -7033.1281649293        91.0260547267      -714.1592077358    102002.7029850790
774000     -7033.1377118610        91.0245808578      -714.1009460435    102002.7029850790
775000     -7033.1792012601        91.0208928317      -713.9655116664    102002.7029850790
776000     -7033.1829141581        91.0197879145      -713.9223221991    102002.7029850790
777000     -7033.1920421393        91.0183865668      -713.8814344207    102002.7029850789
778000     -7033.2099065981        91.0169024254      -713.8126362861    102002.7029850789
779000     -7033.1942170397        91.0183267390      -713.8207392970    102002.7029850789
780000     -7033.1903500169        91.0160933174      -713.8404448535    102002.7029850789
781000     -7033.1880047125        91.0145886417      -713.6651655867    102002.7029850789
782000     -7033.1804420356        91.0141146140      -713.6202087670    102002.7029850789
783000     -7033.1964496574        91.0118455413      -713.5664346892    102002.7029850789
784000     -7033.2086321726        91.0099500972      -713.5600397084    102002.7029850789
785000     -7033.2057435650        91.0091352535      -713.5858034555    102002.7029850789
786000     -7033.2160642415        91.0066873431      -713.4812168519    102002.7029850789
787000     -7033.2099902276        91.0064200970      -713.4976908701    102002.7029850789
788000     -7033.2042579183        91.0068168474      -713.5012396808    102002.7029850789
789000     -7033.2219446618        91.0045559134      -713.4897656748    102002.7029850789
790000     -7033.2299572253        91.0039124186      -713.5328902915    102002.7029850789
791000     -7033.2506454016        91.0015746762      -713.5871277886    102002.7029850789
792000     -7033.2179128688        91.0038371215      -713.5320349982    102002.7029850789
793000     -7033.1865645230        91.0056527699      -713.4534928343    102002.7029850789
794000     -7033.1684135213        91.0061579257      -713.3845383805    102002.7029850789
795000     -7033.1814315687        91.0045146895      -713.4959871776    102002.7029850789
796000     -7033.2020211828        91.0023261658      -713.5970626432    102002.7029850789
797000     -7033.2098175357        91.0012303739      -713.6451018143    102002.7029850789
798000     -7033.2222685924        91.0001905542      -713.6546358551    102002.7029850789
799000     -7033.2190904077        90.9998163447      -713.6911981077    102002.7029850789
800000     -7033.2506921732        90.9955269391      -713.5644615691    102002.7029850789
801000     -7033.2175499515        90.9967964119      -713.4538706383    102002.7029850789
802000     -7033.2182195226        90.9962960836      -713.4595238207    102002.7029850789
803000     -7033.2542775804        90.9932623982      -713.4579987333    102002.7029850789
804000     -7033.2295449433        90.9942811527      -713.5572613163    102002.7029850789
805000     -7033.2208091558        90.9950087981      -713.5968527122    102002.7029850789
806000     -7033.2244049726        90.9941044226      -713.4965235332    102002.7029850789
807000     -7033.2152949529        90.9935463544      -713.4359765945    102002.7029850789
808000     -7033.2171662089        90.9922964908      -713.2811290533    102002.7029850789
809000     -7033.2179234096        90.9899757991      -713.2289905600    102002.7029850789
810000     -7033.2018696109        90.9899898116      -713.2715445904    102002.7029850789
811000     -7033.1851599927        90.9904577587      -713.2253453844    102002.7029850789
812000     -7033.1551353208        90.9928376772      -713.1187065522    102002.7029850789
813000     -7033.1383657064        90.9939035226      -713.0151343491    102002.7029850789
814000     -7033.1478520660        90.9933406677      -712.9194246227    102002.7029850789
815000     -7033.1571663251        90.9924907860      -712.7856902710    102002.7029850788
816000     -7033.1848040329        90.9891646511      -712.8055852066    102002.7029850788
817000     -7033.1566992544        90.9906654842      -712.8722877327    102002.7029850788
818000     -7033.1328551427        90.9928635204      -712.7615825751    102002.7029850788
819000     -7033.1058514783        90.9937086572      -712.7450277328    102002.7029850788
820000     -7033.0940987950        90.9951202404      -712.7415756697    102002.7029850788
821000     -7033.0683369492        90.9974324231      -712.6289965694    102002.7029850788
822000     -7033.0735980776        90.9968859731      -712.7314994278    102002.7029850788
823000     -7033.0770395248        90.9963236506      -712.8193182408    102002.7029850788
824000     -7033.0800760625        90.9966519515      -712.8697830801    102002.7029850788
825000     -7033.0738591307        90.9970591530      -712.9243458926    102002.7029850788
826000     -7033.0755334972        90.9965932631      -712.8882251913    102002.7029850788
827000     -7033.0911120670        90.9958618712      -712.7921427861    102002.7029850788
828000     -7033.0886954763        90.9962162014      -712.8126003354    102002.7029850788
829000     -7033.0947195337        90.9954739922      -712.9067011208    102002.7029850788
830000     -7033.0775402908        90.9963986402      -712.9196852674    102002.7029850788
831000     -7033.0836523749        90.9963630216      -712.9677937143    102002.7029850788
832000     -7033.0980373486        90.9940508110      -712.9978110656    102002.7029850788
833000     -7033.0970499144        90.9935510044      -712.8755427111    102002.7029850788
834000     -7033.1145189282        90.9915971218      -712.9135780803    102002.7029850788
835000     -7033.1049893247        90.9919947446      -713.0277380943    102002.7029850788
836000     -7033.1043753966        90.9918092737      -713.0236515960    102002.7029850788
837000     -7033.0962633585        90.9925710200      -713.0185079003    102002.7029850788
838000     -7033.0905548177        90.9929931357      -713.0104740028    102002.7029850788
839000     -7033.1265759446        90.9895208238      -712.9641836243    102002.7029850788
840000     -7033.1196179993        90.9894230541      -712.9445113741    102002.7029850788
841000     -7033.0978151717        90.9906534720      -712.9854339768    102002.7029850788
842000     -7033.0542137528        90.9935959180      -713.0977334834    102002.7029850788
843000     -7033.0477030118        90.9940173236      -713.0486266952    102002.7029850788
844000     -7033.0333374151        90.9947259131      -712.9540533219    102002.7029850788
845000     -7033.0411947973        90.9939242057      -712.9072466673    102002.7029850788
846000     -7033.0106265667        90.9960131627      -712.8944984573    102002.7029850788
847000     -7033.0064939199        90.9967986401      -713.0290095297    102002.7029850788
848000     -7032.9697150343        90.9991860282      -713.1069237634    102002.7029850788
849000     -7032.9600812087        91.0002586831      -713.0273014482    102002.7029850788
850000     -7032.9645682376        90.9987901446      -712.9831208334    102002.7029850788
851000     -7032.9905675603        90.9962233069      -712.9243404996    102002.7029850788
852000     -7032.9752899099        90.9967788030      -712.9921080351    102002.7029850788
853000     -7032.9493095949        90.9991910996      -713.0534416365    102002.7029850788
854000     -7032.9314585050        90.9988242491      -713.0660053225    102002.7029850788
855000     -7032.9194589287        90.9978340705      -712.9986941847    102002.7029850788
856000     -7032.9284048769        90.9958572044      -712.9715365961    102002.7029850788
857000     -7032.9180022499        90.9958201038      -712.9524348967    102002.7029850788
858000     -7032.8985897982        90.9969317013      -713.0827574657    102002.7029850788
859000     -7032.8788752817        90.9977087667      -713.2351068862    102002.7029850788
860000     -7032.9116591867        90.9943349733      -713.2789149559    102002.7029850788
861000     -7032.9054983114        90.9939692087      -713.2981805171    102002.7029850788
862000     -7032.9051793381        90.9936258381      -713.1979405264    102002.7029850788
863000     -7032.8878518838        90.9942975045      -713.1032355578    102002.7029850788
864000     -7032.8693273901        90.9956661201      -713.2491212945    102002.7029850788
865000     -7032.8760126352        90.9946566721      -713.3867892869    102002.7029850788
866000     -7032.8849976032        90.9935741794      -713.4369532481    102002.7029850788
867000     -7032.8980089404        90.9917441365      -713.4702193005    102002.7029850788
868000     -7032.9031707200        90.9906140599      -713.4945582036    102002.7029850788
869000     -7032.9042888046        90.9898184930      -713.4801278973    102002.7029850788
870000     -7032.9053258096        90.9897556159      -713.5544621237    102002.7029850787
871000     -7032.8909260164        90.9898985075      -713.7378760431    102002.7029850787
872000     -7032.8756477176        90.9910445486      -713.8440292510    102002.7029850787
873000     -7032.8858210148        90.9892705683      -713.9343317453    102002.7029850787
874000     -7032.8853760050        90.9886810647      -713.8848493522    102002.7029850787
875000     -7032.9025660412        90.9862941668      -713.8535478409    102002.7029850787
876000     -7032.8949943968        90.9868275479      -713.9202539716    102002.7029850787
877000     -7032.8772906199        90.9883862790      -714.0311979838    102002.7029850787
878000     -7032.8825334468        90.9874722414      -714.1280429093    102002.7029850787
879000     -7032.8705324831        90.9878557198      -714.2100247477    102002.7029850787
880000     -7032.8704307935        90.9872310123      -714.2505134934    102002.7029850787
881000     -7032.8593418725        90.9879357548      -714.1486191497    102002.7029850787
882000     -7032.8629952426        90.9862871729      -714.2264255683    102002.7029850787
883000     -7032.8742998172        90.9852047293      -714.2721388349    102002.7029850787
884000     -7032.8891792066        90.9836940065      -714.3808368224    102002.7029850787
885000     -7032.8897139401        90.9835637196      -714.5073834254    102002.7029850787
886000     -7032.8731821120        90.9851947872      -714.4024105392    102002.7029850787
887000     -7032.8632814291        90.9858133169      -714.4094875705    102002.7029850787
888000     -7032.8754148405        90.9852785827      -714.3940493614    102002.7029850787
889000     -7032.8853154025        90.9841881737      -714.3502243050    102002.7029850787
890000     -7032.8841434991        90.9843376600      -714.3605423023    102002.7029850787
891000     -7032.8824120026        90.9843649040      -714.4870729728    102002.7029850787
892000     -7032.8658514748        90.9855546033      -714.4401402193    102002.7029850787
893000     -7032.8558558006        90.9863838688      -714.3687872155    102002.7029850787
894000     -7032.8312791380        90.9887566408      -714.3665182670    102002.7029850787
895000     -7032.8327174999        90.9887851370      -714.4034689709    102002.7029850787
896000     -7032.8473280789        90.9873211166      -714.4289839519    102002.7029850787
897000     -7032.8493431344        90.9863058747      -714.4511527018    102002.7029850787
898000     -7032.8471637754        90.9864311184      -714.5314095374    102002.7029850787
899000     -7032.8669659868        90.9838984368      -714.4946367492    102002.7029850787
900000     -7032.8613326484        90.9833365205      -714.4790497368    102002.7029850787
901000     -7032.8612347295        90.9820728335      -714.5988594857    102002.7029850787
902000     -7032.8457428350        90.9826019095      -714.6743109088    102002.7029850787
903000     -7032.8445198689        90.9823532706      -714.6933721573    102002.7029850787
904000     -7032.8548558052        90.9809594800      -714.7040289895    102002.7029850787
905000     -7032.8529579390        90.9806734288      -714.7384610882    102002.7029850787
906000     -7032.8449487536        90.9814887739      -714.6508828240    102002.7029850787
907000     -7032.8463069999        90.9810856327      -714.5358128472    102002.7029850787
908000     -7032.8630049268        90.9784490990      -714.5739700248    102002.7029850787
909000     -7032.8609267749        90.9794809642      -714.6218730723    102002.7029850787
910000     -7032.8374262755        90.9813553697      -714.5474640297    102002.7029850787
911000     -7032.8317018612        90.9804241650      -714.4553635940    102002.7029850787
912000     -7032.8423308518        90.9791978632      -714.4506377250    102002.7029850787
913000     -7032.8405445801        90.9783017745      -714.4754034928    102002.7029850787
914000     -7032.8442386907        90.9779381522      -714.4702568016    102002.7029850787
915000     -7032.8463205260        90.9780712266      -714.4088063125    102002.7029850787
916000     -7032.8245980386        90.9799165707      -714.3878293277    102002.7029850787
917000     -7032.8350818517        90.9792776170      -714.3715760151    102002.7029850787
918000     -7032.8380105121        90.9793341247      -714.3323265144    102002.7029850787
919000     -7032.8508557660        90.9778925546      -714.3383830276    102002.7029850787
920000     -7032.8626853945        90.9760492388      -714.4358591634    102002.7029850787
921000     -7032.8600537336        90.9763609389      -714.4216891885    102002.7029850787
922000     -7032.8442290290        90.9775890757      -714.3423268774    102002.7029850787
923000     -7032.8424086055        90.9774510645      -714.3138180427    102002.7029850787
924000     -7032.8495380318        90.9768306883      -714.3057148287    102002.7029850787
925000     -7032.8665579140        90.9750587090      -714.3044064604    102002.7029850787
926000     -7032.8724124011        90.9742743245      -714.3494261749    102002.7029850787
927000     -7032.8714381141        90.9735850169      -714.3543027692    102002.7029850786
928000     -7032.8587303172        90.9747662466      -714.3515530365    102002.7029850786
929000     -7032.8466652557        90.9746727901      -714.3303911224    102002.7029850786
930000     -7032.8485996491        90.9741709313      -714.3554373878    102002.7029850786
931000     -7032.8445345554        90.9745222952      -714.3517865770    102002.7029850786
932000     -7032.8534652144        90.9736071443      -714.3781222651    102002.7029850786
933000     -7032.8664897778        90.9726832233      -714.3448235444    102002.7029850786
934000     -7032.8761324611        90.9715729352      -714.2840110390    102002.7029850786
935000     -7032.8861953803        90.9711123676      -714.2172608149    102002.7029850786
936000     -7032.8631829378        90.9727975291      -714.1753988198    102002.7029850786
937000     -7032.8549929990        90.9738083833      -714.1678600591    102002.7029850786
938000     -7032.8587283595        90.9739634065      -714.2198758771    102002.7029850786
939000     -7032.8446867369        90.9754837977      -714.1870463558    102002.7029850786
940000     -7032.8393002757        90.9756773875      -714.1613593116    102002.7029850786
941000     -7032.8473699222        90.9754213688      -714.1831811543    102002.7029850786
942000     -7032.8478024434        90.9761504654      -714.1609410442    102002.7029850786
943000     -7032.8392016786        90.9774718793      -714.2147031117    102002.7029850786
944000     -7032.8421264443        90.9776696187      -714.2698098263    102002.7029850786
945000     -7032.8408975225        90.9784728539      -714.3161711594    102002.7029850786
946000     -7032.8312378211        90.9797730070      -714.3271883024    102002.7029850786
947000     -7032.8258169068        90.9800298749      -714.3350992689    102002.7029850786
948000     -7032.8412292462        90.9785394354      -714.3376639086    102002.7029850786
949000     -7032.8409340522        90.9785895784      -714.3420778875    102002.7029850786
950000     -7032.8117345136        90.9814126312      -714.3920689570    102002.7029850786
951000     -7032.8122135515        90.9818856745      -714.4156175130    102002.7029850786
952000     -7032.8165002002        90.9822873812      -714.4941643096    102002.7029850786
953000     -7032.8166173982        90.9824109927      -714.5010566042    102002.7029850786
954000     -7032.8259154812        90.9806444422      -714.3706719160    102002.7029850786
955000     -7032.8241040796        90.9802675639      -714.2947168594    102002.7029850786
956000     -7032.8213923143        90.9805044829      -714.2904500193    102002.7029850786
957000     -7032.8054204109        90.9816762991      -714.2264842996    102002.7029850786
958000     -7032.7989446763        90.9817311596      -714.2315790820    102002.7029850786
959000     -7032.8170699310        90.9799975655      -714.2493990831    102002.7029850786
960000     -7032.8167318230        90.9797760361      -714.1288878332    102002.7029850786
961000     -7032.8171897834        90.9801345852      -714.0840939027    102002.7029850786
962000     -7032.8392534549        90.9779209509      -714.0993384473    102002.7029850786
963000     -7032.8341082235        90.9780151364      -714.1055748381    102002.7029850786
964000     -7032.8558051749        90.9760560422      -714.0565592274    102002.7029850786
965000     -7032.8343295541        90.9771133551      -714.0325332117    102002.7029850786
966000     -7032.8534719845        90.9754067773      -714.0734918520    102002.7029850786
967000     -7032.8545424044        90.9752061354      -713.9813131035    102002.7029850786
968000     -7032.8385376187        90.9767793891      -714.0564170714    102002.7029850786
969000     -7032.8454500983        90.9759829892      -714.0832257697    102002.7029850786
970000     -7032.8529266984        90.9761415150      -714.0547452817    102002.7029850786
971000     -7032.8409834729        90.9766445616      -714.1182072119    102002.7029850786
972000     -7032.8203819460        90.9780143725      -714.0786076267    102002.7029850786
973000     -7032.8019994470        90.9791521576      -714.0582104456    102002.7029850786
974000     -7032.7796622058        90.9806934601      -714.0802864151    102002.7029850786
975000     -7032.7757294039        90.9811061735      -714.1334333254    102002.7029850786
976000     -7032.7804076009        90.9803638335      -714.1711790744    102002.7029850786
977000     -7032.7741949281        90.9814352543      -714.2621628630    102002.7029850786
978000     -7032.7578485544        90.9825394601      -714.2609517173    102002.7029850786
979000     -7032.7444344091        90.9845018679      -714.3090504569    102002.7029850786
980000     -7032.7429413571        90.9843639139      -714.2752064154    102002.7029850786
981000     -7032.7568573607        90.9837020818      -714.2311267512    102002.7029850786
982000     -7032.7549335728        90.9833047771      -714.3268405888    102002.7029850786
983000     -7032.7494611136        90.9831106689      -714.3038690235    102002.7029850786
984000     -7032.7433262115        90.9835335987      -714.3015618850    102002.7029850786
985000     -7032.7377354145        90.9831730299      -714.3091605328    102002.7029850786
986000     -7032.7462269257        90.9820362542      -714.2624448427    102002.7029850786
987000     -7032.7541313431        90.9806762488      -714.2844212991    102002.7029850786
988000     -7032.7482996013        90.9816048112      -714.3003738955    102002.7029850786
989000     -7032.7362001735        90.9819726549      -714.3284516415    102002.7029850786
990000     -7032.7246342721        90.9829862390      -714.3967148929    102002.7029850786
991000     -7032.7275504657        90.9827912463      -714.4432882727    102002.7029850786
992000     -7032.7293804158        90.9826025607      -714.4047768960    102002.7029850786
993000     -7032.7465836855        90.9813739803      -714.4490173288    102002.7029850786
994000     -7032.7253551877        90.9830096573      -714.5052271580    102002.7029850786
995000     -7032.7082674925        90.9847267096      -714.4798382327    102002.7029850786
996000     -7032.7158278118        90.9842836597      -714.5343448442    102002.7029850786
997000     -7032.7183009894        90.9840387246      -714.5308803634    102002.7029850786
998000     -7032.7355769081        90.9822068720      -714.5108338066    102002.7029850786
999000     -7032.7387373865        90.9815071852      -714.5707327811    102002.7029850786
1000000     -7032.7610577865        90.9795404757      -714.5780481737    102002.7029850786
