# Time-averaged data for fix runningavgs
# TimeStep v_ra_etotal v_ra_temp v_ra_press v_ra_volume
502000     -9980.0800962040       110.0369557203      -409.3334828658    102002.7029850792
503000     -9978.7319560336       110.0255628701      -396.7285298459    102002.7029850792
504000     -9980.1886498287       109.9109689468      -391.0695649299    102002.7029850792
505000     -9979.0813682403       110.0205676236      -406.4096515865    102002.7029850792
506000     -9981.9854011139       109.8776952696      -423.9085970328    102002.7029850792
507000     -9979.3282431783       109.9525350009      -419.1772560450    102002.7029850792
508000     -9978.6304689234       109.9636280913      -423.0464999575    102002.7029850792
509000     -9979.6529108355       109.9207709149      -430.3720860100    102002.7029850792
510000     -9978.3934459082       109.9995736814      -426.9713918016    102002.7029850792
511000     -9977.5285076698       110.0491837130      -422.0048509188    102002.7029850792
512000     -9978.5948305467       109.9939580723      -419.3380232513    102002.7029850792
513000     -9979.4423516217       109.9607982529      -416.0386226566    102002.7029850792
514000     -9979.0297121947       110.0088567747      -410.9135777263    102002.7029850792
515000     -9979.3848004717       110.0150254798      -409.9003332460    102002.7029850792
516000     -9980.1536967763       109.9891745588      -407.7231202708    102002.7029850792
517000     -9980.0612324076       110.0227321056      -405.2008383773    102002.7029850792
518000     -9979.8490644485       110.0693834657      -398.2335320888    102002.7029850792
519000     -9979.4247130085       110.0735401880      -397.5554543597    102002.7029850792
520000     -9979.3013166778       110.0845227783      -396.6754085182    102002.7029850792
521000     -9979.2482019895       110.0878558785      -397.8667310575    102002.7029850792
522000     -9979.3897698758       110.0771109130      -401.6704382938    102002.7029850792
523000     -9979.6204444120       110.0570786436      -400.6338082444    102002.7029850792
524000     -9979.6835160559       110.0566880280      -401.9470025782    102002.7029850792
525000     -9979.2503232484       110.0785656261      -403.0931927621    102002.7029850792
526000     -9979.4499182009       110.0674903804      -404.7945317990    102002.7029850792
527000     -9979.7359938459       110.0471378771      -408.4214219395    102002.7029850792
528000     -9979.8567419388       110.0449532277      -410.7723598849    102002.7029850792
529000     -9980.1470227083       110.0317243110      -412.7325329239    102002.7029850792
530000     -9979.7023234642       110.0462241598      -411.3802927841    102002.7029850792
531000     -9979.5307471418       110.0479782392      -411.4371713229    102002.7029850792
532000     -9979.6724273152       110.0424093403      -410.9377368412    102002.7029850792
533000     -9979.5582420382       110.0433075023      -410.4197850102    102002.7029850792
534000     -9979.6040694078       110.0443792443      -411.1801138800    102002.7029850792
535000     -9979.8208155365       110.0364610736      -412.0220326519    102002.7029850792
536000     -9980.0190580570       110.0230151430      -411.8556593577    102002.7029850792
537000     -9979.7116531751       110.0232369624      -412.8620142420    102002.7029850792
538000     -9979.4685701055       110.0292513135      -412.3549066253    102002.7029850792
539000     -9979.1909319315       110.0374999068      -411.2733428549    102002.7029850791
540000     -9979.0562965216       110.0419685006      -410.1605369314    102002.7029850791
541000     -9978.9324919103       110.0457027730      -409.5158311396    102002.7029850791
542000     -9979.2224525780       110.0345410666      -409.0734038082    102002.7029850791
543000     -9979.2573616991       110.0482279745      -409.4844816484    102002.7029850791
544000     -9979.5788985695       110.0436961400      -409.9576869261    102002.7029850791
545000     -9979.7152629532       110.0362534651      -409.9818783579    102002.7029850791
546000     -9979.7472118205       110.0355034769      -410.4114482851    102002.7029850791
547000     -9979.9446707602       110.0265575681      -410.3440574151    102002.7029850791
548000     -9979.9506263661       110.0226445496      -409.7253956789    102002.7029850791
549000     -9979.8394241924       110.0328883680      -409.9986710302    102002.7029850791
550000     -9979.9159677349       110.0308400664      -410.3334028015    102002.7029850791
551000     -9979.9282081646       110.0420409927      -411.6563507697    102002.7029850791
552000     -9979.9469355350       110.0399127114      -412.1940075844    102002.7029850791
553000     -9980.0616184639       110.0374546491      -412.5933105837    102002.7029850791
554000     -9980.0890270395       110.0406331684      -412.0792419135    102002.7029850791
555000     -9980.0183532148       110.0472372153      -411.6893613996    102002.7029850791
556000     -9980.2162436035       110.0384151949      -411.4210318441    102002.7029850791
557000     -9980.4652469657       110.0294931211      -411.8259635852    102002.7029850791
558000     -9980.5843948112       110.0238247430      -411.4049145155    102002.7029850791
559000     -9980.9757870540       110.0094915563      -411.1616549401    102002.7029850791
560000     -9981.2471382724       110.0021009822      -410.7611946079    102002.7029850791
561000     -9981.2843099868       110.0002949869      -410.7997723001    102002.7029850791
562000     -9981.2442058270       110.0036116359      -410.3334788068    102002.7029850791
563000     -9981.3789888490       110.0019109051      -409.9635279528    102002.7029850791
564000     -9981.4553027258       109.9963834561      -409.6054857693    102002.7029850791
565000     -9981.3684574806       110.0047834888      -410.3604218993    102002.7029850791
566000     -9981.0874025910       110.0227111874      -409.5779483687    102002.7029850791
567000     -9981.1293569202       110.0235132990      -408.7039772797    102002.7029850791
568000     -9981.1183995411       110.0248763363      -408.7427068316    102002.7029850791
569000     -9981.0605004030       110.0226641240      -409.2380546666    102002.7029850791
570000     -9981.2191687107       110.0120621459      -409.3122475319    102002.7029850791
571000     -9981.3589885992       110.0028714985      -409.7534425479    102002.7029850791
572000     -9981.1903478470       110.0110296781      -410.4416580309    102002.7029850791
573000     -9981.0998849196       110.0151205877      -410.7337529413    102002.7029850791
574000     -9981.0709162319       110.0178165801      -409.8690345421    102002.7029850791
575000     -9981.0317307827       110.0191806124      -410.3192438312    102002.7029850791
576000     -9981.1538948548       110.0125045988      -410.7189194805    102002.7029850791
577000     -9981.3866697903       110.0080112320      -411.6253582101    102002.7029850791
578000     -9981.4395388767       110.0085986714      -412.1724211865    102002.7029850791
579000     -9981.5772408959       110.0096074102      -413.2683680632    102002.7029850791
580000     -9981.5367661103       110.0158307243      -414.9690690769    102002.7029850791
581000     -9981.7476938796       110.0088434381      -415.1505736172    102002.7029850791
582000     -9981.7825052862       110.0115092706      -415.8283476539    102002.7029850791
583000     -9981.7754111336       110.0088679744      -416.2935074472    102002.7029850791
584000     -9981.6724674465       110.0160535435      -416.4036590288    102002.7029850791
585000     -9981.5678708953       110.0185911417      -416.0114415211    102002.7029850791
586000     -9981.6783715948       110.0127690640      -415.7996398561    102002.7029850791
587000     -9981.8436773463       110.0071398077      -415.9460181122    102002.7029850791
588000     -9981.8028453036       110.0110046272      -415.4068840013    102002.7029850791
589000     -9981.9666199731       110.0081999731      -415.7857919434    102002.7029850791
590000     -9982.2169518224       110.0004268189      -416.1175275887    102002.7029850791
591000     -9982.1382195807       110.0047795756      -416.3204704293    102002.7029850792
592000     -9982.3013715931       109.9985473335      -416.1385518705    102002.7029850792
593000     -9982.3052433925       110.0003443004      -415.9891752629    102002.7029850792
594000     -9982.2486761014       110.0036978372      -415.7095768841    102002.7029850792
595000     -9982.4480860922       109.9950463264      -416.5089568335    102002.7029850792
596000     -9982.3090090631       110.0006331579      -416.0981514681    102002.7029850792
597000     -9982.2854164006       109.9966784965      -416.4027931821    102002.7029850792
598000     -9982.3643760849       109.9912206072      -416.4242514491    102002.7029850792
599000     -9982.2368547819       109.9991593809      -417.3693232461    102002.7029850792
600000     -9982.3020340133       109.9984940167      -417.3320949451    102002.7029850792
601000     -9982.3821161260       109.9934111062      -417.2453217420    102002.7029850792
602000     -9982.4045705777       109.9890349092      -417.8578315252    102002.7029850792
603000     -9982.3950499411       109.9861596673      -417.7305811903    102002.7029850792
604000     -9982.4326109285       109.9861622623      -417.9586418230    102002.7029850793
605000     -9982.5592873609       109.9815740732      -418.0600944976    102002.7029850793
606000     -9982.5286498073       109.9827529878      -418.2606636618    102002.7029850793
607000     -9982.4961324232       109.9831679426      -417.9623645608    102002.7029850793
608000     -9982.4439741544       109.9882272147      -418.6655116462    102002.7029850793
609000     -9982.4483023570       109.9890837648      -418.6843571424    102002.7029850793
610000     -9982.5875394002       109.9806452179      -418.4139308958    102002.7029850793
611000     -9982.5819169052       109.9824500454      -418.5484382176    102002.7029850793
612000     -9982.6270929379       109.9784039241      -418.2447035279    102002.7029850793
613000     -9982.5153157815       109.9846659706      -418.0905407539    102002.7029850793
614000     -9982.5424709097       109.9857907045      -418.2110484336    102002.7029850793
615000     -9982.5971174942       109.9853872669      -418.0003820441    102002.7029850793
616000     -9982.7317185318       109.9794812031      -417.9532874734    102002.7029850793
617000     -9982.7601702364       109.9802028985      -418.0347863302    102002.7029850793
618000     -9982.7252894153       109.9815090707      -418.2013539014    102002.7029850793
619000     -9982.8097976712       109.9786580718      -418.3214462873    102002.7029850793
620000     -9982.7287134037       109.9839582850      -418.4131137346    102002.7029850793
621000     -9982.7222495413       109.9854833825      -418.8604521644    102002.7029850793
622000     -9982.7284990330       109.9871893060      -419.3562629103    102002.7029850794
623000     -9982.6552347902       109.9918512654      -419.9214271725    102002.7029850794
624000     -9982.5720183491       109.9973372887      -420.3826341412    102002.7029850794
625000     -9982.6539356459       109.9930374319      -420.4394539912    102002.7029850794
626000     -9982.6367806756       109.9952096887      -421.0712784066    102002.7029850794
627000     -9982.6505430829       109.9955163289      -421.1980075727    102002.7029850794
628000     -9982.6647065650       109.9952646735      -421.4919096566    102002.7029850794
629000     -9982.5510389824       109.9996696456      -421.4388029299    102002.7029850794
630000     -9982.4497955340       110.0044145481      -421.6056637510    102002.7029850794
631000     -9982.3754806175       110.0077283334      -421.5784286612    102002.7029850794
632000     -9982.3520724834       110.0083510862      -421.8596994995    102002.7029850794
633000     -9982.3733204252       110.0112049358      -422.3378966625    102002.7029850794
634000     -9982.4872806637       110.0070637673      -422.7131208986    102002.7029850794
635000     -9982.5076341313       110.0057335960      -423.1408093697    102002.7029850794
636000     -9982.4828398596       110.0070179924      -423.0230459203    102002.7029850794
637000     -9982.5314905200       110.0058211164      -422.8615106588    102002.7029850794
638000     -9982.4837903213       110.0099737561      -422.5911982448    102002.7029850794
639000     -9982.4542423042       110.0109676231      -423.0833165837    102002.7029850794
640000     -9982.5451778317       110.0052011833      -423.6741172797    102002.7029850794
641000     -9982.5525710663       110.0040917265      -423.5388030409    102002.7029850794
642000     -9982.6139767905       110.0007821769      -424.0266141811    102002.7029850794
643000     -9982.6033374441       110.0018418778      -424.5406080507    102002.7029850794
644000     -9982.6346972873       109.9984921421      -424.3535751419    102002.7029850794
645000     -9982.6277411199       109.9989707004      -424.1162893356    102002.7029850794
646000     -9982.6677482960       109.9979591933      -424.8659892493    102002.7029850795
647000     -9982.7228677100       109.9996606857      -425.9141313195    102002.7029850795
648000     -9982.7416412671       110.0010594866      -426.7363865637    102002.7029850795
649000     -9982.8325844539       110.0000792528      -427.3055530185    102002.7029850795
650000     -9982.9818326612       109.9948611669      -428.1266640813    102002.7029850795
651000     -9983.0211754499       109.9936423060      -428.4588147221    102002.7029850795
652000     -9982.9983871778       109.9952795130      -428.6875990168    102002.7029850795
653000     -9982.9615592837       109.9965276108      -429.0383082882    102002.7029850795
654000     -9983.0142240835       109.9933366761      -429.5634156150    102002.7029850795
655000     -9983.0804805247       109.9906560288      -429.5882711499    102002.7029850795
656000     -9983.1106128375       109.9910480653      -429.8648608519    102002.7029850795
657000     -9983.1573997415       109.9892936751      -429.8747523903    102002.7029850795
658000     -9983.1615483666       109.9882712421      -429.7408556916    102002.7029850795
659000     -9983.1334076318       109.9905817065      -429.6392884416    102002.7029850795
660000     -9983.1043704948       109.9937088254      -429.8527130991    102002.7029850795
661000     -9983.1453292927       109.9935315382      -430.7986656668    102002.7029850795
662000     -9983.1592025466       109.9954574893      -431.6649462531    102002.7029850795
663000     -9983.1893628354       109.9959647553      -432.3249322900    102002.7029850795
664000     -9983.2557873853       109.9932255217      -432.5798175481    102002.7029850795
665000     -9983.2887119052       109.9913186657      -433.1662900747    102002.7029850795
666000     -9983.3307774590       109.9896912650      -433.8656129952    102002.7029850795
667000     -9983.3251477374       109.9878408122      -434.3397216313    102002.7029850795
668000     -9983.3934314453       109.9833751812      -435.1901530371    102002.7029850795
669000     -9983.4489699966       109.9826505794      -435.8646497539    102002.7029850795
670000     -9983.4518134761       109.9818045694      -436.5174331135    102002.7029850795
671000     -9983.4640027101       109.9800083923      -437.0367043146    102002.7029850795
672000     -9983.5323573040       109.9760317328      -437.7041397655    102002.7029850795
673000     -9983.5221427439       109.9747042655      -438.1338700908    102002.7029850795
674000     -9983.5709093856       109.9726936452      -438.7260263323    102002.7029850794
675000     -9983.6975415893       109.9699513693      -439.1933077980    102002.7029850794
676000     -9983.7490137701       109.9694121464      -439.4660066337    102002.7029850794
677000     -9983.8009160909       109.9673297687      -439.5697915360    102002.7029850794
678000     -9983.8396851306       109.9662485912      -439.3762176666    102002.7029850794
679000     -9983.8540027795       109.9656147019      -439.2731568254    102002.7029850794
680000     -9983.8750273736       109.9629852071      -439.6755878037    102002.7029850794
681000     -9983.9451770705       109.9590924197      -440.4920254407    102002.7029850794
682000     -9983.9198413410       109.9589256022      -441.1338090610    102002.7029850794
683000     -9983.9094838569       109.9607050434      -441.6043937243    102002.7029850794
684000     -9983.9001281389       109.9596588185      -441.7400419022    102002.7029850794
685000     -9983.8654826989       109.9614016650      -441.9723623687    102002.7029850794
686000     -9983.7857943317       109.9641391270      -442.3963559864    102002.7029850794
687000     -9983.7873231539       109.9632854404      -442.6783021953    102002.7029850794
688000     -9983.7845760421       109.9608132382      -442.5896114586    102002.7029850793
689000     -9983.7024254600       109.9635761397      -442.6275356214    102002.7029850793
690000     -9983.7374226677       109.9615006702      -442.4843953567    102002.7029850793
691000     -9983.6951999662       109.9649760092      -442.7569790567    102002.7029850793
692000     -9983.6902729658       109.9669444401      -442.5824696024    102002.7029850793
693000     -9983.7276716701       109.9657995216      -442.9810807969    102002.7029850793
694000     -9983.7216943299       109.9660517895      -443.5660024436    102002.7029850793
695000     -9983.7177465084       109.9662048384      -443.4641149315    102002.7029850793
696000     -9983.7632126629       109.9636512940      -443.3503394179    102002.7029850793
697000     -9983.7047177125       109.9642426829      -443.4615442175    102002.7029850793
698000     -9983.8045828658       109.9600451627      -444.1313483906    102002.7029850793
699000     -9983.7610433644       109.9626840395      -444.4393510679    102002.7029850793
700000     -9983.7075949270       109.9666574732      -444.6131922013    102002.7029850793
701000     -9983.7361756722       109.9647938480      -444.7915955366    102002.7029850793
702000     -9983.7948498766       109.9637521389      -445.2659173462    102002.7029850793
703000     -9983.8002501536       109.9630726526      -445.7344271845    102002.7029850793
704000     -9983.8237932482       109.9617177585      -446.2803360952    102002.7029850792
705000     -9983.8465251276       109.9594257221      -446.6005178642    102002.7029850792
706000     -9983.8127451947       109.9600950518      -446.9666648579    102002.7029850792
707000     -9983.7901261301       109.9597205715      -447.1196564123    102002.7029850792
708000     -9983.7346539508       109.9600160828      -447.1558574449    102002.7029850792
709000     -9983.7124358161       109.9603789038      -447.4328283950    102002.7029850792
710000     -9983.6691026591       109.9631650128      -447.8059257227    102002.7029850792
711000     -9983.6300051213       109.9656120161      -448.0884358041    102002.7029850792
712000     -9983.6458805072       109.9642570411      -448.3722500153    102002.7029850792
713000     -9983.6038868891       109.9659094141      -449.0149312331    102002.7029850792
714000     -9983.6120042126       109.9651261854      -449.1798114704    102002.7029850792
715000     -9983.5551856773       109.9662311116      -449.5995499500    102002.7029850792
716000     -9983.4693774152       109.9695726781      -450.1265964662    102002.7029850792
717000     -9983.4625252679       109.9684633961      -450.0805531889    102002.7029850792
718000     -9983.4692883100       109.9670811844      -450.3863207839    102002.7029850792
719000     -9983.4606059805       109.9668387197      -450.4960431079    102002.7029850792
720000     -9983.4423533694       109.9677314377      -450.5219630378    102002.7029850792
721000     -9983.3835436110       109.9712825299      -450.7622443674    102002.7029850792
722000     -9983.3774276238       109.9724428363      -450.9290072051    102002.7029850792
723000     -9983.3913802921       109.9713203674      -450.9424534865    102002.7029850792
724000     -9983.4282327829       109.9700046017      -451.0508551776    102002.7029850791
725000     -9983.4788199775       109.9686876831      -451.2453624089    102002.7029850791
726000     -9983.4706656164       109.9689876363      -451.3066719485    102002.7029850791
727000     -9983.4406861115       109.9712031308      -451.5264148692    102002.7029850791
728000     -9983.4076389892       109.9728685344      -451.6672232493    102002.7029850791
729000     -9983.4167416750       109.9709601204      -451.9663471608    102002.7029850791
730000     -9983.3294335620       109.9744099983      -452.1854223978    102002.7029850791
731000     -9983.3270778031       109.9746433736      -452.3715569438    102002.7029850791
732000     -9983.4024107160       109.9729777894      -452.8061557437    102002.7029850791
733000     -9983.4669690420       109.9705610585      -453.0147680141    102002.7029850791
734000     -9983.4720553101       109.9716787587      -453.1367512002    102002.7029850791
735000     -9983.5114403985       109.9705383407      -453.2663587383    102002.7029850791
736000     -9983.5145908474       109.9715173062      -453.1185831605    102002.7029850791
737000     -9983.4811136056       109.9736417530      -452.9514112891    102002.7029850791
738000     -9983.4478134407       109.9755416501      -452.9761098385    102002.7029850791
739000     -9983.4687155772       109.9745280571      -452.8373134422    102002.7029850791
740000     -9983.4964207902       109.9740457466      -452.6923680422    102002.7029850791
741000     -9983.4888898291       109.9738036937      -452.7066587346    102002.7029850791
742000     -9983.4136148806       109.9767845174      -452.4548695948    102002.7029850791
743000     -9983.4624508124       109.9742789491      -452.4526442717    102002.7029850791
744000     -9983.4362320940       109.9758456472      -452.2553656872    102002.7029850791
745000     -9983.4081748034       109.9769786188      -452.2838766751    102002.7029850791
746000     -9983.4267198249       109.9774200988      -452.3955005442    102002.7029850791
747000     -9983.4578360439       109.9776160627      -452.6616038173    102002.7029850791
748000     -9983.4677657635       109.9781133883      -452.8766446374    102002.7029850790
749000     -9983.5189054985       109.9775745209      -453.0897886160    102002.7029850790
750000     -9983.5205386561       109.9794004475      -453.2162325789    102002.7029850790
751000     -9983.5694803077       109.9790400126      -453.1504498683    102002.7029850790
752000     -9983.5880878088       109.9782145475      -453.3432614837    102002.7029850790
753000     -9983.6635577694       109.9754267863      -453.6705317059    102002.7029850790
754000     -9983.6550152989       109.9753270320      -453.3887831074    102002.7029850790
755000     -9983.6511277891       109.9783164363      -453.2954511989    102002.7029850790
756000     -9983.6108226139       109.9814857527      -453.3218253916    102002.7029850790
757000     -9983.6486117158       109.9806520173      -453.4883050348    102002.7029850790
758000     -9983.6716052197       109.9798837652      -453.7020772901    102002.7029850790
759000     -9983.6528863346       109.9796922836      -453.6379409882    102002.7029850790
760000     -9983.6530432505       109.9789793459      -453.6074549162    102002.7029850790
761000     -9983.6481104867       109.9793618405      -453.7421787779    102002.7029850790
762000     -9983.6248956281       109.9805844031      -453.8977494903    102002.7029850790
763000     -9983.6296342212       109.9815242789      -453.9797922141    102002.7029850790
764000     -9983.6404344773       109.9816001113      -454.2729239618    102002.7029850790
765000     -9983.6284471194       109.9818282243      -454.6106415870    102002.7029850790
766000     -9983.6403964586       109.9825946378      -454.7453303569    102002.7029850790
767000     -9983.6592459880       109.9815723823      -454.6357969932    102002.7029850790
768000     -9983.6982260719       109.9804969430      -454.6078806600    102002.7029850790
769000     -9983.7088749438       109.9815326406      -454.9809040373    102002.7029850790
770000     -9983.7093603156       109.9807949701      -455.2253118514    102002.7029850790
771000     -9983.6891694412       109.9816839197      -455.5400038268    102002.7029850790
772000     -9983.7207343094       109.9799792589      -455.8745097292    102002.7029850790
773000     -9983.7727631137       109.9773643430      -456.0890501390    102002.7029850790
774000     -9983.7760191068       109.9759481685      -456.1156982257    102002.7029850790
775000     -9983.8202683239       109.9735194116      -456.5205000416    102002.7029850790
776000     -9983.8696268822       109.9712502653      -456.9328938984    102002.7029850790
777000     -9983.8973269758       109.9706089103      -457.3366149183    102002.7029850789
778000     -9983.9221229468       109.9697183472      -457.6865396083    102002.7029850789
779000     -9983.9092080061       109.9722365871      -457.7431017961    102002.7029850789
780000     -9983.9371744504       109.9703005390      -457.8266515540    102002.7029850789
781000     -9983.9414914915       109.9708787178      -458.1752898388    102002.7029850789
782000     -9983.9180403944       109.9726356520      -458.2252087329    102002.7029850789
783000     -9983.9420685260       109.9718306222      -458.3317407998    102002.7029850789
784000     -9983.9820249076       109.9687663240      -458.3524076385    102002.7029850789
785000     -9984.0173525318       109.9676922282      -458.4340287777    102002.7029850789
786000     -9984.0165900460       109.9676913279      -458.7026848388    102002.7029850789
787000     -9984.0198281041       109.9676923242      -458.9301079393    102002.7029850789
788000     -9984.0228075572       109.9677796059      -459.3215602331    102002.7029850789
789000     -9984.0216252700       109.9687086134      -459.6289129328    102002.7029850789
790000     -9984.0340941605       109.9680673183      -459.8325107254    102002.7029850789
791000     -9984.0317866352       109.9694550118      -459.8435121615    102002.7029850789
792000     -9984.0399012565       109.9683132344      -460.0282181251    102002.7029850789
793000     -9984.0410195916       109.9678173668      -460.0709616270    102002.7029850789
794000     -9984.0212225480       109.9684555655      -459.8898937016    102002.7029850789
795000     -9984.0561285385       109.9676209101      -459.7622448026    102002.7029850789
796000     -9984.0545772079       109.9672855686      -459.7705012762    102002.7029850789
797000     -9984.0238513970       109.9687290661      -459.9387341808    102002.7029850789
798000     -9984.0037533718       109.9699940100      -460.1945485396    102002.7029850789
799000     -9984.0113729704       109.9699778733      -460.5044870224    102002.7029850789
800000     -9984.0429073657       109.9691582301      -460.6633220424    102002.7029850789
801000     -9984.0428645698       109.9691638761      -460.8156199360    102002.7029850789
802000     -9984.0471604202       109.9692414862      -460.9634819018    102002.7029850789
803000     -9984.0726538591       109.9694784510      -461.2308276034    102002.7029850789
804000     -9984.0629994769       109.9692541803      -461.4629428707    102002.7029850789
805000     -9984.0628434715       109.9695076884      -461.7042169265    102002.7029850789
806000     -9984.1108229814       109.9662466228      -461.6752211077    102002.7029850789
807000     -9984.1226159029       109.9661513962      -461.7375548006    102002.7029850789
808000     -9984.1388108400       109.9661992080      -461.6852806545    102002.7029850789
809000     -9984.1095161690       109.9672045527      -461.5271950857    102002.7029850789
810000     -9984.0431709301       109.9689576864      -461.2885854259    102002.7029850789
811000     -9984.0441027323       109.9697617199      -461.3214453530    102002.7029850789
812000     -9984.0237976746       109.9701558609      -461.2792481457    102002.7029850789
813000     -9983.9938893729       109.9713246390      -461.3206849032    102002.7029850789
814000     -9984.0094832727       109.9708148973      -461.3324961523    102002.7029850789
815000     -9984.0250802616       109.9717051403      -461.6165521251    102002.7029850788
816000     -9984.0262670245       109.9713870957      -461.7099363944    102002.7029850788
817000     -9984.0742954774       109.9694635010      -461.8033244679    102002.7029850788
818000     -9984.0421984253       109.9699840976      -461.6916806193    102002.7029850788
819000     -9984.1006540425       109.9662427089      -461.6345915280    102002.7029850788
820000     -9984.0975421294       109.9666135835      -461.7060509682    102002.7029850788
821000     -9984.0824198004       109.9677005147      -461.6418951590    102002.7029850788
822000     -9984.0978640324       109.9667369983      -461.7358028448    102002.7029850788
823000     -9984.1186699862       109.9664018081      -461.6344226685    102002.7029850788
824000     -9984.1047689736       109.9673388792      -461.5643346133    102002.7029850788
825000     -9984.0584331715       109.9703804975      -461.4998591909    102002.7029850788
826000     -9984.0322541067       109.9709769628      -461.3398135560    102002.7029850788
827000     -9984.0064550484       109.9730233100      -461.3098251474    102002.7029850788
828000     -9984.0057517672       109.9734318894      -461.3456567488    102002.7029850788
829000     -9983.9632658680       109.9747797874      -461.0481684078    102002.7029850788
830000     -9983.9473660745       109.9750520661      -461.0222000814    102002.7029850788
831000     -9983.9313968775       109.9742700761      -460.8960406352    102002.7029850788
832000     -9983.9473637943       109.9724438348      -460.9069196976    102002.7029850788
833000     -9983.9588801438       109.9712652729      -460.6287899497    102002.7029850788
834000     -9983.9329531395       109.9720395295      -460.6293766078    102002.7029850788
835000     -9983.9152319625       109.9728411216      -460.4679636940    102002.7029850788
836000     -9983.9080567679       109.9718918240      -460.4293849741    102002.7029850788
837000     -9983.8896256830       109.9723046955      -460.2501214538    102002.7029850788
838000     -9983.8862979863       109.9728720637      -460.1643830033    102002.7029850788
839000     -9983.9120693037       109.9715914006      -460.0862829766    102002.7029850788
840000     -9983.8655100943       109.9736927474      -460.0671251450    102002.7029850788
841000     -9983.8629796418       109.9744604832      -460.2736409704    102002.7029850788
842000     -9983.8561632224       109.9754451392      -460.1828823972    102002.7029850788
843000     -9983.8548390337       109.9762492335      -460.0193590602    102002.7029850788
844000     -9983.8356559888       109.9772755318      -459.9098629626    102002.7029850788
845000     -9983.8406811479       109.9762365999      -459.9048860788    102002.7029850788
846000     -9983.8168336748       109.9768102471      -459.9693111749    102002.7029850788
847000     -9983.8080871881       109.9752469609      -459.9530766901    102002.7029850788
848000     -9983.7787579532       109.9749823946      -459.7028659117    102002.7029850788
849000     -9983.7472597092       109.9751450253      -459.5562038293    102002.7029850788
850000     -9983.7399931465       109.9751910273      -459.3752842795    102002.7029850788
851000     -9983.7311265558       109.9745505895      -459.2136203365    102002.7029850788
852000     -9983.7278440938       109.9734944775      -459.1653780651    102002.7029850788
853000     -9983.7300161094       109.9729845617      -459.0549751123    102002.7029850788
854000     -9983.6952866791       109.9745952474      -458.9440103390    102002.7029850788
855000     -9983.6952610338       109.9745929250      -458.6655744311    102002.7029850788
856000     -9983.6858409907       109.9748087671      -458.5235879125    102002.7029850788
857000     -9983.7048052883       109.9740055753      -458.5048136266    102002.7029850788
858000     -9983.7299116447       109.9727802930      -458.5487685185    102002.7029850788
859000     -9983.7398639027       109.9730758230      -458.5665535433    102002.7029850788
860000     -9983.7554908914       109.9721635051      -458.6507444972    102002.7029850788
861000     -9983.7452174841       109.9724358458      -458.6651313264    102002.7029850788
862000     -9983.7705004079       109.9717752332      -458.7067128909    102002.7029850788
863000     -9983.7199812644       109.9751265963      -458.5609013941    102002.7029850788
864000     -9983.7397508617       109.9748199356      -458.6153247966    102002.7029850788
865000     -9983.7559560092       109.9750324293      -458.4742889039    102002.7029850788
866000     -9983.7297659869       109.9767491657      -458.4501487239    102002.7029850788
867000     -9983.7494352710       109.9757265300      -458.3083530041    102002.7029850788
868000     -9983.7414683747       109.9757185905      -458.1926706043    102002.7029850788
869000     -9983.7113854744       109.9767698490      -458.1404767856    102002.7029850788
870000     -9983.6902246234       109.9765493030      -457.9807835248    102002.7029850787
871000     -9983.6428501883       109.9781275341      -457.5541918547    102002.7029850787
872000     -9983.6310394471       109.9787081430      -457.2437420140    102002.7029850787
873000     -9983.6440432586       109.9779757987      -457.0627328081    102002.7029850787
874000     -9983.6877888175       109.9773714966      -457.0566132745    102002.7029850787
875000     -9983.7075493095       109.9764302048      -457.0894262648    102002.7029850787
876000     -9983.6753208125       109.9782726110      -457.0945957302    102002.7029850787
877000     -9983.6945171033       109.9774457830      -456.9787338039    102002.7029850787
878000     -9983.7474929890       109.9757031260      -457.0007957093    102002.7029850787
879000     -9983.7478288080       109.9752706080      -457.1598485658    102002.7029850787
880000     -9983.7823513248       109.9742315958      -457.1125592150    102002.7029850787
881000     -9983.8075784122       109.9728361980      -457.1027519337    102002.7029850787
882000     -9983.8261545617       109.9729584860      -457.1648481424    102002.7029850787
883000     -9983.8649916929       109.9723187972      -457.1364477591    102002.7029850787
884000     -9983.8940473338       109.9714072578      -457.2903617278    102002.7029850787
885000     -9983.9127988550       109.9707149196      -457.1855191938    102002.7029850787
886000     -9983.9369515290       109.9692717079      -457.1079753766    102002.7029850787
887000     -9983.9550005978       109.9682229242      -456.9819328185    102002.7029850787
888000     -9983.9678811650       109.9683231882      -456.8367382807    102002.7029850787
889000     -9983.9733324535       109.9674727748      -456.8878717633    102002.7029850787
890000     -9983.9512016067       109.9668271339      -456.7603869211    102002.7029850787
891000     -9983.8907070655       109.9689410787      -456.6026438720    102002.7029850787
892000     -9983.8703277386       109.9686302406      -456.3960808385    102002.7029850787
893000     -9983.8363884628       109.9699879979      -456.3212834288    102002.7029850787
894000     -9983.8541580734       109.9690631620      -456.1686132386    102002.7029850787
895000     -9983.8349198178       109.9691614088      -456.0261419862    102002.7029850787
896000     -9983.7961945419       109.9697138908      -455.7859938848    102002.7029850787
897000     -9983.7975143911       109.9708623334      -455.7733885996    102002.7029850787
898000     -9983.8006184869       109.9707626794      -455.5379280332    102002.7029850787
899000     -9983.8193175568       109.9696641737      -455.3446317824    102002.7029850787
900000     -9983.8434808197       109.9679428698      -455.2241525393    102002.7029850787
901000     -9983.8196943618       109.9683140596      -455.1016168045    102002.7029850787
902000     -9983.7896841893       109.9694997932      -454.8067332165    102002.7029850787
903000     -9983.7931682248       109.9689809644      -454.6990853205    102002.7029850787
904000     -9983.7633341227       109.9691798442      -454.5901707943    102002.7029850787
905000     -9983.7620433992       109.9685891714      -454.4822248398    102002.7029850787
906000     -9983.7480893921       109.9695974929      -454.4854139561    102002.7029850787
907000     -9983.7347427408       109.9700670672      -454.3022039132    102002.7029850787
908000     -9983.7189138344       109.9699322671      -453.9997282204    102002.7029850787
909000     -9983.7303059488       109.9696706233      -453.8880020510    102002.7029850787
910000     -9983.7032380518       109.9707624180      -453.8281339300    102002.7029850787
911000     -9983.6971150819       109.9701133767      -453.7929071921    102002.7029850787
912000     -9983.6949689939       109.9694619520      -453.5380376047    102002.7029850787
913000     -9983.7105992199       109.9684181285      -453.4184582179    102002.7029850787
914000     -9983.7081446110       109.9687126313      -453.4932711549    102002.7029850787
915000     -9983.7434548809       109.9681336125      -453.5969327278    102002.7029850787
916000     -9983.7589313110       109.9677494468      -453.6817784307    102002.7029850787
917000     -9983.7663358588       109.9668976918      -453.6013504980    102002.7029850787
918000     -9983.7907036339       109.9665037423      -453.3477991203    102002.7029850787
919000     -9983.7905926078       109.9666860560      -453.1798344763    102002.7029850787
920000     -9983.8027681895       109.9658602279      -452.9873518689    102002.7029850787
921000     -9983.8217663456       109.9645462658      -453.0051477666    102002.7029850787
922000     -9983.7987796555       109.9659217098      -452.9017332397    102002.7029850787
923000     -9983.8306442677       109.9646016840      -453.0970876886    102002.7029850787
924000     -9983.8447492262       109.9638005473      -453.0788752133    102002.7029850787
925000     -9983.8456021635       109.9643884552      -453.1157361047    102002.7029850787
926000     -9983.8676813549       109.9638877694      -453.1857109147    102002.7029850787
927000     -9983.8605383348       109.9644289499      -453.1579661487    102002.7029850786
928000     -9983.8499622103       109.9648318833      -453.0799963712    102002.7029850786
929000     -9983.8610281001       109.9647273034      -453.1609952437    102002.7029850786
930000     -9983.8992755317       109.9638891353      -453.2100009965    102002.7029850786
931000     -9983.9488978929       109.9624941124      -453.1446799258    102002.7029850786
932000     -9983.9646818951       109.9621617075      -453.0323423771    102002.7029850786
933000     -9984.0435607227       109.9597938722      -452.9185650474    102002.7029850786
934000     -9984.0655170778       109.9601217661      -452.9139114212    102002.7029850786
935000     -9984.0774114469       109.9616898394      -452.9015797611    102002.7029850786
936000     -9984.1213450435       109.9604151478      -452.9908074304    102002.7029850786
937000     -9984.1434709632       109.9601324734      -452.9969084959    102002.7029850786
938000     -9984.1269494931       109.9611704937      -452.9846966901    102002.7029850786
939000     -9984.1251687865       109.9613902212      -452.9147037418    102002.7029850786
940000     -9984.1343468505       109.9615056368      -452.8351766842    102002.7029850786
941000     -9984.1573954852       109.9612363605      -453.0193368545    102002.7029850786
942000     -9984.1873167834       109.9605587788      -453.1474914224    102002.7029850786
943000     -9984.2016256743       109.9605292975      -453.1897754722    102002.7029850786
944000     -9984.2036102209       109.9610240934      -453.1757486866    102002.7029850786
945000     -9984.2105851267       109.9622469034      -453.3092248546    102002.7029850786
946000     -9984.1937506298       109.9634593171      -453.2537745218    102002.7029850786
947000     -9984.2012709644       109.9639818309      -453.1466173522    102002.7029850786
948000     -9984.1729317604       109.9662164329      -452.9476751849    102002.7029850786
949000     -9984.1850295202       109.9660797945      -452.9590847339    102002.7029850786
950000     -9984.1615303270       109.9678289458      -452.9354590411    102002.7029850786
951000     -9984.1779971962       109.9681136814      -452.9417889808    102002.7029850786
952000     -9984.1680726613       109.9698796294      -452.8380574872    102002.7029850786
953000     -9984.1598788256       109.9700387130      -452.7995042514    102002.7029850786
954000     -9984.1685440196       109.9701943435      -452.8663489146    102002.7029850786
955000     -9984.1725177409       109.9702033184      -452.9324381022    102002.7029850786
956000     -9984.1521720075       109.9714758928      -452.9055428042    102002.7029850786
957000     -9984.1508547770       109.9707425902      -453.0732938343    102002.7029850786
958000     -9984.1776978124       109.9695205404      -453.1799916246    102002.7029850786
959000     -9984.1488364203       109.9706215718      -453.1825239156    102002.7029850786
960000     -9984.1386138141       109.9714257816      -453.2715888231    102002.7029850786
961000     -9984.1652927410       109.9704043841      -453.3522442924    102002.7029850786
962000     -9984.1513272861       109.9716283892      -453.3189389378    102002.7029850786
963000     -9984.1452406579       109.9729350347      -453.3093882577    102002.7029850786
964000     -9984.1563984598       109.9727130190      -453.2787157707    102002.7029850786
965000     -9984.1652386695       109.9737538188      -453.1732091111    102002.7029850786
966000     -9984.1725605666       109.9740709895      -453.1383602925    102002.7029850786
967000     -9984.1923215634       109.9736826121      -453.1733547582    102002.7029850786
968000     -9984.1801378235       109.9739880579      -453.1867778198    102002.7029850786
969000     -9984.1702585920       109.9735009481      -453.0948887916    102002.7029850786
970000     -9984.1639639950       109.9737133712      -453.1501858822    102002.7029850786
971000     -9984.1788575525       109.9729725830      -453.0764492963    102002.7029850786
972000     -9984.1859603585       109.9720019415      -453.0423565083    102002.7029850786
973000     -9984.1903866112       109.9722759929      -453.1128598415    102002.7029850786
974000     -9984.1673923345       109.9735041677      -453.1367593447    102002.7029850786
975000     -9984.1457084862       109.9750612678      -453.2867754251    102002.7029850786
976000     -9984.1409219565       109.9750917842      -453.3469730363    102002.7029850786
977000     -9984.1115242549       109.9755953359      -453.2753379842    102002.7029850786
978000     -9984.1139076022       109.9749202698      -453.3179604731    102002.7029850786
979000     -9984.0833335594       109.9767610222      -453.1439268270    102002.7029850786
980000     -9984.0350722139       109.9782411242      -453.0973673501    102002.7029850786
981000     -9984.0268025152       109.9787952201      -453.0572206823    102002.7029850786
982000     -9984.0141306193       109.9794639432      -453.0871891778    102002.7029850786
983000     -9983.9988615345       109.9794249732      -453.0103005803    102002.7029850786
984000     -9983.9820731432       109.9798925612      -452.8864092333    102002.7029850786
985000     -9983.9631688688       109.9803742991      -452.8666042033    102002.7029850786
986000     -9983.9669901443       109.9792297766      -452.8932249709    102002.7029850786
987000     -9983.9526240828       109.9793240516      -452.8633385038    102002.7029850786
988000     -9983.9533279630       109.9782854479      -452.7902953992    102002.7029850786
989000     -9983.9556297117       109.9778170556      -452.7900856782    102002.7029850786
990000     -9983.9740547211       109.9764801472      -452.8063911811    102002.7029850786
991000     -9983.9733758440       109.9765784478      -452.7224806751    102002.7029850786
992000     -9983.9845972969       109.9757343688      -452.6554688024    102002.7029850786
993000     -9983.9822549061       109.9763493023      -452.5398884974    102002.7029850786
994000     -9984.0074891982       109.9757403978      -452.6500063270    102002.7029850786
995000     -9984.0056681331       109.9759188037      -452.9376086720    102002.7029850786
996000     -9983.9942875917       109.9766101105      -453.1176904675    102002.7029850786
997000     -9983.9955218236       109.9757407298      -453.1047567170    102002.7029850786
998000     -9984.0098904497       109.9757236388      -453.1272401614    102002.7029850786
999000     -9983.9918853698       109.9764519448      -453.0199272628    102002.7029850786
1000000     -9983.9659532154       109.9775883938      -452.8706409230    102002.7029850786
