# Time-averaged data for fix runningavgs
# TimeStep v_ra_etotal v_ra_temp v_ra_press v_ra_volume
502000     -7235.1757501610       130.1691263183      -840.7734113666    102002.7029850792
503000     -7240.6148244098       130.0196645749      -833.3482456091    102002.7029850792
504000     -7235.0938144180       130.3503270852      -825.1315183339    102002.7029850792
505000     -7238.2882387276       130.1223790651      -833.9787510043    102002.7029850792
506000     -7238.2808548728       130.1115104432      -833.4551300064    102002.7029850792
507000     -7236.1185290795       130.2392523194      -830.1671583930    102002.7029850792
508000     -7235.4774063174       130.3485806520      -825.1076045279    102002.7029850792
509000     -7234.2541296871       130.3945006734      -822.0297730232    102002.7029850792
510000     -7235.3664909133       130.2752647587      -819.6233208041    102002.7029850792
511000     -7237.0587997277       130.2221978217      -814.9028242431    102002.7029850792
512000     -7237.4382134778       130.1265830591      -815.0548900115    102002.7029850792
513000     -7237.9653466164       130.0154475088      -813.1710733889    102002.7029850792
514000     -7237.2452905832       129.9880142759      -811.6427065465    102002.7029850792
515000     -7236.6420220958       129.9607695737      -809.5261912901    102002.7029850792
516000     -7236.4160966413       129.9467662187      -810.8739861480    102002.7029850792
517000     -7235.6785438611       129.9827598588      -811.7972742513    102002.7029850792
518000     -7234.6329004150       130.0205315524      -812.4162500131    102002.7029850792
519000     -7233.7071590748       130.0862852473      -813.0014830883    102002.7029850792
520000     -7233.2358047211       130.0937502382      -812.9558996950    102002.7029850792
521000     -7232.6742277079       130.1068564657      -810.2317799315    102002.7029850792
522000     -7232.0853774045       130.1314705681      -809.4852169006    102002.7029850792
523000     -7232.4259088226       130.0936941510      -808.8988740087    102002.7029850792
524000     -7232.5419514089       130.0677518442      -808.4707503324    102002.7029850792
525000     -7232.4622844516       130.0361832463      -809.6729510285    102002.7029850792
526000     -7231.9925940657       130.0465388704      -807.3838949684    102002.7029850792
527000     -7231.0893682587       130.0702064075      -808.0095563850    102002.7029850792
528000     -7230.3490720553       130.0815520135      -806.1166733289    102002.7029850792
529000     -7229.8693136790       130.0633986159      -805.8838130859    102002.7029850792
530000     -7229.8744436944       130.0391509778      -806.2089457728    102002.7029850792
531000     -7229.6391641828       130.0244783644      -805.9386403038    102002.7029850792
532000     -7229.7922473911       130.0046691438      -803.1259792691    102002.7029850792
533000     -7229.0454689788       130.0203626259      -802.3065028391    102002.7029850792
534000     -7228.7133918551       130.0239520767      -802.3313737851    102002.7029850792
535000     -7228.7142201037       130.0114712313      -802.6731877148    102002.7029850792
536000     -7228.4113781979       130.0216656068      -801.8863845349    102002.7029850792
537000     -7228.5136045855       130.0140932897      -801.3080452875    102002.7029850792
538000     -7228.1976707258       130.0223935667      -801.2465705407    102002.7029850792
539000     -7228.2300079510       130.0151708560      -800.5851751184    102002.7029850791
540000     -7228.0699139044       130.0132006471      -800.0161496893    102002.7029850791
541000     -7228.2018454553       129.9999156597      -798.7537159701    102002.7029850791
542000     -7227.7254424823       130.0176663556      -799.7923942037    102002.7029850791
543000     -7227.6449834309       130.0150682219      -800.3931609305    102002.7029850791
544000     -7227.5644597280       130.0057348133      -800.3955409109    102002.7029850791
545000     -7227.6379411105       130.0000975303      -800.1320413661    102002.7029850791
546000     -7227.7438691336       130.0026926313      -800.3436453206    102002.7029850791
547000     -7227.7191141664       130.0132413345      -800.1272527228    102002.7029850791
548000     -7227.7907613040       129.9830337099      -800.5370862169    102002.7029850791
549000     -7227.8115290050       129.9895808297      -800.4338842669    102002.7029850791
550000     -7227.4321403924       130.0099640391      -800.5676629383    102002.7029850791
551000     -7227.6797043083       129.9840088440      -800.7942014723    102002.7029850791
552000     -7227.5458012740       129.9851242976      -802.6613905856    102002.7029850791
553000     -7227.1283738342       130.0071939465      -802.3979103336    102002.7029850791
554000     -7226.8985808885       130.0235472484      -803.2006818402    102002.7029850791
555000     -7226.8967690606       130.0126137453      -802.8255114813    102002.7029850791
556000     -7226.5508680741       130.0245808483      -803.0618117244    102002.7029850791
557000     -7226.0984028143       130.0439199726      -802.5214696918    102002.7029850791
558000     -7226.0105095372       130.0509819102      -802.6980620532    102002.7029850791
559000     -7226.1852768693       130.0438628550      -803.1781492934    102002.7029850791
560000     -7226.2026498493       130.0441516810      -803.8679966851    102002.7029850791
561000     -7226.5755531605       130.0225531352      -804.2728319477    102002.7029850791
562000     -7226.6577576568       130.0260748931      -804.2701201246    102002.7029850791
563000     -7226.5511909229       130.0383192301      -804.3139325639    102002.7029850791
564000     -7226.3775941526       130.0399265786      -804.8801054551    102002.7029850791
565000     -7226.2670478138       130.0355531385      -804.9796123466    102002.7029850791
566000     -7226.2784775986       130.0221857302      -804.9364544938    102002.7029850791
567000     -7226.0508204910       130.0288065054      -805.0405823792    102002.7029850791
568000     -7225.7771435273       130.0420372398      -804.7682953754    102002.7029850791
569000     -7225.8137463892       130.0308246173      -805.0108838108    102002.7029850791
570000     -7225.8756925323       130.0197354761      -804.3072178487    102002.7029850791
571000     -7225.7372278075       130.0253009756      -804.6656991770    102002.7029850791
572000     -7225.5543467445       130.0355794624      -805.1021709228    102002.7029850791
573000     -7225.5221297448       130.0396174990      -805.8872350343    102002.7029850791
574000     -7225.5072152867       130.0487120081      -805.5813594977    102002.7029850791
575000     -7225.5574926277       130.0511360920      -805.5722407275    102002.7029850791
576000     -7225.6483159004       130.0488910677      -805.5535024167    102002.7029850791
577000     -7225.6433671518       130.0433736104      -805.7313491041    102002.7029850791
578000     -7225.5955475733       130.0416702005      -805.6148680308    102002.7029850791
579000     -7225.5582613917       130.0335785693      -806.0806559014    102002.7029850791
580000     -7225.3095122386       130.0335197288      -806.4697358740    102002.7029850791
581000     -7224.8956210905       130.0493084573      -806.3427600167    102002.7029850791
582000     -7224.9439796031       130.0389782340      -806.3951020385    102002.7029850791
583000     -7225.0690439854       130.0207067241      -807.0500011219    102002.7029850791
584000     -7225.0294211465       130.0217852477      -807.0265389486    102002.7029850791
585000     -7225.0851943590       130.0141613590      -807.0133366703    102002.7029850791
586000     -7224.9938060236       130.0094065533      -807.6249629527    102002.7029850791
587000     -7224.8174925134       130.0162708704      -808.1808813125    102002.7029850791
588000     -7224.8680452856       130.0169081057      -807.9592626741    102002.7029850791
589000     -7225.0623395869       130.0037097191      -808.1282607991    102002.7029850791
590000     -7224.9195166779       130.0066616315      -808.1132476184    102002.7029850791
591000     -7224.8927630217       130.0049432369      -808.2268315878    102002.7029850792
592000     -7224.7933829479       130.0029253342      -808.2978894082    102002.7029850792
593000     -7224.6157455559       130.0018813016      -808.5639619775    102002.7029850792
594000     -7224.5277165522       130.0032072281      -808.4537888613    102002.7029850792
595000     -7224.3009535308       130.0141795976      -808.6505724235    102002.7029850792
596000     -7224.3752271867       130.0127124007      -808.9390071337    102002.7029850792
597000     -7224.3266950691       130.0153736308      -809.2658202400    102002.7029850792
598000     -7224.3344395819       130.0198619414      -809.4504774620    102002.7029850792
599000     -7224.3321769521       130.0241320413      -809.9718637010    102002.7029850792
600000     -7224.1113248150       130.0319758531      -810.5755216572    102002.7029850792
601000     -7224.2944618095       130.0184256803      -811.0715939076    102002.7029850792
602000     -7224.2018591122       130.0204852003      -811.4899703386    102002.7029850792
603000     -7224.2217710399       130.0166143385      -811.8488594182    102002.7029850792
604000     -7224.3032912890       130.0134970568      -812.5540227220    102002.7029850793
605000     -7224.1845343617       130.0222148881      -812.7623391527    102002.7029850793
606000     -7224.1413774578       130.0203094934      -813.0991916471    102002.7029850793
607000     -7224.2641154777       130.0153167890      -813.2561459384    102002.7029850793
608000     -7224.3060779558       130.0119163421      -813.9353135583    102002.7029850793
609000     -7224.3747267006       130.0054202738      -814.0336820981    102002.7029850793
610000     -7224.4412253953       129.9955619343      -814.5006443913    102002.7029850793
611000     -7224.3287345197       129.9959247737      -814.3016283842    102002.7029850793
612000     -7224.2379160280       129.9925834405      -814.6983663343    102002.7029850793
613000     -7224.1525428103       129.9963361842      -815.0558154115    102002.7029850793
614000     -7224.1165726536       129.9892300978      -815.2768635099    102002.7029850793
615000     -7224.1028491404       129.9909849732      -814.7732015877    102002.7029850793
616000     -7223.8849609755       130.0006292934      -814.6997573913    102002.7029850793
617000     -7223.7598286947       130.0020942857      -814.8776065407    102002.7029850793
618000     -7223.7260619557       130.0047924469      -814.6941341855    102002.7029850793
619000     -7223.8389455274       130.0040448437      -814.3891630702    102002.7029850793
620000     -7223.9163004167       130.0013175917      -814.4404259652    102002.7029850793
621000     -7224.0332752581       129.9953661238      -814.7113955644    102002.7029850793
622000     -7224.0510699238       129.9895416463      -814.3876641032    102002.7029850794
623000     -7223.9861007401       129.9914820265      -814.2435142994    102002.7029850794
624000     -7224.0210644902       129.9839461083      -814.1763035354    102002.7029850794
625000     -7224.0662755340       129.9865315683      -814.1312799935    102002.7029850794
626000     -7224.0316829785       129.9909728798      -814.1633532313    102002.7029850794
627000     -7223.9776748512       129.9941076261      -814.0757483839    102002.7029850794
628000     -7223.9305892608       129.9894140460      -814.3843008394    102002.7029850794
629000     -7223.9336771205       129.9859639419      -814.4502609403    102002.7029850794
630000     -7223.8072940616       129.9935908731      -814.2222922026    102002.7029850794
631000     -7223.7364394605       129.9868310272      -814.3503691749    102002.7029850794
632000     -7223.6585736955       129.9885208463      -814.1557550304    102002.7029850794
633000     -7223.5640610725       129.9909576511      -814.4525235341    102002.7029850794
634000     -7223.4779645245       129.9917052049      -814.4936383592    102002.7029850794
635000     -7223.4706208635       129.9877823594      -814.5766577793    102002.7029850794
636000     -7223.4307334137       129.9816079156      -814.4511392461    102002.7029850794
637000     -7223.3226099470       129.9795367732      -814.4024034189    102002.7029850794
638000     -7223.1970802513       129.9806585648      -814.1751469682    102002.7029850794
639000     -7223.0981970092       129.9802915155      -814.1466380334    102002.7029850794
640000     -7223.1368040909       129.9710172994      -814.0242112696    102002.7029850794
641000     -7223.0962302344       129.9666002304      -814.0390784205    102002.7029850794
642000     -7222.8886784956       129.9762538225      -814.1142178494    102002.7029850794
643000     -7222.8184800916       129.9766741853      -814.4066114627    102002.7029850794
644000     -7222.6123723108       129.9899197412      -814.3939004544    102002.7029850794
645000     -7222.6234780214       129.9891128505      -814.5817944587    102002.7029850794
646000     -7222.6336669954       129.9869106330      -814.4221843572    102002.7029850795
647000     -7222.6235212398       129.9862712385      -814.1542737514    102002.7029850795
648000     -7222.5052746927       129.9879373024      -814.0293693283    102002.7029850795
649000     -7222.4150293102       129.9836971600      -814.4456039027    102002.7029850795
650000     -7222.3896558384       129.9820992206      -814.6144740762    102002.7029850795
651000     -7222.4433065698       129.9763604530      -814.6758837622    102002.7029850795
652000     -7222.4237467191       129.9771805746      -814.5953004731    102002.7029850795
653000     -7222.4152204384       129.9767218276      -814.7295697656    102002.7029850795
654000     -7222.4553970277       129.9780664622      -814.4943782739    102002.7029850795
655000     -7222.4064600470       129.9843285619      -814.4693525183    102002.7029850795
656000     -7222.3470214358       129.9848565259      -814.8499777909    102002.7029850795
657000     -7222.2762486402       129.9878023640      -815.1561425734    102002.7029850795
658000     -7222.2705016604       129.9863275333      -815.2347097770    102002.7029850795
659000     -7222.2438546151       129.9884713145      -815.0739796041    102002.7029850795
660000     -7222.2583080267       129.9882854425      -814.9204965208    102002.7029850795
661000     -7222.2756804537       129.9897785225      -815.0757145704    102002.7029850795
662000     -7222.3947651994       129.9830391456      -815.0389593492    102002.7029850795
663000     -7222.3411703810       129.9869315839      -815.2563046117    102002.7029850795
664000     -7222.2883671391       129.9916900101      -815.4517410621    102002.7029850795
665000     -7222.2352052231       129.9916152255      -815.4004712141    102002.7029850795
666000     -7222.1783235187       129.9882683294      -815.4285950359    102002.7029850795
667000     -7222.2144963381       129.9860890860      -815.1127359018    102002.7029850795
668000     -7222.2518369892       129.9845942262      -815.1271192822    102002.7029850795
669000     -7222.3051899614       129.9813124400      -815.2321976393    102002.7029850795
670000     -7222.1269869939       129.9908767237      -815.2226816245    102002.7029850795
671000     -7222.0521717742       129.9923269636      -815.2212929473    102002.7029850795
672000     -7222.0335413579       129.9931443434      -815.2810402029    102002.7029850795
673000     -7221.9845447180       129.9963858402      -815.5002980816    102002.7029850795
674000     -7221.9404671484       129.9980916315      -815.5696796312    102002.7029850794
675000     -7221.9370824156       129.9939751673      -815.6995060832    102002.7029850794
676000     -7221.9794442027       129.9875533969      -815.5855977474    102002.7029850794
677000     -7221.9169019862       129.9892684815      -815.5846529218    102002.7029850794
678000     -7221.9463835620       129.9896939865      -815.6534733680    102002.7029850794
679000     -7222.0093745542       129.9884271372      -815.4307370594    102002.7029850794
680000     -7221.9668750392       129.9934500911      -815.5623185215    102002.7029850794
681000     -7222.0537408734       129.9880438987      -815.6026682307    102002.7029850794
682000     -7222.0604348254       129.9896532514      -815.5222574241    102002.7029850794
683000     -7222.0390634872       129.9908935683      -815.3425194651    102002.7029850794
684000     -7222.0618347648       129.9900926415      -815.4056434794    102002.7029850794
685000     -7222.1052526754       129.9880928694      -815.3091811593    102002.7029850794
686000     -7222.1000001066       129.9880870563      -815.3840661272    102002.7029850794
687000     -7222.0743026568       129.9917941523      -815.4510448939    102002.7029850794
688000     -7222.0899790994       129.9903973960      -815.2600946062    102002.7029850793
689000     -7222.0883277768       129.9883241857      -815.3587621728    102002.7029850793
690000     -7222.1110861249       129.9857773952      -815.3203802721    102002.7029850793
691000     -7222.1420571282       129.9822446075      -815.0950960573    102002.7029850793
692000     -7222.1780242050       129.9781935301      -814.8857908383    102002.7029850793
693000     -7222.1624710462       129.9774779169      -815.1042258822    102002.7029850793
694000     -7222.0997869778       129.9800801891      -814.9950190950    102002.7029850793
695000     -7222.1510687748       129.9776594952      -815.1436952102    102002.7029850793
696000     -7222.1211061718       129.9813234396      -815.1479760639    102002.7029850793
697000     -7222.1196276874       129.9821055806      -815.2252505113    102002.7029850793
698000     -7222.1701631817       129.9795287716      -815.1874161155    102002.7029850793
699000     -7222.1258669111       129.9804564377      -815.2575614404    102002.7029850793
700000     -7222.1251834721       129.9817826012      -815.2620312823    102002.7029850793
701000     -7222.1682949047       129.9786660115      -814.9045165442    102002.7029850793
702000     -7222.1927948901       129.9795850234      -814.8378302797    102002.7029850793
703000     -7222.1133716071       129.9833478194      -814.8575916763    102002.7029850793
704000     -7222.1504137003       129.9812749837      -814.7664364699    102002.7029850792
705000     -7222.2272133380       129.9767606647      -814.7633675852    102002.7029850792
706000     -7222.2838884585       129.9758447328      -814.7188264406    102002.7029850792
707000     -7222.2915575285       129.9797329886      -814.4793154081    102002.7029850792
708000     -7222.3658847472       129.9799910042      -814.2154663671    102002.7029850792
709000     -7222.4438341428       129.9807691851      -813.8671030177    102002.7029850792
710000     -7222.4466968551       129.9862007283      -813.7092568251    102002.7029850792
711000     -7222.5259278392       129.9869360202      -813.6919199481    102002.7029850792
712000     -7222.5589049274       129.9884792600      -813.5656507990    102002.7029850792
713000     -7222.6436363139       129.9886018520      -813.2753140597    102002.7029850792
714000     -7222.6877970738       129.9888613964      -813.1300238602    102002.7029850792
715000     -7222.7650738240       129.9884854352      -812.8729435270    102002.7029850792
716000     -7222.9338274128       129.9841552076      -812.6155752419    102002.7029850792
717000     -7222.9916994018       129.9843790024      -812.6201910785    102002.7029850792
718000     -7223.0248212848       129.9842078015      -812.7256521798    102002.7029850792
719000     -7223.0745897193       129.9830917359      -812.5460498162    102002.7029850792
720000     -7223.1068168075       129.9820234693      -812.3179618326    102002.7029850792
721000     -7223.1542744639       129.9836920281      -812.4320665660    102002.7029850792
722000     -7223.2869139583       129.9827693980      -812.4785334783    102002.7029850792
723000     -7223.3995933566       129.9789516833      -812.6043175066    102002.7029850792
724000     -7223.4635683684       129.9789764734      -812.7318070766    102002.7029850791
725000     -7223.4739222020       129.9820915564      -812.7088752034    102002.7029850791
726000     -7223.5939563990       129.9789138177      -812.8038595542    102002.7029850791
727000     -7223.5354685556       129.9865749141      -813.0101607220    102002.7029850791
728000     -7223.6293198601       129.9840278587      -813.1585115977    102002.7029850791
729000     -7223.7156914930       129.9836248298      -813.3274101429    102002.7029850791
730000     -7223.7854490231       129.9809406528      -813.6373174198    102002.7029850791
731000     -7223.8758016057       129.9810531310      -813.6457632883    102002.7029850791
732000     -7223.9136689977       129.9806765491      -813.6944205904    102002.7029850791
733000     -7223.9688647681       129.9810829404      -813.6773336774    102002.7029850791
734000     -7223.9444387352       129.9844599666      -813.7617368152    102002.7029850791
735000     -7223.9403895914       129.9870669626      -813.8127355629    102002.7029850791
736000     -7224.0039373470       129.9882606998      -813.7886494285    102002.7029850791
737000     -7224.0718247640       129.9868007897      -813.8315762680    102002.7029850791
738000     -7224.1096348285       129.9858335679      -813.6257549395    102002.7029850791
739000     -7224.1468171730       129.9847060366      -813.5345744765    102002.7029850791
740000     -7224.1679168646       129.9849035012      -813.5251121505    102002.7029850791
741000     -7224.1858318228       129.9846317158      -813.4493834635    102002.7029850791
742000     -7224.1999764572       129.9878764262      -813.3392816786    102002.7029850791
743000     -7224.2527667939       129.9872618483      -813.2239003784    102002.7029850791
744000     -7224.2687702587       129.9874867611      -813.2018453175    102002.7029850791
745000     -7224.2444553658       129.9893887482      -813.1351328982    102002.7029850791
746000     -7224.2041562731       129.9888201137      -813.2215511854    102002.7029850791
747000     -7224.2109290941       129.9873506959      -813.3159151758    102002.7029850791
748000     -7224.1647971485       129.9911576414      -813.2988758940    102002.7029850790
749000     -7224.1630797546       129.9900807901      -813.0979603107    102002.7029850790
750000     -7224.1416293549       129.9913351083      -813.0672607840    102002.7029850790
751000     -7224.0573142229       129.9977967135      -813.0266609064    102002.7029850790
752000     -7224.0730124016       129.9943834990      -812.7856275886    102002.7029850790
753000     -7224.0581175881       129.9955855440      -812.7720892342    102002.7029850790
754000     -7224.0001571490       129.9980732598      -812.7755612810    102002.7029850790
755000     -7223.9502802939       129.9986640618      -812.8411552562    102002.7029850790
756000     -7223.9061476532       129.9995722939      -812.7158829360    102002.7029850790
757000     -7223.8908891932       129.9996035925      -812.9257937729    102002.7029850790
758000     -7223.9308919555       129.9993892099      -812.7749497426    102002.7029850790
759000     -7223.9662109964       129.9966075301      -812.6018492465    102002.7029850790
760000     -7223.9954694709       129.9962617207      -812.6874134720    102002.7029850790
761000     -7224.0165832806       129.9929185706      -812.8747729092    102002.7029850790
762000     -7224.0184241427       129.9927717700      -812.7944168805    102002.7029850790
763000     -7223.9878156641       129.9959138392      -812.7124937335    102002.7029850790
764000     -7223.9943361962       129.9947880872      -812.8033449737    102002.7029850790
765000     -7223.9951026837       129.9910034642      -812.6945513303    102002.7029850790
766000     -7223.9357532987       129.9946310795      -812.7129169533    102002.7029850790
767000     -7223.9112105591       129.9946527985      -812.8744246473    102002.7029850790
768000     -7223.8222104882       129.9957267235      -812.7661906207    102002.7029850790
769000     -7223.8139817821       129.9958472798      -812.6460900753    102002.7029850790
770000     -7223.7593947666       129.9990514465      -812.9888044876    102002.7029850790
771000     -7223.7008288670       130.0003371007      -813.2196371946    102002.7029850790
772000     -7223.6191519808       130.0045019793      -813.2619212415    102002.7029850790
773000     -7223.6200753200       130.0070092408      -813.2708932704    102002.7029850790
774000     -7223.6327858280       130.0071594955      -813.2029505680    102002.7029850790
775000     -7223.7043613559       130.0035869097      -813.1045631269    102002.7029850790
776000     -7223.7235279170       130.0023097787      -813.0607349432    102002.7029850790
777000     -7223.7542868937       129.9979041114      -813.2295076264    102002.7029850789
778000     -7223.8190270378       129.9945768874      -813.1492971705    102002.7029850789
779000     -7223.8141127545       129.9929963239      -813.1917462533    102002.7029850789
780000     -7223.8348611405       129.9896010446      -813.2921505431    102002.7029850789
781000     -7223.8437560761       129.9885811403      -813.2918500277    102002.7029850789
782000     -7223.8579207066       129.9856478905      -813.0823509066    102002.7029850789
783000     -7223.8590303230       129.9832717198      -813.0256096504    102002.7029850789
784000     -7223.8984063793       129.9815006148      -813.0304757177    102002.7029850789
785000     -7223.9195421540       129.9817674509      -813.0639516602    102002.7029850789
786000     -7223.9246491097       129.9829245314      -812.9019268104    102002.7029850789
787000     -7223.8864811835       129.9868792528      -812.7853512439    102002.7029850789
788000     -7223.9040092352       129.9889317208      -812.6782090177    102002.7029850789
789000     -7223.9072562188       129.9860242040      -812.6172507626    102002.7029850789
790000     -7223.9587243798       129.9833913005      -812.6935179459    102002.7029850789
791000     -7224.0072508985       129.9822377882      -812.6247010689    102002.7029850789
792000     -7224.0419812815       129.9823964458      -812.6292746911    102002.7029850789
793000     -7224.0919926508       129.9804289328      -812.5640569226    102002.7029850789
794000     -7224.0712188514       129.9803539215      -812.5645050363    102002.7029850789
795000     -7224.1128713743       129.9784637266      -812.4693191622    102002.7029850789
796000     -7224.0792120959       129.9803226421      -812.2960885760    102002.7029850789
797000     -7224.0691884203       129.9800596913      -812.1897963960    102002.7029850789
798000     -7224.0691121842       129.9796245172      -812.2358923509    102002.7029850789
799000     -7224.1320333449       129.9767171294      -812.2698520730    102002.7029850789
800000     -7224.1278243304       129.9783248902      -812.2079242122    102002.7029850789
801000     -7224.0861391401       129.9810857692      -812.1567348288    102002.7029850789
802000     -7224.0986920723       129.9826138872      -812.0934752392    102002.7029850789
803000     -7224.0529453270       129.9859579004      -812.1959662515    102002.7029850789
804000     -7224.0509533998       129.9876409234      -812.3413233980    102002.7029850789
805000     -7224.0171925857       129.9903032016      -812.2686393203    102002.7029850789
806000     -7224.0070265688       129.9925632907      -812.1515499290    102002.7029850789
807000     -7223.9807709150       129.9931529470      -812.1758375110    102002.7029850789
808000     -7223.9464051470       129.9960734058      -812.2285904719    102002.7029850789
809000     -7223.9420898638       129.9966120435      -812.2586787505    102002.7029850789
810000     -7223.9422747396       129.9979721938      -812.3639168055    102002.7029850789
811000     -7223.9471041605       129.9999632077      -812.3490104467    102002.7029850789
812000     -7223.8959370816       130.0038200000      -812.4057305785    102002.7029850789
813000     -7223.8568483930       130.0052320359      -812.4631671236    102002.7029850789
814000     -7223.7970406295       130.0065685054      -812.5306219854    102002.7029850789
815000     -7223.7647142653       130.0057753041      -812.3814163589    102002.7029850788
816000     -7223.6591671584       130.0106892985      -812.4117483537    102002.7029850788
817000     -7223.6539585435       130.0091940043      -812.4182468415    102002.7029850788
818000     -7223.6785291786       130.0077182703      -812.3542545108    102002.7029850788
819000     -7223.6568904240       130.0102975938      -812.1295001187    102002.7029850788
820000     -7223.6645365032       130.0082695392      -812.1267504371    102002.7029850788
821000     -7223.6992084572       130.0056167174      -812.1712787755    102002.7029850788
822000     -7223.7285672689       130.0021944926      -812.2444473478    102002.7029850788
823000     -7223.7663449880       130.0000026452      -812.1612693824    102002.7029850788
824000     -7223.8086849508       129.9968986955      -812.0065507359    102002.7029850788
825000     -7223.8217293438       129.9955628260      -812.0221416839    102002.7029850788
826000     -7223.8554540291       129.9920534456      -811.9511397772    102002.7029850788
827000     -7223.8659060261       129.9924723384      -812.0783024972    102002.7029850788
828000     -7223.8691721464       129.9934600776      -812.1567392587    102002.7029850788
829000     -7223.9253563333       129.9907043300      -812.2645524292    102002.7029850788
830000     -7223.9117512977       129.9910306050      -812.2921870885    102002.7029850788
831000     -7223.8557386242       129.9922286987      -812.3663254664    102002.7029850788
832000     -7223.8050603365       129.9955305356      -812.4506793435    102002.7029850788
833000     -7223.7789563473       129.9958484083      -812.5814345255    102002.7029850788
834000     -7223.7744527638       129.9965879597      -812.6984325920    102002.7029850788
835000     -7223.7783023082       129.9965115190      -812.7148895133    102002.7029850788
836000     -7223.7648889101       129.9973587957      -812.7257566440    102002.7029850788
837000     -7223.7181221665       130.0021592185      -812.6509615962    102002.7029850788
838000     -7223.7423452473       129.9997454319      -812.7097782784    102002.7029850788
839000     -7223.7436186668       129.9988018826      -812.6915303948    102002.7029850788
840000     -7223.7749274715       129.9970298441      -812.5595761200    102002.7029850788
841000     -7223.8037244059       129.9976866598      -812.5881662468    102002.7029850788
842000     -7223.8026167659       130.0008729320      -812.6254944398    102002.7029850788
843000     -7223.8299345258       129.9994725702      -812.5210198778    102002.7029850788
844000     -7223.8442145028       130.0005574232      -812.5824851410    102002.7029850788
845000     -7223.8379637272       130.0033229534      -812.7340495560    102002.7029850788
846000     -7223.8987777057       130.0019779654      -812.7813151270    102002.7029850788
847000     -7223.8941414277       130.0031599427      -812.8463530021    102002.7029850788
848000     -7223.9331534995       130.0022784258      -812.8505528840    102002.7029850788
849000     -7223.9442051254       130.0046520656      -812.7623612114    102002.7029850788
850000     -7223.9686585101       130.0049739412      -812.8751160848    102002.7029850788
851000     -7223.9619013523       130.0065474443      -812.9368450724    102002.7029850788
852000     -7224.0069637856       130.0064119968      -812.8726138918    102002.7029850788
853000     -7224.0169937278       130.0089455128      -812.8590578627    102002.7029850788
854000     -7224.0011611249       130.0110966715      -813.0804794673    102002.7029850788
855000     -7224.0098077576       130.0139236325      -812.9201755602    102002.7029850788
856000     -7224.0164116111       130.0144755410      -812.9516071236    102002.7029850788
857000     -7224.0178027068       130.0152554234      -812.9241301910    102002.7029850788
858000     -7224.0774365465       130.0144219647      -812.8678861428    102002.7029850788
859000     -7224.0979098503       130.0145334966      -812.8393028563    102002.7029850788
860000     -7224.1236308377       130.0132073451      -812.8961871291    102002.7029850788
861000     -7224.1227528886       130.0149011642      -812.9482928085    102002.7029850788
862000     -7224.0939394862       130.0144650478      -812.9554907506    102002.7029850788
863000     -7224.0954852256       130.0139562416      -812.8940371109    102002.7029850788
864000     -7224.0924221513       130.0135308320      -812.8984153719    102002.7029850788
865000     -7224.1108374415       130.0128623047      -812.8400312892    102002.7029850788
866000     -7224.0662152091       130.0146597803      -812.7459074971    102002.7029850788
867000     -7224.1190243800       130.0118379242      -812.7642436732    102002.7029850788
868000     -7224.1013337557       130.0116731162      -812.7320338323    102002.7029850788
869000     -7224.1295360335       130.0084493722      -812.7298229016    102002.7029850788
870000     -7224.1756161241       130.0053267264      -812.6083954240    102002.7029850787
871000     -7224.1748376363       130.0043172796      -812.5756977620    102002.7029850787
872000     -7224.1681506819       130.0068246441      -812.3740298856    102002.7029850787
873000     -7224.1844513578       130.0064518838      -812.1973936231    102002.7029850787
874000     -7224.1728093512       130.0082445549      -812.2161315710    102002.7029850787
875000     -7224.1454437090       130.0103116396      -812.2099885078    102002.7029850787
876000     -7224.1239986283       130.0125890661      -812.0210930312    102002.7029850787
877000     -7224.0906761895       130.0144508707      -812.0264568645    102002.7029850787
878000     -7224.0693019435       130.0153218066      -811.9990294848    102002.7029850787
879000     -7224.0463110191       130.0184348914      -811.9380224386    102002.7029850787
880000     -7224.0298527275       130.0197326130      -811.8542328398    102002.7029850787
881000     -7224.0425752369       130.0196851859      -811.8467861610    102002.7029850787
882000     -7224.0387622062       130.0198499634      -811.7572043147    102002.7029850787
883000     -7224.0222356373       130.0229976502      -811.8084160097    102002.7029850787
884000     -7223.9976522972       130.0253955116      -811.8630769794    102002.7029850787
885000     -7223.9988020188       130.0250442550      -811.8867433910    102002.7029850787
886000     -7224.0544322139       130.0226737559      -812.0298717449    102002.7029850787
887000     -7224.1124618066       130.0210546581      -812.1182311801    102002.7029850787
888000     -7224.1319088553       130.0217334466      -812.1066391329    102002.7029850787
889000     -7224.1192242406       130.0246295922      -812.0238335737    102002.7029850787
890000     -7224.1274164364       130.0250490460      -812.0517972959    102002.7029850787
891000     -7224.1207520757       130.0271827557      -812.1202561453    102002.7029850787
892000     -7224.1404656153       130.0271776324      -812.0344864686    102002.7029850787
893000     -7224.1494954666       130.0278725023      -812.0727643750    102002.7029850787
894000     -7224.1252377368       130.0300700577      -812.2025458494    102002.7029850787
895000     -7224.1454194990       130.0303521849      -812.1834139157    102002.7029850787
896000     -7224.1528593032       130.0314147767      -812.2755788565    102002.7029850787
897000     -7224.1577514305       130.0314126587      -812.3373179179    102002.7029850787
898000     -7224.2132493969       130.0295105671      -812.3966675858    102002.7029850787
899000     -7224.2179412030       130.0287916591      -812.3979647551    102002.7029850787
900000     -7224.2161331980       130.0283529569      -812.4530773811    102002.7029850787
901000     -7224.2146311686       130.0274187649      -812.5193471828    102002.7029850787
902000     -7224.2647130472       130.0251064136      -812.4470514514    102002.7029850787
903000     -7224.2539964076       130.0267821852      -812.5290456400    102002.7029850787
904000     -7224.2904430853       130.0264928930      -812.5613784659    102002.7029850787
905000     -7224.3596415924       130.0247081929      -812.5081136534    102002.7029850787
906000     -7224.3838948246       130.0246764524      -812.5571601217    102002.7029850787
907000     -7224.3867440292       130.0253952924      -812.6679978806    102002.7029850787
908000     -7224.3802493786       130.0261650894      -812.7478345548    102002.7029850787
909000     -7224.3782482919       130.0256728551      -812.7318314394    102002.7029850787
910000     -7224.3832449869       130.0261862833      -812.7279821844    102002.7029850787
911000     -7224.3833877053       130.0265607781      -812.8276571295    102002.7029850787
912000     -7224.3539215669       130.0292502493      -812.8459494639    102002.7029850787
913000     -7224.3155306747       130.0304773400      -812.7685611477    102002.7029850787
914000     -7224.3136290190       130.0303866319      -812.7007469443    102002.7029850787
915000     -7224.3043050561       130.0306413610      -812.5797690462    102002.7029850787
916000     -7224.3035287669       130.0313313578      -812.5168366678    102002.7029850787
917000     -7224.3084364927       130.0309840742      -812.4482568734    102002.7029850787
918000     -7224.3565928072       130.0296224213      -812.3997283539    102002.7029850787
919000     -7224.3533775945       130.0288937643      -812.4533086403    102002.7029850787
920000     -7224.3188270953       130.0302468534      -812.6850873708    102002.7029850787
921000     -7224.3254851525       130.0305708365      -812.6773685919    102002.7029850787
922000     -7224.3562131098       130.0293415104      -812.7159860356    102002.7029850787
923000     -7224.3411179648       130.0296031810      -812.6912568455    102002.7029850787
924000     -7224.3484436082       130.0291324385      -812.7701364721    102002.7029850787
925000     -7224.3701486451       130.0286035996      -812.8028673579    102002.7029850787
926000     -7224.3943923266       130.0286719385      -812.8923202981    102002.7029850787
927000     -7224.3809564209       130.0290538660      -812.9397397012    102002.7029850786
928000     -7224.3510095136       130.0309518756      -812.9559534918    102002.7029850786
929000     -7224.3695705351       130.0287584234      -813.0171318162    102002.7029850786
930000     -7224.3466782067       130.0294290548      -813.0399279387    102002.7029850786
931000     -7224.3385173408       130.0305886786      -813.0786670035    102002.7029850786
932000     -7224.3377769532       130.0309696586      -813.0721278011    102002.7029850786
933000     -7224.3506080792       130.0291898897      -813.1080395359    102002.7029850786
934000     -7224.3814187733       130.0263558288      -813.1342720196    102002.7029850786
935000     -7224.3856543564       130.0251108009      -813.0439419853    102002.7029850786
936000     -7224.3643426006       130.0277997779      -812.9258601483    102002.7029850786
937000     -7224.3595714739       130.0266244203      -812.8491567644    102002.7029850786
938000     -7224.3797550450       130.0249915108      -812.8028239278    102002.7029850786
939000     -7224.3711610154       130.0262156120      -812.6933099207    102002.7029850786
940000     -7224.3577601124       130.0261260340      -812.7360028224    102002.7029850786
941000     -7224.3284589320       130.0294980273      -812.5857380115    102002.7029850786
942000     -7224.3446757848       130.0293272326      -812.5214633982    102002.7029850786
943000     -7224.3638613121       130.0296194216      -812.4696535704    102002.7029850786
944000     -7224.3623536841       130.0304658533      -812.3801768091    102002.7029850786
945000     -7224.3466067296       130.0301827388      -812.3132095442    102002.7029850786
946000     -7224.3601718140       130.0294456154      -812.2132173895    102002.7029850786
947000     -7224.3779830666       130.0271840449      -812.1845679347    102002.7029850786
948000     -7224.3743169404       130.0282346978      -812.0682926731    102002.7029850786
949000     -7224.3681719891       130.0282434489      -812.0457244599    102002.7029850786
950000     -7224.4003176636       130.0265803303      -812.0919200686    102002.7029850786
951000     -7224.3984709444       130.0269054542      -812.1582242331    102002.7029850786
952000     -7224.3761903633       130.0274602788      -812.2031841489    102002.7029850786
953000     -7224.3702352927       130.0277722278      -812.2008076640    102002.7029850786
954000     -7224.3601878810       130.0291372255      -812.1448012505    102002.7029850786
955000     -7224.3837064181       130.0279324437      -812.1491929733    102002.7029850786
956000     -7224.3750917520       130.0281624925      -812.1305949389    102002.7029850786
957000     -7224.3868435218       130.0267083567      -812.1409994930    102002.7029850786
958000     -7224.3491398202       130.0276893519      -812.2905140684    102002.7029850786
959000     -7224.3298097480       130.0268431663      -812.3803642052    102002.7029850786
960000     -7224.3250710732       130.0265402748      -812.2876383930    102002.7029850786
961000     -7224.3336469648       130.0243894781      -812.3576569383    102002.7029850786
962000     -7224.3240325784       130.0264438539      -812.2632146600    102002.7029850786
963000     -7224.3262627932       130.0267061564      -812.1704732277    102002.7029850786
964000     -7224.3374614508       130.0254109995      -812.1692812066    102002.7029850786
965000     -7224.3230296609       130.0277950419      -812.1606281148    102002.7029850786
966000     -7224.3208275760       130.0276785176      -812.2902019253    102002.7029850786
967000     -7224.3594263486       130.0267764730      -812.2454213738    102002.7029850786
968000     -7224.3600544262       130.0270780599      -812.2112733672    102002.7029850786
969000     -7224.3777217893       130.0265505655      -812.1358768386    102002.7029850786
970000     -7224.3397607068       130.0282227795      -812.0930988397    102002.7029850786
971000     -7224.3301147886       130.0281622032      -812.0694785470    102002.7029850786
972000     -7224.3149804984       130.0281546448      -812.0115731780    102002.7029850786
973000     -7224.3162039785       130.0269647570      -812.0583559041    102002.7029850786
974000     -7224.3181100501       130.0270698245      -811.9626640020    102002.7029850786
975000     -7224.3198756128       130.0257587223      -811.9716576014    102002.7029850786
976000     -7224.3225319832       130.0256563709      -811.9641404987    102002.7029850786
977000     -7224.3595293888       130.0249514611      -811.9616180846    102002.7029850786
978000     -7224.4055244524       130.0232542359      -812.0675069731    102002.7029850786
979000     -7224.4554817768       130.0219454433      -812.1347334508    102002.7029850786
980000     -7224.4728860648       130.0203168437      -812.2081940481    102002.7029850786
981000     -7224.4796630110       130.0201059618      -812.2908475145    102002.7029850786
982000     -7224.4841819069       130.0195978840      -812.4140941144    102002.7029850786
983000     -7224.4697128435       130.0226711666      -812.4277098766    102002.7029850786
984000     -7224.4800631934       130.0223827052      -812.4353790409    102002.7029850786
985000     -7224.5071720036       130.0203766771      -812.5911193133    102002.7029850786
986000     -7224.5078570007       130.0201108781      -812.6541770929    102002.7029850786
987000     -7224.4890443064       130.0200085721      -812.7085096463    102002.7029850786
988000     -7224.4248362494       130.0224896822      -812.7153372014    102002.7029850786
989000     -7224.4156228644       130.0220185318      -812.7123703891    102002.7029850786
990000     -7224.3996884752       130.0224385704      -812.7342448951    102002.7029850786
991000     -7224.3702625005       130.0233124165      -812.7779642878    102002.7029850786
992000     -7224.3505110169       130.0235811383      -812.7477679251    102002.7029850786
993000     -7224.3421762538       130.0230947587      -812.7335909272    102002.7029850786
994000     -7224.3272803160       130.0232191778      -812.7169096859    102002.7029850786
995000     -7224.3365270725       130.0210980609      -812.6612751052    102002.7029850786
996000     -7224.3665278413       130.0189998073      -812.5581559910    102002.7029850786
997000     -7224.3724603844       130.0192954210      -812.6241036529    102002.7029850786
998000     -7224.3784423395       130.0189721187      -812.5629472498    102002.7029850786
999000     -7224.3813230355       130.0184654252      -812.4937119089    102002.7029850786
1000000     -7224.3698249268       130.0188644810      -812.4205958015    102002.7029850786
