# Time-averaged data for fix runningavgs
# TimeStep v_ra_etotal v_ra_temp v_ra_press v_ra_volume
502000    -10893.1332116510        90.8896634407       716.5568764450    102002.7029850792
503000    -10890.0680133660        91.0820277120       709.6036454424    102002.7029850792
504000    -10891.4980826503        91.0403382889       708.8437202002    102002.7029850792
505000    -10892.5113783969        91.0440332327       697.8018124310    102002.7029850792
506000    -10890.8736855720        91.0269334091       704.8716515448    102002.7029850792
507000    -10888.7516891753        91.1055597216       707.9507725691    102002.7029850792
508000    -10887.2263133268        91.1403093937       720.7708824875    102002.7029850792
509000    -10887.3434879991        91.1235111862       716.3425099345    102002.7029850792
510000    -10887.6943907129        91.1135570168       718.4227549656    102002.7029850792
511000    -10887.1098287378        91.1405402828       722.4659069891    102002.7029850792
512000    -10886.8883455818        91.1401222395       727.8087325275    102002.7029850792
513000    -10887.3329898238        91.1207519326       728.8457290260    102002.7029850792
514000    -10887.8390519101        91.0841215950       736.3185456380    102002.7029850792
515000    -10887.7793874202        91.0806651221       738.2493451173    102002.7029850792
516000    -10888.5261444844        91.0510419302       736.5996881490    102002.7029850792
517000    -10889.1062951896        91.0296346828       733.9977140574    102002.7029850792
518000    -10889.1373001192        91.0358278898       734.9646610936    102002.7029850792
519000    -10889.3454779433        91.0280654834       735.4781789069    102002.7029850792
520000    -10889.9227298038        91.0064799858       735.2652557765    102002.7029850792
521000    -10890.0855881118        91.0006623465       734.0207557157    102002.7029850792
522000    -10890.1549113082        90.9872085526       734.3529499357    102002.7029850792
523000    -10889.8451860880        90.9954726966       735.7548883345    102002.7029850792
524000    -10889.3538084642        91.0154244690       736.1953816286    102002.7029850792
525000    -10888.9304588542        91.0412426274       735.5588358312    102002.7029850792
526000    -10888.5805522887        91.0560464939       734.8807842026    102002.7029850792
527000    -10888.3967265915        91.0691189691       732.4501100559    102002.7029850792
528000    -10888.5634103105        91.0701950560       732.6241751881    102002.7029850792
529000    -10888.3783341232        91.0773956427       733.8387853058    102002.7029850792
530000    -10888.4373630831        91.0840943245       732.5103679685    102002.7029850792
531000    -10888.5771783672        91.0848501550       730.8957399825    102002.7029850792
532000    -10888.8639090579        91.0774277008       729.0031974534    102002.7029850792
533000    -10889.1491912191        91.0662421884       729.0757978676    102002.7029850792
534000    -10889.4087084534        91.0633998921       727.5913613574    102002.7029850792
535000    -10889.2685249386        91.0795212365       727.9284837904    102002.7029850792
536000    -10889.3239642847        91.0814040775       728.3213593775    102002.7029850792
537000    -10889.5164758089        91.0773282197       728.1847612149    102002.7029850792
538000    -10889.7140177673        91.0736323434       728.6402014162    102002.7029850792
539000    -10889.6500359326        91.0799404986       728.3342017149    102002.7029850791
540000    -10889.5541087158        91.0878359965       727.2422366552    102002.7029850791
541000    -10889.8745804814        91.0763169104       726.8650964279    102002.7029850791
542000    -10889.8176810763        91.0854544798       727.6732548703    102002.7029850791
543000    -10889.6946662266        91.0985711982       728.5169510366    102002.7029850791
544000    -10889.6531405021        91.1054157684       727.9297905092    102002.7029850791
545000    -10889.8712729287        91.1023258065       726.8351157395    102002.7029850791
546000    -10889.8180884401        91.1076236464       727.4428053002    102002.7029850791
547000    -10889.8532230455        91.1121293814       727.7362472670    102002.7029850791
548000    -10889.9031621900        91.1128940889       728.0897319502    102002.7029850791
549000    -10889.9283819363        91.1129310687       728.2047279569    102002.7029850791
550000    -10890.1227464780        91.1069487674       727.5833366890    102002.7029850791
551000    -10890.0950371195        91.1102024571       727.7280119836    102002.7029850791
552000    -10890.1237111691        91.1057353622       726.9944587997    102002.7029850791
553000    -10890.0443138415        91.1118270903       726.5611358993    102002.7029850791
554000    -10890.0770822254        91.1141002704       725.4488448653    102002.7029850791
555000    -10890.0660018191        91.1151483143       724.7963288052    102002.7029850791
556000    -10890.1526867449        91.1119419941       724.4523753714    102002.7029850791
557000    -10890.2240082557        91.1114129007       724.1238966230    102002.7029850791
558000    -10890.2682086921        91.1085295785       723.7893050423    102002.7029850791
559000    -10890.4324367486        91.1009672123       723.5577081415    102002.7029850791
560000    -10890.5878390678        91.0906906068       723.8269295018    102002.7029850791
561000    -10890.4596156193        91.0941880835       724.2624556773    102002.7029850791
562000    -10890.2924640651        91.0996341092       724.8077145647    102002.7029850791
563000    -10890.1661981030        91.1042606661       724.5900120369    102002.7029850791
564000    -10890.0420710135        91.1095677173       724.3267032050    102002.7029850791
565000    -10890.1369999829        91.1072089599       724.0684971660    102002.7029850791
566000    -10890.0565736117        91.1099258012       724.4207752936    102002.7029850791
567000    -10890.2728812443        91.1025039831       723.7488060500    102002.7029850791
568000    -10890.3276753758        91.1000315848       723.0265804319    102002.7029850791
569000    -10890.3991560787        91.0947551427       722.6662955867    102002.7029850791
570000    -10890.4084677968        91.0947918705       722.6911187546    102002.7029850791
571000    -10890.6497518014        91.0823199244       722.2115277274    102002.7029850791
572000    -10890.7567458284        91.0762600530       722.1092095503    102002.7029850791
573000    -10890.7817408520        91.0751067465       722.2309031645    102002.7029850791
574000    -10890.8531263307        91.0718447205       721.7719324063    102002.7029850791
575000    -10890.7904583855        91.0760390404       721.9537324427    102002.7029850791
576000    -10890.9475743623        91.0691597384       722.3276758939    102002.7029850791
577000    -10890.9690941984        91.0704738736       722.4245829063    102002.7029850791
578000    -10891.1074663085        91.0666795369       722.0246187339    102002.7029850791
579000    -10891.2440393609        91.0610922016       721.5704938164    102002.7029850791
580000    -10891.3116393997        91.0595251605       721.3384240718    102002.7029850791
581000    -10891.4114838846        91.0533887365       721.1047510920    102002.7029850791
582000    -10891.5006020162        91.0511104169       720.3345805243    102002.7029850791
583000    -10891.6328521453        91.0482374135       719.5225757871    102002.7029850791
584000    -10891.6269539463        91.0532391384       719.2818666925    102002.7029850791
585000    -10891.6592073080        91.0536598702       719.0784405905    102002.7029850791
586000    -10891.6611352175        91.0533583431       719.1205383033    102002.7029850791
587000    -10891.7476938705        91.0499364081       718.8591851929    102002.7029850791
588000    -10891.8046414353        91.0472065288       718.2251950363    102002.7029850791
589000    -10891.8506935446        91.0488488299       718.1530840103    102002.7029850791
590000    -10891.8929775617        91.0499147548       717.7723535010    102002.7029850791
591000    -10892.0843301240        91.0427277326       717.2158192130    102002.7029850792
592000    -10892.0439006922        91.0476526501       717.4616188580    102002.7029850792
593000    -10892.0838127519        91.0472928543       716.8577105809    102002.7029850792
594000    -10892.0324134865        91.0510299321       716.2863670747    102002.7029850792
595000    -10892.0368203345        91.0527716006       716.2223593935    102002.7029850792
596000    -10892.1353035842        91.0484438210       715.9284252903    102002.7029850792
597000    -10892.1103232985        91.0522365750       715.4710742550    102002.7029850792
598000    -10891.9352826446        91.0587320061       715.2802850806    102002.7029850792
599000    -10891.8921519009        91.0589985835       714.8620707935    102002.7029850792
600000    -10891.7759742431        91.0641294297       714.8686184733    102002.7029850792
601000    -10891.7688807363        91.0650648037       714.2812234600    102002.7029850792
602000    -10891.7128629337        91.0680693849       714.4136610308    102002.7029850792
603000    -10891.6569904136        91.0696282316       714.1130491515    102002.7029850792
604000    -10891.6051520498        91.0693391285       713.8575988646    102002.7029850793
605000    -10891.5900312630        91.0698521048       713.6069678594    102002.7029850793
606000    -10891.5325095511        91.0711554420       713.5572809209    102002.7029850793
607000    -10891.5982711551        91.0677852820       713.5334207470    102002.7029850793
608000    -10891.5719052461        91.0673947710       713.3794020728    102002.7029850793
609000    -10891.6178882099        91.0652038958       713.6569430966    102002.7029850793
610000    -10891.5925475745        91.0673209735       713.4350929875    102002.7029850793
611000    -10891.5802212828        91.0652876674       713.2546167478    102002.7029850793
612000    -10891.6813178356        91.0603126978       713.3099020503    102002.7029850793
613000    -10891.7253027613        91.0587056460       712.9609274100    102002.7029850793
614000    -10891.7118308981        91.0596807722       712.9159971468    102002.7029850793
615000    -10891.6496528656        91.0612070973       713.0908908758    102002.7029850793
616000    -10891.7478398405        91.0566834957       712.8858212449    102002.7029850793
617000    -10891.8069720587        91.0565344797       712.8508343264    102002.7029850793
618000    -10891.7687161354        91.0567335906       713.1598635203    102002.7029850793
619000    -10891.6468818563        91.0620899803       713.3215116075    102002.7029850793
620000    -10891.5876213187        91.0654920596       713.3962904465    102002.7029850793
621000    -10891.6157393819        91.0652115983       713.4784016310    102002.7029850793
622000    -10891.6445638896        91.0655785439       713.7265028252    102002.7029850794
623000    -10891.6960641521        91.0645414099       713.8066540071    102002.7029850794
624000    -10891.6989447336        91.0667354461       713.7195843420    102002.7029850794
625000    -10891.7481464220        91.0628034667       714.1844638460    102002.7029850794
626000    -10891.8164305420        91.0602727522       714.1594367296    102002.7029850794
627000    -10891.8917170750        91.0576058472       714.1386234121    102002.7029850794
628000    -10891.9581441397        91.0535364936       714.1657099653    102002.7029850794
629000    -10891.9780090226        91.0540435010       714.1882997839    102002.7029850794
630000    -10892.0152183559        91.0525767109       714.5900321942    102002.7029850794
631000    -10892.0172801872        91.0532814365       714.8114320144    102002.7029850794
632000    -10892.0084824768        91.0556810091       715.2361606499    102002.7029850794
633000    -10892.0963046076        91.0530131697       715.1513666588    102002.7029850794
634000    -10892.1322026421        91.0531882881       715.3722201895    102002.7029850794
635000    -10892.1562170558        91.0527986915       715.6075395596    102002.7029850794
636000    -10892.1029257922        91.0551864479       715.8670188870    102002.7029850794
637000    -10892.1003183590        91.0579950927       715.9448461754    102002.7029850794
638000    -10892.1633159600        91.0571819352       716.0238057742    102002.7029850794
639000    -10892.2164679176        91.0566208044       716.0358290984    102002.7029850794
640000    -10892.2455979173        91.0569014691       716.3453563274    102002.7029850794
641000    -10892.2200892528        91.0585415844       716.3055931818    102002.7029850794
642000    -10892.2797620800        91.0548757697       716.1761354329    102002.7029850794
643000    -10892.3455010054        91.0517029847       716.2113237650    102002.7029850794
644000    -10892.3992112130        91.0503381402       716.1193384551    102002.7029850794
645000    -10892.4925464857        91.0463391959       716.2338224337    102002.7029850794
646000    -10892.5493476362        91.0435755928       716.3096989936    102002.7029850795
647000    -10892.6835586968        91.0383194310       716.2720880974    102002.7029850795
648000    -10892.6332411422        91.0401508175       716.3310616511    102002.7029850795
649000    -10892.6390133192        91.0405266231       716.0154127861    102002.7029850795
650000    -10892.6580409159        91.0409642922       715.7848355035    102002.7029850795
651000    -10892.7172514552        91.0377203461       715.5327734854    102002.7029850795
652000    -10892.6865121134        91.0395150886       715.4645984862    102002.7029850795
653000    -10892.6974642228        91.0398124345       715.2205917352    102002.7029850795
654000    -10892.6944807385        91.0433061884       715.1641802168    102002.7029850795
655000    -10892.6779696077        91.0453723785       714.8200594032    102002.7029850795
656000    -10892.7094981541        91.0455096816       714.5861781613    102002.7029850795
657000    -10892.8085642099        91.0427894039       714.4863109982    102002.7029850795
658000    -10892.9074978412        91.0391823802       714.2591025990    102002.7029850795
659000    -10892.9431967457        91.0393825875       713.9036842072    102002.7029850795
660000    -10892.9896993718        91.0375788817       713.6516011180    102002.7029850795
661000    -10892.9849130831        91.0384641402       713.5922572947    102002.7029850795
662000    -10892.9684821718        91.0403092117       713.2523452693    102002.7029850795
663000    -10892.9899801302        91.0403252243       712.9382672523    102002.7029850795
664000    -10893.0509142669        91.0389381798       712.9335992814    102002.7029850795
665000    -10893.0345652936        91.0403892862       712.6179772295    102002.7029850795
666000    -10893.1373640021        91.0359845902       712.4761130448    102002.7029850795
667000    -10893.1465952418        91.0368926356       712.4784907244    102002.7029850795
668000    -10893.1709069324        91.0356917056       712.4135111861    102002.7029850795
669000    -10893.1821719710        91.0373011238       711.9411109189    102002.7029850795
670000    -10893.2429590716        91.0358592082       711.9702542863    102002.7029850795
671000    -10893.3519138953        91.0330731081       711.6720990505    102002.7029850795
672000    -10893.3468755547        91.0334650601       711.4178265424    102002.7029850795
673000    -10893.4098767709        91.0306872376       711.1897605305    102002.7029850795
674000    -10893.4435171763        91.0295701467       710.9247700251    102002.7029850794
675000    -10893.4781862875        91.0299331705       710.7721514056    102002.7029850794
676000    -10893.5660092433        91.0275216203       710.8615954731    102002.7029850794
677000    -10893.5743304017        91.0285348920       710.5258920475    102002.7029850794
678000    -10893.5837637702        91.0291024435       710.6382149084    102002.7029850794
679000    -10893.6885151807        91.0245807048       710.4507137606    102002.7029850794
680000    -10893.7417679494        91.0237103831       710.4998605378    102002.7029850794
681000    -10893.8059826676        91.0234849928       710.2777596806    102002.7029850794
682000    -10893.9110202752        91.0206151004       710.0838979705    102002.7029850794
683000    -10893.9587146109        91.0193473022       710.2605932310    102002.7029850794
684000    -10894.0419953425        91.0170050353       710.2194800475    102002.7029850794
685000    -10894.0338279921        91.0183167862       710.1422964965    102002.7029850794
686000    -10894.0397644649        91.0192321719       710.2066737367    102002.7029850794
687000    -10894.0296525349        91.0213759027       710.0481336059    102002.7029850794
688000    -10894.0453116206        91.0212946121       710.3049291485    102002.7029850793
689000    -10894.1206016725        91.0175842810       710.1956166506    102002.7029850793
690000    -10894.1560689838        91.0166541162       710.0291880422    102002.7029850793
691000    -10894.2073399339        91.0146897451       709.8650565300    102002.7029850793
692000    -10894.2431803141        91.0148393780       709.7157832631    102002.7029850793
693000    -10894.3310227015        91.0112847759       709.6309921111    102002.7029850793
694000    -10894.3986892688        91.0086626092       709.7992929896    102002.7029850793
695000    -10894.4525446369        91.0068714112       709.7689626857    102002.7029850793
696000    -10894.4938469290        91.0058859632       709.8187924127    102002.7029850793
697000    -10894.4211534897        91.0097173684       710.0680065179    102002.7029850793
698000    -10894.4034265088        91.0112231688       710.0800904434    102002.7029850793
699000    -10894.3818177638        91.0121844896       710.2529544781    102002.7029850793
700000    -10894.3324074549        91.0144743908       710.2907103288    102002.7029850793
701000    -10894.3865166685        91.0096916022       710.3298221831    102002.7029850793
702000    -10894.3983959726        91.0085945989       710.5582938613    102002.7029850793
703000    -10894.4171680246        91.0060352440       710.6497675212    102002.7029850793
704000    -10894.4344073672        91.0039900015       710.8010466675    102002.7029850792
705000    -10894.4810017047        91.0018706833       710.9713846443    102002.7029850792
706000    -10894.5048433323        91.0009170339       710.7686032949    102002.7029850792
707000    -10894.4668288775        91.0024324777       710.7771579961    102002.7029850792
708000    -10894.4461043574        91.0038703033       710.9639770246    102002.7029850792
709000    -10894.4911885944        91.0027660655       711.1051590930    102002.7029850792
710000    -10894.4598820120        91.0041641400       711.2250459892    102002.7029850792
711000    -10894.5016643480        91.0029609359       711.5823502334    102002.7029850792
712000    -10894.5723026203        91.0004551586       711.6176051478    102002.7029850792
713000    -10894.6331429357        90.9982979345       711.7133165168    102002.7029850792
714000    -10894.6055484972        91.0012308258       711.9932233020    102002.7029850792
715000    -10894.6452763749        91.0007550650       711.9510038528    102002.7029850792
716000    -10894.6865723138        90.9999888545       712.1359006075    102002.7029850792
717000    -10894.7167180630        90.9996240364       712.2900516828    102002.7029850792
718000    -10894.7273350711        91.0007706916       712.4040351414    102002.7029850792
719000    -10894.8082158632        90.9992077507       712.6140805288    102002.7029850792
720000    -10894.8167390703        90.9991004689       712.7538429852    102002.7029850792
721000    -10894.8257437364        90.9997063918       712.7636297682    102002.7029850792
722000    -10894.9160506839        90.9967924725       712.7710604136    102002.7029850792
723000    -10894.9813785806        90.9947769053       712.8208897559    102002.7029850792
724000    -10895.0109050960        90.9950607730       712.7396161078    102002.7029850791
725000    -10895.0400516167        90.9950076615       712.6093049775    102002.7029850791
726000    -10895.0544581886        90.9971375772       712.7163930714    102002.7029850791
727000    -10895.1021524455        90.9956097251       712.9285912608    102002.7029850791
728000    -10895.1156687473        90.9973432040       712.8885202457    102002.7029850791
729000    -10895.1507640120        90.9968865877       712.9768143294    102002.7029850791
730000    -10895.2024447254        90.9954740310       713.0129246325    102002.7029850791
731000    -10895.2324354403        90.9944502301       713.2532919830    102002.7029850791
732000    -10895.2646042242        90.9939798422       713.4321261141    102002.7029850791
733000    -10895.2439644559        90.9953242459       713.6190519387    102002.7029850791
734000    -10895.2933777850        90.9934963557       713.6948245579    102002.7029850791
735000    -10895.3004634431        90.9928092748       713.8291526268    102002.7029850791
736000    -10895.3295990854        90.9919976338       714.0030639538    102002.7029850791
737000    -10895.3516282329        90.9911048741       714.2853318276    102002.7029850791
738000    -10895.3515701596        90.9917178775       714.4608002167    102002.7029850791
739000    -10895.3463467361        90.9919606097       714.5865457699    102002.7029850791
740000    -10895.3371343187        90.9927718229       714.6990665914    102002.7029850791
741000    -10895.3737982698        90.9917034349       714.8776245577    102002.7029850791
742000    -10895.3674359697        90.9935176680       715.0446791320    102002.7029850791
743000    -10895.4260937530        90.9914297117       714.9514712101    102002.7029850791
744000    -10895.4061488077        90.9936036590       714.8824179930    102002.7029850791
745000    -10895.4255141374        90.9931224145       714.9301095811    102002.7029850791
746000    -10895.4109879508        90.9943989675       715.1247183472    102002.7029850791
747000    -10895.4375532449        90.9943071129       714.9416902494    102002.7029850791
748000    -10895.4892850629        90.9929184020       714.9340083248    102002.7029850790
749000    -10895.5686793484        90.9906594014       714.7243210335    102002.7029850790
750000    -10895.5943991212        90.9909070265       714.4589648383    102002.7029850790
751000    -10895.6216760883        90.9924326116       714.3366793090    102002.7029850790
752000    -10895.6581194954        90.9918306021       714.1810365830    102002.7029850790
753000    -10895.6998038980        90.9916131319       714.2474536533    102002.7029850790
754000    -10895.6955884197        90.9926788734       714.3058447922    102002.7029850790
755000    -10895.7337857664        90.9925491837       714.2385681463    102002.7029850790
756000    -10895.7586737726        90.9915072284       714.1349559801    102002.7029850790
757000    -10895.8259607558        90.9893220341       714.1662317066    102002.7029850790
758000    -10895.8372959449        90.9906054284       714.2249270894    102002.7029850790
759000    -10895.8420605355        90.9924006513       714.1147142573    102002.7029850790
760000    -10895.9078305223        90.9911276217       714.1760495009    102002.7029850790
761000    -10895.9319472130        90.9914059317       714.0334790353    102002.7029850790
762000    -10895.9517648594        90.9920155409       714.0777978668    102002.7029850790
763000    -10895.9966273628        90.9904234489       714.1589123422    102002.7029850790
764000    -10896.0252322378        90.9898468377       714.0705746125    102002.7029850790
765000    -10896.0672424223        90.9885757154       714.1105192892    102002.7029850790
766000    -10896.0944761647        90.9890478308       714.0739554072    102002.7029850790
767000    -10896.1476901251        90.9877961720       713.9515146398    102002.7029850790
768000    -10896.1996065717        90.9858251868       713.9128171904    102002.7029850790
769000    -10896.2342079848        90.9853846601       713.9890842177    102002.7029850790
770000    -10896.2521683388        90.9846925268       713.9506434928    102002.7029850790
771000    -10896.2671223185        90.9843132942       713.9673436193    102002.7029850790
772000    -10896.3224364501        90.9824034246       713.8816386772    102002.7029850790
773000    -10896.3514907160        90.9816238749       713.8947783588    102002.7029850790
774000    -10896.3304296380        90.9838941573       713.9327541221    102002.7029850790
775000    -10896.3601358459        90.9830440148       713.9286540043    102002.7029850790
776000    -10896.4115578516        90.9818983918       713.9769145177    102002.7029850790
777000    -10896.4463222742        90.9810964716       714.0105090215    102002.7029850789
778000    -10896.4538794452        90.9814236331       714.1582960506    102002.7029850789
779000    -10896.5070841455        90.9802755553       714.1880682970    102002.7029850789
780000    -10896.5349508808        90.9804435857       714.2697606480    102002.7029850789
781000    -10896.5694187975        90.9798780020       714.3141990008    102002.7029850789
782000    -10896.6084683625        90.9795126705       714.3911926954    102002.7029850789
783000    -10896.5870786847        90.9814097152       714.5868676350    102002.7029850789
784000    -10896.6013960194        90.9816942042       714.6520150059    102002.7029850789
785000    -10896.6267725688        90.9808033184       714.8561294493    102002.7029850789
786000    -10896.6021350117        90.9833623448       714.9962376898    102002.7029850789
787000    -10896.6385317663        90.9818740756       715.0679064310    102002.7029850789
788000    -10896.6486115156        90.9822468534       715.2215020113    102002.7029850789
789000    -10896.6852419246        90.9816419254       715.2683560491    102002.7029850789
790000    -10896.6576375648        90.9841933981       715.4924957933    102002.7029850789
791000    -10896.6606287018        90.9845935820       715.3749939903    102002.7029850789
792000    -10896.6594469197        90.9852305748       715.5176012385    102002.7029850789
793000    -10896.6610066098        90.9859207836       715.7126854443    102002.7029850789
794000    -10896.6752709027        90.9854410000       715.8687492547    102002.7029850789
795000    -10896.6669792511        90.9865986481       715.9920397833    102002.7029850789
796000    -10896.6673417701        90.9870023746       716.1229025046    102002.7029850789
797000    -10896.6327066396        90.9897147689       716.4616412872    102002.7029850789
798000    -10896.6610677121        90.9891287923       716.5084428941    102002.7029850789
799000    -10896.7057790917        90.9879297813       716.6059979051    102002.7029850789
800000    -10896.7326825573        90.9872620947       716.7154078868    102002.7029850789
801000    -10896.7532459094        90.9865961513       716.9284930310    102002.7029850789
802000    -10896.7527832330        90.9868500104       717.0697300377    102002.7029850789
803000    -10896.6893421775        90.9893115211       717.1261482702    102002.7029850789
804000    -10896.7076237400        90.9884169652       717.0953474036    102002.7029850789
805000    -10896.6687534393        90.9904093696       717.2743208609    102002.7029850789
806000    -10896.6935881232        90.9890420633       717.3057393289    102002.7029850789
807000    -10896.6989241244        90.9893927287       717.3260881925    102002.7029850789
808000    -10896.7100959819        90.9885432291       717.3897587931    102002.7029850789
809000    -10896.6373425000        90.9909283423       717.5957103056    102002.7029850789
810000    -10896.6018733249        90.9920922692       717.7812958589    102002.7029850789
811000    -10896.6371566176        90.9900690102       717.8148009691    102002.7029850789
812000    -10896.6198567413        90.9904978553       717.9799957502    102002.7029850789
813000    -10896.5999199771        90.9910313594       717.9934454073    102002.7029850789
814000    -10896.5821686797        90.9917756583       718.0808867359    102002.7029850789
815000    -10896.5878527923        90.9914744400       718.1986988132    102002.7029850788
816000    -10896.5851268154        90.9912006371       718.2808912332    102002.7029850788
817000    -10896.5764418326        90.9918792096       718.2652192135    102002.7029850788
818000    -10896.5946210484        90.9913543349       718.3017283266    102002.7029850788
819000    -10896.5659224676        90.9920807976       718.4668783603    102002.7029850788
820000    -10896.5624852347        90.9926267287       718.7081086005    102002.7029850788
821000    -10896.5514300491        90.9922122893       718.8820707007    102002.7029850788
822000    -10896.5415272756        90.9930829837       718.9548075805    102002.7029850788
823000    -10896.5480088051        90.9920276286       719.0688423432    102002.7029850788
824000    -10896.5655721918        90.9910381677       719.1152685703    102002.7029850788
825000    -10896.5950840500        90.9902445295       719.0875784442    102002.7029850788
826000    -10896.6323241049        90.9884218258       719.1398045609    102002.7029850788
827000    -10896.6468380282        90.9878182364       719.2790641535    102002.7029850788
828000    -10896.6561923688        90.9879789720       719.2784865104    102002.7029850788
829000    -10896.6705482117        90.9877061296       719.1870189947    102002.7029850788
830000    -10896.6670470072        90.9881151777       719.2476871307    102002.7029850788
831000    -10896.7110805143        90.9865642930       719.2522126115    102002.7029850788
832000    -10896.7142582153        90.9867519789       719.2176641110    102002.7029850788
833000    -10896.7209685228        90.9870555651       719.2149005318    102002.7029850788
834000    -10896.7279435153        90.9876180826       719.0547770123    102002.7029850788
835000    -10896.7692766315        90.9868688072       719.0057456332    102002.7029850788
836000    -10896.8130036367        90.9852337428       719.0177935280    102002.7029850788
837000    -10896.8356593123        90.9850144665       719.0653306344    102002.7029850788
838000    -10896.8631742527        90.9832786656       719.1396384972    102002.7029850788
839000    -10896.8802609790        90.9829322862       719.1129464810    102002.7029850788
840000    -10896.8864513244        90.9827648458       719.1573832735    102002.7029850788
841000    -10896.8624879846        90.9845588963       719.1632337616    102002.7029850788
842000    -10896.8853281163        90.9838310958       719.1718523663    102002.7029850788
843000    -10896.8673958913        90.9849765677       719.3009826713    102002.7029850788
844000    -10896.8684266469        90.9855229856       719.2465062574    102002.7029850788
845000    -10896.8627460659        90.9861216172       719.2640024258    102002.7029850788
846000    -10896.8557375038        90.9870362818       719.3425158160    102002.7029850788
847000    -10896.8669262547        90.9867545561       719.4783614797    102002.7029850788
848000    -10896.8680756610        90.9871236226       719.6356013476    102002.7029850788
849000    -10896.8528466478        90.9879857033       719.7747094351    102002.7029850788
850000    -10896.8195242470        90.9896288842       719.9415436440    102002.7029850788
851000    -10896.8462619713        90.9886830849       719.8654631079    102002.7029850788
852000    -10896.8508667555        90.9886748702       719.7980971751    102002.7029850788
853000    -10896.8415301138        90.9897549815       719.8148716545    102002.7029850788
854000    -10896.8599046535        90.9889093055       719.8445795113    102002.7029850788
855000    -10896.8680125653        90.9885780767       719.8578478628    102002.7029850788
856000    -10896.8805177766        90.9878462757       719.9026481122    102002.7029850788
857000    -10896.8974256329        90.9877905424       719.9473166586    102002.7029850788
858000    -10896.9496233548        90.9857153530       719.9634899733    102002.7029850788
859000    -10896.9370178908        90.9871317457       720.0688585503    102002.7029850788
860000    -10896.9359126134        90.9875594698       720.0464233486    102002.7029850788
861000    -10896.9378935307        90.9880815781       719.9597016159    102002.7029850788
862000    -10896.9625246829        90.9865763328       719.7968987325    102002.7029850788
863000    -10896.9483360578        90.9878155190       719.7718136036    102002.7029850788
864000    -10896.9734006605        90.9868843388       719.8642524970    102002.7029850788
865000    -10897.0014316767        90.9852968946       719.8315403016    102002.7029850788
866000    -10896.9999244080        90.9852878909       719.8114066440    102002.7029850788
867000    -10897.0074268367        90.9852526282       719.8466295453    102002.7029850788
868000    -10897.0135890341        90.9848057979       719.9454697756    102002.7029850788
869000    -10897.0296312803        90.9837502662       720.1565641519    102002.7029850788
870000    -10897.0163130261        90.9841814425       720.3087426978    102002.7029850787
871000    -10896.9999759483        90.9840839657       720.5097613068    102002.7029850787
872000    -10897.0026861375        90.9838238314       720.6115268181    102002.7029850787
873000    -10896.9713535752        90.9858797127       720.6955892483    102002.7029850787
874000    -10896.9600752972        90.9865235503       720.6640478485    102002.7029850787
875000    -10896.9647082027        90.9862621272       720.6357957713    102002.7029850787
876000    -10896.9239755772        90.9880888905       720.7564490660    102002.7029850787
877000    -10896.9484875567        90.9869840119       720.6960163716    102002.7029850787
878000    -10896.9306794816        90.9878340172       720.7918497927    102002.7029850787
879000    -10896.9166424170        90.9885697982       720.7997157733    102002.7029850787
880000    -10896.9285517294        90.9881034765       720.6858705037    102002.7029850787
881000    -10896.9438065860        90.9872673700       720.5724473665    102002.7029850787
882000    -10896.9702679127        90.9864669588       720.5837159349    102002.7029850787
883000    -10896.9639396436        90.9866546616       720.5342478017    102002.7029850787
884000    -10896.9270339913        90.9883573901       720.5759058348    102002.7029850787
885000    -10896.9303258554        90.9878414840       720.5873972586    102002.7029850787
886000    -10896.9325960478        90.9873249821       720.5662829928    102002.7029850787
887000    -10896.9375526956        90.9871094418       720.6758007804    102002.7029850787
888000    -10896.9277499815        90.9878212499       720.7436442820    102002.7029850787
889000    -10896.9148601420        90.9884104672       720.8086615167    102002.7029850787
890000    -10896.9211678123        90.9879308117       720.7547353070    102002.7029850787
891000    -10896.9285539497        90.9871907214       720.7106023506    102002.7029850787
892000    -10896.8997352424        90.9885248526       720.7279897558    102002.7029850787
893000    -10896.9199832545        90.9878621553       720.7075131872    102002.7029850787
894000    -10896.9125967519        90.9886088747       720.6656598723    102002.7029850787
895000    -10896.9150368629        90.9889763827       720.6274253897    102002.7029850787
896000    -10896.9243143886        90.9887806597       720.6338363889    102002.7029850787
897000    -10896.9371365357        90.9883433361       720.6746291705    102002.7029850787
898000    -10896.9660085276        90.9878186567       720.5867461807    102002.7029850787
899000    -10896.9497026208        90.9891727999       720.6543629194    102002.7029850787
900000    -10896.9292438975        90.9899638274       720.7712485494    102002.7029850787
901000    -10896.9211010457        90.9904300516       720.7808882633    102002.7029850787
902000    -10896.9237311281        90.9902110829       720.6954990402    102002.7029850787
903000    -10896.9407433184        90.9890788192       720.6765051011    102002.7029850787
904000    -10896.9508014244        90.9889517012       720.7282668078    102002.7029850787
905000    -10896.9407293496        90.9890319489       720.7930525022    102002.7029850787
906000    -10896.9342606760        90.9890557635       720.8621074544    102002.7029850787
907000    -10896.9222258947        90.9892087911       720.9531771992    102002.7029850787
908000    -10896.9097980117        90.9897386290       721.0791021371    102002.7029850787
909000    -10896.8947485815        90.9896333269       721.1829718416    102002.7029850787
910000    -10896.9036928556        90.9890133967       721.2415733432    102002.7029850787
911000    -10896.9096568485        90.9887426582       721.2864773286    102002.7029850787
912000    -10896.9381390416        90.9876266604       721.3019158396    102002.7029850787
913000    -10896.9201238631        90.9888961178       721.3651210086    102002.7029850787
914000    -10896.9278827859        90.9887753008       721.4179565930    102002.7029850787
915000    -10896.9156360788        90.9887666083       721.5518775365    102002.7029850787
916000    -10896.8950680840        90.9895773704       721.6727500915    102002.7029850787
917000    -10896.8591859293        90.9906965012       721.8820926707    102002.7029850787
918000    -10896.8754051590        90.9889714992       721.9665370659    102002.7029850787
919000    -10896.8855969382        90.9887381539       722.0459511118    102002.7029850787
920000    -10896.8841937730        90.9885071998       722.0146731411    102002.7029850787
921000    -10896.8610400857        90.9896399983       722.0592715875    102002.7029850787
922000    -10896.8686273282        90.9891077356       722.1395001987    102002.7029850787
923000    -10896.8709503942        90.9885806458       722.1901814340    102002.7029850787
924000    -10896.8615486743        90.9890076662       722.2407187773    102002.7029850787
925000    -10896.8572518259        90.9891085091       722.2906731881    102002.7029850787
926000    -10896.8497570805        90.9894524390       722.3133767252    102002.7029850787
927000    -10896.8478843436        90.9890970283       722.2599069414    102002.7029850786
928000    -10896.8391816214        90.9893133396       722.2959214971    102002.7029850786
929000    -10896.8214954330        90.9905136782       722.2849689502    102002.7029850786
930000    -10896.8237586124        90.9901663243       722.1829247683    102002.7029850786
931000    -10896.8092820478        90.9911329717       722.2494170295    102002.7029850786
932000    -10896.8345064482        90.9898315062       722.1820403047    102002.7029850786
933000    -10896.8190801534        90.9901962921       722.2618343872    102002.7029850786
934000    -10896.8137250713        90.9906067079       722.1900841033    102002.7029850786
935000    -10896.7924444817        90.9915883032       722.2010607651    102002.7029850786
936000    -10896.8165451621        90.9903599020       722.1488895319    102002.7029850786
937000    -10896.8327145974        90.9897556597       722.1333593473    102002.7029850786
938000    -10896.8214298673        90.9905300940       722.1700060752    102002.7029850786
939000    -10896.8350992507        90.9893766265       722.1126928757    102002.7029850786
940000    -10896.8295560677        90.9895705020       722.1792744491    102002.7029850786
941000    -10896.8375426399        90.9889261915       722.2700605923    102002.7029850786
942000    -10896.8465062285        90.9883180679       722.4395843123    102002.7029850786
943000    -10896.8632359541        90.9877264035       722.4252180342    102002.7029850786
944000    -10896.8611682807        90.9877383245       722.5338899450    102002.7029850786
945000    -10896.8451045146        90.9886767039       722.5503375469    102002.7029850786
946000    -10896.8549083345        90.9879983534       722.5516375497    102002.7029850786
947000    -10896.8409726346        90.9884470582       722.5663389255    102002.7029850786
948000    -10896.8180061126        90.9895605479       722.7046314389    102002.7029850786
949000    -10896.8152210720        90.9900607436       722.7263217435    102002.7029850786
950000    -10896.8243844849        90.9896658777       722.6763133155    102002.7029850786
951000    -10896.8147758670        90.9904948166       722.6850679327    102002.7029850786
952000    -10896.7806084741        90.9924112284       722.6430984013    102002.7029850786
953000    -10896.7820326978        90.9923697789       722.6266249042    102002.7029850786
954000    -10896.7728128485        90.9925167450       722.6004312859    102002.7029850786
955000    -10896.7584454231        90.9926971071       722.5979767404    102002.7029850786
956000    -10896.7447875518        90.9929218572       722.5372828830    102002.7029850786
957000    -10896.7443052618        90.9926690744       722.4883128312    102002.7029850786
958000    -10896.7196485369        90.9929542890       722.4278669133    102002.7029850786
959000    -10896.7186637166        90.9920840662       722.3903811103    102002.7029850786
960000    -10896.7180373501        90.9917476694       722.3157538655    102002.7029850786
961000    -10896.6985021149        90.9920824065       722.2728230054    102002.7029850786
962000    -10896.6883913033        90.9916104913       722.2418031615    102002.7029850786
963000    -10896.6398027748        90.9935001651       722.3575995904    102002.7029850786
964000    -10896.5827122639        90.9952256330       722.4016192397    102002.7029850786
965000    -10896.5959503541        90.9939882267       722.3147753398    102002.7029850786
966000    -10896.6000517883        90.9936645184       722.2218315471    102002.7029850786
967000    -10896.6328087589        90.9918650700       722.1505453098    102002.7029850786
968000    -10896.6125261561        90.9924874306       722.1408295419    102002.7029850786
969000    -10896.6005791505        90.9929618691       722.0897881944    102002.7029850786
970000    -10896.5821481294        90.9936797975       722.1542090143    102002.7029850786
971000    -10896.5476831720        90.9946074568       722.2526018136    102002.7029850786
972000    -10896.5533339592        90.9940480348       722.2736435937    102002.7029850786
973000    -10896.5436470339        90.9942858230       722.3393012748    102002.7029850786
974000    -10896.5522063094        90.9935941147       722.3941186257    102002.7029850786
975000    -10896.5465084172        90.9940261251       722.4932707428    102002.7029850786
976000    -10896.5393837849        90.9946392854       722.5424129629    102002.7029850786
977000    -10896.5408995881        90.9945579901       722.4694434231    102002.7029850786
978000    -10896.5407942793        90.9946802998       722.5746866034    102002.7029850786
979000    -10896.5278252297        90.9946841474       722.6823636500    102002.7029850786
980000    -10896.5381460124        90.9937591535       722.7917303312    102002.7029850786
981000    -10896.5310602444        90.9940631453       722.8139887185    102002.7029850786
982000    -10896.5446719195        90.9933545224       722.8630348293    102002.7029850786
983000    -10896.5398302571        90.9931745541       722.9482269067    102002.7029850786
984000    -10896.5645020859        90.9921485174       723.0481949389    102002.7029850786
985000    -10896.5667506880        90.9921906849       723.1389513774    102002.7029850786
986000    -10896.5526325672        90.9928336029       723.2984176689    102002.7029850786
987000    -10896.5724787217        90.9915030661       723.3360705921    102002.7029850786
988000    -10896.5691799479        90.9919252404       723.4540996222    102002.7029850786
989000    -10896.5792620211        90.9913129967       723.5086319415    102002.7029850786
990000    -10896.5754970076        90.9910277808       723.6119060702    102002.7029850786
991000    -10896.6059516761        90.9894616482       723.6816105324    102002.7029850786
992000    -10896.5969169255        90.9898441942       723.7791565612    102002.7029850786
993000    -10896.5796412433        90.9908584460       723.8987324193    102002.7029850786
994000    -10896.5759222526        90.9911007236       724.0462834286    102002.7029850786
995000    -10896.5332692602        90.9925309844       724.1971892029    102002.7029850786
996000    -10896.5570461811        90.9917306373       724.2432034633    102002.7029850786
997000    -10896.5666755511        90.9913383644       724.2188567201    102002.7029850786
998000    -10896.5677021335        90.9913136004       724.3105271786    102002.7029850786
999000    -10896.5598980046        90.9918186518       724.4824131797    102002.7029850786
1000000    -10896.5661801811        90.9916149912       724.5665456931    102002.7029850786
