# Time-averaged data for fix runningavgs
# TimeStep v_ra_etotal v_ra_temp v_ra_press v_ra_volume
502000     -9974.2508916078       109.8103390411      -437.6758102242    102002.7029850792
503000     -9978.9116528929       109.7774889203      -437.7682352072    102002.7029850792
504000     -9978.9350407605       109.8022861294      -434.9029202813    102002.7029850792
505000     -9978.5361677074       109.8641719937      -441.8753650869    102002.7029850792
506000     -9978.0399959297       109.9601446400      -451.1189355019    102002.7029850792
507000     -9979.1755534694       109.9568417075      -456.9026677291    102002.7029850792
508000     -9981.0250133093       109.9565048175      -461.8891561313    102002.7029850792
509000     -9981.2608658667       109.9355921588      -455.4265740188    102002.7029850792
510000     -9980.8686966649       109.9707963572      -449.2077939869    102002.7029850792
511000     -9980.5892059458       109.9590617868      -448.3189836225    102002.7029850792
512000     -9981.8388682193       109.8523451605      -450.9406059373    102002.7029850792
513000     -9979.7086615490       109.9535345901      -448.7941349612    102002.7029850792
514000     -9979.1701664038       109.9593566584      -449.1281757601    102002.7029850792
515000     -9978.6502009365       109.9684597056      -448.1575824849    102002.7029850792
516000     -9977.7662085602       109.9918183221      -444.1393126267    102002.7029850792
517000     -9978.0287524998       109.9792033184      -446.3317607077    102002.7029850792
518000     -9978.0664571913       109.9457994748      -446.6859211871    102002.7029850792
519000     -9977.8549346226       109.9449252465      -444.6923974156    102002.7029850792
520000     -9977.9792658325       109.9343738359      -446.6937150221    102002.7029850792
521000     -9978.3341928261       109.9222435891      -451.3959588387    102002.7029850792
522000     -9978.2713761260       109.9197519856      -456.1937067841    102002.7029850792
523000     -9978.3867694169       109.9014400859      -455.6668297575    102002.7029850792
524000     -9978.2940084293       109.9023151375      -455.6888298798    102002.7029850792
525000     -9977.8979148435       109.9316634816      -454.4978282866    102002.7029850792
526000     -9977.7428340479       109.9348756669      -453.0001447646    102002.7029850792
527000     -9977.5321988145       109.9368130323      -455.4023485096    102002.7029850792
528000     -9977.1077201339       109.9543694276      -452.9408450704    102002.7029850792
529000     -9976.7025551399       109.9716824447      -453.0354894583    102002.7029850792
530000     -9976.3554925910       109.9855718854      -451.7750061076    102002.7029850792
531000     -9976.4119282889       109.9890941611      -452.5727844017    102002.7029850792
532000     -9975.8926800845       110.0081992461      -454.8489320451    102002.7029850792
533000     -9975.5970851609       110.0198336183      -454.6306613344    102002.7029850792
534000     -9975.2887423218       110.0504073826      -453.9549526596    102002.7029850792
535000     -9975.5521606970       110.0432328570      -454.2509194777    102002.7029850792
536000     -9975.4653709164       110.0550539164      -455.1500552416    102002.7029850792
537000     -9975.6171839174       110.0523910125      -456.6207719597    102002.7029850792
538000     -9975.5119536655       110.0516003457      -458.8805610139    102002.7029850792
539000     -9975.5905227046       110.0528908039      -460.0684601587    102002.7029850791
540000     -9975.5873020650       110.0580411493      -459.9920749975    102002.7029850791
541000     -9975.8376031960       110.0462901222      -461.0930322639    102002.7029850791
542000     -9976.1966826594       110.0346830964      -461.3430408985    102002.7029850791
543000     -9976.3627078072       110.0317520031      -460.4319762201    102002.7029850791
544000     -9976.1188745604       110.0364645448      -460.6514670192    102002.7029850791
545000     -9975.8858490099       110.0440460628      -457.8740507763    102002.7029850791
546000     -9975.7736876978       110.0424427667      -456.5015882821    102002.7029850791
547000     -9975.8680350560       110.0263565363      -456.8711380606    102002.7029850791
548000     -9975.9634507258       110.0161279845      -457.1619911630    102002.7029850791
549000     -9975.7313646299       110.0279487766      -456.9649578763    102002.7029850791
550000     -9975.6373605627       110.0266043701      -455.2925938356    102002.7029850791
551000     -9975.5055169282       110.0258523615      -455.7042376918    102002.7029850791
552000     -9975.2147134267       110.0342352177      -453.5994034998    102002.7029850791
553000     -9975.2121085013       110.0311023818      -452.9033913683    102002.7029850791
554000     -9975.3860336514       110.0289600708      -453.2284384398    102002.7029850791
555000     -9975.5769629641       110.0207503134      -452.5010535897    102002.7029850791
556000     -9975.6054943641       110.0205228573      -451.2876667164    102002.7029850791
557000     -9975.7723233636       110.0148243880      -450.6278453133    102002.7029850791
558000     -9975.8777465351       110.0172619752      -451.6312098320    102002.7029850791
559000     -9975.9387987136       110.0134539169      -450.8017524231    102002.7029850791
560000     -9975.7850888212       110.0186042162      -450.9410915222    102002.7029850791
561000     -9975.7937763827       110.0207330396      -450.2454833134    102002.7029850791
562000     -9975.7416933789       110.0188074700      -449.8344781692    102002.7029850791
563000     -9975.5930865367       110.0265812320      -448.5018358991    102002.7029850791
564000     -9975.7695095459       110.0177536645      -447.6792958832    102002.7029850791
565000     -9975.8278793134       110.0184627229      -447.3779909115    102002.7029850791
566000     -9975.6001223043       110.0302309359      -446.2476565419    102002.7029850791
567000     -9975.3840492736       110.0415094588      -446.5533323953    102002.7029850791
568000     -9975.3458765682       110.0496919907      -447.3756422873    102002.7029850791
569000     -9975.3430558661       110.0498687389      -447.8953761836    102002.7029850791
570000     -9975.3776188558       110.0489022043      -447.6511820200    102002.7029850791
571000     -9975.3030800001       110.0534202211      -447.0687872121    102002.7029850791
572000     -9975.2105608751       110.0610786519      -447.1150414350    102002.7029850791
573000     -9975.2682229360       110.0573158490      -447.2321252546    102002.7029850791
574000     -9975.2199184678       110.0544340184      -447.0961789998    102002.7029850791
575000     -9975.2376129596       110.0517243231      -446.8190147881    102002.7029850791
576000     -9975.2240884128       110.0509169581      -446.1300716430    102002.7029850791
577000     -9975.1805088720       110.0482851706      -445.6380100444    102002.7029850791
578000     -9975.1610722542       110.0487680160      -445.4283244305    102002.7029850791
579000     -9975.0047765571       110.0545409708      -445.2847456884    102002.7029850791
580000     -9975.0237332958       110.0539074958      -445.1320060973    102002.7029850791
581000     -9974.9652479212       110.0582169477      -444.5847436499    102002.7029850791
582000     -9974.9376362212       110.0587187446      -445.3995028751    102002.7029850791
583000     -9975.0331338492       110.0606859581      -445.2036535636    102002.7029850791
584000     -9974.9981405259       110.0583459099      -444.8657819785    102002.7029850791
585000     -9975.0055659818       110.0549406283      -444.5673023759    102002.7029850791
586000     -9974.7081233172       110.0651599648      -444.5855242623    102002.7029850791
587000     -9974.6762930058       110.0637116100      -444.6167162936    102002.7029850791
588000     -9974.6305669627       110.0626320254      -445.1054729745    102002.7029850791
589000     -9974.5382460045       110.0638656230      -445.3605750256    102002.7029850791
590000     -9974.4066029629       110.0625648584      -445.5822662259    102002.7029850791
591000     -9974.3534684510       110.0682022345      -445.5513911050    102002.7029850792
592000     -9974.3298587583       110.0714220638      -446.0421546673    102002.7029850792
593000     -9974.4076747158       110.0689002099      -446.9011680217    102002.7029850792
594000     -9974.4196097565       110.0717464353      -446.9799633331    102002.7029850792
595000     -9974.5789348483       110.0645807198      -447.7411998123    102002.7029850792
596000     -9974.6631628719       110.0622236316      -448.3057579983    102002.7029850792
597000     -9974.6951696967       110.0612765685      -449.8555040045    102002.7029850792
598000     -9974.6919051868       110.0619682375      -451.5010039124    102002.7029850792
599000     -9974.7102536031       110.0639244873      -451.8302708160    102002.7029850792
600000     -9974.9080322790       110.0562988884      -452.2562211077    102002.7029850792
601000     -9974.7914907898       110.0612190197      -452.9208140447    102002.7029850792
602000     -9974.8139848537       110.0645045321      -454.1258044202    102002.7029850792
603000     -9974.9436004465       110.0625870045      -454.8842818501    102002.7029850792
604000     -9975.0283531429       110.0602577134      -455.4179716370    102002.7029850793
605000     -9975.0371397715       110.0634887347      -455.9729091751    102002.7029850793
606000     -9975.2704091441       110.0582199875      -456.6022420036    102002.7029850793
607000     -9975.3598087604       110.0600197236      -457.8331604718    102002.7029850793
608000     -9975.4467799362       110.0627968141      -458.0483144815    102002.7029850793
609000     -9975.6092123467       110.0590672621      -458.6676625896    102002.7029850793
610000     -9975.7130814338       110.0549683494      -458.8512098188    102002.7029850793
611000     -9975.6756925371       110.0612824427      -458.6401027499    102002.7029850793
612000     -9975.6290381589       110.0657326935      -458.3533687532    102002.7029850793
613000     -9975.7604760505       110.0613645152      -458.6314192448    102002.7029850793
614000     -9975.7727011498       110.0609258239      -458.4936496234    102002.7029850793
615000     -9975.8383413470       110.0625547301      -458.8043365337    102002.7029850793
616000     -9975.7495838109       110.0643722676      -458.9481599460    102002.7029850793
617000     -9975.7747752094       110.0629195485      -458.8909676743    102002.7029850793
618000     -9975.7692339863       110.0605133828      -458.4550845133    102002.7029850793
619000     -9975.8343144481       110.0555923684      -458.1134887530    102002.7029850793
620000     -9975.7776999562       110.0576229631      -457.9100361837    102002.7029850793
621000     -9975.7465391675       110.0584479333      -458.2089384647    102002.7029850793
622000     -9975.6819857534       110.0611635468      -458.3624968253    102002.7029850794
623000     -9975.7316830784       110.0567125094      -457.9842110506    102002.7029850794
624000     -9975.7464882407       110.0562958357      -457.7321961260    102002.7029850794
625000     -9975.8038336266       110.0539245752      -457.2340363262    102002.7029850794
626000     -9975.8310421788       110.0543928212      -456.4373099226    102002.7029850794
627000     -9975.8533918887       110.0526670712      -456.0127386720    102002.7029850794
628000     -9975.8987440324       110.0529845644      -455.6225842808    102002.7029850794
629000     -9976.0164954062       110.0497886306      -454.8275778927    102002.7029850794
630000     -9976.0144511276       110.0514499869      -454.0741462435    102002.7029850794
631000     -9975.9975225301       110.0538878492      -453.3908462010    102002.7029850794
632000     -9976.1062119173       110.0478820974      -452.8618866660    102002.7029850794
633000     -9976.1957102421       110.0441435114      -452.5622516424    102002.7029850794
634000     -9976.2275749839       110.0418006569      -452.3692716382    102002.7029850794
635000     -9976.2812584325       110.0392985363      -452.5064871336    102002.7029850794
636000     -9976.3607465578       110.0347307883      -452.7701290507    102002.7029850794
637000     -9976.3797910806       110.0335448079      -452.7261754626    102002.7029850794
638000     -9976.3443908473       110.0367410907      -452.4450671868    102002.7029850794
639000     -9976.3011848307       110.0370043754      -452.0807210049    102002.7029850794
640000     -9976.2015296404       110.0411628762      -451.2011980707    102002.7029850794
641000     -9976.2269113682       110.0402911463      -450.6311529888    102002.7029850794
642000     -9976.1656845333       110.0464163044      -450.2166450669    102002.7029850794
643000     -9976.1331079910       110.0491321976      -450.2916688494    102002.7029850794
644000     -9976.0973336679       110.0512481456      -450.3285470343    102002.7029850794
645000     -9976.1982030268       110.0476847037      -449.9144126556    102002.7029850794
646000     -9976.2558419592       110.0472747766      -449.6227732400    102002.7029850795
647000     -9976.2004117421       110.0507364031      -449.0774512134    102002.7029850795
648000     -9976.1232441102       110.0532567582      -448.9506964248    102002.7029850795
649000     -9976.1868051982       110.0482360162      -448.9216083627    102002.7029850795
650000     -9976.1991021087       110.0444086516      -448.8696786292    102002.7029850795
651000     -9976.1925484221       110.0459897701      -448.6851742514    102002.7029850795
652000     -9976.2648821712       110.0416508646      -448.9802339559    102002.7029850795
653000     -9976.2452606678       110.0427398624      -448.7241595495    102002.7029850795
654000     -9976.2551771270       110.0443667704      -448.2734772515    102002.7029850795
655000     -9976.2435663461       110.0429745710      -447.7537303966    102002.7029850795
656000     -9976.2606602369       110.0409600967      -448.0176768098    102002.7029850795
657000     -9976.2724868670       110.0405118238      -448.6258806705    102002.7029850795
658000     -9976.1803575347       110.0442980869      -448.6211954215    102002.7029850795
659000     -9976.1514655271       110.0453531426      -448.2107469714    102002.7029850795
660000     -9976.1905709837       110.0423389315      -447.8381204533    102002.7029850795
661000     -9976.1781636920       110.0426837931      -448.0687814935    102002.7029850795
662000     -9976.2321233505       110.0398915971      -448.1086115415    102002.7029850795
663000     -9976.2647976135       110.0381101716      -448.3556991374    102002.7029850795
664000     -9976.1463985806       110.0422633680      -447.4926508170    102002.7029850795
665000     -9976.1258537185       110.0436896331      -447.1772132934    102002.7029850795
666000     -9976.0707016890       110.0449843475      -447.1101890981    102002.7029850795
667000     -9976.1299514881       110.0429515072      -446.9742165408    102002.7029850795
668000     -9976.1889438456       110.0394858227      -446.8438932517    102002.7029850795
669000     -9976.1738355154       110.0392709579      -446.5919953910    102002.7029850795
670000     -9976.1680467723       110.0393307276      -446.4690837075    102002.7029850795
671000     -9976.1308874771       110.0380940607      -446.1425902812    102002.7029850795
672000     -9976.1006446256       110.0371108738      -446.0060383525    102002.7029850795
673000     -9976.0542893256       110.0386874504      -445.8171638881    102002.7029850795
674000     -9975.9898167259       110.0400441068      -445.8794535009    102002.7029850794
675000     -9976.0354260727       110.0362889806      -445.8467317252    102002.7029850794
676000     -9975.9802832969       110.0389069658      -445.6140725893    102002.7029850794
677000     -9975.9816030409       110.0400914099      -445.3549156914    102002.7029850794
678000     -9975.9317787140       110.0406002741      -445.4493961157    102002.7029850794
679000     -9975.9127440415       110.0400922763      -445.3005733467    102002.7029850794
680000     -9975.8840460869       110.0386625484      -444.9443455961    102002.7029850794
681000     -9975.8475307375       110.0378311038      -444.9126783075    102002.7029850794
682000     -9975.7891755796       110.0381169305      -444.6974045222    102002.7029850794
683000     -9975.7003422986       110.0399942051      -444.6427758491    102002.7029850794
684000     -9975.6784771285       110.0401515468      -444.6888109856    102002.7029850794
685000     -9975.7239102910       110.0378974872      -444.7540741655    102002.7029850794
686000     -9975.8018270195       110.0360777310      -444.7907471448    102002.7029850794
687000     -9975.8454470192       110.0338410704      -444.8205997972    102002.7029850794
688000     -9975.8167913227       110.0330793428      -444.3221871818    102002.7029850793
689000     -9975.8444574098       110.0286388498      -444.0820643842    102002.7029850793
690000     -9975.8140473259       110.0286410084      -443.6368409410    102002.7029850793
691000     -9975.8339248595       110.0266380780      -443.8020394034    102002.7029850793
692000     -9975.8585262104       110.0261334511      -444.0933126977    102002.7029850793
693000     -9975.8664887876       110.0248859741      -444.0886786911    102002.7029850793
694000     -9975.9034008724       110.0249688426      -444.3558856295    102002.7029850793
695000     -9975.9784784822       110.0203177361      -444.5474524189    102002.7029850793
696000     -9975.9994352372       110.0205309752      -444.6309301664    102002.7029850793
697000     -9975.9799639565       110.0221628464      -444.6205709179    102002.7029850793
698000     -9975.9987424994       110.0208288982      -444.6226933445    102002.7029850793
699000     -9975.9781893972       110.0220169429      -444.8080518979    102002.7029850793
700000     -9975.9463835648       110.0236699158      -445.1738377731    102002.7029850793
701000     -9975.9582323935       110.0227832152      -445.5137084848    102002.7029850793
702000     -9975.9672052101       110.0244649063      -445.7609278853    102002.7029850793
703000     -9976.0086140215       110.0230661217      -445.9222049680    102002.7029850793
704000     -9976.0392519283       110.0208108914      -445.8732915946    102002.7029850792
705000     -9976.0965487558       110.0183528504      -445.6540208890    102002.7029850792
706000     -9976.0573255715       110.0191341746      -445.5756865979    102002.7029850792
707000     -9976.0538711772       110.0182081802      -446.1597102459    102002.7029850792
708000     -9976.0141402225       110.0199520102      -446.2090692081    102002.7029850792
709000     -9976.0020992472       110.0198266901      -446.2161143157    102002.7029850792
710000     -9976.0000450149       110.0201642652      -446.3642796292    102002.7029850792
711000     -9975.9610038678       110.0201035805      -446.3376844803    102002.7029850792
712000     -9975.9316849070       110.0209655125      -446.3818993416    102002.7029850792
713000     -9975.8390495585       110.0238699311      -446.0618385326    102002.7029850792
714000     -9975.7771863409       110.0236486168      -445.9084973245    102002.7029850792
715000     -9975.7570123934       110.0235515416      -445.7729352891    102002.7029850792
716000     -9975.7763527739       110.0211893854      -446.0987046602    102002.7029850792
717000     -9975.7609081816       110.0193525720      -446.6047065438    102002.7029850792
718000     -9975.7470776833       110.0199813466      -447.0775278237    102002.7029850792
719000     -9975.7550666051       110.0185271374      -447.0720013218    102002.7029850792
720000     -9975.5958153901       110.0242533276      -446.5803871261    102002.7029850792
721000     -9975.5642042452       110.0247884104      -446.3712161587    102002.7029850792
722000     -9975.5422514186       110.0236616590      -446.0929192081    102002.7029850792
723000     -9975.5880684316       110.0212813844      -446.0024843132    102002.7029850792
724000     -9975.6485612616       110.0171423362      -446.0936000933    102002.7029850791
725000     -9975.6231732357       110.0176997817      -446.2301704724    102002.7029850791
726000     -9975.5111723232       110.0207288720      -445.6550207258    102002.7029850791
727000     -9975.4368625306       110.0228736938      -445.5758007724    102002.7029850791
728000     -9975.3788461797       110.0228425351      -445.3973553077    102002.7029850791
729000     -9975.3275478340       110.0235786503      -445.4309743847    102002.7029850791
730000     -9975.3151915762       110.0229585615      -445.3678035178    102002.7029850791
731000     -9975.3512828400       110.0204191767      -445.4491174486    102002.7029850791
732000     -9975.3623709848       110.0190188659      -445.4296131289    102002.7029850791
733000     -9975.2766726290       110.0224566715      -444.9500607280    102002.7029850791
734000     -9975.2448720127       110.0226333796      -444.6153126181    102002.7029850791
735000     -9975.2090815405       110.0227627775      -444.5435483672    102002.7029850791
736000     -9975.1903763512       110.0230894827      -444.2979425979    102002.7029850791
737000     -9975.2373582590       110.0214477770      -444.2522192925    102002.7029850791
738000     -9975.1707897266       110.0232055097      -444.2842232579    102002.7029850791
739000     -9975.1313910605       110.0240949469      -444.5395208899    102002.7029850791
740000     -9975.1722730581       110.0240850389      -444.6831450904    102002.7029850791
741000     -9975.1811861750       110.0234178944      -444.5234238151    102002.7029850791
742000     -9975.1637140983       110.0244736629      -444.6708987081    102002.7029850791
743000     -9975.2288714464       110.0219318345      -444.8152762926    102002.7029850791
744000     -9975.2421418811       110.0204370600      -444.8338892298    102002.7029850791
745000     -9975.2252116949       110.0216061395      -444.7545344074    102002.7029850791
746000     -9975.2210651463       110.0215033215      -444.7557898497    102002.7029850791
747000     -9975.2468319514       110.0202966481      -445.0546745298    102002.7029850791
748000     -9975.3025393752       110.0179053156      -445.0893494385    102002.7029850790
749000     -9975.2850760341       110.0193654168      -445.0373331028    102002.7029850790
750000     -9975.2929187827       110.0184181132      -445.1638145803    102002.7029850790
751000     -9975.3389885236       110.0164311578      -445.1517944834    102002.7029850790
752000     -9975.2550044814       110.0192200974      -444.7715657971    102002.7029850790
753000     -9975.2346714859       110.0203958648      -444.6529009664    102002.7029850790
754000     -9975.2143378913       110.0194699299      -444.2613027461    102002.7029850790
755000     -9975.1580842726       110.0207420006      -444.0781628979    102002.7029850790
756000     -9975.1505704314       110.0194555756      -443.9729182906    102002.7029850790
757000     -9975.1581047781       110.0195741373      -443.7257300643    102002.7029850790
758000     -9975.2048204749       110.0168054840      -443.6093545471    102002.7029850790
759000     -9975.1555482440       110.0184920648      -443.5263839189    102002.7029850790
760000     -9975.1841896970       110.0165399198      -443.4728748776    102002.7029850790
761000     -9975.2350191121       110.0143135891      -443.6913413613    102002.7029850790
762000     -9975.2425632300       110.0133566183      -443.7126636328    102002.7029850790
763000     -9975.3034061620       110.0099757311      -443.7473859314    102002.7029850790
764000     -9975.3003946127       110.0106987626      -443.7074798735    102002.7029850790
765000     -9975.2864009383       110.0104116707      -443.7792294462    102002.7029850790
766000     -9975.2533115284       110.0118878916      -443.6834857416    102002.7029850790
767000     -9975.2601597401       110.0120650473      -443.5757820429    102002.7029850790
768000     -9975.1958283325       110.0142349193      -443.4540732142    102002.7029850790
769000     -9975.1654061241       110.0151595727      -443.2285373427    102002.7029850790
770000     -9975.1999568479       110.0146949548      -443.1217307102    102002.7029850790
771000     -9975.2141561691       110.0140835119      -443.3797809660    102002.7029850790
772000     -9975.2353160674       110.0140139160      -443.4923828508    102002.7029850790
773000     -9975.2148040621       110.0161031650      -443.4810285415    102002.7029850790
774000     -9975.2084572665       110.0173706507      -443.4173044762    102002.7029850790
775000     -9975.1966168865       110.0183231835      -443.3722664122    102002.7029850790
776000     -9975.1773067812       110.0186957858      -443.3467550789    102002.7029850790
777000     -9975.1220016471       110.0210774065      -443.2953699166    102002.7029850789
778000     -9975.1067586758       110.0216770683      -443.3842608576    102002.7029850789
779000     -9975.0751046016       110.0223397307      -443.6075700714    102002.7029850789
780000     -9975.0813760675       110.0206415373      -443.8838540737    102002.7029850789
781000     -9975.0760738807       110.0215799121      -443.7792812935    102002.7029850789
782000     -9975.1028234904       110.0211204241      -443.8827805445    102002.7029850789
783000     -9975.0757364797       110.0221104497      -444.1262558868    102002.7029850789
784000     -9975.0759625752       110.0228498803      -444.2632013416    102002.7029850789
785000     -9975.0795136470       110.0246910315      -444.1438373709    102002.7029850789
786000     -9975.1121063131       110.0256090517      -444.0268884632    102002.7029850789
787000     -9975.1518928008       110.0262922509      -444.0791099019    102002.7029850789
788000     -9975.1952379082       110.0237038221      -444.3307188617    102002.7029850789
789000     -9975.1887915591       110.0234793096      -444.3705910355    102002.7029850789
790000     -9975.1813611694       110.0240504386      -444.8509329804    102002.7029850789
791000     -9975.1970756763       110.0233284966      -445.0192340622    102002.7029850789
792000     -9975.2513905768       110.0222009279      -445.3510664628    102002.7029850789
793000     -9975.2863158689       110.0198424195      -445.4332989406    102002.7029850789
794000     -9975.2558381478       110.0210393565      -445.7021701036    102002.7029850789
795000     -9975.2596300445       110.0216280215      -445.7891210169    102002.7029850789
796000     -9975.2406600355       110.0239854497      -445.7349945154    102002.7029850789
797000     -9975.2812406273       110.0229218557      -445.9046151830    102002.7029850789
798000     -9975.2665567291       110.0236658163      -446.0787030799    102002.7029850789
799000     -9975.3019589204       110.0226279353      -446.1839536315    102002.7029850789
800000     -9975.2991772514       110.0222146626      -446.3312366040    102002.7029850789
801000     -9975.3432885423       110.0203659589      -446.4452363655    102002.7029850789
802000     -9975.3768030757       110.0192758077      -446.6130514286    102002.7029850789
803000     -9975.3883877376       110.0185152799      -446.6031614360    102002.7029850789
804000     -9975.3944531196       110.0193929093      -446.7750257104    102002.7029850789
805000     -9975.3917254132       110.0184970174      -446.7603717601    102002.7029850789
806000     -9975.4348712723       110.0168067793      -446.6890182276    102002.7029850789
807000     -9975.4483402177       110.0168109691      -446.7744608831    102002.7029850789
808000     -9975.4529803588       110.0174361940      -446.9462215226    102002.7029850789
809000     -9975.4514633923       110.0178880101      -447.2726757810    102002.7029850789
810000     -9975.4769500689       110.0164532984      -447.6910447646    102002.7029850789
811000     -9975.4138063263       110.0194481910      -447.8858157845    102002.7029850789
812000     -9975.4018549655       110.0192243410      -448.2209714596    102002.7029850789
813000     -9975.3903291649       110.0204292769      -448.2152572317    102002.7029850789
814000     -9975.4139886717       110.0201441608      -448.2368123519    102002.7029850789
815000     -9975.4382477466       110.0191132771      -448.3693047194    102002.7029850788
816000     -9975.4394825343       110.0199119780      -448.4670415897    102002.7029850788
817000     -9975.4141603574       110.0209489957      -448.4122383121    102002.7029850788
818000     -9975.4313002139       110.0196983674      -448.5583615614    102002.7029850788
819000     -9975.3961556540       110.0226265494      -448.5487482133    102002.7029850788
820000     -9975.3678380367       110.0234745802      -448.3518626438    102002.7029850788
821000     -9975.3023190781       110.0263143772      -448.2935824193    102002.7029850788
822000     -9975.3217839968       110.0261710271      -448.3233315658    102002.7029850788
823000     -9975.3525700675       110.0250873878      -448.4290440458    102002.7029850788
824000     -9975.3657487887       110.0253252721      -448.7556896299    102002.7029850788
825000     -9975.3945835538       110.0239881698      -448.9221739551    102002.7029850788
826000     -9975.4395063197       110.0226191748      -449.0240058097    102002.7029850788
827000     -9975.4349200571       110.0219553030      -448.9096690676    102002.7029850788
828000     -9975.4466400873       110.0216580971      -448.8121790189    102002.7029850788
829000     -9975.4197241306       110.0224842689      -449.0314565146    102002.7029850788
830000     -9975.4573658493       110.0206191856      -449.3579267600    102002.7029850788
831000     -9975.4829258644       110.0191004987      -449.6065575274    102002.7029850788
832000     -9975.4849046971       110.0189820740      -449.9745728833    102002.7029850788
833000     -9975.4757671398       110.0179187590      -450.1487154209    102002.7029850788
834000     -9975.4624808270       110.0173686379      -450.2497753788    102002.7029850788
835000     -9975.4254774982       110.0182869920      -450.2736928418    102002.7029850788
836000     -9975.4004507070       110.0196418273      -450.4121126095    102002.7029850788
837000     -9975.4343139600       110.0176633503      -450.5113731253    102002.7029850788
838000     -9975.4472887618       110.0170189017      -450.6299647040    102002.7029850788
839000     -9975.4580494379       110.0154389645      -450.8269549617    102002.7029850788
840000     -9975.4116683933       110.0180562903      -450.9760540039    102002.7029850788
841000     -9975.4284185829       110.0178356549      -451.1350925409    102002.7029850788
842000     -9975.4170180516       110.0197666086      -451.2984948374    102002.7029850788
843000     -9975.3994675661       110.0214615155      -451.5535817970    102002.7029850788
844000     -9975.4230964294       110.0213168077      -451.7990928334    102002.7029850788
845000     -9975.4412085151       110.0197130797      -452.1191879781    102002.7029850788
846000     -9975.4421099240       110.0196397523      -452.2396902892    102002.7029850788
847000     -9975.4301581445       110.0209377439      -452.4972398203    102002.7029850788
848000     -9975.4351618492       110.0199267748      -452.5674469099    102002.7029850788
849000     -9975.4473186078       110.0187264058      -452.4904100363    102002.7029850788
850000     -9975.4473704272       110.0185449864      -452.3999798123    102002.7029850788
851000     -9975.4532895833       110.0179477372      -452.4294059053    102002.7029850788
852000     -9975.4567812582       110.0186344056      -452.5689199880    102002.7029850788
853000     -9975.4106929584       110.0206403900      -452.4963938690    102002.7029850788
854000     -9975.4086764429       110.0210494092      -452.5078075480    102002.7029850788
855000     -9975.3695565549       110.0218670771      -452.5125451194    102002.7029850788
856000     -9975.3281394576       110.0226610160      -452.5305237844    102002.7029850788
857000     -9975.3652708633       110.0214654355      -452.8352956713    102002.7029850788
858000     -9975.3612720052       110.0220767114      -453.1832260158    102002.7029850788
859000     -9975.3789140176       110.0224036674      -453.5019777360    102002.7029850788
860000     -9975.4378438543       110.0208648473      -453.6194378587    102002.7029850788
861000     -9975.4313213472       110.0215219680      -453.6617567364    102002.7029850788
862000     -9975.4426179025       110.0212242583      -453.7958877376    102002.7029850788
863000     -9975.4776419016       110.0195485570      -453.9088665161    102002.7029850788
864000     -9975.4945689553       110.0193783466      -454.0432730247    102002.7029850788
865000     -9975.5040974328       110.0193769738      -453.9935792741    102002.7029850788
866000     -9975.5242570309       110.0192187386      -453.9575263078    102002.7029850788
867000     -9975.5415489496       110.0191516160      -454.1356135386    102002.7029850788
868000     -9975.5476670699       110.0201658430      -454.1685481258    102002.7029850788
869000     -9975.5649949248       110.0194980244      -454.2508160222    102002.7029850788
870000     -9975.5648843683       110.0200120320      -454.1979332250    102002.7029850787
871000     -9975.5988817535       110.0192791707      -454.4042447043    102002.7029850787
872000     -9975.6208663260       110.0193880149      -454.4411178301    102002.7029850787
873000     -9975.6426538851       110.0194183218      -454.5631964116    102002.7029850787
874000     -9975.6484291780       110.0196998120      -454.3961629962    102002.7029850787
875000     -9975.6625581999       110.0185267144      -454.2265237934    102002.7029850787
876000     -9975.6474984905       110.0180668476      -454.1316479230    102002.7029850787
877000     -9975.6521413540       110.0175590766      -454.1297261057    102002.7029850787
878000     -9975.6435941415       110.0182505475      -454.1161277860    102002.7029850787
879000     -9975.6416170921       110.0179206999      -454.1455844418    102002.7029850787
880000     -9975.6381998263       110.0182158161      -454.0339182064    102002.7029850787
881000     -9975.6259677620       110.0184101352      -454.0784469661    102002.7029850787
882000     -9975.6356143111       110.0168728330      -454.2123767879    102002.7029850787
883000     -9975.6396745965       110.0169617240      -454.2006649506    102002.7029850787
884000     -9975.6073877522       110.0177649404      -454.0081351271    102002.7029850787
885000     -9975.6038842802       110.0172819402      -453.8604758213    102002.7029850787
886000     -9975.5976039294       110.0168558539      -453.6894949217    102002.7029850787
887000     -9975.5822556393       110.0180021800      -453.5501747303    102002.7029850787
888000     -9975.6106728406       110.0166817776      -453.5914344545    102002.7029850787
889000     -9975.6207751288       110.0165828087      -453.6933944182    102002.7029850787
890000     -9975.6016179883       110.0172515578      -453.6541643046    102002.7029850787
891000     -9975.5924540439       110.0174143658      -453.5874483521    102002.7029850787
892000     -9975.5631165283       110.0190465555      -453.4534526570    102002.7029850787
893000     -9975.5530152696       110.0192244339      -453.3238452179    102002.7029850787
894000     -9975.5346839453       110.0192803425      -453.1909734353    102002.7029850787
895000     -9975.5130973934       110.0192083166      -453.0562079204    102002.7029850787
896000     -9975.4934962699       110.0197241191      -452.9103513427    102002.7029850787
897000     -9975.4658613871       110.0197646479      -452.9928914459    102002.7029850787
898000     -9975.4577374882       110.0188881576      -453.0424412049    102002.7029850787
899000     -9975.4405599837       110.0197648754      -453.0111445984    102002.7029850787
900000     -9975.4218165970       110.0207034785      -452.9837915720    102002.7029850787
901000     -9975.4032125185       110.0218204366      -452.9931248356    102002.7029850787
902000     -9975.3905947992       110.0213257220      -452.9023804044    102002.7029850787
903000     -9975.4079525737       110.0195495580      -453.0851173475    102002.7029850787
904000     -9975.4016853775       110.0190531691      -453.1234625014    102002.7029850787
905000     -9975.3890984150       110.0186351125      -453.2288239873    102002.7029850787
906000     -9975.3628624170       110.0191431657      -453.3898186171    102002.7029850787
907000     -9975.3030979300       110.0211025713      -453.6511440295    102002.7029850787
908000     -9975.2511999172       110.0234074110      -453.7502509957    102002.7029850787
909000     -9975.2306160924       110.0229743610      -453.6399705849    102002.7029850787
910000     -9975.1949043530       110.0245109976      -453.4875646246    102002.7029850787
911000     -9975.1594312898       110.0245463024      -453.3182156971    102002.7029850787
912000     -9975.1206940306       110.0249096098      -453.1888024753    102002.7029850787
913000     -9975.0827585388       110.0259537077      -452.9570052340    102002.7029850787
914000     -9975.0577672599       110.0259699582      -452.7820065988    102002.7029850787
915000     -9975.0503207794       110.0249352099      -452.5061566852    102002.7029850787
916000     -9975.0650515422       110.0243111387      -452.6412104595    102002.7029850787
917000     -9975.0529223880       110.0249742400      -452.7479063939    102002.7029850787
918000     -9975.0481769659       110.0248529065      -452.7759254845    102002.7029850787
919000     -9975.0378051191       110.0253061315      -452.7427291154    102002.7029850787
920000     -9975.0240652777       110.0260475891      -452.6070836244    102002.7029850787
921000     -9975.0192158075       110.0262379711      -452.5273112956    102002.7029850787
922000     -9975.0148130862       110.0253990757      -452.6007106230    102002.7029850787
923000     -9975.0222349084       110.0247104874      -452.6424949328    102002.7029850787
924000     -9975.0033298356       110.0249990608      -452.7427134185    102002.7029850787
925000     -9975.0052354986       110.0245395248      -452.9004031675    102002.7029850787
926000     -9975.0135879592       110.0246977971      -453.0763292717    102002.7029850787
927000     -9974.9991967826       110.0265224560      -453.2982610816    102002.7029850786
928000     -9975.0004563371       110.0268570546      -453.3359870096    102002.7029850786
929000     -9975.0391063951       110.0248107070      -453.5218933001    102002.7029850786
930000     -9975.0462460287       110.0245930765      -453.8003200460    102002.7029850786
931000     -9975.0818468060       110.0238085978      -454.1262314459    102002.7029850786
932000     -9975.0798438407       110.0243538258      -454.3249767119    102002.7029850786
933000     -9975.0765554759       110.0249603446      -454.3569185078    102002.7029850786
934000     -9975.0439001859       110.0267818259      -454.3680245191    102002.7029850786
935000     -9975.0315324288       110.0272878084      -454.5913265699    102002.7029850786
936000     -9975.0158324018       110.0266141506      -454.6935183067    102002.7029850786
937000     -9975.0132628431       110.0267908531      -454.8736948075    102002.7029850786
938000     -9975.0027680866       110.0267221469      -454.8483283871    102002.7029850786
939000     -9975.0200966335       110.0244413351      -454.8511132066    102002.7029850786
940000     -9974.9929263109       110.0253685518      -454.8812436321    102002.7029850786
941000     -9974.9738263585       110.0256005646      -454.8163898534    102002.7029850786
942000     -9974.9686275997       110.0261553351      -454.6829305855    102002.7029850786
943000     -9974.9639387016       110.0270699884      -454.6241824669    102002.7029850786
944000     -9974.9352834250       110.0286594207      -454.6162141082    102002.7029850786
945000     -9974.9458759858       110.0283528115      -454.6446538917    102002.7029850786
946000     -9974.9328924291       110.0287259238      -454.6285568705    102002.7029850786
947000     -9974.9190224002       110.0290014029      -454.6664096977    102002.7029850786
948000     -9974.8715059289       110.0306645676      -454.6894033916    102002.7029850786
949000     -9974.8501579721       110.0311448955      -454.6610760150    102002.7029850786
950000     -9974.8127583791       110.0318752954      -454.4720055455    102002.7029850786
951000     -9974.8299845162       110.0302990815      -454.4442397143    102002.7029850786
952000     -9974.8232648698       110.0308523642      -454.2591333412    102002.7029850786
953000     -9974.8182973569       110.0313558867      -454.2048172887    102002.7029850786
954000     -9974.8338581760       110.0312035323      -454.1369701754    102002.7029850786
955000     -9974.8579470074       110.0304162376      -454.2329154175    102002.7029850786
956000     -9974.8696241585       110.0308173326      -454.1566255250    102002.7029850786
957000     -9974.8641437726       110.0310316025      -454.2053360141    102002.7029850786
958000     -9974.8884039486       110.0291838885      -454.1871509710    102002.7029850786
959000     -9974.8924092888       110.0288768859      -454.1090690311    102002.7029850786
960000     -9974.8759471708       110.0295371523      -453.9850953563    102002.7029850786
961000     -9974.8625760526       110.0307384721      -454.0468205830    102002.7029850786
962000     -9974.8804740770       110.0298121378      -454.0991482486    102002.7029850786
963000     -9974.8720944811       110.0294527166      -453.9909436739    102002.7029850786
964000     -9974.8986287001       110.0283908293      -453.8848602138    102002.7029850786
965000     -9974.8958614562       110.0283033294      -453.8319368208    102002.7029850786
966000     -9974.8737757264       110.0291219712      -453.9259366790    102002.7029850786
967000     -9974.8832778241       110.0294695844      -453.9548226540    102002.7029850786
968000     -9974.9172554322       110.0273324791      -453.8990253122    102002.7029850786
969000     -9974.8930275461       110.0285810176      -453.9661716496    102002.7029850786
970000     -9974.9063137533       110.0278089336      -453.9242432842    102002.7029850786
971000     -9974.9358035269       110.0261980686      -453.9344699631    102002.7029850786
972000     -9974.9584323888       110.0264090732      -454.0556195588    102002.7029850786
973000     -9974.9710509622       110.0269050710      -454.3190154960    102002.7029850786
974000     -9974.9581546404       110.0282433215      -454.5942817531    102002.7029850786
975000     -9974.9713350608       110.0272894892      -454.8467179177    102002.7029850786
976000     -9974.9817499549       110.0268936327      -454.9972653695    102002.7029850786
977000     -9974.9860199110       110.0278320466      -455.2916232801    102002.7029850786
978000     -9975.0136006553       110.0275742602      -455.5174541145    102002.7029850786
979000     -9975.0243238117       110.0278479884      -455.5470388682    102002.7029850786
980000     -9975.0451168282       110.0268611784      -455.5946111332    102002.7029850786
981000     -9975.0599078991       110.0260898519      -455.6574872001    102002.7029850786
982000     -9975.0567151596       110.0271067049      -455.7604289167    102002.7029850786
983000     -9975.0490845130       110.0276868813      -456.0467456343    102002.7029850786
984000     -9975.0426980410       110.0277478718      -456.2858667644    102002.7029850786
985000     -9975.0353485354       110.0267349108      -456.4102269717    102002.7029850786
986000     -9975.0250916596       110.0265906140      -456.5118762336    102002.7029850786
987000     -9975.0089466954       110.0272622794      -456.6100701192    102002.7029850786
988000     -9975.0209196563       110.0264062584      -456.7413138491    102002.7029850786
989000     -9974.9999815881       110.0268018572      -456.7082417471    102002.7029850786
990000     -9975.0120012909       110.0256044854      -456.7447548201    102002.7029850786
991000     -9975.0281677906       110.0248729872      -456.6458626898    102002.7029850786
992000     -9975.0290175055       110.0240799959      -456.5091199022    102002.7029850786
993000     -9975.0255280606       110.0239778879      -456.4205853822    102002.7029850786
994000     -9975.0157885638       110.0242382246      -456.3642914438    102002.7029850786
995000     -9975.0107699979       110.0243660024      -456.3727838128    102002.7029850786
996000     -9975.0127163958       110.0232746392      -456.4316813203    102002.7029850786
997000     -9975.0071688339       110.0225493921      -456.4565031646    102002.7029850786
998000     -9974.9822160099       110.0228642782      -456.4710864632    102002.7029850786
999000     -9974.9530230384       110.0234439607      -456.4545998081    102002.7029850786
1000000     -9974.9393315450       110.0232370776      -456.5297071423    102002.7029850786
