# Time-averaged data for fix runningavgs
# TimeStep v_ra_etotal v_ra_temp v_ra_press v_ra_volume
502000     -6447.9028057061       131.0072732067      -733.1738203408    102002.7029850792
503000     -6449.7980963798       130.9299442869      -713.5706146316    102002.7029850792
504000     -6452.1157981287       130.7284649498      -703.4379800117    102002.7029850792
505000     -6452.7067256440       130.6038034829      -701.7337587477    102002.7029850792
506000     -6452.3178160899       130.6415857214      -703.9175415914    102002.7029850792
507000     -6451.8605805201       130.6822823286      -708.7320243230    102002.7029850792
508000     -6451.0318176550       130.7539268184      -712.1042325128    102002.7029850792
509000     -6451.4518027884       130.7276336359      -711.8030533796    102002.7029850792
510000     -6451.7708890756       130.6827216149      -710.3421371737    102002.7029850792
511000     -6453.2293559071       130.5455366034      -709.9574228808    102002.7029850792
512000     -6454.3337111449       130.4590394408      -708.6606269926    102002.7029850792
513000     -6455.7970307883       130.3168535311      -710.9484958291    102002.7029850792
514000     -6456.4861459747       130.2301127543      -713.0983841327    102002.7029850792
515000     -6456.9675226277       130.1887603584      -713.7671274171    102002.7029850792
516000     -6456.0790236337       130.2712176259      -713.4904047269    102002.7029850792
517000     -6455.8543059707       130.2843715327      -714.8132736569    102002.7029850792
518000     -6455.6439841928       130.3079265926      -714.9252551819    102002.7029850792
519000     -6455.5903447752       130.3130924784      -716.6600264843    102002.7029850792
520000     -6455.4484549350       130.3221941926      -719.9203572672    102002.7029850792
521000     -6455.3125436660       130.3434445044      -719.1911596661    102002.7029850792
522000     -6455.2532877651       130.3566119079      -719.9585910072    102002.7029850792
523000     -6455.6178706230       130.3284993849      -720.5992310007    102002.7029850792
524000     -6456.1026342649       130.2825491680      -719.8532481188    102002.7029850792
525000     -6456.5055298208       130.2550624442      -719.5994561318    102002.7029850792
526000     -6457.3362972147       130.1820373202      -720.7414717096    102002.7029850792
527000     -6457.5881540880       130.1584144084      -721.0885956980    102002.7029850792
528000     -6458.1709198193       130.1073221434      -721.0522551514    102002.7029850792
529000     -6458.2276185383       130.1031246714      -721.5014282979    102002.7029850792
530000     -6458.1360080721       130.1158367601      -720.8495405928    102002.7029850792
531000     -6458.5776611641       130.0756403256      -720.9489902405    102002.7029850792
532000     -6458.5121524638       130.0808722105      -721.1233386568    102002.7029850792
533000     -6458.1429619427       130.1209260356      -720.1823323116    102002.7029850792
534000     -6458.0587801612       130.1261657010      -720.8290185662    102002.7029850792
535000     -6458.0922487511       130.1245627925      -721.0913545327    102002.7029850792
536000     -6458.5060714926       130.0830862465      -720.6742061867    102002.7029850792
537000     -6458.7104870106       130.0601686028      -720.8090418965    102002.7029850792
538000     -6458.9590740041       130.0358805388      -721.4289900430    102002.7029850792
539000     -6458.7986855526       130.0543861395      -721.5398253838    102002.7029850791
540000     -6458.5480397865       130.0753530231      -721.9912434176    102002.7029850791
541000     -6458.3851056800       130.0931611772      -721.8833478089    102002.7029850791
542000     -6458.1405042240       130.1158774896      -722.2215189660    102002.7029850791
543000     -6458.4113697648       130.0912787598      -722.8590387826    102002.7029850791
544000     -6458.4720521261       130.0838651484      -723.2940458080    102002.7029850791
545000     -6458.5640624437       130.0784060167      -723.2173143311    102002.7029850791
546000     -6458.6018585585       130.0773205966      -723.2879105494    102002.7029850791
547000     -6458.9011003267       130.0497231350      -724.0939679824    102002.7029850791
548000     -6458.7889780183       130.0598710668      -724.3777889745    102002.7029850791
549000     -6458.6601399173       130.0729497481      -724.6031049967    102002.7029850791
550000     -6458.8221525753       130.0582229884      -725.2747701341    102002.7029850791
551000     -6458.9316567253       130.0505049537      -724.5988725368    102002.7029850791
552000     -6458.9371638507       130.0501052464      -724.7677890003    102002.7029850791
553000     -6458.7911208355       130.0613143255      -725.3948650452    102002.7029850791
554000     -6458.7630921081       130.0667382471      -725.0156222414    102002.7029850791
555000     -6458.8580611327       130.0595709747      -725.4243759794    102002.7029850791
556000     -6459.0798854856       130.0358192402      -726.0787699241    102002.7029850791
557000     -6459.2864784382       130.0185764788      -725.5140111848    102002.7029850791
558000     -6459.4113767639       130.0065583899      -725.1769909933    102002.7029850791
559000     -6459.5209767392       129.9959458360      -724.9739528506    102002.7029850791
560000     -6459.6560096839       129.9833224378      -724.6671500299    102002.7029850791
561000     -6459.8742945479       129.9605600200      -725.0175703162    102002.7029850791
562000     -6459.9118786192       129.9578832414      -724.8539533209    102002.7029850791
563000     -6459.8664244848       129.9612104396      -724.8798052920    102002.7029850791
564000     -6459.9815635787       129.9486542689      -724.9542306148    102002.7029850791
565000     -6459.8852634083       129.9569463547      -724.6907660210    102002.7029850791
566000     -6459.8369699828       129.9634907129      -724.9462007446    102002.7029850791
567000     -6459.7928197488       129.9691095946      -725.1446739740    102002.7029850791
568000     -6459.7539498021       129.9741906736      -725.1892384439    102002.7029850791
569000     -6459.8341973754       129.9673540064      -725.3140637483    102002.7029850791
570000     -6459.9723348946       129.9559333692      -725.3163173653    102002.7029850791
571000     -6460.0625575315       129.9488924123      -725.3905965368    102002.7029850791
572000     -6460.2917659245       129.9285085735      -725.3614817577    102002.7029850791
573000     -6460.3820757761       129.9211860355      -725.6773690088    102002.7029850791
574000     -6460.3301449884       129.9250594548      -726.3201451836    102002.7029850791
575000     -6460.5516296757       129.9077879865      -726.5226106253    102002.7029850791
576000     -6460.5367250648       129.9097431061      -727.1213873096    102002.7029850791
577000     -6460.6069276431       129.9032609925      -727.4026957101    102002.7029850791
578000     -6460.6779230829       129.8965391787      -727.2717107311    102002.7029850791
579000     -6460.5547849962       129.9064297842      -727.6934650133    102002.7029850791
580000     -6460.5328630071       129.9093708405      -727.7914108871    102002.7029850791
581000     -6460.5756133647       129.9070300148      -727.9021950119    102002.7029850791
582000     -6460.6272534744       129.9010486460      -727.9497414955    102002.7029850791
583000     -6460.7013271780       129.8970365611      -728.0209249381    102002.7029850791
584000     -6460.8199249652       129.8855345763      -728.2878618729    102002.7029850791
585000     -6460.8203009673       129.8850573206      -728.6708489930    102002.7029850791
586000     -6460.7824667649       129.8900811413      -728.7766606870    102002.7029850791
587000     -6460.7730426653       129.8908444711      -728.8752156466    102002.7029850791
588000     -6460.9019672709       129.8788865868      -728.6531390278    102002.7029850791
589000     -6460.9849000910       129.8713447103      -728.4217980910    102002.7029850791
590000     -6461.0417538146       129.8653444640      -728.6205393530    102002.7029850791
591000     -6460.9646558674       129.8730914024      -728.3673860714    102002.7029850792
592000     -6461.0250236232       129.8664980773      -728.0670977625    102002.7029850792
593000     -6461.0213485164       129.8661567703      -728.1790925598    102002.7029850792
594000     -6461.0299690616       129.8639713795      -728.0611583358    102002.7029850792
595000     -6461.1562613213       129.8513597737      -727.8805849411    102002.7029850792
596000     -6461.1564244426       129.8495106604      -727.8049491554    102002.7029850792
597000     -6461.1848925422       129.8461264673      -727.7226838776    102002.7029850792
598000     -6461.2010833569       129.8432633718      -727.5559754476    102002.7029850792
599000     -6461.3411598983       129.8292704376      -727.3221329654    102002.7029850792
600000     -6461.2577762718       129.8357752913      -727.5931034887    102002.7029850792
601000     -6461.2741049326       129.8340989872      -727.5264314464    102002.7029850792
602000     -6461.4249585126       129.8201704311      -727.1843902338    102002.7029850792
603000     -6461.3986634980       129.8206894241      -727.1404729413    102002.7029850792
604000     -6461.3036917369       129.8297951259      -726.7015971552    102002.7029850793
605000     -6461.2634430608       129.8328028386      -726.5394185563    102002.7029850793
606000     -6461.2660395785       129.8328195921      -726.4926851062    102002.7029850793
607000     -6461.3350210555       129.8268562026      -726.4544245882    102002.7029850793
608000     -6461.4422127989       129.8173504992      -726.3734495964    102002.7029850793
609000     -6461.4520810406       129.8150741354      -726.2077448958    102002.7029850793
610000     -6461.3992185898       129.8223990630      -725.7948038522    102002.7029850793
611000     -6461.2828633500       129.8323723802      -725.7787424735    102002.7029850793
612000     -6461.2624889109       129.8326633401      -725.6004500079    102002.7029850793
613000     -6461.2998412269       129.8276108871      -725.5714836862    102002.7029850793
614000     -6461.3692679502       129.8190058913      -725.2263911321    102002.7029850793
615000     -6461.2452552613       129.8297820337      -725.1592084171    102002.7029850793
616000     -6461.2055493984       129.8322243565      -725.1592693351    102002.7029850793
617000     -6461.1591645581       129.8373165683      -724.9974446698    102002.7029850793
618000     -6461.0679009334       129.8454583219      -724.9434863294    102002.7029850793
619000     -6461.0707254251       129.8452818209      -724.8785282308    102002.7029850793
620000     -6461.0565890123       129.8459137360      -724.8052535386    102002.7029850793
621000     -6461.1392156182       129.8375474606      -724.6303691683    102002.7029850793
622000     -6461.1430172134       129.8371102186      -724.4063244799    102002.7029850794
623000     -6461.1290098399       129.8385170681      -724.2379722374    102002.7029850794
624000     -6461.1163158603       129.8379894037      -724.1650875425    102002.7029850794
625000     -6460.9837603724       129.8507165913      -724.0526458650    102002.7029850794
626000     -6460.9759825788       129.8518128642      -723.7771013536    102002.7029850794
627000     -6460.9667457093       129.8526110415      -723.5253519980    102002.7029850794
628000     -6461.0264435702       129.8462277978      -723.4046561114    102002.7029850794
629000     -6461.0723312930       129.8417145523      -723.3478984558    102002.7029850794
630000     -6461.1571842608       129.8347108740      -723.2218052931    102002.7029850794
631000     -6461.1854696516       129.8320985834      -723.3564667630    102002.7029850794
632000     -6461.2119979712       129.8284419321      -723.2642433211    102002.7029850794
633000     -6461.2090443572       129.8279507379      -723.1982917604    102002.7029850794
634000     -6461.2094118458       129.8272043481      -723.1379797630    102002.7029850794
635000     -6461.2135711488       129.8273686860      -722.8866284760    102002.7029850794
636000     -6461.1084480108       129.8364783279      -722.9486230203    102002.7029850794
637000     -6461.0928820490       129.8387197872      -722.7291333866    102002.7029850794
638000     -6461.1286972107       129.8351552554      -722.5977822286    102002.7029850794
639000     -6461.1715361643       129.8313318702      -722.3749461812    102002.7029850794
640000     -6461.0933233818       129.8390254837      -722.0446432822    102002.7029850794
641000     -6461.0223746494       129.8454688054      -721.8278406093    102002.7029850794
642000     -6461.1231535285       129.8368838363      -721.8606497742    102002.7029850794
643000     -6461.1379276611       129.8356930225      -721.8122147012    102002.7029850794
644000     -6461.1798492403       129.8322888120      -721.6626671113    102002.7029850794
645000     -6461.1818341507       129.8324505406      -721.5640349706    102002.7029850794
646000     -6461.2230908546       129.8285512541      -721.1906575380    102002.7029850795
647000     -6461.1866948350       129.8319382014      -720.9016731693    102002.7029850795
648000     -6461.1341783656       129.8365773803      -720.6994023096    102002.7029850795
649000     -6461.0684712719       129.8426475185      -720.4675570069    102002.7029850795
650000     -6461.0429438589       129.8450122738      -720.2922430992    102002.7029850795
651000     -6461.0168280529       129.8476334927      -720.0574474251    102002.7029850795
652000     -6460.9959164622       129.8498133544      -719.7849546702    102002.7029850795
653000     -6460.9949463984       129.8493318164      -719.4916620858    102002.7029850795
654000     -6461.0317860679       129.8460838740      -719.2670676891    102002.7029850795
655000     -6461.0286453217       129.8459169760      -719.1929561789    102002.7029850795
656000     -6461.0666146349       129.8426239252      -718.8413221887    102002.7029850795
657000     -6461.1356524215       129.8355963010      -718.4248262995    102002.7029850795
658000     -6461.0939645700       129.8392059412      -718.3004729380    102002.7029850795
659000     -6461.0036638353       129.8466793959      -718.0985313080    102002.7029850795
660000     -6460.9589867776       129.8502587054      -717.8159798138    102002.7029850795
661000     -6460.9196786628       129.8535247332      -717.7388211525    102002.7029850795
662000     -6460.8597622742       129.8594232262      -717.5250520436    102002.7029850795
663000     -6460.7767865671       129.8657391331      -717.3158619594    102002.7029850795
664000     -6460.7301268818       129.8698642738      -717.0253744561    102002.7029850795
665000     -6460.6900631268       129.8732979063      -716.8521786870    102002.7029850795
666000     -6460.7629399626       129.8663014135      -716.6586643994    102002.7029850795
667000     -6460.7697944249       129.8665324060      -716.6661590460    102002.7029850795
668000     -6460.7490601088       129.8682912531      -716.5775088590    102002.7029850795
669000     -6460.8065363253       129.8622204195      -716.4890125099    102002.7029850795
670000     -6460.8363777495       129.8593473368      -716.4239160217    102002.7029850795
671000     -6460.9053399825       129.8531044993      -716.4027999588    102002.7029850795
672000     -6460.8877906215       129.8551067434      -716.4040264028    102002.7029850795
673000     -6460.7866786668       129.8652245441      -716.2486039213    102002.7029850795
674000     -6460.7208767712       129.8702093252      -716.2108363359    102002.7029850794
675000     -6460.6779722829       129.8740925095      -715.8833502246    102002.7029850794
676000     -6460.6869338663       129.8723656621      -715.6437132931    102002.7029850794
677000     -6460.6481751188       129.8744467226      -715.3798067048    102002.7029850794
678000     -6460.6043684283       129.8785824955      -715.2256606412    102002.7029850794
679000     -6460.6111062672       129.8771225353      -715.0703848682    102002.7029850794
680000     -6460.5893984330       129.8795247068      -715.0457998337    102002.7029850794
681000     -6460.5278856128       129.8842112490      -714.9399474185    102002.7029850794
682000     -6460.5210033646       129.8841280790      -714.8097348008    102002.7029850794
683000     -6460.5819579577       129.8781566804      -714.8314831645    102002.7029850794
684000     -6460.6147612438       129.8748663356      -714.7085155508    102002.7029850794
685000     -6460.5714647512       129.8776409963      -714.5834670574    102002.7029850794
686000     -6460.5999883139       129.8748814580      -714.3813483334    102002.7029850794
687000     -6460.6436516035       129.8704855367      -714.2896385414    102002.7029850794
688000     -6460.6809729206       129.8671387154      -714.1859527905    102002.7029850793
689000     -6460.6838988203       129.8664020389      -714.1812587960    102002.7029850793
690000     -6460.6625875213       129.8675558005      -714.1747953502    102002.7029850793
691000     -6460.6231144794       129.8709442494      -714.1256682055    102002.7029850793
692000     -6460.5910741136       129.8728663622      -714.0858778105    102002.7029850793
693000     -6460.6581449027       129.8654807189      -714.0730777128    102002.7029850793
694000     -6460.6497134332       129.8657939463      -714.0447556028    102002.7029850793
695000     -6460.6285050365       129.8670016479      -714.0736399835    102002.7029850793
696000     -6460.6053418678       129.8676829974      -714.1096432289    102002.7029850793
697000     -6460.5288465608       129.8742955991      -714.1176468390    102002.7029850793
698000     -6460.4861035708       129.8778761139      -714.0184271091    102002.7029850793
699000     -6460.4763389046       129.8779084741      -713.8460562728    102002.7029850793
700000     -6460.5065220309       129.8740609955      -713.7614399342    102002.7029850793
701000     -6460.4571994587       129.8767846414      -713.7718203702    102002.7029850793
702000     -6460.4394680110       129.8790006094      -713.7950564960    102002.7029850793
703000     -6460.4318940593       129.8795088718      -713.9520060622    102002.7029850793
704000     -6460.4252059444       129.8799734537      -714.1525026108    102002.7029850792
705000     -6460.4098772328       129.8811274411      -714.1431916232    102002.7029850792
706000     -6460.3724769756       129.8840191138      -714.1575988861    102002.7029850792
707000     -6460.3460402844       129.8857413650      -714.1461982282    102002.7029850792
708000     -6460.3302577234       129.8874097770      -714.1467534685    102002.7029850792
709000     -6460.3710148695       129.8832783555      -714.1774509396    102002.7029850792
710000     -6460.4243127115       129.8783470769      -714.2181972015    102002.7029850792
711000     -6460.4504746012       129.8762311979      -714.2089021071    102002.7029850792
712000     -6460.4963985059       129.8713925977      -714.2379314344    102002.7029850792
713000     -6460.5109860636       129.8701438620      -714.2392744083    102002.7029850792
714000     -6460.4872384126       129.8727286683      -714.3684932220    102002.7029850792
715000     -6460.5320424455       129.8693107282      -714.4201807612    102002.7029850792
716000     -6460.5429563612       129.8684034052      -714.4948768178    102002.7029850792
717000     -6460.6031574780       129.8624295705      -714.6291170275    102002.7029850792
718000     -6460.6153459429       129.8617438384      -714.5817711994    102002.7029850792
719000     -6460.5411478722       129.8682571520      -714.6150934284    102002.7029850792
720000     -6460.5060838446       129.8715731517      -714.6110353302    102002.7029850792
721000     -6460.4839895691       129.8730176166      -714.5857548686    102002.7029850792
722000     -6460.4595821329       129.8750740951      -714.5373450530    102002.7029850792
723000     -6460.4610451123       129.8754515174      -714.5677558040    102002.7029850792
724000     -6460.4062582748       129.8807719916      -714.6923581658    102002.7029850791
725000     -6460.4237425988       129.8792708940      -714.7379688384    102002.7029850791
726000     -6460.3939729452       129.8824468597      -714.7594458264    102002.7029850791
727000     -6460.3615962457       129.8855243494      -714.8026006885    102002.7029850791
728000     -6460.3590670271       129.8855376922      -714.6525760772    102002.7029850791
729000     -6460.2961598746       129.8912103796      -714.6877797962    102002.7029850791
730000     -6460.2701754976       129.8937542321      -714.7694419168    102002.7029850791
731000     -6460.2571189006       129.8948121197      -714.7751386516    102002.7029850791
732000     -6460.2498010999       129.8957508595      -714.8938874155    102002.7029850791
733000     -6460.3055787957       129.8908052807      -714.9600053504    102002.7029850791
734000     -6460.3329507562       129.8887519768      -715.0680035269    102002.7029850791
735000     -6460.3619704509       129.8861470885      -715.0006739185    102002.7029850791
736000     -6460.3411082604       129.8887245353      -715.0617783421    102002.7029850791
737000     -6460.3507739371       129.8884850488      -715.0946629878    102002.7029850791
738000     -6460.3207491400       129.8912586353      -715.1430790724    102002.7029850791
739000     -6460.2826359735       129.8956223269      -715.1003860115    102002.7029850791
740000     -6460.2381380919       129.8997611930      -715.2660779585    102002.7029850791
741000     -6460.2570897125       129.8980595833      -715.4075524410    102002.7029850791
742000     -6460.2524444037       129.8985038930      -715.6393507548    102002.7029850791
743000     -6460.3000151988       129.8944146296      -715.7907518487    102002.7029850791
744000     -6460.3258697958       129.8923259770      -715.8350046435    102002.7029850791
745000     -6460.3665345897       129.8886867403      -715.8154921725    102002.7029850791
746000     -6460.3402578299       129.8911889861      -715.8691821788    102002.7029850791
747000     -6460.2977151699       129.8950490709      -715.9240268312    102002.7029850791
748000     -6460.2869995957       129.8958733471      -716.0330626390    102002.7029850790
749000     -6460.3417473819       129.8909612700      -716.1469556534    102002.7029850790
750000     -6460.3659781142       129.8885172026      -716.2099854238    102002.7029850790
751000     -6460.3923941064       129.8860473144      -716.2905790299    102002.7029850790
752000     -6460.3901327144       129.8868144182      -716.2351709666    102002.7029850790
753000     -6460.3863634997       129.8870272157      -716.2364687215    102002.7029850790
754000     -6460.4386964618       129.8818125489      -716.2514088021    102002.7029850790
755000     -6460.4501683629       129.8802168732      -716.2460633126    102002.7029850790
756000     -6460.4994936056       129.8753666376      -716.2799915827    102002.7029850790
757000     -6460.5117994696       129.8742523328      -716.2166220635    102002.7029850790
758000     -6460.5438146988       129.8699150397      -716.1924291690    102002.7029850790
759000     -6460.5623535752       129.8680866352      -716.2467249291    102002.7029850790
760000     -6460.5420907001       129.8705509261      -716.2869949497    102002.7029850790
761000     -6460.4828980998       129.8760523506      -716.3020110072    102002.7029850790
762000     -6460.4707202041       129.8770774041      -716.4402143649    102002.7029850790
763000     -6460.4804404032       129.8766309414      -716.4386323950    102002.7029850790
764000     -6460.4297239597       129.8813839067      -716.4733331338    102002.7029850790
765000     -6460.4241103182       129.8816655147      -716.4001037665    102002.7029850790
766000     -6460.4184933480       129.8827507811      -716.4620904555    102002.7029850790
767000     -6460.4104924018       129.8832442265      -716.5092728210    102002.7029850790
768000     -6460.4443340562       129.8803746054      -716.5568968163    102002.7029850790
769000     -6460.4303664335       129.8818813517      -716.5490643155    102002.7029850790
770000     -6460.3996967192       129.8849715844      -716.5407280807    102002.7029850790
771000     -6460.3474918492       129.8895386954      -716.5118975015    102002.7029850790
772000     -6460.3005407243       129.8932430550      -716.6292985611    102002.7029850790
773000     -6460.2798099860       129.8959433819      -716.6609302942    102002.7029850790
774000     -6460.3010674580       129.8937368256      -716.6816886322    102002.7029850790
775000     -6460.3198629114       129.8924125594      -716.5723636442    102002.7029850790
776000     -6460.3516920562       129.8889409639      -716.4837683823    102002.7029850790
777000     -6460.3429445858       129.8899209911      -716.4975463808    102002.7029850789
778000     -6460.3600452761       129.8880955866      -716.4544444919    102002.7029850789
779000     -6460.4065040738       129.8838528493      -716.4482600045    102002.7029850789
780000     -6460.3971122459       129.8841983250      -716.4847155179    102002.7029850789
781000     -6460.4152800897       129.8826439862      -716.4134259106    102002.7029850789
782000     -6460.4436011880       129.8798079104      -716.3303768195    102002.7029850789
783000     -6460.4362058039       129.8807362079      -716.3463164819    102002.7029850789
784000     -6460.3843630600       129.8855695798      -716.3844259626    102002.7029850789
785000     -6460.3721056559       129.8864649255      -716.4286589501    102002.7029850789
786000     -6460.3533618774       129.8887678252      -716.3797807356    102002.7029850789
787000     -6460.3236261751       129.8919311647      -716.3653755454    102002.7029850789
788000     -6460.2871009814       129.8946588253      -716.4144787185    102002.7029850789
789000     -6460.2539887555       129.8970913810      -716.4554009809    102002.7029850789
790000     -6460.2468995362       129.8978423841      -716.4754070882    102002.7029850789
791000     -6460.2747833524       129.8946441777      -716.3865289882    102002.7029850789
792000     -6460.2385150215       129.8969166582      -716.4626126841    102002.7029850789
793000     -6460.2093605856       129.8991576312      -716.3567429326    102002.7029850789
794000     -6460.2284992080       129.8976605442      -716.2943572228    102002.7029850789
795000     -6460.2112068715       129.8990082721      -716.2645236504    102002.7029850789
796000     -6460.1945391446       129.9006951213      -716.2314199217    102002.7029850789
797000     -6460.1750658347       129.9027311103      -716.2298154864    102002.7029850789
798000     -6460.1972997538       129.9005253316      -716.1356894972    102002.7029850789
799000     -6460.2056188583       129.8994331062      -715.9747398818    102002.7029850789
800000     -6460.2414530206       129.8957741028      -715.9279395887    102002.7029850789
801000     -6460.2689611901       129.8932516007      -715.8505789848    102002.7029850789
802000     -6460.2673833137       129.8931796478      -715.7597220597    102002.7029850789
803000     -6460.2627025929       129.8934100194      -715.6848232910    102002.7029850789
804000     -6460.2335913544       129.8958750340      -715.5527192182    102002.7029850789
805000     -6460.1998668921       129.8990260924      -715.3279249936    102002.7029850789
806000     -6460.1787500405       129.9012689555      -715.2461240268    102002.7029850789
807000     -6460.1325995555       129.9050496165      -715.1704431083    102002.7029850789
808000     -6460.1111878330       129.9073176572      -715.0853508515    102002.7029850789
809000     -6460.0752399831       129.9102223880      -715.0969579164    102002.7029850789
810000     -6460.0767413432       129.9097112844      -715.0458441258    102002.7029850789
811000     -6460.0797205801       129.9094797438      -714.9158478886    102002.7029850789
812000     -6460.0714166666       129.9097659107      -714.8799271180    102002.7029850789
813000     -6460.0561327980       129.9110247659      -714.9442950798    102002.7029850789
814000     -6460.0460597294       129.9126590539      -714.9918646982    102002.7029850789
815000     -6460.0310703950       129.9142558098      -715.0064851439    102002.7029850788
816000     -6460.0629256678       129.9105477303      -715.0165061829    102002.7029850788
817000     -6460.0822158048       129.9087508587      -714.9558074489    102002.7029850788
818000     -6460.0809091723       129.9089635090      -714.8887758377    102002.7029850788
819000     -6460.1039235545       129.9067275664      -715.0048614201    102002.7029850788
820000     -6460.1357355140       129.9038595840      -715.1496742927    102002.7029850788
821000     -6460.1814117345       129.8999871581      -715.1370513583    102002.7029850788
822000     -6460.1381852874       129.9037554845      -715.1406711988    102002.7029850788
823000     -6460.1174021581       129.9050280952      -715.1286216574    102002.7029850788
824000     -6460.0618384403       129.9103781226      -715.0150485910    102002.7029850788
825000     -6460.0451892821       129.9116601637      -714.9927475359    102002.7029850788
826000     -6460.0229973599       129.9130434497      -715.0402171526    102002.7029850788
827000     -6459.9976245125       129.9153612996      -715.0450309283    102002.7029850788
828000     -6459.9945134720       129.9155460040      -715.0027861368    102002.7029850788
829000     -6459.9820146356       129.9165575366      -714.9891080507    102002.7029850788
830000     -6459.9800445493       129.9166107511      -714.9435905990    102002.7029850788
831000     -6459.9880288453       129.9159671363      -715.0551866054    102002.7029850788
832000     -6460.0140613213       129.9137279292      -715.1372995475    102002.7029850788
833000     -6459.9933891158       129.9154638177      -715.2161567817    102002.7029850788
834000     -6459.9822224169       129.9162473468      -715.3318719020    102002.7029850788
835000     -6459.9390352785       129.9200818540      -715.3735808148    102002.7029850788
836000     -6459.9569695625       129.9178062170      -715.4114211763    102002.7029850788
837000     -6459.9672693948       129.9164987053      -715.4803089726    102002.7029850788
838000     -6459.9828327823       129.9142088332      -715.6098337009    102002.7029850788
839000     -6459.9744552850       129.9152624021      -715.6914581965    102002.7029850788
840000     -6459.9742370622       129.9154451162      -715.7537267106    102002.7029850788
841000     -6459.9725400768       129.9155951952      -715.8080678355    102002.7029850788
842000     -6459.9643765532       129.9162901096      -715.9598916365    102002.7029850788
843000     -6459.9550309763       129.9176112143      -716.0974711802    102002.7029850788
844000     -6459.9486753818       129.9180136692      -716.2453694302    102002.7029850788
845000     -6459.9848060215       129.9147914933      -716.4111321529    102002.7029850788
846000     -6459.9876905972       129.9146134196      -716.5054844395    102002.7029850788
847000     -6460.0207802802       129.9114736087      -716.5343266888    102002.7029850788
848000     -6460.0107079381       129.9117855027      -716.6432565791    102002.7029850788
849000     -6460.0302915191       129.9098636353      -716.7848763454    102002.7029850788
850000     -6460.0088290561       129.9122754877      -716.8297326763    102002.7029850788
851000     -6460.0029922964       129.9126309287      -717.0074160013    102002.7029850788
852000     -6460.0057983471       129.9121880605      -717.1112181100    102002.7029850788
853000     -6460.0202151034       129.9110163682      -717.0983921410    102002.7029850788
854000     -6460.0408791517       129.9090944918      -717.1398933268    102002.7029850788
855000     -6460.0729774761       129.9053488751      -717.3089270251    102002.7029850788
856000     -6460.0945360883       129.9041872333      -717.3463260517    102002.7029850788
857000     -6460.0737549112       129.9062911894      -717.5786146888    102002.7029850788
858000     -6460.0468326043       129.9086207530      -717.7333753948    102002.7029850788
859000     -6460.0143506583       129.9122349528      -717.8330985243    102002.7029850788
860000     -6460.0052975355       129.9137153793      -717.9617266419    102002.7029850788
861000     -6459.9945793182       129.9140817031      -718.0668139838    102002.7029850788
862000     -6459.9570495415       129.9175546957      -718.2027523041    102002.7029850788
863000     -6459.9312156294       129.9199433418      -718.2897010335    102002.7029850788
864000     -6459.9426071784       129.9193997990      -718.3480914006    102002.7029850788
865000     -6459.9614564694       129.9179797386      -718.4266163920    102002.7029850788
866000     -6459.9405949264       129.9198249427      -718.5144071380    102002.7029850788
867000     -6459.9242703326       129.9213569869      -718.5590952823    102002.7029850788
868000     -6459.9344847076       129.9209418442      -718.6221211855    102002.7029850788
869000     -6459.9251017880       129.9218284716      -718.6713403073    102002.7029850788
870000     -6459.9274798662       129.9212659742      -718.8287030333    102002.7029850787
871000     -6459.9535874201       129.9192964723      -718.9218593693    102002.7029850787
872000     -6459.9354660764       129.9209137900      -719.0022848991    102002.7029850787
873000     -6459.9076576701       129.9231718320      -719.1697639931    102002.7029850787
874000     -6459.9060756298       129.9237211155      -719.2259763633    102002.7029850787
875000     -6459.8928843048       129.9249195700      -719.2977514278    102002.7029850787
876000     -6459.8795600514       129.9258604158      -719.3638847119    102002.7029850787
877000     -6459.8675484999       129.9274489693      -719.4064316651    102002.7029850787
878000     -6459.8499973617       129.9292736047      -719.5234891102    102002.7029850787
879000     -6459.8211787500       129.9317669385      -719.5954357155    102002.7029850787
880000     -6459.8002860156       129.9338836920      -719.6356549743    102002.7029850787
881000     -6459.8005477687       129.9335987113      -719.8012830183    102002.7029850787
882000     -6459.8274855146       129.9310074864      -719.8616513763    102002.7029850787
883000     -6459.8260755784       129.9316965030      -719.9053477275    102002.7029850787
884000     -6459.8434445546       129.9294267084      -720.0750984596    102002.7029850787
885000     -6459.8497177016       129.9288037737      -720.1813460780    102002.7029850787
886000     -6459.8491867687       129.9291723660      -720.2019229779    102002.7029850787
887000     -6459.8745571119       129.9258056279      -720.3283415345    102002.7029850787
888000     -6459.8666599223       129.9271300812      -720.4220753958    102002.7029850787
889000     -6459.8700810306       129.9267165888      -720.5236685758    102002.7029850787
890000     -6459.8784131564       129.9255751904      -720.6474823961    102002.7029850787
891000     -6459.8579328096       129.9275025238      -720.7400252764    102002.7029850787
892000     -6459.8565142713       129.9276163004      -720.8391443893    102002.7029850787
893000     -6459.8348140761       129.9297476885      -720.9742103480    102002.7029850787
894000     -6459.8221618558       129.9310265918      -721.1383186159    102002.7029850787
895000     -6459.8601256486       129.9273884191      -721.2980251857    102002.7029850787
896000     -6459.8587592186       129.9276611583      -721.4341371251    102002.7029850787
897000     -6459.8537855505       129.9279550572      -721.5608227926    102002.7029850787
898000     -6459.8337449413       129.9299130105      -721.6383319148    102002.7029850787
899000     -6459.8350863050       129.9297787183      -721.7223183675    102002.7029850787
900000     -6459.8719670330       129.9261146921      -721.8104516776    102002.7029850787
901000     -6459.8672978233       129.9269677095      -721.9225857350    102002.7029850787
902000     -6459.8603100338       129.9275032533      -722.0474434614    102002.7029850787
903000     -6459.8316482684       129.9305650625      -722.0778061677    102002.7029850787
904000     -6459.8010689000       129.9333917084      -722.1188574603    102002.7029850787
905000     -6459.7936752128       129.9340553112      -722.2541013951    102002.7029850787
906000     -6459.8168105971       129.9321949678      -722.2806473059    102002.7029850787
907000     -6459.8302959209       129.9307492806      -722.3822459036    102002.7029850787
908000     -6459.8227470536       129.9312741755      -722.4777901675    102002.7029850787
909000     -6459.7828366187       129.9351254066      -722.4468421322    102002.7029850787
910000     -6459.7796062367       129.9352671746      -722.4870340207    102002.7029850787
911000     -6459.7983947444       129.9331476891      -722.6219572318    102002.7029850787
912000     -6459.7730266364       129.9356706109      -722.6779263308    102002.7029850787
913000     -6459.7709073127       129.9360942817      -722.7529452823    102002.7029850787
914000     -6459.7782496002       129.9351127116      -722.7695859970    102002.7029850787
915000     -6459.7831055774       129.9345574478      -722.7031691904    102002.7029850787
916000     -6459.7824364416       129.9343567461      -722.7194443179    102002.7029850787
917000     -6459.7922162319       129.9334569389      -722.6967719628    102002.7029850787
918000     -6459.7922904468       129.9337726218      -722.6685797802    102002.7029850787
919000     -6459.7714718169       129.9354681978      -722.7703299317    102002.7029850787
920000     -6459.7792748322       129.9347610707      -722.7518281549    102002.7029850787
921000     -6459.7821253792       129.9346636954      -722.7219161534    102002.7029850787
922000     -6459.7605370668       129.9367026477      -722.7449320413    102002.7029850787
923000     -6459.7401982172       129.9382116505      -722.8014897798    102002.7029850787
924000     -6459.7635581660       129.9358448915      -722.8908296107    102002.7029850787
925000     -6459.7705617654       129.9356490318      -722.8771504330    102002.7029850787
926000     -6459.7558744986       129.9367268490      -722.9323859901    102002.7029850787
927000     -6459.7136154757       129.9405546262      -722.9582385745    102002.7029850786
928000     -6459.7231251293       129.9399519785      -722.9548709944    102002.7029850786
929000     -6459.7395851631       129.9384211630      -723.0743771689    102002.7029850786
930000     -6459.7522310135       129.9374700349      -723.1844999226    102002.7029850786
931000     -6459.7351695514       129.9394870776      -723.2064311825    102002.7029850786
932000     -6459.7398418390       129.9388136170      -723.2830949834    102002.7029850786
933000     -6459.7512311945       129.9378140714      -723.2794605435    102002.7029850786
934000     -6459.7395743204       129.9389405089      -723.2888647833    102002.7029850786
935000     -6459.7036577474       129.9419823138      -723.4328190916    102002.7029850786
936000     -6459.7213931769       129.9409675330      -723.4480439307    102002.7029850786
937000     -6459.7386087586       129.9395016522      -723.5630946065    102002.7029850786
938000     -6459.7548028792       129.9379652009      -723.6362806044    102002.7029850786
939000     -6459.7567546175       129.9380301940      -723.7565121780    102002.7029850786
940000     -6459.7439911291       129.9394735396      -723.8189779397    102002.7029850786
941000     -6459.7167392306       129.9419405593      -723.9414637238    102002.7029850786
942000     -6459.7101435406       129.9425564233      -724.0433246843    102002.7029850786
943000     -6459.7209413179       129.9418052399      -724.1355008954    102002.7029850786
944000     -6459.7011384300       129.9435695949      -724.2324148391    102002.7029850786
945000     -6459.6939457258       129.9441216065      -724.3558846652    102002.7029850786
946000     -6459.6841521289       129.9452783077      -724.4922867258    102002.7029850786
947000     -6459.6833111592       129.9449701642      -724.6296223851    102002.7029850786
948000     -6459.6699267877       129.9466898775      -724.7855217912    102002.7029850786
949000     -6459.6482496418       129.9488054093      -724.9485282113    102002.7029850786
950000     -6459.6239647665       129.9510805610      -725.0851186322    102002.7029850786
951000     -6459.6048900641       129.9529419817      -725.1282665095    102002.7029850786
952000     -6459.5884928067       129.9544035579      -725.2602375653    102002.7029850786
953000     -6459.5889245424       129.9540672179      -725.3619561097    102002.7029850786
954000     -6459.5999800042       129.9533587130      -725.4081446473    102002.7029850786
955000     -6459.6212417556       129.9513040212      -725.5435427381    102002.7029850786
956000     -6459.5957635557       129.9533812768      -725.7103821357    102002.7029850786
957000     -6459.5856082094       129.9548144257      -725.7842025334    102002.7029850786
958000     -6459.5699964188       129.9561961006      -725.9541514387    102002.7029850786
959000     -6459.5711867351       129.9561538751      -726.0980762043    102002.7029850786
960000     -6459.5956578011       129.9538405975      -726.1469548504    102002.7029850786
961000     -6459.5730963839       129.9559824795      -726.1947511357    102002.7029850786
962000     -6459.5691082361       129.9564192791      -726.2731749748    102002.7029850786
963000     -6459.5503557592       129.9582504847      -726.3196333013    102002.7029850786
964000     -6459.5265469401       129.9601116277      -726.4899519460    102002.7029850786
965000     -6459.5180500838       129.9611101153      -726.6383225419    102002.7029850786
966000     -6459.5187418119       129.9613080048      -726.6932525617    102002.7029850786
967000     -6459.5239178948       129.9600932573      -726.8400372975    102002.7029850786
968000     -6459.5155011852       129.9604428227      -726.8802056082    102002.7029850786
969000     -6459.5128014456       129.9610198349      -726.8907008280    102002.7029850786
970000     -6459.4839056953       129.9637422362      -727.1037354771    102002.7029850786
971000     -6459.4684933617       129.9651433726      -727.2806028255    102002.7029850786
972000     -6459.4943258680       129.9633206089      -727.3452463810    102002.7029850786
973000     -6459.5108504757       129.9617725148      -727.4767230480    102002.7029850786
974000     -6459.4914122507       129.9633818868      -727.5537411796    102002.7029850786
975000     -6459.4828188968       129.9644287792      -727.6276098732    102002.7029850786
976000     -6459.4748343273       129.9653822950      -727.8345982373    102002.7029850786
977000     -6459.4521563665       129.9675499810      -727.9307030013    102002.7029850786
978000     -6459.4368696567       129.9691944422      -728.0407311581    102002.7029850786
979000     -6459.4081926332       129.9715331238      -728.1601281739    102002.7029850786
980000     -6459.4024620635       129.9718624277      -728.1664904415    102002.7029850786
981000     -6459.3904288870       129.9735375403      -728.1708337806    102002.7029850786
982000     -6459.3864272987       129.9738302802      -728.3254408261    102002.7029850786
983000     -6459.3883290673       129.9740048588      -728.4179736541    102002.7029850786
984000     -6459.3846025160       129.9746627551      -728.4471155233    102002.7029850786
985000     -6459.3999019946       129.9727018250      -728.4515735789    102002.7029850786
986000     -6459.4172439055       129.9711015631      -728.4511278949    102002.7029850786
987000     -6459.4242588484       129.9707187877      -728.4581287143    102002.7029850786
988000     -6459.4398518170       129.9693497942      -728.5482802894    102002.7029850786
989000     -6459.4394932993       129.9693532028      -728.6140810101    102002.7029850786
990000     -6459.4456762628       129.9686262166      -728.6929181214    102002.7029850786
991000     -6459.4418462049       129.9690900957      -728.6887554401    102002.7029850786
992000     -6459.4095058925       129.9723394979      -728.7906707400    102002.7029850786
993000     -6459.3977203302       129.9735744314      -728.8396802911    102002.7029850786
994000     -6459.3829531847       129.9748663506      -728.9399240283    102002.7029850786
995000     -6459.3689711158       129.9765376292      -729.0630362069    102002.7029850786
996000     -6459.3672613200       129.9767649942      -729.0893701425    102002.7029850786
997000     -6459.3612042782       129.9770441899      -729.1654838285    102002.7029850786
998000     -6459.3715484146       129.9763921567      -729.2321466682    102002.7029850786
999000     -6459.3997324324       129.9738872173      -729.3413790002    102002.7029850786
1000000     -6459.4174279868       129.9720497802      -729.4173636499    102002.7029850786
