# Time-averaged data for fix runningavgs
# TimeStep v_ra_etotal v_ra_temp v_ra_press v_ra_volume
502000     -8053.9617197031        91.4679439636      -681.3166183495    102002.7029850792
503000     -8055.3718673994        91.3971330072      -675.2841643349    102002.7029850792
504000     -8058.0224098225        91.3930958916      -682.6348849500    102002.7029850792
505000     -8062.0640477111        91.1677721828      -696.5145653403    102002.7029850792
506000     -8063.3744818546        91.0807595335      -694.2198926638    102002.7029850792
507000     -8062.7147322295        91.0943912313      -695.0877665859    102002.7029850792
508000     -8062.2224442947        91.1007776117      -691.4178269429    102002.7029850792
509000     -8062.6796873790        91.0891828741      -693.9056947248    102002.7029850792
510000     -8063.8739170364        91.0390135187      -694.6486901173    102002.7029850792
511000     -8064.2607704558        91.0400444418      -691.8876848999    102002.7029850792
512000     -8064.7679979802        91.0246160447      -691.4274146824    102002.7029850792
513000     -8063.6519655836        91.1080399199      -691.8576776466    102002.7029850792
514000     -8063.1564070634        91.1403459754      -692.3699094528    102002.7029850792
515000     -8064.1458101520        91.0997120051      -692.6192610561    102002.7029850792
516000     -8063.8035088962        91.1019428498      -693.8623545878    102002.7029850792
517000     -8063.4824385701        91.1306746974      -693.6029050806    102002.7029850792
518000     -8063.4998663010        91.1238676852      -692.4579699800    102002.7029850792
519000     -8064.0023408109        91.0911013034      -694.5729327733    102002.7029850792
520000     -8063.6189119848        91.1100799990      -696.3421699750    102002.7029850792
521000     -8063.8308576111        91.0809244976      -696.0864071488    102002.7029850792
522000     -8063.3741108304        91.1177440747      -696.5130191500    102002.7029850792
523000     -8063.3790357290        91.1131376797      -696.6986751206    102002.7029850792
524000     -8063.6505353204        91.1087142062      -697.5152663895    102002.7029850792
525000     -8063.8887973295        91.0751807164      -697.7414169325    102002.7029850792
526000     -8063.8872821328        91.0899182016      -696.7925905722    102002.7029850792
527000     -8063.9963871398        91.1037389196      -697.0979974799    102002.7029850792
528000     -8064.1492028170        91.1127324299      -695.9104018987    102002.7029850792
529000     -8064.2313920763        91.1241061265      -695.4122424354    102002.7029850792
530000     -8064.0486276426        91.1296241481      -696.0901447029    102002.7029850792
531000     -8064.3013874081        91.1250847637      -695.7379004453    102002.7029850792
532000     -8064.5731213945        91.1071302292      -695.1807914700    102002.7029850792
533000     -8064.7701135780        91.1057482607      -694.0289107557    102002.7029850792
534000     -8065.4239773157        91.0803813205      -692.5053391666    102002.7029850792
535000     -8065.5216378831        91.0822070006      -690.6156320788    102002.7029850792
536000     -8065.3901533703        91.0970974028      -690.0149239181    102002.7029850792
537000     -8065.3309758058        91.1065019659      -689.8236495519    102002.7029850792
538000     -8065.5123016795        91.1001634648      -689.5510602876    102002.7029850792
539000     -8065.8619857651        91.0865907379      -689.4756182181    102002.7029850791
540000     -8065.9325367349        91.0775061553      -689.2952439276    102002.7029850791
541000     -8065.9734508754        91.0662809263      -688.8096723649    102002.7029850791
542000     -8065.9428122950        91.0612752485      -687.8614659349    102002.7029850791
543000     -8065.9074019165        91.0499024233      -688.8319184903    102002.7029850791
544000     -8065.6779526329        91.0600754575      -689.3643796311    102002.7029850791
545000     -8065.7623161246        91.0557522448      -689.2505693475    102002.7029850791
546000     -8065.6407111433        91.0644803509      -689.9213956255    102002.7029850791
547000     -8065.7121454192        91.0562054801      -689.4632846989    102002.7029850791
548000     -8065.4910715575        91.0612842822      -689.3072221972    102002.7029850791
549000     -8065.4220565296        91.0692004945      -689.5600762146    102002.7029850791
550000     -8065.4899440862        91.0744320625      -690.3549716064    102002.7029850791
551000     -8065.4480211571        91.0799063120      -691.5865267064    102002.7029850791
552000     -8065.5054686378        91.0762496186      -692.6140990116    102002.7029850791
553000     -8065.2416730392        91.0781267417      -693.6298319747    102002.7029850791
554000     -8065.3271610562        91.0755824817      -692.8413412141    102002.7029850791
555000     -8065.4891917666        91.0686869987      -692.3088837405    102002.7029850791
556000     -8065.5987024343        91.0536188830      -692.4596778748    102002.7029850791
557000     -8065.5587558704        91.0515517405      -693.4509166273    102002.7029850791
558000     -8065.5498467996        91.0519143054      -694.4585765623    102002.7029850791
559000     -8065.6058911427        91.0454432439      -695.7933063694    102002.7029850791
560000     -8065.7154444918        91.0484182929      -695.6388378358    102002.7029850791
561000     -8065.7889877176        91.0428784516      -695.9824784908    102002.7029850791
562000     -8065.8018582451        91.0420317602      -696.3988433510    102002.7029850791
563000     -8065.8328284728        91.0428846968      -695.5699837975    102002.7029850791
564000     -8065.7784147104        91.0453588785      -696.2115801755    102002.7029850791
565000     -8065.8395203959        91.0381529570      -697.1380307924    102002.7029850791
566000     -8065.7725754583        91.0403505229      -697.1791277119    102002.7029850791
567000     -8065.6714031022        91.0433908251      -697.1635199368    102002.7029850791
568000     -8065.5470544988        91.0477188481      -697.5403572261    102002.7029850791
569000     -8065.4718015602        91.0545188790      -697.3379782405    102002.7029850791
570000     -8065.4068228772        91.0604248330      -696.8218401348    102002.7029850791
571000     -8065.6080757882        91.0524519553      -695.8993735278    102002.7029850791
572000     -8065.7578353852        91.0474758385      -695.9529910178    102002.7029850791
573000     -8065.7980975475        91.0410930739      -696.4169476953    102002.7029850791
574000     -8065.8192640091        91.0468798044      -696.4747398002    102002.7029850791
575000     -8065.8151425449        91.0447826773      -696.3616119283    102002.7029850791
576000     -8065.7969166998        91.0515757948      -696.2527431627    102002.7029850791
577000     -8065.7280559471        91.0545637422      -696.9084227346    102002.7029850791
578000     -8065.7504418277        91.0598015368      -697.4948561181    102002.7029850791
579000     -8065.8526386708        91.0562008771      -697.8397871920    102002.7029850791
580000     -8066.0741065882        91.0469883370      -697.6643878160    102002.7029850791
581000     -8066.1914942892        91.0460142122      -698.1660459758    102002.7029850791
582000     -8066.2933572026        91.0445873516      -698.3470632869    102002.7029850791
583000     -8066.5150701689        91.0373095606      -698.3060494853    102002.7029850791
584000     -8066.6440397357        91.0416267541      -698.0234884792    102002.7029850791
585000     -8066.6783911968        91.0435041828      -698.7627930615    102002.7029850791
586000     -8066.8562397141        91.0426280369      -698.8232101136    102002.7029850791
587000     -8066.9721602712        91.0369136126      -698.7352543134    102002.7029850791
588000     -8067.0615444832        91.0363019062      -698.8646690136    102002.7029850791
589000     -8067.1706258906        91.0371688558      -698.6167265283    102002.7029850791
590000     -8067.1419839192        91.0391880837      -698.9238692715    102002.7029850791
591000     -8067.3313856349        91.0327122949      -699.4266968312    102002.7029850792
592000     -8067.3973273348        91.0314855332      -699.7468720067    102002.7029850792
593000     -8067.5064897747        91.0296972336      -699.9197024711    102002.7029850792
594000     -8067.5278224186        91.0341839467      -700.2349629427    102002.7029850792
595000     -8067.5983760723        91.0372186537      -700.9444176087    102002.7029850792
596000     -8067.6387353002        91.0419237315      -700.9507924992    102002.7029850792
597000     -8067.7613026239        91.0441699812      -700.4141021255    102002.7029850792
598000     -8067.7645106106        91.0445461212      -700.6389642759    102002.7029850792
599000     -8067.9286856515        91.0406078837      -701.0879941513    102002.7029850792
600000     -8068.0600479863        91.0347943331      -701.0365326652    102002.7029850792
601000     -8068.1831132265        91.0308761183      -700.4790853086    102002.7029850792
602000     -8068.1968957638        91.0250576240      -700.7238092232    102002.7029850792
603000     -8068.1986726473        91.0262710476      -700.7573700180    102002.7029850792
604000     -8068.1648157017        91.0317981313      -700.4484649484    102002.7029850793
605000     -8068.2068792706        91.0293054480      -700.6167614825    102002.7029850793
606000     -8068.1769991665        91.0262617357      -700.4020043500    102002.7029850793
607000     -8068.1264022369        91.0310106468      -700.2868020285    102002.7029850793
608000     -8068.1412239543        91.0269742202      -700.2880010976    102002.7029850793
609000     -8068.0900866241        91.0260951119      -700.1357483241    102002.7029850793
610000     -8068.1354981523        91.0201134207      -699.8297061953    102002.7029850793
611000     -8068.1161435589        91.0218837248      -699.6733074478    102002.7029850793
612000     -8068.1159081893        91.0243628363      -699.8291383168    102002.7029850793
613000     -8068.0855953394        91.0307765779      -699.6871198460    102002.7029850793
614000     -8068.1247329564        91.0303090964      -699.6597009246    102002.7029850793
615000     -8068.1722901822        91.0268618737      -699.5011397020    102002.7029850793
616000     -8068.1695385770        91.0276875232      -699.5091181657    102002.7029850793
617000     -8068.1881401387        91.0266426669      -699.5525578600    102002.7029850793
618000     -8068.1309041172        91.0276391992      -699.5277482535    102002.7029850793
619000     -8068.1840991473        91.0270743413      -699.3436931334    102002.7029850793
620000     -8068.2527152404        91.0223394609      -699.3411839803    102002.7029850793
621000     -8068.2983057005        91.0217799170      -699.2185938489    102002.7029850793
622000     -8068.3673677901        91.0179340623      -699.4093295100    102002.7029850794
623000     -8068.3978349718        91.0174673877      -699.6937926781    102002.7029850794
624000     -8068.4459084195        91.0192547427      -699.7097996214    102002.7029850794
625000     -8068.4453013254        91.0167070583      -699.9884900876    102002.7029850794
626000     -8068.4697250010        91.0172455902      -700.5641626888    102002.7029850794
627000     -8068.4267612270        91.0226604940      -700.9431175340    102002.7029850794
628000     -8068.4148852919        91.0236869309      -701.0625167651    102002.7029850794
629000     -8068.4663810420        91.0217752057      -701.1921157591    102002.7029850794
630000     -8068.4964066524        91.0237653229      -701.3535266404    102002.7029850794
631000     -8068.6185792570        91.0159027946      -701.3244208849    102002.7029850794
632000     -8068.6477751862        91.0179339043      -701.0910369582    102002.7029850794
633000     -8068.6483811950        91.0176193367      -701.1674501819    102002.7029850794
634000     -8068.6615398244        91.0169975249      -700.9344423256    102002.7029850794
635000     -8068.7052932343        91.0135689994      -701.1806263880    102002.7029850794
636000     -8068.6810969813        91.0137847938      -701.6644963283    102002.7029850794
637000     -8068.5791069439        91.0175295918      -701.8921101853    102002.7029850794
638000     -8068.4612474185        91.0226928543      -701.7374710358    102002.7029850794
639000     -8068.4747571775        91.0227882059      -701.4899963002    102002.7029850794
640000     -8068.4412115295        91.0231769904      -701.5251153466    102002.7029850794
641000     -8068.5085039856        91.0196778346      -701.3659012912    102002.7029850794
642000     -8068.4608810492        91.0218444659      -701.2810659788    102002.7029850794
643000     -8068.5010008804        91.0191155096      -700.8121167398    102002.7029850794
644000     -8068.5362795597        91.0155412333      -700.7379532267    102002.7029850794
645000     -8068.5177626804        91.0179400257      -700.6336970268    102002.7029850794
646000     -8068.5207570750        91.0185425911      -700.5077529313    102002.7029850795
647000     -8068.5149778239        91.0197135252      -700.5670040454    102002.7029850795
648000     -8068.5092845681        91.0209965629      -700.4456900102    102002.7029850795
649000     -8068.5526193578        91.0177081370      -700.1965251277    102002.7029850795
650000     -8068.6052259490        91.0167241358      -699.8980058000    102002.7029850795
651000     -8068.6119325560        91.0161153242      -700.0102415863    102002.7029850795
652000     -8068.6596967884        91.0163588472      -699.9456856136    102002.7029850795
653000     -8068.7382686676        91.0143110202      -699.8116395422    102002.7029850795
654000     -8068.7960723608        91.0132975938      -699.7809198236    102002.7029850795
655000     -8068.8218869561        91.0106121284      -699.8290297928    102002.7029850795
656000     -8068.8220438502        91.0110824920      -700.3043077561    102002.7029850795
657000     -8068.8662753141        91.0104837603      -700.5384791207    102002.7029850795
658000     -8068.8468968696        91.0140513354      -700.7171152670    102002.7029850795
659000     -8068.8461542146        91.0153473454      -700.6847660812    102002.7029850795
660000     -8068.8682181682        91.0143354610      -700.4960373954    102002.7029850795
661000     -8068.8799405626        91.0146846486      -700.7769985550    102002.7029850795
662000     -8068.9567731269        91.0110566618      -700.8580593114    102002.7029850795
663000     -8068.9948786121        91.0115288023      -700.9959145758    102002.7029850795
664000     -8068.9975735780        91.0134021848      -701.2320292715    102002.7029850795
665000     -8069.0505702701        91.0126065482      -701.4377034828    102002.7029850795
666000     -8069.1717675964        91.0075958218      -701.3827364688    102002.7029850795
667000     -8069.2374415260        91.0052384654      -701.3141234390    102002.7029850795
668000     -8069.2712666296        91.0060695790      -701.1274880449    102002.7029850795
669000     -8069.2831689866        91.0071845005      -701.1013469772    102002.7029850795
670000     -8069.2505699943        91.0123474947      -700.9605751823    102002.7029850795
671000     -8069.2736830248        91.0116661198      -700.9121657577    102002.7029850795
672000     -8069.2623833347        91.0106031540      -701.0932739451    102002.7029850795
673000     -8069.2825880641        91.0098335386      -701.2056769242    102002.7029850795
674000     -8069.3288817955        91.0080957065      -701.0686431733    102002.7029850794
675000     -8069.3664992969        91.0080137982      -701.1384061437    102002.7029850794
676000     -8069.3734523658        91.0079102024      -701.2893054185    102002.7029850794
677000     -8069.3870751526        91.0098238275      -701.4606986907    102002.7029850794
678000     -8069.3594093129        91.0131647472      -701.4443997994    102002.7029850794
679000     -8069.4280314704        91.0095089120      -701.2987672252    102002.7029850794
680000     -8069.4730507979        91.0080192139      -701.1791382755    102002.7029850794
681000     -8069.4554039944        91.0117932553      -701.0250128002    102002.7029850794
682000     -8069.3906986631        91.0140495337      -700.8566794884    102002.7029850794
683000     -8069.3607407792        91.0140688935      -700.8685727396    102002.7029850794
684000     -8069.3839155047        91.0123558583      -700.7692427444    102002.7029850794
685000     -8069.3834361519        91.0131026830      -700.8218249600    102002.7029850794
686000     -8069.4020202476        91.0130169990      -700.7319821115    102002.7029850794
687000     -8069.3915078688        91.0144726536      -700.4565653170    102002.7029850794
688000     -8069.4228057959        91.0118441427      -700.3269556644    102002.7029850793
689000     -8069.3586587757        91.0152948731      -700.1852144110    102002.7029850793
690000     -8069.3097140091        91.0178082697      -700.2950752593    102002.7029850793
691000     -8069.2455690484        91.0211188210      -700.2968105116    102002.7029850793
692000     -8069.2041947844        91.0208869558      -700.3016492323    102002.7029850793
693000     -8069.2039094701        91.0195168622      -700.2036705490    102002.7029850793
694000     -8069.1249711952        91.0218606362      -700.0918620513    102002.7029850793
695000     -8069.0594660460        91.0262141894      -700.0430523142    102002.7029850793
696000     -8069.0764943451        91.0276946884      -699.8904989598    102002.7029850793
697000     -8069.0761616953        91.0303384261      -699.9154384858    102002.7029850793
698000     -8069.0674090493        91.0316502767      -700.0262042123    102002.7029850793
699000     -8069.0528811296        91.0337277193      -699.9707290789    102002.7029850793
700000     -8069.0344883647        91.0342372689      -699.8731663020    102002.7029850793
701000     -8068.9935830141        91.0369434045      -699.7814241801    102002.7029850793
702000     -8068.9732976964        91.0377464765      -699.6971683601    102002.7029850793
703000     -8068.9505856582        91.0383850278      -699.6453003885    102002.7029850793
704000     -8068.9551127078        91.0400631267      -699.6298008251    102002.7029850792
705000     -8068.9410495808        91.0426666776      -699.5224614114    102002.7029850792
706000     -8068.9689740626        91.0427378423      -699.6222939695    102002.7029850792
707000     -8068.9885034111        91.0426216796      -699.5727031801    102002.7029850792
708000     -8068.9891503624        91.0442450902      -699.6188183651    102002.7029850792
709000     -8069.0238113335        91.0452276312      -699.6981627573    102002.7029850792
710000     -8069.0442985270        91.0474267628      -699.5625500866    102002.7029850792
711000     -8069.0840964226        91.0464135185      -699.6233252954    102002.7029850792
712000     -8069.0852559815        91.0475841482      -699.8662209662    102002.7029850792
713000     -8069.1421542390        91.0454348681      -699.6867328850    102002.7029850792
714000     -8069.1354621697        91.0467660174      -699.7113859307    102002.7029850792
715000     -8069.0978506557        91.0492333675      -699.7782399692    102002.7029850792
716000     -8069.1091998837        91.0485031741      -699.7846437565    102002.7029850792
717000     -8069.1060757847        91.0478517164      -699.9697164219    102002.7029850792
718000     -8069.1046082734        91.0511416802      -700.0990732121    102002.7029850792
719000     -8069.1476841047        91.0487016403      -700.3889032601    102002.7029850792
720000     -8069.1769259780        91.0470446754      -700.5173880559    102002.7029850792
721000     -8069.2163635169        91.0455622344      -700.6109083725    102002.7029850792
722000     -8069.2926672095        91.0419293401      -700.4032915172    102002.7029850792
723000     -8069.3122239869        91.0409679906      -700.3857247496    102002.7029850792
724000     -8069.2923898053        91.0423547585      -700.4586357622    102002.7029850791
725000     -8069.2438398699        91.0445373861      -700.9444677063    102002.7029850791
726000     -8069.2259016831        91.0442970493      -701.3146263100    102002.7029850791
727000     -8069.2109042848        91.0455670509      -701.3573964903    102002.7029850791
728000     -8069.1984579327        91.0467526826      -701.3734299643    102002.7029850791
729000     -8069.1988783496        91.0466316953      -701.2151179864    102002.7029850791
730000     -8069.1823515055        91.0474344021      -701.1499801253    102002.7029850791
731000     -8069.1750737268        91.0470732279      -701.1329299352    102002.7029850791
732000     -8069.2125239099        91.0459075026      -701.3442825296    102002.7029850791
733000     -8069.2578573589        91.0448322456      -701.5111436374    102002.7029850791
734000     -8069.2630906347        91.0446340403      -701.3758529841    102002.7029850791
735000     -8069.3408372928        91.0428351875      -701.1406633284    102002.7029850791
736000     -8069.3755228414        91.0421640997      -701.1405472335    102002.7029850791
737000     -8069.4094685552        91.0425936611      -701.0218437722    102002.7029850791
738000     -8069.4206534087        91.0446743981      -700.9060953852    102002.7029850791
739000     -8069.4559660636        91.0444741297      -700.9641582772    102002.7029850791
740000     -8069.4494595747        91.0470073355      -701.0379854343    102002.7029850791
741000     -8069.4182724555        91.0482145751      -701.1113513094    102002.7029850791
742000     -8069.4578494311        91.0471308646      -701.2156973312    102002.7029850791
743000     -8069.4680895831        91.0472094135      -701.3028568520    102002.7029850791
744000     -8069.5052033845        91.0473025713      -701.1675433981    102002.7029850791
745000     -8069.5045721512        91.0488854880      -701.2545361083    102002.7029850791
746000     -8069.5321534044        91.0488073251      -701.4231480274    102002.7029850791
747000     -8069.5703464249        91.0476835229      -701.5364769175    102002.7029850791
748000     -8069.5861438844        91.0483572330      -701.3737879945    102002.7029850790
749000     -8069.5531402882        91.0511473373      -701.2821497958    102002.7029850790
750000     -8069.5628016953        91.0516674363      -701.3623113704    102002.7029850790
751000     -8069.6321543506        91.0504156961      -701.2779732386    102002.7029850790
752000     -8069.6863111739        91.0477328849      -701.1521686421    102002.7029850790
753000     -8069.7262697296        91.0487137515      -701.1869060595    102002.7029850790
754000     -8069.7416327525        91.0490007473      -701.2440787991    102002.7029850790
755000     -8069.7972822514        91.0481659607      -700.9806245066    102002.7029850790
756000     -8069.7882057564        91.0511566833      -700.7268371921    102002.7029850790
757000     -8069.8034782088        91.0516656417      -700.4733822170    102002.7029850790
758000     -8069.8447387424        91.0494327208      -700.4352570336    102002.7029850790
759000     -8069.8758119185        91.0489603999      -700.4459063087    102002.7029850790
760000     -8069.8681832927        91.0519867754      -700.4978096131    102002.7029850790
761000     -8069.9195200888        91.0500126541      -700.4382916467    102002.7029850790
762000     -8069.9523512540        91.0482326331      -700.3440465538    102002.7029850790
763000     -8069.9388406667        91.0499596372      -700.2571610746    102002.7029850790
764000     -8069.9608751103        91.0492541518      -700.0638043312    102002.7029850790
765000     -8069.9731397938        91.0486474220      -699.8851526922    102002.7029850790
766000     -8069.9595841776        91.0502552291      -700.1061130357    102002.7029850790
767000     -8069.9535210623        91.0516062393      -700.3076625025    102002.7029850790
768000     -8069.9222321496        91.0522542456      -700.4142361875    102002.7029850790
769000     -8069.9373587507        91.0520709976      -700.3648483665    102002.7029850790
770000     -8069.9442347293        91.0510370435      -700.3346038316    102002.7029850790
771000     -8069.9605374160        91.0495139957      -700.2409859971    102002.7029850790
772000     -8069.9875197227        91.0485054982      -700.0862510643    102002.7029850790
773000     -8069.9880294388        91.0472426812      -700.1067111820    102002.7029850790
774000     -8070.0046321469        91.0457182560      -700.0890538197    102002.7029850790
775000     -8070.0103027777        91.0464915620      -700.0942031760    102002.7029850790
776000     -8070.0233179325        91.0465949505      -700.0844788839    102002.7029850790
777000     -8070.0223553434        91.0460690632      -700.1828938172    102002.7029850789
778000     -8070.0458887227        91.0443483363      -700.3304730208    102002.7029850789
779000     -8070.0568109269        91.0431771548      -700.3351795550    102002.7029850789
780000     -8070.0487887545        91.0419926138      -700.3958290870    102002.7029850789
781000     -8070.0521878116        91.0414216946      -700.3170936447    102002.7029850789
782000     -8070.0436775071        91.0400082041      -700.3096084344    102002.7029850789
783000     -8070.0199561255        91.0408283404      -700.2511230376    102002.7029850789
784000     -8069.9757549801        91.0425927098      -700.2354412945    102002.7029850789
785000     -8069.9657131068        91.0427593893      -700.2144327630    102002.7029850789
786000     -8069.9660326813        91.0410624032      -700.1110698065    102002.7029850789
787000     -8069.9390882274        91.0431234182      -700.0346450017    102002.7029850789
788000     -8069.9156518978        91.0438413979      -700.0186623766    102002.7029850789
789000     -8069.9127130635        91.0431958535      -699.9830350724    102002.7029850789
790000     -8069.9421020475        91.0417496828      -700.1581419682    102002.7029850789
791000     -8069.9350163514        91.0402961237      -700.2524901633    102002.7029850789
792000     -8069.9273231933        91.0395104609      -700.2067736634    102002.7029850789
793000     -8069.9031806321        91.0406921413      -700.0317352275    102002.7029850789
794000     -8069.8793148000        91.0418478776      -700.0103479204    102002.7029850789
795000     -8069.8614126206        91.0418004064      -700.0095201103    102002.7029850789
796000     -8069.8642385619        91.0408634653      -699.8828248938    102002.7029850789
797000     -8069.8746775776        91.0400429872      -699.8449569722    102002.7029850789
798000     -8069.8800149675        91.0389566729      -699.9090354618    102002.7029850789
799000     -8069.8744931132        91.0388452147      -700.0514024178    102002.7029850789
800000     -8069.8737273757        91.0390124596      -700.0987897758    102002.7029850789
801000     -8069.8586275656        91.0413591707      -700.1491610819    102002.7029850789
802000     -8069.8344703480        91.0401925998      -700.2347360499    102002.7029850789
803000     -8069.8230468153        91.0387531725      -700.3272752843    102002.7029850789
804000     -8069.7793742419        91.0403097025      -700.4184600826    102002.7029850789
805000     -8069.7825931123        91.0394534270      -700.2493393465    102002.7029850789
806000     -8069.7690820076        91.0395675549      -700.1377123696    102002.7029850789
807000     -8069.7590098642        91.0401419054      -700.2439324302    102002.7029850789
808000     -8069.7794534664        91.0380259243      -700.3358618469    102002.7029850789
809000     -8069.7411632740        91.0389078450      -700.2992463897    102002.7029850789
810000     -8069.6832423015        91.0416403180      -700.2496950026    102002.7029850789
811000     -8069.6817054315        91.0413622620      -700.2332312895    102002.7029850789
812000     -8069.6627584731        91.0411364601      -700.2572266333    102002.7029850789
813000     -8069.6401556047        91.0408550997      -700.3950257665    102002.7029850789
814000     -8069.6272613854        91.0421686559      -700.4035368624    102002.7029850789
815000     -8069.6393961857        91.0407090066      -700.4518104425    102002.7029850788
816000     -8069.6451224737        91.0392481126      -700.3859528474    102002.7029850788
817000     -8069.6404538150        91.0403216961      -700.3441260641    102002.7029850788
818000     -8069.6230099634        91.0411899345      -700.3264326442    102002.7029850788
819000     -8069.6275398912        91.0415638091      -700.2892156337    102002.7029850788
820000     -8069.5971822075        91.0440897489      -700.3216787737    102002.7029850788
821000     -8069.5870563699        91.0440807826      -700.4290902282    102002.7029850788
822000     -8069.6203403695        91.0420464469      -700.4924706474    102002.7029850788
823000     -8069.5812026875        91.0440810519      -700.4603105121    102002.7029850788
824000     -8069.5921734769        91.0441012138      -700.4383006633    102002.7029850788
825000     -8069.6118731591        91.0434216970      -700.3578885629    102002.7029850788
826000     -8069.5837376018        91.0438611286      -700.4402766242    102002.7029850788
827000     -8069.5737217190        91.0443346991      -700.4899086351    102002.7029850788
828000     -8069.5829302619        91.0433076484      -700.5965294198    102002.7029850788
829000     -8069.5901824297        91.0428513084      -700.6347893415    102002.7029850788
830000     -8069.5948156980        91.0417452698      -700.7663083261    102002.7029850788
831000     -8069.5915674716        91.0414569448      -700.8354738116    102002.7029850788
832000     -8069.5834140843        91.0417630955      -700.8462614330    102002.7029850788
833000     -8069.6055229396        91.0410746202      -700.8690480594    102002.7029850788
834000     -8069.6023091447        91.0413980897      -700.9580515795    102002.7029850788
835000     -8069.5821259396        91.0426046046      -700.9343210254    102002.7029850788
836000     -8069.6335476232        91.0398264245      -700.8910717740    102002.7029850788
837000     -8069.6166494241        91.0400401355      -701.0034358203    102002.7029850788
838000     -8069.6283560723        91.0389792208      -700.9918830908    102002.7029850788
839000     -8069.6257410761        91.0381001344      -701.0453326499    102002.7029850788
840000     -8069.6599573699        91.0361737043      -700.8654533696    102002.7029850788
841000     -8069.6539197527        91.0367465483      -700.8254543365    102002.7029850788
842000     -8069.6595878502        91.0358945243      -700.9173236760    102002.7029850788
843000     -8069.6695649684        91.0354416344      -700.9131537160    102002.7029850788
844000     -8069.7080619133        91.0349808065      -700.8274201529    102002.7029850788
845000     -8069.7146401186        91.0353744895      -700.8753408587    102002.7029850788
846000     -8069.6986841031        91.0373455710      -700.8691884689    102002.7029850788
847000     -8069.7087973084        91.0375264035      -700.9360204402    102002.7029850788
848000     -8069.7357638937        91.0370114310      -700.9411926290    102002.7029850788
849000     -8069.7537589089        91.0372666458      -700.8908070232    102002.7029850788
850000     -8069.7614851543        91.0369942826      -700.8461314642    102002.7029850788
851000     -8069.7338730110        91.0398721128      -700.7821800977    102002.7029850788
852000     -8069.7285697870        91.0408633210      -700.7088011264    102002.7029850788
853000     -8069.7464810680        91.0400778008      -700.7717409915    102002.7029850788
854000     -8069.7639936285        91.0398374944      -700.8180816449    102002.7029850788
855000     -8069.7674363352        91.0395466443      -700.8337791073    102002.7029850788
856000     -8069.7691791172        91.0401072836      -700.8620125500    102002.7029850788
857000     -8069.7975399891        91.0391921067      -700.8316168460    102002.7029850788
858000     -8069.7868588531        91.0408864705      -700.6796015672    102002.7029850788
859000     -8069.7791554240        91.0410169294      -700.5858788988    102002.7029850788
860000     -8069.7758268956        91.0417145153      -700.4714713109    102002.7029850788
861000     -8069.7790733424        91.0415536097      -700.3547720858    102002.7029850788
862000     -8069.7845312819        91.0413351636      -700.4286925852    102002.7029850788
863000     -8069.7659016007        91.0420004318      -700.5141742586    102002.7029850788
864000     -8069.7995481207        91.0400647755      -700.5375131038    102002.7029850788
865000     -8069.8118712852        91.0391402201      -700.6723370169    102002.7029850788
866000     -8069.8163352979        91.0402151130      -700.5914669451    102002.7029850788
867000     -8069.8062897464        91.0416276124      -700.5177514354    102002.7029850788
868000     -8069.8228211503        91.0418903287      -700.4504307122    102002.7029850788
869000     -8069.8220069508        91.0434470996      -700.4686649203    102002.7029850788
870000     -8069.8370110524        91.0423738182      -700.4774796186    102002.7029850787
871000     -8069.8689586267        91.0410610523      -700.5773079318    102002.7029850787
872000     -8069.8694827747        91.0419083348      -700.5431258760    102002.7029850787
873000     -8069.8851600218        91.0411562114      -700.4667575596    102002.7029850787
874000     -8069.9163081670        91.0399471178      -700.2523594235    102002.7029850787
875000     -8069.9114352076        91.0410179370      -700.1565282453    102002.7029850787
876000     -8069.9039380514        91.0417396539      -700.2716891842    102002.7029850787
877000     -8069.9085721552        91.0414267632      -700.3059041613    102002.7029850787
878000     -8069.9221887261        91.0424248755      -700.0924981287    102002.7029850787
879000     -8069.9351696010        91.0424362701      -700.0882937774    102002.7029850787
880000     -8069.9512038127        91.0426398534      -700.0980398355    102002.7029850787
881000     -8069.9703770000        91.0418157587      -700.1610471050    102002.7029850787
882000     -8070.0076924174        91.0399130826      -700.2488435788    102002.7029850787
883000     -8070.0468350667        91.0384189203      -700.2950508792    102002.7029850787
884000     -8070.0339119825        91.0392361610      -700.3624160359    102002.7029850787
885000     -8070.0357555064        91.0392683491      -700.3664421979    102002.7029850787
886000     -8070.0798305073        91.0366893902      -700.3252793062    102002.7029850787
887000     -8070.0686355814        91.0378680953      -700.2722622935    102002.7029850787
888000     -8070.0743743796        91.0377329156      -700.2288440279    102002.7029850787
889000     -8070.0490621036        91.0386394755      -700.2948915246    102002.7029850787
890000     -8070.0702328153        91.0368487588      -700.3365926080    102002.7029850787
891000     -8070.0830937251        91.0362518589      -700.3369034060    102002.7029850787
892000     -8070.0987925767        91.0348977306      -700.2697298458    102002.7029850787
893000     -8070.0987389631        91.0349742992      -700.1624294980    102002.7029850787
894000     -8070.1386700252        91.0337449501      -700.0726189921    102002.7029850787
895000     -8070.1470100268        91.0340788862      -699.9291893504    102002.7029850787
896000     -8070.1467859776        91.0352983396      -699.9612602233    102002.7029850787
897000     -8070.1857928398        91.0339681339      -700.1019878078    102002.7029850787
898000     -8070.2117385569        91.0336126416      -700.2558861245    102002.7029850787
899000     -8070.2598291509        91.0322934073      -700.3049923271    102002.7029850787
900000     -8070.2846787112        91.0329028282      -700.2728841659    102002.7029850787
901000     -8070.2967314216        91.0340311285      -700.3178105669    102002.7029850787
902000     -8070.3123667941        91.0345017873      -700.3245784460    102002.7029850787
903000     -8070.3432848124        91.0343314613      -700.1798829442    102002.7029850787
904000     -8070.3590454762        91.0345579972      -700.1916235962    102002.7029850787
905000     -8070.3874100840        91.0347087001      -700.2777619939    102002.7029850787
906000     -8070.4155045520        91.0350975982      -700.3587264366    102002.7029850787
907000     -8070.4508339382        91.0344094657      -700.5189487021    102002.7029850787
908000     -8070.4712962566        91.0349031645      -700.4817031349    102002.7029850787
909000     -8070.4789064718        91.0363327556      -700.5101770215    102002.7029850787
910000     -8070.4714182029        91.0376429835      -700.5437729788    102002.7029850787
911000     -8070.4912725762        91.0365114675      -700.6104953459    102002.7029850787
912000     -8070.5021096269        91.0371722035      -700.5051560657    102002.7029850787
913000     -8070.4909505503        91.0370981535      -700.6161104497    102002.7029850787
914000     -8070.5052859690        91.0374061125      -700.6285200742    102002.7029850787
915000     -8070.5204000294        91.0372339822      -700.5805679178    102002.7029850787
916000     -8070.5445549587        91.0368576135      -700.5182011990    102002.7029850787
917000     -8070.5346133456        91.0386748713      -700.6318916186    102002.7029850787
918000     -8070.5562111477        91.0389356744      -700.7318789192    102002.7029850787
919000     -8070.5705937345        91.0391806662      -700.7215344658    102002.7029850787
920000     -8070.5547548343        91.0416397423      -700.6915822843    102002.7029850787
921000     -8070.5705350121        91.0414580120      -700.7026073075    102002.7029850787
922000     -8070.6174230100        91.0403834699      -700.5420205224    102002.7029850787
923000     -8070.6266257114        91.0403400976      -700.6163077306    102002.7029850787
924000     -8070.6405190883        91.0413244525      -700.6649370359    102002.7029850787
925000     -8070.6659157939        91.0414864954      -700.6272070185    102002.7029850787
926000     -8070.7101355720        91.0408425193      -700.5464358057    102002.7029850787
927000     -8070.7173612095        91.0407406104      -700.5733334374    102002.7029850786
928000     -8070.7490753187        91.0401346800      -700.5483363646    102002.7029850786
929000     -8070.7664802652        91.0403806756      -700.5834758767    102002.7029850786
930000     -8070.8106227823        91.0391513749      -700.7065131079    102002.7029850786
931000     -8070.8592013223        91.0374506351      -700.7351027791    102002.7029850786
932000     -8070.9066121840        91.0366343053      -700.6524666862    102002.7029850786
933000     -8070.9494860729        91.0348902690      -700.6407859553    102002.7029850786
934000     -8070.9799483360        91.0336633298      -700.5840260233    102002.7029850786
935000     -8071.0342685240        91.0321700504      -700.5895912047    102002.7029850786
936000     -8071.0468455746        91.0323964715      -700.5198559252    102002.7029850786
937000     -8071.0788680650        91.0319338104      -700.5183023521    102002.7029850786
938000     -8071.1251010198        91.0300872878      -700.6858420921    102002.7029850786
939000     -8071.1533671842        91.0297513380      -700.7467770922    102002.7029850786
940000     -8071.1593309224        91.0297806267      -700.6889309715    102002.7029850786
941000     -8071.1621446886        91.0306663425      -700.6458270766    102002.7029850786
942000     -8071.1724712926        91.0310914218      -700.4680955950    102002.7029850786
943000     -8071.1768553596        91.0313240530      -700.3598977158    102002.7029850786
944000     -8071.1881223905        91.0310735211      -700.3294776933    102002.7029850786
945000     -8071.2119751139        91.0289439785      -700.3839852754    102002.7029850786
946000     -8071.2399024504        91.0283329033      -700.4137942660    102002.7029850786
947000     -8071.2412905423        91.0293845724      -700.3775602414    102002.7029850786
948000     -8071.2518414360        91.0295680733      -700.3568768513    102002.7029850786
949000     -8071.2452132478        91.0305024306      -700.3607410391    102002.7029850786
950000     -8071.2566259473        91.0304731600      -700.3092674882    102002.7029850786
951000     -8071.2758991579        91.0293675438      -700.3837477650    102002.7029850786
952000     -8071.2641069740        91.0299288346      -700.4352009597    102002.7029850786
953000     -8071.2554536996        91.0299343433      -700.3971942141    102002.7029850786
954000     -8071.2423164667        91.0313877113      -700.3389438466    102002.7029850786
955000     -8071.2363133611        91.0314222038      -700.3439776650    102002.7029850786
956000     -8071.2450209232        91.0312036206      -700.3553201222    102002.7029850786
957000     -8071.2584315529        91.0312003716      -700.3907274093    102002.7029850786
958000     -8071.2850448890        91.0294845364      -700.6563014737    102002.7029850786
959000     -8071.3004269917        91.0293867190      -700.6777763483    102002.7029850786
960000     -8071.3128284585        91.0289773595      -700.6301299185    102002.7029850786
961000     -8071.3397001072        91.0280607724      -700.5390998332    102002.7029850786
962000     -8071.3365256394        91.0282613582      -700.5297054411    102002.7029850786
963000     -8071.3609823508        91.0266073338      -700.4393457007    102002.7029850786
964000     -8071.3802180926        91.0259526807      -700.4042621844    102002.7029850786
965000     -8071.3760750063        91.0266169322      -700.5312911249    102002.7029850786
966000     -8071.3593476725        91.0279224835      -700.6194876589    102002.7029850786
967000     -8071.3762348121        91.0273399283      -700.5631886505    102002.7029850786
968000     -8071.3943800316        91.0262562377      -700.5334382152    102002.7029850786
969000     -8071.4053229343        91.0264116378      -700.4716529522    102002.7029850786
970000     -8071.4027637582        91.0268105153      -700.4496295987    102002.7029850786
971000     -8071.3979309315        91.0283242576      -700.4655832978    102002.7029850786
972000     -8071.4100802346        91.0285660286      -700.5159926819    102002.7029850786
973000     -8071.4203300587        91.0285610264      -700.5604324144    102002.7029850786
974000     -8071.4368201495        91.0271255223      -700.5585477242    102002.7029850786
975000     -8071.4504013337        91.0263921976      -700.5269103334    102002.7029850786
976000     -8071.4548790017        91.0278364834      -700.4759823408    102002.7029850786
977000     -8071.4555543008        91.0278073901      -700.4397902702    102002.7029850786
978000     -8071.4833819527        91.0271633988      -700.3695943015    102002.7029850786
979000     -8071.5169206011        91.0260289548      -700.2794727656    102002.7029850786
980000     -8071.5391063218        91.0251774534      -700.3075211468    102002.7029850786
981000     -8071.5645114797        91.0250311108      -700.3079785979    102002.7029850786
982000     -8071.5729995226        91.0241369573      -700.2428647284    102002.7029850786
983000     -8071.5936726568        91.0236370912      -700.1597435461    102002.7029850786
984000     -8071.5973903102        91.0237670311      -700.1804289060    102002.7029850786
985000     -8071.6426498553        91.0223645023      -700.0804226694    102002.7029850786
986000     -8071.6572366539        91.0227275479      -700.0189566358    102002.7029850786
987000     -8071.6663702513        91.0236356739      -699.9474517522    102002.7029850786
988000     -8071.6779912454        91.0244233746      -699.8519424695    102002.7029850786
989000     -8071.7250064255        91.0220858392      -699.8753719134    102002.7029850786
990000     -8071.7543520464        91.0209336785      -699.8318774899    102002.7029850786
991000     -8071.7537110835        91.0214799384      -699.8305525689    102002.7029850786
992000     -8071.7707365894        91.0222845955      -699.7773426593    102002.7029850786
993000     -8071.7736689444        91.0223104846      -699.8120198209    102002.7029850786
994000     -8071.7873578803        91.0217803264      -699.7545074758    102002.7029850786
995000     -8071.8131580678        91.0212596719      -699.7419722968    102002.7029850786
996000     -8071.8254589002        91.0210281917      -699.7346081781    102002.7029850786
997000     -8071.8511298151        91.0204773285      -699.7566081734    102002.7029850786
998000     -8071.8602921086        91.0209945714      -699.7878579622    102002.7029850786
999000     -8071.8775643068        91.0216275213      -699.7147686364    102002.7029850786
1000000     -8071.8821234521        91.0223891447      -699.6876214278    102002.7029850786
