# Time-averaged data for fix runningavgs
# TimeStep v_ra_etotal v_ra_temp v_ra_press v_ra_volume
502000    -10550.4043471680        91.3127771013      -397.6528442993    102002.7029850792
503000    -10546.8624335251        91.3615862894      -402.1626746170    102002.7029850792
504000    -10546.9894806037        91.2739040187      -387.0197417258    102002.7029850792
505000    -10550.5006893231        91.0879067356      -380.0580973911    102002.7029850792
506000    -10549.4259607401        91.0704792885      -370.9003652656    102002.7029850792
507000    -10550.2188698934        91.0107977253      -382.0659431244    102002.7029850792
508000    -10549.5253660448        91.0057287654      -379.5108671716    102002.7029850792
509000    -10548.2142280941        91.0713209946      -377.2984701424    102002.7029850792
510000    -10547.9233177865        91.0883197461      -376.0822928471    102002.7029850792
511000    -10548.1576942127        91.1077514844      -375.3672666353    102002.7029850792
512000    -10549.2702059082        91.0584722525      -375.0934955281    102002.7029850792
513000    -10550.7567067821        91.0327296302      -378.9870172026    102002.7029850792
514000    -10550.6371418285        91.0487678601      -380.8209566349    102002.7029850792
515000    -10550.7100335123        91.0608180356      -383.0017974840    102002.7029850792
516000    -10551.6786682318        91.0235040137      -383.5932050404    102002.7029850792
517000    -10551.7169593721        91.0116685866      -386.7801991244    102002.7029850792
518000    -10552.5170578396        90.9940843215      -390.8863626208    102002.7029850792
519000    -10553.1194206897        90.9802163811      -392.4901370776    102002.7029850792
520000    -10553.5765204018        90.9604665760      -394.5318761560    102002.7029850792
521000    -10553.6169286672        90.9653452311      -393.0349823118    102002.7029850792
522000    -10554.3077609117        90.9443523313      -392.2340465065    102002.7029850792
523000    -10554.4479177209        90.9475008580      -393.1010766388    102002.7029850792
524000    -10554.1522948283        90.9647875194      -393.0567482541    102002.7029850792
525000    -10553.6912253832        90.9859526950      -393.8366324460    102002.7029850792
526000    -10554.1873304935        90.9647391425      -395.5431190190    102002.7029850792
527000    -10554.3622334951        90.9501673504      -397.6039884693    102002.7029850792
528000    -10554.0863706820        90.9695257375      -398.8213944716    102002.7029850792
529000    -10554.2909388420        90.9529247772      -398.9443209711    102002.7029850792
530000    -10554.2212255993        90.9563959887      -401.0700633534    102002.7029850792
531000    -10554.4355834272        90.9486849651      -401.7038856312    102002.7029850792
532000    -10554.2893849711        90.9525954510      -400.3661225746    102002.7029850792
533000    -10554.0954723529        90.9574822197      -403.7820993151    102002.7029850792
534000    -10553.8009915138        90.9687420743      -404.8195561272    102002.7029850792
535000    -10553.8512344871        90.9695665669      -404.9685624045    102002.7029850792
536000    -10553.7619597035        90.9803271226      -405.2813528889    102002.7029850792
537000    -10553.7168185919        90.9808689106      -404.6398560895    102002.7029850792
538000    -10553.6055945108        90.9857099382      -405.0229347591    102002.7029850792
539000    -10553.2974174601        90.9979799090      -405.8968532941    102002.7029850791
540000    -10552.8435107470        91.0173213863      -405.7401241270    102002.7029850791
541000    -10552.9586589910        91.0143176384      -407.4008932481    102002.7029850791
542000    -10552.9895292676        91.0071629280      -408.6684221137    102002.7029850791
543000    -10553.0573165080        90.9931197437      -408.1993521379    102002.7029850791
544000    -10552.8565019863        91.0052531222      -408.8670829919    102002.7029850791
545000    -10552.6835364405        91.0072445292      -408.7865679530    102002.7029850791
546000    -10552.7390789859        90.9965929587      -408.6762451622    102002.7029850791
547000    -10552.4706575026        90.9997573778      -408.2929340574    102002.7029850791
548000    -10552.3190416614        91.0033361252      -408.2682728486    102002.7029850791
549000    -10552.0282340915        91.0154988193      -408.1716379461    102002.7029850791
550000    -10551.9872812233        91.0105022517      -407.5498132699    102002.7029850791
551000    -10552.0781433952        91.0062716493      -406.6089400053    102002.7029850791
552000    -10552.0870557567        91.0011979334      -405.5514579206    102002.7029850791
553000    -10552.0320520487        91.0016511362      -404.9727103550    102002.7029850791
554000    -10552.0255678830        91.0004701596      -403.8913357540    102002.7029850791
555000    -10551.9934414804        91.0017641896      -403.3450385774    102002.7029850791
556000    -10551.9057873928        91.0041786972      -403.1589517938    102002.7029850791
557000    -10551.8588974512        91.0060630361      -402.4647489589    102002.7029850791
558000    -10551.7423599503        91.0115392662      -401.8572522271    102002.7029850791
559000    -10551.7555570228        91.0105543471      -401.1439642116    102002.7029850791
560000    -10551.7844551437        91.0058288345      -401.2888550538    102002.7029850791
561000    -10551.6961452410        91.0069021229      -401.0703885187    102002.7029850791
562000    -10551.8226885476        90.9994958549      -401.4168156940    102002.7029850791
563000    -10551.9360310039        90.9921625204      -401.9829830653    102002.7029850791
564000    -10552.1298622037        90.9817993284      -401.7963989241    102002.7029850791
565000    -10552.0850282668        90.9844789109      -401.9008740550    102002.7029850791
566000    -10552.0073073630        90.9900460361      -401.3174693658    102002.7029850791
567000    -10551.9187241223        90.9955926370      -401.5631619382    102002.7029850791
568000    -10552.0666014764        90.9914917822      -402.3248484235    102002.7029850791
569000    -10552.0193798204        90.9942073264      -402.2139420590    102002.7029850791
570000    -10552.0837532628        90.9941485304      -402.4608183845    102002.7029850791
571000    -10552.1952354894        90.9885953766      -403.2193080750    102002.7029850791
572000    -10552.2605852752        90.9923149174      -404.1873004902    102002.7029850791
573000    -10552.2959426183        90.9926085633      -405.0388483265    102002.7029850791
574000    -10552.2530915530        90.9947152591      -405.0174672911    102002.7029850791
575000    -10552.2417765654        90.9953218980      -405.4438077722    102002.7029850791
576000    -10552.2851652742        90.9934143506      -405.4118315733    102002.7029850791
577000    -10552.0640802191        91.0044669906      -405.2758562984    102002.7029850791
578000    -10552.1920618692        90.9964944294      -405.3984137491    102002.7029850791
579000    -10552.1738636675        90.9984421834      -405.4180556287    102002.7029850791
580000    -10552.1428308344        90.9994501099      -405.8164544815    102002.7029850791
581000    -10552.1937841251        91.0002694158      -406.3176877611    102002.7029850791
582000    -10552.1969526679        90.9987636373      -406.9376521866    102002.7029850791
583000    -10552.3172004823        90.9911562151      -407.5141355629    102002.7029850791
584000    -10552.3745527201        90.9878680649      -407.8041994287    102002.7029850791
585000    -10552.4407999015        90.9811170531      -407.9748654614    102002.7029850791
586000    -10552.3932291940        90.9788866385      -408.0579431125    102002.7029850791
587000    -10552.3291394266        90.9816830657      -408.0823169960    102002.7029850791
588000    -10552.3173765176        90.9815220887      -408.0985686730    102002.7029850791
589000    -10552.3340835678        90.9804787537      -408.8005596356    102002.7029850791
590000    -10552.1881252121        90.9868799994      -409.2962216484    102002.7029850791
591000    -10552.1684646762        90.9831821800      -409.2598626282    102002.7029850792
592000    -10552.1612021183        90.9799925292      -408.9917359097    102002.7029850792
593000    -10552.0782189818        90.9838258966      -408.5921742689    102002.7029850792
594000    -10551.9845565013        90.9830450891      -409.4499174901    102002.7029850792
595000    -10551.9501873244        90.9812299855      -409.6473695212    102002.7029850792
596000    -10551.8268728011        90.9848963548      -409.4233532913    102002.7029850792
597000    -10551.8068002024        90.9835158418      -409.1777083038    102002.7029850792
598000    -10551.7196358885        90.9853343615      -409.2459238423    102002.7029850792
599000    -10551.6424776773        90.9900248341      -409.2861482237    102002.7029850792
600000    -10551.6476431700        90.9918422489      -409.3968162598    102002.7029850792
601000    -10551.6245572944        90.9930476029      -409.9994661156    102002.7029850792
602000    -10551.6260007550        90.9934676988      -410.3314268302    102002.7029850792
603000    -10551.6755877747        90.9912582934      -410.9816956110    102002.7029850792
604000    -10551.6968317009        90.9892488312      -410.9480011382    102002.7029850793
605000    -10551.5446915211        90.9951833159      -410.7419560215    102002.7029850793
606000    -10551.5476378425        90.9936188325      -410.8308064464    102002.7029850793
607000    -10551.4218605486        90.9990562023      -411.1185343862    102002.7029850793
608000    -10551.4353193184        90.9981564016      -411.6255813567    102002.7029850793
609000    -10551.4831639296        90.9951229724      -412.1227917765    102002.7029850793
610000    -10551.4234117350        90.9968107172      -412.4241676992    102002.7029850793
611000    -10551.4827371187        90.9955023973      -413.0904697358    102002.7029850793
612000    -10551.5245236402        90.9934374855      -413.6580785602    102002.7029850793
613000    -10551.5093789252        90.9930246070      -414.3861634356    102002.7029850793
614000    -10551.4631240154        90.9933704963      -414.7224479392    102002.7029850793
615000    -10551.3553463370        90.9976481343      -414.2296901429    102002.7029850793
616000    -10551.2963798323        91.0021447569      -414.2976193588    102002.7029850793
617000    -10551.2669358760        91.0039430452      -413.8796076304    102002.7029850793
618000    -10551.2595829808        91.0066290106      -414.1088730131    102002.7029850793
619000    -10551.2561501677        91.0071628156      -414.0414526839    102002.7029850793
620000    -10551.3299338639        91.0078287876      -414.3668666230    102002.7029850793
621000    -10551.3238525857        91.0105103409      -414.7499977195    102002.7029850793
622000    -10551.3711441690        91.0107213141      -415.1441244202    102002.7029850794
623000    -10551.4668213284        91.0086923815      -415.2280698732    102002.7029850794
624000    -10551.5214373572        91.0081954340      -415.1226770965    102002.7029850794
625000    -10551.5466084965        91.0098827370      -415.4680416598    102002.7029850794
626000    -10551.4962791880        91.0133409149      -415.4425106492    102002.7029850794
627000    -10551.5331123659        91.0109717382      -415.6905268644    102002.7029850794
628000    -10551.4548292293        91.0149856606      -415.8702382525    102002.7029850794
629000    -10551.4436955250        91.0151193886      -416.2543901397    102002.7029850794
630000    -10551.4998169872        91.0135901911      -416.5382260422    102002.7029850794
631000    -10551.5011188975        91.0131999045      -416.8647161442    102002.7029850794
632000    -10551.4940495279        91.0154745234      -417.5511445710    102002.7029850794
633000    -10551.5266307527        91.0145170016      -418.2036197435    102002.7029850794
634000    -10551.5928970677        91.0099733377      -418.5236102458    102002.7029850794
635000    -10551.6369766663        91.0088976319      -418.5732820411    102002.7029850794
636000    -10551.6692085167        91.0094120165      -418.7343976526    102002.7029850794
637000    -10551.5887696098        91.0108067806      -418.9322527257    102002.7029850794
638000    -10551.6023417126        91.0091621596      -419.1987659997    102002.7029850794
639000    -10551.5750121180        91.0115822362      -419.7300400445    102002.7029850794
640000    -10551.5436154588        91.0136884995      -419.9852684360    102002.7029850794
641000    -10551.4780642959        91.0160295772      -420.1920145711    102002.7029850794
642000    -10551.4074135926        91.0184226491      -420.1749524310    102002.7029850794
643000    -10551.3016167061        91.0215817649      -420.2315147380    102002.7029850794
644000    -10551.2609864252        91.0233414287      -420.1726671875    102002.7029850794
645000    -10551.2693203408        91.0223627956      -419.9619886994    102002.7029850794
646000    -10551.2787181942        91.0227231422      -419.8735513781    102002.7029850795
647000    -10551.3349938848        91.0219554937      -419.9395550300    102002.7029850795
648000    -10551.3389456435        91.0212695188      -420.2961943577    102002.7029850795
649000    -10551.3780722353        91.0213720928      -420.9587195914    102002.7029850795
650000    -10551.3963508645        91.0200499320      -421.5147256788    102002.7029850795
651000    -10551.3962181047        91.0199935927      -421.8429651904    102002.7029850795
652000    -10551.4153129849        91.0191854395      -422.2738718059    102002.7029850795
653000    -10551.4563072681        91.0182894297      -422.4836887571    102002.7029850795
654000    -10551.4059779624        91.0208016212      -422.6817243904    102002.7029850795
655000    -10551.4126220262        91.0211792464      -423.1693333761    102002.7029850795
656000    -10551.3672055330        91.0230036764      -423.2363317077    102002.7029850795
657000    -10551.3804133146        91.0220220127      -423.1200090826    102002.7029850795
658000    -10551.3443699862        91.0233051266      -423.0037740048    102002.7029850795
659000    -10551.3361935093        91.0226288291      -423.1156769814    102002.7029850795
660000    -10551.2946056686        91.0216578618      -423.1219729630    102002.7029850795
661000    -10551.3885918672        91.0175380271      -423.0949113500    102002.7029850795
662000    -10551.3565805829        91.0172983754      -423.1250896518    102002.7029850795
663000    -10551.3863125918        91.0158821743      -423.0452814092    102002.7029850795
664000    -10551.4194927130        91.0144663461      -423.0341639020    102002.7029850795
665000    -10551.4594457963        91.0117959671      -423.1186291998    102002.7029850795
666000    -10551.5232383929        91.0077014647      -423.2364993079    102002.7029850795
667000    -10551.4459122387        91.0089549543      -423.1472118343    102002.7029850795
668000    -10551.3318852544        91.0131580603      -423.4633410855    102002.7029850795
669000    -10551.2852243736        91.0153469536      -423.7584729931    102002.7029850795
670000    -10551.2426758955        91.0157477103      -423.7154235597    102002.7029850795
671000    -10551.2249646822        91.0142229263      -424.1132078984    102002.7029850795
672000    -10551.2292740244        91.0135150085      -424.4583259781    102002.7029850795
673000    -10551.2573576816        91.0098496675      -424.6786334680    102002.7029850795
674000    -10551.2540289489        91.0092099829      -425.2552729394    102002.7029850794
675000    -10551.2425827214        91.0092570565      -425.4776210225    102002.7029850794
676000    -10551.2580504431        91.0082295137      -425.8402782912    102002.7029850794
677000    -10551.2561917204        91.0089515732      -426.3279281166    102002.7029850794
678000    -10551.2268537963        91.0121696058      -426.4422560366    102002.7029850794
679000    -10551.2252314838        91.0137560392      -426.7811058104    102002.7029850794
680000    -10551.2242919988        91.0149634212      -427.3825073215    102002.7029850794
681000    -10551.2660884284        91.0128699643      -427.9695350107    102002.7029850794
682000    -10551.3301845533        91.0103333238      -428.0779777605    102002.7029850794
683000    -10551.3292838519        91.0099506320      -428.5180187252    102002.7029850794
684000    -10551.2580530968        91.0133904809      -428.8001755391    102002.7029850794
685000    -10551.2858054917        91.0131428034      -429.2627230854    102002.7029850794
686000    -10551.3299667946        91.0109159890      -429.7963904729    102002.7029850794
687000    -10551.3395914428        91.0109335956      -429.9968240501    102002.7029850794
688000    -10551.3191650037        91.0100884974      -430.3006180395    102002.7029850793
689000    -10551.3568449865        91.0071985271      -430.7692522791    102002.7029850793
690000    -10551.2976234394        91.0088045847      -430.6052441635    102002.7029850793
691000    -10551.3324520018        91.0075580785      -430.5574932621    102002.7029850793
692000    -10551.3549499891        91.0072236317      -430.5707512447    102002.7029850793
693000    -10551.3893495984        91.0054205679      -430.4410392696    102002.7029850793
694000    -10551.4391724059        91.0048206518      -430.5595669566    102002.7029850793
695000    -10551.4332511797        91.0052372559      -430.5401302660    102002.7029850793
696000    -10551.5111720808        91.0020087052      -430.8035969077    102002.7029850793
697000    -10551.5279749315        91.0017535519      -430.7964704646    102002.7029850793
698000    -10551.4891263032        91.0023809920      -430.4040356711    102002.7029850793
699000    -10551.4084756111        91.0061006990      -429.8440548374    102002.7029850793
700000    -10551.3986954599        91.0071040577      -429.7526532226    102002.7029850793
701000    -10551.4110316360        91.0069433982      -429.6084307207    102002.7029850793
702000    -10551.4179548942        91.0079021304      -429.4727492753    102002.7029850793
703000    -10551.4041454268        91.0093988336      -429.4481008027    102002.7029850793
704000    -10551.4023266982        91.0099685268      -429.4549980578    102002.7029850792
705000    -10551.4118821980        91.0105041912      -429.1906297126    102002.7029850792
706000    -10551.4129278466        91.0116283739      -428.9987569492    102002.7029850792
707000    -10551.4240200393        91.0115258347      -428.5017791130    102002.7029850792
708000    -10551.4045432200        91.0134371864      -428.2823565861    102002.7029850792
709000    -10551.4191722718        91.0136561944      -427.9910424179    102002.7029850792
710000    -10551.4677897526        91.0112176309      -427.9278818481    102002.7029850792
711000    -10551.4860073130        91.0107229412      -427.8762166561    102002.7029850792
712000    -10551.4530565745        91.0124036893      -427.8822295357    102002.7029850792
713000    -10551.4814083097        91.0103437146      -427.8952354801    102002.7029850792
714000    -10551.5147823914        91.0086021177      -428.0602683713    102002.7029850792
715000    -10551.5182926198        91.0088375309      -428.0738853120    102002.7029850792
716000    -10551.5488963422        91.0088267775      -428.1056364131    102002.7029850792
717000    -10551.5278861240        91.0099759992      -428.1650442149    102002.7029850792
718000    -10551.5610952036        91.0080724758      -428.3266243396    102002.7029850792
719000    -10551.5944322925        91.0069063836      -428.2813911806    102002.7029850792
720000    -10551.6418192231        91.0051167063      -428.3369416091    102002.7029850792
721000    -10551.7036968360        91.0036463934      -428.3916246924    102002.7029850792
722000    -10551.6827660057        91.0055942129      -428.5612478645    102002.7029850792
723000    -10551.6901497609        91.0054107279      -428.6105496436    102002.7029850792
724000    -10551.6823618621        91.0059102045      -428.5438036189    102002.7029850791
725000    -10551.6988590097        91.0055916531      -428.6957792176    102002.7029850791
726000    -10551.6689953277        91.0068490672      -428.5823141014    102002.7029850791
727000    -10551.6397837593        91.0071518710      -428.3762971553    102002.7029850791
728000    -10551.5932602019        91.0094235032      -428.4612937275    102002.7029850791
729000    -10551.5851443186        91.0094697408      -428.7070085242    102002.7029850791
730000    -10551.5547374468        91.0120798729      -428.6165103040    102002.7029850791
731000    -10551.6138706769        91.0106375821      -428.7154326528    102002.7029850791
732000    -10551.6207752256        91.0102978624      -428.7245226760    102002.7029850791
733000    -10551.6305222724        91.0113565330      -428.9950103935    102002.7029850791
734000    -10551.6267735393        91.0111509514      -428.8807423566    102002.7029850791
735000    -10551.6174125987        91.0109395339      -428.8009046568    102002.7029850791
736000    -10551.5385695841        91.0139381550      -428.5410151668    102002.7029850791
737000    -10551.4965324632        91.0149215279      -428.4478776281    102002.7029850791
738000    -10551.4853105555        91.0131987457      -428.1515796441    102002.7029850791
739000    -10551.4198649953        91.0141869272      -427.5868203699    102002.7029850791
740000    -10551.3862415832        91.0159670968      -427.3114110072    102002.7029850791
741000    -10551.3918839904        91.0149157043      -427.2841356760    102002.7029850791
742000    -10551.3833347069        91.0153415994      -427.3435879249    102002.7029850791
743000    -10551.3716089726        91.0167562472      -427.2600669109    102002.7029850791
744000    -10551.3806876462        91.0149469543      -427.2730581214    102002.7029850791
745000    -10551.3265687291        91.0167885802      -427.2802497720    102002.7029850791
746000    -10551.2969193729        91.0186587925      -427.3754281159    102002.7029850791
747000    -10551.2704769845        91.0188468537      -427.4199503473    102002.7029850791
748000    -10551.2522180069        91.0195404510      -427.5800886785    102002.7029850790
749000    -10551.2733488325        91.0179140640      -427.3267534905    102002.7029850790
750000    -10551.2508146208        91.0181040949      -427.0165940741    102002.7029850790
751000    -10551.2345863005        91.0182183832      -426.9083447059    102002.7029850790
752000    -10551.2130511691        91.0178415993      -427.2155416131    102002.7029850790
753000    -10551.1759779799        91.0197838609      -427.1917329371    102002.7029850790
754000    -10551.1604591710        91.0200796552      -427.2083588234    102002.7029850790
755000    -10551.1573756824        91.0207186236      -427.3083774786    102002.7029850790
756000    -10551.1974889768        91.0184668625      -427.4978108671    102002.7029850790
757000    -10551.1840958069        91.0185831209      -427.5437099801    102002.7029850790
758000    -10551.1922897332        91.0159984264      -427.5863856102    102002.7029850790
759000    -10551.1483865415        91.0165280279      -427.5547840905    102002.7029850790
760000    -10551.1275002237        91.0167796435      -427.4818570987    102002.7029850790
761000    -10551.1091428428        91.0154676983      -427.5169976105    102002.7029850790
762000    -10551.0790873332        91.0161399361      -427.5255134927    102002.7029850790
763000    -10551.0826932141        91.0158641810      -427.4101560279    102002.7029850790
764000    -10551.0720463660        91.0156034252      -427.4156995450    102002.7029850790
765000    -10551.0561806241        91.0146536428      -427.4177758981    102002.7029850790
766000    -10551.0426320921        91.0148561906      -427.3604348265    102002.7029850790
767000    -10550.9967410719        91.0167805857      -427.4438082558    102002.7029850790
768000    -10551.0047283045        91.0164950275      -427.3539394182    102002.7029850790
769000    -10551.0056294096        91.0157245728      -427.2870403637    102002.7029850790
770000    -10551.0486913196        91.0129781986      -427.2323988409    102002.7029850790
771000    -10551.0102836561        91.0147503321      -427.0784034631    102002.7029850790
772000    -10550.9882479585        91.0167454583      -427.0202054232    102002.7029850790
773000    -10551.0104360596        91.0161118185      -427.2123331021    102002.7029850790
774000    -10551.0240039121        91.0158639631      -427.2263576339    102002.7029850790
775000    -10550.9685650603        91.0188140655      -427.2761587910    102002.7029850790
776000    -10551.0031488754        91.0176408981      -427.4979446698    102002.7029850790
777000    -10550.9702338271        91.0183824562      -427.3997815384    102002.7029850789
778000    -10550.9676845464        91.0181900908      -427.2760770805    102002.7029850789
779000    -10551.0127305936        91.0160348678      -427.3008429760    102002.7029850789
780000    -10551.0124563368        91.0159453588      -427.4475332813    102002.7029850789
781000    -10550.9960298772        91.0170046841      -427.5042401574    102002.7029850789
782000    -10550.9903951632        91.0177282563      -427.6518613202    102002.7029850789
783000    -10551.0156285577        91.0171862987      -427.6003044692    102002.7029850789
784000    -10551.0174505608        91.0178580413      -427.3386129085    102002.7029850789
785000    -10550.9781435582        91.0189355357      -427.1092138429    102002.7029850789
786000    -10550.9626314332        91.0194928911      -426.9989270592    102002.7029850789
787000    -10550.9800843497        91.0180137255      -427.1322207134    102002.7029850789
788000    -10551.0009406475        91.0165195190      -427.0884439850    102002.7029850789
789000    -10550.9848752649        91.0163727340      -426.9279626504    102002.7029850789
790000    -10550.9993051336        91.0147077642      -426.6023812363    102002.7029850789
791000    -10551.0242569970        91.0135545581      -426.4664178643    102002.7029850789
792000    -10551.0332714773        91.0136686002      -426.2069694490    102002.7029850789
793000    -10551.0616098617        91.0123195402      -425.9842150557    102002.7029850789
794000    -10551.1279078675        91.0095714532      -425.8906805380    102002.7029850789
795000    -10551.1289767354        91.0110179758      -425.6997012483    102002.7029850789
796000    -10551.1229826584        91.0102446893      -425.4874518882    102002.7029850789
797000    -10551.1732930819        91.0077810976      -425.3679991792    102002.7029850789
798000    -10551.1860330299        91.0068053286      -425.1863852909    102002.7029850789
799000    -10551.2042955819        91.0063750096      -425.1534033862    102002.7029850789
800000    -10551.1945658180        91.0069150375      -424.8068545170    102002.7029850789
801000    -10551.2308062964        91.0059643541      -424.6095454878    102002.7029850789
802000    -10551.2551038260        91.0051386199      -424.6102126118    102002.7029850789
803000    -10551.2371135952        91.0064998743      -424.5590536876    102002.7029850789
804000    -10551.2555551315        91.0051623135      -424.5567510070    102002.7029850789
805000    -10551.2105344800        91.0075654276      -424.5066618459    102002.7029850789
806000    -10551.2057095526        91.0076699942      -424.3041304112    102002.7029850789
807000    -10551.1638264311        91.0106848127      -424.3688586051    102002.7029850789
808000    -10551.1771135139        91.0111111724      -424.3364719926    102002.7029850789
809000    -10551.1351134824        91.0133849825      -424.4069008950    102002.7029850789
810000    -10551.1342392287        91.0144880851      -424.3333994518    102002.7029850789
811000    -10551.1668873748        91.0122930876      -424.3359272671    102002.7029850789
812000    -10551.1659506493        91.0126612701      -424.4579453166    102002.7029850789
813000    -10551.1523414743        91.0129653989      -424.3320598261    102002.7029850789
814000    -10551.1559706670        91.0123523628      -424.3181929711    102002.7029850789
815000    -10551.1642375967        91.0124884618      -424.3060221738    102002.7029850788
816000    -10551.1965406200        91.0118797241      -424.3593637392    102002.7029850788
817000    -10551.2289557183        91.0104945877      -424.3754756614    102002.7029850788
818000    -10551.2579252352        91.0099334777      -424.4488263868    102002.7029850788
819000    -10551.2866905944        91.0092506250      -424.4869939317    102002.7029850788
820000    -10551.2855769204        91.0099888951      -424.4447645564    102002.7029850788
821000    -10551.3073970538        91.0096928668      -424.5338641826    102002.7029850788
822000    -10551.3027914020        91.0096143949      -424.1847089275    102002.7029850788
823000    -10551.3185418994        91.0080416514      -424.0898908706    102002.7029850788
824000    -10551.3056044403        91.0088532795      -423.9840493854    102002.7029850788
825000    -10551.2809775811        91.0102538055      -423.9236075370    102002.7029850788
826000    -10551.2629087002        91.0118708615      -423.7035889158    102002.7029850788
827000    -10551.3077284408        91.0104057640      -423.7414586399    102002.7029850788
828000    -10551.2930584842        91.0107708222      -423.6225849624    102002.7029850788
829000    -10551.2858614731        91.0108933644      -423.3587143551    102002.7029850788
830000    -10551.2816056880        91.0105758494      -423.0986698402    102002.7029850788
831000    -10551.2763832818        91.0106157145      -422.9842232390    102002.7029850788
832000    -10551.2736888810        91.0103425566      -423.0012198409    102002.7029850788
833000    -10551.2874128460        91.0096410584      -422.9868934715    102002.7029850788
834000    -10551.2940782140        91.0093723510      -422.8020648183    102002.7029850788
835000    -10551.2993556418        91.0085890135      -422.8009159752    102002.7029850788
836000    -10551.3048155936        91.0084360553      -422.6740566385    102002.7029850788
837000    -10551.3199226093        91.0073293351      -422.4364460950    102002.7029850788
838000    -10551.3065043069        91.0073202731      -422.2318654063    102002.7029850788
839000    -10551.2820510744        91.0087287716      -421.9763729995    102002.7029850788
840000    -10551.2744568907        91.0092163749      -421.6967129347    102002.7029850788
841000    -10551.2755128279        91.0092958368      -421.5782225298    102002.7029850788
842000    -10551.2576775865        91.0097814886      -421.4009806034    102002.7029850788
843000    -10551.2598085855        91.0093898291      -421.2256799751    102002.7029850788
844000    -10551.2712135228        91.0095980398      -421.1507886895    102002.7029850788
845000    -10551.2823772376        91.0088495524      -421.1246867261    102002.7029850788
846000    -10551.2721066472        91.0099728072      -421.0620761005    102002.7029850788
847000    -10551.2769847592        91.0098455702      -420.9099712073    102002.7029850788
848000    -10551.2791463251        91.0096202795      -420.9396155518    102002.7029850788
849000    -10551.2794496958        91.0104614264      -420.9619690454    102002.7029850788
850000    -10551.2737548895        91.0108820924      -421.0960171067    102002.7029850788
851000    -10551.2906898999        91.0105980910      -421.2760226083    102002.7029850788
852000    -10551.2976882206        91.0108445654      -421.3354594777    102002.7029850788
853000    -10551.3219487514        91.0097785341      -421.3642613212    102002.7029850788
854000    -10551.2936855633        91.0119400015      -421.1830601696    102002.7029850788
855000    -10551.3392280137        91.0104417791      -421.2840568178    102002.7029850788
856000    -10551.3468359787        91.0107807863      -421.4816726904    102002.7029850788
857000    -10551.3432613078        91.0113071441      -421.5661764265    102002.7029850788
858000    -10551.3079097040        91.0132286651      -421.3597965771    102002.7029850788
859000    -10551.3078618250        91.0138367275      -421.1371413374    102002.7029850788
860000    -10551.3100482587        91.0140804293      -421.0744727678    102002.7029850788
861000    -10551.3027794119        91.0145282027      -421.0026887191    102002.7029850788
862000    -10551.2545553273        91.0165073068      -420.7905489799    102002.7029850788
863000    -10551.2359198586        91.0172775705      -420.7342344332    102002.7029850788
864000    -10551.2445792087        91.0179486872      -420.5990189190    102002.7029850788
865000    -10551.2867859905        91.0167126050      -420.4804624968    102002.7029850788
866000    -10551.3078696756        91.0162624136      -420.3877735191    102002.7029850788
867000    -10551.3270668876        91.0158976853      -420.2042074314    102002.7029850788
868000    -10551.3463552620        91.0155116103      -420.1846688199    102002.7029850788
869000    -10551.3553004629        91.0150638020      -419.9849697136    102002.7029850788
870000    -10551.3683536005        91.0145054155      -419.9181760089    102002.7029850787
871000    -10551.3562938703        91.0155512278      -419.7635064143    102002.7029850787
872000    -10551.3428413589        91.0160658774      -419.6166232549    102002.7029850787
873000    -10551.3373723567        91.0166931719      -419.5557029272    102002.7029850787
874000    -10551.3425193903        91.0166203012      -419.5005724225    102002.7029850787
875000    -10551.3704748774        91.0155346190      -419.3723643250    102002.7029850787
876000    -10551.3408128035        91.0161417693      -419.1909847455    102002.7029850787
877000    -10551.3808032803        91.0143972863      -419.1601426187    102002.7029850787
878000    -10551.3806464949        91.0142878392      -419.0273154927    102002.7029850787
879000    -10551.3617491938        91.0152422706      -419.0332822291    102002.7029850787
880000    -10551.3644301887        91.0149884285      -419.0132336115    102002.7029850787
881000    -10551.3772607461        91.0145067794      -419.0445320281    102002.7029850787
882000    -10551.3875715579        91.0145490758      -418.8558861530    102002.7029850787
883000    -10551.4024447498        91.0136903826      -418.8737249580    102002.7029850787
884000    -10551.3941561996        91.0140338496      -418.9249111744    102002.7029850787
885000    -10551.4185535217        91.0127318526      -418.8306385669    102002.7029850787
886000    -10551.4092786716        91.0121270197      -418.6891188848    102002.7029850787
887000    -10551.4289105065        91.0113213397      -418.7394842826    102002.7029850787
888000    -10551.4415575486        91.0109749766      -418.8508924710    102002.7029850787
889000    -10551.4675286188        91.0099758631      -419.0224680699    102002.7029850787
890000    -10551.4250965415        91.0117998907      -419.0163387263    102002.7029850787
891000    -10551.4244820298        91.0111488089      -419.0804861644    102002.7029850787
892000    -10551.4209830166        91.0106903754      -419.1452278758    102002.7029850787
893000    -10551.4363042357        91.0098686603      -419.1756064791    102002.7029850787
894000    -10551.4137702330        91.0098087138      -419.1151441208    102002.7029850787
895000    -10551.3854416177        91.0106026159      -418.9071671571    102002.7029850787
896000    -10551.3834984458        91.0106421967      -418.8193216517    102002.7029850787
897000    -10551.3706448607        91.0107655598      -418.7897065821    102002.7029850787
898000    -10551.3588492800        91.0110618216      -418.8491670552    102002.7029850787
899000    -10551.3384218415        91.0114216048      -418.8331673292    102002.7029850787
900000    -10551.3468370015        91.0110887761      -418.9406587860    102002.7029850787
901000    -10551.3402197175        91.0108891785      -418.8989364757    102002.7029850787
902000    -10551.3492677325        91.0101980709      -418.7472879770    102002.7029850787
903000    -10551.3694517584        91.0089441024      -418.8077555806    102002.7029850787
904000    -10551.3590358523        91.0091230004      -418.7164086344    102002.7029850787
905000    -10551.3751409953        91.0076615034      -418.6328749855    102002.7029850787
906000    -10551.3963708732        91.0070991024      -418.6192243286    102002.7029850787
907000    -10551.3842505886        91.0065461217      -418.5315384691    102002.7029850787
908000    -10551.3610572648        91.0069330895      -418.4831104797    102002.7029850787
909000    -10551.3782445030        91.0056613978      -418.4253166690    102002.7029850787
910000    -10551.3810548047        91.0055923968      -418.4345574413    102002.7029850787
911000    -10551.3344865864        91.0068204357      -418.3326557620    102002.7029850787
912000    -10551.3365614994        91.0062367169      -418.2317883384    102002.7029850787
913000    -10551.3481817650        91.0055346277      -418.1699792227    102002.7029850787
914000    -10551.3613568410        91.0053234344      -418.1904275691    102002.7029850787
915000    -10551.3579025833        91.0059531161      -418.1658173000    102002.7029850787
916000    -10551.3869493985        91.0052785415      -418.1439921824    102002.7029850787
917000    -10551.4136986236        91.0049521974      -418.0287343600    102002.7029850787
918000    -10551.4042787988        91.0055679777      -417.8378297282    102002.7029850787
919000    -10551.4222393882        91.0045636644      -417.6096103985    102002.7029850787
920000    -10551.4513014098        91.0035418560      -417.4462200932    102002.7029850787
921000    -10551.4189031233        91.0050817645      -417.2295693833    102002.7029850787
922000    -10551.4130080530        91.0056124125      -417.1147586228    102002.7029850787
923000    -10551.4087668009        91.0059541961      -416.8463492334    102002.7029850787
924000    -10551.4016777610        91.0063935987      -416.7563108111    102002.7029850787
925000    -10551.3986957393        91.0065071825      -416.8050196607    102002.7029850787
926000    -10551.4031302463        91.0062720934      -416.8122422156    102002.7029850787
927000    -10551.4070391048        91.0059030366      -416.6747774188    102002.7029850786
928000    -10551.4196132400        91.0054416599      -416.3731938894    102002.7029850786
929000    -10551.4256838448        91.0053325843      -416.1675810763    102002.7029850786
930000    -10551.4165395071        91.0061602956      -416.0155453097    102002.7029850786
931000    -10551.4264090412        91.0059034863      -416.0892534508    102002.7029850786
932000    -10551.4237587902        91.0056719237      -416.0374231431    102002.7029850786
933000    -10551.4273083116        91.0052712123      -416.0828542636    102002.7029850786
934000    -10551.4455068103        91.0044770441      -416.0810827928    102002.7029850786
935000    -10551.4267275798        91.0054761013      -416.0330409166    102002.7029850786
936000    -10551.4089306144        91.0066778014      -415.9588399628    102002.7029850786
937000    -10551.4176577392        91.0069776682      -415.8543782986    102002.7029850786
938000    -10551.4206854746        91.0071546813      -415.7256618342    102002.7029850786
939000    -10551.4376900612        91.0063599725      -415.6528611793    102002.7029850786
940000    -10551.4270581507        91.0073982506      -415.5785999733    102002.7029850786
941000    -10551.4006305710        91.0075014212      -415.4752469333    102002.7029850786
942000    -10551.4115793981        91.0066058731      -415.3441021797    102002.7029850786
943000    -10551.4183464786        91.0059808270      -415.1686350834    102002.7029850786
944000    -10551.4253874101        91.0051953874      -415.0612646682    102002.7029850786
945000    -10551.4233159340        91.0054787514      -414.9743173949    102002.7029850786
946000    -10551.4155648661        91.0060448508      -414.7753776270    102002.7029850786
947000    -10551.4253087094        91.0055612808      -414.6540453663    102002.7029850786
948000    -10551.4632434942        91.0046107058      -414.5723910295    102002.7029850786
949000    -10551.4853405207        91.0041543587      -414.4287230590    102002.7029850786
950000    -10551.4997087916        91.0038243085      -414.4355740158    102002.7029850786
951000    -10551.4810249238        91.0048110936      -414.4288375180    102002.7029850786
952000    -10551.4940489000        91.0044695137      -414.4003681004    102002.7029850786
953000    -10551.5124913921        91.0040925299      -414.3896570859    102002.7029850786
954000    -10551.5081387949        91.0047457175      -414.1716142151    102002.7029850786
955000    -10551.5006773256        91.0058558010      -414.0924486526    102002.7029850786
956000    -10551.4973489312        91.0065497520      -414.0884414033    102002.7029850786
957000    -10551.5237926748        91.0057981336      -414.0128828395    102002.7029850786
958000    -10551.5456437395        91.0048611176      -413.9408491784    102002.7029850786
959000    -10551.5485868138        91.0050014975      -413.8694702057    102002.7029850786
960000    -10551.5480575617        91.0058912970      -413.7713255971    102002.7029850786
961000    -10551.5352472424        91.0066164352      -413.7837743929    102002.7029850786
962000    -10551.5426298288        91.0067873316      -413.6241568257    102002.7029850786
963000    -10551.5851537512        91.0051540455      -413.4652942249    102002.7029850786
964000    -10551.5989373257        91.0050874295      -413.2914621470    102002.7029850786
965000    -10551.6125288593        91.0049242229      -413.1977606365    102002.7029850786
966000    -10551.6020408372        91.0056274332      -413.0846885305    102002.7029850786
967000    -10551.5918733280        91.0062080230      -412.9287134635    102002.7029850786
968000    -10551.6011991993        91.0057700537      -412.7673575583    102002.7029850786
969000    -10551.6140308328        91.0048858627      -412.6384696659    102002.7029850786
970000    -10551.6099858963        91.0047890880      -412.5283950615    102002.7029850786
971000    -10551.5992355881        91.0048425370      -412.4924930371    102002.7029850786
972000    -10551.6095865230        91.0045316274      -412.4345028271    102002.7029850786
973000    -10551.6205903915        91.0040393597      -412.3732358898    102002.7029850786
974000    -10551.6559705243        91.0028130670      -412.2040697612    102002.7029850786
975000    -10551.6643596607        91.0025307585      -412.0921186091    102002.7029850786
976000    -10551.6714579709        91.0021589206      -411.9508835733    102002.7029850786
977000    -10551.6881470598        91.0017820944      -411.7484101968    102002.7029850786
978000    -10551.7096726552        91.0011921987      -411.5270909741    102002.7029850786
979000    -10551.7141734994        91.0007768011      -411.2926154282    102002.7029850786
980000    -10551.7410001322        90.9998524961      -411.0959742502    102002.7029850786
981000    -10551.7356486236        90.9998287654      -410.9315019278    102002.7029850786
982000    -10551.7524240994        90.9993189609      -410.7723579217    102002.7029850786
983000    -10551.7497808131        90.9993830227      -410.6469424636    102002.7029850786
984000    -10551.7642780284        90.9988555848      -410.5988153432    102002.7029850786
985000    -10551.7692632971        90.9986160275      -410.5671429363    102002.7029850786
986000    -10551.7937768541        90.9982991389      -410.5309859510    102002.7029850786
987000    -10551.8067908350        90.9985832427      -410.4511327651    102002.7029850786
988000    -10551.8080789909        90.9987371936      -410.2494322134    102002.7029850786
989000    -10551.8150400993        90.9987273529      -409.9842140828    102002.7029850786
990000    -10551.8337410883        90.9974828738      -409.7246950916    102002.7029850786
991000    -10551.8417852742        90.9973206135      -409.4366014512    102002.7029850786
992000    -10551.8641678335        90.9965511720      -409.1148295530    102002.7029850786
993000    -10551.8848135149        90.9965910300      -408.9814419301    102002.7029850786
994000    -10551.8732532985        90.9976898512      -408.7322500200    102002.7029850786
995000    -10551.8926676793        90.9971935458      -408.4575905432    102002.7029850786
996000    -10551.9112790196        90.9967565423      -408.1511639424    102002.7029850786
997000    -10551.9155733272        90.9971595427      -407.8619897937    102002.7029850786
998000    -10551.9226771799        90.9976046645      -407.6062426190    102002.7029850786
999000    -10551.9415467598        90.9972048687      -407.3796257286    102002.7029850786
1000000    -10551.9404822536        90.9974453352      -407.1664866037    102002.7029850786
