# Time-averaged data for fix runningavgs
# TimeStep v_ra_etotal v_ra_temp v_ra_press v_ra_volume
502000     -6460.3108492082       130.9611192068      -735.8874611843    102002.7029850792
503000     -6460.5344265020       130.9324745136      -712.7138781322    102002.7029850792
504000     -6459.7093356583       130.9753522529      -710.3010780175    102002.7029850792
505000     -6462.5956111417       130.6742192235      -720.7730232136    102002.7029850792
506000     -6466.6632441308       130.2988151367      -721.7478642193    102002.7029850792
507000     -6466.3603003281       130.3543245965      -716.2912487346    102002.7029850792
508000     -6466.4049780166       130.3674940612      -719.9749437048    102002.7029850792
509000     -6466.9907113900       130.3032504021      -719.5313027022    102002.7029850792
510000     -6467.9112893025       130.2332330854      -718.7768178136    102002.7029850792
511000     -6467.9446247957       130.2113553638      -720.8858320590    102002.7029850792
512000     -6468.6131298481       130.1643619734      -720.3994779684    102002.7029850792
513000     -6468.7764902432       130.1634202125      -720.2887802469    102002.7029850792
514000     -6469.6408945217       130.0828579918      -720.6540979873    102002.7029850792
515000     -6469.4715666934       130.0951386502      -722.5723909488    102002.7029850792
516000     -6469.0181002818       130.1449189260      -723.8673696802    102002.7029850792
517000     -6468.8113069592       130.1722708362      -723.0203570036    102002.7029850792
518000     -6469.0531842399       130.1410891462      -725.3260407326    102002.7029850792
519000     -6469.9598171682       130.0575372113      -724.5604966666    102002.7029850792
520000     -6470.1116951988       130.0402710024      -724.4455437355    102002.7029850792
521000     -6469.2926265652       130.1075879289      -725.4757799334    102002.7029850792
522000     -6469.2641709210       130.1120194050      -723.9817529125    102002.7029850792
523000     -6469.0774342819       130.1297954933      -723.4957785219    102002.7029850792
524000     -6469.2062150003       130.1115664088      -723.4198519942    102002.7029850792
525000     -6469.6827106650       130.0615190394      -723.0196415444    102002.7029850792
526000     -6469.7565719803       130.0566550628      -722.9386261280    102002.7029850792
527000     -6470.3683317828       130.0014908284      -723.7062554201    102002.7029850792
528000     -6470.4217595463       130.0015918158      -724.9351587049    102002.7029850792
529000     -6470.3094341642       130.0050788291      -724.6931414405    102002.7029850792
530000     -6470.5121791846       129.9892884731      -724.9900741156    102002.7029850792
531000     -6470.7476853250       129.9718870150      -725.2167503017    102002.7029850792
532000     -6470.9046016760       129.9629251499      -725.7912771450    102002.7029850792
533000     -6471.0155803721       129.9493367395      -726.8558170660    102002.7029850792
534000     -6471.5285794432       129.9069655693      -727.0017806564    102002.7029850792
535000     -6471.4892744024       129.9154414359      -727.0851711428    102002.7029850792
536000     -6471.1556202599       129.9387533902      -727.9973682695    102002.7029850792
537000     -6471.0059200696       129.9624808055      -728.3496511613    102002.7029850792
538000     -6470.7892721615       129.9801316465      -728.1375235126    102002.7029850792
539000     -6470.4279196330       130.0104080991      -729.0989325444    102002.7029850791
540000     -6470.3393826449       130.0204181276      -728.8526873173    102002.7029850791
541000     -6470.1315868827       130.0351154401      -729.1583589564    102002.7029850791
542000     -6470.2724971944       130.0157832328      -729.1586043121    102002.7029850791
543000     -6470.5095929406       129.9885846954      -728.4188792189    102002.7029850791
544000     -6470.5712416014       129.9789909656      -728.5481103527    102002.7029850791
545000     -6470.4286504190       129.9862287521      -728.6946120320    102002.7029850791
546000     -6470.2172557638       130.0041248752      -728.7596572812    102002.7029850791
547000     -6470.0218275789       130.0257093831      -729.1250885085    102002.7029850791
548000     -6470.1054018729       130.0124242576      -729.6933131657    102002.7029850791
549000     -6470.2495536140       129.9981287875      -729.2714569119    102002.7029850791
550000     -6470.2103911307       130.0011331924      -729.6681223838    102002.7029850791
551000     -6470.1637934472       129.9986993277      -730.8479613761    102002.7029850791
552000     -6470.2319620360       129.9948246579      -731.1202546733    102002.7029850791
553000     -6470.4117269771       129.9727640683      -731.6265423086    102002.7029850791
554000     -6470.4675067859       129.9649468552      -732.5359285762    102002.7029850791
555000     -6470.7097106787       129.9430175387      -732.2422688042    102002.7029850791
556000     -6470.7139639616       129.9433495531      -732.7069414977    102002.7029850791
557000     -6470.8475465082       129.9316905454      -733.2748686198    102002.7029850791
558000     -6470.9837154239       129.9210949965      -733.6739327465    102002.7029850791
559000     -6470.9569432761       129.9234768635      -734.5788933423    102002.7029850791
560000     -6470.9769884773       129.9225089935      -735.0308421734    102002.7029850791
561000     -6470.8832121035       129.9319953796      -735.2552693621    102002.7029850791
562000     -6470.6683977208       129.9523094104      -736.3197679385    102002.7029850791
563000     -6470.7812401198       129.9397837955      -736.8800256584    102002.7029850791
564000     -6470.8530043976       129.9336490551      -736.9658409382    102002.7029850791
565000     -6470.7615226746       129.9362634176      -737.5128626789    102002.7029850791
566000     -6470.6346040974       129.9460939291      -738.1149843942    102002.7029850791
567000     -6470.7434676216       129.9343463369      -738.1120844488    102002.7029850791
568000     -6470.7077559973       129.9356486211      -738.3269031016    102002.7029850791
569000     -6470.5487974367       129.9450012189      -739.1173872002    102002.7029850791
570000     -6470.5189636091       129.9500239895      -738.7594093201    102002.7029850791
571000     -6470.3755944309       129.9582210497      -738.6651920198    102002.7029850791
572000     -6470.3950688798       129.9544338788      -738.7322787202    102002.7029850791
573000     -6470.3249815197       129.9619758649      -738.9579326858    102002.7029850791
574000     -6470.3318174365       129.9596968735      -739.0278411230    102002.7029850791
575000     -6470.1751658492       129.9723863472      -739.4438389875    102002.7029850791
576000     -6470.1695910326       129.9697118050      -739.6058932906    102002.7029850791
577000     -6470.0283037139       129.9795105935      -739.9117324736    102002.7029850791
578000     -6469.9042585986       129.9908922207      -739.9943537892    102002.7029850791
579000     -6469.8336854511       129.9991830869      -740.1125352014    102002.7029850791
580000     -6469.7609223090       130.0055495175      -740.5179208096    102002.7029850791
581000     -6469.6210126407       130.0165698121      -740.5731447414    102002.7029850791
582000     -6469.6094827917       130.0186223885      -740.5022977156    102002.7029850791
583000     -6469.6686396847       130.0131165963      -740.1619052518    102002.7029850791
584000     -6469.7563172090       130.0042210193      -739.6627119771    102002.7029850791
585000     -6469.7967054720       130.0004755519      -739.2809786022    102002.7029850791
586000     -6469.8201135176       129.9991329838      -739.5113253739    102002.7029850791
587000     -6469.9161369021       129.9914489571      -739.5956308182    102002.7029850791
588000     -6470.0477880768       129.9793797902      -739.3595172267    102002.7029850791
589000     -6470.0776010976       129.9756275553      -739.2665182617    102002.7029850791
590000     -6470.0577629462       129.9790010939      -739.1971610353    102002.7029850791
591000     -6469.9665553372       129.9859917217      -738.9056535445    102002.7029850792
592000     -6469.8121437231       129.9993265740      -738.5807445440    102002.7029850792
593000     -6469.8373511206       129.9961797467      -738.5904214546    102002.7029850792
594000     -6469.6979233808       130.0097322413      -738.4332581734    102002.7029850792
595000     -6469.6001102016       130.0190200869      -738.1802763725    102002.7029850792
596000     -6469.4985967749       130.0277466924      -738.1739385231    102002.7029850792
597000     -6469.4035664141       130.0383932594      -738.0010049243    102002.7029850792
598000     -6469.2842728752       130.0483908931      -738.2859050992    102002.7029850792
599000     -6469.2374518689       130.0527494823      -738.6256872630    102002.7029850792
600000     -6469.2784466794       130.0494455501      -738.5876947743    102002.7029850792
601000     -6469.3583635584       130.0418779323      -738.2544482070    102002.7029850792
602000     -6469.4077060928       130.0364830197      -738.0131607453    102002.7029850792
603000     -6469.4424123017       130.0342950619      -737.7171139563    102002.7029850792
604000     -6469.4284578107       130.0371620074      -737.6982996628    102002.7029850793
605000     -6469.3718720549       130.0436179073      -737.7536638275    102002.7029850793
606000     -6469.4566456776       130.0368063848      -737.6533059654    102002.7029850793
607000     -6469.5931185123       130.0260312637      -737.5819069873    102002.7029850793
608000     -6469.5841800275       130.0285286590      -737.6198082425    102002.7029850793
609000     -6469.5737140211       130.0302995171      -737.7133149842    102002.7029850793
610000     -6469.6202685817       130.0268267787      -737.6804281556    102002.7029850793
611000     -6469.6823622511       130.0211929139      -737.7087021532    102002.7029850793
612000     -6469.7581637997       130.0151488564      -737.6434838072    102002.7029850793
613000     -6469.7897706438       130.0131355730      -737.5691987675    102002.7029850793
614000     -6469.7721387854       130.0151003831      -737.6083023641    102002.7029850793
615000     -6469.8751078584       130.0061275894      -737.5340544963    102002.7029850793
616000     -6469.9258200500       130.0019824989      -737.8342452042    102002.7029850793
617000     -6470.0171216799       129.9932199270      -738.0799607838    102002.7029850793
618000     -6470.1255941613       129.9833833457      -738.1888107991    102002.7029850793
619000     -6470.1290692492       129.9829905962      -738.3865099956    102002.7029850793
620000     -6470.1337458869       129.9837941577      -738.1602377185    102002.7029850793
621000     -6470.1326968217       129.9832827092      -738.1485563987    102002.7029850793
622000     -6470.1234254294       129.9859767695      -738.2496719947    102002.7029850794
623000     -6470.1305669038       129.9860880268      -738.1952468900    102002.7029850794
624000     -6470.1300229154       129.9867467004      -738.3645156790    102002.7029850794
625000     -6470.1692100256       129.9835111650      -738.5878864312    102002.7029850794
626000     -6470.1257500145       129.9887967372      -738.6008850190    102002.7029850794
627000     -6470.0828047491       129.9928399919      -738.7178831742    102002.7029850794
628000     -6470.0780131627       129.9935036881      -738.7596754433    102002.7029850794
629000     -6469.9561527928       130.0052052420      -738.7193530219    102002.7029850794
630000     -6469.8747124023       130.0123086955      -738.3417143146    102002.7029850794
631000     -6469.8245772633       130.0165382228      -738.0596018561    102002.7029850794
632000     -6469.8318452820       130.0168408830      -737.8296429472    102002.7029850794
633000     -6469.8372375984       130.0161207610      -737.6918948256    102002.7029850794
634000     -6469.8228717148       130.0177216245      -737.4298789488    102002.7029850794
635000     -6469.8544444827       130.0158193878      -737.3055095275    102002.7029850794
636000     -6469.8737060123       130.0149754936      -737.2323324652    102002.7029850794
637000     -6469.7731936455       130.0236911281      -736.9820928230    102002.7029850794
638000     -6469.7264763355       130.0292538530      -736.7849425914    102002.7029850794
639000     -6469.6648252056       130.0360246510      -736.6171617322    102002.7029850794
640000     -6469.6779109734       130.0349169118      -736.4288931044    102002.7029850794
641000     -6469.7730301038       130.0264150996      -736.4160849515    102002.7029850794
642000     -6469.8026730050       130.0245535654      -736.2474876888    102002.7029850794
643000     -6469.8291764200       130.0216456366      -736.1389705041    102002.7029850794
644000     -6469.7673652439       130.0270989565      -736.0016758341    102002.7029850794
645000     -6469.6743655240       130.0362334914      -735.9430974057    102002.7029850794
646000     -6469.6847087092       130.0362857102      -735.8372462327    102002.7029850795
647000     -6469.6566582385       130.0389521101      -735.7045721098    102002.7029850795
648000     -6469.6925357968       130.0372328855      -735.5549611900    102002.7029850795
649000     -6469.6797685279       130.0381559693      -735.5504470599    102002.7029850795
650000     -6469.7021289267       130.0363822603      -735.3867523204    102002.7029850795
651000     -6469.7943424903       130.0274666992      -735.2519764666    102002.7029850795
652000     -6469.8361868952       130.0238687372      -735.4247486677    102002.7029850795
653000     -6469.8273627814       130.0240450114      -735.4917348858    102002.7029850795
654000     -6469.8245167247       130.0238136806      -735.3786295123    102002.7029850795
655000     -6469.7769229516       130.0279610366      -735.5547384253    102002.7029850795
656000     -6469.7666736478       130.0297116595      -735.6301795257    102002.7029850795
657000     -6469.8068615308       130.0273711901      -735.5823358472    102002.7029850795
658000     -6469.7474220432       130.0321105843      -735.6554597738    102002.7029850795
659000     -6469.7313175038       130.0329547235      -735.8330936278    102002.7029850795
660000     -6469.7809767699       130.0281365859      -735.7582209900    102002.7029850795
661000     -6469.8111255520       130.0235277258      -735.7546811718    102002.7029850795
662000     -6469.8352568428       130.0205386770      -735.9467732600    102002.7029850795
663000     -6469.8127574925       130.0234564793      -735.8513820473    102002.7029850795
664000     -6469.8654238032       130.0184952574      -735.8610272073    102002.7029850795
665000     -6469.8250309580       130.0203801651      -736.0214396105    102002.7029850795
666000     -6469.7513206718       130.0272728127      -736.1266501856    102002.7029850795
667000     -6469.8217948344       130.0198243886      -736.2811715947    102002.7029850795
668000     -6469.8442364547       130.0170574214      -736.5927797093    102002.7029850795
669000     -6469.9330482236       130.0088490715      -736.7265505622    102002.7029850795
670000     -6469.9486930958       130.0055218374      -736.8753125452    102002.7029850795
671000     -6469.9591214305       130.0061177287      -736.8074886528    102002.7029850795
672000     -6469.9290903913       130.0102559293      -736.8980256381    102002.7029850795
673000     -6469.8971836974       130.0124222117      -737.0003011207    102002.7029850795
674000     -6469.8685914132       130.0157094286      -737.2999778936    102002.7029850794
675000     -6469.8661583690       130.0173175328      -737.4584455137    102002.7029850794
676000     -6469.9596992666       130.0090386157      -737.6498245797    102002.7029850794
677000     -6469.9675149723       130.0077694343      -737.7124321442    102002.7029850794
678000     -6469.9687984192       130.0074723498      -737.7027876430    102002.7029850794
679000     -6469.9420580299       130.0111088040      -737.9122286265    102002.7029850794
680000     -6469.9792756996       130.0068027424      -738.2730312316    102002.7029850794
681000     -6470.0565250792       129.9994189321      -738.4468063093    102002.7029850794
682000     -6470.0545253468       129.9990632420      -738.7420111020    102002.7029850794
683000     -6470.0179565323       130.0030576770      -738.8395941781    102002.7029850794
684000     -6469.9828361108       130.0071198421      -738.7874884064    102002.7029850794
685000     -6469.9555318573       130.0097557080      -739.0317473615    102002.7029850794
686000     -6469.9847912231       130.0069629583      -739.2507267190    102002.7029850794
687000     -6469.9454224771       130.0110127624      -739.6246440470    102002.7029850794
688000     -6469.8876834849       130.0168036397      -739.8966359066    102002.7029850793
689000     -6469.9652501649       130.0091997579      -739.9267459027    102002.7029850793
690000     -6469.9653504021       130.0078644895      -739.9130970817    102002.7029850793
691000     -6470.0306831186       130.0003139354      -739.9738000724    102002.7029850793
692000     -6470.0474720801       129.9996280549      -740.1156668469    102002.7029850793
693000     -6470.0133544442       130.0027263316      -740.2455867146    102002.7029850793
694000     -6470.0527971268       129.9992461988      -740.3462157867    102002.7029850793
695000     -6470.0184672234       130.0027769782      -740.4590117474    102002.7029850793
696000     -6469.9729937485       130.0074970446      -740.5765641887    102002.7029850793
697000     -6469.9516770509       130.0106581162      -740.6605707724    102002.7029850793
698000     -6469.9063149596       130.0156883568      -740.9886241005    102002.7029850793
699000     -6469.9287319737       130.0137879525      -741.3392095125    102002.7029850793
700000     -6469.9371022977       130.0135328476      -741.5478006482    102002.7029850793
701000     -6469.9473210213       130.0133555731      -741.6867037476    102002.7029850793
702000     -6469.9460915835       130.0120284750      -741.7659280106    102002.7029850793
703000     -6469.8929508239       130.0164733681      -741.7752597651    102002.7029850793
704000     -6469.8988924274       130.0158590453      -742.0504072485    102002.7029850792
705000     -6469.9171672404       130.0132473170      -742.3757741727    102002.7029850792
706000     -6469.9830391137       130.0077672243      -742.5913206170    102002.7029850792
707000     -6469.9693656003       130.0086818763      -742.8618750127    102002.7029850792
708000     -6469.9134786644       130.0133423849      -743.0676081516    102002.7029850792
709000     -6469.9390570829       130.0108590149      -743.2242507653    102002.7029850792
710000     -6469.9467639668       130.0107798180      -743.7183821474    102002.7029850792
711000     -6469.9584160039       130.0104695245      -743.9688353528    102002.7029850792
712000     -6469.9521937906       130.0105107817      -744.1290528937    102002.7029850792
713000     -6469.9029355891       130.0146160766      -744.3226185487    102002.7029850792
714000     -6469.8964001308       130.0159188967      -744.4675029200    102002.7029850792
715000     -6469.9215741894       130.0142947837      -744.4750901010    102002.7029850792
716000     -6469.9655069271       130.0118743276      -744.6069325173    102002.7029850792
717000     -6469.9942102700       130.0081984020      -744.8603824370    102002.7029850792
718000     -6470.0596411139       130.0033150642      -744.8750658081    102002.7029850792
719000     -6470.0432943502       130.0038650103      -744.9408280302    102002.7029850792
720000     -6470.0047741237       130.0075957686      -745.0222166840    102002.7029850792
721000     -6469.9984360516       130.0071847844      -745.0549480425    102002.7029850792
722000     -6470.0092049713       130.0051834953      -745.2612605756    102002.7029850792
723000     -6470.0757468454       129.9990112745      -745.3323933944    102002.7029850792
724000     -6470.1033790827       129.9965566022      -745.3340338058    102002.7029850791
725000     -6470.1122240802       129.9957545210      -745.3548854419    102002.7029850791
726000     -6470.1468497493       129.9932915355      -745.3408449835    102002.7029850791
727000     -6470.1874913970       129.9896839009      -745.4443182260    102002.7029850791
728000     -6470.2120472453       129.9880224843      -745.6270986373    102002.7029850791
729000     -6470.2603052138       129.9844875378      -745.6399423561    102002.7029850791
730000     -6470.2869489314       129.9825120034      -745.5595246234    102002.7029850791
731000     -6470.3053383465       129.9816240887      -745.3684676916    102002.7029850791
732000     -6470.3259455028       129.9808715114      -745.1873149378    102002.7029850791
733000     -6470.3256730153       129.9808517539      -745.0509083105    102002.7029850791
734000     -6470.3823828824       129.9761817713      -745.1270637237    102002.7029850791
735000     -6470.4102427973       129.9739174330      -745.1977452044    102002.7029850791
736000     -6470.4408575034       129.9716732007      -745.1928087409    102002.7029850791
737000     -6470.4834318572       129.9684283480      -745.0498978149    102002.7029850791
738000     -6470.4666521135       129.9711898792      -745.0184104514    102002.7029850791
739000     -6470.4225614706       129.9756474582      -744.9640006038    102002.7029850791
740000     -6470.4008663174       129.9784208463      -745.0694434738    102002.7029850791
741000     -6470.3741428860       129.9805476255      -745.0118474355    102002.7029850791
742000     -6470.3573178361       129.9821727203      -744.8545925435    102002.7029850791
743000     -6470.3781270292       129.9804091592      -744.7471788307    102002.7029850791
744000     -6470.4179686826       129.9768826799      -744.5362427212    102002.7029850791
745000     -6470.4791140811       129.9713892894      -744.5653955436    102002.7029850791
746000     -6470.4862997874       129.9707162544      -744.5546398897    102002.7029850791
747000     -6470.4301368042       129.9766768957      -744.4417933533    102002.7029850791
748000     -6470.4095612439       129.9792117358      -744.2755032487    102002.7029850790
749000     -6470.4197141193       129.9785100400      -744.1049490285    102002.7029850790
750000     -6470.4699346355       129.9739873252      -743.9109747714    102002.7029850790
751000     -6470.4596270603       129.9747411042      -743.8211817601    102002.7029850790
752000     -6470.4829652627       129.9722937997      -743.7324466339    102002.7029850790
753000     -6470.4814722836       129.9725286831      -743.6554852007    102002.7029850790
754000     -6470.4029123444       129.9802067923      -743.5906439576    102002.7029850790
755000     -6470.4070167294       129.9802478649      -743.4704646567    102002.7029850790
756000     -6470.4271060178       129.9776781890      -743.4906706906    102002.7029850790
757000     -6470.4430950899       129.9764507823      -743.3974015713    102002.7029850790
758000     -6470.4491676119       129.9759690656      -743.4344162210    102002.7029850790
759000     -6470.4168144417       129.9799157075      -743.3892773719    102002.7029850790
760000     -6470.4030036033       129.9812887949      -743.3252905742    102002.7029850790
761000     -6470.3836747667       129.9829578727      -743.1449423387    102002.7029850790
762000     -6470.4464384217       129.9774435714      -743.1195226227    102002.7029850790
763000     -6470.4688626534       129.9758652550      -743.1418470498    102002.7029850790
764000     -6470.4093899642       129.9813177265      -743.1550617908    102002.7029850790
765000     -6470.4063741644       129.9817294935      -743.1689970464    102002.7029850790
766000     -6470.3510204171       129.9865474095      -743.1404187933    102002.7029850790
767000     -6470.3604673310       129.9850979972      -743.1498208938    102002.7029850790
768000     -6470.3951472743       129.9821752283      -743.1002479382    102002.7029850790
769000     -6470.4419031290       129.9779543233      -743.1142067944    102002.7029850790
770000     -6470.4222807586       129.9796166482      -743.0499794996    102002.7029850790
771000     -6470.3659489252       129.9847955161      -743.0966075514    102002.7029850790
772000     -6470.3442186242       129.9866700380      -743.1527182447    102002.7029850790
773000     -6470.3495158968       129.9867115814      -743.0156062562    102002.7029850790
774000     -6470.3507594499       129.9866918642      -743.0347147451    102002.7029850790
775000     -6470.3519070184       129.9868314931      -742.9938889344    102002.7029850790
776000     -6470.3428133197       129.9871965966      -743.0098398943    102002.7029850790
777000     -6470.3724760265       129.9846702448      -742.9631810937    102002.7029850789
778000     -6470.3575461530       129.9864502350      -742.9220054839    102002.7029850789
779000     -6470.3220403035       129.9902183569      -742.8003733879    102002.7029850789
780000     -6470.3268947268       129.9891873911      -742.6376209076    102002.7029850789
781000     -6470.3443990299       129.9876551637      -742.5383475013    102002.7029850789
782000     -6470.3236752981       129.9893964383      -742.5089109672    102002.7029850789
783000     -6470.2900715889       129.9922940032      -742.4152679932    102002.7029850789
784000     -6470.2340460909       129.9969887795      -742.3296394361    102002.7029850789
785000     -6470.2234585810       129.9981187475      -742.2414772908    102002.7029850789
786000     -6470.1635348785       130.0034484595      -742.1190002979    102002.7029850789
787000     -6470.1507074589       130.0042255594      -742.0350489101    102002.7029850789
788000     -6470.1600982215       130.0037284028      -741.9737286377    102002.7029850789
789000     -6470.1928362171       130.0007582374      -741.9089472049    102002.7029850789
790000     -6470.2182241059       129.9978652916      -741.7563924904    102002.7029850789
791000     -6470.2327221836       129.9962836622      -741.7123066881    102002.7029850789
792000     -6470.2575585733       129.9924590474      -741.5835596425    102002.7029850789
793000     -6470.2619591389       129.9914381263      -741.4483140175    102002.7029850789
794000     -6470.2980560883       129.9873337396      -741.4397801568    102002.7029850789
795000     -6470.2981815238       129.9864351245      -741.3758357683    102002.7029850789
796000     -6470.2561117479       129.9905751110      -741.3681904911    102002.7029850789
797000     -6470.2231177387       129.9931047641      -741.2627363105    102002.7029850789
798000     -6470.2081383342       129.9941918144      -741.2146090222    102002.7029850789
799000     -6470.1803313906       129.9964274688      -741.1746493435    102002.7029850789
800000     -6470.1559487752       129.9986255640      -741.1671129471    102002.7029850789
801000     -6470.1384541025       130.0006050042      -741.0550159522    102002.7029850789
802000     -6470.1425792377       129.9999363872      -741.0693404835    102002.7029850789
803000     -6470.1467726166       129.9986114607      -741.0156536384    102002.7029850789
804000     -6470.1433704593       129.9988711490      -740.8563472412    102002.7029850789
805000     -6470.1758824869       129.9953531468      -740.7902584955    102002.7029850789
806000     -6470.2208362285       129.9909330707      -740.6745418841    102002.7029850789
807000     -6470.2214388010       129.9903063577      -740.5184098484    102002.7029850789
808000     -6470.1810824772       129.9942722808      -740.4633517266    102002.7029850789
809000     -6470.1481929544       129.9971611508      -740.4345882173    102002.7029850789
810000     -6470.1437570862       129.9979611358      -740.2644458832    102002.7029850789
811000     -6470.1416894463       129.9976077998      -740.2491783567    102002.7029850789
812000     -6470.1706710550       129.9944663375      -740.2262913341    102002.7029850789
813000     -6470.1913748536       129.9925926918      -740.1946449983    102002.7029850789
814000     -6470.1715406460       129.9943332565      -740.1743942671    102002.7029850789
815000     -6470.1737228354       129.9943231254      -740.2065671267    102002.7029850788
816000     -6470.1551720252       129.9963185249      -740.2058760602    102002.7029850788
817000     -6470.1372295338       129.9979766850      -740.1986746909    102002.7029850788
818000     -6470.1038688313       130.0009883332      -740.2805268084    102002.7029850788
819000     -6470.1042430646       130.0011754987      -740.2028913925    102002.7029850788
820000     -6470.1156313050       129.9997432063      -740.1252337536    102002.7029850788
821000     -6470.1127931609       129.9992448057      -740.1454526330    102002.7029850788
822000     -6470.1688751655       129.9942804480      -740.1101146160    102002.7029850788
823000     -6470.1745922746       129.9929131612      -739.9940831162    102002.7029850788
824000     -6470.1748518912       129.9927198420      -739.9668357257    102002.7029850788
825000     -6470.1456229353       129.9946594740      -739.9167115727    102002.7029850788
826000     -6470.1295093470       129.9961815723      -739.9094594864    102002.7029850788
827000     -6470.0903168938       129.9997438322      -739.9110846039    102002.7029850788
828000     -6470.0949306998       130.0001288852      -739.9295801793    102002.7029850788
829000     -6470.0982594151       130.0001902093      -739.8857246376    102002.7029850788
830000     -6470.1024488580       129.9995896349      -739.7829446838    102002.7029850788
831000     -6470.1250003279       129.9972518399      -739.6728509596    102002.7029850788
832000     -6470.1218721899       129.9973357836      -739.6004684896    102002.7029850788
833000     -6470.1429326735       129.9954098248      -739.5612222773    102002.7029850788
834000     -6470.1465129280       129.9942914832      -739.5845855759    102002.7029850788
835000     -6470.1955643485       129.9898758321      -739.5986485724    102002.7029850788
836000     -6470.2178958223       129.9878827332      -739.5791286901    102002.7029850788
837000     -6470.1941051812       129.9900599671      -739.5526143915    102002.7029850788
838000     -6470.2051223039       129.9888598726      -739.4415703330    102002.7029850788
839000     -6470.1938575231       129.9900653339      -739.4171005581    102002.7029850788
840000     -6470.2134953871       129.9875443093      -739.3671406677    102002.7029850788
841000     -6470.2170112509       129.9870355630      -739.4501877579    102002.7029850788
842000     -6470.2378543598       129.9852606295      -739.4312978549    102002.7029850788
843000     -6470.2414422729       129.9848134654      -739.3848847229    102002.7029850788
844000     -6470.2916451874       129.9801253118      -739.3868550476    102002.7029850788
845000     -6470.3124450516       129.9780268871      -739.3437529371    102002.7029850788
846000     -6470.3514093518       129.9746966206      -739.3335537090    102002.7029850788
847000     -6470.3506089872       129.9739235345      -739.3862756434    102002.7029850788
848000     -6470.3819967475       129.9716754500      -739.3103592308    102002.7029850788
849000     -6470.4144052759       129.9682186178      -739.2104983179    102002.7029850788
850000     -6470.4150259732       129.9679898151      -739.1312928997    102002.7029850788
851000     -6470.4212914773       129.9673168404      -739.0551980912    102002.7029850788
852000     -6470.4509135955       129.9644249351      -739.0278524853    102002.7029850788
853000     -6470.4507137483       129.9645641148      -739.1700445653    102002.7029850788
854000     -6470.4326197515       129.9662877686      -739.2189933656    102002.7029850788
855000     -6470.4103298058       129.9687229764      -739.2653334650    102002.7029850788
856000     -6470.3771835389       129.9715409320      -739.3619207790    102002.7029850788
857000     -6470.4072199188       129.9689005308      -739.3077504395    102002.7029850788
858000     -6470.3894844700       129.9711457917      -739.3033170702    102002.7029850788
859000     -6470.3589220187       129.9742849146      -739.4250980575    102002.7029850788
860000     -6470.3732032462       129.9728684716      -739.5730863240    102002.7029850788
861000     -6470.3785373424       129.9732604406      -739.6000410925    102002.7029850788
862000     -6470.3480988161       129.9763242737      -739.6010067307    102002.7029850788
863000     -6470.3612161549       129.9749906986      -739.6369739914    102002.7029850788
864000     -6470.3933303233       129.9723031432      -739.6088763839    102002.7029850788
865000     -6470.4147090509       129.9704005878      -739.6682650001    102002.7029850788
866000     -6470.4183610273       129.9704679897      -739.6606232366    102002.7029850788
867000     -6470.3945507985       129.9727026828      -739.7120505986    102002.7029850788
868000     -6470.3533833348       129.9766836864      -739.7314456356    102002.7029850788
869000     -6470.3560674274       129.9765386802      -739.6680949438    102002.7029850788
870000     -6470.3667966124       129.9756209519      -739.7324430781    102002.7029850787
871000     -6470.3748504575       129.9745306373      -739.8104040180    102002.7029850787
872000     -6470.3623231808       129.9762826375      -739.8789779834    102002.7029850787
873000     -6470.3566395704       129.9770772001      -739.8986436689    102002.7029850787
874000     -6470.3566930366       129.9772225717      -739.8981251813    102002.7029850787
875000     -6470.3786062761       129.9753397071      -739.8788417589    102002.7029850787
876000     -6470.4155100076       129.9723948745      -739.8968865143    102002.7029850787
877000     -6470.4036699275       129.9734396234      -740.0053149389    102002.7029850787
878000     -6470.4064443182       129.9737689619      -740.0585839971    102002.7029850787
879000     -6470.3886944100       129.9752701399      -740.0719452761    102002.7029850787
880000     -6470.3707347981       129.9770295797      -740.0227207745    102002.7029850787
881000     -6470.3713370749       129.9776011173      -740.0200268894    102002.7029850787
882000     -6470.3933422814       129.9755572631      -740.0986564340    102002.7029850787
883000     -6470.4026322032       129.9752529920      -740.1166758809    102002.7029850787
884000     -6470.4094066162       129.9750116731      -740.1303269312    102002.7029850787
885000     -6470.4058824764       129.9751518836      -740.1962770315    102002.7029850787
886000     -6470.4273232034       129.9733027245      -740.1561567068    102002.7029850787
887000     -6470.4013664650       129.9755553997      -740.1393398772    102002.7029850787
888000     -6470.4406307016       129.9721647755      -740.1838342956    102002.7029850787
889000     -6470.4540839052       129.9713822054      -740.2086494365    102002.7029850787
890000     -6470.4633703747       129.9704425484      -740.2185690924    102002.7029850787
891000     -6470.4911930876       129.9681229867      -740.2039366542    102002.7029850787
892000     -6470.5082972814       129.9666242137      -740.1997392778    102002.7029850787
893000     -6470.5219425055       129.9655956481      -740.1714056510    102002.7029850787
894000     -6470.5401841456       129.9639225893      -740.1976148621    102002.7029850787
895000     -6470.5600006258       129.9621397482      -740.2386384794    102002.7029850787
896000     -6470.5653058052       129.9622457831      -740.1593616887    102002.7029850787
897000     -6470.5453008628       129.9640484905      -740.1328418328    102002.7029850787
898000     -6470.5233873812       129.9665412093      -740.1031545382    102002.7029850787
899000     -6470.5156636244       129.9679220608      -740.1182450761    102002.7029850787
900000     -6470.4934767969       129.9701586607      -740.1495209830    102002.7029850787
901000     -6470.4769803661       129.9718891003      -740.1018966299    102002.7029850787
902000     -6470.4868460907       129.9713539764      -740.1155613390    102002.7029850787
903000     -6470.4813415397       129.9718522828      -740.1296556721    102002.7029850787
904000     -6470.4440226789       129.9752179428      -740.1263343364    102002.7029850787
905000     -6470.4363916931       129.9760189027      -740.0750498030    102002.7029850787
906000     -6470.4017353319       129.9794814685      -740.0776910334    102002.7029850787
907000     -6470.3846538825       129.9810652621      -740.0177480110    102002.7029850787
908000     -6470.3900813686       129.9809091969      -739.8779480221    102002.7029850787
909000     -6470.3788425554       129.9820530151      -739.9067370430    102002.7029850787
910000     -6470.3495102390       129.9851318062      -739.8928358257    102002.7029850787
911000     -6470.3420263645       129.9863502071      -739.7657542192    102002.7029850787
912000     -6470.3405199690       129.9862439279      -739.7287463996    102002.7029850787
913000     -6470.3486619462       129.9851098220      -739.6662147896    102002.7029850787
914000     -6470.3586571807       129.9836784439      -739.5842534116    102002.7029850787
915000     -6470.3399442488       129.9853225013      -739.5572802689    102002.7029850787
916000     -6470.3356521864       129.9860495407      -739.5046320242    102002.7029850787
917000     -6470.3135195404       129.9877689864      -739.5232910023    102002.7029850787
918000     -6470.2987272449       129.9887562114      -739.5024305947    102002.7029850787
919000     -6470.2944153613       129.9892748669      -739.4548789778    102002.7029850787
920000     -6470.2997537792       129.9883251301      -739.4331209071    102002.7029850787
921000     -6470.3194663777       129.9861929118      -739.4263714841    102002.7029850787
922000     -6470.3507459135       129.9837861779      -739.3975892901    102002.7029850787
923000     -6470.3189798814       129.9870343801      -739.3945902969    102002.7029850787
924000     -6470.2924832311       129.9890606790      -739.3949637389    102002.7029850787
925000     -6470.2899097119       129.9895967179      -739.3568077208    102002.7029850787
926000     -6470.3263175133       129.9863767914      -739.3062571921    102002.7029850787
927000     -6470.3276835792       129.9861123739      -739.2794831702    102002.7029850786
928000     -6470.2962215607       129.9890830450      -739.2824803527    102002.7029850786
929000     -6470.2925179561       129.9895911227      -739.3460494255    102002.7029850786
930000     -6470.3095908935       129.9877343254      -739.3586793678    102002.7029850786
931000     -6470.3142251143       129.9874253221      -739.3409561994    102002.7029850786
932000     -6470.3418340906       129.9851212220      -739.2744932758    102002.7029850786
933000     -6470.3372302787       129.9851165424      -739.2790752709    102002.7029850786
934000     -6470.3657378648       129.9823347780      -739.2190602695    102002.7029850786
935000     -6470.3668854311       129.9820010431      -739.1870624392    102002.7029850786
936000     -6470.3843363902       129.9797901783      -739.2048583530    102002.7029850786
937000     -6470.4036643470       129.9781312116      -739.1611272849    102002.7029850786
938000     -6470.4057613853       129.9776258207      -739.1062241587    102002.7029850786
939000     -6470.4018015128       129.9778389314      -739.1275742019    102002.7029850786
940000     -6470.4134872994       129.9766985570      -739.0989640580    102002.7029850786
941000     -6470.4224952058       129.9765417374      -739.1515946117    102002.7029850786
942000     -6470.4234220441       129.9760525599      -739.1934076166    102002.7029850786
943000     -6470.4174797418       129.9773433777      -739.1203621971    102002.7029850786
944000     -6470.4340236751       129.9756512756      -739.1043970084    102002.7029850786
945000     -6470.4393544530       129.9754413503      -739.1076611571    102002.7029850786
946000     -6470.4267554329       129.9767849817      -739.1806763235    102002.7029850786
947000     -6470.4180809450       129.9779467141      -739.1683417963    102002.7029850786
948000     -6470.3954351280       129.9805494848      -739.1501473729    102002.7029850786
949000     -6470.4146576640       129.9787766091      -739.2567584382    102002.7029850786
950000     -6470.4403869536       129.9768734017      -739.2540178511    102002.7029850786
951000     -6470.4391071016       129.9773120101      -739.2594260503    102002.7029850786
952000     -6470.4694125554       129.9749098585      -739.2645128846    102002.7029850786
953000     -6470.4765135515       129.9740960008      -739.2502618355    102002.7029850786
954000     -6470.4991238723       129.9717201907      -739.1942282700    102002.7029850786
955000     -6470.5036451499       129.9714861745      -739.1722937043    102002.7029850786
956000     -6470.5208942263       129.9695881446      -739.1562503245    102002.7029850786
957000     -6470.5365124634       129.9677924344      -739.1181361192    102002.7029850786
958000     -6470.5518201665       129.9660039717      -739.1213031113    102002.7029850786
959000     -6470.5529387239       129.9656973046      -739.1343017671    102002.7029850786
960000     -6470.5533367689       129.9659798849      -739.1123747169    102002.7029850786
961000     -6470.5215239446       129.9687730163      -739.0472519167    102002.7029850786
962000     -6470.5089030287       129.9701329866      -738.9923683052    102002.7029850786
963000     -6470.5034290040       129.9705625129      -739.0130210453    102002.7029850786
964000     -6470.5118926450       129.9702691936      -738.9446950664    102002.7029850786
965000     -6470.5272885986       129.9687026623      -738.9796132619    102002.7029850786
966000     -6470.5237042614       129.9691116979      -738.9820952110    102002.7029850786
967000     -6470.5169220267       129.9696894305      -738.9767660573    102002.7029850786
968000     -6470.5115092520       129.9704280668      -738.9713331062    102002.7029850786
969000     -6470.5424392024       129.9676465410      -739.0072866879    102002.7029850786
970000     -6470.5231687542       129.9692897539      -739.1499924755    102002.7029850786
971000     -6470.5260674302       129.9693442308      -739.1872420028    102002.7029850786
972000     -6470.5459821806       129.9676449351      -739.2748016264    102002.7029850786
973000     -6470.5497422835       129.9673842224      -739.3017165047    102002.7029850786
974000     -6470.5762208299       129.9651948263      -739.2857270423    102002.7029850786
975000     -6470.5724880660       129.9650648278      -739.2825325408    102002.7029850786
976000     -6470.5648718377       129.9653616824      -739.2492878103    102002.7029850786
977000     -6470.5674248991       129.9649161985      -739.3187492736    102002.7029850786
978000     -6470.5417879255       129.9677426863      -739.2904767291    102002.7029850786
979000     -6470.5346070332       129.9681684688      -739.2863458371    102002.7029850786
980000     -6470.5381187182       129.9682963158      -739.2841549818    102002.7029850786
981000     -6470.5282721741       129.9691705375      -739.3416916012    102002.7029850786
982000     -6470.4984896774       129.9721911206      -739.3981228860    102002.7029850786
983000     -6470.5002182484       129.9724571919      -739.4458982232    102002.7029850786
984000     -6470.5389023447       129.9689912550      -739.4974088904    102002.7029850786
985000     -6470.5619596123       129.9672432125      -739.4235229626    102002.7029850786
986000     -6470.5244389312       129.9702429005      -739.5136051791    102002.7029850786
987000     -6470.5255877415       129.9700401588      -739.4567831280    102002.7029850786
988000     -6470.5352463194       129.9693849420      -739.5268852612    102002.7029850786
989000     -6470.5581778331       129.9674768664      -739.5833069640    102002.7029850786
990000     -6470.5737568006       129.9659271647      -739.6189866117    102002.7029850786
991000     -6470.6043531082       129.9632922075      -739.6708161978    102002.7029850786
992000     -6470.6067215284       129.9634412679      -739.7591710894    102002.7029850786
993000     -6470.6047821962       129.9639348960      -739.8838731176    102002.7029850786
994000     -6470.6257658830       129.9624205967      -739.9252750222    102002.7029850786
995000     -6470.6316253822       129.9621355154      -740.0433745339    102002.7029850786
996000     -6470.6352859902       129.9618249614      -740.1089965972    102002.7029850786
997000     -6470.6449497104       129.9609434150      -740.1507121067    102002.7029850786
998000     -6470.6422956575       129.9607651192      -740.2421881544    102002.7029850786
999000     -6470.6606269720       129.9593447623      -740.2941021999    102002.7029850786
1000000     -6470.6653913353       129.9587178664      -740.3477320482    102002.7029850786
