# Time-averaged data for fix runningavgs
# TimeStep v_ra_etotal v_ra_temp v_ra_press v_ra_volume
502000     -9639.5046570831       109.6997865521      -822.3236829540    102002.7029850792
503000     -9640.2815156649       109.6881129240      -840.5026301249    102002.7029850792
504000     -9641.7146413312       109.6668142711      -829.8292678683    102002.7029850792
505000     -9642.2280161563       109.7430537651      -832.4732852887    102002.7029850792
506000     -9638.6619423476       109.9309148727      -833.1143575605    102002.7029850792
507000     -9640.2328978986       109.8465626352      -835.3586814569    102002.7029850792
508000     -9641.2043615605       109.7986932538      -830.9250714207    102002.7029850792
509000     -9639.2892143046       109.8941022137      -833.9311153301    102002.7029850792
510000     -9637.8174506962       109.9526737798      -834.7632596259    102002.7029850792
511000     -9638.3967363939       109.9260069812      -840.0467938873    102002.7029850792
512000     -9638.3944550532       109.9234281930      -851.1216947233    102002.7029850792
513000     -9637.2758253703       110.0040061533      -855.7871826914    102002.7029850792
514000     -9637.1048549151       110.0369753060      -857.1699284953    102002.7029850792
515000     -9637.2478136551       110.0733080030      -864.5597692744    102002.7029850792
516000     -9637.8652285226       110.0667587192      -863.1225716397    102002.7029850792
517000     -9638.6346974390       110.0251524310      -860.7168937891    102002.7029850792
518000     -9638.0502569302       110.0283422449      -856.5264936899    102002.7029850792
519000     -9637.8599714917       110.0337737191      -852.3457031291    102002.7029850792
520000     -9637.4752902185       110.0487437030      -852.6832918104    102002.7029850792
521000     -9637.4594041383       110.0490833706      -852.6433099673    102002.7029850792
522000     -9638.0654000094       110.0264644879      -851.7686017285    102002.7029850792
523000     -9637.9056609688       110.0448163985      -849.8483927454    102002.7029850792
524000     -9638.2851565700       110.0225420005      -848.1999077928    102002.7029850792
525000     -9638.1494820525       110.0153149724      -846.3580797130    102002.7029850792
526000     -9638.0324926902       110.0036972707      -842.3124474221    102002.7029850792
527000     -9637.9590568179       110.0262868041      -841.1693852416    102002.7029850792
528000     -9637.7340523183       110.0359227224      -840.8891809796    102002.7029850792
529000     -9637.9013782186       110.0314723722      -841.9033585862    102002.7029850792
530000     -9637.5550694679       110.0475750776      -841.4785874407    102002.7029850792
531000     -9637.4602016807       110.0394962054      -841.3830107456    102002.7029850792
532000     -9637.3444043024       110.0449929533      -840.2941335301    102002.7029850792
533000     -9637.4261178421       110.0429749790      -842.6736727255    102002.7029850792
534000     -9636.9990590205       110.0654089754      -843.5838385637    102002.7029850792
535000     -9637.0846877520       110.0569774476      -842.0110549317    102002.7029850792
536000     -9637.2229732594       110.0515047906      -843.1830208767    102002.7029850792
537000     -9637.2858872679       110.0479962218      -844.7415075708    102002.7029850792
538000     -9637.3946152503       110.0355178880      -844.7449088432    102002.7029850792
539000     -9637.3580303321       110.0398727555      -844.9914532902    102002.7029850791
540000     -9637.5277216283       110.0365768593      -846.0133981708    102002.7029850791
541000     -9637.8025647528       110.0312896994      -845.9644833747    102002.7029850791
542000     -9638.0698968357       110.0130742350      -845.9671679396    102002.7029850791
543000     -9638.0634576757       110.0066410746      -845.4219136451    102002.7029850791
544000     -9637.5551049697       110.0248778118      -845.5611656445    102002.7029850791
545000     -9637.4912535588       110.0316654076      -845.5138614217    102002.7029850791
546000     -9637.8516749161       110.0214868275      -844.1856175338    102002.7029850791
547000     -9638.2544840959       110.0085669292      -844.2987353889    102002.7029850791
548000     -9638.3282630317       110.0091795710      -846.0915283840    102002.7029850791
549000     -9638.3451993595       110.0164971438      -847.5584845758    102002.7029850791
550000     -9638.4808687478       110.0111858012      -846.9092403474    102002.7029850791
551000     -9638.6236341791       110.0013250234      -846.4233172088    102002.7029850791
552000     -9638.6440678192       110.0019470963      -845.9715626765    102002.7029850791
553000     -9638.6789687586       110.0020993646      -845.0896293299    102002.7029850791
554000     -9638.7593487470       110.0001924807      -845.6582543375    102002.7029850791
555000     -9638.8167672543       110.0001464743      -844.6834566551    102002.7029850791
556000     -9638.8585833091       110.0047541050      -844.8703738173    102002.7029850791
557000     -9638.9211892062       110.0035198766      -844.9670422930    102002.7029850791
558000     -9639.0817770982       109.9959324124      -846.1856891625    102002.7029850791
559000     -9639.2327209430       109.9993311816      -847.0125071821    102002.7029850791
560000     -9639.2820395142       109.9939254376      -845.9961329097    102002.7029850791
561000     -9639.2145503408       110.0011850329      -846.1229145195    102002.7029850791
562000     -9639.0951370594       110.0035430093      -847.9678670490    102002.7029850791
563000     -9639.2211142635       109.9970844496      -849.0482216605    102002.7029850791
564000     -9639.4242193786       109.9869614681      -849.3391447272    102002.7029850791
565000     -9639.5874815332       109.9798619261      -849.9765839151    102002.7029850791
566000     -9639.3958742291       109.9839069302      -849.2284230601    102002.7029850791
567000     -9639.3418706945       109.9855895338      -848.7559865069    102002.7029850791
568000     -9639.4029191648       109.9821014290      -847.9517624384    102002.7029850791
569000     -9639.1496477038       109.9927780079      -847.4073778092    102002.7029850791
570000     -9639.0305525120       109.9970401966      -846.8336320421    102002.7029850791
571000     -9639.0372396163       109.9946569415      -846.1796863431    102002.7029850791
572000     -9638.9701144528       110.0015301133      -845.9597085742    102002.7029850791
573000     -9638.9987950263       110.0069607781      -845.6498580270    102002.7029850791
574000     -9638.9658662113       110.0136133435      -845.8971873822    102002.7029850791
575000     -9639.2305971014       110.0055550923      -845.6274108793    102002.7029850791
576000     -9639.3096190951       110.0060412499      -844.7360659290    102002.7029850791
577000     -9639.2007436752       110.0125041422      -842.9748411895    102002.7029850791
578000     -9639.2382636124       110.0128208477      -842.3772731303    102002.7029850791
579000     -9639.2867202550       110.0190562233      -842.4369803810    102002.7029850791
580000     -9639.4597711516       110.0168164941      -842.3183963357    102002.7029850791
581000     -9639.7089090806       110.0149256873      -842.0363459869    102002.7029850791
582000     -9639.7893073499       110.0143201429      -841.5944203754    102002.7029850791
583000     -9639.9712495344       110.0039070843      -841.3024796799    102002.7029850791
584000     -9640.0223501945       110.0025049167      -840.6647670770    102002.7029850791
585000     -9640.0913902884       110.0019762808      -840.6066983528    102002.7029850791
586000     -9640.2044679183       109.9940679004      -841.0246522163    102002.7029850791
587000     -9640.1716313910       109.9952727955      -841.3123855608    102002.7029850791
588000     -9640.2038321321       109.9940848567      -840.8461893586    102002.7029850791
589000     -9640.2200880582       109.9975794756      -840.2056281231    102002.7029850791
590000     -9640.2611528891       109.9986534956      -839.4891056353    102002.7029850791
591000     -9640.3078877770       109.9990647295      -838.3801897291    102002.7029850792
592000     -9640.3087803127       110.0004295126      -837.7912195311    102002.7029850792
593000     -9640.2643308337       110.0003359405      -837.0721858988    102002.7029850792
594000     -9640.1681431572       110.0039235731      -836.4222090190    102002.7029850792
595000     -9640.1971232069       110.0038779533      -836.0452827143    102002.7029850792
596000     -9640.1225377451       110.0069469915      -836.0338785715    102002.7029850792
597000     -9640.0655838088       110.0095631784      -835.7272448814    102002.7029850792
598000     -9640.0712390246       110.0062068394      -835.0393179597    102002.7029850792
599000     -9640.1814326742       110.0045910705      -834.9059088671    102002.7029850792
600000     -9640.1499286010       110.0040835939      -835.5714407666    102002.7029850792
601000     -9639.9731908532       110.0135676049      -835.9592648121    102002.7029850792
602000     -9640.0301391645       110.0143037296      -836.1600473730    102002.7029850792
603000     -9640.0509703600       110.0158487549      -835.8708290863    102002.7029850792
604000     -9640.0410923346       110.0159622733      -836.6092535586    102002.7029850793
605000     -9640.1207654198       110.0123378461      -837.2810062612    102002.7029850793
606000     -9640.1472382110       110.0127218772      -837.1429315960    102002.7029850793
607000     -9640.0912646496       110.0142370568      -836.7651757475    102002.7029850793
608000     -9640.0318887097       110.0162548312      -836.8491931448    102002.7029850793
609000     -9640.0872873956       110.0113574838      -837.5512673481    102002.7029850793
610000     -9640.0507337541       110.0111001333      -837.8729396534    102002.7029850793
611000     -9640.0141941894       110.0130287056      -837.9122847734    102002.7029850793
612000     -9640.2132273679       110.0062765209      -838.1726297137    102002.7029850793
613000     -9640.3685321354       110.0003343801      -838.4413363044    102002.7029850793
614000     -9640.4604656375       109.9998506894      -838.7520857360    102002.7029850793
615000     -9640.5179871758       109.9966041920      -838.4414119990    102002.7029850793
616000     -9640.4575496735       110.0009234546      -838.3366748914    102002.7029850793
617000     -9640.3104796615       110.0035611305      -838.3218435010    102002.7029850793
618000     -9640.4322749755       109.9976096750      -837.8787562283    102002.7029850793
619000     -9640.4109641673       109.9955021039      -837.6426372257    102002.7029850793
620000     -9640.3965836760       109.9950646611      -836.8108005862    102002.7029850793
621000     -9640.2719717379       110.0015830901      -837.1159561255    102002.7029850793
622000     -9640.3410404622       109.9991051473      -837.4410952494    102002.7029850794
623000     -9640.3678315673       109.9953002640      -837.7602656941    102002.7029850794
624000     -9640.2790152827       109.9988559783      -837.6585680923    102002.7029850794
625000     -9640.2819791789       109.9993528200      -837.9985519412    102002.7029850794
626000     -9640.2706382573       109.9969460741      -838.0287581627    102002.7029850794
627000     -9640.3160112215       109.9954128809      -837.9834679530    102002.7029850794
628000     -9640.2682516994       109.9982749626      -837.6674709662    102002.7029850794
629000     -9640.1753066833       110.0032250700      -837.3245468874    102002.7029850794
630000     -9640.0116592087       110.0082865739      -837.3746943527    102002.7029850794
631000     -9639.9768501383       110.0108757413      -836.9496094983    102002.7029850794
632000     -9639.9147341839       110.0116689298      -836.8585656879    102002.7029850794
633000     -9639.9432846609       110.0101411114      -837.2150086229    102002.7029850794
634000     -9639.9514807674       110.0083270125      -837.2318068488    102002.7029850794
635000     -9639.9848624542       110.0066717482      -837.8776607062    102002.7029850794
636000     -9639.9767685999       110.0087250486      -838.0119268188    102002.7029850794
637000     -9639.9608574373       110.0113385057      -838.0313716022    102002.7029850794
638000     -9639.9634839704       110.0124255999      -838.0176627139    102002.7029850794
639000     -9639.9696044124       110.0114804914      -837.7053127286    102002.7029850794
640000     -9640.0528133388       110.0074838575      -837.4704020874    102002.7029850794
641000     -9640.0012928172       110.0102944052      -837.7686622531    102002.7029850794
642000     -9640.0088883260       110.0115118620      -838.5559272162    102002.7029850794
643000     -9640.0108805669       110.0113527275      -838.9302713689    102002.7029850794
644000     -9640.0920128327       110.0086982847      -839.1116212270    102002.7029850794
645000     -9640.1070384388       110.0088027236      -838.8824930739    102002.7029850794
646000     -9640.0815932847       110.0102423442      -838.8601931003    102002.7029850795
647000     -9640.1056150523       110.0085553588      -838.8729455628    102002.7029850795
648000     -9640.1008794478       110.0056512199      -838.9107145123    102002.7029850795
649000     -9639.9490096794       110.0094689811      -838.6343516113    102002.7029850795
650000     -9639.9347180257       110.0092178661      -838.1436963099    102002.7029850795
651000     -9639.8579589648       110.0127983136      -838.0016185327    102002.7029850795
652000     -9639.8440523764       110.0122915540      -837.5639064179    102002.7029850795
653000     -9639.9534354234       110.0103429189      -837.4522844851    102002.7029850795
654000     -9639.9791954075       110.0089081525      -837.4514752880    102002.7029850795
655000     -9639.9745157511       110.0086697767      -837.4901538101    102002.7029850795
656000     -9639.9789456786       110.0069343416      -837.5643591430    102002.7029850795
657000     -9639.9863273444       110.0080521354      -837.4330039608    102002.7029850795
658000     -9639.9618308323       110.0113145816      -837.3253729684    102002.7029850795
659000     -9639.9786257726       110.0100894516      -837.1596540351    102002.7029850795
660000     -9639.9923061880       110.0104215255      -837.1501744315    102002.7029850795
661000     -9639.9722045249       110.0113487243      -837.1225830673    102002.7029850795
662000     -9639.9924902308       110.0107586883      -837.0174018897    102002.7029850795
663000     -9640.0340420503       110.0080087223      -836.6416932364    102002.7029850795
664000     -9640.0794815868       110.0056253745      -836.7475943139    102002.7029850795
665000     -9640.0886725482       110.0055165516      -836.6298570305    102002.7029850795
666000     -9640.1454982597       110.0047178461      -836.5813552220    102002.7029850795
667000     -9640.1723378483       110.0019869890      -836.6997486960    102002.7029850795
668000     -9640.2060518200       109.9985751611      -836.8954759100    102002.7029850795
669000     -9640.2352272642       109.9983664379      -836.8333869762    102002.7029850795
670000     -9640.2124453599       110.0006657245      -836.8079918432    102002.7029850795
671000     -9640.2501804345       110.0008288427      -836.7051976792    102002.7029850795
672000     -9640.2223272842       110.0031165278      -836.5144137983    102002.7029850795
673000     -9640.1431372058       110.0066343569      -836.7126689976    102002.7029850795
674000     -9640.1775028537       110.0076279152      -836.7665541396    102002.7029850794
675000     -9640.1780530949       110.0056440807      -836.8648344052    102002.7029850794
676000     -9640.2457879550       110.0038512536      -837.1863919639    102002.7029850794
677000     -9640.3253587777       110.0007087518      -837.3264987614    102002.7029850794
678000     -9640.3415650182       110.0005595805      -837.6315885341    102002.7029850794
679000     -9640.3808725733       109.9995556054      -837.5654118613    102002.7029850794
680000     -9640.3935317565       109.9986728667      -837.5373493989    102002.7029850794
681000     -9640.4825746360       109.9957110935      -837.4547826459    102002.7029850794
682000     -9640.5235212142       109.9944498383      -837.1043433514    102002.7029850794
683000     -9640.5529508076       109.9938930197      -836.9534483228    102002.7029850794
684000     -9640.5447439545       109.9936179470      -836.9983262874    102002.7029850794
685000     -9640.4713689002       109.9954242307      -837.1997703175    102002.7029850794
686000     -9640.4251651511       109.9973958998      -837.0961270939    102002.7029850794
687000     -9640.3634254185       109.9997682078      -837.0021273262    102002.7029850794
688000     -9640.2977590057       110.0033856107      -837.0889964659    102002.7029850793
689000     -9640.3027160511       110.0038313240      -836.9546964391    102002.7029850793
690000     -9640.3497206077       110.0030640499      -836.8869049545    102002.7029850793
691000     -9640.4381210142       110.0004739737      -836.7705053020    102002.7029850793
692000     -9640.4362351747       110.0009500243      -836.6953399600    102002.7029850793
693000     -9640.4276629794       110.0018645659      -836.3272430577    102002.7029850793
694000     -9640.3856146908       110.0041300116      -836.2895318012    102002.7029850793
695000     -9640.4912682971       109.9995914423      -836.7479569027    102002.7029850793
696000     -9640.5246618591       109.9998959859      -837.0703689380    102002.7029850793
697000     -9640.4618887565       110.0049711268      -837.1207797748    102002.7029850793
698000     -9640.4606973094       110.0072842153      -837.2244253142    102002.7029850793
699000     -9640.4740599654       110.0074083185      -837.1305609082    102002.7029850793
700000     -9640.4708655387       110.0071350668      -837.1713731203    102002.7029850793
701000     -9640.4328898255       110.0094489351      -837.4250191538    102002.7029850793
702000     -9640.4507777867       110.0083704015      -837.7350210227    102002.7029850793
703000     -9640.4487055121       110.0103658156      -837.6291191919    102002.7029850793
704000     -9640.3877063574       110.0121607689      -837.4180664519    102002.7029850792
705000     -9640.3962002414       110.0113435375      -837.3584600734    102002.7029850792
706000     -9640.3559784688       110.0137301519      -837.4033550661    102002.7029850792
707000     -9640.3854756210       110.0127857981      -837.3009682779    102002.7029850792
708000     -9640.4149534229       110.0127832424      -837.1868618100    102002.7029850792
709000     -9640.4372389437       110.0125486119      -837.1940807333    102002.7029850792
710000     -9640.4488584635       110.0127150566      -837.2410769767    102002.7029850792
711000     -9640.4595707239       110.0123239426      -837.1275534113    102002.7029850792
712000     -9640.4501557454       110.0133133241      -837.2905385170    102002.7029850792
713000     -9640.5007524355       110.0114224709      -837.3707586613    102002.7029850792
714000     -9640.5328176505       110.0110667660      -837.5124793118    102002.7029850792
715000     -9640.6031913003       110.0070376653      -837.7708010838    102002.7029850792
716000     -9640.5338765801       110.0092928046      -837.5253915120    102002.7029850792
717000     -9640.6117459112       110.0069682189      -837.6039872593    102002.7029850792
718000     -9640.6240199515       110.0072793881      -837.6317709539    102002.7029850792
719000     -9640.5917947718       110.0079087399      -837.4600261086    102002.7029850792
720000     -9640.4954647558       110.0120015406      -837.3007864103    102002.7029850792
721000     -9640.4582997967       110.0137684139      -837.1459540823    102002.7029850792
722000     -9640.5164737044       110.0103235217      -837.1387711801    102002.7029850792
723000     -9640.5965544899       110.0064472811      -837.3749122515    102002.7029850792
724000     -9640.5840070262       110.0092462830      -837.3115326210    102002.7029850791
725000     -9640.5690410795       110.0099414688      -837.6456069418    102002.7029850791
726000     -9640.5782945573       110.0084221434      -837.7628991995    102002.7029850791
727000     -9640.6474366354       110.0054271625      -838.0241079919    102002.7029850791
728000     -9640.6256924773       110.0066883949      -838.6312365160    102002.7029850791
729000     -9640.6547439455       110.0066399383      -839.2170221269    102002.7029850791
730000     -9640.6510567216       110.0074932220      -839.4543071276    102002.7029850791
731000     -9640.5902959121       110.0117961510      -839.5818075507    102002.7029850791
732000     -9640.5967553249       110.0119885704      -839.8950989716    102002.7029850791
733000     -9640.5806031258       110.0136616719      -839.6471948490    102002.7029850791
734000     -9640.6055385929       110.0130503797      -839.5686980155    102002.7029850791
735000     -9640.6763772600       110.0105661501      -839.7595842989    102002.7029850791
736000     -9640.6785021780       110.0106984575      -840.0806475115    102002.7029850791
737000     -9640.6928923023       110.0102207508      -840.3766532317    102002.7029850791
738000     -9640.7547423698       110.0082144712      -840.5371703393    102002.7029850791
739000     -9640.7758578255       110.0081042461      -840.5365507145    102002.7029850791
740000     -9640.7918870884       110.0072909247      -840.6053422628    102002.7029850791
741000     -9640.8233215124       110.0061190595      -840.8750769704    102002.7029850791
742000     -9640.8123582119       110.0057988179      -841.0774308721    102002.7029850791
743000     -9640.8068472687       110.0060681408      -841.1661868640    102002.7029850791
744000     -9640.7850054858       110.0044174392      -841.0702567241    102002.7029850791
745000     -9640.7556757043       110.0046175297      -841.0013122571    102002.7029850791
746000     -9640.7987993438       110.0039228140      -841.0452622940    102002.7029850791
747000     -9640.7593877668       110.0075200869      -840.8186434242    102002.7029850791
748000     -9640.7421612622       110.0083731278      -840.9210362200    102002.7029850790
749000     -9640.7204024895       110.0096540424      -840.8762264000    102002.7029850790
750000     -9640.7002720517       110.0105181294      -840.6385267072    102002.7029850790
751000     -9640.7382495945       110.0081003020      -840.8276882505    102002.7029850790
752000     -9640.7467033887       110.0085279748      -840.7418037737    102002.7029850790
753000     -9640.7091617460       110.0124469262      -840.7378275861    102002.7029850790
754000     -9640.6883104795       110.0141722464      -840.5198473578    102002.7029850790
755000     -9640.6512008215       110.0161525797      -839.9137238710    102002.7029850790
756000     -9640.6552598757       110.0169802337      -839.4952927853    102002.7029850790
757000     -9640.6721955280       110.0163468514      -839.5067948537    102002.7029850790
758000     -9640.6526482151       110.0168029565      -839.3981927910    102002.7029850790
759000     -9640.6892294372       110.0144307738      -839.2761905703    102002.7029850790
760000     -9640.6785515237       110.0137442520      -839.2611200951    102002.7029850790
761000     -9640.6981159371       110.0109738954      -839.4683975366    102002.7029850790
762000     -9640.6289398767       110.0124100149      -839.5238439389    102002.7029850790
763000     -9640.6072909453       110.0133936736      -839.3788726928    102002.7029850790
764000     -9640.5931755730       110.0132292026      -839.3212481724    102002.7029850790
765000     -9640.5528880863       110.0159115472      -839.2231861451    102002.7029850790
766000     -9640.4813435895       110.0195582771      -839.1682093566    102002.7029850790
767000     -9640.4746147067       110.0197675789      -839.1044939379    102002.7029850790
768000     -9640.4176983847       110.0208591857      -839.2813139393    102002.7029850790
769000     -9640.3827112083       110.0207822353      -839.3635145977    102002.7029850790
770000     -9640.3069477403       110.0232526543      -839.8109528846    102002.7029850790
771000     -9640.2563122270       110.0235590004      -839.8370872404    102002.7029850790
772000     -9640.2592562045       110.0213638223      -839.6725718593    102002.7029850790
773000     -9640.2869115656       110.0198671355      -839.5697157437    102002.7029850790
774000     -9640.3000629752       110.0185707137      -839.5903720309    102002.7029850790
775000     -9640.2676950858       110.0200567455      -839.4682443125    102002.7029850790
776000     -9640.2427300866       110.0214356853      -839.5309119175    102002.7029850790
777000     -9640.2253190666       110.0231844257      -839.7703281131    102002.7029850789
778000     -9640.2043783365       110.0241930667      -840.0755797535    102002.7029850789
779000     -9640.1737558796       110.0268304034      -840.1596494211    102002.7029850789
780000     -9640.1999972326       110.0259126010      -840.2538712010    102002.7029850789
781000     -9640.2035396669       110.0252369041      -840.6592862208    102002.7029850789
782000     -9640.1597904633       110.0274611849      -840.8468480518    102002.7029850789
783000     -9640.1919862235       110.0260250267      -841.0623650381    102002.7029850789
784000     -9640.1903906574       110.0273345273      -841.3837784891    102002.7029850789
785000     -9640.2194099386       110.0266137641      -841.7096162947    102002.7029850789
786000     -9640.2530549845       110.0255517074      -841.8430190546    102002.7029850789
787000     -9640.2601024459       110.0267727590      -841.8185673763    102002.7029850789
788000     -9640.3301450318       110.0247746027      -841.9602316278    102002.7029850789
789000     -9640.3483847600       110.0245095982      -841.9313906933    102002.7029850789
790000     -9640.3616185377       110.0241354270      -842.0109042917    102002.7029850789
791000     -9640.3777465493       110.0253915069      -841.9444375884    102002.7029850789
792000     -9640.3629794210       110.0264207929      -841.9441510133    102002.7029850789
793000     -9640.3569157394       110.0281668442      -841.8912201722    102002.7029850789
794000     -9640.3825891564       110.0281916597      -842.0084838008    102002.7029850789
795000     -9640.4162816538       110.0275476394      -842.1416983236    102002.7029850789
796000     -9640.4317320510       110.0274439399      -842.1189678284    102002.7029850789
797000     -9640.4384086754       110.0281516288      -842.0401431686    102002.7029850789
798000     -9640.4922776040       110.0254593572      -841.8678532333    102002.7029850789
799000     -9640.5187318643       110.0248766612      -841.7327911480    102002.7029850789
800000     -9640.5527715355       110.0234176489      -841.6670770897    102002.7029850789
801000     -9640.5334197538       110.0238569198      -841.6918123767    102002.7029850789
802000     -9640.5274724448       110.0233822279      -841.4081597874    102002.7029850789
803000     -9640.5450075584       110.0225642397      -841.2619194991    102002.7029850789
804000     -9640.5572388425       110.0226804193      -841.2247874479    102002.7029850789
805000     -9640.6289911420       110.0204778319      -841.1352327373    102002.7029850789
806000     -9640.6674852193       110.0197777795      -840.9785511528    102002.7029850789
807000     -9640.6873060650       110.0195243372      -840.9976272213    102002.7029850789
808000     -9640.7080316263       110.0190705919      -840.7316262625    102002.7029850789
809000     -9640.7140106143       110.0213459646      -840.2997525918    102002.7029850789
810000     -9640.7711474961       110.0201361463      -840.2026523599    102002.7029850789
811000     -9640.7479522778       110.0204053909      -839.7636642668    102002.7029850789
812000     -9640.7592917460       110.0200453876      -839.4221847552    102002.7029850789
813000     -9640.7568358861       110.0216450560      -839.1961702371    102002.7029850789
814000     -9640.7699292133       110.0214135392      -839.1742305747    102002.7029850789
815000     -9640.8151892017       110.0187466586      -838.9296424192    102002.7029850788
816000     -9640.8462937062       110.0170102798      -838.7159693866    102002.7029850788
817000     -9640.8508589673       110.0170943265      -838.4227825988    102002.7029850788
818000     -9640.8993469837       110.0158404885      -838.3036894357    102002.7029850788
819000     -9640.9347086856       110.0137297710      -838.0649013499    102002.7029850788
820000     -9640.9429649178       110.0130799230      -837.6682334578    102002.7029850788
821000     -9640.9569346408       110.0117758780      -837.5167371964    102002.7029850788
822000     -9640.9670117731       110.0110281244      -837.5868386408    102002.7029850788
823000     -9640.9456302323       110.0119790081      -837.4702838946    102002.7029850788
824000     -9640.9496747359       110.0116483153      -837.3233679603    102002.7029850788
825000     -9640.9404785931       110.0123540358      -836.9913217216    102002.7029850788
826000     -9640.9829520069       110.0111421713      -836.7558100671    102002.7029850788
827000     -9640.9939852284       110.0107863425      -836.7072152597    102002.7029850788
828000     -9641.0177637562       110.0104168532      -836.7170277411    102002.7029850788
829000     -9641.0226646164       110.0112307062      -836.5572515438    102002.7029850788
830000     -9641.0579340667       110.0099155682      -836.2806406884    102002.7029850788
831000     -9641.0462110278       110.0105848060      -836.1603868068    102002.7029850788
832000     -9641.0738910762       110.0098569003      -836.1571330524    102002.7029850788
833000     -9641.0552954073       110.0101110344      -835.9364397378    102002.7029850788
834000     -9641.0420915638       110.0103743981      -835.6853988027    102002.7029850788
835000     -9641.0089594382       110.0120628933      -835.6103403751    102002.7029850788
836000     -9640.9806669694       110.0125155628      -835.3919498446    102002.7029850788
837000     -9640.9624390772       110.0132713519      -835.3357080229    102002.7029850788
838000     -9640.9499958411       110.0132138410      -835.2282387082    102002.7029850788
839000     -9640.9285160352       110.0156752774      -835.0278249369    102002.7029850788
840000     -9640.9362858445       110.0155740884      -834.6571493174    102002.7029850788
841000     -9640.9798612593       110.0133218414      -834.5846596935    102002.7029850788
842000     -9640.9576471848       110.0135574231      -834.6042604203    102002.7029850788
843000     -9640.9877339312       110.0115865911      -834.4380386316    102002.7029850788
844000     -9640.9992627849       110.0108645595      -834.1944991577    102002.7029850788
845000     -9641.0078581731       110.0114846132      -833.8859651448    102002.7029850788
846000     -9641.0621282252       110.0081073917      -833.6664316290    102002.7029850788
847000     -9641.0973405532       110.0068608561      -833.7190793083    102002.7029850788
848000     -9641.1280196361       110.0049196608      -833.7602171375    102002.7029850788
849000     -9641.1323536772       110.0056689970      -833.6685836181    102002.7029850788
850000     -9641.1575106608       110.0051624186      -833.5307529509    102002.7029850788
851000     -9641.1836064310       110.0036051813      -833.2777790641    102002.7029850788
852000     -9641.1903416354       110.0037586930      -833.2484674988    102002.7029850788
853000     -9641.1582691713       110.0058341501      -833.0991027173    102002.7029850788
854000     -9641.1703177550       110.0059246636      -832.9021207756    102002.7029850788
855000     -9641.2057144226       110.0049799837      -832.8501713560    102002.7029850788
856000     -9641.1922072147       110.0063382331      -832.7283569454    102002.7029850788
857000     -9641.1781583744       110.0077661130      -832.6162313931    102002.7029850788
858000     -9641.1296225839       110.0106833683      -832.6150753580    102002.7029850788
859000     -9641.1086812884       110.0111703045      -832.5543050468    102002.7029850788
860000     -9641.0806778173       110.0129519591      -832.4332539380    102002.7029850788
861000     -9641.1065661257       110.0110333424      -832.4316785486    102002.7029850788
862000     -9641.1224381509       110.0099714592      -832.3933470898    102002.7029850788
863000     -9641.1499669130       110.0092526884      -832.5704183216    102002.7029850788
864000     -9641.1451493571       110.0103938529      -832.3638136257    102002.7029850788
865000     -9641.1533952449       110.0093312865      -832.3264357031    102002.7029850788
866000     -9641.1015105871       110.0116431997      -832.0603606941    102002.7029850788
867000     -9641.1417623255       110.0109000021      -831.7148242734    102002.7029850788
868000     -9641.1642832833       110.0105722804      -831.5864315256    102002.7029850788
869000     -9641.1224317100       110.0129324000      -831.3359101954    102002.7029850788
870000     -9641.1390947018       110.0127243726      -831.2608206021    102002.7029850787
871000     -9641.1514426178       110.0126037887      -831.0319026730    102002.7029850787
872000     -9641.1900189377       110.0109951233      -830.9948417132    102002.7029850787
873000     -9641.2378581137       110.0095540879      -830.8753822950    102002.7029850787
874000     -9641.1999268443       110.0114999427      -830.6875549781    102002.7029850787
875000     -9641.2409012653       110.0102673842      -830.7734658187    102002.7029850787
876000     -9641.2630190975       110.0102610118      -830.8907643802    102002.7029850787
877000     -9641.2567066630       110.0098837981      -830.8314721180    102002.7029850787
878000     -9641.2508054639       110.0100718518      -830.6847589352    102002.7029850787
879000     -9641.2153113371       110.0120725759      -830.8262394146    102002.7029850787
880000     -9641.2297259408       110.0120697829      -830.8163164867    102002.7029850787
881000     -9641.2492565558       110.0116403266      -830.6875666399    102002.7029850787
882000     -9641.2562132291       110.0126490136      -830.6825834165    102002.7029850787
883000     -9641.2723266294       110.0130204890      -830.5522480620    102002.7029850787
884000     -9641.2937713524       110.0125544275      -830.5196807094    102002.7029850787
885000     -9641.2610182183       110.0137257624      -830.3985423003    102002.7029850787
886000     -9641.2708501527       110.0140106932      -830.4421147861    102002.7029850787
887000     -9641.2440716578       110.0152928022      -830.5302710331    102002.7029850787
888000     -9641.2227464345       110.0150313796      -830.4432395581    102002.7029850787
889000     -9641.2097165586       110.0152028872      -830.3129364132    102002.7029850787
890000     -9641.2207315739       110.0139719834      -830.3757253806    102002.7029850787
891000     -9641.2100769085       110.0132697184      -830.3851640713    102002.7029850787
892000     -9641.2045349731       110.0136271985      -830.2964635963    102002.7029850787
893000     -9641.1978051734       110.0150084304      -830.1894869676    102002.7029850787
894000     -9641.2341394705       110.0135505180      -830.1566948714    102002.7029850787
895000     -9641.2036838052       110.0141813896      -830.0496444777    102002.7029850787
896000     -9641.1693288172       110.0163724098      -829.9661211956    102002.7029850787
897000     -9641.1581018027       110.0171370978      -829.9307063487    102002.7029850787
898000     -9641.1634903966       110.0155276117      -829.8726866393    102002.7029850787
899000     -9641.1968141985       110.0139834646      -829.7337249701    102002.7029850787
900000     -9641.2078085749       110.0144309137      -829.5714474596    102002.7029850787
901000     -9641.1820372946       110.0156222658      -829.6059910155    102002.7029850787
902000     -9641.2085810756       110.0141803515      -829.7856886509    102002.7029850787
903000     -9641.2143371045       110.0146278096      -829.8323457014    102002.7029850787
904000     -9641.2541070052       110.0122439375      -829.7718841833    102002.7029850787
905000     -9641.2742016910       110.0115704019      -829.7928101492    102002.7029850787
906000     -9641.2894253197       110.0105081315      -829.8938753338    102002.7029850787
907000     -9641.2782875712       110.0114650751      -829.8241381665    102002.7029850787
908000     -9641.2379552470       110.0133227093      -829.6821773893    102002.7029850787
909000     -9641.2282900742       110.0138207197      -829.5101335339    102002.7029850787
910000     -9641.2580327604       110.0125377629      -829.2393821842    102002.7029850787
911000     -9641.2701205353       110.0125581383      -829.2640913046    102002.7029850787
912000     -9641.2772418726       110.0119336771      -829.2487891439    102002.7029850787
913000     -9641.3047944120       110.0114211810      -829.1790159445    102002.7029850787
914000     -9641.3342611261       110.0097931164      -829.3167927712    102002.7029850787
915000     -9641.3568306139       110.0093409916      -829.5114830237    102002.7029850787
916000     -9641.4012740586       110.0079324625      -829.6037577421    102002.7029850787
917000     -9641.4041422666       110.0080688869      -829.5786946135    102002.7029850787
918000     -9641.3973197154       110.0073709727      -829.5130450679    102002.7029850787
919000     -9641.3954986023       110.0078675984      -829.6152855627    102002.7029850787
920000     -9641.3635328564       110.0093800233      -829.7258844493    102002.7029850787
921000     -9641.3491900986       110.0093830526      -829.7205720647    102002.7029850787
922000     -9641.3365225836       110.0093103146      -829.7345403921    102002.7029850787
923000     -9641.3491416282       110.0097710462      -829.7962561031    102002.7029850787
924000     -9641.3469652390       110.0099865612      -829.9823746561    102002.7029850787
925000     -9641.3377727800       110.0103897615      -830.0170462571    102002.7029850787
926000     -9641.3028972885       110.0119768434      -829.7804678533    102002.7029850787
927000     -9641.3026752025       110.0122509193      -829.8133877231    102002.7029850786
928000     -9641.3109708403       110.0121093919      -829.8233452540    102002.7029850786
929000     -9641.3155211870       110.0119276592      -829.7916079700    102002.7029850786
930000     -9641.2732805824       110.0135329137      -829.7385694680    102002.7029850786
931000     -9641.2860664433       110.0137639699      -829.7665313326    102002.7029850786
932000     -9641.3130924686       110.0121141003      -829.8051188618    102002.7029850786
933000     -9641.3484447208       110.0111677144      -829.9469100057    102002.7029850786
934000     -9641.3207012846       110.0123299571      -829.9337921761    102002.7029850786
935000     -9641.3202682106       110.0121693218      -829.9447418108    102002.7029850786
936000     -9641.3196412902       110.0125387889      -830.0521102858    102002.7029850786
937000     -9641.3096634049       110.0128269588      -830.0949645131    102002.7029850786
938000     -9641.3208514445       110.0126042840      -830.0576311079    102002.7029850786
939000     -9641.3309741748       110.0123046043      -830.1238409494    102002.7029850786
940000     -9641.3335523983       110.0123312939      -830.2603200939    102002.7029850786
941000     -9641.3058142740       110.0142865486      -830.3706727770    102002.7029850786
942000     -9641.2944743513       110.0147485772      -830.4193698382    102002.7029850786
943000     -9641.2860045696       110.0151372951      -830.6243302649    102002.7029850786
944000     -9641.2785399384       110.0158908329      -830.7165380261    102002.7029850786
945000     -9641.2957641902       110.0159917800      -830.7017940447    102002.7029850786
946000     -9641.2977820357       110.0162054190      -830.6194807833    102002.7029850786
947000     -9641.3231055148       110.0157349436      -830.5578539596    102002.7029850786
948000     -9641.3295667281       110.0147773599      -830.6445994523    102002.7029850786
949000     -9641.3600362812       110.0136210561      -830.7326191978    102002.7029850786
950000     -9641.3682571550       110.0124253385      -830.8744170179    102002.7029850786
951000     -9641.3153683467       110.0143288451      -830.8142480083    102002.7029850786
952000     -9641.2887841050       110.0146136530      -830.6585269093    102002.7029850786
953000     -9641.2676793039       110.0157355096      -830.5542043904    102002.7029850786
954000     -9641.2394895426       110.0182074816      -830.4672547082    102002.7029850786
955000     -9641.2353723964       110.0184521599      -830.4085380410    102002.7029850786
956000     -9641.2105432116       110.0190916749      -830.3944888259    102002.7029850786
957000     -9641.2028448710       110.0203064431      -830.4323741137    102002.7029850786
958000     -9641.1980352063       110.0198003453      -830.4059122329    102002.7029850786
959000     -9641.2009859503       110.0191311059      -830.4626920846    102002.7029850786
960000     -9641.2284128858       110.0183396871      -830.5013286257    102002.7029850786
961000     -9641.2198941906       110.0194404114      -830.4430482831    102002.7029850786
962000     -9641.2187644080       110.0199384539      -830.5270209484    102002.7029850786
963000     -9641.2367589578       110.0193016225      -830.7141136400    102002.7029850786
964000     -9641.2306096743       110.0204059813      -830.7840191139    102002.7029850786
965000     -9641.2562996841       110.0199128098      -830.8422438963    102002.7029850786
966000     -9641.2805209970       110.0193309266      -830.8978234799    102002.7029850786
967000     -9641.2873102397       110.0185549880      -830.9059485740    102002.7029850786
968000     -9641.3321517324       110.0164321175      -831.0893922349    102002.7029850786
969000     -9641.3517303645       110.0157973995      -831.0308067853    102002.7029850786
970000     -9641.3494871279       110.0157085276      -831.0341896978    102002.7029850786
971000     -9641.3700720597       110.0154117679      -831.0444635157    102002.7029850786
972000     -9641.3699905089       110.0153335655      -831.2231429596    102002.7029850786
973000     -9641.3662276478       110.0148630978      -831.2774765556    102002.7029850786
974000     -9641.3617695021       110.0151206792      -831.2486802060    102002.7029850786
975000     -9641.3658467067       110.0152003570      -831.2981925644    102002.7029850786
976000     -9641.3628824027       110.0154305726      -831.2263915907    102002.7029850786
977000     -9641.3470202550       110.0157776720      -831.1946887754    102002.7029850786
978000     -9641.3339979544       110.0160082898      -831.1932370764    102002.7029850786
979000     -9641.3218046415       110.0172173735      -831.3090201767    102002.7029850786
980000     -9641.3088310496       110.0181844089      -831.2715016745    102002.7029850786
981000     -9641.3011284947       110.0184599211      -831.2052062778    102002.7029850786
982000     -9641.2775081937       110.0187852037      -831.1628035202    102002.7029850786
983000     -9641.2782482959       110.0185254506      -831.1406037806    102002.7029850786
984000     -9641.3170849001       110.0173274731      -831.2893288338    102002.7029850786
985000     -9641.3616661260       110.0150658778      -831.4466489289    102002.7029850786
986000     -9641.3670039995       110.0145532668      -831.5531886488    102002.7029850786
987000     -9641.3540169564       110.0145121146      -831.6680096452    102002.7029850786
988000     -9641.3567873741       110.0141267260      -831.7215897631    102002.7029850786
989000     -9641.3745370079       110.0127644525      -831.7138050518    102002.7029850786
990000     -9641.3476186640       110.0137692034      -831.7207809959    102002.7029850786
991000     -9641.3287315695       110.0140109963      -831.8339683620    102002.7029850786
992000     -9641.3342535601       110.0129663755      -831.9160997283    102002.7029850786
993000     -9641.3025574744       110.0141547274      -831.8587965418    102002.7029850786
994000     -9641.2871631810       110.0144038198      -831.8426340299    102002.7029850786
995000     -9641.3010793487       110.0128881474      -831.9318917054    102002.7029850786
996000     -9641.3117377012       110.0115347241      -831.9549406038    102002.7029850786
997000     -9641.2964043474       110.0127052133      -831.9808279310    102002.7029850786
998000     -9641.3119919845       110.0117595972      -831.9990044298    102002.7029850786
999000     -9641.3172191134       110.0110640494      -832.0072873864    102002.7029850786
1000000     -9641.3234263173       110.0106472400      -832.1274788816    102002.7029850786
