# Time-averaged data for fix runningavgs
# TimeStep v_ra_etotal v_ra_temp v_ra_press v_ra_volume
502000     -9744.7763654605       130.4622480597       215.6967567519    102002.7029850792
503000     -9748.7951512471       129.9291667125       217.1514821172    102002.7029850792
504000     -9749.5809418647       129.8441363530       243.5927629938    102002.7029850792
505000     -9745.5831986489       129.9613525257       242.7537315996    102002.7029850792
506000     -9740.9741887952       130.1303587680       235.7143621246    102002.7029850792
507000     -9742.4159735475       130.0731578326       227.6110067192    102002.7029850792
508000     -9741.9689388416       130.0747013501       232.0023295615    102002.7029850792
509000     -9741.0581219248       130.1175021538       239.7158746608    102002.7029850792
510000     -9742.2207116674       130.0516320441       240.7370820947    102002.7029850792
511000     -9742.5710000783       130.0188284929       231.6616278798    102002.7029850792
512000     -9744.6030400453       129.9416571870       228.1832077271    102002.7029850792
513000     -9745.4973726452       129.9523150823       227.8318738547    102002.7029850792
514000     -9744.8988796093       129.9824390288       236.2540705747    102002.7029850792
515000     -9745.7473456053       129.9552101323       240.5057681497    102002.7029850792
516000     -9745.0236123778       129.9662984544       246.9826091298    102002.7029850792
517000     -9744.5197072266       129.9946001747       249.8683303648    102002.7029850792
518000     -9745.3087075417       129.9533269337       249.7048127350    102002.7029850792
519000     -9746.0958364116       129.9357489386       245.3084405323    102002.7029850792
520000     -9747.1933806486       129.9051647605       244.7008308095    102002.7029850792
521000     -9747.2432838312       129.9180586304       243.7770448194    102002.7029850792
522000     -9747.0854741158       129.9331806832       245.6038912319    102002.7029850792
523000     -9747.2463385195       129.9384869836       246.7014037611    102002.7029850792
524000     -9748.0290560010       129.9205448178       245.8120454882    102002.7029850792
525000     -9748.0252907115       129.9264851436       244.2348040689    102002.7029850792
526000     -9748.1416396099       129.9306003141       241.0847611563    102002.7029850792
527000     -9747.8568796880       129.9329111048       238.0563544920    102002.7029850792
528000     -9746.9809008657       129.9664848996       237.9751083911    102002.7029850792
529000     -9747.6667965916       129.9351648990       236.5144251086    102002.7029850792
530000     -9747.8282811840       129.9214350735       234.8097144745    102002.7029850792
531000     -9748.0934635027       129.9064464330       236.4667813505    102002.7029850792
532000     -9747.6845684461       129.9192980857       240.7928401383    102002.7029850792
533000     -9747.4774029898       129.9252815301       242.3317365278    102002.7029850792
534000     -9747.5839992799       129.9243827243       240.6232440246    102002.7029850792
535000     -9747.4869615304       129.9332401204       238.9829693215    102002.7029850792
536000     -9747.2157500691       129.9461750234       236.8867570259    102002.7029850792
537000     -9746.9579798327       129.9635222863       233.5956745189    102002.7029850792
538000     -9746.6957563100       129.9707265287       232.5138001987    102002.7029850792
539000     -9746.6340143502       129.9639878544       231.2169790799    102002.7029850791
540000     -9746.9083629548       129.9469748998       229.6595505421    102002.7029850791
541000     -9746.9606515520       129.9445345984       227.0616988899    102002.7029850791
542000     -9747.0270990418       129.9349450338       223.7321551955    102002.7029850791
543000     -9747.4056635097       129.9227720157       222.1714559981    102002.7029850791
544000     -9747.6883701165       129.9211863318       219.9567589556    102002.7029850791
545000     -9747.7421757780       129.9223949409       217.7425816033    102002.7029850791
546000     -9747.7708235874       129.9204243547       216.7706144393    102002.7029850791
547000     -9747.7726307414       129.9217334962       217.5131731208    102002.7029850791
548000     -9747.6861294535       129.9221480228       217.3371767434    102002.7029850791
549000     -9747.2304867399       129.9366833395       217.2577346186    102002.7029850791
550000     -9747.4622145834       129.9195780221       216.2490158624    102002.7029850791
551000     -9747.4755913489       129.9171259600       216.0717529312    102002.7029850791
552000     -9747.5077100999       129.9182295986       214.7943417001    102002.7029850791
553000     -9747.6801249050       129.9106467798       213.4005220823    102002.7029850791
554000     -9747.8097490918       129.9013230093       211.5220077286    102002.7029850791
555000     -9747.6970276598       129.9073548661       209.9828839453    102002.7029850791
556000     -9747.5631992846       129.9159290698       209.4195655456    102002.7029850791
557000     -9747.3804080721       129.9316055429       209.5093031905    102002.7029850791
558000     -9747.5893924929       129.9263187491       208.8541236839    102002.7029850791
559000     -9747.6040099114       129.9304762447       207.9676211715    102002.7029850791
560000     -9747.8793079922       129.9185985295       205.6403142758    102002.7029850791
561000     -9747.8134136322       129.9197340173       203.8685957998    102002.7029850791
562000     -9748.1704206510       129.9062576964       200.8179776250    102002.7029850791
563000     -9748.1916442903       129.9009299933       199.0298700837    102002.7029850791
564000     -9748.1907957206       129.8968429853       197.1309560211    102002.7029850791
565000     -9747.9724724188       129.8980356543       197.3606818145    102002.7029850791
566000     -9748.0762090903       129.8893377377       198.0111681645    102002.7029850791
567000     -9747.6152872572       129.8996284821       199.5822674186    102002.7029850791
568000     -9747.6759876227       129.8884721491       199.5402414591    102002.7029850791
569000     -9747.4301492272       129.8926969211       198.5872210203    102002.7029850791
570000     -9747.6124504163       129.8842182299       197.4507678281    102002.7029850791
571000     -9747.6378664742       129.8844500003       196.5843552583    102002.7029850791
572000     -9747.5872178025       129.8839795687       196.8693473285    102002.7029850791
573000     -9747.6612166690       129.8743207274       198.3549955171    102002.7029850791
574000     -9747.8655594147       129.8675473709       198.1061223657    102002.7029850791
575000     -9747.9571175597       129.8641809066       197.6204335829    102002.7029850791
576000     -9747.8734108276       129.8707475373       196.7152579188    102002.7029850791
577000     -9747.8969218304       129.8729843836       196.1435086265    102002.7029850791
578000     -9747.9010127997       129.8754932559       196.2449126045    102002.7029850791
579000     -9747.9779759395       129.8709606388       196.1130155513    102002.7029850791
580000     -9748.0082449265       129.8695995315       195.6699398406    102002.7029850791
581000     -9747.9489802731       129.8642012928       194.8561068903    102002.7029850791
582000     -9747.8444322217       129.8690320954       194.0740758768    102002.7029850791
583000     -9747.7644290707       129.8701041138       193.6407291408    102002.7029850791
584000     -9747.5672368969       129.8740030147       193.7031655654    102002.7029850791
585000     -9747.3562805133       129.8809258654       192.3850019574    102002.7029850791
586000     -9747.3867818542       129.8789846281       190.7362424868    102002.7029850791
587000     -9747.3097084268       129.8811524947       189.3017371620    102002.7029850791
588000     -9747.3820496006       129.8801444498       187.8382411214    102002.7029850791
589000     -9747.3736529078       129.8813984283       187.3106182535    102002.7029850791
590000     -9747.5629409087       129.8766410374       186.9711694439    102002.7029850791
591000     -9747.7378124373       129.8729410436       186.8425947225    102002.7029850792
592000     -9747.7393597895       129.8787232054       185.9854463218    102002.7029850792
593000     -9747.9843140840       129.8722615818       185.4676295015    102002.7029850792
594000     -9748.1382454138       129.8709126492       184.0579190819    102002.7029850792
595000     -9748.2126480640       129.8699986576       183.8095008475    102002.7029850792
596000     -9748.1136369259       129.8754708370       183.7072394312    102002.7029850792
597000     -9748.1740070037       129.8727310362       183.8592978511    102002.7029850792
598000     -9748.0226983349       129.8830041493       183.7906761747    102002.7029850792
599000     -9748.1254530340       129.8808859409       183.0309111155    102002.7029850792
600000     -9748.1957108342       129.8798128700       183.5104910138    102002.7029850792
601000     -9748.0041382551       129.8908981669       184.0073412831    102002.7029850792
602000     -9748.0167052797       129.8925970377       183.9007834755    102002.7029850792
603000     -9748.1165021930       129.8893486419       183.4143412128    102002.7029850792
604000     -9748.2942867778       129.8853981956       182.5956949759    102002.7029850793
605000     -9748.4095289893       129.8855267050       181.6901534614    102002.7029850793
606000     -9748.3756942742       129.8912086673       181.7239656126    102002.7029850793
607000     -9748.2543641822       129.8955497518       182.0612270351    102002.7029850793
608000     -9748.3658078418       129.8913556977       181.9765826098    102002.7029850793
609000     -9748.3428473258       129.8888336263       181.9471338284    102002.7029850793
610000     -9748.5182221902       129.8802417804       181.5580278858    102002.7029850793
611000     -9748.5299655831       129.8830740061       181.5269291649    102002.7029850793
612000     -9748.4914091079       129.8844031305       181.9015183446    102002.7029850793
613000     -9748.3867252972       129.8894001762       182.0366477331    102002.7029850793
614000     -9748.3765628580       129.8900188013       181.8921297855    102002.7029850793
615000     -9748.3815075124       129.8855360992       182.3083585136    102002.7029850793
616000     -9748.5257996961       129.8791275445       183.3099536380    102002.7029850793
617000     -9748.6039318686       129.8747174179       183.5500206748    102002.7029850793
618000     -9748.5008412496       129.8821327638       183.8426203478    102002.7029850793
619000     -9748.5689727088       129.8846195334       183.5236861360    102002.7029850793
620000     -9748.7097786775       129.8808440874       183.6090820935    102002.7029850793
621000     -9748.7785501948       129.8807207586       183.6979300617    102002.7029850793
622000     -9748.7820427389       129.8824069538       183.9689519164    102002.7029850794
623000     -9748.6997650619       129.8831678606       184.0022498060    102002.7029850794
624000     -9748.6221949724       129.8889474966       184.1015664187    102002.7029850794
625000     -9748.5025015531       129.8935502402       184.0622439946    102002.7029850794
626000     -9748.4538698418       129.8963227616       184.3436651251    102002.7029850794
627000     -9748.4945383554       129.8944783218       184.7995282221    102002.7029850794
628000     -9748.5411061851       129.8892560779       184.6093550950    102002.7029850794
629000     -9748.5210333776       129.8923519145       184.4844605975    102002.7029850794
630000     -9748.4245735413       129.8955010939       184.9559960636    102002.7029850794
631000     -9748.3445395459       129.9038531049       185.6288387149    102002.7029850794
632000     -9748.3405565746       129.9074984801       185.8649407709    102002.7029850794
633000     -9748.2997556658       129.9100711597       186.5938346439    102002.7029850794
634000     -9748.2474189503       129.9121712653       187.2940412020    102002.7029850794
635000     -9748.1762344737       129.9149118732       187.7530122614    102002.7029850794
636000     -9748.1408206339       129.9137652079       187.9956846693    102002.7029850794
637000     -9748.0974366611       129.9133005131       188.1584857713    102002.7029850794
638000     -9748.1381190133       129.9102357240       189.1131702363    102002.7029850794
639000     -9748.1583541966       129.9100942162       189.6125492525    102002.7029850794
640000     -9748.1367326939       129.9077834465       189.8871680947    102002.7029850794
641000     -9748.2154528529       129.9025090945       189.9594452473    102002.7029850794
642000     -9748.1619390518       129.9020658303       190.3532847310    102002.7029850794
643000     -9748.1271211253       129.9024742528       190.9922801612    102002.7029850794
644000     -9748.0176216482       129.9077435615       191.8848288042    102002.7029850794
645000     -9747.9868615186       129.9074611000       192.8141389034    102002.7029850794
646000     -9747.9049526912       129.9113298308       192.9967708070    102002.7029850795
647000     -9747.6976423866       129.9183289630       192.8867547578    102002.7029850795
648000     -9747.7030170474       129.9171658246       193.1001377620    102002.7029850795
649000     -9747.5207353980       129.9254931203       194.1535874316    102002.7029850795
650000     -9747.4760164286       129.9265790228       194.4962083876    102002.7029850795
651000     -9747.4971859057       129.9250091474       195.0225798698    102002.7029850795
652000     -9747.4351248754       129.9271933619       195.3257261416    102002.7029850795
653000     -9747.3140776519       129.9324476272       195.5820161642    102002.7029850795
654000     -9747.3465583466       129.9295043428       195.7310949248    102002.7029850795
655000     -9747.4104921350       129.9248743665       195.9684142083    102002.7029850795
656000     -9747.3872395518       129.9287270539       196.1980129512    102002.7029850795
657000     -9747.3315935139       129.9302091458       196.7613565975    102002.7029850795
658000     -9747.4036173763       129.9288190290       196.6155569132    102002.7029850795
659000     -9747.3649467501       129.9311094538       197.0116642117    102002.7029850795
660000     -9747.4031048524       129.9283700132       197.1941172054    102002.7029850795
661000     -9747.5083044918       129.9257267047       197.7003100389    102002.7029850795
662000     -9747.6048751675       129.9251177635       198.4366208198    102002.7029850795
663000     -9747.5508822457       129.9267849596       198.9417476196    102002.7029850795
664000     -9747.6069563662       129.9218116532       199.4152613208    102002.7029850795
665000     -9747.5784338005       129.9243288301       199.5882452888    102002.7029850795
666000     -9747.4563169315       129.9273738723       200.1341512880    102002.7029850795
667000     -9747.4344938840       129.9313857023       200.3181741525    102002.7029850795
668000     -9747.5009961115       129.9321893320       200.8267535941    102002.7029850795
669000     -9747.5767848765       129.9311540367       200.9622217424    102002.7029850795
670000     -9747.6618410011       129.9283267672       201.2603444965    102002.7029850795
671000     -9747.6464612066       129.9298300166       201.4515914787    102002.7029850795
672000     -9747.7117511801       129.9260027217       201.8430626915    102002.7029850795
673000     -9747.5911308207       129.9322092586       202.2885976825    102002.7029850795
674000     -9747.6973016299       129.9290737174       202.9362463324    102002.7029850794
675000     -9747.7987159149       129.9280906395       202.9160107968    102002.7029850794
676000     -9747.9036688959       129.9234588523       203.0317727617    102002.7029850794
677000     -9747.9658810579       129.9190669194       203.4031110277    102002.7029850794
678000     -9747.9719024669       129.9199167546       203.3850501100    102002.7029850794
679000     -9748.0337641271       129.9175762174       203.7368396306    102002.7029850794
680000     -9748.1052362379       129.9138524634       203.7846620606    102002.7029850794
681000     -9748.1564221734       129.9138484507       204.0762258050    102002.7029850794
682000     -9748.2155414467       129.9111893250       204.1220102492    102002.7029850794
683000     -9748.1839620424       129.9129167607       204.1544982025    102002.7029850794
684000     -9748.2381589582       129.9102103697       203.9752593542    102002.7029850794
685000     -9748.2342031086       129.9116618262       203.8639983546    102002.7029850794
686000     -9748.2080455173       129.9126166828       203.6022936854    102002.7029850794
687000     -9748.3376097177       129.9077870202       203.7304295865    102002.7029850794
688000     -9748.3082316353       129.9082378942       203.6758826249    102002.7029850793
689000     -9748.4072608393       129.9036644736       203.7911098896    102002.7029850793
690000     -9748.3643366800       129.9033607135       204.2081904551    102002.7029850793
691000     -9748.4213381784       129.9010479972       204.2734191590    102002.7029850793
692000     -9748.4393997758       129.8998883926       204.6033437473    102002.7029850793
693000     -9748.4552808609       129.8960498534       205.2914297488    102002.7029850793
694000     -9748.4941902001       129.8928479814       205.6608842515    102002.7029850793
695000     -9748.4200351477       129.8934084494       205.9133109673    102002.7029850793
696000     -9748.4357507659       129.8906499683       206.0980894606    102002.7029850793
697000     -9748.3858892955       129.8893346819       206.2800184864    102002.7029850793
698000     -9748.2496560853       129.8920116613       206.8653795193    102002.7029850793
699000     -9748.2297214914       129.8928273485       207.3855044015    102002.7029850793
700000     -9748.2765158468       129.8888569852       207.7709142604    102002.7029850793
701000     -9748.1724681630       129.8932735246       208.2281707510    102002.7029850793
702000     -9748.1390136414       129.8930128792       208.6330638032    102002.7029850793
703000     -9748.1002916254       129.8929483442       209.0220002217    102002.7029850793
704000     -9748.1052272574       129.8922039388       209.1709629547    102002.7029850792
705000     -9748.1632556390       129.8900454389       209.2197234994    102002.7029850792
706000     -9748.2218464529       129.8888629941       209.3862383870    102002.7029850792
707000     -9748.2158590531       129.8885313659       209.6572490043    102002.7029850792
708000     -9748.1391378611       129.8913939484       209.9625570120    102002.7029850792
709000     -9748.0407215448       129.8950736035       210.4582424999    102002.7029850792
710000     -9748.0025900391       129.8974253756       210.4909844591    102002.7029850792
711000     -9747.9787765114       129.8995743219       210.6048615141    102002.7029850792
712000     -9747.9374379824       129.9008820824       210.7174357704    102002.7029850792
713000     -9747.8784317057       129.9058108125       210.9591302867    102002.7029850792
714000     -9747.8395700851       129.9077095090       210.7310765919    102002.7029850792
715000     -9747.8154051124       129.9072391957       210.7831305280    102002.7029850792
716000     -9747.7315590485       129.9101219036       211.0931677871    102002.7029850792
717000     -9747.7445745228       129.9083091661       211.3268337551    102002.7029850792
718000     -9747.7153834277       129.9075958627       211.5346964155    102002.7029850792
719000     -9747.7620638312       129.9064531635       211.7775301112    102002.7029850792
720000     -9747.7457686681       129.9071410232       211.8542999191    102002.7029850792
721000     -9747.6801764356       129.9095759362       211.9143299165    102002.7029850792
722000     -9747.5778485624       129.9131454159       212.1917803149    102002.7029850792
723000     -9747.5128798137       129.9144958235       212.3091656490    102002.7029850792
724000     -9747.4588679337       129.9150045588       212.3956695442    102002.7029850791
725000     -9747.3481646289       129.9186298527       212.5809128754    102002.7029850791
726000     -9747.3250283755       129.9180241451       212.4793284801    102002.7029850791
727000     -9747.2958252008       129.9189163874       212.4780755146    102002.7029850791
728000     -9747.3315507895       129.9174167739       212.1673086864    102002.7029850791
729000     -9747.3792374475       129.9162011669       211.7405400866    102002.7029850791
730000     -9747.4169846753       129.9160764532       211.0650104945    102002.7029850791
731000     -9747.4029201496       129.9160339290       210.7017103754    102002.7029850791
732000     -9747.4101084004       129.9152325510       210.2207138204    102002.7029850791
733000     -9747.3883385912       129.9170064663       209.7942673158    102002.7029850791
734000     -9747.3298187622       129.9175311045       209.4498325475    102002.7029850791
735000     -9747.3381355837       129.9135436442       209.3273651893    102002.7029850791
736000     -9747.2760947491       129.9150451444       209.2330763390    102002.7029850791
737000     -9747.2480299892       129.9152542509       209.0094023938    102002.7029850791
738000     -9747.2316157929       129.9154534284       208.7425699879    102002.7029850791
739000     -9747.2081272416       129.9152947972       208.8029121218    102002.7029850791
740000     -9747.2317242567       129.9136568746       208.7543063376    102002.7029850791
741000     -9747.2687474731       129.9108432542       208.8295469125    102002.7029850791
742000     -9747.2198050075       129.9126867419       209.0870375124    102002.7029850791
743000     -9747.1655044432       129.9142982168       209.1851284850    102002.7029850791
744000     -9747.0571171977       129.9173348594       209.1643309477    102002.7029850791
745000     -9747.1074499643       129.9149191204       208.9426472520    102002.7029850791
746000     -9747.0390967121       129.9167777169       209.0830745494    102002.7029850791
747000     -9747.0137742742       129.9166381082       208.9827723313    102002.7029850791
748000     -9746.9386492279       129.9192104965       208.9887317038    102002.7029850790
749000     -9746.8554077422       129.9215411700       209.3111496776    102002.7029850790
750000     -9746.9187977918       129.9167862452       209.3801623881    102002.7029850790
751000     -9746.9072665471       129.9163914241       209.6035340148    102002.7029850790
752000     -9746.9025160944       129.9166788183       209.8363289514    102002.7029850790
753000     -9746.9516987279       129.9141494711       210.1472014585    102002.7029850790
754000     -9746.8768082074       129.9174502654       210.3863903834    102002.7029850790
755000     -9746.8215349168       129.9170841833       210.7032115993    102002.7029850790
756000     -9746.7691785892       129.9174567954       211.1699078724    102002.7029850790
757000     -9746.7788691040       129.9163029954       211.5449083262    102002.7029850790
758000     -9746.7724106872       129.9172689461       211.9982041533    102002.7029850790
759000     -9746.7417390813       129.9178855835       212.3282952692    102002.7029850790
760000     -9746.7658432138       129.9171695588       212.3899233588    102002.7029850790
761000     -9746.7590119078       129.9171861618       212.4887061591    102002.7029850790
762000     -9746.7211088992       129.9184330810       212.4726964639    102002.7029850790
763000     -9746.6816932683       129.9188504146       212.5957593391    102002.7029850790
764000     -9746.6822384000       129.9162676367       212.3753345619    102002.7029850790
765000     -9746.6091015682       129.9193728663       212.4511186119    102002.7029850790
766000     -9746.6023511011       129.9197740224       212.6144634620    102002.7029850790
767000     -9746.6592603426       129.9174276892       212.5382409400    102002.7029850790
768000     -9746.6695352303       129.9174206160       212.8167094863    102002.7029850790
769000     -9746.6858743438       129.9176969977       212.6006404120    102002.7029850790
770000     -9746.6679420024       129.9183714748       212.4712926737    102002.7029850790
771000     -9746.6737500144       129.9178968898       212.4158342896    102002.7029850790
772000     -9746.6644380494       129.9178430786       212.4347353701    102002.7029850790
773000     -9746.7110603486       129.9146927885       212.6008839892    102002.7029850790
774000     -9746.6746927299       129.9151708294       212.5860448605    102002.7029850790
775000     -9746.6845742069       129.9145459356       212.5491876580    102002.7029850790
776000     -9746.6241330735       129.9153274721       212.7707297683    102002.7029850790
777000     -9746.5903679960       129.9172387482       212.5370989076    102002.7029850789
778000     -9746.5692227777       129.9177812553       212.7730073062    102002.7029850789
779000     -9746.5786934310       129.9177162101       212.6041910304    102002.7029850789
780000     -9746.6316866772       129.9151196260       212.3651087893    102002.7029850789
781000     -9746.5947992713       129.9181027757       212.4473420013    102002.7029850789
782000     -9746.6187617835       129.9169765440       212.3756822992    102002.7029850789
783000     -9746.6313299443       129.9160255579       212.2983324339    102002.7029850789
784000     -9746.6741762643       129.9129207700       212.1785147870    102002.7029850789
785000     -9746.6295611200       129.9134929311       212.1952353299    102002.7029850789
786000     -9746.6097773903       129.9149988168       212.3077325468    102002.7029850789
787000     -9746.5920874954       129.9160526208       212.4209172789    102002.7029850789
788000     -9746.5041735506       129.9194368617       212.4454615182    102002.7029850789
789000     -9746.4354245485       129.9211735692       212.4022963755    102002.7029850789
790000     -9746.3324901561       129.9250044850       212.3316923569    102002.7029850789
791000     -9746.3216771298       129.9235630255       211.9465525234    102002.7029850789
792000     -9746.3307685456       129.9222083711       211.8741673752    102002.7029850789
793000     -9746.3199315847       129.9219822409       211.8017598393    102002.7029850789
794000     -9746.2776766697       129.9228411751       212.0522387359    102002.7029850789
795000     -9746.2598178747       129.9237696174       212.1531350261    102002.7029850789
796000     -9746.2247132909       129.9236313072       212.3798912024    102002.7029850789
797000     -9746.2263449679       129.9225192310       212.4491854022    102002.7029850789
798000     -9746.2695055822       129.9197938252       212.3001813463    102002.7029850789
799000     -9746.2321375470       129.9192702393       212.3923432562    102002.7029850789
800000     -9746.2373202225       129.9180547917       212.2119327649    102002.7029850789
801000     -9746.2780019341       129.9163637242       211.9771799538    102002.7029850789
802000     -9746.2795451071       129.9167117344       211.8236176453    102002.7029850789
803000     -9746.3269116748       129.9146999445       211.7709564360    102002.7029850789
804000     -9746.4121721458       129.9116321711       211.4600138477    102002.7029850789
805000     -9746.4163472359       129.9125753988       211.2516206632    102002.7029850789
806000     -9746.4176666885       129.9128560872       210.9794376709    102002.7029850789
807000     -9746.4369747424       129.9135082055       210.7602275856    102002.7029850789
808000     -9746.4284389087       129.9142607496       210.8285197495    102002.7029850789
809000     -9746.4115918550       129.9145314761       210.8397734109    102002.7029850789
810000     -9746.3365477199       129.9166039532       210.8019572063    102002.7029850789
811000     -9746.3108592723       129.9164169201       211.0291482953    102002.7029850789
812000     -9746.3439519428       129.9154044802       210.9630445817    102002.7029850789
813000     -9746.3569292719       129.9149769765       210.7943565596    102002.7029850789
814000     -9746.2765661893       129.9195082335       210.7292153173    102002.7029850789
815000     -9746.2646576702       129.9196776327       210.7042434918    102002.7029850788
816000     -9746.3043304819       129.9179091734       210.6293474168    102002.7029850788
817000     -9746.3256752703       129.9165546790       210.5190416912    102002.7029850788
818000     -9746.3384484617       129.9167428228       210.3801951667    102002.7029850788
819000     -9746.2825430306       129.9206324405       210.3481407414    102002.7029850788
820000     -9746.2717342446       129.9221912131       210.5261042097    102002.7029850788
821000     -9746.2756170349       129.9239005425       210.4739648120    102002.7029850788
822000     -9746.2775442032       129.9250254880       210.5879567092    102002.7029850788
823000     -9746.2977045440       129.9239841229       210.4340820995    102002.7029850788
824000     -9746.3146984401       129.9236269103       210.3669342104    102002.7029850788
825000     -9746.3261442739       129.9230040382       210.3633794595    102002.7029850788
826000     -9746.3363630549       129.9224673385       210.5375129868    102002.7029850788
827000     -9746.3602760496       129.9209230007       210.6141447033    102002.7029850788
828000     -9746.3825509029       129.9194863882       210.6394095142    102002.7029850788
829000     -9746.4810404478       129.9155799208       210.5445006190    102002.7029850788
830000     -9746.4811821494       129.9154857130       210.2592935290    102002.7029850788
831000     -9746.4912793154       129.9152187671       210.1774807001    102002.7029850788
832000     -9746.4961666474       129.9160551119       210.3227376457    102002.7029850788
833000     -9746.5150355867       129.9156668975       210.1365005340    102002.7029850788
834000     -9746.5737832973       129.9144432798       209.9132323850    102002.7029850788
835000     -9746.6271131233       129.9135853545       209.8247855261    102002.7029850788
836000     -9746.5614093972       129.9156180597       210.0432014919    102002.7029850788
837000     -9746.6103177308       129.9133514875       209.7922619541    102002.7029850788
838000     -9746.6382924868       129.9120188324       209.5053364703    102002.7029850788
839000     -9746.6224359256       129.9125175736       209.0680472377    102002.7029850788
840000     -9746.6408569465       129.9127614833       208.8429393086    102002.7029850788
841000     -9746.6160903805       129.9137615111       208.6506002322    102002.7029850788
842000     -9746.6192638673       129.9136081433       208.2728164802    102002.7029850788
843000     -9746.6032656136       129.9132012683       208.1736694779    102002.7029850788
844000     -9746.5742129333       129.9131070195       208.1843729775    102002.7029850788
845000     -9746.5408880447       129.9146678531       207.9885159055    102002.7029850788
846000     -9746.5279043737       129.9152596688       207.7298577110    102002.7029850788
847000     -9746.4905784865       129.9157862605       207.5084229825    102002.7029850788
848000     -9746.4436246958       129.9170796499       207.3753365680    102002.7029850788
849000     -9746.4456054294       129.9167565347       207.2003838505    102002.7029850788
850000     -9746.4269984665       129.9161602584       207.0896489642    102002.7029850788
851000     -9746.4746228351       129.9134823778       207.0014228641    102002.7029850788
852000     -9746.4081919242       129.9159047426       207.0540487802    102002.7029850788
853000     -9746.3855047885       129.9161869330       206.9805275175    102002.7029850788
854000     -9746.3305881303       129.9179027748       206.8711504968    102002.7029850788
855000     -9746.3271711689       129.9179323757       206.6518359890    102002.7029850788
856000     -9746.3333959793       129.9170439633       206.7149984161    102002.7029850788
857000     -9746.3461994975       129.9177199108       206.7061687701    102002.7029850788
858000     -9746.3459939531       129.9170907095       206.6013085667    102002.7029850788
859000     -9746.3385317258       129.9177651633       206.6217722205    102002.7029850788
860000     -9746.3540659056       129.9167838780       206.6819575363    102002.7029850788
861000     -9746.2943710626       129.9178741125       206.8101096350    102002.7029850788
862000     -9746.2134217449       129.9211843796       207.0612229637    102002.7029850788
863000     -9746.1663877839       129.9224489087       207.0163394824    102002.7029850788
864000     -9746.1114925726       129.9244814260       207.1860622899    102002.7029850788
865000     -9746.0889364787       129.9249915970       207.2116646111    102002.7029850788
866000     -9746.0394934715       129.9262771407       207.3022922598    102002.7029850788
867000     -9745.9959978028       129.9282866424       207.2920302432    102002.7029850788
868000     -9745.9747708165       129.9276681964       207.5149794530    102002.7029850788
869000     -9745.9593416274       129.9271248755       207.7043502150    102002.7029850788
870000     -9745.9148481307       129.9274733201       207.8447688410    102002.7029850787
871000     -9745.8468164817       129.9289793085       208.1651742430    102002.7029850787
872000     -9745.8672814044       129.9278329512       208.4031460508    102002.7029850787
873000     -9745.8512396505       129.9282797373       208.5036347688    102002.7029850787
874000     -9745.7964932237       129.9291303329       208.5302217071    102002.7029850787
875000     -9745.8135430598       129.9270692025       208.4109338521    102002.7029850787
876000     -9745.7804164442       129.9278782629       208.5789229558    102002.7029850787
877000     -9745.7214060633       129.9290051282       208.6988290981    102002.7029850787
878000     -9745.6765039921       129.9293156196       208.7155351084    102002.7029850787
879000     -9745.6607346710       129.9291520308       208.5952248207    102002.7029850787
880000     -9745.6600893734       129.9280829007       208.6048468349    102002.7029850787
881000     -9745.6437533517       129.9278046619       208.6963896737    102002.7029850787
882000     -9745.6318725018       129.9271518435       208.7505737590    102002.7029850787
883000     -9745.6087048441       129.9281010763       208.7136305543    102002.7029850787
884000     -9745.6313109458       129.9272187989       208.5051223685    102002.7029850787
885000     -9745.5814422758       129.9292844004       208.4257127267    102002.7029850787
886000     -9745.5536239325       129.9310575288       208.3121614043    102002.7029850787
887000     -9745.5598954800       129.9310844447       208.2039457125    102002.7029850787
888000     -9745.5460334552       129.9322543398       208.0296305827    102002.7029850787
889000     -9745.5406277139       129.9319651207       207.8814487567    102002.7029850787
890000     -9745.5503669960       129.9308140968       207.7680945515    102002.7029850787
891000     -9745.5420135644       129.9317648275       207.5195725198    102002.7029850787
892000     -9745.5678368064       129.9312476258       207.3007932431    102002.7029850787
893000     -9745.5837546995       129.9307683395       207.0122944016    102002.7029850787
894000     -9745.5697809993       129.9321650055       206.8412125280    102002.7029850787
895000     -9745.5678253529       129.9324373880       206.5241935119    102002.7029850787
896000     -9745.5548207574       129.9331435082       206.4445161129    102002.7029850787
897000     -9745.5383165915       129.9338429560       206.4708460620    102002.7029850787
898000     -9745.5109384242       129.9342235412       206.2813008511    102002.7029850787
899000     -9745.5212662503       129.9336480659       206.0824403726    102002.7029850787
900000     -9745.4881369835       129.9337234973       206.0300723204    102002.7029850787
901000     -9745.4911521820       129.9325530572       205.8913078545    102002.7029850787
902000     -9745.4783954607       129.9329767149       205.8076598152    102002.7029850787
903000     -9745.4953986699       129.9329564912       205.5939731869    102002.7029850787
904000     -9745.4876596732       129.9331065499       205.4535902189    102002.7029850787
905000     -9745.4763578347       129.9332933623       205.5792241567    102002.7029850787
906000     -9745.4243254266       129.9345311435       205.8147039265    102002.7029850787
907000     -9745.4144060017       129.9348211821       206.0994780985    102002.7029850787
908000     -9745.4325748038       129.9331122286       206.2116186440    102002.7029850787
909000     -9745.4408171004       129.9321669268       206.4117017409    102002.7029850787
910000     -9745.4236759543       129.9326581547       206.5825672422    102002.7029850787
911000     -9745.4140276541       129.9340404070       206.5957244973    102002.7029850787
912000     -9745.4252149773       129.9340904216       206.7544896893    102002.7029850787
913000     -9745.4597511338       129.9334676166       206.8344587306    102002.7029850787
914000     -9745.4543254468       129.9344479393       206.9386906611    102002.7029850787
915000     -9745.4206209193       129.9356937125       207.0924081377    102002.7029850787
916000     -9745.4404756581       129.9340192215       207.0209012151    102002.7029850787
917000     -9745.4049690044       129.9339754541       207.0981741099    102002.7029850787
918000     -9745.3713039850       129.9353769652       207.1097427743    102002.7029850787
919000     -9745.3583688674       129.9353139152       207.1884870692    102002.7029850787
920000     -9745.3725991372       129.9350014965       207.2888897812    102002.7029850787
921000     -9745.4134473055       129.9333785899       207.4495431437    102002.7029850787
922000     -9745.4155645320       129.9330675391       207.6629271657    102002.7029850787
923000     -9745.4269174209       129.9322766349       207.8617651146    102002.7029850787
924000     -9745.4370196729       129.9313785622       208.0603751203    102002.7029850787
925000     -9745.4552739550       129.9303559449       208.2715919255    102002.7029850787
926000     -9745.4355502536       129.9318567578       208.4993654877    102002.7029850787
927000     -9745.4490322008       129.9307491485       208.6476563502    102002.7029850786
928000     -9745.4145162185       129.9320452157       208.8275127698    102002.7029850786
929000     -9745.4224773021       129.9317936884       208.8793524948    102002.7029850786
930000     -9745.4638472719       129.9306593357       208.8580143310    102002.7029850786
931000     -9745.4712845534       129.9316499870       208.8031778589    102002.7029850786
932000     -9745.4898792979       129.9321579906       208.6114663729    102002.7029850786
933000     -9745.5170998038       129.9315868660       208.4534053261    102002.7029850786
934000     -9745.5433344136       129.9317366215       208.2784524847    102002.7029850786
935000     -9745.5769551752       129.9309671541       208.3363071690    102002.7029850786
936000     -9745.6051405073       129.9296687667       208.4024085418    102002.7029850786
937000     -9745.5935010378       129.9302671258       208.4900122552    102002.7029850786
938000     -9745.6059359728       129.9305696090       208.3291078598    102002.7029850786
939000     -9745.6402718925       129.9292585182       208.2615049444    102002.7029850786
940000     -9745.7065783995       129.9277914506       208.2396638369    102002.7029850786
941000     -9745.7355216987       129.9277159982       208.2699231233    102002.7029850786
942000     -9745.7548156292       129.9276350611       208.3462493169    102002.7029850786
943000     -9745.7227934844       129.9302533521       208.3778935030    102002.7029850786
944000     -9745.7438878717       129.9299984388       208.5206324610    102002.7029850786
945000     -9745.7384003735       129.9299128413       208.7236749087    102002.7029850786
946000     -9745.7344924138       129.9304976372       208.8827267545    102002.7029850786
947000     -9745.7620705898       129.9293467807       208.9108763668    102002.7029850786
948000     -9745.7425276395       129.9300043006       209.1564252132    102002.7029850786
949000     -9745.7675735819       129.9298561600       209.1275818445    102002.7029850786
950000     -9745.8056121254       129.9285331999       209.0465718749    102002.7029850786
951000     -9745.7843801108       129.9291367238       209.0734746091    102002.7029850786
952000     -9745.7765231276       129.9297142729       209.0614852736    102002.7029850786
953000     -9745.7734732757       129.9300944587       209.1944701373    102002.7029850786
954000     -9745.7626125344       129.9306447423       209.3021901613    102002.7029850786
955000     -9745.7711938235       129.9305599642       209.2620642197    102002.7029850786
956000     -9745.8122475712       129.9291655615       209.3087289577    102002.7029850786
957000     -9745.8185002295       129.9281341283       209.4382908387    102002.7029850786
958000     -9745.8299271091       129.9275467540       209.5669852478    102002.7029850786
959000     -9745.8299600344       129.9284961444       209.6174443877    102002.7029850786
960000     -9745.8423629275       129.9276790154       209.6650066182    102002.7029850786
961000     -9745.8530460564       129.9273325584       209.6205348665    102002.7029850786
962000     -9745.8750064290       129.9275770371       209.5151316944    102002.7029850786
963000     -9745.8685656148       129.9288360343       209.5080748673    102002.7029850786
964000     -9745.8250877260       129.9305827150       209.5546328111    102002.7029850786
965000     -9745.8112105890       129.9322947006       209.5893982267    102002.7029850786
966000     -9745.8047321828       129.9323070574       209.5514073526    102002.7029850786
967000     -9745.8097937311       129.9326085839       209.6597918518    102002.7029850786
968000     -9745.8327438026       129.9318838435       209.7201951647    102002.7029850786
969000     -9745.8536683045       129.9304885625       209.6562389808    102002.7029850786
970000     -9745.8606497714       129.9290705543       209.7652265073    102002.7029850786
971000     -9745.8375482528       129.9294688050       209.9454519287    102002.7029850786
972000     -9745.8780318439       129.9289671251       209.8012899771    102002.7029850786
973000     -9745.9012655760       129.9276068257       209.7064866803    102002.7029850786
974000     -9745.8975342141       129.9283651284       209.7260471814    102002.7029850786
975000     -9745.8726645408       129.9297325140       209.7800254314    102002.7029850786
976000     -9745.8884762195       129.9291604337       209.6785297009    102002.7029850786
977000     -9745.8859105110       129.9291303221       209.6915037677    102002.7029850786
978000     -9745.8736245604       129.9297136746       209.6748636550    102002.7029850786
979000     -9745.8731952159       129.9296714065       209.8360071784    102002.7029850786
980000     -9745.8745216427       129.9290798714       210.0251741988    102002.7029850786
981000     -9745.8526551781       129.9299327613       210.1261738549    102002.7029850786
982000     -9745.8482943158       129.9304998880       210.1306795963    102002.7029850786
983000     -9745.8238346945       129.9321916630       210.1246392826    102002.7029850786
984000     -9745.8918046446       129.9293759879       209.9085867400    102002.7029850786
985000     -9745.9004768348       129.9293514324       209.6713550843    102002.7029850786
986000     -9745.8823310702       129.9301406181       209.5692809531    102002.7029850786
987000     -9745.8811946564       129.9299593246       209.3463065995    102002.7029850786
988000     -9745.8833422427       129.9296633630       209.4023142637    102002.7029850786
989000     -9745.9141933513       129.9275299490       209.3823247127    102002.7029850786
990000     -9745.9024872804       129.9283911551       209.5425586804    102002.7029850786
991000     -9745.8410527818       129.9296414137       209.7559081455    102002.7029850786
992000     -9745.8399578242       129.9298236813       209.8407494065    102002.7029850786
993000     -9745.7954485524       129.9318322972       209.9770212229    102002.7029850786
994000     -9745.7800183505       129.9325105597       210.0184469983    102002.7029850786
995000     -9745.7937876693       129.9309659982       210.1399801858    102002.7029850786
996000     -9745.7705042754       129.9313351589       210.2134640390    102002.7029850786
997000     -9745.7509015141       129.9317226438       210.3347533405    102002.7029850786
998000     -9745.7594116495       129.9312516637       210.4564574171    102002.7029850786
999000     -9745.7721938753       129.9307876042       210.5480064159    102002.7029850786
1000000     -9745.7893275028       129.9301421807       210.6339366715    102002.7029850786
