# Time-averaged data for fix runningavgs
# TimeStep v_ra_etotal v_ra_temp v_ra_press v_ra_volume
502000     -8710.6871698648       129.5727189884      -985.1041562298    102002.7029850792
503000     -8706.2455381004       129.9461466471      -946.2908131275    102002.7029850792
504000     -8698.1295160707       130.1510468512      -950.9779834885    102002.7029850792
505000     -8702.9933512523       130.1663230138      -955.6765215835    102002.7029850792
506000     -8704.9740262786       130.0857124481      -964.6934199114    102002.7029850792
507000     -8707.2948655831       130.0356412455      -965.6426929456    102002.7029850792
508000     -8709.1897545078       130.0337422429      -966.6484119677    102002.7029850792
509000     -8709.4687253660       130.0889735394      -962.6346581266    102002.7029850792
510000     -8710.2971827282       130.0346802940      -964.4627896659    102002.7029850792
511000     -8710.7856122297       130.0008604526      -962.8110955762    102002.7029850792
512000     -8710.8822498533       129.9665159263      -960.2007954135    102002.7029850792
513000     -8711.1994902591       129.9999405807      -959.6800729286    102002.7029850792
514000     -8711.5297043295       129.9740060973      -960.6896390686    102002.7029850792
515000     -8712.7712986495       129.9386827266      -965.4097024148    102002.7029850792
516000     -8713.7030115921       129.9156573354      -965.3558330684    102002.7029850792
517000     -8713.1920631409       129.9133455862      -962.8631135437    102002.7029850792
518000     -8713.3448400782       129.8911886264      -960.5435826604    102002.7029850792
519000     -8714.1765418703       129.8714296003      -959.4989335307    102002.7029850792
520000     -8713.4109088985       129.8900839151      -962.3140940371    102002.7029850792
521000     -8713.0282172698       129.8678143161      -964.4895190957    102002.7029850792
522000     -8712.5708887625       129.8602443895      -967.2729700600    102002.7029850792
523000     -8711.3779313611       129.8870592476      -969.0702530368    102002.7029850792
524000     -8711.2155083997       129.8916930488      -970.8961242709    102002.7029850792
525000     -8711.9193090155       129.8572384754      -971.0832140235    102002.7029850792
526000     -8712.3512132173       129.8361370328      -970.1111330669    102002.7029850792
527000     -8712.2656504113       129.8586037608      -968.7573689908    102002.7029850792
528000     -8712.4023949701       129.8502949752      -967.9748317270    102002.7029850792
529000     -8713.7443696257       129.8027504742      -964.1829820610    102002.7029850792
530000     -8713.6759840845       129.8165741818      -963.1501230777    102002.7029850792
531000     -8713.9698948293       129.8214280664      -962.7465256802    102002.7029850792
532000     -8714.4542941966       129.8196715511      -961.3679274764    102002.7029850792
533000     -8714.6280889755       129.8316765285      -961.4333963865    102002.7029850792
534000     -8714.1978265374       129.8586103214      -963.4037233011    102002.7029850792
535000     -8713.9394442372       129.8800744017      -962.6605021337    102002.7029850792
536000     -8714.2813231901       129.8791267456      -962.2831395564    102002.7029850792
537000     -8714.9600880339       129.8647801261      -961.0718234459    102002.7029850792
538000     -8714.9124815001       129.8760907424      -960.9147605292    102002.7029850792
539000     -8715.1721509389       129.8586533500      -960.1155276486    102002.7029850791
540000     -8714.7842006948       129.8811251031      -960.9625050774    102002.7029850791
541000     -8714.6199054546       129.8902601628      -961.3511573597    102002.7029850791
542000     -8714.4587918327       129.9032819731      -962.5793042966    102002.7029850791
543000     -8714.7283586292       129.8901945123      -961.8067851701    102002.7029850791
544000     -8714.8120548138       129.8931254071      -961.5168273359    102002.7029850791
545000     -8714.8317290021       129.9098284816      -960.9554469972    102002.7029850791
546000     -8714.7319308581       129.9275016556      -960.6072601545    102002.7029850791
547000     -8715.1151610715       129.9055452468      -961.6125350503    102002.7029850791
548000     -8715.2570294095       129.9038175229      -962.6936504132    102002.7029850791
549000     -8714.8897121515       129.9223613349      -962.2827320659    102002.7029850791
550000     -8715.2897921038       129.9096176178      -961.2247643356    102002.7029850791
551000     -8714.9216030354       129.9365391645      -959.5548107061    102002.7029850791
552000     -8714.9361495008       129.9364216300      -959.6609866106    102002.7029850791
553000     -8715.1590456095       129.9287123761      -959.0423340958    102002.7029850791
554000     -8715.5273264305       129.9110422190      -958.3632879059    102002.7029850791
555000     -8716.0801963378       129.8962430896      -959.5154189099    102002.7029850791
556000     -8716.0292884072       129.8960225767      -960.2207631426    102002.7029850791
557000     -8716.0388794009       129.8948890973      -961.0974544295    102002.7029850791
558000     -8716.1178758042       129.9048353361      -961.0853617696    102002.7029850791
559000     -8716.6322079775       129.8942030149      -959.6249986191    102002.7029850791
560000     -8716.9990505774       129.8990169496      -958.0254453528    102002.7029850791
561000     -8717.5228052929       129.8990445916      -957.0204833564    102002.7029850791
562000     -8717.8220965150       129.8971572388      -957.8570564951    102002.7029850791
563000     -8718.0246321800       129.8945260562      -957.4046792633    102002.7029850791
564000     -8717.9247999901       129.9009678543      -957.3282243897    102002.7029850791
565000     -8717.9136827237       129.8998805001      -956.2686190376    102002.7029850791
566000     -8717.7479262535       129.8966643192      -957.3132906949    102002.7029850791
567000     -8717.9086977998       129.8847262174      -957.4834583046    102002.7029850791
568000     -8717.9714046733       129.8845882165      -957.6374153556    102002.7029850791
569000     -8717.8646734014       129.8925338433      -957.7504163464    102002.7029850791
570000     -8717.8196197823       129.8974193983      -958.0311973312    102002.7029850791
571000     -8717.6908120865       129.9082515239      -958.4763520672    102002.7029850791
572000     -8717.7186436369       129.9077395227      -958.7310890632    102002.7029850791
573000     -8717.8415119761       129.9058757523      -958.5812095795    102002.7029850791
574000     -8718.0571256282       129.9004868892      -958.3336351179    102002.7029850791
575000     -8718.0337017206       129.9110110072      -958.0768901833    102002.7029850791
576000     -8718.0495546926       129.9118225294      -957.8573656083    102002.7029850791
577000     -8718.0914066083       129.9109293730      -957.4892310085    102002.7029850791
578000     -8718.0905263520       129.9049245802      -958.7613188095    102002.7029850791
579000     -8718.1436117065       129.9019081056      -959.3145419267    102002.7029850791
580000     -8718.2932078244       129.8962821055      -959.7897892142    102002.7029850791
581000     -8718.2480109588       129.8937083025      -960.1255168118    102002.7029850791
582000     -8718.3135547818       129.8918031072      -960.7780293051    102002.7029850791
583000     -8718.1343872060       129.9022553101      -959.8930296969    102002.7029850791
584000     -8718.1204568246       129.9069467874      -959.1313612789    102002.7029850791
585000     -8718.1776646121       129.9034150296      -959.2480444022    102002.7029850791
586000     -8718.2860533779       129.9047201391      -959.1529551331    102002.7029850791
587000     -8718.3761018837       129.8944059333      -959.9025051351    102002.7029850791
588000     -8718.1488795685       129.9018170441      -959.7202546719    102002.7029850791
589000     -8718.0823274941       129.9105201051      -959.8566230197    102002.7029850791
590000     -8717.9561333839       129.9159595612      -959.7339341928    102002.7029850791
591000     -8717.8590200267       129.9175441955      -960.0560353076    102002.7029850792
592000     -8717.9853516643       129.9187129659      -960.1822153807    102002.7029850792
593000     -8718.0877679461       129.9177106707      -960.3878831937    102002.7029850792
594000     -8718.2120818725       129.9193266939      -960.1131751975    102002.7029850792
595000     -8718.4134959109       129.9186985462      -960.5197715749    102002.7029850792
596000     -8718.4899771487       129.9214977190      -960.8179267466    102002.7029850792
597000     -8718.4252855795       129.9303542402      -961.0155564769    102002.7029850792
598000     -8718.3376123907       129.9341452732      -961.0435569628    102002.7029850792
599000     -8718.2797841022       129.9350921094      -961.4300148177    102002.7029850792
600000     -8718.2388298071       129.9409144520      -962.0722860719    102002.7029850792
601000     -8718.0271433048       129.9536458089      -962.0256227718    102002.7029850792
602000     -8717.9241869257       129.9553251274      -962.7953796132    102002.7029850792
603000     -8717.8386087878       129.9530976494      -962.6605253766    102002.7029850792
604000     -8717.7986234409       129.9531630059      -962.1108005732    102002.7029850793
605000     -8717.6120408090       129.9608191209      -962.0838371079    102002.7029850793
606000     -8717.4541305621       129.9650343696      -962.0172545798    102002.7029850793
607000     -8717.3988000026       129.9666458439      -961.8634236715    102002.7029850793
608000     -8717.3919932534       129.9698988130      -961.1502232413    102002.7029850793
609000     -8717.4396274040       129.9708730305      -961.4317571646    102002.7029850793
610000     -8717.3971472506       129.9766685892      -961.7462307415    102002.7029850793
611000     -8717.3581751888       129.9775585254      -962.2073302591    102002.7029850793
612000     -8717.6782787671       129.9731115092      -961.7896970513    102002.7029850793
613000     -8717.8900994739       129.9749664069      -961.1444597585    102002.7029850793
614000     -8717.8233224910       129.9814081083      -960.9336542354    102002.7029850793
615000     -8717.8743619224       129.9783442184      -960.4187093060    102002.7029850793
616000     -8717.7743125777       129.9830909069      -960.5333238097    102002.7029850793
617000     -8717.6898263757       129.9885384744      -960.3314591010    102002.7029850793
618000     -8717.6201243108       129.9893823336      -960.8355347853    102002.7029850793
619000     -8717.7527088709       129.9906613684      -960.7758053625    102002.7029850793
620000     -8717.7945536501       129.9912102138      -960.6817381461    102002.7029850793
621000     -8717.8186634337       129.9902418411      -960.6766351545    102002.7029850793
622000     -8717.8427567764       129.9922838505      -960.7644516568    102002.7029850794
623000     -8717.7236642135       130.0011332586      -960.2340995996    102002.7029850794
624000     -8717.6021573537       130.0053881844      -959.7617937911    102002.7029850794
625000     -8717.5054801802       130.0089447329      -959.7080820651    102002.7029850794
626000     -8717.2936505676       130.0122480183      -959.4440402270    102002.7029850794
627000     -8717.2127745287       130.0101796795      -959.3676721266    102002.7029850794
628000     -8717.1398473572       130.0088470621      -959.7472233831    102002.7029850794
629000     -8717.0017913420       130.0092551556      -959.5038621213    102002.7029850794
630000     -8716.9659003114       130.0074757406      -958.9837710149    102002.7029850794
631000     -8717.0405896861       129.9959353096      -958.4879617936    102002.7029850794
632000     -8716.9204092686       129.9979649727      -958.1860544926    102002.7029850794
633000     -8716.8876038316       130.0017357032      -958.0831700826    102002.7029850794
634000     -8716.9044385700       129.9999971725      -957.8874684763    102002.7029850794
635000     -8717.0318335105       129.9983911345      -957.9213951823    102002.7029850794
636000     -8717.1174078184       129.9978883865      -957.6791138679    102002.7029850794
637000     -8717.1604485089       129.9977923297      -957.3257898070    102002.7029850794
638000     -8717.1505898277       129.9952728834      -957.3976755671    102002.7029850794
639000     -8717.1596585055       129.9932126468      -957.2498719920    102002.7029850794
640000     -8717.2197814218       129.9900620493      -957.3771536749    102002.7029850794
641000     -8717.3740866069       129.9815019034      -957.7650812624    102002.7029850794
642000     -8717.3874061116       129.9845504741      -957.5081346089    102002.7029850794
643000     -8717.2721385571       129.9903134849      -957.6634858893    102002.7029850794
644000     -8717.1844354896       129.9963315023      -957.5545097537    102002.7029850794
645000     -8717.1179779527       129.9983196749      -957.7578532375    102002.7029850794
646000     -8717.1606950693       129.9949854741      -958.0834713937    102002.7029850795
647000     -8717.1504957470       129.9928344647      -958.3485904280    102002.7029850795
648000     -8717.2756464857       129.9877010484      -958.5953672609    102002.7029850795
649000     -8717.2069515434       129.9898347690      -958.5291629777    102002.7029850795
650000     -8717.2282445821       129.9889297654      -958.4392734729    102002.7029850795
651000     -8717.2561152755       129.9883231417      -958.5593069867    102002.7029850795
652000     -8717.2462661189       129.9889865361      -958.6951750053    102002.7029850795
653000     -8717.2798073647       129.9837859745      -958.7283279439    102002.7029850795
654000     -8717.2560232075       129.9842066330      -958.8605098499    102002.7029850795
655000     -8717.2113927838       129.9870777274      -958.2436339958    102002.7029850795
656000     -8717.1116989371       129.9926934912      -958.2771610343    102002.7029850795
657000     -8717.0487704166       129.9939030307      -958.6311194928    102002.7029850795
658000     -8716.9516023223       129.9983763537      -958.3773820429    102002.7029850795
659000     -8717.0298892819       129.9918831903      -958.2241321631    102002.7029850795
660000     -8716.9759095346       129.9896279862      -958.3028077529    102002.7029850795
661000     -8716.8563135931       129.9910567885      -958.1690312185    102002.7029850795
662000     -8716.8495953215       129.9888798050      -957.6828888350    102002.7029850795
663000     -8716.8436837380       129.9892561922      -957.5054862798    102002.7029850795
664000     -8716.9245893037       129.9889716571      -957.0543966426    102002.7029850795
665000     -8716.9593459586       129.9905944147      -956.7097740355    102002.7029850795
666000     -8716.9886459823       129.9907181368      -956.5758921313    102002.7029850795
667000     -8716.9749547901       129.9919445327      -956.5296863393    102002.7029850795
668000     -8716.9962074247       129.9933679242      -956.3614340787    102002.7029850795
669000     -8716.9936199572       129.9947427252      -956.4137720659    102002.7029850795
670000     -8717.0039296593       129.9917426549      -956.4024606828    102002.7029850795
671000     -8716.9689912266       129.9898910518      -956.0612735474    102002.7029850795
672000     -8716.9650674495       129.9886505480      -955.8713026800    102002.7029850795
673000     -8716.9887763655       129.9807493256      -955.8745615235    102002.7029850795
674000     -8717.0329573416       129.9786864618      -956.0433085399    102002.7029850794
675000     -8717.0825325619       129.9762734757      -955.9427660372    102002.7029850794
676000     -8717.1735976490       129.9711636407      -956.0233054918    102002.7029850794
677000     -8717.1809101034       129.9696844239      -955.9921302132    102002.7029850794
678000     -8717.0667860344       129.9760012886      -956.0266654801    102002.7029850794
679000     -8717.0272064992       129.9765166146      -955.9917467654    102002.7029850794
680000     -8716.9821198722       129.9757715968      -956.3350327809    102002.7029850794
681000     -8716.9052648877       129.9697009642      -957.1060488651    102002.7029850794
682000     -8716.6865279096       129.9746749243      -957.0811575224    102002.7029850794
683000     -8716.5399613482       129.9770270244      -957.2217664207    102002.7029850794
684000     -8716.4480103846       129.9807553634      -957.4260159517    102002.7029850794
685000     -8716.4748107476       129.9797696531      -957.1989296543    102002.7029850794
686000     -8716.4202989528       129.9786412297      -957.1017795254    102002.7029850794
687000     -8716.2856125841       129.9813415089      -957.0858934234    102002.7029850794
688000     -8716.1879914605       129.9825047602      -956.9064050277    102002.7029850793
689000     -8716.0382867217       129.9894164831      -957.0664855214    102002.7029850793
690000     -8716.0149186309       129.9905820079      -956.9033765600    102002.7029850793
691000     -8715.9965157540       129.9904036082      -956.8383293186    102002.7029850793
692000     -8716.0561198447       129.9883160416      -957.2184254739    102002.7029850793
693000     -8716.1005809199       129.9874883438      -957.1393504250    102002.7029850793
694000     -8716.1006981604       129.9878245982      -957.2460831859    102002.7029850793
695000     -8716.1277146204       129.9886013548      -956.9178544197    102002.7029850793
696000     -8716.2392629760       129.9851973417      -956.8665973853    102002.7029850793
697000     -8716.3337875663       129.9829769924      -956.9089785871    102002.7029850793
698000     -8716.3149451084       129.9856544453      -956.8900799987    102002.7029850793
699000     -8716.3603806402       129.9859183378      -956.8917767068    102002.7029850793
700000     -8716.4114576756       129.9864352315      -957.0255978990    102002.7029850793
701000     -8716.4031865032       129.9886117967      -956.8296373595    102002.7029850793
702000     -8716.3864011412       129.9887812677      -956.7359272109    102002.7029850793
703000     -8716.3261711063       129.9914890609      -956.5111855988    102002.7029850793
704000     -8716.2773355471       129.9940430177      -956.5251235611    102002.7029850792
705000     -8716.3055979010       129.9915353385      -956.6386222369    102002.7029850792
706000     -8716.3916098223       129.9907307867      -956.5703807783    102002.7029850792
707000     -8716.5161426624       129.9885842272      -956.4327586261    102002.7029850792
708000     -8716.5742902366       129.9913543385      -956.3548366711    102002.7029850792
709000     -8716.6575533452       129.9914281508      -956.2164661476    102002.7029850792
710000     -8716.7052299829       129.9931137426      -956.1662932618    102002.7029850792
711000     -8716.7278654239       129.9945935841      -956.0038614904    102002.7029850792
712000     -8716.7510567251       129.9951370432      -955.8404712758    102002.7029850792
713000     -8716.7251633071       129.9986405867      -955.6714301048    102002.7029850792
714000     -8716.6188948163       130.0017495207      -955.6817799021    102002.7029850792
715000     -8716.5528717956       130.0026246940      -955.5412865734    102002.7029850792
716000     -8716.5058475708       130.0035384831      -955.4757701692    102002.7029850792
717000     -8716.4892722439       130.0000937587      -955.6343510188    102002.7029850792
718000     -8716.4471678107       129.9991417337      -955.6352240684    102002.7029850792
719000     -8716.4011549048       130.0029052017      -955.7430680412    102002.7029850792
720000     -8716.3718889284       130.0027105077      -955.8014773344    102002.7029850792
721000     -8716.2557699610       130.0064662405      -955.7743064456    102002.7029850792
722000     -8716.2246508389       130.0053883206      -955.6278993251    102002.7029850792
723000     -8716.1770074080       130.0067575080      -955.4542414381    102002.7029850792
724000     -8716.2179084462       130.0046205075      -955.5895469646    102002.7029850791
725000     -8716.2604632443       130.0023439994      -955.6321008137    102002.7029850791
726000     -8716.2707356044       130.0007247399      -955.9854376813    102002.7029850791
727000     -8716.3909933805       129.9972258621      -955.7981815985    102002.7029850791
728000     -8716.4542273555       129.9946775036      -955.5072218180    102002.7029850791
729000     -8716.5038343301       129.9939005027      -955.3867756588    102002.7029850791
730000     -8716.5568779472       129.9896505768      -955.5603495963    102002.7029850791
731000     -8716.5046517516       129.9909813208      -955.7062027617    102002.7029850791
732000     -8716.5177559041       129.9884004781      -955.7515101824    102002.7029850791
733000     -8716.4786227395       129.9905701308      -955.5737460778    102002.7029850791
734000     -8716.4295087563       129.9911906233      -955.3397344859    102002.7029850791
735000     -8716.4273755905       129.9898345822      -955.0583739554    102002.7029850791
736000     -8716.3861303681       129.9901978621      -954.7979333580    102002.7029850791
737000     -8716.3215030032       129.9903848911      -954.8089395023    102002.7029850791
738000     -8716.3434737109       129.9858540868      -954.7079732956    102002.7029850791
739000     -8716.2852187494       129.9854844535      -954.6112030381    102002.7029850791
740000     -8716.1921812467       129.9893972801      -954.4283303699    102002.7029850791
741000     -8716.0851143386       129.9913751266      -954.0824966829    102002.7029850791
742000     -8716.0225084742       129.9921280264      -953.7030795651    102002.7029850791
743000     -8716.0213414017       129.9919452596      -953.7732085778    102002.7029850791
744000     -8716.0356759647       129.9948315247      -953.6157583008    102002.7029850791
745000     -8716.1117626777       129.9940484908      -953.4138983069    102002.7029850791
746000     -8716.1213361070       129.9937780415      -953.3820244907    102002.7029850791
747000     -8716.2283093788       129.9888194327      -953.4256379907    102002.7029850791
748000     -8716.2576599771       129.9855208711      -953.6495035353    102002.7029850790
749000     -8716.2837333519       129.9832260125      -953.6929592837    102002.7029850790
750000     -8716.3344435683       129.9797844556      -953.7940268943    102002.7029850790
751000     -8716.2971586260       129.9782595248      -954.0508258483    102002.7029850790
752000     -8716.2212080766       129.9807777894      -954.0686577410    102002.7029850790
753000     -8716.1966704391       129.9814804908      -954.0022234393    102002.7029850790
754000     -8716.1375574752       129.9824655028      -954.4279021824    102002.7029850790
755000     -8716.0937773562       129.9811916698      -954.6190483705    102002.7029850790
756000     -8716.1142686364       129.9780197764      -954.4552839771    102002.7029850790
757000     -8716.0588996404       129.9804111140      -954.1612968658    102002.7029850790
758000     -8716.0311336703       129.9809803224      -954.1231736772    102002.7029850790
759000     -8716.0091618843       129.9832529506      -954.1549907311    102002.7029850790
760000     -8716.0126268550       129.9856788988      -954.2727218708    102002.7029850790
761000     -8716.0594704530       129.9840275182      -954.4771292439    102002.7029850790
762000     -8716.0932952012       129.9801195545      -954.5930158236    102002.7029850790
763000     -8716.0966774703       129.9825269594      -954.3540917581    102002.7029850790
764000     -8716.1270450100       129.9813121646      -954.4064702080    102002.7029850790
765000     -8716.1461958346       129.9796723850      -954.5796336523    102002.7029850790
766000     -8716.1178257393       129.9802756827      -954.6253320290    102002.7029850790
767000     -8716.0935627904       129.9829904550      -954.5204244890    102002.7029850790
768000     -8716.0818020098       129.9825095607      -954.3889391402    102002.7029850790
769000     -8716.0602790251       129.9837025462      -954.2028376028    102002.7029850790
770000     -8716.0543846752       129.9870792482      -953.9436125824    102002.7029850790
771000     -8716.0264640667       129.9881643195      -953.7623889419    102002.7029850790
772000     -8716.0488065073       129.9870241127      -953.9608954036    102002.7029850790
773000     -8716.0784794474       129.9859532491      -953.8559021767    102002.7029850790
774000     -8716.1174632756       129.9853299450      -953.7801136176    102002.7029850790
775000     -8716.1909541125       129.9825758251      -953.4595681113    102002.7029850790
776000     -8716.2257055223       129.9838705150      -953.2296886832    102002.7029850790
777000     -8716.2415567978       129.9839259388      -953.1341494190    102002.7029850789
778000     -8716.2034174362       129.9847521537      -953.3415027953    102002.7029850789
779000     -8716.1768046440       129.9858514818      -953.5429052869    102002.7029850789
780000     -8716.1742367288       129.9863129679      -953.5869692372    102002.7029850789
781000     -8716.2702619476       129.9836078451      -953.8125146586    102002.7029850789
782000     -8716.3264904321       129.9832443440      -953.7203953354    102002.7029850789
783000     -8716.3746074964       129.9813756163      -953.7352021522    102002.7029850789
784000     -8716.4666034550       129.9792351383      -953.6983930126    102002.7029850789
785000     -8716.5614023866       129.9782580331      -953.4379057346    102002.7029850789
786000     -8716.6593572262       129.9752796024      -953.3676258518    102002.7029850789
787000     -8716.7353001387       129.9723279844      -953.3930207367    102002.7029850789
788000     -8716.7832812545       129.9723272730      -953.5012242783    102002.7029850789
789000     -8716.7858920459       129.9753255920      -953.4417156272    102002.7029850789
790000     -8716.8692997250       129.9763488973      -953.3605969339    102002.7029850789
791000     -8716.9194052336       129.9763309165      -953.3963939341    102002.7029850789
792000     -8716.9887873820       129.9767355060      -953.2488274819    102002.7029850789
793000     -8717.0583851524       129.9766368504      -953.0749471367    102002.7029850789
794000     -8717.0780310585       129.9760396214      -953.2143409739    102002.7029850789
795000     -8717.1117856167       129.9755137073      -953.1629247822    102002.7029850789
796000     -8717.0110226303       129.9807791714      -953.3557362412    102002.7029850789
797000     -8716.9334763034       129.9829170249      -953.2969875104    102002.7029850789
798000     -8716.9473316093       129.9822481451      -953.1801901180    102002.7029850789
799000     -8716.9525258527       129.9834707287      -952.9972562645    102002.7029850789
800000     -8716.9677926825       129.9840032516      -952.6798013072    102002.7029850789
801000     -8717.0143836452       129.9824869663      -952.7474899763    102002.7029850789
802000     -8717.0595700999       129.9811910339      -952.7957104209    102002.7029850789
803000     -8717.0956323123       129.9796482951      -952.9545005075    102002.7029850789
804000     -8717.1005174333       129.9791729839      -952.9969063639    102002.7029850789
805000     -8717.0285912538       129.9792803580      -953.0315248672    102002.7029850789
806000     -8716.9438809337       129.9820377297      -952.8805738640    102002.7029850789
807000     -8716.8831234411       129.9835040429      -953.0026034928    102002.7029850789
808000     -8716.8367863206       129.9840531075      -953.1037027075    102002.7029850789
809000     -8716.8204925281       129.9819572026      -953.3993425576    102002.7029850789
810000     -8716.7302960623       129.9828890774      -953.8713592125    102002.7029850789
811000     -8716.6373706089       129.9842278952      -954.2033441996    102002.7029850789
812000     -8716.5958593422       129.9851783322      -954.3603955400    102002.7029850789
813000     -8716.5214809240       129.9863876196      -954.2698487603    102002.7029850789
814000     -8716.4117814148       129.9890233048      -954.4046581426    102002.7029850789
815000     -8716.4029156769       129.9845256167      -954.5185627994    102002.7029850788
816000     -8716.3201558027       129.9870356145      -954.4958045539    102002.7029850788
817000     -8716.2448432068       129.9884823489      -954.5645307857    102002.7029850788
818000     -8716.2007436866       129.9889998224      -954.4630603366    102002.7029850788
819000     -8716.1760081465       129.9885028202      -954.4286797774    102002.7029850788
820000     -8716.1668914367       129.9870747538      -954.4347041955    102002.7029850788
821000     -8716.1055897328       129.9869361762      -954.6436022379    102002.7029850788
822000     -8716.0998732214       129.9864732258      -954.6997592294    102002.7029850788
823000     -8716.0920099790       129.9867562893      -954.5877955226    102002.7029850788
824000     -8716.0791361489       129.9879621877      -954.6182400628    102002.7029850788
825000     -8716.1045874842       129.9897867207      -954.4793301314    102002.7029850788
826000     -8716.1402907777       129.9913894422      -954.4103718193    102002.7029850788
827000     -8716.1699943330       129.9915609103      -954.4945867182    102002.7029850788
828000     -8716.2238800277       129.9895398478      -954.5505496163    102002.7029850788
829000     -8716.2137686743       129.9903953829      -954.3543974418    102002.7029850788
830000     -8716.1988885550       129.9894373466      -954.4618662192    102002.7029850788
831000     -8716.2154987685       129.9896320195      -954.6957063335    102002.7029850788
832000     -8716.2484210443       129.9875642099      -954.8543867878    102002.7029850788
833000     -8716.2667139958       129.9872277326      -954.8808086403    102002.7029850788
834000     -8716.2228084644       129.9895775939      -954.6694506652    102002.7029850788
835000     -8716.2322126730       129.9888371378      -954.7479016364    102002.7029850788
836000     -8716.2640187425       129.9858003567      -954.6784538882    102002.7029850788
837000     -8716.2541029369       129.9851921470      -954.6877812933    102002.7029850788
838000     -8716.2657134465       129.9833223820      -954.7962398648    102002.7029850788
839000     -8716.2182289716       129.9835766436      -954.9387222849    102002.7029850788
840000     -8716.2647636692       129.9804671751      -954.9301950741    102002.7029850788
841000     -8716.3176866661       129.9784499522      -955.0426150118    102002.7029850788
842000     -8716.3213163990       129.9770344860      -955.1407757300    102002.7029850788
843000     -8716.2977546013       129.9774670806      -955.5055540075    102002.7029850788
844000     -8716.3484272011       129.9744882669      -955.6870815884    102002.7029850788
845000     -8716.3529956920       129.9734901542      -955.8870271140    102002.7029850788
846000     -8716.3171728794       129.9737719679      -955.8276738332    102002.7029850788
847000     -8716.2890382453       129.9737089680      -955.9572828680    102002.7029850788
848000     -8716.2865417270       129.9742892549      -956.0724184333    102002.7029850788
849000     -8716.2896128714       129.9773399758      -955.9761394429    102002.7029850788
850000     -8716.2835992865       129.9777161847      -955.8468018761    102002.7029850788
851000     -8716.2975263780       129.9755564730      -955.9051328187    102002.7029850788
852000     -8716.2822613087       129.9752970672      -956.0402243257    102002.7029850788
853000     -8716.2428819671       129.9762300026      -956.3287675666    102002.7029850788
854000     -8716.2420183109       129.9761232781      -956.4074856818    102002.7029850788
855000     -8716.2495570209       129.9769259749      -956.6115406207    102002.7029850788
856000     -8716.2524003520       129.9774848561      -956.5577913249    102002.7029850788
857000     -8716.2810418236       129.9767198903      -956.6689883930    102002.7029850788
858000     -8716.2595035668       129.9768144504      -956.8992086656    102002.7029850788
859000     -8716.2459951560       129.9789076396      -956.9574420039    102002.7029850788
860000     -8716.2687844772       129.9782626374      -957.0349310405    102002.7029850788
861000     -8716.2095892357       129.9800062222      -957.2281313518    102002.7029850788
862000     -8716.1899649587       129.9827352914      -957.1180626397    102002.7029850788
863000     -8716.1849966198       129.9852303265      -957.1259013236    102002.7029850788
864000     -8716.1953540234       129.9853078544      -957.1992129371    102002.7029850788
865000     -8716.2039128343       129.9851395129      -957.2401820593    102002.7029850788
866000     -8716.2091715148       129.9852022863      -957.4111793525    102002.7029850788
867000     -8716.2234433929       129.9848844866      -957.6555680160    102002.7029850788
868000     -8716.2896879568       129.9824979545      -957.9095682286    102002.7029850788
869000     -8716.2907540964       129.9841070221      -957.9121325228    102002.7029850788
870000     -8716.3131041282       129.9839248371      -957.8964938855    102002.7029850787
871000     -8716.3063637940       129.9846294633      -957.8112589926    102002.7029850787
872000     -8716.3327218279       129.9853367776      -957.7694575210    102002.7029850787
873000     -8716.3824513063       129.9847711502      -957.6053587877    102002.7029850787
874000     -8716.4133319387       129.9848409798      -957.6791804364    102002.7029850787
875000     -8716.4512251795       129.9833359697      -957.6090207942    102002.7029850787
876000     -8716.4694917952       129.9834665149      -957.5954217680    102002.7029850787
877000     -8716.4792153457       129.9856908593      -957.6710411651    102002.7029850787
878000     -8716.5456118105       129.9842447595      -957.5978061908    102002.7029850787
879000     -8716.5779858560       129.9848147927      -957.5417132053    102002.7029850787
880000     -8716.5687238370       129.9833322244      -957.4510909683    102002.7029850787
881000     -8716.5739922437       129.9836574010      -957.2999195987    102002.7029850787
882000     -8716.5931396973       129.9828353106      -957.2965504023    102002.7029850787
883000     -8716.6010645278       129.9816901631      -956.9641021019    102002.7029850787
884000     -8716.6081637931       129.9827793336      -956.8329186350    102002.7029850787
885000     -8716.6237447698       129.9830681649      -956.7567235169    102002.7029850787
886000     -8716.6182204917       129.9847654175      -956.7737441357    102002.7029850787
887000     -8716.6205337817       129.9854482645      -956.7482612137    102002.7029850787
888000     -8716.6244009907       129.9866040397      -956.8740467236    102002.7029850787
889000     -8716.6200296774       129.9872112386      -956.9649788992    102002.7029850787
890000     -8716.6036980952       129.9874571643      -956.9907949536    102002.7029850787
891000     -8716.5697558285       129.9882742453      -957.0410895411    102002.7029850787
892000     -8716.5357388381       129.9884745470      -957.1983610132    102002.7029850787
893000     -8716.5182615894       129.9884268074      -957.1819274056    102002.7029850787
894000     -8716.5108020789       129.9895676103      -957.0969741427    102002.7029850787
895000     -8716.4873371866       129.9916312819      -956.9560037765    102002.7029850787
896000     -8716.4613590313       129.9926778043      -956.7780851828    102002.7029850787
897000     -8716.4099698850       129.9944749034      -956.8706722847    102002.7029850787
898000     -8716.3597841905       129.9954977364      -957.0296652356    102002.7029850787
899000     -8716.3383631541       129.9961662222      -957.0452209040    102002.7029850787
900000     -8716.3363056562       129.9977384837      -957.1274789933    102002.7029850787
901000     -8716.3488781672       129.9987979212      -957.0861700244    102002.7029850787
902000     -8716.3771555640       129.9979636938      -956.9822565547    102002.7029850787
903000     -8716.3558822687       129.9985160977      -956.9423488953    102002.7029850787
904000     -8716.3365658735       130.0009675435      -956.9759028693    102002.7029850787
905000     -8716.3130237535       130.0022623516      -957.0491862789    102002.7029850787
906000     -8716.3107618144       130.0031855473      -957.1277720560    102002.7029850787
907000     -8716.3594472185       130.0015680602      -957.2253203336    102002.7029850787
908000     -8716.3755009479       130.0028044907      -957.1270009834    102002.7029850787
909000     -8716.4101440980       130.0010850904      -957.1774378705    102002.7029850787
910000     -8716.4283362734       129.9999786784      -957.3151785840    102002.7029850787
911000     -8716.4273145137       129.9982573974      -957.3921037784    102002.7029850787
912000     -8716.4210667244       129.9985955605      -957.4196236121    102002.7029850787
913000     -8716.4235457793       129.9981507049      -957.4609255236    102002.7029850787
914000     -8716.3936431704       129.9986324337      -957.5105334644    102002.7029850787
915000     -8716.4271538304       129.9978430055      -957.5547588792    102002.7029850787
916000     -8716.4645773770       130.0002724161      -957.4477063215    102002.7029850787
917000     -8716.4700676426       130.0000714996      -957.5161628133    102002.7029850787
918000     -8716.4681818123       130.0006612065      -957.5294318284    102002.7029850787
919000     -8716.4774453012       130.0025640202      -957.6325029161    102002.7029850787
920000     -8716.4734429737       130.0044864450      -957.6579852298    102002.7029850787
921000     -8716.4739930842       130.0037961256      -957.5106840087    102002.7029850787
922000     -8716.4773568663       130.0033289883      -957.5400886943    102002.7029850787
923000     -8716.4751726554       130.0033136506      -957.6386993785    102002.7029850787
924000     -8716.4409551050       130.0058992852      -957.6915026377    102002.7029850787
925000     -8716.4666984788       130.0049836060      -957.6739512118    102002.7029850787
926000     -8716.4525595472       130.0063613435      -957.5836673003    102002.7029850787
927000     -8716.4747415129       130.0075247285      -957.4176766549    102002.7029850786
928000     -8716.4996857284       130.0078825422      -957.3570672101    102002.7029850786
929000     -8716.5368099433       130.0087508967      -957.2836178746    102002.7029850786
930000     -8716.5199709772       130.0095718600      -957.2330340295    102002.7029850786
931000     -8716.5489668892       130.0091860920      -957.1096035296    102002.7029850786
932000     -8716.5415876508       130.0109857582      -957.0993464229    102002.7029850786
933000     -8716.5695653472       130.0106172507      -957.1555490717    102002.7029850786
934000     -8716.5940161981       130.0083555211      -957.1670826436    102002.7029850786
935000     -8716.5970577710       130.0080697767      -957.1671827773    102002.7029850786
936000     -8716.5791147074       130.0099121487      -957.1215280140    102002.7029850786
937000     -8716.6266077495       130.0092808813      -957.1106774401    102002.7029850786
938000     -8716.6932629805       130.0063745942      -956.9418949391    102002.7029850786
939000     -8716.6720071670       130.0062484656      -957.0418345655    102002.7029850786
940000     -8716.6830176918       130.0062645241      -957.1325416105    102002.7029850786
941000     -8716.6688838369       130.0075456346      -957.2614470582    102002.7029850786
942000     -8716.6473660061       130.0085079618      -957.3630365020    102002.7029850786
943000     -8716.6497372696       130.0088177635      -957.4115442681    102002.7029850786
944000     -8716.6925631856       130.0091477191      -957.3438597123    102002.7029850786
945000     -8716.7261607921       130.0089211522      -957.3308261395    102002.7029850786
946000     -8716.7287723639       130.0084450241      -957.3918319848    102002.7029850786
947000     -8716.7202853538       130.0084206349      -957.3889918257    102002.7029850786
948000     -8716.7225228937       130.0084838413      -957.4507795015    102002.7029850786
949000     -8716.7164365242       130.0092895206      -957.4034364845    102002.7029850786
950000     -8716.7246132617       130.0098210054      -957.3458412316    102002.7029850786
951000     -8716.7280789489       130.0102579596      -957.2937290745    102002.7029850786
952000     -8716.7478978650       130.0095362974      -957.3848560456    102002.7029850786
953000     -8716.7968634203       130.0080892227      -957.4082264854    102002.7029850786
954000     -8716.8015410529       130.0077476180      -957.4900271558    102002.7029850786
955000     -8716.8080092051       130.0072275680      -957.3916028320    102002.7029850786
956000     -8716.8610313691       130.0055928376      -957.4222885425    102002.7029850786
957000     -8716.8727476011       130.0055126295      -957.3745623746    102002.7029850786
958000     -8716.8862043517       130.0052889549      -957.2682490463    102002.7029850786
959000     -8716.9281900988       130.0033898726      -957.2633901605    102002.7029850786
960000     -8716.9610422689       130.0018688115      -957.2699537808    102002.7029850786
961000     -8716.9835824270       130.0006285836      -957.2333503826    102002.7029850786
962000     -8717.0148830076       130.0001701088      -957.0594303623    102002.7029850786
963000     -8717.0333809205       129.9995427803      -957.1632049641    102002.7029850786
964000     -8717.0335822265       129.9998178804      -957.1672647539    102002.7029850786
965000     -8717.0618661754       129.9993098093      -957.1605114312    102002.7029850786
966000     -8717.0607743829       130.0000951737      -957.2225700540    102002.7029850786
967000     -8717.0386553690       129.9996451451      -957.1176889636    102002.7029850786
968000     -8717.0435938626       129.9999878040      -957.1650108926    102002.7029850786
969000     -8717.0512436050       129.9999859387      -957.3198734723    102002.7029850786
970000     -8717.0339810556       130.0005652323      -957.4053446289    102002.7029850786
971000     -8717.0347485024       130.0014391496      -957.4247881773    102002.7029850786
972000     -8717.0262235682       130.0025721480      -957.4327151601    102002.7029850786
973000     -8717.0009549036       130.0048285523      -957.4608636498    102002.7029850786
974000     -8717.0310549240       130.0036862545      -957.4222499864    102002.7029850786
975000     -8717.0361537131       130.0042437704      -957.3294716136    102002.7029850786
976000     -8717.0516302681       130.0039008586      -957.2027317737    102002.7029850786
977000     -8717.0761506551       130.0040511008      -957.1061636043    102002.7029850786
978000     -8717.1143487749       130.0042106662      -956.9688188803    102002.7029850786
979000     -8717.1603617876       130.0034166161      -956.9982936022    102002.7029850786
980000     -8717.1772931018       130.0049351263      -956.9294315013    102002.7029850786
981000     -8717.2321507055       130.0036315525      -956.9516636834    102002.7029850786
982000     -8717.2692324373       130.0028309854      -956.8998413107    102002.7029850786
983000     -8717.3377351294       130.0010696181      -956.9005650221    102002.7029850786
984000     -8717.3528913885       130.0006338885      -956.9135420832    102002.7029850786
985000     -8717.3465709140       130.0024316847      -956.9221490381    102002.7029850786
986000     -8717.3865739654       130.0021955409      -956.8510708694    102002.7029850786
987000     -8717.4553192055       130.0011399483      -956.6721881931    102002.7029850786
988000     -8717.4580848816       130.0023614272      -956.6587838974    102002.7029850786
989000     -8717.4556854252       130.0036091073      -956.6153091672    102002.7029850786
990000     -8717.4591898315       130.0044160178      -956.5526818982    102002.7029850786
991000     -8717.4556233166       130.0045533338      -956.5937148435    102002.7029850786
992000     -8717.4598383720       130.0054434425      -956.6399026086    102002.7029850786
993000     -8717.4223002337       130.0073076546      -956.8018119787    102002.7029850786
994000     -8717.4517046774       130.0053581316      -956.8188674789    102002.7029850786
995000     -8717.4592776289       130.0041824627      -956.8445290114    102002.7029850786
996000     -8717.4792554545       130.0039013985      -956.8619726126    102002.7029850786
997000     -8717.4959666715       130.0032555307      -956.7201447740    102002.7029850786
998000     -8717.4823073605       130.0042829402      -956.6211234238    102002.7029850786
999000     -8717.4986826845       130.0041873319      -956.6443001235    102002.7029850786
1000000     -8717.5498053338       130.0019982059      -956.5017945955    102002.7029850786
