# Time-averaged data for fix runningavgs
# TimeStep v_ra_etotal v_ra_temp v_ra_press v_ra_volume
502000    -10912.1958865513        90.6990084520       641.4186073398    102002.7029850792
503000    -10910.7992979797        90.8426545401       638.5119047056    102002.7029850792
504000    -10908.8400233417        90.9705969035       642.4416840157    102002.7029850792
505000    -10907.7114476449        90.9914180379       660.3842382549    102002.7029850792
506000    -10906.9912048088        91.0676455276       655.3705495667    102002.7029850792
507000    -10907.4212629139        91.0481381421       653.6943360219    102002.7029850792
508000    -10907.3425044711        91.0741760257       651.8005045575    102002.7029850792
509000    -10908.9269764422        91.0076683941       648.9111925204    102002.7029850792
510000    -10908.0708682045        91.0434910619       652.2430874476    102002.7029850792
511000    -10908.1076399617        91.0240162642       652.5201201883    102002.7029850792
512000    -10907.7355253842        91.0427364066       652.6371691130    102002.7029850792
513000    -10907.0646060791        91.0781937980       655.2407465641    102002.7029850792
514000    -10906.9414864953        91.0907736662       656.3447151323    102002.7029850792
515000    -10907.7796634473        91.0517764532       654.2231166776    102002.7029850792
516000    -10908.3138217200        91.0364491345       655.4144789989    102002.7029850792
517000    -10908.6229586511        91.0229933704       653.6320173771    102002.7029850792
518000    -10908.2897597245        91.0347016640       655.5533454255    102002.7029850792
519000    -10908.7548007574        91.0109881351       653.4178084077    102002.7029850792
520000    -10908.1422552625        91.0358084410       652.6152126725    102002.7029850792
521000    -10908.0744421970        91.0395048833       651.5025687715    102002.7029850792
522000    -10907.4912759762        91.0690246310       650.8446164810    102002.7029850792
523000    -10907.3917418354        91.0854537145       649.6089053128    102002.7029850792
524000    -10907.4250283873        91.0834641628       649.8701088126    102002.7029850792
525000    -10906.8077556525        91.1161460410       648.5860499742    102002.7029850792
526000    -10906.9292738108        91.1185607885       646.8820810217    102002.7029850792
527000    -10907.2707796905        91.1065105629       645.0906017657    102002.7029850792
528000    -10907.1411225104        91.1128245451       644.2131417224    102002.7029850792
529000    -10907.0434010073        91.1310560055       642.9166619437    102002.7029850792
530000    -10907.0567387848        91.1321555272       643.1515350399    102002.7029850792
531000    -10906.8664707776        91.1428158834       642.6492346183    102002.7029850792
532000    -10906.9250849555        91.1501116338       642.0269475670    102002.7029850792
533000    -10906.9736363644        91.1514630562       641.9923800668    102002.7029850792
534000    -10907.2197983854        91.1409862144       639.5400279436    102002.7029850792
535000    -10907.6953165423        91.1249690407       640.4861618509    102002.7029850792
536000    -10907.7938880322        91.1224720514       640.1253692861    102002.7029850792
537000    -10908.0292507574        91.1177489390       639.0584237020    102002.7029850792
538000    -10908.2143198453        91.1123296662       639.1922521605    102002.7029850792
539000    -10908.0910292555        91.1157656589       639.4490182731    102002.7029850791
540000    -10908.0676982688        91.1139811575       638.6051761088    102002.7029850791
541000    -10907.9919675422        91.1231987675       638.8181158156    102002.7029850791
542000    -10907.9481977392        91.1229212244       638.6505129042    102002.7029850791
543000    -10908.0921230842        91.1192401047       637.7907763807    102002.7029850791
544000    -10908.0862620095        91.1172694924       636.2996029996    102002.7029850791
545000    -10908.2483663127        91.1106260776       636.4369989242    102002.7029850791
546000    -10908.3426717517        91.1028484400       636.6061380465    102002.7029850791
547000    -10908.4463606314        91.0976917963       636.0875113197    102002.7029850791
548000    -10908.2577642026        91.1052957807       635.4273940507    102002.7029850791
549000    -10908.3673329305        91.1026128892       634.7967371733    102002.7029850791
550000    -10908.4990390155        91.0976336793       634.5027048930    102002.7029850791
551000    -10908.4349361056        91.0970696371       634.4482793817    102002.7029850791
552000    -10908.5344133819        91.0875932434       634.1019658573    102002.7029850791
553000    -10908.3625389283        91.0939046779       634.6588733471    102002.7029850791
554000    -10908.1205745007        91.0999937818       635.3486295489    102002.7029850791
555000    -10908.1148434648        91.0940717633       634.9702070197    102002.7029850791
556000    -10907.9247990643        91.0959975586       635.9154429496    102002.7029850791
557000    -10907.7598280745        91.0987964613       636.1929506735    102002.7029850791
558000    -10907.5192178377        91.1067258892       637.4846114084    102002.7029850791
559000    -10907.3773456451        91.1104723427       638.2528927045    102002.7029850791
560000    -10907.3882270448        91.1077249520       637.9795502570    102002.7029850791
561000    -10907.4427359854        91.1041913349       637.7571884743    102002.7029850791
562000    -10907.2288067835        91.1138975372       637.3372457905    102002.7029850791
563000    -10907.2522309616        91.1107104547       637.8863853118    102002.7029850791
564000    -10907.1324111827        91.1151722321       638.0300976094    102002.7029850791
565000    -10907.3776397773        91.1025470838       636.5701234225    102002.7029850791
566000    -10907.4544437528        91.1011011807       636.4513262919    102002.7029850791
567000    -10907.3697752132        91.1056009487       636.7150851235    102002.7029850791
568000    -10907.3364289166        91.1062734297       637.2440640618    102002.7029850791
569000    -10907.3352891522        91.1051840672       637.4373951773    102002.7029850791
570000    -10907.3605940566        91.1010912825       637.5613009859    102002.7029850791
571000    -10907.4094076497        91.0971548871       637.4959976543    102002.7029850791
572000    -10907.4463387954        91.0942175425       637.8637259742    102002.7029850791
573000    -10907.3826291809        91.0960612004       638.4585819135    102002.7029850791
574000    -10907.4544062668        91.0879358046       638.5315972125    102002.7029850791
575000    -10907.3679430418        91.0915288961       638.9329368395    102002.7029850791
576000    -10907.3791517537        91.0882139205       638.7289953138    102002.7029850791
577000    -10907.3382354716        91.0870284508       639.3097815231    102002.7029850791
578000    -10907.2226960800        91.0920329235       639.2367030061    102002.7029850791
579000    -10907.2642354663        91.0883176843       639.0453901716    102002.7029850791
580000    -10907.2670301476        91.0883701132       639.0456443866    102002.7029850791
581000    -10907.3339558510        91.0845007444       638.8183405563    102002.7029850791
582000    -10907.3334952110        91.0879541784       638.3327692665    102002.7029850791
583000    -10907.3728809445        91.0886040032       638.2839079221    102002.7029850791
584000    -10907.4940581300        91.0858629872       637.6416785102    102002.7029850791
585000    -10907.4121879854        91.0906478233       637.7049942704    102002.7029850791
586000    -10907.5316994492        91.0861962078       637.1040225011    102002.7029850791
587000    -10907.5876159151        91.0820397915       637.3824155981    102002.7029850791
588000    -10907.5148470840        91.0872092234       637.6674662137    102002.7029850791
589000    -10907.6046905068        91.0821065109       637.2681880458    102002.7029850791
590000    -10907.5755012390        91.0830208048       637.3032935435    102002.7029850791
591000    -10907.4353938669        91.0872935309       637.7713712189    102002.7029850792
592000    -10907.3679420197        91.0894577140       637.5857803443    102002.7029850792
593000    -10907.2675492425        91.0920132808       638.1906994228    102002.7029850792
594000    -10907.2721330326        91.0917123107       638.4142239488    102002.7029850792
595000    -10907.4052343671        91.0866433667       638.0686467598    102002.7029850792
596000    -10907.4729741507        91.0833984140       638.5933400317    102002.7029850792
597000    -10907.5812858423        91.0784713266       638.7900777152    102002.7029850792
598000    -10907.6763126373        91.0734988712       638.4221862186    102002.7029850792
599000    -10907.6470215689        91.0773954112       638.4928233923    102002.7029850792
600000    -10907.6662502268        91.0777084043       638.0859390385    102002.7029850792
601000    -10907.7796636640        91.0722677419       637.9048210034    102002.7029850792
602000    -10907.8530445652        91.0704201976       637.8513495365    102002.7029850792
603000    -10907.7750990790        91.0749554034       637.8186069578    102002.7029850792
604000    -10907.8950670412        91.0714364767       637.7874091884    102002.7029850793
605000    -10907.8756011615        91.0753174430       637.6661159143    102002.7029850793
606000    -10907.9358163447        91.0734619357       637.3795383899    102002.7029850793
607000    -10907.9121559050        91.0756170152       636.9583839920    102002.7029850793
608000    -10908.0516629253        91.0700150734       636.2248342405    102002.7029850793
609000    -10908.0203234976        91.0719571358       635.9350665165    102002.7029850793
610000    -10907.9830433588        91.0736382203       635.8425090147    102002.7029850793
611000    -10908.1026721318        91.0680184318       635.4316210053    102002.7029850793
612000    -10908.2126114131        91.0644148496       635.1171482589    102002.7029850793
613000    -10908.1748578158        91.0657202200       635.1554639577    102002.7029850793
614000    -10908.1668127791        91.0664374488       634.6632823132    102002.7029850793
615000    -10908.2324443307        91.0635949962       634.5016751474    102002.7029850793
616000    -10908.3104074347        91.0589312301       634.6325921610    102002.7029850793
617000    -10908.3064120908        91.0584407483       634.2967828133    102002.7029850793
618000    -10908.1898781054        91.0643646751       634.4059705960    102002.7029850793
619000    -10908.1518895445        91.0665011960       634.2378224883    102002.7029850793
620000    -10908.2083264384        91.0630759862       633.9296022195    102002.7029850793
621000    -10908.1952227482        91.0619113741       633.6077227979    102002.7029850793
622000    -10908.1221134783        91.0651006260       633.9175053804    102002.7029850794
623000    -10908.0642387843        91.0676482711       634.0050829797    102002.7029850794
624000    -10908.0425660669        91.0712417711       633.8388948971    102002.7029850794
625000    -10908.1655850801        91.0665565332       633.9088775697    102002.7029850794
626000    -10908.2184678538        91.0647263771       633.5590446603    102002.7029850794
627000    -10908.2640485897        91.0650246391       633.3726200195    102002.7029850794
628000    -10908.3280658744        91.0631515049       633.4242102494    102002.7029850794
629000    -10908.3877711636        91.0618780569       633.3130583214    102002.7029850794
630000    -10908.3677490127        91.0637643780       633.3577360920    102002.7029850794
631000    -10908.4398941020        91.0609497432       633.2954584421    102002.7029850794
632000    -10908.3925542035        91.0627084016       633.1810464640    102002.7029850794
633000    -10908.5055313822        91.0590113396       632.7285315659    102002.7029850794
634000    -10908.5768736704        91.0556968820       632.6007430505    102002.7029850794
635000    -10908.5924558012        91.0557561552       632.4352839515    102002.7029850794
636000    -10908.5825608187        91.0550511031       632.4848543954    102002.7029850794
637000    -10908.4881643387        91.0595579298       632.4461492075    102002.7029850794
638000    -10908.4509344850        91.0598194863       632.7308522946    102002.7029850794
639000    -10908.5049457966        91.0594924483       632.5883435840    102002.7029850794
640000    -10908.5724675947        91.0581472979       632.4662935967    102002.7029850794
641000    -10908.6585154887        91.0558112244       632.3567871067    102002.7029850794
642000    -10908.6872654058        91.0553180327       632.7313186201    102002.7029850794
643000    -10908.7738812421        91.0529478100       632.6263604275    102002.7029850794
644000    -10908.7868815450        91.0521524010       633.0004708925    102002.7029850794
645000    -10908.8936550348        91.0490966359       632.9288866775    102002.7029850794
646000    -10908.8872486848        91.0483716563       633.1992664665    102002.7029850795
647000    -10908.8562390382        91.0497025046       633.5776106667    102002.7029850795
648000    -10908.8976366733        91.0499225828       633.7441315733    102002.7029850795
649000    -10908.9339288053        91.0492434187       633.8220291550    102002.7029850795
650000    -10908.9997072539        91.0473699199       634.0232451211    102002.7029850795
651000    -10909.0253563257        91.0473217222       633.7820124089    102002.7029850795
652000    -10908.9944867971        91.0502782697       633.6572393389    102002.7029850795
653000    -10909.0028810170        91.0522433433       633.8992398915    102002.7029850795
654000    -10909.0371801407        91.0508241016       633.7480172884    102002.7029850795
655000    -10909.0895123782        91.0487464823       633.9419714111    102002.7029850795
656000    -10909.1005695218        91.0481558592       634.0524576207    102002.7029850795
657000    -10909.0962590403        91.0501959484       634.5778336235    102002.7029850795
658000    -10909.0743478803        91.0511543121       634.8579900410    102002.7029850795
659000    -10909.1213418719        91.0492501682       634.6544555915    102002.7029850795
660000    -10909.1288411945        91.0486943613       634.7501779220    102002.7029850795
661000    -10909.1898284569        91.0459872321       634.7878733052    102002.7029850795
662000    -10909.2088791926        91.0454577494       634.8816764445    102002.7029850795
663000    -10909.1807532267        91.0480012397       634.7628227856    102002.7029850795
664000    -10909.1913983295        91.0487993267       634.7641946456    102002.7029850795
665000    -10909.1782983671        91.0503836667       634.7987276357    102002.7029850795
666000    -10909.2406622650        91.0489055648       634.5508281414    102002.7029850795
667000    -10909.2976258515        91.0462896189       634.5118900705    102002.7029850795
668000    -10909.3396967697        91.0458447233       634.6722136848    102002.7029850795
669000    -10909.4209509091        91.0427086935       634.7532858182    102002.7029850795
670000    -10909.4579846298        91.0425002440       634.6426672165    102002.7029850795
671000    -10909.5332469797        91.0406545695       634.7216771768    102002.7029850795
672000    -10909.5956841645        91.0391618111       634.5646625021    102002.7029850795
673000    -10909.6133378962        91.0373904177       634.8536083891    102002.7029850795
674000    -10909.5727150757        91.0373297415       635.2740796729    102002.7029850794
675000    -10909.5684915422        91.0360838846       635.1955395206    102002.7029850794
676000    -10909.5807096509        91.0346086087       635.4392591748    102002.7029850794
677000    -10909.6218436045        91.0318898214       635.5078949213    102002.7029850794
678000    -10909.5796383560        91.0338631314       635.8089947007    102002.7029850794
679000    -10909.5931524237        91.0342276057       636.1595180918    102002.7029850794
680000    -10909.6032023762        91.0324395265       636.3980055575    102002.7029850794
681000    -10909.5128779511        91.0342790534       636.6820102366    102002.7029850794
682000    -10909.4623870751        91.0358501013       636.9929042926    102002.7029850794
683000    -10909.4591149403        91.0351349079       637.2058763049    102002.7029850794
684000    -10909.4565416826        91.0350186839       637.2802671947    102002.7029850794
685000    -10909.3818234085        91.0373900739       637.5389869334    102002.7029850794
686000    -10909.4509374842        91.0341398498       637.7962517800    102002.7029850794
687000    -10909.3855835752        91.0357489171       637.9008912863    102002.7029850794
688000    -10909.3321659241        91.0361827890       638.3960248573    102002.7029850793
689000    -10909.3016936512        91.0370909955       638.8574691125    102002.7029850793
690000    -10909.3446696260        91.0349665903       639.1025300826    102002.7029850793
691000    -10909.3441023821        91.0348490951       639.3763345454    102002.7029850793
692000    -10909.3678352509        91.0335886918       639.3999167485    102002.7029850793
693000    -10909.4043583485        91.0319333874       639.3216499609    102002.7029850793
694000    -10909.4054204142        91.0313342328       639.4349734345    102002.7029850793
695000    -10909.3975376805        91.0308133491       639.4661856371    102002.7029850793
696000    -10909.4720663799        91.0271195680       639.2801688954    102002.7029850793
697000    -10909.4667855210        91.0269029248       639.3011585502    102002.7029850793
698000    -10909.4257914198        91.0285165639       639.3794870944    102002.7029850793
699000    -10909.4476570194        91.0271693443       639.1767944710    102002.7029850793
700000    -10909.4052835464        91.0278531704       639.2634261051    102002.7029850793
701000    -10909.3741523508        91.0281850515       639.4420922448    102002.7029850793
702000    -10909.3392481276        91.0292047872       639.3145658446    102002.7029850793
703000    -10909.2752843213        91.0311006950       639.5090258446    102002.7029850793
704000    -10909.2647791785        91.0307877147       639.5777314247    102002.7029850792
705000    -10909.2363823714        91.0301997635       639.6684614697    102002.7029850792
706000    -10909.2101589782        91.0307247933       639.7751520112    102002.7029850792
707000    -10909.2109556744        91.0304704267       639.9376333699    102002.7029850792
708000    -10909.2586934234        91.0265515024       639.8626641947    102002.7029850792
709000    -10909.2591458213        91.0257142303       640.0433691508    102002.7029850792
710000    -10909.2790151689        91.0240913046       640.4741300365    102002.7029850792
711000    -10909.2433444469        91.0253380914       640.6432310072    102002.7029850792
712000    -10909.1449101598        91.0287773875       640.6917811574    102002.7029850792
713000    -10909.1419904415        91.0280479437       640.8401612448    102002.7029850792
714000    -10909.1588272583        91.0271473578       640.9655738581    102002.7029850792
715000    -10909.1571971341        91.0282918872       641.0279891502    102002.7029850792
716000    -10909.2371836016        91.0245118784       640.7823900539    102002.7029850792
717000    -10909.2661454172        91.0236833111       640.8288172586    102002.7029850792
718000    -10909.2741917434        91.0233321833       640.7591856287    102002.7029850792
719000    -10909.3068198583        91.0223162952       640.7574663183    102002.7029850792
720000    -10909.2490389798        91.0249805178       640.9380078467    102002.7029850792
721000    -10909.2377836130        91.0260031336       641.1141404121    102002.7029850792
722000    -10909.2002394049        91.0276550948       641.1431496863    102002.7029850792
723000    -10909.1456117634        91.0293099441       641.3845279531    102002.7029850792
724000    -10909.1628659192        91.0281454265       641.4127302450    102002.7029850791
725000    -10909.1770658124        91.0263461868       641.3627002905    102002.7029850791
726000    -10909.1966284596        91.0252360137       641.3166794777    102002.7029850791
727000    -10909.2367085430        91.0229223763       641.4564884555    102002.7029850791
728000    -10909.2204584657        91.0226768541       641.5622096928    102002.7029850791
729000    -10909.1832388172        91.0238276030       641.7830197270    102002.7029850791
730000    -10909.1634236391        91.0243848892       642.0543665563    102002.7029850791
731000    -10909.1516879179        91.0252413833       642.0812586577    102002.7029850791
732000    -10909.1063252651        91.0275866762       641.9950316154    102002.7029850791
733000    -10909.0836406001        91.0285916551       642.0517918849    102002.7029850791
734000    -10909.0746535855        91.0287845139       642.3919826211    102002.7029850791
735000    -10909.0663352477        91.0290710655       642.5274989817    102002.7029850791
736000    -10909.0506448706        91.0296983098       642.6908922598    102002.7029850791
737000    -10909.0349988237        91.0293140303       642.7727747578    102002.7029850791
738000    -10909.0783793933        91.0265307004       642.6769237599    102002.7029850791
739000    -10909.0732668854        91.0273696225       642.8394499204    102002.7029850791
740000    -10909.0618111149        91.0278813808       642.9375758979    102002.7029850791
741000    -10909.0878561650        91.0266223568       643.0214585483    102002.7029850791
742000    -10909.0621236939        91.0267647788       643.1611891248    102002.7029850791
743000    -10909.0712545585        91.0272014631       643.1501451035    102002.7029850791
744000    -10909.0431345808        91.0291647102       643.2206830341    102002.7029850791
745000    -10909.0238818277        91.0305799348       643.2880176707    102002.7029850791
746000    -10909.0503678827        91.0292435391       643.3657756775    102002.7029850791
747000    -10909.0591794803        91.0283713336       643.4643344789    102002.7029850791
748000    -10909.0952024388        91.0271730037       643.3132671665    102002.7029850790
749000    -10909.0346390919        91.0299546345       643.5317313548    102002.7029850790
750000    -10909.0505297072        91.0292846635       643.4980637278    102002.7029850790
751000    -10909.0542571661        91.0285973269       643.5668274217    102002.7029850790
752000    -10909.0369402894        91.0301070408       643.6896239829    102002.7029850790
753000    -10909.0482142144        91.0289032852       643.7472224667    102002.7029850790
754000    -10909.0185823180        91.0300609899       643.9145487422    102002.7029850790
755000    -10909.0530847188        91.0277318704       644.0993112558    102002.7029850790
756000    -10909.0671507954        91.0267341529       644.1079502119    102002.7029850790
757000    -10909.0972416333        91.0256171049       644.1526249707    102002.7029850790
758000    -10909.0643257013        91.0267771972       644.2107738283    102002.7029850790
759000    -10909.0516475658        91.0269320602       644.4717821301    102002.7029850790
760000    -10909.0716938750        91.0253419665       644.5903296882    102002.7029850790
761000    -10909.0781194296        91.0249467965       644.8780556245    102002.7029850790
762000    -10909.1241075449        91.0221393376       644.9418663458    102002.7029850790
763000    -10909.1426077105        91.0214426828       644.9133696798    102002.7029850790
764000    -10909.1005662020        91.0232892411       645.0529361658    102002.7029850790
765000    -10909.0723230195        91.0245202802       645.1445761555    102002.7029850790
766000    -10909.1010788953        91.0232213022       645.0332332550    102002.7029850790
767000    -10909.0948983583        91.0234885859       645.2439241772    102002.7029850790
768000    -10909.0407903420        91.0256108027       645.3035815188    102002.7029850790
769000    -10909.0023684090        91.0268758481       645.5017420790    102002.7029850790
770000    -10908.9988114697        91.0261895888       645.4913531401    102002.7029850790
771000    -10908.9695340061        91.0274403353       645.6720718854    102002.7029850790
772000    -10908.9432351215        91.0281925136       645.8154434230    102002.7029850790
773000    -10908.9549760628        91.0271415630       645.8519393833    102002.7029850790
774000    -10908.9386877363        91.0261301591       645.8840018983    102002.7029850790
775000    -10908.9473929022        91.0251348723       645.9528191442    102002.7029850790
776000    -10908.9104033369        91.0258507354       646.0621119226    102002.7029850790
777000    -10908.8867111784        91.0255439844       646.1528620228    102002.7029850789
778000    -10908.8628844898        91.0260339384       646.3322193218    102002.7029850789
779000    -10908.8661499592        91.0256335870       646.5472468602    102002.7029850789
780000    -10908.8316529692        91.0257469278       646.7608078251    102002.7029850789
781000    -10908.7991592534        91.0272750004       646.8701469604    102002.7029850789
782000    -10908.7853913096        91.0269808115       646.8531706564    102002.7029850789
783000    -10908.7956008855        91.0253168322       647.0610426050    102002.7029850789
784000    -10908.8044385678        91.0240191304       647.1768787693    102002.7029850789
785000    -10908.7938084088        91.0236457613       647.1300071108    102002.7029850789
786000    -10908.7749348057        91.0242804632       647.1857752272    102002.7029850789
787000    -10908.7636123008        91.0241011829       647.2999799996    102002.7029850789
788000    -10908.7662286523        91.0236627157       647.3966312511    102002.7029850789
789000    -10908.7639149952        91.0226648428       647.5404383738    102002.7029850789
790000    -10908.7863689257        91.0205110181       647.5927708674    102002.7029850789
791000    -10908.8037055789        91.0199060002       647.6416950413    102002.7029850789
792000    -10908.8153948971        91.0187464250       647.7254398191    102002.7029850789
793000    -10908.7993347375        91.0187198977       648.0342697605    102002.7029850789
794000    -10908.8061706849        91.0182189282       648.1342587735    102002.7029850789
795000    -10908.8138913839        91.0174261490       648.2446131134    102002.7029850789
796000    -10908.8327650854        91.0156626187       648.2852078399    102002.7029850789
797000    -10908.8562197778        91.0143244735       648.2930323166    102002.7029850789
798000    -10908.8253938741        91.0139850179       648.4596803969    102002.7029850789
799000    -10908.8143278912        91.0136894761       648.5216982382    102002.7029850789
800000    -10908.8003832980        91.0132459138       648.6735865721    102002.7029850789
801000    -10908.8036796849        91.0124810103       648.8017149233    102002.7029850789
802000    -10908.8109436957        91.0121804474       648.8319052657    102002.7029850789
803000    -10908.8367517096        91.0104546263       648.6200756067    102002.7029850789
804000    -10908.8051506927        91.0109092253       648.6351822247    102002.7029850789
805000    -10908.7862682544        91.0121384326       648.6212644520    102002.7029850789
806000    -10908.7683396000        91.0129533900       648.6476198836    102002.7029850789
807000    -10908.7589864470        91.0131150272       648.7323564969    102002.7029850789
808000    -10908.7513924158        91.0131979086       648.7848173707    102002.7029850789
809000    -10908.7648741492        91.0130293505       648.7781411401    102002.7029850789
810000    -10908.7832140128        91.0122560108       648.8671119522    102002.7029850789
811000    -10908.7500604356        91.0134888392       649.0531256535    102002.7029850789
812000    -10908.7586088290        91.0131189889       649.0967780210    102002.7029850789
813000    -10908.7547230496        91.0126608896       649.1810601243    102002.7029850789
814000    -10908.7804739434        91.0107404072       649.2151082459    102002.7029850789
815000    -10908.7505374206        91.0112191625       649.3916573889    102002.7029850788
816000    -10908.7743659848        91.0097393794       649.4006314961    102002.7029850788
817000    -10908.7820817993        91.0086929746       649.3704501414    102002.7029850788
818000    -10908.7795197325        91.0080936020       649.3657427316    102002.7029850788
819000    -10908.7604909225        91.0083863864       649.4924043529    102002.7029850788
820000    -10908.7365583611        91.0096836934       649.5283155597    102002.7029850788
821000    -10908.7159043028        91.0096962846       649.5567552373    102002.7029850788
822000    -10908.7373151087        91.0081334640       649.6051202929    102002.7029850788
823000    -10908.7558050476        91.0070332201       649.6200258578    102002.7029850788
824000    -10908.7178356379        91.0080634374       649.6980162594    102002.7029850788
825000    -10908.7121773379        91.0079571930       649.7492641583    102002.7029850788
826000    -10908.7066580982        91.0076224835       649.8167936751    102002.7029850788
827000    -10908.6930036430        91.0077053146       649.9221652043    102002.7029850788
828000    -10908.6757710917        91.0078804450       650.0904914861    102002.7029850788
829000    -10908.6488829652        91.0083424271       650.2254440643    102002.7029850788
830000    -10908.6312882002        91.0092552071       650.3986655264    102002.7029850788
831000    -10908.6047521392        91.0094903182       650.5580054763    102002.7029850788
832000    -10908.5443811609        91.0108859213       650.6499665048    102002.7029850788
833000    -10908.5059642287        91.0110430025       650.7220053080    102002.7029850788
834000    -10908.4582026266        91.0120829206       650.8912023158    102002.7029850788
835000    -10908.4120389716        91.0124295757       651.0100276004    102002.7029850788
836000    -10908.4187962434        91.0109617672       651.1568544346    102002.7029850788
837000    -10908.3524013890        91.0122207529       651.3088439780    102002.7029850788
838000    -10908.3337149361        91.0119963794       651.4501993214    102002.7029850788
839000    -10908.3157521945        91.0124852845       651.6174856935    102002.7029850788
840000    -10908.3252650790        91.0120973000       651.7079731232    102002.7029850788
841000    -10908.3346650431        91.0119136577       651.7295995790    102002.7029850788
842000    -10908.3109275338        91.0126128470       651.8712788917    102002.7029850788
843000    -10908.2726075930        91.0137148568       652.0502058994    102002.7029850788
844000    -10908.2464866091        91.0146993502       652.1675164691    102002.7029850788
845000    -10908.2325155213        91.0148602882       652.0100043508    102002.7029850788
846000    -10908.2323990816        91.0135162770       652.0248965336    102002.7029850788
847000    -10908.2121673813        91.0140171747       652.1920138160    102002.7029850788
848000    -10908.1967089474        91.0139317944       652.2839074704    102002.7029850788
849000    -10908.2243661454        91.0123830123       652.2711480371    102002.7029850788
850000    -10908.2007160565        91.0127233971       652.3551759188    102002.7029850788
851000    -10908.1983047971        91.0120630934       652.4495092315    102002.7029850788
852000    -10908.2111978329        91.0107429531       652.5525689523    102002.7029850788
853000    -10908.1981312330        91.0102995237       652.5823197209    102002.7029850788
854000    -10908.1464210626        91.0117026269       652.8264901723    102002.7029850788
855000    -10908.1207391710        91.0113711728       652.9167008103    102002.7029850788
856000    -10908.0920436770        91.0121158479       652.9540412113    102002.7029850788
857000    -10908.0706527735        91.0126921141       652.9161056984    102002.7029850788
858000    -10908.0689282728        91.0122722127       652.9390083324    102002.7029850788
859000    -10908.0277344890        91.0134867329       652.9708839450    102002.7029850788
860000    -10907.9894761300        91.0147290598       653.0882104584    102002.7029850788
861000    -10908.0163149608        91.0126783671       652.8624218157    102002.7029850788
862000    -10908.0013850793        91.0128676949       652.8243317149    102002.7029850788
863000    -10907.9647870886        91.0140881010       652.8419442885    102002.7029850788
864000    -10907.9377616993        91.0142427687       652.8413375110    102002.7029850788
865000    -10907.9240212146        91.0140286365       652.7667636851    102002.7029850788
866000    -10907.9310407826        91.0128512226       652.6516172178    102002.7029850788
867000    -10907.8797718984        91.0142938288       652.6275642159    102002.7029850788
868000    -10907.8477401298        91.0146407847       652.7311970606    102002.7029850788
869000    -10907.8416292423        91.0134011103       652.8367895145    102002.7029850788
870000    -10907.8308364605        91.0131448995       652.8312756091    102002.7029850787
871000    -10907.8378384456        91.0122299485       652.8653733861    102002.7029850787
872000    -10907.8391740596        91.0115991779       652.6396580490    102002.7029850787
873000    -10907.8407069079        91.0104618466       652.5782463614    102002.7029850787
874000    -10907.8168994927        91.0112922878       652.4999145779    102002.7029850787
875000    -10907.7961190815        91.0126334679       652.4402349171    102002.7029850787
876000    -10907.7801553563        91.0127612914       652.4254554800    102002.7029850787
877000    -10907.7760126539        91.0124131389       652.5044164960    102002.7029850787
878000    -10907.7896726735        91.0114127389       652.6423980326    102002.7029850787
879000    -10907.7750623165        91.0115085447       652.7213715237    102002.7029850787
880000    -10907.7552688481        91.0117904398       652.8983520552    102002.7029850787
881000    -10907.7488027033        91.0110100062       652.9765169587    102002.7029850787
882000    -10907.7096911300        91.0124681478       653.0397036393    102002.7029850787
883000    -10907.6827212046        91.0131533517       653.1756153810    102002.7029850787
884000    -10907.6884935918        91.0135897767       653.1799118599    102002.7029850787
885000    -10907.6734254435        91.0139242337       653.2621566378    102002.7029850787
886000    -10907.6683957243        91.0141291974       653.2667686751    102002.7029850787
887000    -10907.6637321626        91.0139573490       653.3423253069    102002.7029850787
888000    -10907.6715869227        91.0128769919       653.4695108229    102002.7029850787
889000    -10907.6400843561        91.0143241016       653.6929233283    102002.7029850787
890000    -10907.6468499886        91.0132321320       653.8206792781    102002.7029850787
891000    -10907.6673348134        91.0122992641       653.8477966073    102002.7029850787
892000    -10907.6610406806        91.0127197808       653.9064090000    102002.7029850787
893000    -10907.6545492074        91.0129136556       653.9828749632    102002.7029850787
894000    -10907.6544372049        91.0129083884       654.0721954780    102002.7029850787
895000    -10907.6508788169        91.0128694746       654.0913178260    102002.7029850787
896000    -10907.6651707708        91.0121113574       654.2170098546    102002.7029850787
897000    -10907.6707549062        91.0118244954       654.1963309007    102002.7029850787
898000    -10907.6569750124        91.0117489340       654.2388730974    102002.7029850787
899000    -10907.6530542242        91.0112995028       654.1731778364    102002.7029850787
900000    -10907.6548996205        91.0108962027       654.2017791813    102002.7029850787
901000    -10907.6628458175        91.0097677031       654.1451821168    102002.7029850787
902000    -10907.6415054554        91.0103614970       654.1905770995    102002.7029850787
903000    -10907.6288617509        91.0109663036       654.1500560159    102002.7029850787
904000    -10907.6273378967        91.0107604624       654.0635484580    102002.7029850787
905000    -10907.6296357516        91.0101500848       654.0533530549    102002.7029850787
906000    -10907.6359006518        91.0091663563       654.0901790253    102002.7029850787
907000    -10907.6491704420        91.0083109082       653.9070932909    102002.7029850787
908000    -10907.6416453260        91.0085533406       653.8423643800    102002.7029850787
909000    -10907.6367412341        91.0084388369       653.7379986474    102002.7029850787
910000    -10907.6375265391        91.0081776024       653.7023222956    102002.7029850787
911000    -10907.6330536641        91.0077209522       653.7173244690    102002.7029850787
912000    -10907.6663782308        91.0059492696       653.6315918343    102002.7029850787
913000    -10907.6622909837        91.0055767886       653.7105107820    102002.7029850787
914000    -10907.6779418495        91.0046042208       653.7235610202    102002.7029850787
915000    -10907.6941806459        91.0038262375       653.5972821829    102002.7029850787
916000    -10907.6937392228        91.0035361241       653.5766499433    102002.7029850787
917000    -10907.7129279296        91.0021970664       653.6164128047    102002.7029850787
918000    -10907.7109544484        91.0024323052       653.6409969307    102002.7029850787
919000    -10907.6964075529        91.0032379387       653.6163847797    102002.7029850787
920000    -10907.7134411547        91.0023664205       653.6183867498    102002.7029850787
921000    -10907.6951858239        91.0029597005       653.5699169610    102002.7029850787
922000    -10907.6626970813        91.0047374301       653.5076819597    102002.7029850787
923000    -10907.6563800108        91.0050339662       653.4580925536    102002.7029850787
924000    -10907.6450369007        91.0053973759       653.4639272256    102002.7029850787
925000    -10907.6318079913        91.0057359738       653.5009381745    102002.7029850787
926000    -10907.6391581664        91.0056694667       653.6127789619    102002.7029850787
927000    -10907.6362575049        91.0049169437       653.7742025994    102002.7029850786
928000    -10907.6220927869        91.0051169396       653.8753627100    102002.7029850786
929000    -10907.6212169639        91.0043919891       653.9072632335    102002.7029850786
930000    -10907.5855459484        91.0061080101       654.0363107282    102002.7029850786
931000    -10907.5619872976        91.0066916344       654.2548849372    102002.7029850786
932000    -10907.5475145289        91.0074159153       654.4011747701    102002.7029850786
933000    -10907.5290640621        91.0080478901       654.5003213909    102002.7029850786
934000    -10907.5218684511        91.0072382790       654.6013409780    102002.7029850786
935000    -10907.4943709001        91.0075548794       654.6653339410    102002.7029850786
936000    -10907.4670357884        91.0079830940       654.6808493990    102002.7029850786
937000    -10907.4749235729        91.0068670051       654.7385959371    102002.7029850786
938000    -10907.4959274698        91.0053454398       654.7900443523    102002.7029850786
939000    -10907.4876687022        91.0056981133       654.7699007250    102002.7029850786
940000    -10907.4773345338        91.0062224384       654.8754919264    102002.7029850786
941000    -10907.4642543501        91.0067038694       654.9330885863    102002.7029850786
942000    -10907.4485699083        91.0063769498       655.0672241277    102002.7029850786
943000    -10907.4175517188        91.0069974920       655.1548757748    102002.7029850786
944000    -10907.4020592461        91.0073636120       655.2306016815    102002.7029850786
945000    -10907.3797691493        91.0077578013       655.2573609381    102002.7029850786
946000    -10907.3704984904        91.0076534522       655.1320604187    102002.7029850786
947000    -10907.3513287762        91.0084870869       655.1727700613    102002.7029850786
948000    -10907.3463210410        91.0080052625       655.1776313915    102002.7029850786
949000    -10907.3389568600        91.0076927945       655.2081909988    102002.7029850786
950000    -10907.3507218338        91.0066619689       655.2088137027    102002.7029850786
951000    -10907.3260928038        91.0071643226       655.1292351687    102002.7029850786
952000    -10907.3011534199        91.0077314524       655.0685218089    102002.7029850786
953000    -10907.2940160357        91.0076115698       655.0848215379    102002.7029850786
954000    -10907.3024182380        91.0066043789       655.1348768627    102002.7029850786
955000    -10907.2798510035        91.0070197242       655.0849303935    102002.7029850786
956000    -10907.2635682579        91.0067961302       655.0706455600    102002.7029850786
957000    -10907.2393468486        91.0069861133       655.1146352711    102002.7029850786
958000    -10907.2523437992        91.0058508147       655.0302686003    102002.7029850786
959000    -10907.2320534327        91.0064227364       655.0724295178    102002.7029850786
960000    -10907.1986968013        91.0072636229       655.0714990842    102002.7029850786
961000    -10907.1761484910        91.0078988102       655.0702886739    102002.7029850786
962000    -10907.1715663528        91.0073554560       655.0047939021    102002.7029850786
963000    -10907.1670871626        91.0067823540       655.0486896706    102002.7029850786
964000    -10907.1683732520        91.0056161387       655.1164184542    102002.7029850786
965000    -10907.1541267299        91.0053871071       655.0595366276    102002.7029850786
966000    -10907.1347443496        91.0053292703       655.1397854034    102002.7029850786
967000    -10907.1228667541        91.0049373768       655.1659333550    102002.7029850786
968000    -10907.0948638382        91.0059364299       655.2009998922    102002.7029850786
969000    -10907.0748112925        91.0065686850       655.2065674203    102002.7029850786
970000    -10907.0557239367        91.0067853366       655.1744410640    102002.7029850786
971000    -10907.0354333170        91.0072889835       655.1271522460    102002.7029850786
972000    -10907.0418761797        91.0063281822       655.0738323130    102002.7029850786
973000    -10907.0305519784        91.0061987854       654.9964759039    102002.7029850786
974000    -10907.0429119212        91.0049172684       654.9677831070    102002.7029850786
975000    -10907.0195252824        91.0055729795       654.9905674810    102002.7029850786
976000    -10907.0031839558        91.0059068756       655.0378422788    102002.7029850786
977000    -10906.9940597661        91.0061255827       655.0122965324    102002.7029850786
978000    -10906.9834384682        91.0062046588       655.0154469554    102002.7029850786
979000    -10906.9899517534        91.0055473711       654.9786203104    102002.7029850786
980000    -10906.9770058293        91.0054897311       654.9356670940    102002.7029850786
981000    -10906.9570105766        91.0063044102       654.8985224087    102002.7029850786
982000    -10906.9264662874        91.0072465874       655.0092750752    102002.7029850786
983000    -10906.9359558339        91.0067676297       654.9291266061    102002.7029850786
984000    -10906.9251928502        91.0069537218       654.9517412392    102002.7029850786
985000    -10906.8894336221        91.0081859237       654.9776872096    102002.7029850786
986000    -10906.8836895104        91.0085937159       654.9166394299    102002.7029850786
987000    -10906.8704174636        91.0086591995       654.8730017472    102002.7029850786
988000    -10906.8685157615        91.0085843963       654.8390855275    102002.7029850786
989000    -10906.8934186308        91.0071832113       654.8082248098    102002.7029850786
990000    -10906.8599016559        91.0083902429       654.8510907429    102002.7029850786
991000    -10906.8601237367        91.0079260657       654.8922071536    102002.7029850786
992000    -10906.8471223849        91.0077248118       654.8941620449    102002.7029850786
993000    -10906.8434532755        91.0075126684       654.8666985042    102002.7029850786
994000    -10906.8526499826        91.0067636535       654.8154396315    102002.7029850786
995000    -10906.8340167715        91.0072172108       654.7935612922    102002.7029850786
996000    -10906.8309095926        91.0069727892       654.7871560809    102002.7029850786
997000    -10906.8250199293        91.0070693812       654.8162285882    102002.7029850786
998000    -10906.8416703496        91.0057683831       654.8178986910    102002.7029850786
999000    -10906.8378950822        91.0055805119       654.8251627554    102002.7029850786
1000000    -10906.8385808580        91.0052795025       654.8272447539    102002.7029850786
