# Time-averaged data for fix runningavgs
# TimeStep v_ra_etotal v_ra_temp v_ra_press v_ra_volume
502000     -6849.5306344567       109.9439325780      -759.1889421933    102002.7029850792
503000     -6845.2979875921       110.2904401956      -739.5133352558    102002.7029850792
504000     -6848.9132489072       110.1099426224      -725.9609407776    102002.7029850792
505000     -6852.5154973159       109.8257637544      -727.2157156604    102002.7029850792
506000     -6854.6696830105       109.6900442050      -717.3704989709    102002.7029850792
507000     -6855.1761827236       109.6773639395      -711.0000185444    102002.7029850792
508000     -6853.5212878337       109.8042443099      -717.3572974723    102002.7029850792
509000     -6852.2902441071       109.9342094469      -718.5014181237    102002.7029850792
510000     -6852.6243173098       109.9156411523      -719.3527620218    102002.7029850792
511000     -6851.6712593478       109.9880321555      -720.6706496922    102002.7029850792
512000     -6852.5868775727       109.9259173819      -721.2350832514    102002.7029850792
513000     -6853.4620733639       109.8326641246      -718.1185368230    102002.7029850792
514000     -6852.9983444743       109.8743434382      -719.6427041561    102002.7029850792
515000     -6852.6336210030       109.9047513790      -719.9367498557    102002.7029850792
516000     -6852.2126059737       109.9418608315      -721.8951539823    102002.7029850792
517000     -6852.8567826920       109.8716471234      -724.1641253782    102002.7029850792
518000     -6853.1563100103       109.8560404615      -726.7203797319    102002.7029850792
519000     -6852.5207957768       109.9161511480      -722.8141247307    102002.7029850792
520000     -6852.5545184962       109.9099709367      -722.2756849028    102002.7029850792
521000     -6852.9400680267       109.8737184823      -722.9386898071    102002.7029850792
522000     -6852.7855086433       109.9032990412      -720.1933368757    102002.7029850792
523000     -6852.7286705707       109.9178139494      -718.7639088008    102002.7029850792
524000     -6852.4083864715       109.9406615877      -717.9507386118    102002.7029850792
525000     -6852.2270188622       109.9760221049      -716.9280632226    102002.7029850792
526000     -6852.2963627248       109.9708955404      -716.8497552363    102002.7029850792
527000     -6852.7755589060       109.9418848337      -718.8226148695    102002.7029850792
528000     -6853.2565256301       109.8945007281      -716.3820338063    102002.7029850792
529000     -6853.0086644544       109.9123745705      -715.2512848174    102002.7029850792
530000     -6852.9907337967       109.9070110436      -715.1028606677    102002.7029850792
531000     -6853.0471849151       109.8863676639      -713.7666292469    102002.7029850792
532000     -6853.0238855393       109.8914023948      -713.6016240075    102002.7029850792
533000     -6852.6898933782       109.9143676053      -714.7495345871    102002.7029850792
534000     -6852.6594993667       109.9169391973      -713.2622476037    102002.7029850792
535000     -6852.2895294487       109.9469736930      -712.8216368228    102002.7029850792
536000     -6851.7915331804       109.9774277540      -712.7823873220    102002.7029850792
537000     -6851.7453287632       109.9805734710      -712.9223072464    102002.7029850792
538000     -6851.7360807691       109.9826014327      -713.8658143659    102002.7029850792
539000     -6851.8766581963       109.9620156613      -714.5275802465    102002.7029850791
540000     -6851.9286254099       109.9613538519      -714.3118109954    102002.7029850791
541000     -6851.7703659195       109.9752959381      -713.3717422008    102002.7029850791
542000     -6851.8029014271       109.9789022288      -713.4721314951    102002.7029850791
543000     -6851.6963345151       109.9859979823      -713.6532596183    102002.7029850791
544000     -6851.4213949396       110.0098383434      -714.0869932575    102002.7029850791
545000     -6851.1599505059       110.0285667342      -713.3619950991    102002.7029850791
546000     -6851.2394664774       110.0118046461      -713.3253089690    102002.7029850791
547000     -6851.2560095961       110.0122413215      -713.0433009670    102002.7029850791
548000     -6851.4196749427       110.0062256666      -713.0060210508    102002.7029850791
549000     -6851.2046658215       110.0274924636      -713.3055294510    102002.7029850791
550000     -6851.1543423621       110.0309034608      -714.2158769905    102002.7029850791
551000     -6851.4816050720       110.0116320569      -713.8139135663    102002.7029850791
552000     -6851.4967949981       110.0035843009      -714.0686769357    102002.7029850791
553000     -6851.6276919345       109.9895582923      -714.5423455455    102002.7029850791
554000     -6851.5249587214       109.9965902808      -714.3334286365    102002.7029850791
555000     -6851.3381328820       110.0137434993      -714.1501423607    102002.7029850791
556000     -6851.3337649274       110.0160981293      -715.1282304626    102002.7029850791
557000     -6851.4091348303       110.0111937437      -714.0932383647    102002.7029850791
558000     -6851.4182331061       110.0140963766      -713.9032005950    102002.7029850791
559000     -6851.3543992492       110.0138076207      -713.8635701326    102002.7029850791
560000     -6851.2591429239       110.0236133841      -712.8272808122    102002.7029850791
561000     -6851.1984520408       110.0311665891      -712.8949003249    102002.7029850791
562000     -6851.3544156186       110.0213280203      -712.5752922909    102002.7029850791
563000     -6851.4607712783       110.0076148662      -712.2422499992    102002.7029850791
564000     -6851.2740392233       110.0211106991      -712.5116537801    102002.7029850791
565000     -6851.2484855151       110.0263134322      -713.0186968247    102002.7029850791
566000     -6851.2508706304       110.0245326842      -713.6249535905    102002.7029850791
567000     -6851.2752454296       110.0236361971      -713.5098770975    102002.7029850791
568000     -6851.1916972710       110.0326501329      -713.3065510709    102002.7029850791
569000     -6851.0043586731       110.0453905762      -713.1734763646    102002.7029850791
570000     -6850.9396188691       110.0522682666      -713.1997254222    102002.7029850791
571000     -6851.0118899383       110.0483194672      -713.6051125642    102002.7029850791
572000     -6850.9924546150       110.0540408402      -713.7706270249    102002.7029850791
573000     -6851.0942296778       110.0479182042      -713.9981152457    102002.7029850791
574000     -6851.0025175378       110.0567526402      -713.9201859679    102002.7029850791
575000     -6851.1022662761       110.0503876343      -714.1959767931    102002.7029850791
576000     -6851.1748889782       110.0441928971      -713.9772846907    102002.7029850791
577000     -6851.3199217677       110.0338621363      -713.8108803713    102002.7029850791
578000     -6851.3057256201       110.0322548203      -714.0858608082    102002.7029850791
579000     -6851.3536166342       110.0319603933      -714.0611846277    102002.7029850791
580000     -6851.4824933703       110.0182758224      -713.3985401291    102002.7029850791
581000     -6851.4552988462       110.0218276581      -712.9930560714    102002.7029850791
582000     -6851.5498312723       110.0122727222      -712.5652828427    102002.7029850791
583000     -6851.5140597663       110.0141517251      -712.5740046725    102002.7029850791
584000     -6851.3642055742       110.0306271951      -712.6648369152    102002.7029850791
585000     -6851.3221409874       110.0340769949      -712.4885850468    102002.7029850791
586000     -6851.2832549253       110.0359078873      -712.4706097809    102002.7029850791
587000     -6851.2780493840       110.0346186471      -712.5267065280    102002.7029850791
588000     -6851.3345885408       110.0264464689      -711.9462013923    102002.7029850791
589000     -6851.3161245552       110.0214226081      -712.0105203924    102002.7029850791
590000     -6851.3056319500       110.0172610946      -712.0190556256    102002.7029850791
591000     -6851.3968597904       110.0096338023      -711.7072601507    102002.7029850792
592000     -6851.5494098913       109.9968707621      -711.4295950281    102002.7029850792
593000     -6851.4997145096       109.9984875505      -711.6145716020    102002.7029850792
594000     -6851.5260976425       109.9973001037      -711.2792690580    102002.7029850792
595000     -6851.5164732273       109.9956712275      -711.2804234791    102002.7029850792
596000     -6851.4191742982       110.0027875354      -711.5466547758    102002.7029850792
597000     -6851.3520751816       110.0094730319      -711.8450961695    102002.7029850792
598000     -6851.2978479451       110.0170573926      -711.7654905874    102002.7029850792
599000     -6851.3329545807       110.0132830024      -712.0449750740    102002.7029850792
600000     -6851.3317700198       110.0120838015      -711.9960209087    102002.7029850792
601000     -6851.3996835421       110.0023034552      -712.1473371046    102002.7029850792
602000     -6851.4668521755       109.9955385049      -711.8009075041    102002.7029850792
603000     -6851.4418392975       109.9979272361      -711.7374352542    102002.7029850792
604000     -6851.5906798786       109.9822066541      -711.5600808858    102002.7029850793
605000     -6851.5660229273       109.9805544552      -711.3265030920    102002.7029850793
606000     -6851.5254158779       109.9803083251      -711.2593814153    102002.7029850793
607000     -6851.3751102716       109.9875623701      -711.6595439129    102002.7029850793
608000     -6851.4403046639       109.9794928634      -711.9486742758    102002.7029850793
609000     -6851.4252936442       109.9809875342      -712.1593497443    102002.7029850793
610000     -6851.4398427827       109.9754046647      -712.5934080335    102002.7029850793
611000     -6851.4622785807       109.9755739844      -712.4427632637    102002.7029850793
612000     -6851.4293619375       109.9739927615      -712.3915083916    102002.7029850793
613000     -6851.4739576206       109.9684354014      -712.3675127667    102002.7029850793
614000     -6851.5633576237       109.9582662949      -712.3070142987    102002.7029850793
615000     -6851.5070626041       109.9599668283      -712.4100658599    102002.7029850793
616000     -6851.4611998614       109.9621488181      -712.1756704449    102002.7029850793
617000     -6851.3348956321       109.9687198290      -712.1916022627    102002.7029850793
618000     -6851.2132963495       109.9735392779      -712.1310745313    102002.7029850793
619000     -6851.0919436155       109.9797209582      -712.2217813900    102002.7029850793
620000     -6851.0193966412       109.9800018113      -712.3885540482    102002.7029850793
621000     -6850.9502234566       109.9818002467      -712.7729950176    102002.7029850793
622000     -6850.8833782551       109.9832880515      -713.1118730725    102002.7029850794
623000     -6850.9486749467       109.9752591740      -712.9081636886    102002.7029850794
624000     -6850.9623078137       109.9733496773      -713.0924874787    102002.7029850794
625000     -6850.9218348375       109.9756925934      -713.3909699831    102002.7029850794
626000     -6850.8677841781       109.9819862977      -713.7519208604    102002.7029850794
627000     -6850.8420935441       109.9856549182      -714.2742202540    102002.7029850794
628000     -6850.7865124425       109.9901378862      -714.6426209281    102002.7029850794
629000     -6850.8328747471       109.9862424005      -714.7378932530    102002.7029850794
630000     -6850.8646826897       109.9830873546      -714.5182387627    102002.7029850794
631000     -6850.9251574562       109.9763144834      -714.2750837360    102002.7029850794
632000     -6850.9268617859       109.9741014563      -714.5039931061    102002.7029850794
633000     -6850.9947165490       109.9674936975      -714.8669939192    102002.7029850794
634000     -6850.9865331439       109.9661679032      -715.0338608058    102002.7029850794
635000     -6851.0179688810       109.9610429096      -714.7510683600    102002.7029850794
636000     -6850.9794382608       109.9634907063      -714.5036977831    102002.7029850794
637000     -6850.9508388380       109.9636540086      -714.6361087446    102002.7029850794
638000     -6850.9314325274       109.9629389604      -714.5448399267    102002.7029850794
639000     -6850.9992252298       109.9558320458      -714.6425732134    102002.7029850794
640000     -6851.0566466187       109.9503429064      -714.7865345798    102002.7029850794
641000     -6851.0460618041       109.9504511224      -714.5305106208    102002.7029850794
642000     -6851.0269052529       109.9517740700      -714.3456620870    102002.7029850794
643000     -6851.0157105526       109.9544558889      -714.2991881876    102002.7029850794
644000     -6851.0166639209       109.9531162731      -714.4582750184    102002.7029850794
645000     -6851.0741643942       109.9505856323      -714.3796423356    102002.7029850794
646000     -6851.0460662819       109.9539835928      -714.0857123310    102002.7029850795
647000     -6851.0101111570       109.9555717221      -714.1015089043    102002.7029850795
648000     -6850.9206359376       109.9634885166      -714.0349122932    102002.7029850795
649000     -6850.9008429432       109.9652125159      -713.6985503241    102002.7029850795
650000     -6851.0108102210       109.9557465706      -713.5368838182    102002.7029850795
651000     -6850.9714354032       109.9593410120      -713.5348975151    102002.7029850795
652000     -6850.8730029761       109.9667696371      -713.3214696062    102002.7029850795
653000     -6850.8670796108       109.9682481157      -713.0477582620    102002.7029850795
654000     -6850.8935545753       109.9644145785      -713.0418250245    102002.7029850795
655000     -6850.8418872644       109.9653750147      -712.9806215769    102002.7029850795
656000     -6850.7072828899       109.9752697125      -712.9060896960    102002.7029850795
657000     -6850.6528232316       109.9770837577      -712.8062483969    102002.7029850795
658000     -6850.6655731946       109.9721719868      -712.8362439057    102002.7029850795
659000     -6850.6622973764       109.9716575909      -712.7206554084    102002.7029850795
660000     -6850.6760382577       109.9706188374      -712.2771450451    102002.7029850795
661000     -6850.6841261638       109.9676342018      -712.2324193420    102002.7029850795
662000     -6850.6571017627       109.9677795002      -712.0408761605    102002.7029850795
663000     -6850.6215322938       109.9681581524      -711.7775382132    102002.7029850795
664000     -6850.5861327596       109.9701188525      -711.9431220314    102002.7029850795
665000     -6850.6091427044       109.9672582304      -711.9671455918    102002.7029850795
666000     -6850.5068387531       109.9742867096      -711.8880943019    102002.7029850795
667000     -6850.5417816100       109.9718457955      -711.7056164627    102002.7029850795
668000     -6850.5448115053       109.9702861454      -711.7126794660    102002.7029850795
669000     -6850.4823904570       109.9723139526      -711.6770931328    102002.7029850795
670000     -6850.4217209885       109.9723283210      -711.6046524431    102002.7029850795
671000     -6850.4347730926       109.9686877049      -711.7508345822    102002.7029850795
672000     -6850.4113599421       109.9673796133      -711.6499997584    102002.7029850795
673000     -6850.4073531129       109.9673172733      -711.5574524235    102002.7029850795
674000     -6850.3331976532       109.9739540525      -711.7878754121    102002.7029850794
675000     -6850.3243006707       109.9759386338      -711.8718482358    102002.7029850794
676000     -6850.3591614292       109.9723549168      -711.7700519910    102002.7029850794
677000     -6850.3864083478       109.9689908261      -711.7480064021    102002.7029850794
678000     -6850.3520439787       109.9723027647      -711.7374679929    102002.7029850794
679000     -6850.2912023238       109.9758935848      -711.6489638006    102002.7029850794
680000     -6850.2419903546       109.9790299006      -711.5823116140    102002.7029850794
681000     -6850.1880550177       109.9823113708      -711.5540366179    102002.7029850794
682000     -6850.1770325873       109.9832224630      -711.4513095424    102002.7029850794
683000     -6850.2107233957       109.9794308785      -711.2587668649    102002.7029850794
684000     -6850.2189073842       109.9772025823      -711.3256160613    102002.7029850794
685000     -6850.2295883718       109.9767508115      -711.4075341918    102002.7029850794
686000     -6850.2661929125       109.9732765403      -711.5034581925    102002.7029850794
687000     -6850.2757228520       109.9735695947      -711.7716487033    102002.7029850794
688000     -6850.2991706165       109.9698931525      -711.8508169302    102002.7029850793
689000     -6850.3199090134       109.9672171908      -711.9300457668    102002.7029850793
690000     -6850.2826728403       109.9662889312      -711.9999656635    102002.7029850793
691000     -6850.2080628965       109.9715600817      -711.7904239527    102002.7029850793
692000     -6850.1827267368       109.9728637845      -711.6567611525    102002.7029850793
693000     -6850.1557977585       109.9742116206      -711.7917053343    102002.7029850793
694000     -6850.2025316003       109.9698663872      -711.8988320759    102002.7029850793
695000     -6850.2297551325       109.9666922454      -711.7350241781    102002.7029850793
696000     -6850.2652426631       109.9624631106      -711.6711685270    102002.7029850793
697000     -6850.2401737665       109.9622039332      -711.5415392433    102002.7029850793
698000     -6850.2834209991       109.9596098936      -711.4743353364    102002.7029850793
699000     -6850.2434003081       109.9597797591      -711.7665270002    102002.7029850793
700000     -6850.2312766233       109.9592109317      -711.9213277950    102002.7029850793
701000     -6850.2794018697       109.9539013875      -711.9435214837    102002.7029850793
702000     -6850.2872843972       109.9523927327      -711.8341773762    102002.7029850793
703000     -6850.2860348631       109.9508869787      -711.8740529835    102002.7029850793
704000     -6850.3699208390       109.9450059625      -711.7332870442    102002.7029850792
705000     -6850.3850642706       109.9436147110      -711.9503668398    102002.7029850792
706000     -6850.3760779921       109.9442524512      -711.9744858064    102002.7029850792
707000     -6850.3421457644       109.9448566664      -712.0062533531    102002.7029850792
708000     -6850.3667360748       109.9411338803      -711.9508478137    102002.7029850792
709000     -6850.3825158425       109.9385666568      -712.1609211163    102002.7029850792
710000     -6850.3718772382       109.9387956471      -712.1855690735    102002.7029850792
711000     -6850.3709980736       109.9391537213      -712.4018327283    102002.7029850792
712000     -6850.3220572785       109.9436293822      -712.5848147492    102002.7029850792
713000     -6850.2977856044       109.9450510061      -712.6217839806    102002.7029850792
714000     -6850.2443878807       109.9481445985      -712.6049511579    102002.7029850792
715000     -6850.1951014753       109.9506702973      -712.5671721377    102002.7029850792
716000     -6850.1361424042       109.9544027243      -712.5097800099    102002.7029850792
717000     -6850.1353028238       109.9552640075      -712.6121367142    102002.7029850792
718000     -6850.1360259162       109.9528846281      -712.7327500656    102002.7029850792
719000     -6850.1823116335       109.9493340381      -712.8858301319    102002.7029850792
720000     -6850.1761905178       109.9490552468      -713.0199303054    102002.7029850792
721000     -6850.2083453673       109.9470632642      -713.0744924551    102002.7029850792
722000     -6850.1724441719       109.9473557279      -713.0303614310    102002.7029850792
723000     -6850.1168118952       109.9487209724      -713.0578487117    102002.7029850792
724000     -6850.1138415372       109.9485983136      -713.0550898885    102002.7029850791
725000     -6850.1667508447       109.9433453045      -713.1046509358    102002.7029850791
726000     -6850.1962628170       109.9419238205      -713.0600198809    102002.7029850791
727000     -6850.1923550774       109.9420495707      -713.0690452388    102002.7029850791
728000     -6850.1673612335       109.9445052177      -713.0840489068    102002.7029850791
729000     -6850.1833496986       109.9441373122      -713.0806754476    102002.7029850791
730000     -6850.2065755996       109.9420184883      -713.2622585003    102002.7029850791
731000     -6850.2432928192       109.9393300727      -713.3724491268    102002.7029850791
732000     -6850.2975879818       109.9354445352      -713.3335712648    102002.7029850791
733000     -6850.2802325018       109.9364292283      -713.2557674122    102002.7029850791
734000     -6850.2613629491       109.9377007534      -713.2903956835    102002.7029850791
735000     -6850.2706984088       109.9373099480      -713.3387749931    102002.7029850791
736000     -6850.2883112348       109.9364691076      -713.2931028621    102002.7029850791
737000     -6850.2751446315       109.9383104879      -713.4170772546    102002.7029850791
738000     -6850.2271910810       109.9432604269      -713.5704267533    102002.7029850791
739000     -6850.2340795827       109.9429930915      -713.5175315041    102002.7029850791
740000     -6850.2731511854       109.9407280746      -713.2541647821    102002.7029850791
741000     -6850.2415897772       109.9439637436      -713.2124959320    102002.7029850791
742000     -6850.2573586514       109.9433813775      -713.2594176238    102002.7029850791
743000     -6850.2759952261       109.9419104191      -713.2466682488    102002.7029850791
744000     -6850.2995748228       109.9389222335      -713.2554300847    102002.7029850791
745000     -6850.2750604505       109.9404438146      -713.2261046504    102002.7029850791
746000     -6850.2686334252       109.9406899728      -713.1092347690    102002.7029850791
747000     -6850.2823184871       109.9384402091      -713.0810788186    102002.7029850791
748000     -6850.2869021224       109.9385709380      -712.9257030869    102002.7029850790
749000     -6850.2419279405       109.9427321237      -712.7478939250    102002.7029850790
750000     -6850.2542060394       109.9420655920      -712.5576665446    102002.7029850790
751000     -6850.2664054240       109.9407175264      -712.6622052612    102002.7029850790
752000     -6850.2547768081       109.9425742860      -712.6575208023    102002.7029850790
753000     -6850.2385415951       109.9444847910      -712.5468084035    102002.7029850790
754000     -6850.2375286367       109.9451720542      -712.5786534060    102002.7029850790
755000     -6850.1978491015       109.9496342832      -712.4931753401    102002.7029850790
756000     -6850.2182567687       109.9479379423      -712.4714559874    102002.7029850790
757000     -6850.2788986946       109.9435385385      -712.4391201027    102002.7029850790
758000     -6850.2928899885       109.9429267018      -712.4976891062    102002.7029850790
759000     -6850.3116583941       109.9426001350      -712.4363723816    102002.7029850790
760000     -6850.2995193490       109.9442452516      -712.4448227539    102002.7029850790
761000     -6850.2592309493       109.9488875013      -712.5062612673    102002.7029850790
762000     -6850.2502525791       109.9510646829      -712.4174860024    102002.7029850790
763000     -6850.2256125375       109.9544207064      -712.3984162116    102002.7029850790
764000     -6850.2267337005       109.9542729868      -712.3174520494    102002.7029850790
765000     -6850.1994992186       109.9573132874      -712.2358173877    102002.7029850790
766000     -6850.2250718512       109.9557695310      -712.1017781990    102002.7029850790
767000     -6850.2744825835       109.9513284414      -712.1369702941    102002.7029850790
768000     -6850.2641681372       109.9522879685      -712.2088728634    102002.7029850790
769000     -6850.2464963208       109.9536360556      -712.0577536088    102002.7029850790
770000     -6850.2524545572       109.9531574029      -711.9547365006    102002.7029850790
771000     -6850.2459963542       109.9543038739      -711.8306644751    102002.7029850790
772000     -6850.2821022715       109.9508286347      -711.7709348427    102002.7029850790
773000     -6850.3115544126       109.9506535968      -711.7895377033    102002.7029850790
774000     -6850.3568481147       109.9469837524      -711.6637392844    102002.7029850790
775000     -6850.3499258224       109.9477146667      -711.4844662080    102002.7029850790
776000     -6850.3001504164       109.9519150202      -711.5230336739    102002.7029850790
777000     -6850.3121014615       109.9519149144      -711.3622369788    102002.7029850789
778000     -6850.3158673223       109.9514520188      -711.2394456812    102002.7029850789
779000     -6850.3247538596       109.9509828565      -711.2469622204    102002.7029850789
780000     -6850.3652596393       109.9467749822      -711.1271340934    102002.7029850789
781000     -6850.3675160152       109.9463976332      -711.0001636768    102002.7029850789
782000     -6850.4213979407       109.9420665530      -710.8998805603    102002.7029850789
783000     -6850.4005543415       109.9444652274      -710.7826906352    102002.7029850789
784000     -6850.3716672612       109.9477972824      -710.7460743596    102002.7029850789
785000     -6850.3388040348       109.9499762897      -710.7513130917    102002.7029850789
786000     -6850.3375136353       109.9487238641      -710.7020324014    102002.7029850789
787000     -6850.3472703849       109.9461398902      -710.5350943649    102002.7029850789
788000     -6850.3585056191       109.9456977958      -710.3763984512    102002.7029850789
789000     -6850.3867749896       109.9442831056      -710.3556298595    102002.7029850789
790000     -6850.3752329182       109.9458417429      -710.2969368626    102002.7029850789
791000     -6850.3510240523       109.9489031607      -710.2222132019    102002.7029850789
792000     -6850.3336890208       109.9501323718      -710.1426619523    102002.7029850789
793000     -6850.3258855683       109.9516338484      -710.0257258893    102002.7029850789
794000     -6850.2919896483       109.9549341121      -709.9343718868    102002.7029850789
795000     -6850.3130726706       109.9550061731      -709.7025998198    102002.7029850789
796000     -6850.3332243046       109.9548141718      -709.5274578861    102002.7029850789
797000     -6850.3042696051       109.9568497538      -709.5609112731    102002.7029850789
798000     -6850.2857386721       109.9579430850      -709.4241766427    102002.7029850789
799000     -6850.2443468519       109.9622339337      -709.3353707935    102002.7029850789
800000     -6850.2492791145       109.9622476013      -709.3654202182    102002.7029850789
801000     -6850.2448609392       109.9624569575      -709.2462422554    102002.7029850789
802000     -6850.2454769763       109.9616722604      -709.2515368826    102002.7029850789
803000     -6850.2267969651       109.9626863211      -709.3324131676    102002.7029850789
804000     -6850.2464396599       109.9592938102      -709.3052925416    102002.7029850789
805000     -6850.2699686291       109.9573587075      -709.2070434367    102002.7029850789
806000     -6850.2560155803       109.9596472253      -709.0797828022    102002.7029850789
807000     -6850.2219177625       109.9621481904      -708.9697689883    102002.7029850789
808000     -6850.1961295728       109.9634923599      -708.8577662785    102002.7029850789
809000     -6850.1540435811       109.9663901256      -708.7085178357    102002.7029850789
810000     -6850.1395104427       109.9667486392      -708.7011120419    102002.7029850789
811000     -6850.1448853684       109.9660181810      -708.6974463024    102002.7029850789
812000     -6850.1209224827       109.9684611778      -708.6571334324    102002.7029850789
813000     -6850.1117472237       109.9704347794      -708.7421633566    102002.7029850789
814000     -6850.1232368996       109.9697670301      -708.7964619851    102002.7029850789
815000     -6850.1284713374       109.9706727170      -708.9174596359    102002.7029850788
816000     -6850.1371636897       109.9713678715      -709.0047091403    102002.7029850788
817000     -6850.1094257476       109.9749625464      -709.0759985447    102002.7029850788
818000     -6850.0984295854       109.9779733338      -709.1428645040    102002.7029850788
819000     -6850.1030238334       109.9773982236      -709.2537871848    102002.7029850788
820000     -6850.0763358918       109.9803447102      -709.2653412972    102002.7029850788
821000     -6850.1087205332       109.9780277862      -709.2761238603    102002.7029850788
822000     -6850.1254855683       109.9760120885      -709.4439300228    102002.7029850788
823000     -6850.1301773968       109.9755997158      -709.4877750177    102002.7029850788
824000     -6850.1013589933       109.9772518184      -709.4127878033    102002.7029850788
825000     -6850.1167160663       109.9737512220      -709.3693252248    102002.7029850788
826000     -6850.1023746290       109.9736626306      -709.4184874289    102002.7029850788
827000     -6850.1168142853       109.9715181058      -709.4853429752    102002.7029850788
828000     -6850.1171697286       109.9722211838      -709.5528178612    102002.7029850788
829000     -6850.1224854194       109.9720138170      -709.4937565701    102002.7029850788
830000     -6850.0670889952       109.9752888762      -709.5571882623    102002.7029850788
831000     -6850.0820291798       109.9761599711      -709.4651502573    102002.7029850788
832000     -6850.0994609801       109.9745416008      -709.4276355565    102002.7029850788
833000     -6850.0745151277       109.9766533186      -709.4792632780    102002.7029850788
834000     -6850.0509841017       109.9792496306      -709.5177028048    102002.7029850788
835000     -6850.0126485103       109.9821307859      -709.5508261472    102002.7029850788
836000     -6850.0144311150       109.9827671261      -709.5621098036    102002.7029850788
837000     -6850.0191030042       109.9820957512      -709.5697136788    102002.7029850788
838000     -6850.0592322214       109.9788795454      -709.5192410084    102002.7029850788
839000     -6850.0620587536       109.9775800776      -709.5980256031    102002.7029850788
840000     -6850.0564044843       109.9785538803      -709.6534988018    102002.7029850788
841000     -6850.0434053666       109.9794515965      -709.6371024295    102002.7029850788
842000     -6850.0682647659       109.9789159897      -709.6053837517    102002.7029850788
843000     -6850.0599932266       109.9785808761      -709.5195420431    102002.7029850788
844000     -6850.0583264704       109.9790104252      -709.5158368441    102002.7029850788
845000     -6850.0694137624       109.9781703555      -709.5674770388    102002.7029850788
846000     -6850.0562197969       109.9803091053      -709.6461132257    102002.7029850788
847000     -6850.0448832145       109.9820059804      -709.6205073248    102002.7029850788
848000     -6850.0282751987       109.9817423674      -709.6807041506    102002.7029850788
849000     -6850.0370777808       109.9801952944      -709.6821410602    102002.7029850788
850000     -6850.0287816952       109.9808220294      -709.7419992483    102002.7029850788
851000     -6849.9858990867       109.9847205603      -709.7557542410    102002.7029850788
852000     -6849.9583755667       109.9864640018      -709.8927191974    102002.7029850788
853000     -6849.9392940410       109.9891229002      -709.8583100488    102002.7029850788
854000     -6849.9366384515       109.9886788305      -709.8244069983    102002.7029850788
855000     -6849.9224936827       109.9900279117      -709.7636986830    102002.7029850788
856000     -6849.9242880622       109.9895307234      -709.7859843831    102002.7029850788
857000     -6849.9055544081       109.9910548649      -709.7825532766    102002.7029850788
858000     -6849.8839853036       109.9929187375      -709.9032546812    102002.7029850788
859000     -6849.8543323351       109.9955995387      -709.7698015775    102002.7029850788
860000     -6849.8262188767       109.9977178134      -709.7535169778    102002.7029850788
861000     -6849.8126628698       109.9979358893      -709.6042552760    102002.7029850788
862000     -6849.8123323074       109.9971151738      -709.5061328069    102002.7029850788
863000     -6849.8029991040       109.9978656137      -709.4437643753    102002.7029850788
864000     -6849.7928768502       109.9986455338      -709.4414836741    102002.7029850788
865000     -6849.7840441301       109.9996409535      -709.3513573999    102002.7029850788
866000     -6849.7894107490       109.9995267402      -709.2526179661    102002.7029850788
867000     -6849.7881067567       109.9987056216      -709.1495999698    102002.7029850788
868000     -6849.7641769357       110.0001733002      -708.9605418423    102002.7029850788
869000     -6849.7430955997       110.0011594943      -708.8658882640    102002.7029850788
870000     -6849.7417787282       110.0003595266      -708.8023671087    102002.7029850787
871000     -6849.7403452034       110.0002876001      -708.7679961795    102002.7029850787
872000     -6849.7444286412       109.9990765755      -708.8245372883    102002.7029850787
873000     -6849.7717123773       109.9964171042      -708.7254633612    102002.7029850787
874000     -6849.8024589018       109.9941978183      -708.6669349558    102002.7029850787
875000     -6849.7910532986       109.9939631826      -708.5543186044    102002.7029850787
876000     -6849.7551949600       109.9972927142      -708.4232673532    102002.7029850787
877000     -6849.7347451425       109.9984600175      -708.5221465288    102002.7029850787
878000     -6849.7156249968       110.0000693935      -708.5061745702    102002.7029850787
879000     -6849.7102509738       110.0002104909      -708.4032071050    102002.7029850787
880000     -6849.6863797100       110.0023068540      -708.3607789291    102002.7029850787
881000     -6849.6773632749       110.0030718314      -708.4253113655    102002.7029850787
882000     -6849.6798267496       110.0023973436      -708.4059512804    102002.7029850787
883000     -6849.6754948513       110.0034862739      -708.4412345074    102002.7029850787
884000     -6849.6644076560       110.0054793288      -708.4398278290    102002.7029850787
885000     -6849.6278219799       110.0081005140      -708.3134747687    102002.7029850787
886000     -6849.6117801778       110.0090895228      -708.2378265069    102002.7029850787
887000     -6849.5891076483       110.0101296448      -708.2009355060    102002.7029850787
888000     -6849.6171298595       110.0081938103      -708.0202629938    102002.7029850787
889000     -6849.6088178729       110.0096481319      -708.0943115796    102002.7029850787
890000     -6849.5861975781       110.0120062078      -708.0826489326    102002.7029850787
891000     -6849.5705179601       110.0130267380      -707.9591085800    102002.7029850787
892000     -6849.5678664779       110.0124571076      -707.9497723074    102002.7029850787
893000     -6849.5852724379       110.0104288802      -707.9102521824    102002.7029850787
894000     -6849.5925586793       110.0106520970      -707.7697658402    102002.7029850787
895000     -6849.5742930187       110.0130009965      -707.7486489676    102002.7029850787
896000     -6849.5684152166       110.0130018493      -707.8108714306    102002.7029850787
897000     -6849.5837762048       110.0123339108      -707.7627089441    102002.7029850787
898000     -6849.5759255682       110.0123154129      -707.7287840452    102002.7029850787
899000     -6849.5382772463       110.0148786785      -707.7695308767    102002.7029850787
900000     -6849.5510886817       110.0133653214      -707.6543827598    102002.7029850787
901000     -6849.5507744992       110.0129119798      -707.6979359130    102002.7029850787
902000     -6849.5542072194       110.0123768323      -707.7363628252    102002.7029850787
903000     -6849.5238967471       110.0144728084      -707.7578138460    102002.7029850787
904000     -6849.4991062132       110.0160893837      -707.7545049777    102002.7029850787
905000     -6849.4761272088       110.0174794326      -707.6626577053    102002.7029850787
906000     -6849.4801975248       110.0157844782      -707.6550923162    102002.7029850787
907000     -6849.4786605921       110.0163893717      -707.6184950756    102002.7029850787
908000     -6849.4624814321       110.0173422851      -707.8058898371    102002.7029850787
909000     -6849.4651114906       110.0174466807      -707.7865828785    102002.7029850787
910000     -6849.4583603455       110.0178433377      -707.7044149128    102002.7029850787
911000     -6849.4509339808       110.0183485663      -707.7027032250    102002.7029850787
912000     -6849.4308657910       110.0211110158      -707.6469032034    102002.7029850787
913000     -6849.4222067786       110.0212594933      -707.6475218139    102002.7029850787
914000     -6849.4487644414       110.0179947540      -707.7007736854    102002.7029850787
915000     -6849.4805684134       110.0155020956      -707.7201970016    102002.7029850787
916000     -6849.4889782151       110.0149549574      -707.5876284816    102002.7029850787
917000     -6849.5055569804       110.0133542158      -707.6079676973    102002.7029850787
918000     -6849.5344247486       110.0114377847      -707.6542782297    102002.7029850787
919000     -6849.5372931524       110.0113513719      -707.6056822655    102002.7029850787
920000     -6849.5516026343       110.0103253379      -707.5817454003    102002.7029850787
921000     -6849.5641317471       110.0087197342      -707.7007916111    102002.7029850787
922000     -6849.5557527484       110.0101922017      -707.5838075099    102002.7029850787
923000     -6849.5423276443       110.0118070688      -707.5914886751    102002.7029850787
924000     -6849.5220771368       110.0136473989      -707.6365375110    102002.7029850787
925000     -6849.5369914971       110.0129230548      -707.6664713674    102002.7029850787
926000     -6849.5254514491       110.0136212938      -707.7189716848    102002.7029850787
927000     -6849.4903453158       110.0164175505      -707.8441838401    102002.7029850786
928000     -6849.4933557232       110.0161382079      -707.8176994109    102002.7029850786
929000     -6849.4838516732       110.0167203102      -707.7548293627    102002.7029850786
930000     -6849.4632188719       110.0189641600      -707.7696594607    102002.7029850786
931000     -6849.4587497620       110.0193493075      -707.7274507824    102002.7029850786
932000     -6849.4835090584       110.0174436593      -707.7605881041    102002.7029850786
933000     -6849.5101766184       110.0152996227      -707.8501716869    102002.7029850786
934000     -6849.5188959519       110.0149224012      -708.0107835412    102002.7029850786
935000     -6849.5295749169       110.0145872671      -707.9735824691    102002.7029850786
936000     -6849.5342864758       110.0146638979      -707.8898600344    102002.7029850786
937000     -6849.5397386702       110.0136198350      -707.9077564660    102002.7029850786
938000     -6849.5431529691       110.0137590792      -707.9455684316    102002.7029850786
939000     -6849.5846330926       110.0109018968      -707.8970060434    102002.7029850786
940000     -6849.5740908475       110.0113251234      -708.0715833588    102002.7029850786
941000     -6849.5861243420       110.0108099430      -708.1197970899    102002.7029850786
942000     -6849.5919878009       110.0099830517      -708.0912327271    102002.7029850786
943000     -6849.6296153255       110.0071979967      -708.1859538840    102002.7029850786
944000     -6849.6201208131       110.0082790471      -708.2683167101    102002.7029850786
945000     -6849.6058947385       110.0090001391      -708.2410346249    102002.7029850786
946000     -6849.6152691119       110.0070942345      -708.2203655448    102002.7029850786
947000     -6849.5855528336       110.0096499301      -708.2734069321    102002.7029850786
948000     -6849.5786285996       110.0098609180      -708.2094695914    102002.7029850786
949000     -6849.5753743636       110.0088009494      -708.0942446614    102002.7029850786
950000     -6849.5845666317       110.0079156622      -708.1826164251    102002.7029850786
951000     -6849.5867990241       110.0066485080      -708.2320366987    102002.7029850786
952000     -6849.5848022237       110.0062660587      -708.2877432779    102002.7029850786
953000     -6849.5676600379       110.0077621612      -708.3103194882    102002.7029850786
954000     -6849.5447573411       110.0084713188      -708.2377044357    102002.7029850786
955000     -6849.5413617008       110.0089716006      -708.1572038173    102002.7029850786
956000     -6849.5385262087       110.0088291404      -708.1379423992    102002.7029850786
957000     -6849.5355307863       110.0095064970      -708.1330121450    102002.7029850786
958000     -6849.5442122314       110.0087238369      -708.1076114558    102002.7029850786
959000     -6849.5424622629       110.0083224015      -708.0528259576    102002.7029850786
960000     -6849.5564432038       110.0076034381      -708.0093784585    102002.7029850786
961000     -6849.5611900526       110.0074537854      -708.0300168323    102002.7029850786
962000     -6849.5760107028       110.0063375275      -707.9436236664    102002.7029850786
963000     -6849.5818949705       110.0057708676      -707.9536345343    102002.7029850786
964000     -6849.6083423725       110.0041809050      -707.9923525025    102002.7029850786
965000     -6849.6352735491       110.0020143790      -707.9526355394    102002.7029850786
966000     -6849.6340916733       110.0021270337      -707.9003751553    102002.7029850786
967000     -6849.6424318186       110.0011960829      -707.8915297902    102002.7029850786
968000     -6849.6492388867       110.0009724307      -707.9600338841    102002.7029850786
969000     -6849.6485994571       110.0002721590      -708.0235811995    102002.7029850786
970000     -6849.6726833408       109.9983408663      -707.9893383216    102002.7029850786
971000     -6849.6967481638       109.9968116828      -707.9763356951    102002.7029850786
972000     -6849.7157131636       109.9947533224      -707.9090772649    102002.7029850786
973000     -6849.7352147971       109.9940445206      -707.8263485664    102002.7029850786
974000     -6849.7515340189       109.9935535983      -707.7456963274    102002.7029850786
975000     -6849.7412045656       109.9939496258      -707.7719537109    102002.7029850786
976000     -6849.7378157618       109.9950891322      -707.8153434021    102002.7029850786
977000     -6849.7637830001       109.9931502966      -707.7748983752    102002.7029850786
978000     -6849.7717361574       109.9931346187      -707.7721608378    102002.7029850786
979000     -6849.7707184000       109.9932394749      -707.6571520144    102002.7029850786
980000     -6849.7858625913       109.9921231485      -707.5532222400    102002.7029850786
981000     -6849.7953754106       109.9919881031      -707.5555104262    102002.7029850786
982000     -6849.7915392133       109.9927509093      -707.6059364100    102002.7029850786
983000     -6849.7864742927       109.9936487079      -707.6157304343    102002.7029850786
984000     -6849.8005601414       109.9938398038      -707.5903816950    102002.7029850786
985000     -6849.7773109746       109.9957208800      -707.5045241320    102002.7029850786
986000     -6849.7805966868       109.9960339818      -707.4857394760    102002.7029850786
987000     -6849.8024342734       109.9941749018      -707.4377754715    102002.7029850786
988000     -6849.8292737701       109.9921044983      -707.3980710931    102002.7029850786
989000     -6849.8310012282       109.9920499448      -707.4119723696    102002.7029850786
990000     -6849.8394638178       109.9920212134      -707.3975534391    102002.7029850786
991000     -6849.8200428444       109.9942875194      -707.3357458503    102002.7029850786
992000     -6849.8187483459       109.9944627347      -707.3611998418    102002.7029850786
993000     -6849.7987391351       109.9964595246      -707.2915136047    102002.7029850786
994000     -6849.7964522056       109.9966861988      -707.3117489957    102002.7029850786
995000     -6849.8136017040       109.9950006176      -707.3667134136    102002.7029850786
996000     -6849.8158032356       109.9952685510      -707.3624510581    102002.7029850786
997000     -6849.8062358522       109.9972687777      -707.3149070336    102002.7029850786
998000     -6849.8153462416       109.9970809446      -707.3281284175    102002.7029850786
999000     -6849.8090112346       109.9984073841      -707.2913910005    102002.7029850786
1000000     -6849.8055140225       109.9981552098      -707.2548038215    102002.7029850786
