# Time-averaged data for fix runningavgs
# TimeStep v_ra_etotal v_ra_temp v_ra_press v_ra_volume
502000     -7038.0567066008       129.0415928623      -718.5452280981    102002.7029850792
503000     -7031.0119545930       129.8086161514      -720.2247218327    102002.7029850792
504000     -7027.8847130077       129.7924879026      -734.9044100899    102002.7029850792
505000     -7023.4248470892       129.9544391400      -748.9348683870    102002.7029850792
506000     -7022.0279602987       130.0407347512      -752.4206357693    102002.7029850792
507000     -7020.5739787521       130.1487567954      -760.6947401477    102002.7029850792
508000     -7018.4016148602       130.3215163483      -762.2419585229    102002.7029850792
509000     -7020.7521889854       130.1852023731      -762.4112936362    102002.7029850792
510000     -7022.2163909123       130.0837225864      -769.3866157996    102002.7029850792
511000     -7022.8100599889       130.0475389095      -763.8848814964    102002.7029850792
512000     -7022.1755042884       130.0960795824      -763.5779874896    102002.7029850792
513000     -7021.2186182914       130.1049903776      -768.5348036896    102002.7029850792
514000     -7020.2965032108       130.1931904961      -767.6263094143    102002.7029850792
515000     -7020.6499808814       130.1581198635      -768.4463556121    102002.7029850792
516000     -7019.9010788327       130.1923332716      -767.7463736311    102002.7029850792
517000     -7019.4093119117       130.2345269802      -770.0286457161    102002.7029850792
518000     -7018.9279767865       130.2727083479      -769.2884014525    102002.7029850792
519000     -7018.7529120865       130.2769758035      -768.4791022444    102002.7029850792
520000     -7019.2229041066       130.2081798279      -772.8672273910    102002.7029850792
521000     -7020.0048383220       130.1450535498      -773.3324751328    102002.7029850792
522000     -7020.4002839758       130.0861991496      -777.0544505512    102002.7029850792
523000     -7020.6191628660       130.0642371010      -776.5327981476    102002.7029850792
524000     -7020.4748280264       130.0599002463      -777.0569555692    102002.7029850792
525000     -7021.2816011319       130.0179945369      -777.8102447641    102002.7029850792
526000     -7020.9928628499       130.0352784647      -778.1812850339    102002.7029850792
527000     -7020.4349792712       130.0360029252      -778.5649002098    102002.7029850792
528000     -7020.8423731269       130.0142234029      -777.2747146721    102002.7029850792
529000     -7021.4376954386       129.9723403690      -777.1590196310    102002.7029850792
530000     -7021.2679048643       129.9609879457      -776.2374387330    102002.7029850792
531000     -7020.7427577669       129.9701487508      -777.6508509887    102002.7029850792
532000     -7020.6356363840       129.9804763291      -777.8484164274    102002.7029850792
533000     -7019.9402261824       130.0108029038      -777.6411202122    102002.7029850792
534000     -7020.0271280857       129.9997364130      -776.9235420756    102002.7029850792
535000     -7019.5497413408       130.0380950330      -775.5956141320    102002.7029850792
536000     -7019.2322269487       130.0415590058      -774.9092172231    102002.7029850792
537000     -7019.5773036761       130.0163219592      -773.0099469142    102002.7029850792
538000     -7019.7128896033       130.0088708235      -773.1174140860    102002.7029850792
539000     -7019.8819626426       130.0081164304      -774.1048046455    102002.7029850791
540000     -7019.9327705753       130.0144780378      -774.2385786816    102002.7029850791
541000     -7019.8857612982       130.0071365769      -775.5431658890    102002.7029850791
542000     -7019.7918065651       130.0130474888      -777.1661887207    102002.7029850791
543000     -7019.7807920369       130.0200870138      -777.8473562608    102002.7029850791
544000     -7019.7602456532       130.0267812772      -777.7113226233    102002.7029850791
545000     -7020.0422196430       130.0161073987      -779.3499152736    102002.7029850791
546000     -7019.9045818919       130.0181462728      -779.1916953026    102002.7029850791
547000     -7019.6597926771       130.0244168870      -779.5256148707    102002.7029850791
548000     -7019.5467354854       130.0355813617      -780.0886304693    102002.7029850791
549000     -7019.4634310241       130.0363755185      -781.0861132422    102002.7029850791
550000     -7019.9280104421       130.0175590276      -781.5242990181    102002.7029850791
551000     -7020.2144820958       130.0072140619      -782.8850090244    102002.7029850791
552000     -7020.4854391561       129.9971184996      -783.7993784908    102002.7029850791
553000     -7020.9401583815       129.9752667954      -783.7077317181    102002.7029850791
554000     -7021.1220032416       129.9691328521      -784.4873608898    102002.7029850791
555000     -7021.4319292525       129.9533049234      -785.4252420674    102002.7029850791
556000     -7021.4134736390       129.9521743471      -784.7404643418    102002.7029850791
557000     -7021.7672080588       129.9348866992      -783.9335689122    102002.7029850791
558000     -7021.8187464462       129.9324198674      -784.1044438748    102002.7029850791
559000     -7021.7049420408       129.9381737522      -784.0649983471    102002.7029850791
560000     -7021.5560411046       129.9528634179      -782.9837980415    102002.7029850791
561000     -7021.5419309821       129.9512579678      -782.8920310886    102002.7029850791
562000     -7021.4472195228       129.9561414317      -783.3090832051    102002.7029850791
563000     -7021.3263907737       129.9720162254      -782.7954278564    102002.7029850791
564000     -7021.1290089472       129.9897909264      -782.8082604867    102002.7029850791
565000     -7021.0613673231       129.9835236208      -782.7316197221    102002.7029850791
566000     -7021.0117297835       129.9983664661      -782.0053414741    102002.7029850791
567000     -7021.0977972014       130.0051404898      -781.6105472333    102002.7029850791
568000     -7020.8972258897       130.0195175707      -782.0584989281    102002.7029850791
569000     -7020.8346767855       130.0343364093      -781.5384064041    102002.7029850791
570000     -7020.8163124208       130.0318421064      -781.4557990811    102002.7029850791
571000     -7020.7696419001       130.0361441259      -780.6368897682    102002.7029850791
572000     -7020.4633501150       130.0519747084      -780.4589226964    102002.7029850791
573000     -7020.3674715070       130.0502077826      -780.2797151458    102002.7029850791
574000     -7020.3044384152       130.0534772200      -779.8366654613    102002.7029850791
575000     -7020.1623747778       130.0615617237      -779.8512907993    102002.7029850791
576000     -7020.2435203428       130.0637340456      -780.8466070500    102002.7029850791
577000     -7020.2690237880       130.0583831393      -780.6288027114    102002.7029850791
578000     -7020.3777938919       130.0496143193      -780.9134674776    102002.7029850791
579000     -7020.4741801767       130.0498945282      -780.3393351880    102002.7029850791
580000     -7020.5190344938       130.0491880049      -780.0951830385    102002.7029850791
581000     -7020.6584688148       130.0345241185      -780.5148902010    102002.7029850791
582000     -7020.5794575517       130.0381186130      -781.0985454437    102002.7029850791
583000     -7020.4254844384       130.0532175386      -781.3301922055    102002.7029850791
584000     -7020.4787348802       130.0450064622      -780.9693797830    102002.7029850791
585000     -7020.4248082381       130.0409587177      -780.8262658131    102002.7029850791
586000     -7020.5319554341       130.0278271610      -780.9419962914    102002.7029850791
587000     -7020.6106221051       130.0152511764      -780.6631386438    102002.7029850791
588000     -7020.7086967495       130.0104811367      -780.5174365583    102002.7029850791
589000     -7020.7127228594       130.0128121551      -781.1189025159    102002.7029850791
590000     -7020.6315805279       130.0216954408      -781.4741496311    102002.7029850791
591000     -7020.7345471954       130.0104446921      -781.0330617566    102002.7029850792
592000     -7020.7055337478       130.0083053349      -780.6339963861    102002.7029850792
593000     -7020.6998966031       130.0119054822      -780.1717587080    102002.7029850792
594000     -7020.7978983417       130.0077910794      -780.1236374883    102002.7029850792
595000     -7020.9523119971       130.0001869500      -779.8850657990    102002.7029850792
596000     -7020.9147025940       130.0024374464      -779.7904339846    102002.7029850792
597000     -7020.8980399538       130.0040191487      -779.5734325985    102002.7029850792
598000     -7020.7659441443       130.0134859935      -779.5095021649    102002.7029850792
599000     -7020.8048695125       130.0129504798      -778.7094521321    102002.7029850792
600000     -7020.9719519996       130.0096548160      -778.1617056012    102002.7029850792
601000     -7020.9874216126       130.0162747734      -778.3943551872    102002.7029850792
602000     -7021.0974698374       130.0192532621      -778.6207627243    102002.7029850792
603000     -7021.1344808835       130.0164659495      -778.6166384001    102002.7029850792
604000     -7021.2566916978       130.0055545762      -778.4705012880    102002.7029850793
605000     -7021.2153132240       130.0101126164      -778.5643444997    102002.7029850793
606000     -7021.1034842283       130.0207335442      -778.3037792582    102002.7029850793
607000     -7021.0347154548       130.0230656753      -778.1035580028    102002.7029850793
608000     -7020.8924759170       130.0343237138      -778.3182471375    102002.7029850793
609000     -7020.8109638907       130.0384727609      -778.7700823950    102002.7029850793
610000     -7020.8598923977       130.0343844192      -778.4009552042    102002.7029850793
611000     -7020.9181209507       130.0329728114      -778.2337384794    102002.7029850793
612000     -7020.8532725460       130.0417235162      -778.3106113032    102002.7029850793
613000     -7020.8160182501       130.0430314040      -778.8114641445    102002.7029850793
614000     -7020.9020214728       130.0407907458      -779.1411373123    102002.7029850793
615000     -7020.9238766340       130.0397835495      -779.7925783549    102002.7029850793
616000     -7020.8711572542       130.0424337353      -780.0174774564    102002.7029850793
617000     -7020.9253786545       130.0393007195      -780.0678331678    102002.7029850793
618000     -7021.0125430917       130.0417025325      -779.9421598164    102002.7029850793
619000     -7020.9741999519       130.0436363002      -779.4966612588    102002.7029850793
620000     -7020.9925010186       130.0459201416      -779.0097055022    102002.7029850793
621000     -7020.9607177521       130.0467788766      -779.5215401111    102002.7029850793
622000     -7020.9304889986       130.0489768819      -779.4577521436    102002.7029850794
623000     -7021.0245716248       130.0416451839      -779.1678176754    102002.7029850794
624000     -7021.1119739005       130.0422709961      -779.0822451819    102002.7029850794
625000     -7021.2156358455       130.0312259509      -778.6548530900    102002.7029850794
626000     -7021.2268761567       130.0336320613      -778.8149257186    102002.7029850794
627000     -7021.1540224951       130.0384909310      -779.4196403784    102002.7029850794
628000     -7021.1461324658       130.0389496426      -780.0002676825    102002.7029850794
629000     -7021.3238136626       130.0338136066      -779.9343845563    102002.7029850794
630000     -7021.3595168246       130.0312810415      -780.4255960880    102002.7029850794
631000     -7021.3915799822       130.0288057068      -780.3969215914    102002.7029850794
632000     -7021.4398795684       130.0289832507      -780.1518043304    102002.7029850794
633000     -7021.4727442689       130.0336275647      -780.0416022666    102002.7029850794
634000     -7021.3894322928       130.0381618521      -780.7308197660    102002.7029850794
635000     -7021.3830199132       130.0395734525      -780.6042093351    102002.7029850794
636000     -7021.4384742289       130.0359936639      -780.3570829021    102002.7029850794
637000     -7021.4330194451       130.0329253528      -780.4454993657    102002.7029850794
638000     -7021.5053901032       130.0262852009      -780.5002068421    102002.7029850794
639000     -7021.5437324840       130.0263646036      -780.8154221310    102002.7029850794
640000     -7021.5894157801       130.0185890987      -781.1952232922    102002.7029850794
641000     -7021.6404524574       130.0169921904      -781.1195844808    102002.7029850794
642000     -7021.5937385481       130.0202296779      -781.1462779727    102002.7029850794
643000     -7021.6239577256       130.0177565231      -780.7244268109    102002.7029850794
644000     -7021.7309742184       130.0116230021      -780.6971627520    102002.7029850794
645000     -7021.7847088686       130.0117602794      -780.9283123902    102002.7029850794
646000     -7021.8167602910       130.0145399576      -781.4244439745    102002.7029850795
647000     -7021.8652883292       130.0130439108      -781.9202980857    102002.7029850795
648000     -7021.8373240801       130.0206855191      -782.2608449877    102002.7029850795
649000     -7021.7385493674       130.0268621932      -782.2636789874    102002.7029850795
650000     -7021.7489138380       130.0293321469      -782.2452079798    102002.7029850795
651000     -7021.8099152249       130.0307904717      -782.3261624239    102002.7029850795
652000     -7021.9835701050       130.0250966815      -782.4865199923    102002.7029850795
653000     -7021.9880481727       130.0245587772      -782.8287169695    102002.7029850795
654000     -7022.0148670712       130.0231620312      -783.0706956433    102002.7029850795
655000     -7022.0668922434       130.0188961094      -783.4504545591    102002.7029850795
656000     -7022.1516813974       130.0151252213      -783.5125090884    102002.7029850795
657000     -7022.2023673300       130.0156308478      -783.8429580942    102002.7029850795
658000     -7022.2456873565       130.0141034550      -784.0135806739    102002.7029850795
659000     -7022.1870477303       130.0226639588      -784.2716486729    102002.7029850795
660000     -7022.2114526653       130.0239637204      -784.5786129433    102002.7029850795
661000     -7022.2337901569       130.0216887668      -784.6591104397    102002.7029850795
662000     -7022.2683992215       130.0172486018      -784.7566593536    102002.7029850795
663000     -7022.3212228501       130.0150764824      -784.5606148508    102002.7029850795
664000     -7022.3497578732       130.0162878378      -784.4755909359    102002.7029850795
665000     -7022.3867668446       130.0174664549      -784.2679145429    102002.7029850795
666000     -7022.3809106833       130.0175550815      -784.3213234720    102002.7029850795
667000     -7022.3284018756       130.0227229979      -784.0274061156    102002.7029850795
668000     -7022.3166916226       130.0224002594      -784.2850039085    102002.7029850795
669000     -7022.2408089436       130.0244339481      -784.1779150275    102002.7029850795
670000     -7022.1306716642       130.0282100832      -784.0113675368    102002.7029850795
671000     -7022.0582395916       130.0327562404      -783.9050687787    102002.7029850795
672000     -7022.0495634411       130.0346921287      -783.5934094969    102002.7029850795
673000     -7022.0735232154       130.0326569021      -783.6270650508    102002.7029850795
674000     -7022.1594740587       130.0297411222      -783.4312892262    102002.7029850794
675000     -7022.1560573749       130.0312224650      -783.3017444314    102002.7029850794
676000     -7022.0835526610       130.0333768883      -783.3379820520    102002.7029850794
677000     -7022.0758555016       130.0294527200      -783.2834001497    102002.7029850794
678000     -7021.9746332853       130.0371921187      -783.2312021229    102002.7029850794
679000     -7021.9201876715       130.0379968581      -783.5641594189    102002.7029850794
680000     -7021.8352174469       130.0430561721      -783.3709077096    102002.7029850794
681000     -7021.7603010682       130.0457333714      -783.1086060533    102002.7029850794
682000     -7021.7762688075       130.0471810518      -783.3067970840    102002.7029850794
683000     -7021.7809660067       130.0496621840      -783.1216047787    102002.7029850794
684000     -7021.8295527456       130.0488930461      -782.8898396071    102002.7029850794
685000     -7021.8347925595       130.0511059208      -782.6963113533    102002.7029850794
686000     -7021.8019009306       130.0567409765      -782.9486722266    102002.7029850794
687000     -7021.8989288369       130.0504312883      -782.8525611123    102002.7029850794
688000     -7021.8849768010       130.0508539715      -782.9202959699    102002.7029850793
689000     -7021.8104275892       130.0568629810      -782.9857989926    102002.7029850793
690000     -7021.8041195941       130.0599940491      -783.1170856506    102002.7029850793
691000     -7021.9036608551       130.0543779922      -782.9463070281    102002.7029850793
692000     -7021.9049451989       130.0552214707      -783.0482845017    102002.7029850793
693000     -7021.9598034878       130.0559791690      -783.5074738453    102002.7029850793
694000     -7022.0860001152       130.0484954503      -783.6393430797    102002.7029850793
695000     -7022.0934605946       130.0504001198      -783.7129818002    102002.7029850793
696000     -7022.0864930142       130.0516020122      -783.6351914397    102002.7029850793
697000     -7022.0890657718       130.0512709052      -783.7223365566    102002.7029850793
698000     -7022.1187414991       130.0479403013      -783.6471386102    102002.7029850793
699000     -7022.1793165283       130.0463425126      -783.5433553454    102002.7029850793
700000     -7022.1739882875       130.0479186196      -783.4774930866    102002.7029850793
701000     -7022.1354261718       130.0502965943      -783.0893205631    102002.7029850793
702000     -7022.1418908351       130.0523606752      -783.1312009506    102002.7029850793
703000     -7022.2199112707       130.0461970073      -782.9637005101    102002.7029850793
704000     -7022.2386202579       130.0445587480      -782.6930762364    102002.7029850792
705000     -7022.3111235991       130.0424526008      -782.5025987003    102002.7029850792
706000     -7022.3675863496       130.0430009395      -782.2952182599    102002.7029850792
707000     -7022.4078701566       130.0436073229      -782.1684313631    102002.7029850792
708000     -7022.4327405085       130.0428482068      -782.0424676358    102002.7029850792
709000     -7022.4487679442       130.0446555029      -781.8574353786    102002.7029850792
710000     -7022.5450102260       130.0435076924      -781.6849106449    102002.7029850792
711000     -7022.6354117871       130.0410165817      -781.4209173859    102002.7029850792
712000     -7022.6950128602       130.0390278001      -781.5510520314    102002.7029850792
713000     -7022.7138837675       130.0392553509      -781.6621384896    102002.7029850792
714000     -7022.7960202056       130.0384518686      -781.4397362853    102002.7029850792
715000     -7022.8286917927       130.0394146016      -781.4281522113    102002.7029850792
716000     -7022.8461642504       130.0386084423      -781.2621445802    102002.7029850792
717000     -7022.8361040390       130.0398005581      -781.1137440122    102002.7029850792
718000     -7022.8160061337       130.0409732849      -780.8658313349    102002.7029850792
719000     -7022.8222147590       130.0381266397      -780.9040964604    102002.7029850792
720000     -7022.8867041360       130.0328209499      -780.7948189647    102002.7029850792
721000     -7022.8731989438       130.0340973107      -780.6797210266    102002.7029850792
722000     -7022.8774256376       130.0362416174      -780.5770745351    102002.7029850792
723000     -7022.9540256670       130.0315515505      -780.4263960640    102002.7029850792
724000     -7023.0161311087       130.0283020117      -780.1138040652    102002.7029850791
725000     -7023.0377327449       130.0254498212      -779.9091901503    102002.7029850791
726000     -7023.1208403474       130.0203890928      -779.7533168529    102002.7029850791
727000     -7023.1148684309       130.0199526511      -780.0645190861    102002.7029850791
728000     -7023.1043836748       130.0244658349      -780.1946142203    102002.7029850791
729000     -7023.1522442187       130.0244757103      -780.2306596058    102002.7029850791
730000     -7023.1357659589       130.0251409665      -780.0505004267    102002.7029850791
731000     -7023.0766384959       130.0300961129      -779.8282422143    102002.7029850791
732000     -7023.1128460675       130.0259791970      -779.5645524862    102002.7029850791
733000     -7023.1117169579       130.0260544782      -779.4685267414    102002.7029850791
734000     -7023.1228742917       130.0277212094      -779.2662554856    102002.7029850791
735000     -7023.1418415554       130.0274306222      -779.2401520288    102002.7029850791
736000     -7023.1367656812       130.0275319424      -779.0750998838    102002.7029850791
737000     -7023.1462756643       130.0275383210      -778.8493251045    102002.7029850791
738000     -7023.2008247614       130.0271935954      -778.8311981406    102002.7029850791
739000     -7023.2535338451       130.0267107414      -778.6983153851    102002.7029850791
740000     -7023.2639840713       130.0271008198      -778.5822172487    102002.7029850791
741000     -7023.3079611826       130.0259026067      -778.6937209514    102002.7029850791
742000     -7023.3201985961       130.0298827034      -778.7797503521    102002.7029850791
743000     -7023.3575734130       130.0313654808      -778.7595017341    102002.7029850791
744000     -7023.3310915853       130.0367593089      -778.5149155394    102002.7029850791
745000     -7023.3253008028       130.0397359399      -778.2737922868    102002.7029850791
746000     -7023.3528880757       130.0377787955      -778.2285692174    102002.7029850791
747000     -7023.3938780029       130.0341471087      -778.1339151230    102002.7029850791
748000     -7023.4190880318       130.0346278735      -778.0380401500    102002.7029850790
749000     -7023.3847060531       130.0388009626      -778.1086550945    102002.7029850790
750000     -7023.4395005724       130.0345103853      -778.1405201619    102002.7029850790
751000     -7023.4727983261       130.0335574443      -778.0589739705    102002.7029850790
752000     -7023.4984741714       130.0305114058      -778.0013030997    102002.7029850790
753000     -7023.5642972750       130.0252512095      -777.7258548713    102002.7029850790
754000     -7023.5330056653       130.0254264349      -777.7405568827    102002.7029850790
755000     -7023.5035413982       130.0275731015      -777.6699923301    102002.7029850790
756000     -7023.4962850006       130.0305977374      -777.5384242726    102002.7029850790
757000     -7023.5098249290       130.0302604043      -777.5515141955    102002.7029850790
758000     -7023.4897038932       130.0311694458      -777.7806239452    102002.7029850790
759000     -7023.5233832327       130.0318652365      -777.6861293741    102002.7029850790
760000     -7023.4925441473       130.0332785532      -777.6981914276    102002.7029850790
761000     -7023.4902219896       130.0317601332      -777.7828251871    102002.7029850790
762000     -7023.5066823755       130.0296377520      -777.9497235086    102002.7029850790
763000     -7023.5102803060       130.0284892290      -778.0703968603    102002.7029850790
764000     -7023.5198423517       130.0250903860      -778.0726816249    102002.7029850790
765000     -7023.5297928306       130.0243141404      -778.3625146763    102002.7029850790
766000     -7023.5345443311       130.0238311043      -778.2718152290    102002.7029850790
767000     -7023.5904099959       130.0206122292      -778.1357932952    102002.7029850790
768000     -7023.5937584271       130.0209770100      -778.2527613499    102002.7029850790
769000     -7023.5920808661       130.0200017758      -778.3197560034    102002.7029850790
770000     -7023.6157271103       130.0196212486      -778.3664664326    102002.7029850790
771000     -7023.6719991328       130.0157089006      -778.3224508237    102002.7029850790
772000     -7023.6930598014       130.0129103282      -778.3220864571    102002.7029850790
773000     -7023.7160610758       130.0096543933      -778.2680183158    102002.7029850790
774000     -7023.6822546280       130.0089149288      -778.0584402133    102002.7029850790
775000     -7023.6350699622       130.0107908536      -778.0881038366    102002.7029850790
776000     -7023.6297963632       130.0108065740      -778.0406421151    102002.7029850790
777000     -7023.6613092570       130.0106570019      -777.9975993150    102002.7029850789
778000     -7023.6270547917       130.0114334371      -778.0574170255    102002.7029850789
779000     -7023.5745844869       130.0121909049      -777.9413496215    102002.7029850789
780000     -7023.5450412733       130.0144383567      -777.7016409111    102002.7029850789
781000     -7023.5469447112       130.0137992192      -777.7946653066    102002.7029850789
782000     -7023.5124078954       130.0160713332      -777.7951507516    102002.7029850789
783000     -7023.5468605732       130.0162110532      -777.6677573918    102002.7029850789
784000     -7023.5352269490       130.0153127591      -777.5082677754    102002.7029850789
785000     -7023.4812288714       130.0176297704      -777.3435271980    102002.7029850789
786000     -7023.4626214812       130.0162100298      -777.2124265740    102002.7029850789
787000     -7023.4122451435       130.0182750020      -777.3200724913    102002.7029850789
788000     -7023.3639078039       130.0204469434      -777.3151639545    102002.7029850789
789000     -7023.3872139428       130.0178049005      -777.1454665171    102002.7029850789
790000     -7023.4228535480       130.0141707192      -776.8629408026    102002.7029850789
791000     -7023.4658973339       130.0123309555      -776.7736997538    102002.7029850789
792000     -7023.5225335591       130.0085641607      -776.7040505927    102002.7029850789
793000     -7023.5305767401       130.0076353296      -776.7055345097    102002.7029850789
794000     -7023.5292048125       130.0075375267      -776.7209267257    102002.7029850789
795000     -7023.5459247218       130.0059339936      -776.7605427777    102002.7029850789
796000     -7023.5931063016       130.0018654987      -776.6551655361    102002.7029850789
797000     -7023.6292331051       129.9996212982      -776.4935832021    102002.7029850789
798000     -7023.6046886839       130.0010730203      -776.5199376651    102002.7029850789
799000     -7023.5660734663       130.0045800495      -776.6345777215    102002.7029850789
800000     -7023.5252089916       130.0058762158      -776.7067082535    102002.7029850789
801000     -7023.4476234232       130.0121032871      -776.9572571453    102002.7029850789
802000     -7023.4018632224       130.0134502336      -777.0225242720    102002.7029850789
803000     -7023.3940416488       130.0140684941      -777.1215475454    102002.7029850789
804000     -7023.3693632155       130.0152057100      -777.2462257844    102002.7029850789
805000     -7023.3720315399       130.0151994788      -777.3804605428    102002.7029850789
806000     -7023.3773551015       130.0139761263      -777.4126720696    102002.7029850789
807000     -7023.3674497920       130.0131540094      -777.5204505541    102002.7029850789
808000     -7023.3737011361       130.0108873713      -777.6302392618    102002.7029850789
809000     -7023.3611924219       130.0100664117      -777.6057255302    102002.7029850789
810000     -7023.3143510554       130.0098342521      -777.6540038353    102002.7029850789
811000     -7023.2889761407       130.0098889110      -777.5947896820    102002.7029850789
812000     -7023.2470340049       130.0125003325      -777.4694234096    102002.7029850789
813000     -7023.2045995058       130.0164021830      -777.6102375403    102002.7029850789
814000     -7023.1947716019       130.0173950654      -777.5205131439    102002.7029850789
815000     -7023.2207182142       130.0145675273      -777.2867018250    102002.7029850788
816000     -7023.2434057404       130.0112034650      -777.3331711540    102002.7029850788
817000     -7023.2296589661       130.0145938947      -777.2313299226    102002.7029850788
818000     -7023.2257715482       130.0145021746      -777.2029406887    102002.7029850788
819000     -7023.2494627697       130.0131915774      -777.2254318025    102002.7029850788
820000     -7023.2743202951       130.0099850633      -777.2979911130    102002.7029850788
821000     -7023.2800551188       130.0104265662      -777.4549251399    102002.7029850788
822000     -7023.2287957690       130.0141560844      -777.3834796507    102002.7029850788
823000     -7023.2135023076       130.0151499863      -777.3531810950    102002.7029850788
824000     -7023.1566031054       130.0181807258      -777.3273185616    102002.7029850788
825000     -7023.1789167495       130.0170868879      -777.1752696996    102002.7029850788
826000     -7023.1204010327       130.0199719093      -777.1607578422    102002.7029850788
827000     -7023.1014593810       130.0207560363      -777.1977230428    102002.7029850788
828000     -7023.1340146104       130.0184497321      -777.1819994054    102002.7029850788
829000     -7023.1353175163       130.0187835733      -777.0721697431    102002.7029850788
830000     -7023.1039553016       130.0204856887      -777.0741816430    102002.7029850788
831000     -7023.1365819569       130.0194628208      -777.1173104000    102002.7029850788
832000     -7023.0966756305       130.0210251858      -777.2284830733    102002.7029850788
833000     -7023.0581737557       130.0230632633      -777.3414972965    102002.7029850788
834000     -7023.0392942305       130.0253493000      -777.3799403903    102002.7029850788
835000     -7023.0347115772       130.0257315495      -777.4622933199    102002.7029850788
836000     -7023.0392790713       130.0251285666      -777.6471547383    102002.7029850788
837000     -7023.0243311085       130.0261616347      -777.5978269581    102002.7029850788
838000     -7022.9534565428       130.0265363906      -777.6065945428    102002.7029850788
839000     -7022.9060988497       130.0277700279      -777.6244786281    102002.7029850788
840000     -7022.8870223837       130.0272298878      -777.6295472729    102002.7029850788
841000     -7022.8964162316       130.0254142118      -777.5731054243    102002.7029850788
842000     -7022.8960064878       130.0261432560      -777.5197146553    102002.7029850788
843000     -7022.8595762383       130.0282338366      -777.5477086374    102002.7029850788
844000     -7022.8834178176       130.0263950473      -777.3859567881    102002.7029850788
845000     -7022.8784197006       130.0247807378      -777.3956188739    102002.7029850788
846000     -7022.8636700772       130.0241835749      -777.4148703482    102002.7029850788
847000     -7022.8663737522       130.0220197084      -777.4133988659    102002.7029850788
848000     -7022.8404498214       130.0227180759      -777.3464204223    102002.7029850788
849000     -7022.8019390304       130.0238065973      -777.3672214061    102002.7029850788
850000     -7022.7825805181       130.0248586257      -777.4005634401    102002.7029850788
851000     -7022.7880967768       130.0235300279      -777.3407128152    102002.7029850788
852000     -7022.8054575263       130.0245217089      -777.1888475884    102002.7029850788
853000     -7022.8366850115       130.0246347779      -777.3202325850    102002.7029850788
854000     -7022.8391125411       130.0254699146      -777.3676008838    102002.7029850788
855000     -7022.8780033979       130.0242044209      -777.2260976645    102002.7029850788
856000     -7022.8880562508       130.0227386629      -777.1142127077    102002.7029850788
857000     -7022.8683150295       130.0230097771      -777.2496687631    102002.7029850788
858000     -7022.8667287688       130.0205737892      -777.2341279084    102002.7029850788
859000     -7022.8840299966       130.0197921178      -777.0257625409    102002.7029850788
860000     -7022.8975740946       130.0199413402      -776.9526187248    102002.7029850788
861000     -7022.8876717837       130.0198325206      -777.0303838306    102002.7029850788
862000     -7022.9266099857       130.0174404433      -777.0842587588    102002.7029850788
863000     -7022.9327000201       130.0168568171      -777.1186394828    102002.7029850788
864000     -7022.8570018511       130.0190373622      -777.2227775185    102002.7029850788
865000     -7022.8629055552       130.0163416766      -777.1188994800    102002.7029850788
866000     -7022.8766118306       130.0154313904      -777.0645741696    102002.7029850788
867000     -7022.9023948725       130.0141649788      -777.0519542373    102002.7029850788
868000     -7022.9018327840       130.0141838409      -777.1826626520    102002.7029850788
869000     -7022.9217039395       130.0142052266      -777.0942041099    102002.7029850788
870000     -7022.9153341720       130.0145102553      -777.2820046510    102002.7029850787
871000     -7022.9419219219       130.0143878792      -777.4077766267    102002.7029850787
872000     -7022.9962047972       130.0099211975      -777.2920209922    102002.7029850787
873000     -7022.9717539567       130.0109611394      -777.2117520327    102002.7029850787
874000     -7022.9690167519       130.0112542853      -777.2937742053    102002.7029850787
875000     -7022.9685282565       130.0119735771      -777.2889786249    102002.7029850787
876000     -7022.9367882968       130.0152452243      -777.3447720171    102002.7029850787
877000     -7022.9507027494       130.0148310199      -777.3831103577    102002.7029850787
878000     -7022.9562904243       130.0153858857      -777.4316410031    102002.7029850787
879000     -7022.9357597634       130.0177818678      -777.4580709132    102002.7029850787
880000     -7022.9486391513       130.0174642089      -777.5335553370    102002.7029850787
881000     -7023.0010820916       130.0145135763      -777.5557666894    102002.7029850787
882000     -7023.0302073597       130.0142918369      -777.4742225584    102002.7029850787
883000     -7023.0635715217       130.0124699626      -777.2981491363    102002.7029850787
884000     -7023.0161036223       130.0152044976      -777.2938387563    102002.7029850787
885000     -7023.0374689320       130.0155865807      -777.0897945655    102002.7029850787
886000     -7023.0524790418       130.0161762062      -776.9629734146    102002.7029850787
887000     -7023.1272188666       130.0126286517      -776.8363521054    102002.7029850787
888000     -7023.1058981134       130.0131722509      -776.7328926861    102002.7029850787
889000     -7023.0746611579       130.0160150840      -776.6191984286    102002.7029850787
890000     -7023.0658592968       130.0179448545      -776.5640991721    102002.7029850787
891000     -7023.0654172103       130.0181558178      -776.4761391468    102002.7029850787
892000     -7023.0691356661       130.0191998725      -776.4300796397    102002.7029850787
893000     -7023.1009260059       130.0166703478      -776.3265368649    102002.7029850787
894000     -7023.1314206125       130.0149142615      -776.2206232415    102002.7029850787
895000     -7023.1418124496       130.0152546254      -776.2624842403    102002.7029850787
896000     -7023.0741588280       130.0186991752      -776.1825963366    102002.7029850787
897000     -7023.0590616252       130.0197150189      -776.1435213618    102002.7029850787
898000     -7023.0426987520       130.0216600341      -776.2295345026    102002.7029850787
899000     -7023.0574652887       130.0212877351      -776.1733154673    102002.7029850787
900000     -7023.0523867623       130.0214414747      -776.1332232832    102002.7029850787
901000     -7023.0181093187       130.0225872022      -776.1587009846    102002.7029850787
902000     -7023.0011377131       130.0242656361      -776.2357359897    102002.7029850787
903000     -7022.9966082935       130.0260805763      -776.1674224344    102002.7029850787
904000     -7022.9868137476       130.0283186397      -776.1940466534    102002.7029850787
905000     -7022.9981798766       130.0267678206      -776.1711993702    102002.7029850787
906000     -7023.0323186620       130.0247762596      -776.0843387202    102002.7029850787
907000     -7023.0556592568       130.0242089096      -775.9115566616    102002.7029850787
908000     -7023.0554392399       130.0253729535      -775.7851260214    102002.7029850787
909000     -7023.0899190998       130.0241725892      -775.7223021070    102002.7029850787
910000     -7023.1113026368       130.0257144121      -775.6789132940    102002.7029850787
911000     -7023.1377683149       130.0253570417      -775.5325021310    102002.7029850787
912000     -7023.1570572536       130.0244014825      -775.4828769696    102002.7029850787
913000     -7023.1968355821       130.0229807421      -775.4223138574    102002.7029850787
914000     -7023.1828905054       130.0244286987      -775.2975311278    102002.7029850787
915000     -7023.1573685736       130.0260911637      -775.2760630546    102002.7029850787
916000     -7023.1686246442       130.0250057957      -775.2139044129    102002.7029850787
917000     -7023.1763152982       130.0258249482      -775.0258494612    102002.7029850787
918000     -7023.1880663354       130.0252750335      -774.9514730512    102002.7029850787
919000     -7023.2135815001       130.0236068808      -774.8953552998    102002.7029850787
920000     -7023.2430368101       130.0224764176      -774.9245200374    102002.7029850787
921000     -7023.2774491838       130.0223693908      -774.9740296257    102002.7029850787
922000     -7023.3175440428       130.0198862443      -774.9759527810    102002.7029850787
923000     -7023.3325079554       130.0194143423      -774.9379569949    102002.7029850787
924000     -7023.3558420658       130.0187781577      -774.7814005657    102002.7029850787
925000     -7023.3972489670       130.0152037196      -774.8342920540    102002.7029850787
926000     -7023.4041734670       130.0155853636      -774.8225824174    102002.7029850787
927000     -7023.4390339755       130.0130557664      -774.7530712202    102002.7029850786
928000     -7023.4698810019       130.0119822324      -774.7769834522    102002.7029850786
929000     -7023.5075878793       130.0105822953      -774.7282503628    102002.7029850786
930000     -7023.5451023371       130.0086186802      -774.5951939013    102002.7029850786
931000     -7023.5539089473       130.0095663366      -774.5008717706    102002.7029850786
932000     -7023.5627822918       130.0098076734      -774.5115427493    102002.7029850786
933000     -7023.6051374627       130.0079731080      -774.4833535949    102002.7029850786
934000     -7023.6142504429       130.0077107968      -774.4909001027    102002.7029850786
935000     -7023.6143876595       130.0069914451      -774.4324635329    102002.7029850786
936000     -7023.6068677141       130.0082241238      -774.2855007047    102002.7029850786
937000     -7023.5883061250       130.0083989533      -774.2071229706    102002.7029850786
938000     -7023.5768907104       130.0077054272      -774.0978233803    102002.7029850786
939000     -7023.5848364472       130.0061246626      -774.0044425156    102002.7029850786
940000     -7023.5971394617       130.0061709587      -774.0078997647    102002.7029850786
941000     -7023.5868885302       130.0064688375      -774.0193218910    102002.7029850786
942000     -7023.5897858722       130.0073071443      -773.9696964078    102002.7029850786
943000     -7023.5765823280       130.0082294518      -773.9696971032    102002.7029850786
944000     -7023.5870297714       130.0080839230      -773.9347822774    102002.7029850786
945000     -7023.5817909538       130.0074208978      -773.9559140202    102002.7029850786
946000     -7023.6136264465       130.0039844093      -773.9073194105    102002.7029850786
947000     -7023.6343447074       130.0033914162      -773.9220251578    102002.7029850786
948000     -7023.6380361545       130.0037032214      -773.9150414476    102002.7029850786
949000     -7023.6410948179       130.0036630304      -774.0129553700    102002.7029850786
950000     -7023.6454890731       130.0047033243      -773.9313837671    102002.7029850786
951000     -7023.6519647501       130.0047334528      -774.0248351992    102002.7029850786
952000     -7023.6701386432       130.0042349760      -773.9867728135    102002.7029850786
953000     -7023.6733165831       130.0050375824      -773.9823310402    102002.7029850786
954000     -7023.7168338937       130.0026198116      -773.9329910686    102002.7029850786
955000     -7023.7504335547       130.0019307128      -773.8884041935    102002.7029850786
956000     -7023.7798380178       129.9996257323      -773.8742521023    102002.7029850786
957000     -7023.7760132833       130.0007736380      -773.8390097552    102002.7029850786
958000     -7023.7733007581       130.0021909951      -773.7028388869    102002.7029850786
959000     -7023.7628904657       130.0041493420      -773.6296964343    102002.7029850786
960000     -7023.7663686314       130.0037627444      -773.6731259116    102002.7029850786
961000     -7023.7600271172       130.0044542565      -773.5332028697    102002.7029850786
962000     -7023.7502896520       130.0034062974      -773.4267245884    102002.7029850786
963000     -7023.7386929127       130.0026407722      -773.4575140487    102002.7029850786
964000     -7023.7442249820       130.0029123260      -773.3614128062    102002.7029850786
965000     -7023.7387401938       130.0033904961      -773.3363984709    102002.7029850786
966000     -7023.7163877381       130.0023234257      -773.3267729560    102002.7029850786
967000     -7023.6969189457       130.0030899288      -773.3813975021    102002.7029850786
968000     -7023.6847185331       130.0044054315      -773.3422260378    102002.7029850786
969000     -7023.6848044097       130.0047565712      -773.3068646866    102002.7029850786
970000     -7023.6805860595       130.0043253498      -773.2101513710    102002.7029850786
971000     -7023.6635087968       130.0041331906      -773.1847013882    102002.7029850786
972000     -7023.6786863842       130.0036939578      -773.2328899047    102002.7029850786
973000     -7023.6677987914       130.0048446177      -773.1728826738    102002.7029850786
974000     -7023.6875967871       130.0055764443      -773.0878232076    102002.7029850786
975000     -7023.6947089480       130.0079279803      -773.0523504454    102002.7029850786
976000     -7023.7046287442       130.0084767631      -773.0275179596    102002.7029850786
977000     -7023.6932386460       130.0101079276      -772.9313637396    102002.7029850786
978000     -7023.7238179175       130.0116288406      -772.8911071231    102002.7029850786
979000     -7023.7421645011       130.0116847599      -772.8652159874    102002.7029850786
980000     -7023.7535441513       130.0118286131      -772.8738151063    102002.7029850786
981000     -7023.7486882342       130.0123424520      -772.8220130465    102002.7029850786
982000     -7023.7598804969       130.0117552825      -772.7399261586    102002.7029850786
983000     -7023.7578353099       130.0113825067      -772.7643585615    102002.7029850786
984000     -7023.7915948286       130.0098338587      -772.8324718029    102002.7029850786
985000     -7023.8359672757       130.0085048632      -772.7081935723    102002.7029850786
986000     -7023.8264552027       130.0082139359      -772.6966820909    102002.7029850786
987000     -7023.8326918733       130.0078240405      -772.6809729761    102002.7029850786
988000     -7023.8444093309       130.0086279206      -772.6070510500    102002.7029850786
989000     -7023.8202534203       130.0110778714      -772.6197319541    102002.7029850786
990000     -7023.8385034642       130.0092714280      -772.6813598678    102002.7029850786
991000     -7023.8365848992       130.0097136565      -772.7265123646    102002.7029850786
992000     -7023.8201202259       130.0114325138      -772.8409983153    102002.7029850786
993000     -7023.7882821630       130.0127376661      -772.7631372297    102002.7029850786
994000     -7023.7917837869       130.0137208820      -772.7622141505    102002.7029850786
995000     -7023.8149027740       130.0123185305      -772.7752625465    102002.7029850786
996000     -7023.8240850364       130.0122472015      -772.8772563613    102002.7029850786
997000     -7023.8309113622       130.0130760937      -772.9165391617    102002.7029850786
998000     -7023.8297966105       130.0134160758      -772.9372033180    102002.7029850786
999000     -7023.8499603888       130.0112485305      -772.8216962767    102002.7029850786
1000000     -7023.8285595542       130.0130745568      -772.8029347141    102002.7029850786
