# Time-averaged data for fix runningavgs
# TimeStep v_ra_etotal v_ra_temp v_ra_press v_ra_volume
502000     -9386.0875789230       130.1002548228      -487.5899019536    102002.7029850792
503000     -9388.0368006898       129.8110095021      -483.0284249698    102002.7029850792
504000     -9379.1718148348       130.2673068654      -440.2872667743    102002.7029850792
505000     -9381.0768958114       130.2622849627      -448.9491002264    102002.7029850792
506000     -9384.8694128397       130.1664977638      -478.4151389321    102002.7029850792
507000     -9385.6048999770       130.0618222739      -481.0041703459    102002.7029850792
508000     -9386.0878340779       130.0323398320      -483.9910227668    102002.7029850792
509000     -9386.5381843346       130.0152595669      -481.6026256501    102002.7029850792
510000     -9385.6602384687       130.0577749460      -480.1933915378    102002.7029850792
511000     -9385.4747342374       130.0362594056      -478.8391134201    102002.7029850792
512000     -9385.2464501867       130.0548059068      -471.1422841265    102002.7029850792
513000     -9383.9043146607       130.1360609725      -468.7610945016    102002.7029850792
514000     -9384.3386068458       130.1036914806      -470.3961193391    102002.7029850792
515000     -9384.4078179573       130.1092587942      -467.8489191223    102002.7029850792
516000     -9383.6107410419       130.1182253485      -468.4029054103    102002.7029850792
517000     -9384.1473806629       130.0913584134      -467.6461986483    102002.7029850792
518000     -9384.1864963387       130.0921974662      -467.0163401986    102002.7029850792
519000     -9383.9322269654       130.1211448087      -466.8784453807    102002.7029850792
520000     -9384.5114203664       130.0955315598      -470.1341064952    102002.7029850792
521000     -9384.4840422260       130.0995271221      -475.8640660022    102002.7029850792
522000     -9384.6196730626       130.0814350319      -479.2862932586    102002.7029850792
523000     -9384.9814849296       130.0567916368      -483.0224803279    102002.7029850792
524000     -9385.0682656349       130.0602525895      -481.9236525652    102002.7029850792
525000     -9384.7228581980       130.0596873212      -481.6568880548    102002.7029850792
526000     -9384.7257013398       130.0691903845      -480.4519175506    102002.7029850792
527000     -9384.8281315701       130.0577107803      -479.4814909537    102002.7029850792
528000     -9385.5829877713       130.0296395269      -480.9963689809    102002.7029850792
529000     -9385.6252458446       130.0318185984      -481.5921370644    102002.7029850792
530000     -9385.2554494131       130.0539478096      -481.7768376819    102002.7029850792
531000     -9385.2566208287       130.0637838177      -479.7624078889    102002.7029850792
532000     -9385.3162539256       130.0510754171      -479.4537699734    102002.7029850792
533000     -9385.2588635688       130.0462394599      -480.6061721178    102002.7029850792
534000     -9385.6814282088       130.0227292567      -482.6136628373    102002.7029850792
535000     -9385.5647420583       130.0272541301      -481.8746298118    102002.7029850792
536000     -9385.4896964586       130.0353842759      -481.5833294391    102002.7029850792
537000     -9385.5548788129       130.0268150747      -480.0876584470    102002.7029850792
538000     -9385.7636987076       130.0126696155      -480.2347393121    102002.7029850792
539000     -9385.2877426205       130.0260582048      -479.6714509998    102002.7029850791
540000     -9385.2379152425       130.0344124885      -479.9030860941    102002.7029850791
541000     -9384.6633670742       130.0582404105      -478.8051021127    102002.7029850791
542000     -9384.8465468212       130.0560528821      -477.2307794791    102002.7029850791
543000     -9385.0278737933       130.0549332346      -477.0879847441    102002.7029850791
544000     -9385.1455417108       130.0474918531      -478.9453033126    102002.7029850791
545000     -9385.2648775270       130.0402688911      -480.0976164886    102002.7029850791
546000     -9385.1366249123       130.0499399669      -481.9390872522    102002.7029850791
547000     -9385.1589499376       130.0498547625      -482.3289881509    102002.7029850791
548000     -9385.2941655332       130.0431536076      -482.0200027211    102002.7029850791
549000     -9385.0570857175       130.0559761266      -482.7103463509    102002.7029850791
550000     -9384.8286359317       130.0540899343      -482.1792656045    102002.7029850791
551000     -9384.7295374736       130.0547588431      -481.2489459529    102002.7029850791
552000     -9384.5825118851       130.0566452820      -479.7359331423    102002.7029850791
553000     -9384.5114426679       130.0564350639      -480.3731312374    102002.7029850791
554000     -9384.4196599971       130.0641522747      -480.4570800626    102002.7029850791
555000     -9384.3509271960       130.0720138384      -481.0120637911    102002.7029850791
556000     -9384.4918787819       130.0640740775      -482.1374070684    102002.7029850791
557000     -9384.6322961853       130.0608035091      -481.4593283882    102002.7029850791
558000     -9384.2918100936       130.0708124140      -481.3633150959    102002.7029850791
559000     -9384.2919386354       130.0752456199      -481.1775468884    102002.7029850791
560000     -9384.2778244448       130.0864336346      -481.1067861980    102002.7029850791
561000     -9384.3253452628       130.0826802144      -481.3825219480    102002.7029850791
562000     -9384.5917556114       130.0698036870      -481.1547795579    102002.7029850791
563000     -9384.7903180657       130.0614222999      -481.6021810374    102002.7029850791
564000     -9384.9179056287       130.0613843774      -482.2895685143    102002.7029850791
565000     -9384.9573737332       130.0675578512      -483.0156520771    102002.7029850791
566000     -9384.9167305113       130.0694090980      -483.8083371011    102002.7029850791
567000     -9385.1163515336       130.0628175430      -483.6132394763    102002.7029850791
568000     -9385.1768328633       130.0600225950      -482.9133815814    102002.7029850791
569000     -9384.9320778770       130.0722240580      -482.5384243137    102002.7029850791
570000     -9385.0099584644       130.0736296509      -482.6092346943    102002.7029850791
571000     -9385.1960364783       130.0741565051      -483.1042575368    102002.7029850791
572000     -9385.4537176295       130.0621996108      -483.3405779352    102002.7029850791
573000     -9385.6631306102       130.0514439762      -483.3178168405    102002.7029850791
574000     -9385.7154695162       130.0558368428      -482.7884340638    102002.7029850791
575000     -9385.5539558410       130.0641586898      -481.6200119815    102002.7029850791
576000     -9385.4815351381       130.0689270637      -480.9701796291    102002.7029850791
577000     -9385.3458811253       130.0720649106      -479.6839226643    102002.7029850791
578000     -9385.3910095034       130.0668231350      -479.5953198089    102002.7029850791
579000     -9385.4632061617       130.0617811213      -479.5756586876    102002.7029850791
580000     -9385.4298777852       130.0656029645      -480.2062208303    102002.7029850791
581000     -9385.2927257788       130.0717306608      -480.3780832991    102002.7029850791
582000     -9385.3656039878       130.0663291885      -480.7753323034    102002.7029850791
583000     -9385.3423758953       130.0670615372      -480.1423373867    102002.7029850791
584000     -9385.5247793610       130.0552242410      -479.4515355271    102002.7029850791
585000     -9385.4840359975       130.0525491341      -479.3112526764    102002.7029850791
586000     -9385.3105960437       130.0587063945      -478.3081828610    102002.7029850791
587000     -9385.1859872205       130.0658596901      -477.7396851739    102002.7029850791
588000     -9385.1214005041       130.0688998749      -477.2742034745    102002.7029850791
589000     -9385.2374647263       130.0651147393      -477.7964080268    102002.7029850791
590000     -9385.3258691160       130.0641848881      -478.1597100961    102002.7029850791
591000     -9385.3560977338       130.0574599100      -478.6204065187    102002.7029850792
592000     -9385.3747831725       130.0587824060      -478.4543376077    102002.7029850792
593000     -9385.4907966822       130.0540293577      -478.7312648718    102002.7029850792
594000     -9385.4832394499       130.0521701898      -478.3456717185    102002.7029850792
595000     -9385.5217912490       130.0495882067      -478.5364038244    102002.7029850792
596000     -9385.4206244717       130.0564959526      -478.8125757737    102002.7029850792
597000     -9385.4943814934       130.0546955104      -478.0840115075    102002.7029850792
598000     -9385.7691989016       130.0443852708      -478.6928080619    102002.7029850792
599000     -9385.9169770916       130.0409170058      -478.8907844296    102002.7029850792
600000     -9385.9024247107       130.0433845876      -478.9699021485    102002.7029850792
601000     -9386.0198275559       130.0415837770      -478.1486146249    102002.7029850792
602000     -9386.1291885510       130.0367617837      -477.7770945737    102002.7029850792
603000     -9386.2102697711       130.0361746662      -477.9016884407    102002.7029850792
604000     -9386.1126111561       130.0469176836      -477.6205132734    102002.7029850793
605000     -9386.1928983030       130.0466614854      -477.3949003904    102002.7029850793
606000     -9386.4225821719       130.0415459968      -477.7002265731    102002.7029850793
607000     -9386.6243715840       130.0371391599      -478.3935921560    102002.7029850793
608000     -9386.4435526984       130.0444359427      -478.2885281588    102002.7029850793
609000     -9386.4431013661       130.0429576573      -478.1663726785    102002.7029850793
610000     -9386.3507447612       130.0499303425      -477.5815320576    102002.7029850793
611000     -9386.5737133879       130.0435490090      -477.4300164120    102002.7029850793
612000     -9386.8089022237       130.0329351631      -478.4263328112    102002.7029850793
613000     -9386.8293867443       130.0317705016      -478.5206769600    102002.7029850793
614000     -9386.9837060644       130.0247105760      -479.1718121175    102002.7029850793
615000     -9386.9177140702       130.0320860076      -479.0711925458    102002.7029850793
616000     -9387.0849077095       130.0248808949      -480.0025757778    102002.7029850793
617000     -9387.0894073668       130.0230387686      -480.3245338374    102002.7029850793
618000     -9387.0135133173       130.0252241066      -480.1661332415    102002.7029850793
619000     -9387.1636706218       130.0226778289      -480.1603512918    102002.7029850793
620000     -9387.3386866425       130.0156648676      -480.7589707150    102002.7029850793
621000     -9387.4504143732       130.0133992747      -480.8017546520    102002.7029850793
622000     -9387.5735110579       130.0091790989      -480.7346177992    102002.7029850794
623000     -9387.8018017549       130.0019589780      -480.5594915580    102002.7029850794
624000     -9387.7560530359       130.0031591567      -479.6875235279    102002.7029850794
625000     -9387.8845951654       129.9971750573      -479.2457559872    102002.7029850794
626000     -9387.8827635919       129.9985490275      -479.0075379137    102002.7029850794
627000     -9387.8989161674       129.9986818359      -478.4065594178    102002.7029850794
628000     -9387.8437454525       129.9990795563      -477.3329533118    102002.7029850794
629000     -9387.8165050523       129.9974890191      -476.6762597015    102002.7029850794
630000     -9387.7460342207       130.0013871885      -475.9637025196    102002.7029850794
631000     -9387.6982095107       130.0054030961      -475.4496400600    102002.7029850794
632000     -9387.7354294292       130.0031372831      -475.4686411867    102002.7029850794
633000     -9387.7144717393       130.0055231328      -475.4910651364    102002.7029850794
634000     -9387.6581183105       130.0066942023      -474.8265429013    102002.7029850794
635000     -9387.8207633293       129.9981032002      -474.2131161177    102002.7029850794
636000     -9387.9378577814       129.9958836443      -473.5118629528    102002.7029850794
637000     -9388.0484167494       129.9906307485      -473.1066000376    102002.7029850794
638000     -9388.0376487856       129.9945994611      -473.1797542289    102002.7029850794
639000     -9388.1275791568       129.9914046689      -472.4451450688    102002.7029850794
640000     -9388.0909147755       129.9963322830      -471.8310789102    102002.7029850794
641000     -9388.1345840527       129.9954606264      -471.1943403691    102002.7029850794
642000     -9388.0735319374       129.9974691819      -470.6369553960    102002.7029850794
643000     -9388.1814619945       129.9942238511      -470.1734557666    102002.7029850794
644000     -9388.1035961113       130.0009783259      -469.9223688788    102002.7029850794
645000     -9388.2002119644       129.9946452838      -469.8692217924    102002.7029850794
646000     -9388.2891495778       129.9886211873      -469.8113803021    102002.7029850795
647000     -9388.1334925232       129.9927798386      -469.2602658367    102002.7029850795
648000     -9388.0679841317       129.9954806111      -469.1460519244    102002.7029850795
649000     -9387.9541113054       130.0025254806      -468.5359925497    102002.7029850795
650000     -9388.0386640899       129.9987357624      -468.1804998253    102002.7029850795
651000     -9388.0411388077       129.9991435132      -467.9020079673    102002.7029850795
652000     -9388.0936418271       130.0008344191      -467.6733505222    102002.7029850795
653000     -9388.1253576586       129.9968414811      -467.3948029102    102002.7029850795
654000     -9388.1148745696       130.0000038967      -466.9835860489    102002.7029850795
655000     -9388.1684632497       129.9962170359      -466.7147553631    102002.7029850795
656000     -9388.1190783046       129.9967883785      -466.7760387464    102002.7029850795
657000     -9388.0855863832       129.9986982322      -466.9881587051    102002.7029850795
658000     -9388.0649239367       130.0010109402      -466.9190858360    102002.7029850795
659000     -9388.0940080584       130.0000286774      -466.7187061724    102002.7029850795
660000     -9388.1090166482       130.0023895583      -466.5847067931    102002.7029850795
661000     -9388.0889278978       130.0050790000      -466.3364667346    102002.7029850795
662000     -9388.0934715698       130.0063157072      -466.2562534970    102002.7029850795
663000     -9388.1797941644       130.0033375077      -466.6955181549    102002.7029850795
664000     -9388.2608768376       129.9990569285      -466.5809322014    102002.7029850795
665000     -9388.2971810750       129.9982144557      -466.3403176256    102002.7029850795
666000     -9388.2840706993       130.0011417736      -466.0668857877    102002.7029850795
667000     -9388.2826319853       130.0009419493      -466.5303357751    102002.7029850795
668000     -9388.2530496277       130.0001281973      -466.6121190301    102002.7029850795
669000     -9388.3593810303       129.9967057705      -467.1907535123    102002.7029850795
670000     -9388.3340522573       130.0007216160      -467.4875191027    102002.7029850795
671000     -9388.3612229997       130.0012905356      -467.4355216063    102002.7029850795
672000     -9388.3771812123       130.0047577483      -467.7251746377    102002.7029850795
673000     -9388.3909120112       130.0059451236      -467.9269294927    102002.7029850795
674000     -9388.3729535399       130.0074202449      -467.6790804013    102002.7029850794
675000     -9388.4086484456       130.0074446930      -467.7470680790    102002.7029850794
676000     -9388.3929657127       130.0081012806      -467.7962711744    102002.7029850794
677000     -9388.4417400924       130.0069549721      -467.9476107494    102002.7029850794
678000     -9388.4702735126       130.0079097659      -467.6266511762    102002.7029850794
679000     -9388.4784380141       130.0105432346      -467.6263368050    102002.7029850794
680000     -9388.4412977903       130.0111305105      -467.3187783701    102002.7029850794
681000     -9388.3892535221       130.0113287699      -466.9361379310    102002.7029850794
682000     -9388.3483027055       130.0125553925      -466.6746117315    102002.7029850794
683000     -9388.3039291747       130.0170767395      -466.2712169234    102002.7029850794
684000     -9388.3966037221       130.0155664504      -465.9937741710    102002.7029850794
685000     -9388.3730201303       130.0196115993      -465.2702561287    102002.7029850794
686000     -9388.4118774152       130.0185767185      -464.8915660247    102002.7029850794
687000     -9388.4515814324       130.0203349592      -464.4813316266    102002.7029850794
688000     -9388.4282386743       130.0228587034      -464.3569455000    102002.7029850793
689000     -9388.4391479401       130.0224850964      -464.3740870990    102002.7029850793
690000     -9388.4612696179       130.0198179547      -464.0372421807    102002.7029850793
691000     -9388.4873603634       130.0180803519      -463.7320437784    102002.7029850793
692000     -9388.5141527979       130.0195885638      -463.5142861533    102002.7029850793
693000     -9388.5762484197       130.0202114539      -463.1816807042    102002.7029850793
694000     -9388.6858804580       130.0149599828      -462.8262667894    102002.7029850793
695000     -9388.6696856039       130.0176357454      -462.6486405016    102002.7029850793
696000     -9388.6983132822       130.0185063620      -462.6413308535    102002.7029850793
697000     -9388.7810364033       130.0153486171      -462.2036680779    102002.7029850793
698000     -9388.7871096816       130.0168805590      -461.7407811263    102002.7029850793
699000     -9388.7517471672       130.0169083305      -461.5155545315    102002.7029850793
700000     -9388.6816532324       130.0197779939      -461.3565699345    102002.7029850793
701000     -9388.6674847786       130.0222221737      -461.1054887317    102002.7029850793
702000     -9388.6020847496       130.0229087173      -461.0931780270    102002.7029850793
703000     -9388.6467775135       130.0219169724      -460.7309222590    102002.7029850793
704000     -9388.7006319153       130.0206010966      -460.3608838590    102002.7029850792
705000     -9388.6921239973       130.0201197818      -459.8781187276    102002.7029850792
706000     -9388.6691959486       130.0195463983      -459.5372307938    102002.7029850792
707000     -9388.6753455685       130.0169459226      -459.6506168295    102002.7029850792
708000     -9388.6293022965       130.0151500874      -459.7844533872    102002.7029850792
709000     -9388.4746507170       130.0208775330      -459.8320939073    102002.7029850792
710000     -9388.4295943496       130.0229988215      -459.6809415905    102002.7029850792
711000     -9388.4324073745       130.0250159415      -459.3914958496    102002.7029850792
712000     -9388.4496256725       130.0255485983      -459.4051378813    102002.7029850792
713000     -9388.4452030916       130.0273863863      -459.4680130871    102002.7029850792
714000     -9388.3712731773       130.0316515986      -459.3081578700    102002.7029850792
715000     -9388.4497285537       130.0303182423      -459.2298804430    102002.7029850792
716000     -9388.4866808405       130.0291870582      -459.1863627465    102002.7029850792
717000     -9388.4482505703       130.0313243555      -459.1895586330    102002.7029850792
718000     -9388.4400510756       130.0321047127      -459.0772030937    102002.7029850792
719000     -9388.4098120508       130.0310652012      -458.8779197829    102002.7029850792
720000     -9388.3404092016       130.0337398515      -458.3654670379    102002.7029850792
721000     -9388.3581586723       130.0336218207      -458.2529124658    102002.7029850792
722000     -9388.4567300893       130.0287920568      -458.3967483511    102002.7029850792
723000     -9388.4975701192       130.0261728706      -458.0492495881    102002.7029850792
724000     -9388.4701605156       130.0273925897      -457.7030765126    102002.7029850791
725000     -9388.5361914617       130.0231096156      -457.2029368660    102002.7029850791
726000     -9388.5719563931       130.0220507759      -456.6741822270    102002.7029850791
727000     -9388.5763794159       130.0224215825      -456.6048702983    102002.7029850791
728000     -9388.6611202850       130.0186129151      -456.6428278261    102002.7029850791
729000     -9388.6699414535       130.0174844856      -456.7508776240    102002.7029850791
730000     -9388.7316767632       130.0178776075      -456.8646157617    102002.7029850791
731000     -9388.7736571954       130.0153898093      -456.8434787385    102002.7029850791
732000     -9388.7368416501       130.0175713383      -456.5064268362    102002.7029850791
733000     -9388.6856936903       130.0202233719      -456.4061433725    102002.7029850791
734000     -9388.6593728857       130.0217572844      -456.3902159656    102002.7029850791
735000     -9388.5916357097       130.0232961919      -456.2349551178    102002.7029850791
736000     -9388.6308058040       130.0209022828      -455.9287061368    102002.7029850791
737000     -9388.6542831990       130.0189185497      -455.6360359674    102002.7029850791
738000     -9388.7121264588       130.0165415501      -455.6545263275    102002.7029850791
739000     -9388.6921412451       130.0192454405      -455.6215012390    102002.7029850791
740000     -9388.7570499951       130.0185009460      -455.6879249138    102002.7029850791
741000     -9388.7567367133       130.0208203944      -455.6675113059    102002.7029850791
742000     -9388.7555358392       130.0213501520      -455.6317378943    102002.7029850791
743000     -9388.6973708565       130.0248313591      -455.5754770353    102002.7029850791
744000     -9388.6576414313       130.0259215217      -455.7796648328    102002.7029850791
745000     -9388.6081788359       130.0283743585      -455.5943708390    102002.7029850791
746000     -9388.6366331048       130.0249858434      -455.6553341015    102002.7029850791
747000     -9388.6310793116       130.0232457353      -455.6210309625    102002.7029850791
748000     -9388.6162960661       130.0227032944      -455.2656859069    102002.7029850790
749000     -9388.5999405351       130.0235620893      -454.8935479499    102002.7029850790
750000     -9388.6144307148       130.0210839200      -454.8244365433    102002.7029850790
751000     -9388.5995356333       130.0233981351      -454.6376218945    102002.7029850790
752000     -9388.5765402694       130.0265002331      -454.3379936975    102002.7029850790
753000     -9388.5382717397       130.0271111721      -454.0065118690    102002.7029850790
754000     -9388.5827197298       130.0260672861      -453.7867168482    102002.7029850790
755000     -9388.5750807402       130.0286718632      -454.0289769863    102002.7029850790
756000     -9388.5902191006       130.0269124797      -454.0331033497    102002.7029850790
757000     -9388.5762311640       130.0260721133      -453.7154022738    102002.7029850790
758000     -9388.5631876572       130.0267123086      -453.5539480457    102002.7029850790
759000     -9388.5773425935       130.0267108199      -453.4596606690    102002.7029850790
760000     -9388.5839081056       130.0270833155      -453.5304105260    102002.7029850790
761000     -9388.5174803439       130.0301367542      -453.1767199773    102002.7029850790
762000     -9388.4456339946       130.0302159582      -452.8984031666    102002.7029850790
763000     -9388.4805086040       130.0273711916      -452.6484983098    102002.7029850790
764000     -9388.4366223137       130.0277657734      -452.5177763971    102002.7029850790
765000     -9388.3913552030       130.0290835315      -452.4462810253    102002.7029850790
766000     -9388.4169602980       130.0274746299      -452.2354936587    102002.7029850790
767000     -9388.3612134811       130.0298831096      -451.8663887776    102002.7029850790
768000     -9388.3727674897       130.0284850198      -451.9978738705    102002.7029850790
769000     -9388.3819984366       130.0263167894      -451.8666423202    102002.7029850790
770000     -9388.3219614774       130.0294660195      -451.3582915903    102002.7029850790
771000     -9388.3227647946       130.0277127929      -451.0950927542    102002.7029850790
772000     -9388.3390298783       130.0262278927      -450.5850068821    102002.7029850790
773000     -9388.3438632644       130.0266268025      -450.4651460649    102002.7029850790
774000     -9388.3814503720       130.0262782679      -450.1329289309    102002.7029850790
775000     -9388.4134426138       130.0272202038      -449.8149292601    102002.7029850790
776000     -9388.4949244765       130.0234867744      -449.7686969921    102002.7029850790
777000     -9388.5035365561       130.0239630525      -449.7968436204    102002.7029850789
778000     -9388.4918702440       130.0256778898      -449.6975420930    102002.7029850789
779000     -9388.4757140882       130.0268822851      -449.8276189721    102002.7029850789
780000     -9388.4745967562       130.0275840476      -449.8803859479    102002.7029850789
781000     -9388.5285844722       130.0254449421      -449.7364629181    102002.7029850789
782000     -9388.5494150133       130.0247233272      -449.3968008675    102002.7029850789
783000     -9388.5392461444       130.0251835234      -449.2829369602    102002.7029850789
784000     -9388.5367475082       130.0270114026      -448.9466937408    102002.7029850789
785000     -9388.5981378197       130.0255663713      -448.5260248595    102002.7029850789
786000     -9388.6312596268       130.0259513035      -448.3673910467    102002.7029850789
787000     -9388.6412668178       130.0258963545      -448.4918090891    102002.7029850789
788000     -9388.6948169065       130.0234078531      -448.6346533014    102002.7029850789
789000     -9388.6812350508       130.0268721370      -448.7168127917    102002.7029850789
790000     -9388.6433301092       130.0291780611      -448.8126828904    102002.7029850789
791000     -9388.6147338740       130.0293875847      -448.9605755717    102002.7029850789
792000     -9388.5758199355       130.0319326408      -448.9926932908    102002.7029850789
793000     -9388.6285590349       130.0299650010      -448.9528262362    102002.7029850789
794000     -9388.6213101194       130.0323365055      -449.1923266045    102002.7029850789
795000     -9388.6267076042       130.0336082005      -449.3011954009    102002.7029850789
796000     -9388.5655795486       130.0374770332      -449.3784148256    102002.7029850789
797000     -9388.5683006465       130.0364085069      -449.4818510227    102002.7029850789
798000     -9388.4702766525       130.0404743982      -449.4708868655    102002.7029850789
799000     -9388.5351497338       130.0374208503      -449.5216427631    102002.7029850789
800000     -9388.5185106069       130.0384720543      -449.4479329563    102002.7029850789
801000     -9388.5130775599       130.0376362468      -449.1482294331    102002.7029850789
802000     -9388.5213880014       130.0373444723      -449.0568458703    102002.7029850789
803000     -9388.5087104397       130.0369087605      -449.0997479214    102002.7029850789
804000     -9388.5076749290       130.0360064512      -449.2784314297    102002.7029850789
805000     -9388.5248015514       130.0347781187      -449.2159873428    102002.7029850789
806000     -9388.5369813580       130.0351323441      -449.3575334276    102002.7029850789
807000     -9388.5691311845       130.0338800231      -449.4693603683    102002.7029850789
808000     -9388.5340357625       130.0343736800      -449.7380878299    102002.7029850789
809000     -9388.4833324850       130.0346407698      -449.9694847938    102002.7029850789
810000     -9388.4449111145       130.0359667578      -449.9341986802    102002.7029850789
811000     -9388.4378632418       130.0362258814      -449.7873120588    102002.7029850789
812000     -9388.3965836390       130.0381665402      -449.4718233116    102002.7029850789
813000     -9388.3886060455       130.0396372807      -449.4138236975    102002.7029850789
814000     -9388.4118787867       130.0393526307      -449.2651458328    102002.7029850789
815000     -9388.4035612093       130.0392890476      -449.3397673725    102002.7029850788
816000     -9388.4283428946       130.0387825317      -449.2603614990    102002.7029850788
817000     -9388.4236851260       130.0372500144      -449.2866334313    102002.7029850788
818000     -9388.4744358057       130.0340476097      -449.4142209781    102002.7029850788
819000     -9388.4655017360       130.0342467289      -449.4202520989    102002.7029850788
820000     -9388.4170640318       130.0362717160      -449.3266402406    102002.7029850788
821000     -9388.3787958155       130.0386488662      -449.2446090046    102002.7029850788
822000     -9388.4605639541       130.0347876076      -449.1572824118    102002.7029850788
823000     -9388.4760758475       130.0339481673      -449.2447881270    102002.7029850788
824000     -9388.4546688388       130.0349937766      -449.3915729365    102002.7029850788
825000     -9388.5080404781       130.0328210899      -449.3005620349    102002.7029850788
826000     -9388.5315547951       130.0314035102      -449.2835620666    102002.7029850788
827000     -9388.4982951952       130.0321900537      -449.3574148845    102002.7029850788
828000     -9388.5099086561       130.0306933171      -449.7100259253    102002.7029850788
829000     -9388.4993121817       130.0298812320      -449.7034977515    102002.7029850788
830000     -9388.5052789619       130.0284132921      -449.5476966406    102002.7029850788
831000     -9388.4893346566       130.0276471123      -449.4786960738    102002.7029850788
832000     -9388.4533138129       130.0281201331      -449.5301140701    102002.7029850788
833000     -9388.4169756567       130.0284366120      -449.5902365048    102002.7029850788
834000     -9388.4200803938       130.0280001158      -449.7054664987    102002.7029850788
835000     -9388.4188139830       130.0278390875      -449.8194918691    102002.7029850788
836000     -9388.3372215115       130.0311698035      -450.0113389931    102002.7029850788
837000     -9388.3524885471       130.0307047160      -450.1750883039    102002.7029850788
838000     -9388.3430311271       130.0319301419      -450.4356918887    102002.7029850788
839000     -9388.3254125740       130.0332618653      -450.8810906809    102002.7029850788
840000     -9388.3067537517       130.0343103467      -451.0985353235    102002.7029850788
841000     -9388.3113710647       130.0354136330      -451.0963765019    102002.7029850788
842000     -9388.2871042303       130.0374060394      -450.9195615161    102002.7029850788
843000     -9388.2955602221       130.0378828595      -450.8096975918    102002.7029850788
844000     -9388.3057706873       130.0364531522      -450.6086424995    102002.7029850788
845000     -9388.2904388945       130.0366503944      -450.4192669340    102002.7029850788
846000     -9388.2962697447       130.0356900095      -450.3437279354    102002.7029850788
847000     -9388.3387369684       130.0338567616      -450.3512952169    102002.7029850788
848000     -9388.3483165869       130.0338283034      -450.5272709223    102002.7029850788
849000     -9388.2952260944       130.0360049560      -450.5360011875    102002.7029850788
850000     -9388.2600085482       130.0368286502      -450.6053848608    102002.7029850788
851000     -9388.2630560870       130.0363549518      -450.6550176650    102002.7029850788
852000     -9388.2296539249       130.0379753197      -450.6625265977    102002.7029850788
853000     -9388.2089103003       130.0383386703      -450.6805234034    102002.7029850788
854000     -9388.1461316613       130.0409027967      -450.4906872878    102002.7029850788
855000     -9388.1572751646       130.0398819119      -450.5350708273    102002.7029850788
856000     -9388.1449734573       130.0394902162      -450.7769917729    102002.7029850788
857000     -9388.1031714137       130.0410429182      -450.7290470090    102002.7029850788
858000     -9388.1015007688       130.0411840605      -450.9082846848    102002.7029850788
859000     -9388.0879031451       130.0417925911      -451.0365579880    102002.7029850788
860000     -9388.0718562138       130.0411609185      -451.0697923439    102002.7029850788
861000     -9388.1177044957       130.0392562825      -451.2750284098    102002.7029850788
862000     -9388.1094328189       130.0391269531      -451.2797163467    102002.7029850788
863000     -9388.1484864045       130.0382383019      -451.3428894048    102002.7029850788
864000     -9388.1820200182       130.0379639694      -451.4306837871    102002.7029850788
865000     -9388.2095100804       130.0357652885      -451.7413482157    102002.7029850788
866000     -9388.2158367558       130.0345791330      -452.0631939527    102002.7029850788
867000     -9388.2139620527       130.0350586492      -452.2541570726    102002.7029850788
868000     -9388.2196618900       130.0339718350      -452.3255902398    102002.7029850788
869000     -9388.2366394361       130.0329462233      -452.1568816458    102002.7029850788
870000     -9388.2275068004       130.0321223929      -452.1553466697    102002.7029850787
871000     -9388.2164450747       130.0328677203      -452.1266943926    102002.7029850787
872000     -9388.2393726055       130.0315632737      -452.1345382246    102002.7029850787
873000     -9388.2078693071       130.0330683672      -452.3040691974    102002.7029850787
874000     -9388.2525474744       130.0321677644      -452.5721098086    102002.7029850787
875000     -9388.2620427502       130.0313763693      -452.8123639311    102002.7029850787
876000     -9388.2556761672       130.0314005400      -452.9789816354    102002.7029850787
877000     -9388.2472336263       130.0309763882      -452.8911383886    102002.7029850787
878000     -9388.2554966371       130.0302897292      -452.7302847189    102002.7029850787
879000     -9388.2663638542       130.0280850601      -452.6428327049    102002.7029850787
880000     -9388.2377328324       130.0299847952      -452.4953825945    102002.7029850787
881000     -9388.2590868686       130.0283957869      -452.4760257985    102002.7029850787
882000     -9388.2120552380       130.0302968640      -452.4537850058    102002.7029850787
883000     -9388.2370965473       130.0279165354      -452.4952374195    102002.7029850787
884000     -9388.2228278417       130.0277209612      -452.4491818528    102002.7029850787
885000     -9388.1864243523       130.0287214752      -452.6186617870    102002.7029850787
886000     -9388.1907677289       130.0283138094      -452.7742673022    102002.7029850787
887000     -9388.2196045430       130.0266119646      -452.8131990411    102002.7029850787
888000     -9388.2214267836       130.0266691981      -452.8130328691    102002.7029850787
889000     -9388.2492586295       130.0257485032      -452.7104144785    102002.7029850787
890000     -9388.2454477227       130.0259810587      -452.7943052339    102002.7029850787
891000     -9388.2286476099       130.0269937919      -452.7245966381    102002.7029850787
892000     -9388.2324924598       130.0259620650      -452.5357659305    102002.7029850787
893000     -9388.2442866506       130.0247348085      -452.4413271347    102002.7029850787
894000     -9388.2394978943       130.0248741324      -452.4327876433    102002.7029850787
895000     -9388.2282249317       130.0257520236      -452.6404626686    102002.7029850787
896000     -9388.2112356870       130.0270904631      -452.7954658278    102002.7029850787
897000     -9388.2191882199       130.0279445747      -453.0306136678    102002.7029850787
898000     -9388.2021650923       130.0293798524      -453.3270582661    102002.7029850787
899000     -9388.2142865859       130.0294165456      -453.5145113311    102002.7029850787
900000     -9388.2358721175       130.0287055649      -453.4780241047    102002.7029850787
901000     -9388.2505554800       130.0265375390      -453.4943785547    102002.7029850787
902000     -9388.2414867729       130.0268765892      -453.4021755702    102002.7029850787
903000     -9388.2544505498       130.0270313545      -453.3166298176    102002.7029850787
904000     -9388.2753495712       130.0256923059      -453.6054769499    102002.7029850787
905000     -9388.2981680927       130.0243697541      -453.8719904065    102002.7029850787
906000     -9388.3001113664       130.0240099933      -453.9268929713    102002.7029850787
907000     -9388.2813400017       130.0255492450      -453.9698058913    102002.7029850787
908000     -9388.2968405296       130.0257046406      -454.0960185852    102002.7029850787
909000     -9388.3137025498       130.0254744774      -454.1476737559    102002.7029850787
910000     -9388.3325310811       130.0243768415      -454.1879129160    102002.7029850787
911000     -9388.3055737068       130.0251281399      -454.3769573388    102002.7029850787
912000     -9388.3181207379       130.0246755334      -454.6909237010    102002.7029850787
913000     -9388.3644049458       130.0229383255      -454.7591573717    102002.7029850787
914000     -9388.3610439130       130.0224577361      -454.7818393257    102002.7029850787
915000     -9388.3237383779       130.0245622346      -454.9740457327    102002.7029850787
916000     -9388.2942854904       130.0252536571      -455.0185640214    102002.7029850787
917000     -9388.2872853909       130.0250981739      -455.1070411426    102002.7029850787
918000     -9388.2845623475       130.0251366702      -455.2758180006    102002.7029850787
919000     -9388.2670649394       130.0250592241      -455.1860012257    102002.7029850787
920000     -9388.2754854742       130.0254320459      -455.2344646780    102002.7029850787
921000     -9388.2633145406       130.0267461203      -455.3735314827    102002.7029850787
922000     -9388.2450600909       130.0271356352      -455.4278287887    102002.7029850787
923000     -9388.2475914479       130.0267667601      -455.4011122471    102002.7029850787
924000     -9388.1913013739       130.0285142894      -455.2311030390    102002.7029850787
925000     -9388.2080014945       130.0286310521      -455.2219511773    102002.7029850787
926000     -9388.2208008451       130.0282117174      -455.1886002979    102002.7029850787
927000     -9388.1685501190       130.0304302149      -455.1522916250    102002.7029850786
928000     -9388.1516272875       130.0323061836      -455.4159187474    102002.7029850786
929000     -9388.1695967856       130.0319201610      -455.7271567410    102002.7029850786
930000     -9388.1510938319       130.0328724399      -455.8464650759    102002.7029850786
931000     -9388.1504769666       130.0329256517      -455.8660756013    102002.7029850786
932000     -9388.1722743546       130.0313942676      -455.9567543723    102002.7029850786
933000     -9388.1571694321       130.0321955158      -456.0899384475    102002.7029850786
934000     -9388.1171713535       130.0331830710      -456.0970341870    102002.7029850786
935000     -9388.0933062090       130.0342073182      -456.1742304075    102002.7029850786
936000     -9388.1150358970       130.0344910644      -456.3621875570    102002.7029850786
937000     -9388.1093742415       130.0331010582      -456.3575653924    102002.7029850786
938000     -9388.0938729026       130.0343800319      -456.3162206063    102002.7029850786
939000     -9388.1228293151       130.0332239082      -456.3344832555    102002.7029850786
940000     -9388.1523789672       130.0328651776      -456.4872832642    102002.7029850786
941000     -9388.1480042664       130.0327600061      -456.3477856132    102002.7029850786
942000     -9388.1153201838       130.0347233033      -456.1284762977    102002.7029850786
943000     -9388.1304384341       130.0329998590      -455.9706884958    102002.7029850786
944000     -9388.1136835741       130.0324490016      -455.7684746886    102002.7029850786
945000     -9388.0928004792       130.0345080295      -455.6232098187    102002.7029850786
946000     -9388.0844675145       130.0348607662      -455.5839458051    102002.7029850786
947000     -9388.0976371340       130.0349246440      -455.6451099416    102002.7029850786
948000     -9388.0984999479       130.0355506759      -455.7441841979    102002.7029850786
949000     -9388.0841970138       130.0363534501      -455.7229789042    102002.7029850786
950000     -9388.0855326347       130.0363111678      -455.8030008875    102002.7029850786
951000     -9388.0845842096       130.0355485175      -455.7314038939    102002.7029850786
952000     -9388.0629341185       130.0362250278      -455.6014655081    102002.7029850786
953000     -9388.0850652392       130.0341027594      -455.6331785008    102002.7029850786
954000     -9388.0566464527       130.0351458485      -455.6726167420    102002.7029850786
955000     -9388.0588435955       130.0353765979      -455.6596034537    102002.7029850786
956000     -9388.0400146449       130.0360212481      -455.6208132144    102002.7029850786
957000     -9388.0310475436       130.0359749220      -455.6719469180    102002.7029850786
958000     -9388.0532778580       130.0345455093      -455.6819057321    102002.7029850786
959000     -9388.0584466330       130.0328247311      -455.7653953499    102002.7029850786
960000     -9388.0724160884       130.0330403156      -455.9311094256    102002.7029850786
961000     -9388.0879920849       130.0337235849      -455.9923267097    102002.7029850786
962000     -9388.0910773716       130.0335546138      -455.9578976944    102002.7029850786
963000     -9388.1027147748       130.0331895906      -455.8784308356    102002.7029850786
964000     -9388.1134268312       130.0325733080      -455.7653092430    102002.7029850786
965000     -9388.1378490157       130.0324695395      -455.6993144941    102002.7029850786
966000     -9388.1372155462       130.0321481389      -455.5269020252    102002.7029850786
967000     -9388.1119673650       130.0333385001      -455.3082905165    102002.7029850786
968000     -9388.1204127058       130.0324632035      -455.1883630695    102002.7029850786
969000     -9388.1094946964       130.0334268872      -455.1021409667    102002.7029850786
970000     -9388.0986827377       130.0346471349      -455.0550806739    102002.7029850786
971000     -9388.1036080987       130.0346101510      -454.9406886707    102002.7029850786
972000     -9388.1016009409       130.0344315945      -454.9368722783    102002.7029850786
973000     -9388.1084405691       130.0335754714      -454.9904933333    102002.7029850786
974000     -9388.1007737875       130.0329023941      -455.0539470338    102002.7029850786
975000     -9388.1035998360       130.0317756972      -455.0368274251    102002.7029850786
976000     -9388.0716340827       130.0323814825      -454.9690616116    102002.7029850786
977000     -9388.0493545449       130.0334781212      -455.0788682843    102002.7029850786
978000     -9388.0490178902       130.0332246071      -455.0874473134    102002.7029850786
979000     -9388.0936456622       130.0313888410      -455.1671485409    102002.7029850786
980000     -9388.1266367041       130.0301683436      -455.3154829115    102002.7029850786
981000     -9388.1509757146       130.0294536886      -455.6167675476    102002.7029850786
982000     -9388.1098412993       130.0310600221      -455.6168851456    102002.7029850786
983000     -9388.0913824855       130.0314770454      -455.6466520887    102002.7029850786
984000     -9388.0813018014       130.0303427774      -455.6679256809    102002.7029850786
985000     -9388.0183909400       130.0328919665      -455.6899399988    102002.7029850786
986000     -9388.0031200851       130.0324667485      -455.8352783943    102002.7029850786
987000     -9387.9801909221       130.0330776918      -456.0374190081    102002.7029850786
988000     -9387.9457893589       130.0347007599      -456.0583429907    102002.7029850786
989000     -9387.9245788136       130.0353003916      -456.1284819464    102002.7029850786
990000     -9387.9616918238       130.0340643750      -456.1036952904    102002.7029850786
991000     -9387.9837149709       130.0326710278      -455.9279407669    102002.7029850786
992000     -9387.9991854303       130.0333396951      -455.9005231049    102002.7029850786
993000     -9387.9771294154       130.0346699657      -455.9067327549    102002.7029850786
994000     -9387.9749465044       130.0342562681      -455.9214731963    102002.7029850786
995000     -9387.9670468635       130.0348298064      -455.9695513604    102002.7029850786
996000     -9387.9479784493       130.0356729334      -455.9649312426    102002.7029850786
997000     -9387.9332750040       130.0357650291      -455.8841240499    102002.7029850786
998000     -9387.9252588609       130.0363565458      -455.8087729810    102002.7029850786
999000     -9387.9260858855       130.0359476452      -455.7716636611    102002.7029850786
1000000     -9387.9510540811       130.0343489838      -455.8197014511    102002.7029850786
