# Time-averaged data for fix runningavgs
# TimeStep v_ra_etotal v_ra_temp v_ra_press v_ra_volume
502000     -7378.8146976437        90.2114919730      -768.1383379009    102002.7029850792
503000     -7378.9893693411        90.6001297373      -757.6717382456    102002.7029850792
504000     -7380.6483622199        90.5365570203      -767.7710188343    102002.7029850792
505000     -7378.4217198635        90.6200576133      -773.2825881506    102002.7029850792
506000     -7374.3539713739        90.9086752744      -767.6791534708    102002.7029850792
507000     -7374.5144159817        90.9626480986      -770.2520184105    102002.7029850792
508000     -7374.5036167686        90.9506802843      -781.3693632477    102002.7029850792
509000     -7374.8110019184        90.9323504421      -779.8157839166    102002.7029850792
510000     -7375.5318699197        90.8631878694      -776.9389149276    102002.7029850792
511000     -7374.8930944205        90.8977808100      -778.7609022117    102002.7029850792
512000     -7373.8412526540        90.9386456236      -775.9527039462    102002.7029850792
513000     -7374.1714621963        90.9246060974      -774.0324861271    102002.7029850792
514000     -7374.1603584933        90.9138467726      -774.2039543044    102002.7029850792
515000     -7374.3274380278        90.9000913389      -774.9284902969    102002.7029850792
516000     -7374.0060754090        90.9242412448      -776.2748091998    102002.7029850792
517000     -7373.7560698772        90.9606558334      -776.4669609983    102002.7029850792
518000     -7373.0715686823        90.9897747844      -775.8878835817    102002.7029850792
519000     -7372.7108228345        91.0251654369      -775.1119955119    102002.7029850792
520000     -7372.7265893838        91.0287144299      -775.0550900820    102002.7029850792
521000     -7372.7901758327        91.0255095425      -774.1825501774    102002.7029850792
522000     -7373.0162363320        91.0293860240      -775.1027655162    102002.7029850792
523000     -7372.9233746424        91.0328593635      -775.2239937463    102002.7029850792
524000     -7372.4401640641        91.0541595285      -775.7998223914    102002.7029850792
525000     -7372.9298340691        91.0211646133      -775.4163334159    102002.7029850792
526000     -7373.0470527710        91.0085949042      -775.3839172915    102002.7029850792
527000     -7373.1251961857        91.0105088278      -775.9857865145    102002.7029850792
528000     -7373.2458809964        90.9940255868      -776.1873526922    102002.7029850792
529000     -7372.9626765301        91.0148899557      -775.8461647437    102002.7029850792
530000     -7372.7572144343        91.0388551593      -776.4307198797    102002.7029850792
531000     -7372.8846744115        91.0376684299      -776.6861633042    102002.7029850792
532000     -7373.2297504207        91.0087667814      -777.8262824530    102002.7029850792
533000     -7373.3064052848        91.0350349419      -776.8241722818    102002.7029850792
534000     -7373.2734478816        91.0368889491      -776.1941083162    102002.7029850792
535000     -7373.6035744429        91.0159876661      -776.3010331850    102002.7029850792
536000     -7373.7055688373        91.0100582382      -776.3040323018    102002.7029850792
537000     -7373.8796497027        90.9921258319      -776.7244629867    102002.7029850792
538000     -7373.9861037015        90.9847333364      -776.9758751998    102002.7029850792
539000     -7374.2444178283        90.9670038920      -777.2807518976    102002.7029850791
540000     -7374.3369874664        90.9659997737      -777.3424897419    102002.7029850791
541000     -7374.3204994079        90.9705782460      -777.4358635827    102002.7029850791
542000     -7374.1917114641        90.9811143615      -777.9846297953    102002.7029850791
543000     -7374.2678298393        90.9790139330      -778.4167047838    102002.7029850791
544000     -7374.0396777877        90.9991212596      -779.5023277119    102002.7029850791
545000     -7374.1066223820        90.9951979941      -780.9418843822    102002.7029850791
546000     -7374.3530627869        90.9799560733      -781.5675605447    102002.7029850791
547000     -7374.3733166763        90.9877382036      -782.2803694712    102002.7029850791
548000     -7374.3969709832        90.9903801557      -783.1857565283    102002.7029850791
549000     -7374.4863462782        90.9885559726      -783.4387706451    102002.7029850791
550000     -7374.4304743502        90.9961761009      -784.0953938799    102002.7029850791
551000     -7374.1182457971        91.0164403452      -785.1759261291    102002.7029850791
552000     -7374.0023982077        91.0190320045      -785.9987728403    102002.7029850791
553000     -7374.3348546995        90.9968901106      -786.3136994642    102002.7029850791
554000     -7374.4323612598        90.9927528986      -786.9642051732    102002.7029850791
555000     -7374.5354419376        90.9934444346      -787.3164060211    102002.7029850791
556000     -7374.7105113302        90.9799189543      -787.4343105311    102002.7029850791
557000     -7374.7491651701        90.9706833066      -787.7709673084    102002.7029850791
558000     -7374.7443292032        90.9696260235      -788.2604846313    102002.7029850791
559000     -7374.6355922295        90.9754711872      -789.3688908591    102002.7029850791
560000     -7374.5344760983        90.9811149319      -789.9707470288    102002.7029850791
561000     -7374.4486068132        90.9908036633      -790.2226577578    102002.7029850791
562000     -7374.4501747814        90.9898365558      -790.1781995253    102002.7029850791
563000     -7374.2772586689        90.9974257019      -791.0324477761    102002.7029850791
564000     -7374.1600654312        91.0024800488      -791.3965728408    102002.7029850791
565000     -7374.0262497325        91.0141770827      -792.0010847707    102002.7029850791
566000     -7373.9378804185        91.0194039621      -792.6138540826    102002.7029850791
567000     -7373.8800821523        91.0213972128      -792.9831715761    102002.7029850791
568000     -7373.9694317976        91.0118999376      -793.1738652843    102002.7029850791
569000     -7373.9859514623        91.0080251969      -793.3323165346    102002.7029850791
570000     -7373.8669744164        91.0177824834      -793.3677950132    102002.7029850791
571000     -7373.6926251090        91.0180137780      -793.7076491938    102002.7029850791
572000     -7373.6527687275        91.0166544405      -793.5614325070    102002.7029850791
573000     -7373.6510343174        91.0114817057      -793.1048303556    102002.7029850791
574000     -7373.6786626545        90.9991958092      -793.2930705515    102002.7029850791
575000     -7373.6581057576        90.9926761063      -793.4720627811    102002.7029850791
576000     -7373.7228933534        90.9864536076      -793.4589184115    102002.7029850791
577000     -7373.6900145852        90.9802667899      -793.6680742199    102002.7029850791
578000     -7373.5679615827        90.9855742464      -793.9852815639    102002.7029850791
579000     -7373.5373327930        90.9902364910      -794.2917421021    102002.7029850791
580000     -7373.5422687952        90.9864396811      -794.9284099688    102002.7029850791
581000     -7373.6466938714        90.9812421987      -795.1773155826    102002.7029850791
582000     -7373.7131474480        90.9741317243      -795.8672708445    102002.7029850791
583000     -7373.6076542381        90.9849669884      -796.4143264391    102002.7029850791
584000     -7373.5928461682        90.9882143592      -796.3581870631    102002.7029850791
585000     -7373.5959631827        90.9875017824      -796.4141726473    102002.7029850791
586000     -7373.6054666487        90.9875632758      -796.5124391761    102002.7029850791
587000     -7373.7622265307        90.9771575094      -796.1985833328    102002.7029850791
588000     -7373.8023983412        90.9746731428      -796.2118304969    102002.7029850791
589000     -7373.8412109176        90.9713586199      -796.2762654370    102002.7029850791
590000     -7373.9203580119        90.9634824343      -796.0068028911    102002.7029850791
591000     -7373.9114935600        90.9612531965      -795.9649206617    102002.7029850792
592000     -7373.9197721187        90.9635462069      -795.7066134053    102002.7029850792
593000     -7373.8926522381        90.9675752664      -795.3540554632    102002.7029850792
594000     -7373.9424230235        90.9626604867      -795.1550093293    102002.7029850792
595000     -7373.9753889694        90.9585805971      -795.0607657602    102002.7029850792
596000     -7373.9696607571        90.9566747928      -795.4057884815    102002.7029850792
597000     -7373.9789604993        90.9555625689      -795.3194996575    102002.7029850792
598000     -7374.0113008454        90.9506852338      -795.0808762839    102002.7029850792
599000     -7373.9885403817        90.9514098388      -795.0771420792    102002.7029850792
600000     -7374.0850575548        90.9432397039      -794.8298679018    102002.7029850792
601000     -7374.1820297225        90.9370730940      -794.7474405207    102002.7029850792
602000     -7374.1835078870        90.9357047761      -794.6915933907    102002.7029850792
603000     -7374.1150829605        90.9436078182      -794.7256222837    102002.7029850792
604000     -7374.1435736526        90.9388093339      -794.5806594537    102002.7029850793
605000     -7374.1602905687        90.9358296614      -794.6555084657    102002.7029850793
606000     -7374.0730962087        90.9411540467      -794.4398114039    102002.7029850793
607000     -7374.0444545752        90.9407957308      -794.2495048606    102002.7029850793
608000     -7374.0962249918        90.9377610485      -794.4228077819    102002.7029850793
609000     -7374.1597083211        90.9321022370      -794.2481894048    102002.7029850793
610000     -7374.1205932658        90.9302706720      -793.9414747345    102002.7029850793
611000     -7373.9468830997        90.9387481544      -794.1036508500    102002.7029850793
612000     -7373.9720831276        90.9349084994      -793.9947750303    102002.7029850793
613000     -7373.8599246613        90.9410462806      -794.0056491494    102002.7029850793
614000     -7373.7957194828        90.9475620571      -793.9903269838    102002.7029850793
615000     -7373.7894625701        90.9489396517      -794.2464740765    102002.7029850793
616000     -7373.7409872312        90.9533541103      -794.4018116727    102002.7029850793
617000     -7373.7011430683        90.9587612311      -794.4556072196    102002.7029850793
618000     -7373.6974840979        90.9603816488      -794.9574456553    102002.7029850793
619000     -7373.6522358269        90.9672895068      -795.1748282922    102002.7029850793
620000     -7373.6351853142        90.9670845036      -795.1843020151    102002.7029850793
621000     -7373.7100270579        90.9633361632      -795.3170538955    102002.7029850793
622000     -7373.7996197091        90.9570836334      -795.7216668943    102002.7029850794
623000     -7373.8700539559        90.9536262686      -795.8826916565    102002.7029850794
624000     -7373.9590310036        90.9472666537      -795.9666910663    102002.7029850794
625000     -7373.9890483887        90.9474437580      -795.9401841508    102002.7029850794
626000     -7374.0173189923        90.9466021945      -795.9437940517    102002.7029850794
627000     -7373.9668456281        90.9526215415      -795.7492170440    102002.7029850794
628000     -7374.0203470298        90.9498639397      -795.3913779860    102002.7029850794
629000     -7374.0269191472        90.9502423944      -795.5026249102    102002.7029850794
630000     -7373.9726630223        90.9542244538      -795.2520173614    102002.7029850794
631000     -7374.0089114100        90.9532283555      -794.9132865460    102002.7029850794
632000     -7373.9851122835        90.9549088662      -794.8393246583    102002.7029850794
633000     -7373.9079365520        90.9621695682      -794.6410711003    102002.7029850794
634000     -7373.9032088377        90.9638519924      -794.7000533799    102002.7029850794
635000     -7373.9118239652        90.9643979567      -794.5825837697    102002.7029850794
636000     -7373.8544621052        90.9699224119      -794.7502320966    102002.7029850794
637000     -7373.9327394169        90.9663174947      -794.6296362695    102002.7029850794
638000     -7373.9357802344        90.9687195463      -794.3593005622    102002.7029850794
639000     -7373.8798623511        90.9723841759      -794.4075078182    102002.7029850794
640000     -7373.8513856112        90.9737636361      -794.3620094513    102002.7029850794
641000     -7373.8759975123        90.9741324171      -794.1541459194    102002.7029850794
642000     -7373.8093870655        90.9770547323      -793.9355234721    102002.7029850794
643000     -7373.7969783215        90.9800553233      -793.8144462799    102002.7029850794
644000     -7373.8347578256        90.9776596335      -793.6333296654    102002.7029850794
645000     -7373.8999452527        90.9722554958      -793.5703632412    102002.7029850794
646000     -7373.8500756858        90.9744213636      -793.2827550695    102002.7029850795
647000     -7373.7512743910        90.9817979146      -793.1486689082    102002.7029850795
648000     -7373.7494977149        90.9813783659      -792.9868697644    102002.7029850795
649000     -7373.7759615794        90.9794498178      -792.7861462309    102002.7029850795
650000     -7373.8220685608        90.9738364324      -792.7292948500    102002.7029850795
651000     -7373.8245955734        90.9763226217      -792.6228940996    102002.7029850795
652000     -7373.7755301133        90.9805425369      -792.4736750685    102002.7029850795
653000     -7373.7498386313        90.9815590472      -792.0913638005    102002.7029850795
654000     -7373.7322316970        90.9852817302      -791.9795037898    102002.7029850795
655000     -7373.7429835378        90.9850998815      -791.9294262002    102002.7029850795
656000     -7373.7796691079        90.9840440959      -791.7419144367    102002.7029850795
657000     -7373.7999638931        90.9841458144      -791.8030564938    102002.7029850795
658000     -7373.7523916160        90.9891759347      -791.6428831621    102002.7029850795
659000     -7373.7060269427        90.9910301452      -791.7214002448    102002.7029850795
660000     -7373.7261408557        90.9904369291      -791.6691608619    102002.7029850795
661000     -7373.6997791800        90.9925903736      -791.5541278552    102002.7029850795
662000     -7373.6223287588        90.9949248164      -791.5128618824    102002.7029850795
663000     -7373.6469011960        90.9907480834      -791.4197985067    102002.7029850795
664000     -7373.6218428562        90.9907753857      -791.3292088082    102002.7029850795
665000     -7373.6253038856        90.9903968168      -791.2044294162    102002.7029850795
666000     -7373.5678351725        90.9911522173      -791.2612023594    102002.7029850795
667000     -7373.5620394474        90.9921541011      -791.0351143016    102002.7029850795
668000     -7373.6051602765        90.9890644833      -791.0356437261    102002.7029850795
669000     -7373.6424758131        90.9863991549      -791.0167779955    102002.7029850795
670000     -7373.7026456176        90.9822129247      -790.7350393890    102002.7029850795
671000     -7373.7286802354        90.9808490367      -790.6983062835    102002.7029850795
672000     -7373.7042635724        90.9843393264      -790.9112661350    102002.7029850795
673000     -7373.6651904615        90.9877072650      -790.8126795281    102002.7029850795
674000     -7373.6524341396        90.9888541350      -790.8013208716    102002.7029850794
675000     -7373.6607272118        90.9882260435      -791.0772365673    102002.7029850794
676000     -7373.6805355516        90.9883583728      -791.0017667503    102002.7029850794
677000     -7373.6967528398        90.9886343063      -790.9163111517    102002.7029850794
678000     -7373.7387602501        90.9869374440      -791.0286111521    102002.7029850794
679000     -7373.7335824218        90.9882236509      -791.1735554906    102002.7029850794
680000     -7373.6900682976        90.9928564428      -791.3736710780    102002.7029850794
681000     -7373.6472052484        90.9951344224      -791.4598359926    102002.7029850794
682000     -7373.6233361598        90.9966284337      -791.3226547090    102002.7029850794
683000     -7373.6142283832        90.9968539232      -791.2644395541    102002.7029850794
684000     -7373.6325052700        90.9936865590      -791.2762282144    102002.7029850794
685000     -7373.6481715093        90.9906586246      -791.1197905300    102002.7029850794
686000     -7373.6012740483        90.9948074162      -791.0063724644    102002.7029850794
687000     -7373.5881281916        90.9931323456      -791.0416111339    102002.7029850794
688000     -7373.5309059155        90.9961157874      -790.8518740052    102002.7029850793
689000     -7373.4571962270        91.0004216200      -790.7793808190    102002.7029850793
690000     -7373.4136751409        90.9996280574      -790.8152989732    102002.7029850793
691000     -7373.3754998088        90.9972106973      -790.7183915161    102002.7029850793
692000     -7373.3402836824        90.9990627689      -790.8468192666    102002.7029850793
693000     -7373.3378808659        90.9996325314      -790.7561313402    102002.7029850793
694000     -7373.3152142997        90.9996208469      -790.7718582675    102002.7029850793
695000     -7373.2868229180        90.9985097557      -790.6176571740    102002.7029850793
696000     -7373.2527804247        90.9992649872      -790.6747972296    102002.7029850793
697000     -7373.2678235634        90.9961064155      -790.5705251375    102002.7029850793
698000     -7373.2429181595        90.9943958509      -790.4723324710    102002.7029850793
699000     -7373.1757101529        90.9951741157      -790.6628420348    102002.7029850793
700000     -7373.1390058692        90.9948469589      -790.7521457301    102002.7029850793
701000     -7373.0695060658        90.9952479446      -790.7686594309    102002.7029850793
702000     -7373.0069219527        90.9950417431      -790.7923618937    102002.7029850793
703000     -7372.9495316202        90.9963124733      -790.8770070234    102002.7029850793
704000     -7372.9052624118        90.9950836033      -790.7475842795    102002.7029850792
705000     -7372.8183889141        90.9970530385      -790.9206006749    102002.7029850792
706000     -7372.7668168862        90.9978480308      -790.8242147731    102002.7029850792
707000     -7372.7522250669        90.9975216498      -790.7177366542    102002.7029850792
708000     -7372.7612057648        90.9963022640      -790.9157927395    102002.7029850792
709000     -7372.7100165336        90.9965499409      -790.8941358837    102002.7029850792
710000     -7372.6891765307        90.9967980937      -790.7978930955    102002.7029850792
711000     -7372.6229363386        91.0001609738      -790.7213384416    102002.7029850792
712000     -7372.5692973887        91.0012039811      -790.7946717129    102002.7029850792
713000     -7372.5729303653        90.9981040294      -790.7371318563    102002.7029850792
714000     -7372.5573398386        90.9964317106      -790.8370592838    102002.7029850792
715000     -7372.5307414315        90.9972008716      -791.1060471626    102002.7029850792
716000     -7372.5470751027        90.9964508788      -791.0306057149    102002.7029850792
717000     -7372.5250434377        90.9967795900      -790.8958424012    102002.7029850792
718000     -7372.4665643791        90.9988560353      -791.1433150647    102002.7029850792
719000     -7372.4203965221        91.0014795652      -791.1775717633    102002.7029850792
720000     -7372.3785622640        91.0029802666      -791.3137357927    102002.7029850792
721000     -7372.3930170246        91.0009699795      -791.3654616375    102002.7029850792
722000     -7372.3815066999        90.9989208046      -791.4342068048    102002.7029850792
723000     -7372.4265933829        90.9959285744      -791.3807756407    102002.7029850792
724000     -7372.4263303739        90.9954541562      -791.3810103583    102002.7029850791
725000     -7372.4636182646        90.9938966063      -791.3056568529    102002.7029850791
726000     -7372.4495054613        90.9942623687      -791.4320066550    102002.7029850791
727000     -7372.4211088802        90.9956787290      -791.5261495117    102002.7029850791
728000     -7372.3944286501        90.9966360490      -791.4738232671    102002.7029850791
729000     -7372.4377770804        90.9922444052      -791.4158217830    102002.7029850791
730000     -7372.4348525125        90.9906054043      -791.3759276839    102002.7029850791
731000     -7372.4439389240        90.9896264016      -791.3924872596    102002.7029850791
732000     -7372.4492800609        90.9880122997      -791.4957062509    102002.7029850791
733000     -7372.4541718365        90.9887402256      -791.5280638540    102002.7029850791
734000     -7372.4293386253        90.9903918519      -791.4455265802    102002.7029850791
735000     -7372.3971375488        90.9912432664      -791.3432182344    102002.7029850791
736000     -7372.3730796025        90.9924440383      -791.2730947410    102002.7029850791
737000     -7372.3583391990        90.9929755587      -791.2291735884    102002.7029850791
738000     -7372.3607262104        90.9941889278      -791.3778370004    102002.7029850791
739000     -7372.3558185320        90.9954900279      -791.4458163781    102002.7029850791
740000     -7372.3704105619        90.9947613583      -791.5088745245    102002.7029850791
741000     -7372.3487159027        90.9974298964      -791.4966648334    102002.7029850791
742000     -7372.3362836006        90.9976626903      -791.5001078887    102002.7029850791
743000     -7372.3619356768        90.9954439652      -791.4757431176    102002.7029850791
744000     -7372.3505405939        90.9941527282      -791.7420956272    102002.7029850791
745000     -7372.3529336631        90.9944916302      -791.8031346649    102002.7029850791
746000     -7372.3617200052        90.9946151872      -791.7896108861    102002.7029850791
747000     -7372.3323482399        90.9973339472      -791.7244299241    102002.7029850791
748000     -7372.3172065929        90.9987470542      -791.8417231076    102002.7029850790
749000     -7372.3038498496        91.0002662120      -791.9042519408    102002.7029850790
750000     -7372.2916105278        91.0014110315      -791.8690489049    102002.7029850790
751000     -7372.2776384135        91.0017055769      -791.9016778104    102002.7029850790
752000     -7372.2787000272        91.0008618908      -791.8652187967    102002.7029850790
753000     -7372.3056668616        91.0000089646      -791.7481624570    102002.7029850790
754000     -7372.2832854837        90.9998544388      -791.7177217493    102002.7029850790
755000     -7372.2840272675        91.0005839002      -791.5846803278    102002.7029850790
756000     -7372.2623504825        91.0014461681      -791.5969375614    102002.7029850790
757000     -7372.2427105323        91.0039705795      -791.7172592733    102002.7029850790
758000     -7372.2549853316        91.0034288665      -791.6836469813    102002.7029850790
759000     -7372.2676161207        91.0011728433      -791.5809408461    102002.7029850790
760000     -7372.2591548653        90.9999725832      -791.5394687236    102002.7029850790
761000     -7372.2451695860        91.0009745999      -791.5638491931    102002.7029850790
762000     -7372.2272607874        91.0017224805      -791.4530084088    102002.7029850790
763000     -7372.2181470209        91.0019897118      -791.5705247289    102002.7029850790
764000     -7372.1927603275        91.0032256030      -791.5885094352    102002.7029850790
765000     -7372.1668112119        91.0033166501      -791.6345038938    102002.7029850790
766000     -7372.1217557177        91.0043655899      -791.5233282635    102002.7029850790
767000     -7372.1160013624        91.0037423811      -791.5091299189    102002.7029850790
768000     -7372.1148809799        91.0031321902      -791.4157010350    102002.7029850790
769000     -7372.1067127203        91.0028785991      -791.3670683795    102002.7029850790
770000     -7372.1265226773        91.0003460570      -791.3039642437    102002.7029850790
771000     -7372.1518651262        90.9987655106      -791.2628862087    102002.7029850790
772000     -7372.1450920013        90.9989517853      -791.1583077326    102002.7029850790
773000     -7372.0964267692        91.0007804913      -791.0327997328    102002.7029850790
774000     -7372.0831056057        91.0022851199      -790.8911728018    102002.7029850790
775000     -7372.0919244398        90.9999254093      -790.9478859637    102002.7029850790
776000     -7372.0836166778        90.9992716579      -790.8666253670    102002.7029850790
777000     -7372.0524337804        91.0003619435      -790.8115040972    102002.7029850789
778000     -7372.0327440751        91.0004276864      -790.7332377683    102002.7029850789
779000     -7371.9861351920        91.0025545444      -790.7508233018    102002.7029850789
780000     -7371.9487056071        91.0034640530      -790.5339541000    102002.7029850789
781000     -7371.9316597132        91.0017639781      -790.6367711707    102002.7029850789
782000     -7371.9259886173        90.9998875247      -790.6047439478    102002.7029850789
783000     -7371.8846807430        91.0018904151      -790.6252989229    102002.7029850789
784000     -7371.8577896123        91.0039578110      -790.6104180366    102002.7029850789
785000     -7371.8023897808        91.0064047969      -790.6780970285    102002.7029850789
786000     -7371.7885020394        91.0077505826      -790.5861675950    102002.7029850789
787000     -7371.7744293886        91.0079854913      -790.5637399429    102002.7029850789
788000     -7371.7519778814        91.0086114202      -790.6202788353    102002.7029850789
789000     -7371.7272815776        91.0108075241      -790.5829463840    102002.7029850789
790000     -7371.7543063618        91.0081701255      -790.6602652564    102002.7029850789
791000     -7371.7619419251        91.0081805450      -790.7551744208    102002.7029850789
792000     -7371.7754293659        91.0065266732      -790.7417165259    102002.7029850789
793000     -7371.7585003053        91.0065890546      -790.7140346071    102002.7029850789
794000     -7371.7101370958        91.0096843249      -790.8395492897    102002.7029850789
795000     -7371.6741358381        91.0114979392      -791.0887730636    102002.7029850789
796000     -7371.6395384089        91.0137041748      -791.1143744564    102002.7029850789
797000     -7371.6427424793        91.0136453845      -790.9855289124    102002.7029850789
798000     -7371.6336249526        91.0149767750      -791.0271677806    102002.7029850789
799000     -7371.6001257366        91.0162600977      -791.1866293037    102002.7029850789
800000     -7371.5877224259        91.0172535746      -791.3471644832    102002.7029850789
801000     -7371.5992509889        91.0153293552      -791.4414096421    102002.7029850789
802000     -7371.6237456481        91.0137259061      -791.3782977267    102002.7029850789
803000     -7371.6222250030        91.0152147681      -791.5518682888    102002.7029850789
804000     -7371.5887931083        91.0179102278      -791.5915846650    102002.7029850789
805000     -7371.5990593489        91.0174531140      -791.5906519835    102002.7029850789
806000     -7371.6451905630        91.0138432959      -791.6332893057    102002.7029850789
807000     -7371.6261750830        91.0140845642      -791.7752961815    102002.7029850789
808000     -7371.6158946925        91.0148958022      -791.7938162872    102002.7029850789
809000     -7371.6380200347        91.0142372959      -791.7374401146    102002.7029850789
810000     -7371.6556744532        91.0151775896      -791.7793735791    102002.7029850789
811000     -7371.6583386522        91.0154997018      -791.8678468185    102002.7029850789
812000     -7371.6863489194        91.0140744398      -791.8580807571    102002.7029850789
813000     -7371.7289792080        91.0121771443      -791.8883091957    102002.7029850789
814000     -7371.7652353924        91.0104741210      -791.8846935529    102002.7029850789
815000     -7371.7880693497        91.0079565610      -791.7893430048    102002.7029850788
816000     -7371.8167519884        91.0076672583      -791.5421630840    102002.7029850788
817000     -7371.8278552893        91.0084832447      -791.5751084577    102002.7029850788
818000     -7371.8346509802        91.0088330998      -791.5888417576    102002.7029850788
819000     -7371.8282278974        91.0101980009      -791.5078991179    102002.7029850788
820000     -7371.8228587824        91.0112318444      -791.4494158125    102002.7029850788
821000     -7371.7969044322        91.0141696096      -791.4495490712    102002.7029850788
822000     -7371.8011066757        91.0136819309      -791.3425484940    102002.7029850788
823000     -7371.8047025550        91.0124081514      -791.3772449366    102002.7029850788
824000     -7371.7996399132        91.0137553739      -791.4591970927    102002.7029850788
825000     -7371.8223744851        91.0129936832      -791.5115249109    102002.7029850788
826000     -7371.8737729556        91.0111302933      -791.5173743083    102002.7029850788
827000     -7371.8846450617        91.0113155419      -791.4968814319    102002.7029850788
828000     -7371.8934758930        91.0126956843      -791.4759854445    102002.7029850788
829000     -7371.9246656195        91.0119928644      -791.5138603877    102002.7029850788
830000     -7371.9166939311        91.0150716315      -791.5407800556    102002.7029850788
831000     -7371.9242150483        91.0146084637      -791.5334112154    102002.7029850788
832000     -7371.9574655674        91.0122620620      -791.5129307778    102002.7029850788
833000     -7371.9584217929        91.0111117015      -791.5597705367    102002.7029850788
834000     -7371.9595658515        91.0106069030      -791.4220909823    102002.7029850788
835000     -7371.9988272925        91.0085292158      -791.3345543994    102002.7029850788
836000     -7372.0089906299        91.0090239410      -791.3764694100    102002.7029850788
837000     -7372.0246250181        91.0085815299      -791.4549152244    102002.7029850788
838000     -7372.0115139656        91.0108263883      -791.3888466651    102002.7029850788
839000     -7372.0072626345        91.0123756970      -791.3270823069    102002.7029850788
840000     -7371.9942363200        91.0138740383      -791.3066693682    102002.7029850788
841000     -7371.9943310549        91.0152015928      -791.2456333536    102002.7029850788
842000     -7371.9844238315        91.0158340120      -791.2610961512    102002.7029850788
843000     -7371.9975152132        91.0157617608      -791.1955395693    102002.7029850788
844000     -7372.0100498930        91.0154120976      -791.2009254236    102002.7029850788
845000     -7371.9997625011        91.0174205465      -791.0610319127    102002.7029850788
846000     -7372.0099648094        91.0168115729      -790.9303752006    102002.7029850788
847000     -7372.0536063363        91.0135072016      -790.8380682274    102002.7029850788
848000     -7372.0615633854        91.0132144149      -790.8514274859    102002.7029850788
849000     -7372.0843554262        91.0111143778      -790.8039995672    102002.7029850788
850000     -7372.1051059017        91.0096231557      -790.8031243795    102002.7029850788
851000     -7372.1058460545        91.0110419188      -790.7937143965    102002.7029850788
852000     -7372.0699803802        91.0138767017      -790.8372692744    102002.7029850788
853000     -7372.0900336808        91.0137183751      -790.7784994144    102002.7029850788
854000     -7372.0925939980        91.0128934652      -790.7729616800    102002.7029850788
855000     -7372.1147534384        91.0125465298      -790.7487265419    102002.7029850788
856000     -7372.1075903955        91.0139948365      -790.7007949577    102002.7029850788
857000     -7372.1070289270        91.0158800164      -790.6278964957    102002.7029850788
858000     -7372.1054260757        91.0160429433      -790.6242446452    102002.7029850788
859000     -7372.1396987677        91.0144968114      -790.5415867027    102002.7029850788
860000     -7372.1454644838        91.0142992401      -790.3977159978    102002.7029850788
861000     -7372.1211886864        91.0164190812      -790.2972905563    102002.7029850788
862000     -7372.1305508081        91.0158438372      -790.2812263491    102002.7029850788
863000     -7372.1170823447        91.0166361366      -790.2302275955    102002.7029850788
864000     -7372.0719353988        91.0196524923      -790.1327446734    102002.7029850788
865000     -7372.0531725429        91.0208442109      -790.0769017478    102002.7029850788
866000     -7372.0248989934        91.0227819476      -790.0341574646    102002.7029850788
867000     -7372.0198159101        91.0234266108      -790.0526301653    102002.7029850788
868000     -7372.0270534678        91.0230338838      -790.0781741334    102002.7029850788
869000     -7372.0309784758        91.0236073254      -789.9769303026    102002.7029850788
870000     -7372.0044012041        91.0258429111      -789.8729442544    102002.7029850787
871000     -7372.0050785351        91.0251734527      -789.8140074229    102002.7029850787
872000     -7371.9734566844        91.0268856111      -789.7485459561    102002.7029850787
873000     -7371.9768063783        91.0262244774      -789.6742315543    102002.7029850787
874000     -7371.9803590255        91.0258166988      -789.7034796367    102002.7029850787
875000     -7371.9867378225        91.0247556797      -789.6675553921    102002.7029850787
876000     -7371.9742167395        91.0247128398      -789.5941738855    102002.7029850787
877000     -7371.9503420569        91.0255039761      -789.4436363501    102002.7029850787
878000     -7371.9486426070        91.0257527267      -789.4164115774    102002.7029850787
879000     -7371.9380049515        91.0262444395      -789.6136705656    102002.7029850787
880000     -7371.9469146299        91.0246634663      -789.7187867721    102002.7029850787
881000     -7371.9577884007        91.0242454929      -789.6880863260    102002.7029850787
882000     -7371.9588174949        91.0243675796      -789.6667681101    102002.7029850787
883000     -7371.9840144615        91.0229631502      -789.6382968864    102002.7029850787
884000     -7372.0038073408        91.0215295256      -789.5946577417    102002.7029850787
885000     -7372.0257341677        91.0205492673      -789.6515061080    102002.7029850787
886000     -7372.0185105180        91.0209476950      -789.7066647261    102002.7029850787
887000     -7372.0256131286        91.0214468702      -789.6924034765    102002.7029850787
888000     -7372.0114572221        91.0229591694      -789.6403632173    102002.7029850787
889000     -7372.0264252105        91.0221607857      -789.5895625369    102002.7029850787
890000     -7372.0383596167        91.0209750314      -789.5985292922    102002.7029850787
891000     -7372.0390131045        91.0203469538      -789.5917426715    102002.7029850787
892000     -7372.0534494266        91.0188205856      -789.5907238374    102002.7029850787
893000     -7372.0752605972        91.0174490644      -789.5755073678    102002.7029850787
894000     -7372.0823570532        91.0173747881      -789.5829990214    102002.7029850787
895000     -7372.1007603487        91.0167642953      -789.4746353813    102002.7029850787
896000     -7372.0793582635        91.0184100706      -789.4299157100    102002.7029850787
897000     -7372.0852183506        91.0188103048      -789.3847200037    102002.7029850787
898000     -7372.0983807775        91.0189521032      -789.4434492885    102002.7029850787
899000     -7372.0865705901        91.0213992672      -789.5597835151    102002.7029850787
900000     -7372.0977013230        91.0218736303      -789.4385935728    102002.7029850787
901000     -7372.1164444542        91.0210914042      -789.3732405515    102002.7029850787
902000     -7372.1230765689        91.0211695607      -789.3503474200    102002.7029850787
903000     -7372.1269920104        91.0224348656      -789.3532483888    102002.7029850787
904000     -7372.1365640769        91.0221141594      -789.3923972678    102002.7029850787
905000     -7372.1401845002        91.0226875859      -789.3885439804    102002.7029850787
906000     -7372.1287690632        91.0235868981      -789.3348319981    102002.7029850787
907000     -7372.1357378221        91.0228025065      -789.1687202521    102002.7029850787
908000     -7372.1332417572        91.0228756684      -789.0518756666    102002.7029850787
909000     -7372.1350157929        91.0233724981      -788.9042176381    102002.7029850787
910000     -7372.1533528287        91.0218215219      -788.9571850737    102002.7029850787
911000     -7372.1602578876        91.0207109787      -789.0184644921    102002.7029850787
912000     -7372.1772337353        91.0197025118      -788.9901098305    102002.7029850787
913000     -7372.1830621374        91.0187918298      -788.9327753641    102002.7029850787
914000     -7372.1649047944        91.0206780832      -788.8992790559    102002.7029850787
915000     -7372.1524746635        91.0214021667      -788.8481771001    102002.7029850787
916000     -7372.1601269243        91.0198114772      -788.8450906865    102002.7029850787
917000     -7372.1712843710        91.0188146048      -788.8699802719    102002.7029850787
918000     -7372.1924458286        91.0175719463      -788.9014870175    102002.7029850787
919000     -7372.1925296237        91.0181909331      -788.8335700204    102002.7029850787
920000     -7372.2028453114        91.0176822093      -788.8227184716    102002.7029850787
921000     -7372.1997044759        91.0175455303      -788.7819964693    102002.7029850787
922000     -7372.1756378677        91.0189277534      -788.8523581685    102002.7029850787
923000     -7372.1868689921        91.0179045904      -788.8615902762    102002.7029850787
924000     -7372.2145548866        91.0165896413      -788.8785710352    102002.7029850787
925000     -7372.2152412337        91.0172816123      -788.8620176657    102002.7029850787
926000     -7372.2018264416        91.0189832362      -788.8357681189    102002.7029850787
927000     -7372.2314746283        91.0173156010      -788.7378588023    102002.7029850786
928000     -7372.2439717881        91.0169071237      -788.7333447069    102002.7029850786
929000     -7372.2611822152        91.0166824155      -788.8022106357    102002.7029850786
930000     -7372.2708238277        91.0163270609      -788.7862843667    102002.7029850786
931000     -7372.2476796572        91.0183652347      -788.7829909035    102002.7029850786
932000     -7372.2626258696        91.0184816110      -788.7494374423    102002.7029850786
933000     -7372.3000924724        91.0165481775      -788.6938308321    102002.7029850786
934000     -7372.3149917564        91.0156223324      -788.6718156113    102002.7029850786
935000     -7372.3248841502        91.0150862982      -788.6459218552    102002.7029850786
936000     -7372.3139347906        91.0155179820      -788.6532821494    102002.7029850786
937000     -7372.3019287586        91.0170397737      -788.6254236697    102002.7029850786
938000     -7372.3071072312        91.0175164708      -788.5708034874    102002.7029850786
939000     -7372.2989455024        91.0177578699      -788.4701634542    102002.7029850786
940000     -7372.2974938636        91.0173605407      -788.4372302481    102002.7029850786
941000     -7372.2840363391        91.0183978536      -788.4173521130    102002.7029850786
942000     -7372.2771983478        91.0193118095      -788.3551524422    102002.7029850786
943000     -7372.3047115571        91.0181841971      -788.2900801531    102002.7029850786
944000     -7372.3308411268        91.0162530712      -788.2185112343    102002.7029850786
945000     -7372.3426166707        91.0156075736      -788.2134071013    102002.7029850786
946000     -7372.3523089887        91.0151091491      -788.1469054326    102002.7029850786
947000     -7372.3740563413        91.0130816725      -788.1389813652    102002.7029850786
948000     -7372.3701581190        91.0132661637      -788.1770355256    102002.7029850786
949000     -7372.3734451825        91.0130510029      -788.0928469248    102002.7029850786
950000     -7372.3800909798        91.0118546508      -787.9744413777    102002.7029850786
951000     -7372.4063565788        91.0096311858      -787.9782742992    102002.7029850786
952000     -7372.3952954903        91.0103362114      -788.0101078828    102002.7029850786
953000     -7372.3895932630        91.0108096719      -788.0428184903    102002.7029850786
954000     -7372.3922680034        91.0105381181      -788.0488433159    102002.7029850786
955000     -7372.4184472504        91.0090776878      -788.1452424423    102002.7029850786
956000     -7372.4454137800        91.0079581209      -788.1565726558    102002.7029850786
957000     -7372.4262899968        91.0095910951      -788.1124080374    102002.7029850786
958000     -7372.4365516287        91.0090725204      -788.1389648043    102002.7029850786
959000     -7372.4283751714        91.0109837782      -788.1726059896    102002.7029850786
960000     -7372.4355917791        91.0111944740      -788.1855937385    102002.7029850786
961000     -7372.4411305616        91.0110855299      -788.2069696752    102002.7029850786
962000     -7372.4471771780        91.0108509305      -788.2067406209    102002.7029850786
963000     -7372.4234322401        91.0125190832      -788.1899594630    102002.7029850786
964000     -7372.4141742528        91.0126063569      -788.1634616791    102002.7029850786
965000     -7372.4183319612        91.0124730215      -788.1807006009    102002.7029850786
966000     -7372.4357427408        91.0117294731      -788.1833906295    102002.7029850786
967000     -7372.4533748801        91.0102868033      -788.1280784471    102002.7029850786
968000     -7372.4460726764        91.0113114506      -788.2267811119    102002.7029850786
969000     -7372.4362452847        91.0118225552      -788.2387036581    102002.7029850786
970000     -7372.4443396179        91.0111601712      -788.2038774302    102002.7029850786
971000     -7372.4430241392        91.0117765394      -788.1366615471    102002.7029850786
972000     -7372.4675114366        91.0103046183      -788.1404575817    102002.7029850786
973000     -7372.4926676102        91.0092748388      -788.1276688367    102002.7029850786
974000     -7372.4950185966        91.0099806889      -788.0530250888    102002.7029850786
975000     -7372.4893894893        91.0103381222      -787.9987624831    102002.7029850786
976000     -7372.4614974074        91.0117721621      -787.9662490074    102002.7029850786
977000     -7372.4653508482        91.0123532454      -787.9508547086    102002.7029850786
978000     -7372.4787842924        91.0108749986      -787.9138080572    102002.7029850786
979000     -7372.5005492126        91.0097139085      -787.9254164573    102002.7029850786
980000     -7372.5192227002        91.0093510820      -787.9536466317    102002.7029850786
981000     -7372.5098305875        91.0106278210      -787.9723755875    102002.7029850786
982000     -7372.5148753259        91.0109358497      -787.9308556257    102002.7029850786
983000     -7372.5183073816        91.0112242129      -787.9719644564    102002.7029850786
984000     -7372.5309763574        91.0105857461      -787.9480458681    102002.7029850786
985000     -7372.5462790004        91.0098216752      -787.9904009516    102002.7029850786
986000     -7372.5205665791        91.0127572442      -787.9729451983    102002.7029850786
987000     -7372.5280690622        91.0124197088      -788.0137701131    102002.7029850786
988000     -7372.5570129337        91.0112993263      -788.0109747609    102002.7029850786
989000     -7372.5845798328        91.0094106167      -787.9360213153    102002.7029850786
990000     -7372.5982885680        91.0084004644      -787.9492372112    102002.7029850786
991000     -7372.5950002456        91.0088270903      -787.9776269274    102002.7029850786
992000     -7372.5908073696        91.0092110097      -787.9675836218    102002.7029850786
993000     -7372.5683684441        91.0109322693      -787.9094694488    102002.7029850786
994000     -7372.5587992932        91.0114847636      -787.9525582411    102002.7029850786
995000     -7372.5427729597        91.0134904253      -787.8650870505    102002.7029850786
996000     -7372.5586077711        91.0137645713      -787.8383537829    102002.7029850786
997000     -7372.5605323155        91.0153049877      -787.9412482094    102002.7029850786
998000     -7372.5776634956        91.0151035914      -788.0015936834    102002.7029850786
999000     -7372.6141123302        91.0140956694      -788.0022034951    102002.7029850786
1000000     -7372.6005947276        91.0155934149      -788.0391974346    102002.7029850786
