# Time-averaged data for fix runningavgs
# TimeStep v_ra_etotal v_ra_temp v_ra_press v_ra_volume
502000    -10482.6035490444        90.7945537387      -464.0426173309    102002.7029850792
503000    -10486.1349735586        90.6560368900      -500.9698569439    102002.7029850792
504000    -10482.8797467763        90.8601365920      -532.1117993660    102002.7029850792
505000    -10483.3718618817        90.9279100139      -545.3082627868    102002.7029850792
506000    -10481.1475043637        90.9495818705      -540.9433423620    102002.7029850792
507000    -10480.7827697636        91.0111041543      -539.1054328956    102002.7029850792
508000    -10481.9926098532        90.9939244017      -539.1122592648    102002.7029850792
509000    -10480.7292738311        91.0494367385      -547.8092878111    102002.7029850792
510000    -10480.1150082702        91.0562411133      -564.2234853008    102002.7029850792
511000    -10480.6938296519        91.0429804522      -567.2542506368    102002.7029850792
512000    -10480.8334624869        91.0542703341      -571.8383459456    102002.7029850792
513000    -10481.5017474062        91.0411973733      -571.5050625932    102002.7029850792
514000    -10481.4512333551        91.0652251713      -573.2706418805    102002.7029850792
515000    -10480.8423955415        91.1061080719      -573.1530344658    102002.7029850792
516000    -10480.7145326337        91.1306536983      -572.2774361530    102002.7029850792
517000    -10481.1736328874        91.1106131993      -568.8314026586    102002.7029850792
518000    -10482.3983328253        91.0726770012      -569.8904009119    102002.7029850792
519000    -10482.5527003444        91.0671041578      -570.7647094353    102002.7029850792
520000    -10483.0938145682        91.0530099382      -572.9561784951    102002.7029850792
521000    -10483.7084874475        91.0378386848      -571.8168494079    102002.7029850792
522000    -10483.6993476734        91.0407381052      -572.4057341926    102002.7029850792
523000    -10483.3893346019        91.0446588815      -573.3153475919    102002.7029850792
524000    -10484.2281831153        91.0125360609      -570.3073314825    102002.7029850792
525000    -10484.2399161909        91.0096971380      -566.9472519815    102002.7029850792
526000    -10483.8296172366        91.0209170211      -563.0506135466    102002.7029850792
527000    -10483.0931664989        91.0453889721      -561.7528414834    102002.7029850792
528000    -10483.0690097053        91.0359487721      -561.8771719540    102002.7029850792
529000    -10483.0353981428        91.0381798470      -561.2446999910    102002.7029850792
530000    -10483.1917383752        91.0329594642      -562.6730271955    102002.7029850792
531000    -10483.4873385943        91.0175968191      -563.9935420507    102002.7029850792
532000    -10483.6908931898        91.0102732197      -565.0301678122    102002.7029850792
533000    -10483.8117067982        91.0088859983      -564.1787839609    102002.7029850792
534000    -10484.2538288757        90.9942370629      -564.1106299457    102002.7029850792
535000    -10484.0171672501        90.9994859678      -565.9333176851    102002.7029850792
536000    -10484.4944911270        90.9829640346      -566.9173227702    102002.7029850792
537000    -10484.7662859830        90.9690296030      -565.0723541979    102002.7029850792
538000    -10485.0326021492        90.9614272424      -566.4520746282    102002.7029850792
539000    -10485.3757084346        90.9535656275      -569.3733501443    102002.7029850791
540000    -10485.3298430033        90.9632093510      -570.5999339075    102002.7029850791
541000    -10485.6177366879        90.9616201069      -570.9293217697    102002.7029850791
542000    -10485.9392070248        90.9507852554      -573.5233502321    102002.7029850791
543000    -10486.1524349241        90.9449572620      -575.7249516120    102002.7029850791
544000    -10486.3906489433        90.9343129186      -577.9517084077    102002.7029850791
545000    -10486.3444351499        90.9382240285      -579.3129147955    102002.7029850791
546000    -10486.4955649188        90.9421287970      -580.6622785269    102002.7029850791
547000    -10486.4892370706        90.9512089216      -581.6111461516    102002.7029850791
548000    -10486.4024632205        90.9664701031      -582.6191746740    102002.7029850791
549000    -10486.6357161176        90.9607068840      -583.9819361606    102002.7029850791
550000    -10486.9755682632        90.9495458957      -584.4732478076    102002.7029850791
551000    -10486.9384649701        90.9456658964      -584.6959131234    102002.7029850791
552000    -10486.8761948163        90.9547982663      -585.6289339899    102002.7029850791
553000    -10486.8378760072        90.9630338728      -586.2610549322    102002.7029850791
554000    -10487.1447423662        90.9519351936      -586.6434389096    102002.7029850791
555000    -10487.2745792631        90.9554483315      -587.2584597845    102002.7029850791
556000    -10487.3834133517        90.9583700418      -587.4750963766    102002.7029850791
557000    -10487.3931082050        90.9633187448      -586.9476042612    102002.7029850791
558000    -10487.4126401486        90.9650621257      -586.3205360976    102002.7029850791
559000    -10487.3197674339        90.9686617889      -585.5595307454    102002.7029850791
560000    -10487.3371992817        90.9719467698      -585.0252357837    102002.7029850791
561000    -10487.6821324376        90.9609078013      -586.4929704234    102002.7029850791
562000    -10487.8196679710        90.9625848557      -588.1379247863    102002.7029850791
563000    -10487.8532369318        90.9645080086      -588.8081859283    102002.7029850791
564000    -10487.9071198471        90.9693951658      -589.0454010848    102002.7029850791
565000    -10488.0464743549        90.9666577177      -589.4566949271    102002.7029850791
566000    -10488.1102462118        90.9693761073      -590.4038655519    102002.7029850791
567000    -10488.2496296843        90.9659041682      -590.4134494992    102002.7029850791
568000    -10488.1345709622        90.9741519206      -590.7607317828    102002.7029850791
569000    -10488.2475451975        90.9729918880      -590.3054536206    102002.7029850791
570000    -10488.2821286414        90.9690733820      -590.3550349018    102002.7029850791
571000    -10488.3099115883        90.9710608339      -591.0746329403    102002.7029850791
572000    -10488.2841913094        90.9776548257      -590.9197070827    102002.7029850791
573000    -10488.3829483915        90.9746998190      -591.6454218818    102002.7029850791
574000    -10488.3817096734        90.9772254146      -592.0076680747    102002.7029850791
575000    -10488.5657216011        90.9701819224      -592.8688601671    102002.7029850791
576000    -10488.7183967507        90.9657672380      -593.7067714118    102002.7029850791
577000    -10488.7587111609        90.9686841198      -593.6554851976    102002.7029850791
578000    -10488.8503946588        90.9662900180      -594.1712369137    102002.7029850791
579000    -10488.9794368275        90.9629300169      -593.9490376759    102002.7029850791
580000    -10489.0083039424        90.9619261231      -594.3042427787    102002.7029850791
581000    -10488.9515161959        90.9639625164      -594.9234097510    102002.7029850791
582000    -10488.9647598452        90.9636860002      -594.9524624520    102002.7029850791
583000    -10488.9949240996        90.9644212341      -594.2088820884    102002.7029850791
584000    -10488.9225321923        90.9679585472      -594.3171852526    102002.7029850791
585000    -10489.0758896476        90.9600204669      -594.7228404290    102002.7029850791
586000    -10489.0636474830        90.9574545997      -594.3523522205    102002.7029850791
587000    -10489.0663002673        90.9597521973      -594.5953979149    102002.7029850791
588000    -10488.9632255887        90.9645480040      -594.3850558981    102002.7029850791
589000    -10488.8110930645        90.9692638550      -593.9465293824    102002.7029850791
590000    -10488.7916741632        90.9695532370      -594.0007551341    102002.7029850791
591000    -10488.6253420518        90.9750748974      -594.2134766702    102002.7029850792
592000    -10488.5261740485        90.9783578138      -594.4746041251    102002.7029850792
593000    -10488.3730406516        90.9824811380      -595.3172824436    102002.7029850792
594000    -10488.3561844342        90.9792248888      -595.5387153678    102002.7029850792
595000    -10488.2120924335        90.9831299673      -595.8038681988    102002.7029850792
596000    -10488.1206188767        90.9894045871      -596.6001871999    102002.7029850792
597000    -10488.0615046686        90.9921638824      -596.8740048146    102002.7029850792
598000    -10487.9796756899        90.9921509360      -596.9821351607    102002.7029850792
599000    -10488.0636271545        90.9854127152      -596.5188389596    102002.7029850792
600000    -10487.9590407587        90.9860061889      -595.8697921748    102002.7029850792
601000    -10487.7191035800        90.9943061853      -595.4697384707    102002.7029850792
602000    -10487.6759548628        90.9926677378      -595.1848100473    102002.7029850792
603000    -10487.5296493182        90.9951118937      -595.5855587852    102002.7029850792
604000    -10487.4258871324        90.9996128859      -595.7493736401    102002.7029850793
605000    -10487.2074852319        91.0038247580      -595.3423228888    102002.7029850793
606000    -10487.2048993510        91.0036270621      -594.7421495814    102002.7029850793
607000    -10487.3151449680        90.9983451189      -594.7567125738    102002.7029850793
608000    -10487.3438565060        90.9985279735      -594.8338561214    102002.7029850793
609000    -10487.4605039587        90.9936695422      -595.1687231677    102002.7029850793
610000    -10487.3718946254        90.9982978776      -595.0188617144    102002.7029850793
611000    -10487.4236207406        90.9951460649      -595.0857851936    102002.7029850793
612000    -10487.4127097743        90.9966644150      -595.2801151797    102002.7029850793
613000    -10487.3664238871        90.9992325547      -595.3250681404    102002.7029850793
614000    -10487.3846046487        90.9984580467      -595.2718324250    102002.7029850793
615000    -10487.4750966959        90.9955212569      -595.6719801314    102002.7029850793
616000    -10487.3619270993        91.0016849565      -596.1048375645    102002.7029850793
617000    -10487.3511970099        91.0018525965      -596.5175459195    102002.7029850793
618000    -10487.2606814966        91.0059879128      -596.9895355869    102002.7029850793
619000    -10487.3211926731        91.0038740206      -596.9438211198    102002.7029850793
620000    -10487.3803603644        91.0034272752      -597.2168062304    102002.7029850793
621000    -10487.4881742081        91.0002545772      -597.8104591116    102002.7029850793
622000    -10487.6013068195        90.9972580046      -598.0862892052    102002.7029850794
623000    -10487.7210311938        90.9940072793      -598.2841887987    102002.7029850794
624000    -10487.7846252131        90.9917794087      -597.9336192779    102002.7029850794
625000    -10487.7865955607        90.9927643147      -597.9562181478    102002.7029850794
626000    -10487.8095754044        90.9917836045      -598.1813230387    102002.7029850794
627000    -10487.7092836038        90.9963661983      -598.3841061285    102002.7029850794
628000    -10487.7528884739        90.9961466010      -598.5464036950    102002.7029850794
629000    -10487.7601296569        90.9953054185      -598.4728978066    102002.7029850794
630000    -10487.6520344710        91.0004473251      -598.4254204767    102002.7029850794
631000    -10487.6510084624        91.0001015191      -598.4415477975    102002.7029850794
632000    -10487.5675126741        91.0057154084      -598.6720026192    102002.7029850794
633000    -10487.5774686568        91.0067727331      -598.5543122540    102002.7029850794
634000    -10487.5840387733        91.0064574473      -598.1742372421    102002.7029850794
635000    -10487.6143455775        91.0054310828      -598.0979759492    102002.7029850794
636000    -10487.5679120732        91.0075624140      -597.6480694843    102002.7029850794
637000    -10487.6382242073        91.0059640594      -597.5473362489    102002.7029850794
638000    -10487.6180240748        91.0054401394      -597.3485091062    102002.7029850794
639000    -10487.6433494325        91.0033988367      -597.5557376238    102002.7029850794
640000    -10487.6693840357        91.0017184252      -598.0641827721    102002.7029850794
641000    -10487.7269412853        91.0007362659      -598.0442109707    102002.7029850794
642000    -10487.7614847824        91.0005851660      -597.6018983161    102002.7029850794
643000    -10487.7040806480        91.0050517545      -597.5715576435    102002.7029850794
644000    -10487.7053711805        91.0051773791      -597.5445962190    102002.7029850794
645000    -10487.7230044406        91.0057568158      -597.5005036121    102002.7029850794
646000    -10487.6778991771        91.0074690068      -597.3108290190    102002.7029850795
647000    -10487.6369545433        91.0078641765      -596.5965826617    102002.7029850795
648000    -10487.5744472383        91.0100708056      -595.7853458497    102002.7029850795
649000    -10487.5872177820        91.0088137765      -595.2576872366    102002.7029850795
650000    -10487.6543834281        91.0047702045      -594.8685923172    102002.7029850795
651000    -10487.6668300655        91.0010714552      -594.2703240263    102002.7029850795
652000    -10487.5765504987        91.0034279203      -593.6084201402    102002.7029850795
653000    -10487.5787637996        91.0013266390      -593.1929174362    102002.7029850795
654000    -10487.5314281590        91.0013543771      -592.7560782603    102002.7029850795
655000    -10487.5166192498        90.9994894008      -592.5721089413    102002.7029850795
656000    -10487.5195299663        90.9996476163      -592.3047558506    102002.7029850795
657000    -10487.5247865000        90.9989991109      -592.6155393739    102002.7029850795
658000    -10487.4599258126        91.0011568758      -592.7011347158    102002.7029850795
659000    -10487.4733934453        90.9989863543      -592.1830442387    102002.7029850795
660000    -10487.3793132579        91.0014660309      -591.8569032531    102002.7029850795
661000    -10487.3254279834        91.0005432868      -592.1077309509    102002.7029850795
662000    -10487.3064466824        90.9995811588      -592.1004611961    102002.7029850795
663000    -10487.3076834792        90.9981096216      -591.8774145796    102002.7029850795
664000    -10487.3579753099        90.9943569072      -591.8320338035    102002.7029850795
665000    -10487.2895229714        90.9955463519      -591.8259354177    102002.7029850795
666000    -10487.2291533739        90.9969936282      -591.6451314536    102002.7029850795
667000    -10487.1948332382        90.9966494603      -591.2702543235    102002.7029850795
668000    -10487.1783089299        90.9955222296      -591.1255138656    102002.7029850795
669000    -10487.1208105525        90.9979174317      -591.2765865580    102002.7029850795
670000    -10487.0690274071        90.9997399948      -591.4882802643    102002.7029850795
671000    -10487.0794907679        90.9998254463      -591.3519725067    102002.7029850795
672000    -10487.0634551805        91.0007847730      -591.1573333560    102002.7029850795
673000    -10487.1009370039        90.9997413761      -590.8747786765    102002.7029850795
674000    -10487.0696052524        91.0005952747      -590.7084709162    102002.7029850794
675000    -10487.0874695913        91.0001943940      -590.4480924447    102002.7029850794
676000    -10487.1014130201        90.9976786676      -590.4604971216    102002.7029850794
677000    -10487.0641865254        90.9999833070      -589.9874130543    102002.7029850794
678000    -10487.0887281966        90.9986581314      -589.8864038070    102002.7029850794
679000    -10487.0382191802        91.0021984231      -589.7140962007    102002.7029850794
680000    -10487.0194992412        91.0019505191      -589.3810834215    102002.7029850794
681000    -10486.9991002273        91.0018513845      -589.1771916109    102002.7029850794
682000    -10487.0527787101        91.0006975920      -589.4311989404    102002.7029850794
683000    -10487.1149430296        90.9983703929      -589.7463141658    102002.7029850794
684000    -10487.1338954393        90.9977131425      -589.9593843006    102002.7029850794
685000    -10487.1695286022        90.9968470856      -590.0002196125    102002.7029850794
686000    -10487.1761455853        90.9954074027      -590.1446529290    102002.7029850794
687000    -10487.2032060166        90.9945818978      -590.5123955380    102002.7029850794
688000    -10487.1456986385        90.9973520983      -590.9166234158    102002.7029850793
689000    -10487.1683157071        90.9949979657      -591.3590537815    102002.7029850793
690000    -10487.1475874952        90.9958588018      -591.7248820823    102002.7029850793
691000    -10487.1491152219        90.9972960151      -591.7162159341    102002.7029850793
692000    -10487.1998636055        90.9955430642      -591.8782849447    102002.7029850793
693000    -10487.1845702982        90.9963962788      -592.0629022147    102002.7029850793
694000    -10487.1283432939        91.0001892818      -592.4787865470    102002.7029850793
695000    -10487.1280377649        91.0007058419      -592.4269635251    102002.7029850793
696000    -10487.1894368015        90.9978681202      -592.4714496676    102002.7029850793
697000    -10487.2268782846        90.9979974630      -592.7235018582    102002.7029850793
698000    -10487.2376478782        90.9984962336      -592.9649508091    102002.7029850793
699000    -10487.2839776992        90.9972793247      -593.1333536937    102002.7029850793
700000    -10487.3081619041        90.9974150951      -593.1651105284    102002.7029850793
701000    -10487.3280974834        90.9964334331      -593.0802327953    102002.7029850793
702000    -10487.3601481192        90.9953322725      -593.0318229548    102002.7029850793
703000    -10487.4220059360        90.9934689742      -593.0034641637    102002.7029850793
704000    -10487.4117329974        90.9925095194      -592.6602519257    102002.7029850792
705000    -10487.4168216199        90.9919250943      -592.5690331301    102002.7029850792
706000    -10487.4423278575        90.9932722296      -592.3575695143    102002.7029850792
707000    -10487.4605022537        90.9935855659      -592.5568652457    102002.7029850792
708000    -10487.5298026461        90.9930137126      -592.8487436007    102002.7029850792
709000    -10487.5487417323        90.9926826364      -592.6337606721    102002.7029850792
710000    -10487.5539324360        90.9947339620      -592.4798558322    102002.7029850792
711000    -10487.5928943292        90.9948005301      -592.6028863266    102002.7029850792
712000    -10487.6196558535        90.9967206916      -592.7490036314    102002.7029850792
713000    -10487.6732830445        90.9966686804      -592.7879171476    102002.7029850792
714000    -10487.7121198589        90.9971766728      -593.0164608051    102002.7029850792
715000    -10487.7656638291        90.9966051622      -593.1915243284    102002.7029850792
716000    -10487.7836269701        90.9959613311      -593.0581521583    102002.7029850792
717000    -10487.7681363200        90.9984641370      -593.0508216002    102002.7029850792
718000    -10487.7932496332        90.9989537136      -593.1044337902    102002.7029850792
719000    -10487.8037796210        91.0001482935      -593.2632305744    102002.7029850792
720000    -10487.7985404873        91.0021160011      -593.2223644135    102002.7029850792
721000    -10487.8118183623        91.0037522754      -593.0838703029    102002.7029850792
722000    -10487.8029632946        91.0042394778      -592.6013849202    102002.7029850792
723000    -10487.8248685608        91.0036855816      -592.5977038256    102002.7029850792
724000    -10487.8703131138        91.0003022424      -592.6295893725    102002.7029850791
725000    -10487.8926651739        90.9995734486      -592.4542653125    102002.7029850791
726000    -10487.9223187304        90.9988646054      -592.4324692443    102002.7029850791
727000    -10487.9206254930        90.9998375548      -592.5555063444    102002.7029850791
728000    -10487.8747719557        91.0019693705      -592.4806320206    102002.7029850791
729000    -10487.8205420094        91.0044771221      -592.3482707866    102002.7029850791
730000    -10487.8186502543        91.0048438799      -592.3028103614    102002.7029850791
731000    -10487.8299495152        91.0039348051      -592.2504014320    102002.7029850791
732000    -10487.8739288137        91.0022319570      -592.1881194202    102002.7029850791
733000    -10487.9061665244        91.0001600386      -592.0796265817    102002.7029850791
734000    -10487.9387837300        90.9996719810      -592.0230257804    102002.7029850791
735000    -10487.9260796833        91.0000632137      -592.1694447161    102002.7029850791
736000    -10487.9135780940        91.0009008427      -592.3146212822    102002.7029850791
737000    -10487.9261243721        91.0021602887      -592.5596718783    102002.7029850791
738000    -10487.9920495957        91.0005839658      -592.8429622500    102002.7029850791
739000    -10487.9945741912        90.9995004735      -592.8498022394    102002.7029850791
740000    -10487.9888602155        90.9997587779      -592.7693466275    102002.7029850791
741000    -10488.0145890577        90.9994539599      -593.0224631013    102002.7029850791
742000    -10488.0620933979        90.9968986995      -593.2901304930    102002.7029850791
743000    -10488.0348635762        90.9982586523      -593.4664605881    102002.7029850791
744000    -10488.0443518922        90.9974974713      -593.5784218609    102002.7029850791
745000    -10488.0470032764        90.9976698681      -593.8143010328    102002.7029850791
746000    -10488.0569520636        90.9969699787      -594.2062578151    102002.7029850791
747000    -10488.0036097265        90.9996582010      -594.3979535234    102002.7029850791
748000    -10488.0499236434        90.9980477652      -594.8564008446    102002.7029850790
749000    -10488.0627334963        90.9977870337      -595.3072176070    102002.7029850790
750000    -10488.0739355270        90.9976406216      -595.5641454853    102002.7029850790
751000    -10488.0461568354        90.9975900103      -595.4177971296    102002.7029850790
752000    -10488.0131981940        90.9983467935      -595.3967704745    102002.7029850790
753000    -10487.9899413110        90.9982636863      -595.5334605156    102002.7029850790
754000    -10487.9661719677        90.9989573221      -595.6051681159    102002.7029850790
755000    -10487.9531199180        90.9984571599      -595.7128199464    102002.7029850790
756000    -10488.0203146218        90.9950856958      -595.8660367033    102002.7029850790
757000    -10487.9617721775        90.9976487591      -596.0994658496    102002.7029850790
758000    -10487.9364612524        90.9985083805      -596.2295052513    102002.7029850790
759000    -10487.9276618042        90.9993164335      -596.4786023236    102002.7029850790
760000    -10487.9172435016        90.9989747705      -596.5778664782    102002.7029850790
761000    -10487.8620882746        91.0002514855      -596.6171792207    102002.7029850790
762000    -10487.8545877518        90.9997739439      -596.5519191837    102002.7029850790
763000    -10487.8122823185        91.0009760363      -596.4640310167    102002.7029850790
764000    -10487.8172596731        90.9991381728      -596.3161084567    102002.7029850790
765000    -10487.8011646482        90.9982140790      -596.1092501297    102002.7029850790
766000    -10487.8173808430        90.9971981923      -596.1065068424    102002.7029850790
767000    -10487.8207067582        90.9959283142      -596.4034468097    102002.7029850790
768000    -10487.7685279251        90.9971867589      -596.3518105418    102002.7029850790
769000    -10487.7744057258        90.9956816615      -596.1623157237    102002.7029850790
770000    -10487.7326435602        90.9964274692      -596.1385927728    102002.7029850790
771000    -10487.6928388567        90.9974924133      -596.1113153138    102002.7029850790
772000    -10487.6453412497        90.9985705261      -596.3227934486    102002.7029850790
773000    -10487.7028647177        90.9956604135      -596.8731333276    102002.7029850790
774000    -10487.6984192300        90.9952003921      -597.3205363944    102002.7029850790
775000    -10487.7195626896        90.9938822403      -597.3817465811    102002.7029850790
776000    -10487.7125003001        90.9933548811      -597.5038720294    102002.7029850790
777000    -10487.7038406514        90.9944347500      -597.6274747505    102002.7029850789
778000    -10487.7267922281        90.9926458667      -597.7312302221    102002.7029850789
779000    -10487.7064891428        90.9930692181      -597.9684452333    102002.7029850789
780000    -10487.6968936181        90.9916794476      -597.9735943310    102002.7029850789
781000    -10487.6875921649        90.9912242728      -597.9374814941    102002.7029850789
782000    -10487.6748975908        90.9913900435      -598.0765764704    102002.7029850789
783000    -10487.6410088680        90.9919933411      -598.2871620175    102002.7029850789
784000    -10487.6306068991        90.9907929515      -598.6631846086    102002.7029850789
785000    -10487.6300120434        90.9906284499      -598.6705376441    102002.7029850789
786000    -10487.6008797629        90.9918483178      -598.6882766121    102002.7029850789
787000    -10487.6133423420        90.9916105027      -598.8980595746    102002.7029850789
788000    -10487.5822145741        90.9921275435      -599.1393026836    102002.7029850789
789000    -10487.6021387904        90.9900704838      -599.4116441854    102002.7029850789
790000    -10487.5834982726        90.9906775431      -599.6547228721    102002.7029850789
791000    -10487.5757483917        90.9903924720      -599.9850500781    102002.7029850789
792000    -10487.5543264519        90.9910935778      -600.3752775229    102002.7029850789
793000    -10487.5579217619        90.9899980181      -600.6637687603    102002.7029850789
794000    -10487.5176201019        90.9924726829      -600.8468832834    102002.7029850789
795000    -10487.5220563579        90.9927246829      -600.9554995179    102002.7029850789
796000    -10487.5077048157        90.9946336896      -601.2119320962    102002.7029850789
797000    -10487.5175158224        90.9955629573      -601.6087248885    102002.7029850789
798000    -10487.5233925622        90.9953681598      -601.7657638877    102002.7029850789
799000    -10487.5276367309        90.9953393308      -602.0617608107    102002.7029850789
800000    -10487.5215365819        90.9954491886      -602.2996595964    102002.7029850789
801000    -10487.5484323666        90.9942973937      -602.5707043201    102002.7029850789
802000    -10487.5261003902        90.9956368515      -602.6941584835    102002.7029850789
803000    -10487.5280658532        90.9951643570      -602.7468448364    102002.7029850789
804000    -10487.5357903928        90.9948439993      -602.9191582203    102002.7029850789
805000    -10487.5555481344        90.9948062084      -603.2542742395    102002.7029850789
806000    -10487.5846840903        90.9942881070      -603.7429381792    102002.7029850789
807000    -10487.6190834640        90.9934286807      -603.9468944694    102002.7029850789
808000    -10487.6526111845        90.9922537788      -604.0065401615    102002.7029850789
809000    -10487.6611803410        90.9918714759      -604.2126194499    102002.7029850789
810000    -10487.6883545280        90.9909493988      -604.7008470821    102002.7029850789
811000    -10487.6998567864        90.9913749315      -605.1799545573    102002.7029850789
812000    -10487.7422204973        90.9906728792      -605.5920475447    102002.7029850789
813000    -10487.7729754936        90.9906487050      -605.8380991794    102002.7029850789
814000    -10487.7853335142        90.9915515762      -606.0126041423    102002.7029850789
815000    -10487.7939228110        90.9916066926      -606.2189752901    102002.7029850788
816000    -10487.8230682092        90.9911346375      -606.6251426355    102002.7029850788
817000    -10487.8704914292        90.9912176870      -606.9065383052    102002.7029850788
818000    -10487.8806955891        90.9916840687      -607.2108382959    102002.7029850788
819000    -10487.9017677032        90.9918378299      -607.3417386744    102002.7029850788
820000    -10487.9281128785        90.9920656716      -607.3595907340    102002.7029850788
821000    -10487.9096773284        90.9938218054      -607.5763111440    102002.7029850788
822000    -10487.9486080414        90.9926109131      -607.9626727503    102002.7029850788
823000    -10487.9251476076        90.9944334976      -608.2492287403    102002.7029850788
824000    -10487.9538601830        90.9940432489      -608.6007493682    102002.7029850788
825000    -10487.9909134277        90.9934295367      -608.7128026781    102002.7029850788
826000    -10488.0390356812        90.9928688561      -608.7584613309    102002.7029850788
827000    -10488.0445506004        90.9930136824      -608.7876221346    102002.7029850788
828000    -10488.0596552593        90.9932531136      -609.0044650104    102002.7029850788
829000    -10488.1018878902        90.9918075202      -609.1798301987    102002.7029850788
830000    -10488.0994124334        90.9927767264      -609.3512384547    102002.7029850788
831000    -10488.1313884960        90.9925014993      -609.3737791881    102002.7029850788
832000    -10488.1022116840        90.9936385939      -609.4205909338    102002.7029850788
833000    -10488.1648930554        90.9915938373      -609.7667190919    102002.7029850788
834000    -10488.1719740125        90.9916534398      -609.9313080660    102002.7029850788
835000    -10488.1883021050        90.9906425816      -610.0226164268    102002.7029850788
836000    -10488.2136218417        90.9892805944      -610.1796228749    102002.7029850788
837000    -10488.1905287129        90.9902424743      -610.2489023782    102002.7029850788
838000    -10488.2053362716        90.9895714137      -610.4474268380    102002.7029850788
839000    -10488.1980444936        90.9895878713      -610.6279975657    102002.7029850788
840000    -10488.1460085205        90.9926998939      -610.4710858816    102002.7029850788
841000    -10488.1505722870        90.9930795277      -610.3758537127    102002.7029850788
842000    -10488.1467572448        90.9931068641      -610.2849709499    102002.7029850788
843000    -10488.1212293136        90.9941990303      -610.1490426475    102002.7029850788
844000    -10488.1027879277        90.9949435059      -610.2970952926    102002.7029850788
845000    -10488.1001343525        90.9952830332      -610.4581448656    102002.7029850788
846000    -10488.0957698080        90.9958821375      -610.7650683012    102002.7029850788
847000    -10488.0922209294        90.9960162099      -611.0065916201    102002.7029850788
848000    -10488.0716324355        90.9975974740      -611.0673183970    102002.7029850788
849000    -10488.0562514619        90.9984459431      -611.0932378726    102002.7029850788
850000    -10488.0422506542        91.0000500151      -611.2211014593    102002.7029850788
851000    -10488.0386850433        91.0004173836      -611.3515088449    102002.7029850788
852000    -10488.0365303936        90.9999399305      -611.3776173984    102002.7029850788
853000    -10488.0579421170        90.9982327206      -611.2964821436    102002.7029850788
854000    -10488.0616297860        90.9987850374      -611.2181321930    102002.7029850788
855000    -10488.0699300327        90.9984265229      -611.2956680355    102002.7029850788
856000    -10488.0417164822        90.9990880362      -611.5698689798    102002.7029850788
857000    -10488.0447510876        90.9990638458      -611.7081309073    102002.7029850788
858000    -10488.0618166412        90.9973870177      -611.8087923023    102002.7029850788
859000    -10488.0811181120        90.9962640110      -611.7355566267    102002.7029850788
860000    -10488.0985152166        90.9958768402      -611.8100714409    102002.7029850788
861000    -10488.1407498737        90.9943675070      -611.8629909253    102002.7029850788
862000    -10488.1684397906        90.9935709009      -611.8798145249    102002.7029850788
863000    -10488.1674730366        90.9935095492      -611.9280250028    102002.7029850788
864000    -10488.1816281610        90.9935081420      -612.0369900652    102002.7029850788
865000    -10488.2014217600        90.9929495973      -611.9283146423    102002.7029850788
866000    -10488.1646693954        90.9950267872      -611.8673674279    102002.7029850788
867000    -10488.1707156810        90.9953298079      -611.9878279471    102002.7029850788
868000    -10488.2023773094        90.9947598573      -612.1480640973    102002.7029850788
869000    -10488.2323446108        90.9936769599      -612.3250462361    102002.7029850788
870000    -10488.2467487156        90.9937122430      -612.4912316269    102002.7029850787
871000    -10488.2571210101        90.9935638625      -612.5403428441    102002.7029850787
872000    -10488.2874383121        90.9925578963      -612.6571606738    102002.7029850787
873000    -10488.2730319678        90.9939092624      -612.7428147676    102002.7029850787
874000    -10488.2553529809        90.9953991894      -612.9436038270    102002.7029850787
875000    -10488.2852115836        90.9944656973      -613.2027478682    102002.7029850787
876000    -10488.2935863018        90.9951096798      -613.3426538808    102002.7029850787
877000    -10488.3130251433        90.9956583187      -613.5462741511    102002.7029850787
878000    -10488.3579408951        90.9945018229      -613.7238054534    102002.7029850787
879000    -10488.3919525335        90.9934995756      -613.8148662319    102002.7029850787
880000    -10488.4208845539        90.9935041645      -614.0557120420    102002.7029850787
881000    -10488.4359979917        90.9928244912      -614.1529213036    102002.7029850787
882000    -10488.4677748569        90.9920592297      -614.3730151661    102002.7029850787
883000    -10488.4606479206        90.9932302886      -614.4361855731    102002.7029850787
884000    -10488.4771757533        90.9927799616      -614.5400060814    102002.7029850787
885000    -10488.4633242834        90.9932357441      -614.3739760494    102002.7029850787
886000    -10488.4651632741        90.9936793273      -614.3943111226    102002.7029850787
887000    -10488.4852020602        90.9927805897      -614.4803770207    102002.7029850787
888000    -10488.5012580016        90.9920873573      -614.6497984582    102002.7029850787
889000    -10488.5184391250        90.9919614028      -614.8245043643    102002.7029850787
890000    -10488.5597071887        90.9907495869      -614.8952768252    102002.7029850787
891000    -10488.5674924812        90.9912736232      -615.0627495282    102002.7029850787
892000    -10488.5812963634        90.9911122676      -615.2535545077    102002.7029850787
893000    -10488.5769829146        90.9920255984      -615.2341976809    102002.7029850787
894000    -10488.5724950424        90.9922374437      -615.2050898011    102002.7029850787
895000    -10488.5887827646        90.9928220678      -615.3082182452    102002.7029850787
896000    -10488.5830820757        90.9931757260      -615.3139304946    102002.7029850787
897000    -10488.5909125656        90.9937739123      -615.2523659684    102002.7029850787
898000    -10488.6099088555        90.9934152795      -615.3108594657    102002.7029850787
899000    -10488.6148868210        90.9941785128      -615.4851264956    102002.7029850787
900000    -10488.6319665138        90.9941224142      -615.7515320290    102002.7029850787
901000    -10488.6621157530        90.9938487359      -615.9128416508    102002.7029850787
902000    -10488.6906674845        90.9931091981      -615.8825816498    102002.7029850787
903000    -10488.6915697699        90.9939132575      -615.9610121391    102002.7029850787
904000    -10488.7186941217        90.9927542795      -616.0280025844    102002.7029850787
905000    -10488.7174385397        90.9940216528      -616.0472855672    102002.7029850787
906000    -10488.7139039141        90.9946032648      -616.0428158349    102002.7029850787
907000    -10488.7338189881        90.9938755171      -615.9933816123    102002.7029850787
908000    -10488.7297052830        90.9937896865      -615.9147270393    102002.7029850787
909000    -10488.7163415687        90.9947914678      -615.9693339012    102002.7029850787
910000    -10488.7106269007        90.9961149017      -616.0986284661    102002.7029850787
911000    -10488.7157433533        90.9959679400      -616.3278284049    102002.7029850787
912000    -10488.7365990931        90.9953306165      -616.5265515127    102002.7029850787
913000    -10488.7293400463        90.9964459880      -616.7288958013    102002.7029850787
914000    -10488.7440758019        90.9958076110      -616.8218807026    102002.7029850787
915000    -10488.7794614326        90.9951536912      -616.9387885312    102002.7029850787
916000    -10488.8248866125        90.9939511931      -617.1235983782    102002.7029850787
917000    -10488.8677505915        90.9934093856      -617.3523815722    102002.7029850787
918000    -10488.8882875016        90.9935935831      -617.6758570825    102002.7029850787
919000    -10488.8790936306        90.9944820251      -617.7189504082    102002.7029850787
920000    -10488.8633325353        90.9960075150      -617.7973434927    102002.7029850787
921000    -10488.8659077294        90.9963816815      -617.8254310361    102002.7029850787
922000    -10488.8461550477        90.9982923040      -617.8916189095    102002.7029850787
923000    -10488.8506777779        90.9988756485      -617.9745256869    102002.7029850787
924000    -10488.8605351799        90.9982785651      -617.9286316055    102002.7029850787
925000    -10488.8531784622        90.9986804212      -618.0217723537    102002.7029850787
926000    -10488.8846148649        90.9975130283      -618.2432510401    102002.7029850787
927000    -10488.8947327504        90.9973625069      -618.3123037152    102002.7029850786
928000    -10488.9026676185        90.9978467013      -618.4156874140    102002.7029850786
929000    -10488.9272010091        90.9970984769      -618.3745718188    102002.7029850786
930000    -10488.9212063089        90.9976995282      -618.4269835216    102002.7029850786
931000    -10488.9687462330        90.9963093834      -618.4455560475    102002.7029850786
932000    -10488.9584894445        90.9971007331      -618.5652117792    102002.7029850786
933000    -10488.9711314329        90.9975736844      -618.6108753598    102002.7029850786
934000    -10489.0166748240        90.9963265800      -618.7359861043    102002.7029850786
935000    -10489.0347680769        90.9954017921      -618.8239619274    102002.7029850786
936000    -10489.0594339732        90.9947772164      -618.9593021864    102002.7029850786
937000    -10489.0539421644        90.9944649572      -618.9977012962    102002.7029850786
938000    -10489.0644455893        90.9948215543      -619.3046795867    102002.7029850786
939000    -10489.0443740134        90.9957072817      -619.5391538491    102002.7029850786
940000    -10489.0793562391        90.9941763776      -619.6180339328    102002.7029850786
941000    -10489.1010191300        90.9938601050      -619.7060742343    102002.7029850786
942000    -10489.1294674997        90.9938016038      -619.7955323247    102002.7029850786
943000    -10489.1601545473        90.9935835598      -619.9478206362    102002.7029850786
944000    -10489.1581609491        90.9946165768      -619.9847172716    102002.7029850786
945000    -10489.1669512212        90.9946826198      -620.1026842246    102002.7029850786
946000    -10489.1800558417        90.9942512181      -620.1832230056    102002.7029850786
947000    -10489.1763937481        90.9945924190      -620.1971596201    102002.7029850786
948000    -10489.1983712417        90.9943319974      -620.2594241504    102002.7029850786
949000    -10489.1867190059        90.9953711590      -620.4368146867    102002.7029850786
950000    -10489.1924576500        90.9955249049      -620.5940067362    102002.7029850786
951000    -10489.1680738883        90.9962807681      -620.6950430041    102002.7029850786
952000    -10489.1529166458        90.9971821828      -620.9643898361    102002.7029850786
953000    -10489.1584593746        90.9973194444      -621.1961311748    102002.7029850786
954000    -10489.1724751465        90.9967110681      -621.2872736347    102002.7029850786
955000    -10489.1597388536        90.9973229609      -621.3907861457    102002.7029850786
956000    -10489.1527148740        90.9972165788      -621.5868452414    102002.7029850786
957000    -10489.1465081924        90.9980030016      -621.8550084782    102002.7029850786
958000    -10489.1657651695        90.9972846626      -622.2858940666    102002.7029850786
959000    -10489.1705760394        90.9966697831      -622.4899785583    102002.7029850786
960000    -10489.1985435002        90.9955580978      -622.7085801380    102002.7029850786
961000    -10489.2106300150        90.9955167581      -622.8734444448    102002.7029850786
962000    -10489.2368572138        90.9949952895      -623.0593156127    102002.7029850786
963000    -10489.2416483338        90.9953612235      -623.2418395668    102002.7029850786
964000    -10489.2483477054        90.9955933404      -623.4394059387    102002.7029850786
965000    -10489.2648948249        90.9954250964      -623.6308877069    102002.7029850786
966000    -10489.3023680590        90.9939553696      -623.8763325410    102002.7029850786
967000    -10489.3164065431        90.9941488959      -624.0151666334    102002.7029850786
968000    -10489.3557953025        90.9926536581      -624.1355716276    102002.7029850786
969000    -10489.3687687929        90.9925446453      -624.2351711910    102002.7029850786
970000    -10489.3790344385        90.9926404336      -624.2595602779    102002.7029850786
971000    -10489.3766808029        90.9929570066      -624.3056272624    102002.7029850786
972000    -10489.3785826062        90.9932397692      -624.4094922008    102002.7029850786
973000    -10489.3925698240        90.9928958381      -624.5191855630    102002.7029850786
974000    -10489.4152383776        90.9927423549      -624.6321791192    102002.7029850786
975000    -10489.4158381584        90.9932260701      -624.7600841491    102002.7029850786
976000    -10489.4373731515        90.9934130469      -624.8761813410    102002.7029850786
977000    -10489.4372590539        90.9942489108      -624.9706282086    102002.7029850786
978000    -10489.4406088546        90.9944632281      -625.0699858487    102002.7029850786
979000    -10489.4568882387        90.9941698642      -625.1419819421    102002.7029850786
980000    -10489.4465849389        90.9952923114      -625.1991345074    102002.7029850786
981000    -10489.4732931828        90.9939573681      -625.2883015609    102002.7029850786
982000    -10489.4957297135        90.9936557463      -625.3283189530    102002.7029850786
983000    -10489.5015305788        90.9933636219      -625.2296144155    102002.7029850786
984000    -10489.5255426006        90.9924523107      -625.2256429824    102002.7029850786
985000    -10489.5088683626        90.9938741690      -625.2621311060    102002.7029850786
986000    -10489.4964378084        90.9942859834      -625.2120786937    102002.7029850786
987000    -10489.5027296076        90.9947989617      -625.1498918451    102002.7029850786
988000    -10489.4918094597        90.9950684815      -625.1419448191    102002.7029850786
989000    -10489.5077556842        90.9941933219      -625.1116073447    102002.7029850786
990000    -10489.4967604425        90.9941392623      -624.9860660585    102002.7029850786
991000    -10489.5203955835        90.9931334649      -624.9789846121    102002.7029850786
992000    -10489.5473754253        90.9922349720      -625.0858388269    102002.7029850786
993000    -10489.5550637760        90.9919249516      -625.1872116319    102002.7029850786
994000    -10489.5559724584        90.9917993543      -625.1705812748    102002.7029850786
995000    -10489.5989034924        90.9905116412      -625.2425302570    102002.7029850786
996000    -10489.6186038609        90.9905094731      -625.2332609828    102002.7029850786
997000    -10489.6290166096        90.9911229333      -625.3143656384    102002.7029850786
998000    -10489.6366922051        90.9915457942      -625.4971542904    102002.7029850786
999000    -10489.6482264469        90.9917609072      -625.6707331946    102002.7029850786
1000000    -10489.6724165280        90.9906781603      -625.7378501227    102002.7029850786
