# Time-averaged data for fix runningavgs
# TimeStep v_ra_etotal v_ra_temp v_ra_press v_ra_volume
502000     -8662.8974297196       130.0356682274      -991.7585107371    102002.7029850792
503000     -8663.3443703300       129.9367082273      -998.3380559504    102002.7029850792
504000     -8661.7092708600       130.0499911344     -1010.6602046903    102002.7029850792
505000     -8661.2216600320       130.2300194646     -1004.8898131000    102002.7029850792
506000     -8669.2126447854       130.0210681765      -981.5673246419    102002.7029850792
507000     -8673.1546500879       130.0034078749      -971.6990130308    102002.7029850792
508000     -8676.7497784531       129.8517776267      -970.0641275028    102002.7029850792
509000     -8676.7208816053       129.8533383720      -972.3889987825    102002.7029850792
510000     -8674.6374174972       130.0069041283      -970.6691942476    102002.7029850792
511000     -8675.9903267914       129.9826241509      -972.5986489047    102002.7029850792
512000     -8678.3447022940       129.9653974531      -973.3669949927    102002.7029850792
513000     -8679.4474390723       129.9649992143      -978.9442256212    102002.7029850792
514000     -8679.1288082449       129.9846384872      -986.9762921206    102002.7029850792
515000     -8679.5134757285       129.9820004229      -988.8206237929    102002.7029850792
516000     -8679.6868234818       129.9745319715      -987.2648100213    102002.7029850792
517000     -8680.4537279198       129.9416763866      -989.1888519459    102002.7029850792
518000     -8680.0441456653       130.0112179281      -988.7496401029    102002.7029850792
519000     -8680.9742439518       130.0285079989      -986.4987465938    102002.7029850792
520000     -8681.7978897696       130.0357900505      -983.3919625665    102002.7029850792
521000     -8682.7532427327       130.0341429017      -980.4649733998    102002.7029850792
522000     -8684.0746236044       130.0405363232      -978.7997938887    102002.7029850792
523000     -8685.2023860859       130.0204386351      -978.8474235875    102002.7029850792
524000     -8685.7175621187       130.0397253417      -980.6742413342    102002.7029850792
525000     -8685.3316127452       130.0487006476      -981.0066091335    102002.7029850792
526000     -8686.0108312850       130.0039033550      -981.1330305330    102002.7029850792
527000     -8685.8417293541       130.0087508630      -983.8083245681    102002.7029850792
528000     -8685.6476713810       130.0037817374      -985.0747946678    102002.7029850792
529000     -8685.0467590522       130.0126949118      -985.3147623084    102002.7029850792
530000     -8684.3800074765       130.0351044061      -986.3740309112    102002.7029850792
531000     -8683.9546710179       130.0307650750      -988.6081343943    102002.7029850792
532000     -8684.0196127896       130.0331055603      -987.4605668037    102002.7029850792
533000     -8684.0201446314       130.0394069524      -986.0213777536    102002.7029850792
534000     -8684.2589542849       130.0389523865      -985.7818977681    102002.7029850792
535000     -8684.2768687743       130.0498647763      -985.0693907760    102002.7029850792
536000     -8684.4853646613       130.0445578284      -983.4655677416    102002.7029850792
537000     -8684.4465202572       130.0495326406      -982.2281452588    102002.7029850792
538000     -8684.3416400955       130.0528527242      -981.4677056455    102002.7029850792
539000     -8684.4264033583       130.0532124885      -979.6210747521    102002.7029850791
540000     -8684.5137110603       130.0477620657      -979.3179488575    102002.7029850791
541000     -8684.2538720137       130.0692073488      -979.6871812830    102002.7029850791
542000     -8684.5693331835       130.0707149381      -979.5857916265    102002.7029850791
543000     -8684.1585294321       130.0885476086      -978.2841748084    102002.7029850791
544000     -8684.2405059547       130.0850302976      -976.7147623686    102002.7029850791
545000     -8683.9188742210       130.0971502989      -976.4340841782    102002.7029850791
546000     -8684.1968465367       130.0791837088      -976.6795150439    102002.7029850791
547000     -8684.2635442050       130.0934316565      -975.7244075072    102002.7029850791
548000     -8684.3130421187       130.1043586055      -977.1047168922    102002.7029850791
549000     -8684.1098941455       130.1124041600      -976.5057174962    102002.7029850791
550000     -8684.5098241354       130.0953637330      -975.7435295765    102002.7029850791
551000     -8684.6182210578       130.0907330228      -973.9957214344    102002.7029850791
552000     -8684.6299485793       130.0800985844      -973.4138838143    102002.7029850791
553000     -8684.4313714844       130.0847911074      -973.3319257207    102002.7029850791
554000     -8684.5064379549       130.0830119490      -973.4826641217    102002.7029850791
555000     -8684.5476260395       130.0958795257      -973.7359972332    102002.7029850791
556000     -8684.6383512313       130.1046122158      -972.7981151424    102002.7029850791
557000     -8684.4641937068       130.1196512745      -973.0992692464    102002.7029850791
558000     -8684.2860464562       130.1225011339      -973.2237146419    102002.7029850791
559000     -8684.0527494823       130.1372149065      -972.7722131976    102002.7029850791
560000     -8684.2174823320       130.1232311209      -972.5891746361    102002.7029850791
561000     -8684.2932794167       130.1187664759      -973.2234230507    102002.7029850791
562000     -8684.4516094325       130.1057361658      -973.6180079849    102002.7029850791
563000     -8684.5368632803       130.1056069081      -973.1991002392    102002.7029850791
564000     -8684.8195243032       130.0951555383      -972.1054856828    102002.7029850791
565000     -8684.6085017837       130.0999367652      -971.0529978794    102002.7029850791
566000     -8684.3895755324       130.1065498989      -970.6701058055    102002.7029850791
567000     -8684.3723176390       130.1147585428      -970.1634976204    102002.7029850791
568000     -8684.2178936539       130.1168736882      -969.1867251657    102002.7029850791
569000     -8684.3031473838       130.1134333051      -968.5057122774    102002.7029850791
570000     -8684.3612323399       130.1193312706      -968.6619046821    102002.7029850791
571000     -8684.5228409982       130.1060250017      -968.5630743533    102002.7029850791
572000     -8684.5347008009       130.1106527680      -969.3764584587    102002.7029850791
573000     -8684.7305513679       130.1077210790      -969.4310348998    102002.7029850791
574000     -8684.5683740089       130.1156379933      -968.9732133083    102002.7029850791
575000     -8684.4266267691       130.1172655896      -968.9762116706    102002.7029850791
576000     -8683.9404392011       130.1294937911      -968.8096319516    102002.7029850791
577000     -8683.8404086775       130.1237705223      -970.2622283334    102002.7029850791
578000     -8683.5593752006       130.1233728435      -970.3990519992    102002.7029850791
579000     -8683.4943454718       130.1202368126      -970.7127077805    102002.7029850791
580000     -8683.5858895496       130.1180760149      -970.6862664490    102002.7029850791
581000     -8683.6111531369       130.1166130337      -970.5435476979    102002.7029850791
582000     -8683.5578543666       130.1166533912      -971.0271751894    102002.7029850791
583000     -8683.4620402533       130.1137456385      -970.7347440211    102002.7029850791
584000     -8683.3420154019       130.1144364877      -970.6974389523    102002.7029850791
585000     -8683.4868952697       130.1085554917      -971.3516856316    102002.7029850791
586000     -8683.5584553558       130.0989497488      -971.3459500865    102002.7029850791
587000     -8683.5050563918       130.0969765103      -970.1338188683    102002.7029850791
588000     -8683.3758181004       130.1022865867      -970.0443726476    102002.7029850791
589000     -8683.3264790501       130.1038741162      -970.4516269957    102002.7029850791
590000     -8683.3262589742       130.1094112508      -970.5277690706    102002.7029850791
591000     -8683.4582379393       130.1067664161      -970.6315201849    102002.7029850792
592000     -8683.4718709770       130.0979704593      -971.2659204955    102002.7029850792
593000     -8683.3238886873       130.1004584315      -971.4138590226    102002.7029850792
594000     -8683.3733267709       130.0963397614      -971.4605980560    102002.7029850792
595000     -8683.1605919623       130.1104150881      -971.2291414004    102002.7029850792
596000     -8683.2023525008       130.1066624469      -971.5172276043    102002.7029850792
597000     -8683.0182640022       130.1145277678      -971.7819301214    102002.7029850792
598000     -8682.9876305254       130.1152772878      -971.9034473481    102002.7029850792
599000     -8683.0261655788       130.1108191270      -971.6044167148    102002.7029850792
600000     -8683.1097707399       130.1093036234      -971.7088792164    102002.7029850792
601000     -8683.2745727916       130.1068279444      -972.4022273322    102002.7029850792
602000     -8683.2751617111       130.1093684837      -972.8449583311    102002.7029850792
603000     -8683.3841005726       130.1092105586      -972.6769781851    102002.7029850792
604000     -8683.5307728827       130.1008024127      -972.9465011546    102002.7029850793
605000     -8683.3581745215       130.1083071868      -972.7397253495    102002.7029850793
606000     -8683.2990544295       130.1065371159      -972.7765390814    102002.7029850793
607000     -8683.1641207695       130.1079352540      -973.4685393431    102002.7029850793
608000     -8683.0031141452       130.1127732529      -974.0345891387    102002.7029850793
609000     -8682.9789045738       130.1115377096      -974.9598608085    102002.7029850793
610000     -8682.8241539890       130.1199867417      -975.7367870942    102002.7029850793
611000     -8682.7313842250       130.1244065472      -975.9501850714    102002.7029850793
612000     -8682.7042010453       130.1278526014      -975.4424335716    102002.7029850793
613000     -8682.5593623098       130.1284612978      -975.6044453447    102002.7029850793
614000     -8682.5137008558       130.1268096895      -975.4844460314    102002.7029850793
615000     -8682.3394207290       130.1358142497      -974.9683222509    102002.7029850793
616000     -8682.3540900404       130.1375960782      -975.1060220527    102002.7029850793
617000     -8682.4493790868       130.1315265566      -974.9073961547    102002.7029850793
618000     -8682.3427922201       130.1347017237      -974.8022892349    102002.7029850793
619000     -8682.2739584677       130.1359168116      -974.7791587842    102002.7029850793
620000     -8682.2563687819       130.1397715839      -974.7994023019    102002.7029850793
621000     -8682.3516238595       130.1397186912      -974.8719200693    102002.7029850793
622000     -8682.4935207296       130.1330215177      -974.4341562249    102002.7029850794
623000     -8682.4958531428       130.1372572497      -973.8705534522    102002.7029850794
624000     -8682.4075920981       130.1439463198      -974.0484487064    102002.7029850794
625000     -8682.3009101038       130.1462642618      -974.0281282809    102002.7029850794
626000     -8682.2129246467       130.1501822752      -974.1710246102    102002.7029850794
627000     -8682.2837880254       130.1490826626      -974.0053001943    102002.7029850794
628000     -8682.3535652936       130.1490387477      -974.4085042207    102002.7029850794
629000     -8682.4585228970       130.1451288199      -974.5157447661    102002.7029850794
630000     -8682.4803914112       130.1478308824      -974.9841302111    102002.7029850794
631000     -8682.4295503094       130.1471216396      -975.2565822994    102002.7029850794
632000     -8682.4363506028       130.1494957929      -974.8795348800    102002.7029850794
633000     -8682.3993288071       130.1517876790      -974.5736406122    102002.7029850794
634000     -8682.3346920755       130.1549817199      -974.8849863889    102002.7029850794
635000     -8682.2903464676       130.1590526418      -974.2521549161    102002.7029850794
636000     -8682.3180180556       130.1598798143      -973.9341249766    102002.7029850794
637000     -8682.2928825393       130.1608664112      -973.6489093092    102002.7029850794
638000     -8682.2553756048       130.1606962657      -973.5797750355    102002.7029850794
639000     -8682.2188335256       130.1648112650      -973.6750820608    102002.7029850794
640000     -8682.2427063064       130.1632962488      -973.9031714452    102002.7029850794
641000     -8682.4255692005       130.1559933084      -973.9781303962    102002.7029850794
642000     -8682.6303160020       130.1511523066      -973.3524569622    102002.7029850794
643000     -8682.7071854927       130.1509119037      -973.0561969969    102002.7029850794
644000     -8682.7986232322       130.1505578368      -973.1870285873    102002.7029850794
645000     -8682.9522113956       130.1493492907      -972.8387004312    102002.7029850794
646000     -8682.9672166621       130.1550337461      -971.9190101921    102002.7029850795
647000     -8683.1166880785       130.1536167317      -971.1559534907    102002.7029850795
648000     -8683.2327888813       130.1512868872      -970.7755999432    102002.7029850795
649000     -8683.1935737946       130.1553068095      -970.8282924108    102002.7029850795
650000     -8683.2604810948       130.1565041144      -971.0376831933    102002.7029850795
651000     -8683.1449130699       130.1640975790      -971.0194732932    102002.7029850795
652000     -8683.0992760378       130.1628231574      -970.9009501400    102002.7029850795
653000     -8683.0652429719       130.1588240560      -970.6789868075    102002.7029850795
654000     -8683.1211242395       130.1588663802      -970.2555574985    102002.7029850795
655000     -8683.1638027418       130.1554580579      -970.2488844080    102002.7029850795
656000     -8683.3161720522       130.1480795311      -970.3681690410    102002.7029850795
657000     -8683.3601966786       130.1474846255      -970.3375656137    102002.7029850795
658000     -8683.2963006707       130.1483825478      -970.2251508458    102002.7029850795
659000     -8683.3394972179       130.1456505987      -970.4954914645    102002.7029850795
660000     -8683.2832661127       130.1469043965      -970.7249224439    102002.7029850795
661000     -8683.2829712095       130.1459243694      -970.4439236837    102002.7029850795
662000     -8683.2817787848       130.1456379445      -970.3282081665    102002.7029850795
663000     -8683.2670869182       130.1441157839      -969.9803365976    102002.7029850795
664000     -8683.2828092869       130.1389173920      -970.1091883096    102002.7029850795
665000     -8683.2328603690       130.1385790625      -970.2160646783    102002.7029850795
666000     -8683.1638552131       130.1401291471      -970.3609104247    102002.7029850795
667000     -8683.1385788110       130.1404417493      -970.6801683090    102002.7029850795
668000     -8683.0941868880       130.1404336618      -970.3539394936    102002.7029850795
669000     -8683.1208761880       130.1394381340      -970.3510712283    102002.7029850795
670000     -8683.1561891236       130.1426379432      -970.0985305512    102002.7029850795
671000     -8683.1528848367       130.1419671358      -969.9583432973    102002.7029850795
672000     -8683.1381526199       130.1403506166      -969.7934237417    102002.7029850795
673000     -8683.1294872868       130.1429185988      -969.2932891424    102002.7029850795
674000     -8683.1519405755       130.1430392300      -969.2183344547    102002.7029850794
675000     -8683.1761652545       130.1463520086      -968.7397253309    102002.7029850794
676000     -8683.1897613328       130.1435382081      -968.9416624504    102002.7029850794
677000     -8683.2124637400       130.1465611239      -969.1997117236    102002.7029850794
678000     -8683.2392113845       130.1476054440      -969.2377458991    102002.7029850794
679000     -8683.2453039527       130.1501542135      -969.2692668172    102002.7029850794
680000     -8683.2399226166       130.1535334032      -969.0549882319    102002.7029850794
681000     -8683.4599036894       130.1484145766      -968.5174631832    102002.7029850794
682000     -8683.6208035958       130.1475683546      -968.0534752899    102002.7029850794
683000     -8683.6367683315       130.1495368577      -967.9779500192    102002.7029850794
684000     -8683.6183657297       130.1494637270      -968.0831990363    102002.7029850794
685000     -8683.6016472513       130.1492165343      -968.0528362659    102002.7029850794
686000     -8683.6904609530       130.1456769603      -967.8650490300    102002.7029850794
687000     -8683.6841352332       130.1436898218      -968.2439608580    102002.7029850794
688000     -8683.6462521611       130.1451006255      -968.2054226616    102002.7029850793
689000     -8683.6009970226       130.1470677718      -968.3432244125    102002.7029850793
690000     -8683.5473851461       130.1497638112      -968.3342964097    102002.7029850793
691000     -8683.5697717734       130.1490474707      -968.4174517176    102002.7029850793
692000     -8683.5351149549       130.1520344325      -968.1289974141    102002.7029850793
693000     -8683.5990070762       130.1505311312      -968.4553068653    102002.7029850793
694000     -8683.5448839106       130.1523842409      -969.0435277865    102002.7029850793
695000     -8683.4822556836       130.1520775785      -969.3689776246    102002.7029850793
696000     -8683.4644128425       130.1526789381      -969.5673268074    102002.7029850793
697000     -8683.4430443389       130.1515734458      -970.4417558405    102002.7029850793
698000     -8683.4790048494       130.1479096154      -970.7923604203    102002.7029850793
699000     -8683.5039883246       130.1457841518      -971.0397020631    102002.7029850793
700000     -8683.5833387779       130.1422990172      -971.1803030085    102002.7029850793
701000     -8683.6512864078       130.1421423088      -971.0340296238    102002.7029850793
702000     -8683.8540996270       130.1377293607      -970.9962407368    102002.7029850793
703000     -8683.9265945681       130.1384691518      -970.9372194139    102002.7029850793
704000     -8683.9876492973       130.1366071315      -970.9838059640    102002.7029850792
705000     -8684.0502065749       130.1386586659      -971.2032104066    102002.7029850792
706000     -8684.1553502664       130.1370636480      -970.8164926170    102002.7029850792
707000     -8684.2115894974       130.1342205375      -970.8107255640    102002.7029850792
708000     -8684.2908410076       130.1282198786      -970.6224856044    102002.7029850792
709000     -8684.2617051782       130.1272304103      -970.6944179043    102002.7029850792
710000     -8684.1336592232       130.1301936171      -970.7811147774    102002.7029850792
711000     -8684.1419739821       130.1289782572      -970.8726612284    102002.7029850792
712000     -8684.1481892839       130.1299707423      -971.0308978515    102002.7029850792
713000     -8684.1804657528       130.1275852428      -971.0130680842    102002.7029850792
714000     -8684.1725531657       130.1315954124      -971.0496634125    102002.7029850792
715000     -8684.1337419082       130.1328022430      -971.1697387901    102002.7029850792
716000     -8684.0969553733       130.1353335526      -971.0810358993    102002.7029850792
717000     -8684.1447460576       130.1322406658      -971.0453174488    102002.7029850792
718000     -8684.1243327267       130.1316177240      -971.0721918441    102002.7029850792
719000     -8684.1110494070       130.1312226021      -971.0353739487    102002.7029850792
720000     -8684.1049012635       130.1297968120      -970.7485686185    102002.7029850792
721000     -8684.1095758823       130.1277630475      -970.5336755803    102002.7029850792
722000     -8684.1658515874       130.1256158832      -970.1883124995    102002.7029850792
723000     -8684.2107195464       130.1250073573      -970.1191724437    102002.7029850792
724000     -8684.2658403466       130.1228313740      -970.0028587600    102002.7029850791
725000     -8684.3349324423       130.1206931510      -970.1377196254    102002.7029850791
726000     -8684.4709303421       130.1169027971      -969.9256625108    102002.7029850791
727000     -8684.4709329503       130.1187183555      -969.7781378252    102002.7029850791
728000     -8684.4870309646       130.1170195343      -969.5318903589    102002.7029850791
729000     -8684.5829632346       130.1139525543      -969.3858749338    102002.7029850791
730000     -8684.6267719372       130.1113310911      -969.1624765403    102002.7029850791
731000     -8684.5875584898       130.1127078842      -969.1591028197    102002.7029850791
732000     -8684.6359596182       130.1101395722      -969.1062109184    102002.7029850791
733000     -8684.6682983354       130.1077210381      -969.0735621736    102002.7029850791
734000     -8684.7150505704       130.1055718348      -968.9707040854    102002.7029850791
735000     -8684.7787625349       130.1032948115      -968.8259538563    102002.7029850791
736000     -8684.8387205369       130.1046882632      -968.8943441596    102002.7029850791
737000     -8684.7640845099       130.1072382148      -968.9110518633    102002.7029850791
738000     -8684.7429515125       130.1084060096      -969.0910793252    102002.7029850791
739000     -8684.7912686393       130.1051218496      -968.7793896256    102002.7029850791
740000     -8684.7688920233       130.1065866139      -968.7541798827    102002.7029850791
741000     -8684.8044290329       130.1057349678      -968.5494467160    102002.7029850791
742000     -8684.8672074116       130.1019475266      -968.4203340842    102002.7029850791
743000     -8684.8788634309       130.1018701855      -968.7192395112    102002.7029850791
744000     -8684.8571087871       130.1033986693      -968.6902237343    102002.7029850791
745000     -8684.7791990940       130.1065100602      -968.6949258629    102002.7029850791
746000     -8684.7978365246       130.1058532895      -968.6404012462    102002.7029850791
747000     -8684.8366925513       130.1044228364      -968.4963752007    102002.7029850791
748000     -8684.8098447883       130.1060357850      -968.3113952187    102002.7029850790
749000     -8684.7795492104       130.1074683324      -968.1778410157    102002.7029850790
750000     -8684.8546233617       130.1044673000      -968.2737953292    102002.7029850790
751000     -8684.8671015399       130.1041643278      -968.2082459679    102002.7029850790
752000     -8684.8837967454       130.1048771868      -968.0959697698    102002.7029850790
753000     -8684.8836431748       130.1032869956      -968.2036047804    102002.7029850790
754000     -8684.8149691824       130.1044237417      -968.4379822019    102002.7029850790
755000     -8684.8219984962       130.1023442982      -968.6404907833    102002.7029850790
756000     -8684.8300376403       130.1007068219      -968.7327827611    102002.7029850790
757000     -8684.7694296490       130.1008682262      -968.8004676922    102002.7029850790
758000     -8684.7542883788       130.0993671406      -968.9224629433    102002.7029850790
759000     -8684.7252996192       130.1000262771      -968.9320769103    102002.7029850790
760000     -8684.6440606581       130.1026632560      -969.0815838378    102002.7029850790
761000     -8684.6127596515       130.1015659667      -969.3218829568    102002.7029850790
762000     -8684.6160891309       130.0988326026      -969.1557762565    102002.7029850790
763000     -8684.6516556903       130.0963423544      -969.1597491187    102002.7029850790
764000     -8684.7152743201       130.0940390427      -969.0891912525    102002.7029850790
765000     -8684.8111531195       130.0915118888      -969.0167766576    102002.7029850790
766000     -8684.8985150988       130.0901954444      -968.8161517260    102002.7029850790
767000     -8684.9594422374       130.0864982814      -968.7243383050    102002.7029850790
768000     -8684.9916932223       130.0839974657      -968.8503226082    102002.7029850790
769000     -8685.0486637924       130.0825997501      -968.7852840927    102002.7029850790
770000     -8685.0982194668       130.0788836450      -968.7448317350    102002.7029850790
771000     -8685.0578480973       130.0779157400      -968.9778715744    102002.7029850790
772000     -8684.9679505921       130.0798425322      -969.1321808949    102002.7029850790
773000     -8684.8940265956       130.0827157845      -969.1558730926    102002.7029850790
774000     -8684.8914191275       130.0813444037      -969.0359910779    102002.7029850790
775000     -8684.8832644220       130.0800737416      -968.8900670864    102002.7029850790
776000     -8684.8327318671       130.0831626197      -968.8493416033    102002.7029850790
777000     -8684.7639348258       130.0854288969      -968.7383130960    102002.7029850789
778000     -8684.7358825732       130.0862629697      -968.7268852844    102002.7029850789
779000     -8684.7366612065       130.0856916203      -968.7106177308    102002.7029850789
780000     -8684.7665404792       130.0852014993      -968.5550397662    102002.7029850789
781000     -8684.7332735818       130.0880376925      -968.4215640602    102002.7029850789
782000     -8684.7042466040       130.0892652264      -968.1032287518    102002.7029850789
783000     -8684.7352110101       130.0891469545      -967.8926917035    102002.7029850789
784000     -8684.7224673117       130.0910875183      -967.6345445386    102002.7029850789
785000     -8684.7071077713       130.0924437208      -967.7201375034    102002.7029850789
786000     -8684.6752660279       130.0932616548      -967.6423446917    102002.7029850789
787000     -8684.7412296057       130.0904712259      -967.5763879235    102002.7029850789
788000     -8684.7579011426       130.0928961792      -967.3042751917    102002.7029850789
789000     -8684.8209425785       130.0923417391      -967.1283356514    102002.7029850789
790000     -8684.8829645292       130.0923809466      -967.1860582825    102002.7029850789
791000     -8684.8691720634       130.0944241147      -967.1670934858    102002.7029850789
792000     -8684.7920902442       130.0947916445      -967.3890827148    102002.7029850789
793000     -8684.7205755461       130.0967279008      -967.4074833590    102002.7029850789
794000     -8684.6774382853       130.0976611029      -967.5306709219    102002.7029850789
795000     -8684.6385826893       130.0989363575      -967.7296605072    102002.7029850789
796000     -8684.6225358607       130.0974338078      -967.8487499332    102002.7029850789
797000     -8684.6092260347       130.0960745934      -967.8800060575    102002.7029850789
798000     -8684.6330746160       130.0929704248      -967.9547309033    102002.7029850789
799000     -8684.6477910762       130.0911285751      -968.1052436228    102002.7029850789
800000     -8684.6562825542       130.0901376612      -968.2156313538    102002.7029850789
801000     -8684.6353575213       130.0900825501      -968.4208944898    102002.7029850789
802000     -8684.6390341114       130.0883097332      -968.5636443608    102002.7029850789
803000     -8684.5986107425       130.0885309903      -968.6329091342    102002.7029850789
804000     -8684.6265957700       130.0863780290      -968.6436677723    102002.7029850789
805000     -8684.6391049002       130.0858134192      -968.4382546575    102002.7029850789
806000     -8684.6801390914       130.0838318512      -968.1296197177    102002.7029850789
807000     -8684.6740136131       130.0845011729      -967.9148754447    102002.7029850789
808000     -8684.6832221568       130.0836857171      -967.8200663685    102002.7029850789
809000     -8684.6795443538       130.0821199532      -967.8061658480    102002.7029850789
810000     -8684.6316526534       130.0842244180      -967.8250936883    102002.7029850789
811000     -8684.6705377824       130.0822663304      -967.8553293458    102002.7029850789
812000     -8684.6539306251       130.0813609452      -967.8642679177    102002.7029850789
813000     -8684.6368571413       130.0815965990      -967.8740834099    102002.7029850789
814000     -8684.6848722275       130.0800518156      -967.8024816293    102002.7029850789
815000     -8684.7226012035       130.0817584491      -967.7396899749    102002.7029850788
816000     -8684.6690243569       130.0850555888      -967.6333951084    102002.7029850788
817000     -8684.7221805790       130.0845876626      -967.6671589208    102002.7029850788
818000     -8684.8239541278       130.0814344458      -967.4539981676    102002.7029850788
819000     -8684.8197351874       130.0834382824      -967.3319308757    102002.7029850788
820000     -8684.8062214190       130.0851536592      -967.1089207541    102002.7029850788
821000     -8684.8353581312       130.0847100548      -967.2818443283    102002.7029850788
822000     -8684.8463095595       130.0864850176      -967.2330897992    102002.7029850788
823000     -8684.8583688665       130.0858550124      -967.2463018964    102002.7029850788
824000     -8684.8592067247       130.0877120640      -967.0320014376    102002.7029850788
825000     -8684.8791170237       130.0860515286      -966.9569666416    102002.7029850788
826000     -8684.8921151458       130.0862777252      -967.0046319158    102002.7029850788
827000     -8684.8725909406       130.0878328397      -967.0206447049    102002.7029850788
828000     -8684.8753560501       130.0877145826      -966.8908052979    102002.7029850788
829000     -8684.8999643426       130.0874775352      -966.8457399915    102002.7029850788
830000     -8684.8827265259       130.0897227514      -966.7257983840    102002.7029850788
831000     -8684.8832157617       130.0904980049      -967.0343962579    102002.7029850788
832000     -8684.8798637297       130.0909772757      -966.9719595844    102002.7029850788
833000     -8684.9283841844       130.0898053679      -966.9981467947    102002.7029850788
834000     -8684.9535894833       130.0890843757      -966.9486984774    102002.7029850788
835000     -8685.0084123759       130.0884447515      -966.7290854127    102002.7029850788
836000     -8685.0714514360       130.0860986165      -966.6749722354    102002.7029850788
837000     -8685.0676564942       130.0858217998      -966.5142059394    102002.7029850788
838000     -8685.0927660157       130.0859556182      -966.4387005574    102002.7029850788
839000     -8685.1519107519       130.0845203861      -966.2292285527    102002.7029850788
840000     -8685.2160895764       130.0824846008      -965.9752943244    102002.7029850788
841000     -8685.2187821466       130.0819565322      -965.8132563371    102002.7029850788
842000     -8685.2592987104       130.0781395773      -966.1471648322    102002.7029850788
843000     -8685.2388699894       130.0777072230      -966.2874056245    102002.7029850788
844000     -8685.2889832454       130.0767198243      -966.1683304686    102002.7029850788
845000     -8685.3431993456       130.0744938385      -966.1945522644    102002.7029850788
846000     -8685.3773223601       130.0724869876      -966.0520644813    102002.7029850788
847000     -8685.3815702019       130.0740432959      -965.9527521817    102002.7029850788
848000     -8685.3651377438       130.0741095077      -966.0185259425    102002.7029850788
849000     -8685.4175717908       130.0727037303      -966.2495427681    102002.7029850788
850000     -8685.4698746613       130.0719098366      -966.2221397214    102002.7029850788
851000     -8685.5563253336       130.0721204021      -966.1484158712    102002.7029850788
852000     -8685.6111574373       130.0724591233      -965.8317774293    102002.7029850788
853000     -8685.5899640004       130.0732156596      -965.8138167693    102002.7029850788
854000     -8685.5412170136       130.0736370366      -965.6517111909    102002.7029850788
855000     -8685.5555249761       130.0728405751      -965.7388641904    102002.7029850788
856000     -8685.5211348415       130.0742339836      -965.6555236901    102002.7029850788
857000     -8685.5067772693       130.0731045657      -965.4419093080    102002.7029850788
858000     -8685.4972008106       130.0742280379      -965.5192877897    102002.7029850788
859000     -8685.5096480489       130.0736524906      -965.5250754751    102002.7029850788
860000     -8685.5291138865       130.0716539471      -965.5177498712    102002.7029850788
861000     -8685.5459447774       130.0694918383      -965.5078077357    102002.7029850788
862000     -8685.5449039426       130.0682803463      -965.5042333352    102002.7029850788
863000     -8685.5361313322       130.0690393854      -965.5487230604    102002.7029850788
864000     -8685.5335315785       130.0702395426      -965.5593688345    102002.7029850788
865000     -8685.5550771018       130.0691708174      -965.5728421223    102002.7029850788
866000     -8685.5936976355       130.0671630303      -965.4963268114    102002.7029850788
867000     -8685.5744330733       130.0679183010      -965.4146479134    102002.7029850788
868000     -8685.6031566248       130.0671094916      -965.3418066747    102002.7029850788
869000     -8685.5880314945       130.0672601937      -965.2482552229    102002.7029850788
870000     -8685.5734224863       130.0677863893      -965.2656875835    102002.7029850787
871000     -8685.5776758891       130.0669168418      -965.1846439541    102002.7029850787
872000     -8685.6541582441       130.0643061589      -965.0750975710    102002.7029850787
873000     -8685.7282332704       130.0647993242      -964.9343134324    102002.7029850787
874000     -8685.7632065175       130.0636476133      -964.8345495431    102002.7029850787
875000     -8685.8300927970       130.0628348643      -964.7110989897    102002.7029850787
876000     -8685.8853895197       130.0619556249      -964.6292662042    102002.7029850787
877000     -8685.9148179888       130.0591848326      -964.5241719411    102002.7029850787
878000     -8685.8572077860       130.0624608460      -964.3648366247    102002.7029850787
879000     -8685.8803209898       130.0613640334      -964.4101817774    102002.7029850787
880000     -8685.8887105504       130.0622624807      -964.4712383024    102002.7029850787
881000     -8685.9019894969       130.0605103847      -964.5705014060    102002.7029850787
882000     -8685.9081890276       130.0602032156      -964.7371706761    102002.7029850787
883000     -8685.8915780664       130.0609072669      -964.9134139645    102002.7029850787
884000     -8685.9358441170       130.0594269721      -964.9832710126    102002.7029850787
885000     -8685.9739130194       130.0575698227      -965.0613476500    102002.7029850787
886000     -8685.9360971593       130.0570923858      -965.2867767890    102002.7029850787
887000     -8685.8570286398       130.0585591895      -965.3976113652    102002.7029850787
888000     -8685.8387252823       130.0570998155      -965.4310079938    102002.7029850787
889000     -8685.7710773432       130.0577975598      -965.5903040276    102002.7029850787
890000     -8685.7324807493       130.0573440499      -965.5874504218    102002.7029850787
891000     -8685.6834995158       130.0565283851      -965.5803548517    102002.7029850787
892000     -8685.7080649348       130.0539249442      -965.4738151852    102002.7029850787
893000     -8685.7171021377       130.0528509507      -965.2912574812    102002.7029850787
894000     -8685.6940378355       130.0543533679      -965.1432783774    102002.7029850787
895000     -8685.7317043587       130.0534704041      -965.1273592570    102002.7029850787
896000     -8685.7873912260       130.0514817137      -964.9972944212    102002.7029850787
897000     -8685.7638949486       130.0525627873      -964.9298363873    102002.7029850787
898000     -8685.7751855788       130.0525783851      -964.7977638424    102002.7029850787
899000     -8685.7642294938       130.0532805660      -964.7722116072    102002.7029850787
900000     -8685.7502562487       130.0547213541      -964.6880846839    102002.7029850787
901000     -8685.7723342991       130.0547065836      -964.3648445220    102002.7029850787
902000     -8685.7526664201       130.0557050193      -964.3742145741    102002.7029850787
903000     -8685.7270384185       130.0563873075      -964.4708827177    102002.7029850787
904000     -8685.7349050905       130.0546328806      -964.6343820747    102002.7029850787
905000     -8685.7104502862       130.0566147914      -964.5808017767    102002.7029850787
906000     -8685.7281788633       130.0577110383      -964.4939842896    102002.7029850787
907000     -8685.7360745735       130.0584369501      -964.4839877386    102002.7029850787
908000     -8685.7233064639       130.0587424628      -964.3804665151    102002.7029850787
909000     -8685.7502756521       130.0573045706      -964.3847596678    102002.7029850787
910000     -8685.7498732930       130.0572735268      -964.4235367104    102002.7029850787
911000     -8685.7465667292       130.0572453191      -964.5092825506    102002.7029850787
912000     -8685.7564893995       130.0575366652      -964.4633052401    102002.7029850787
913000     -8685.7582678276       130.0568536508      -964.4974556560    102002.7029850787
914000     -8685.7997288546       130.0553112202      -964.4604091015    102002.7029850787
915000     -8685.8064935629       130.0572793588      -964.3150490107    102002.7029850787
916000     -8685.8349137745       130.0570264313      -964.3520185981    102002.7029850787
917000     -8685.9142781359       130.0564452581      -964.1836678999    102002.7029850787
918000     -8685.9350858693       130.0581536966      -963.9569911484    102002.7029850787
919000     -8685.9764886612       130.0580543182      -963.9975030776    102002.7029850787
920000     -8686.0443234162       130.0557904054      -963.9594747789    102002.7029850787
921000     -8686.0929223996       130.0556632774      -964.0885295226    102002.7029850787
922000     -8686.1226611136       130.0557750589      -964.2226540374    102002.7029850787
923000     -8686.1135224790       130.0570837896      -964.1670544641    102002.7029850787
924000     -8686.1260954067       130.0561449161      -964.0959299400    102002.7029850787
925000     -8686.1157386765       130.0553216287      -964.2063969555    102002.7029850787
926000     -8686.0789177369       130.0562081422      -964.2407418725    102002.7029850787
927000     -8686.0895465118       130.0533214661      -964.2903514977    102002.7029850786
928000     -8686.0875207986       130.0523316064      -964.2701987040    102002.7029850786
929000     -8686.0716747834       130.0497141127      -964.3029899323    102002.7029850786
930000     -8686.0437424325       130.0496750462      -964.3260803039    102002.7029850786
931000     -8686.0180567972       130.0494605669      -964.3636937274    102002.7029850786
932000     -8686.0156876935       130.0483243879      -964.5059936785    102002.7029850786
933000     -8686.0225539119       130.0486284704      -964.5342485159    102002.7029850786
934000     -8686.0438641269       130.0482588701      -964.3701519719    102002.7029850786
935000     -8686.1101978149       130.0460395995      -964.2537278022    102002.7029850786
936000     -8686.1526788521       130.0455570326      -964.0690245968    102002.7029850786
937000     -8686.1642409749       130.0457399668      -964.0031280817    102002.7029850786
938000     -8686.1430285548       130.0469266883      -963.9671458832    102002.7029850786
939000     -8686.1286458667       130.0487354642      -963.9155596309    102002.7029850786
940000     -8686.1067861405       130.0495771285      -963.9468558901    102002.7029850786
941000     -8686.1329943011       130.0484325939      -963.8500550073    102002.7029850786
942000     -8686.1599804024       130.0480675116      -963.6939968258    102002.7029850786
943000     -8686.1866480615       130.0471661583      -963.6041126044    102002.7029850786
944000     -8686.1994554546       130.0485551209      -963.5761691433    102002.7029850786
945000     -8686.2042244409       130.0499734728      -963.6711485398    102002.7029850786
946000     -8686.2354185859       130.0498139186      -963.7111450561    102002.7029850786
947000     -8686.3015979568       130.0492368313      -963.5447813468    102002.7029850786
948000     -8686.3831117752       130.0477953539      -963.4042807231    102002.7029850786
949000     -8686.3580873454       130.0491874652      -963.3450383124    102002.7029850786
950000     -8686.3076128349       130.0502444232      -963.2931284237    102002.7029850786
951000     -8686.2809711241       130.0503127095      -963.2031135283    102002.7029850786
952000     -8686.2762814848       130.0503544080      -963.2902061389    102002.7029850786
953000     -8686.2390366402       130.0511012328      -963.4651299615    102002.7029850786
954000     -8686.2204254311       130.0511991467      -963.4732035353    102002.7029850786
955000     -8686.2552301979       130.0500646923      -963.4365822595    102002.7029850786
956000     -8686.2531024863       130.0494149369      -963.5080405736    102002.7029850786
957000     -8686.2413880749       130.0492335101      -963.5941113142    102002.7029850786
958000     -8686.2476539164       130.0479596719      -963.7290667774    102002.7029850786
959000     -8686.2076451000       130.0489240887      -963.5657446159    102002.7029850786
960000     -8686.2055833823       130.0507060870      -963.4191486036    102002.7029850786
961000     -8686.2376917585       130.0504193269      -963.3478750545    102002.7029850786
962000     -8686.2666120986       130.0498773855      -963.1894880899    102002.7029850786
963000     -8686.2558175962       130.0506967183      -963.0810784085    102002.7029850786
964000     -8686.2614563500       130.0504832748      -963.1108635262    102002.7029850786
965000     -8686.2771420042       130.0500786430      -963.2273325654    102002.7029850786
966000     -8686.2755826468       130.0486957541      -963.2494512143    102002.7029850786
967000     -8686.2409883011       130.0502231417      -963.1842114175    102002.7029850786
968000     -8686.2728931232       130.0497671355      -963.1018360121    102002.7029850786
969000     -8686.2966304850       130.0515458309      -963.1178027840    102002.7029850786
970000     -8686.3191496643       130.0524889742      -963.1022039196    102002.7029850786
971000     -8686.3328075370       130.0523549944      -963.0394827752    102002.7029850786
972000     -8686.3151158376       130.0537485044      -963.0694836932    102002.7029850786
973000     -8686.3161133461       130.0546614170      -963.0615783416    102002.7029850786
974000     -8686.3155017108       130.0556391145      -962.9643891386    102002.7029850786
975000     -8686.3276889666       130.0560647128      -962.9217660411    102002.7029850786
976000     -8686.3383363016       130.0573143528      -962.8708988129    102002.7029850786
977000     -8686.3485479553       130.0582091449      -962.9348912284    102002.7029850786
978000     -8686.3501896225       130.0590149981      -962.8155049170    102002.7029850786
979000     -8686.3694177269       130.0575780477      -962.9309331083    102002.7029850786
980000     -8686.3461382842       130.0588492926      -962.8384667568    102002.7029850786
981000     -8686.3396575080       130.0590187988      -962.8216613917    102002.7029850786
982000     -8686.3064276443       130.0605762933      -962.7840479347    102002.7029850786
983000     -8686.2551051141       130.0614717027      -962.8446355332    102002.7029850786
984000     -8686.2531344912       130.0599788875      -962.9800687427    102002.7029850786
985000     -8686.2300450376       130.0598511649      -963.0340780852    102002.7029850786
986000     -8686.1810794933       130.0608452376      -962.9700789101    102002.7029850786
987000     -8686.1687960330       130.0612445937      -962.9660341853    102002.7029850786
988000     -8686.1715192906       130.0608052291      -962.9176611806    102002.7029850786
989000     -8686.1746838693       130.0613817225      -962.9072080100    102002.7029850786
990000     -8686.1968626363       130.0593427434      -962.8627255982    102002.7029850786
991000     -8686.1758874517       130.0595737566      -962.9051030690    102002.7029850786
992000     -8686.1507099259       130.0612868191      -962.8971620023    102002.7029850786
993000     -8686.1280300343       130.0606678458      -963.1437049086    102002.7029850786
994000     -8686.0905075366       130.0621499619      -963.1575710641    102002.7029850786
995000     -8686.0475341626       130.0635551606      -963.1353474085    102002.7029850786
996000     -8686.0178856461       130.0645424329      -963.1073374106    102002.7029850786
997000     -8686.0141262872       130.0650455868      -963.0256868225    102002.7029850786
998000     -8686.0177484868       130.0650997811      -962.9049054400    102002.7029850786
999000     -8685.9858557124       130.0647410675      -962.9061794949    102002.7029850786
1000000     -8685.9481210037       130.0646029251      -962.7920641256    102002.7029850786
