# Time-averaged data for fix runningavgs
# TimeStep v_ra_etotal v_ra_temp v_ra_press v_ra_volume
502000     -9640.9038740724       130.3163635810       -97.7361749081    102002.7029850792
503000     -9639.9847255781       130.2758803978      -153.4700402895    102002.7029850792
504000     -9640.8567166410       130.2017618385      -121.9527438930    102002.7029850792
505000     -9645.3180883764       130.0239522389       -97.4403211585    102002.7029850792
506000     -9645.4596470773       130.0109461045       -88.3329838014    102002.7029850792
507000     -9645.3469338385       130.0306929355       -82.1341374244    102002.7029850792
508000     -9646.8717023180       129.9208582603       -71.1952494454    102002.7029850792
509000     -9645.7095146197       129.9339741446       -57.9315633249    102002.7029850792
510000     -9644.2424906350       130.0191619766       -56.1874664018    102002.7029850792
511000     -9643.6124689079       130.0451790806       -51.0523365999    102002.7029850792
512000     -9644.4167897641       129.9697867300       -46.9242765036    102002.7029850792
513000     -9643.4652862759       129.9634546556       -38.8230429848    102002.7029850792
514000     -9643.3689608668       129.9133895757       -32.5175759025    102002.7029850792
515000     -9643.1959075417       129.9199129213       -33.0624533807    102002.7029850792
516000     -9642.7504928159       129.9518266992       -34.4228041729    102002.7029850792
517000     -9643.2575850087       129.9425614729       -32.5891106593    102002.7029850792
518000     -9643.2214164264       129.9362941387       -34.6479344580    102002.7029850792
519000     -9643.4738727275       129.9465601252       -34.7197116870    102002.7029850792
520000     -9644.6178689289       129.8961314625       -34.0978478042    102002.7029850792
521000     -9643.6799239831       129.9379992889       -34.2411260654    102002.7029850792
522000     -9643.5413057799       129.9691665165       -34.3646899037    102002.7029850792
523000     -9642.6612402972       130.0094133367       -32.7261680898    102002.7029850792
524000     -9641.9157977979       130.0459292588       -33.0384494051    102002.7029850792
525000     -9641.5157467744       130.0619210377       -37.5960637341    102002.7029850792
526000     -9641.4270265229       130.0778148972       -38.8340561192    102002.7029850792
527000     -9642.2793745415       130.0587091193       -41.5214472118    102002.7029850792
528000     -9641.8725241131       130.0848715920       -41.4322141488    102002.7029850792
529000     -9641.6582616525       130.0978762340       -40.9595222144    102002.7029850792
530000     -9641.7118079460       130.0690819222       -40.0489065635    102002.7029850792
531000     -9641.8861408931       130.0406402468       -43.9501101692    102002.7029850792
532000     -9641.5970960846       130.0331104390       -44.0932738703    102002.7029850792
533000     -9641.7840108815       130.0280005266       -44.3176414973    102002.7029850792
534000     -9641.8538077245       130.0272398184       -43.3538031501    102002.7029850792
535000     -9642.0164022582       130.0237547835       -42.5220505349    102002.7029850792
536000     -9642.2505849884       130.0287564058       -42.1984575588    102002.7029850792
537000     -9642.1812281679       130.0298454721       -41.9916609290    102002.7029850792
538000     -9641.9000737575       130.0451200941       -42.5186798735    102002.7029850792
539000     -9641.9191588608       130.0503313387       -44.0327431800    102002.7029850791
540000     -9641.7924572195       130.0567771621       -45.7507186685    102002.7029850791
541000     -9642.1621734303       130.0385222156       -48.6479296029    102002.7029850791
542000     -9642.4036566833       130.0277588474       -48.5538623555    102002.7029850791
543000     -9642.6437409678       130.0234689596       -49.2556931212    102002.7029850791
544000     -9642.1874189572       130.0346812012       -50.8996794500    102002.7029850791
545000     -9642.3399415825       130.0294159807       -51.7727858931    102002.7029850791
546000     -9641.8535852814       130.0561299604       -51.4133371791    102002.7029850791
547000     -9642.0433684177       130.0469228471       -51.7182709294    102002.7029850791
548000     -9641.9938756703       130.0491106428       -50.4417437478    102002.7029850791
549000     -9641.9219476628       130.0555255977       -49.8511688147    102002.7029850791
550000     -9641.7901669313       130.0591025447       -48.8005219692    102002.7029850791
551000     -9641.5268158490       130.0677996650       -47.7086840656    102002.7029850791
552000     -9641.4589992244       130.0633444987       -47.7822687445    102002.7029850791
553000     -9641.6480539732       130.0571107978       -48.1962885937    102002.7029850791
554000     -9641.7083548927       130.0524985992       -50.8651140820    102002.7029850791
555000     -9641.8119543722       130.0431158039       -52.2723415080    102002.7029850791
556000     -9642.0354955789       130.0317399530       -51.8704820743    102002.7029850791
557000     -9642.2807481518       130.0131938972       -51.9858350641    102002.7029850791
558000     -9642.0793512817       130.0244041403       -52.0570105250    102002.7029850791
559000     -9642.0641610077       130.0197886932       -52.4640160747    102002.7029850791
560000     -9642.3166280520       130.0088893695       -53.7237753856    102002.7029850791
561000     -9642.2810444713       130.0100659575       -53.5297758497    102002.7029850791
562000     -9642.1891394332       130.0125186432       -52.6578441523    102002.7029850791
563000     -9642.2912997305       130.0046432196       -52.6658103021    102002.7029850791
564000     -9641.9448116631       130.0176315689       -51.6737440137    102002.7029850791
565000     -9641.9295701024       130.0172458099       -51.6217437526    102002.7029850791
566000     -9642.2157017283       129.9991833646       -51.6696580573    102002.7029850791
567000     -9642.2520785679       129.9962849443       -50.8532036767    102002.7029850791
568000     -9642.4918311372       129.9850508230       -51.0944162528    102002.7029850791
569000     -9642.6803375430       129.9780263232       -51.9795880231    102002.7029850791
570000     -9642.5065602809       129.9841101419       -52.7130008303    102002.7029850791
571000     -9642.4146154263       129.9881437481       -52.5112939942    102002.7029850791
572000     -9642.2670209358       129.9969861130       -52.1620950564    102002.7029850791
573000     -9642.1839178814       130.0031089092       -52.3728524542    102002.7029850791
574000     -9642.2543994138       129.9928591068       -51.9389654236    102002.7029850791
575000     -9642.2942678110       129.9888220161       -52.7907528430    102002.7029850791
576000     -9642.2168531773       129.9835946340       -52.8359702409    102002.7029850791
577000     -9642.1895363270       129.9800275739       -53.1117880070    102002.7029850791
578000     -9642.2252417614       129.9756615565       -53.4386021051    102002.7029850791
579000     -9642.3054503866       129.9739137671       -54.6937005334    102002.7029850791
580000     -9642.1309815639       129.9757766711       -56.0175652787    102002.7029850791
581000     -9642.0627758551       129.9754657982       -56.9193434990    102002.7029850791
582000     -9641.9413934344       129.9796479616       -57.5933506987    102002.7029850791
583000     -9641.7777381894       129.9826160197       -57.6293639055    102002.7029850791
584000     -9641.5620108675       129.9894270626       -57.5876912750    102002.7029850791
585000     -9641.3295296216       129.9916168390       -56.8965357756    102002.7029850791
586000     -9641.1030555360       129.9962956870       -56.6681484210    102002.7029850791
587000     -9640.9513104740       130.0017059241       -56.3784252134    102002.7029850791
588000     -9641.1119690178       129.9922566263       -56.6799953431    102002.7029850791
589000     -9641.1567166348       129.9852992389       -56.5131536611    102002.7029850791
590000     -9641.0832494287       129.9888100926       -56.7856129490    102002.7029850791
591000     -9641.0850795934       129.9927563076       -56.8937449674    102002.7029850792
592000     -9641.2025864461       129.9902514974       -56.5776504254    102002.7029850792
593000     -9641.3411520490       129.9874484431       -56.4224094421    102002.7029850792
594000     -9641.3389945499       129.9886077679       -55.6864025114    102002.7029850792
595000     -9641.2892105582       129.9913284507       -54.3897430707    102002.7029850792
596000     -9641.2186293028       129.9978601418       -53.5860072745    102002.7029850792
597000     -9641.3201075855       129.9910901488       -53.3482012123    102002.7029850792
598000     -9641.2944782528       129.9891649656       -52.6828571583    102002.7029850792
599000     -9641.3317450996       129.9849130152       -52.1827324032    102002.7029850792
600000     -9641.3751457402       129.9826712931       -51.7086146978    102002.7029850792
601000     -9641.4378645150       129.9805937204       -51.6849489038    102002.7029850792
602000     -9641.4781039616       129.9816266443       -50.8499705732    102002.7029850792
603000     -9641.4350715911       129.9859240102       -50.3006874838    102002.7029850792
604000     -9641.3131184705       129.9911451995       -49.5880517995    102002.7029850793
605000     -9641.1855174006       129.9952449653       -49.4050140249    102002.7029850793
606000     -9641.1210520612       129.9960826144       -49.8246838764    102002.7029850793
607000     -9641.1940911908       129.9931679815       -49.8867706262    102002.7029850793
608000     -9641.3862763736       129.9867811778       -50.1208093156    102002.7029850793
609000     -9641.4739293282       129.9827216758       -49.8577241180    102002.7029850793
610000     -9641.4549352174       129.9824246774       -50.0438433287    102002.7029850793
611000     -9641.4666575943       129.9872667197       -49.9593015336    102002.7029850793
612000     -9641.5201331849       129.9877151920       -50.4872595264    102002.7029850793
613000     -9641.4824415614       129.9916765202       -50.5100063738    102002.7029850793
614000     -9641.5206991548       129.9960320087       -50.7628091887    102002.7029850793
615000     -9641.5135423896       129.9997153743       -51.3338479089    102002.7029850793
616000     -9641.5432779744       130.0012799811       -51.3806432429    102002.7029850793
617000     -9641.5429805067       130.0039081126       -51.4955819989    102002.7029850793
618000     -9641.5531845540       130.0048129689       -51.8296022839    102002.7029850793
619000     -9641.6183703722       130.0006253651       -51.7600218631    102002.7029850793
620000     -9641.4755329490       130.0057803279       -51.2375675339    102002.7029850793
621000     -9641.3725244576       130.0117596252       -51.3022381486    102002.7029850793
622000     -9641.2847189672       130.0143467180       -51.2305369260    102002.7029850794
623000     -9641.1578843007       130.0227546614       -51.0276889906    102002.7029850794
624000     -9641.1808250579       130.0246299375       -50.7924102164    102002.7029850794
625000     -9641.2831908290       130.0179618243       -51.6646789294    102002.7029850794
626000     -9641.3438338419       130.0187227932       -52.1575209867    102002.7029850794
627000     -9641.4449639815       130.0193088308       -53.1400372109    102002.7029850794
628000     -9641.4959017874       130.0216967874       -53.3330526484    102002.7029850794
629000     -9641.5134938278       130.0199110557       -53.0493771028    102002.7029850794
630000     -9641.6108847329       130.0175202360       -52.7034183409    102002.7029850794
631000     -9641.4532124209       130.0252642172       -52.1914304205    102002.7029850794
632000     -9641.5283904317       130.0181297928       -52.1295782603    102002.7029850794
633000     -9641.5395895711       130.0175001472       -52.1459565355    102002.7029850794
634000     -9641.4532257898       130.0244308823       -52.1927615986    102002.7029850794
635000     -9641.4982903084       130.0241412568       -52.1102854472    102002.7029850794
636000     -9641.6097859889       130.0201466963       -52.0234635106    102002.7029850794
637000     -9641.7173922761       130.0160602768       -52.2179891984    102002.7029850794
638000     -9641.8868281248       130.0109303464       -52.7415186696    102002.7029850794
639000     -9641.8298029599       130.0151039182       -52.9704350631    102002.7029850794
640000     -9642.0224705138       130.0116316470       -53.3417442256    102002.7029850794
641000     -9642.1377772744       130.0075145203       -53.6319825912    102002.7029850794
642000     -9642.1985674630       130.0024901539       -54.1680337133    102002.7029850794
643000     -9642.1571660338       130.0064096004       -54.9048553001    102002.7029850794
644000     -9642.1652475702       130.0057843747       -55.0377499244    102002.7029850794
645000     -9642.1495786374       130.0074739513       -55.0286146228    102002.7029850794
646000     -9642.1077872778       130.0079621072       -54.2340903272    102002.7029850795
647000     -9642.2083277790       130.0032813384       -54.2110988672    102002.7029850795
648000     -9642.1669802623       130.0043524750       -53.9943650270    102002.7029850795
649000     -9642.1189518827       130.0053214010       -53.6196626275    102002.7029850795
650000     -9642.1777699586       130.0057713605       -53.7789003377    102002.7029850795
651000     -9642.1815823936       130.0073177387       -54.4478341296    102002.7029850795
652000     -9642.2314721954       130.0037263314       -54.8866446780    102002.7029850795
653000     -9642.4046053654       129.9965281415       -54.9052529938    102002.7029850795
654000     -9642.4516440330       129.9944605848       -54.9986457541    102002.7029850795
655000     -9642.4804902509       129.9936761909       -54.8986481690    102002.7029850795
656000     -9642.3734145449       129.9946976228       -54.7480522204    102002.7029850795
657000     -9642.3537286869       129.9927799727       -54.7019354952    102002.7029850795
658000     -9642.3434461367       129.9928589165       -54.4503394045    102002.7029850795
659000     -9642.4270399012       129.9878641033       -54.3478990337    102002.7029850795
660000     -9642.3065998040       129.9932818500       -54.4253555112    102002.7029850795
661000     -9642.2224437778       129.9961089343       -54.1001349028    102002.7029850795
662000     -9642.1692372231       129.9991277848       -54.3992935906    102002.7029850795
663000     -9642.2015468809       129.9961234593       -54.9391502404    102002.7029850795
664000     -9642.2420674240       129.9951954216       -55.4128703283    102002.7029850795
665000     -9642.3950553638       129.9903553415       -55.9219470383    102002.7029850795
666000     -9642.4430642671       129.9899563697       -56.2911303108    102002.7029850795
667000     -9642.4891773616       129.9896814163       -56.6219528256    102002.7029850795
668000     -9642.4800267822       129.9892214920       -57.0752933447    102002.7029850795
669000     -9642.4346059139       129.9910467411       -57.4161174861    102002.7029850795
670000     -9642.3905301719       129.9935087809       -57.0737313581    102002.7029850795
671000     -9642.3062796249       129.9948805043       -56.4148978603    102002.7029850795
672000     -9642.2727676077       129.9943728939       -56.2532619304    102002.7029850795
673000     -9642.1987653919       129.9978723492       -56.0488824501    102002.7029850795
674000     -9642.1383911044       130.0011189594       -55.8396911931    102002.7029850794
675000     -9642.1386847218       130.0039343464       -55.9164031599    102002.7029850794
676000     -9642.1790259742       130.0037481907       -56.3473425208    102002.7029850794
677000     -9642.2316781288       130.0030236940       -56.5808512210    102002.7029850794
678000     -9642.3358952936       129.9999996891       -56.6087598510    102002.7029850794
679000     -9642.3839617938       129.9996446466       -56.5062426011    102002.7029850794
680000     -9642.4323366445       129.9975654978       -56.2867478461    102002.7029850794
681000     -9642.4627795541       129.9964597574       -56.0398352929    102002.7029850794
682000     -9642.4453074099       129.9975627013       -55.6306656156    102002.7029850794
683000     -9642.5758847819       129.9922392249       -55.6009112906    102002.7029850794
684000     -9642.6009838381       129.9908472448       -55.8830627884    102002.7029850794
685000     -9642.5948931194       129.9918957428       -55.6772296581    102002.7029850794
686000     -9642.6147504021       129.9891397301       -55.5095818605    102002.7029850794
687000     -9642.6261591516       129.9902733760       -55.3681206297    102002.7029850794
688000     -9642.5405526112       129.9938024602       -55.0210982744    102002.7029850793
689000     -9642.5650485553       129.9923628955       -55.0429861800    102002.7029850793
690000     -9642.5685023875       129.9935441015       -54.8315505176    102002.7029850793
691000     -9642.6324466259       129.9931337970       -54.3200398915    102002.7029850793
692000     -9642.6740156318       129.9920779319       -54.0229875293    102002.7029850793
693000     -9642.7658452402       129.9881003972       -53.8516150622    102002.7029850793
694000     -9642.7282833276       129.9886373516       -53.9820388518    102002.7029850793
695000     -9642.7413009197       129.9885725651       -53.9395651487    102002.7029850793
696000     -9642.6890452346       129.9912367626       -54.0411874427    102002.7029850793
697000     -9642.6844651243       129.9914380653       -54.0791701157    102002.7029850793
698000     -9642.7770909558       129.9851461888       -54.0216448118    102002.7029850793
699000     -9642.8198425984       129.9844506191       -53.9415277661    102002.7029850793
700000     -9642.8303105114       129.9853368441       -53.9109901062    102002.7029850793
701000     -9642.7651468909       129.9863305040       -53.7209567311    102002.7029850793
702000     -9642.7157147430       129.9873167117       -53.4541725804    102002.7029850793
703000     -9642.7145716929       129.9857574772       -53.4768697568    102002.7029850793
704000     -9642.6519956735       129.9876049695       -53.6644018890    102002.7029850792
705000     -9642.6320483417       129.9883164462       -53.6531829165    102002.7029850792
706000     -9642.6190983572       129.9888413974       -53.5410847007    102002.7029850792
707000     -9642.6167969833       129.9902468027       -53.7778063060    102002.7029850792
708000     -9642.7249537572       129.9861136940       -53.7625109554    102002.7029850792
709000     -9642.7146442868       129.9872180676       -53.9507673204    102002.7029850792
710000     -9642.6362845085       129.9916397090       -53.9769440409    102002.7029850792
711000     -9642.5699839665       129.9944536970       -53.9641807054    102002.7029850792
712000     -9642.4799151642       129.9969817569       -53.6407796964    102002.7029850792
713000     -9642.3788735658       129.9982243462       -53.2327107078    102002.7029850792
714000     -9642.3085516690       130.0007427496       -53.2635017303    102002.7029850792
715000     -9642.2748016491       130.0003278747       -53.4114838380    102002.7029850792
716000     -9642.3041815248       129.9964531947       -53.7876479341    102002.7029850792
717000     -9642.2030930758       129.9983608190       -53.8252760385    102002.7029850792
718000     -9642.1361946345       130.0002969970       -53.7041495917    102002.7029850792
719000     -9642.1371024358       129.9992228577       -53.7380779436    102002.7029850792
720000     -9642.0194343541       130.0023903207       -53.7631267960    102002.7029850792
721000     -9641.9487411121       130.0046096644       -53.9860889923    102002.7029850792
722000     -9641.8806418831       130.0093549186       -53.9057895343    102002.7029850792
723000     -9641.9382662253       130.0062903259       -53.6539307102    102002.7029850792
724000     -9641.9312432917       130.0060526601       -53.4752129835    102002.7029850791
725000     -9641.9605115332       130.0042646685       -53.4571665515    102002.7029850791
726000     -9641.8665277627       130.0083836785       -53.2281227446    102002.7029850791
727000     -9641.8823314616       130.0075686197       -52.7595872871    102002.7029850791
728000     -9641.8755616183       130.0076417455       -52.7589830202    102002.7029850791
729000     -9641.8062147810       130.0096083276       -52.6023168155    102002.7029850791
730000     -9641.7853011777       130.0094597335       -52.3663213986    102002.7029850791
731000     -9641.7594481503       130.0093571577       -51.9785122066    102002.7029850791
732000     -9641.6792338304       130.0114682888       -51.7897646205    102002.7029850791
733000     -9641.6900953812       130.0107997174       -52.0156821129    102002.7029850791
734000     -9641.7485452291       130.0072349077       -52.0954794482    102002.7029850791
735000     -9641.7282259774       130.0097464455       -52.1865476940    102002.7029850791
736000     -9641.7026812548       130.0101004503       -52.2193709612    102002.7029850791
737000     -9641.6004666288       130.0135908879       -52.3544160728    102002.7029850791
738000     -9641.5622720846       130.0137235018       -52.1942894664    102002.7029850791
739000     -9641.5631196173       130.0139156005       -52.0567927345    102002.7029850791
740000     -9641.5720347226       130.0142415615       -52.1611967473    102002.7029850791
741000     -9641.5612274723       130.0154418358       -52.3674117979    102002.7029850791
742000     -9641.5707134280       130.0155332613       -52.1599962366    102002.7029850791
743000     -9641.5053884306       130.0161569634       -51.7141387802    102002.7029850791
744000     -9641.4484794875       130.0165374614       -51.5415691170    102002.7029850791
745000     -9641.4000328526       130.0191257695       -51.3797023802    102002.7029850791
746000     -9641.4296777936       130.0159860581       -51.4173217866    102002.7029850791
747000     -9641.4571190964       130.0143684668       -51.0482956396    102002.7029850791
748000     -9641.4514344938       130.0135104085       -51.0585080620    102002.7029850790
749000     -9641.5074225824       130.0095648629       -51.2915016949    102002.7029850790
750000     -9641.4887127189       130.0092295867       -51.4294495192    102002.7029850790
751000     -9641.4944148772       130.0089302361       -51.8377162876    102002.7029850790
752000     -9641.5391727745       130.0066398261       -51.8623560779    102002.7029850790
753000     -9641.5315707387       130.0077326711       -51.9880109585    102002.7029850790
754000     -9641.5096648830       130.0104983935       -52.1674172594    102002.7029850790
755000     -9641.4919339979       130.0111990113       -52.0209155478    102002.7029850790
756000     -9641.5270288327       130.0099047515       -52.2691562052    102002.7029850790
757000     -9641.5756427753       130.0073989420       -52.3981892973    102002.7029850790
758000     -9641.6146152470       130.0064416467       -52.3602093833    102002.7029850790
759000     -9641.5271088494       130.0108664369       -52.4196063608    102002.7029850790
760000     -9641.5222411190       130.0128025568       -52.5879912109    102002.7029850790
761000     -9641.5460640863       130.0138795188       -52.7921476480    102002.7029850790
762000     -9641.5836110977       130.0134421941       -53.0451405741    102002.7029850790
763000     -9641.6504667035       130.0114060840       -53.1681851986    102002.7029850790
764000     -9641.6563667782       130.0121161477       -53.4016982851    102002.7029850790
765000     -9641.6583452820       130.0111180600       -53.5514249310    102002.7029850790
766000     -9641.6936525738       130.0109311668       -53.5183658772    102002.7029850790
767000     -9641.6773299591       130.0122376917       -53.5384342830    102002.7029850790
768000     -9641.6555743054       130.0140763462       -53.2942679724    102002.7029850790
769000     -9641.6089559508       130.0171631687       -53.0841619699    102002.7029850790
770000     -9641.5900199009       130.0165320657       -53.1236019294    102002.7029850790
771000     -9641.6121939685       130.0143723477       -53.1769533180    102002.7029850790
772000     -9641.6523497893       130.0132745497       -53.0739691400    102002.7029850790
773000     -9641.6152756809       130.0148381558       -52.9778452814    102002.7029850790
774000     -9641.5407543886       130.0176043287       -52.6619338255    102002.7029850790
775000     -9641.5084371988       130.0183070953       -52.7528503110    102002.7029850790
776000     -9641.4738176990       130.0175787553       -52.7431526232    102002.7029850790
777000     -9641.4107634504       130.0200230432       -52.7468945253    102002.7029850789
778000     -9641.3863611325       130.0200192552       -52.9099897565    102002.7029850789
779000     -9641.3424334023       130.0218704467       -53.2425260134    102002.7029850789
780000     -9641.3379120724       130.0206001070       -53.5043797211    102002.7029850789
781000     -9641.3043249254       130.0227393953       -53.9151777209    102002.7029850789
782000     -9641.2553248100       130.0240537135       -53.8171740223    102002.7029850789
783000     -9641.2297547907       130.0241052499       -53.7839569362    102002.7029850789
784000     -9641.1452988017       130.0269484681       -53.8974337388    102002.7029850789
785000     -9641.1293488920       130.0257163968       -54.1534340083    102002.7029850789
786000     -9641.0995305255       130.0265943067       -54.4456069445    102002.7029850789
787000     -9641.0476807518       130.0281082855       -54.5617665813    102002.7029850789
788000     -9641.0931614260       130.0244001004       -54.9079455817    102002.7029850789
789000     -9641.0982979355       130.0245388026       -55.0601170007    102002.7029850789
790000     -9641.1029191490       130.0232651368       -55.3192126211    102002.7029850789
791000     -9641.1024468111       130.0219340984       -55.5829869414    102002.7029850789
792000     -9641.0608183352       130.0225267718       -55.6487074614    102002.7029850789
793000     -9641.0180882803       130.0240999965       -55.7405627929    102002.7029850789
794000     -9641.0465698768       130.0240877997       -56.0073312536    102002.7029850789
795000     -9641.0234795377       130.0260454899       -56.1187935125    102002.7029850789
796000     -9641.0280436049       130.0265362380       -55.8435572999    102002.7029850789
797000     -9641.0069169258       130.0275110096       -55.6154647885    102002.7029850789
798000     -9641.0130170774       130.0269576931       -55.7119725966    102002.7029850789
799000     -9641.0283722347       130.0251775186       -55.4584959484    102002.7029850789
800000     -9640.9890852127       130.0261736042       -55.2053963526    102002.7029850789
801000     -9640.9521510446       130.0282111114       -54.8928950756    102002.7029850789
802000     -9640.9438863231       130.0286390104       -54.8530809029    102002.7029850789
803000     -9640.9160892015       130.0292088966       -54.8691073168    102002.7029850789
804000     -9640.9121176915       130.0293920319       -55.0756952792    102002.7029850789
805000     -9640.8721461718       130.0312415056       -55.3960285276    102002.7029850789
806000     -9640.8035274407       130.0344576095       -55.6639016750    102002.7029850789
807000     -9640.8455849134       130.0329948779       -56.1009267485    102002.7029850789
808000     -9640.8847071777       130.0312136411       -56.3125353172    102002.7029850789
809000     -9640.8626151813       130.0325795467       -56.3574611105    102002.7029850789
810000     -9640.8462658378       130.0333965103       -56.0256051600    102002.7029850789
811000     -9640.8284775890       130.0340161255       -55.6677974833    102002.7029850789
812000     -9640.8386051849       130.0327995748       -55.4039852820    102002.7029850789
813000     -9640.7754131316       130.0356008162       -55.1498392998    102002.7029850789
814000     -9640.7892452989       130.0345615478       -55.1578910204    102002.7029850789
815000     -9640.7699863968       130.0364356835       -55.1384774830    102002.7029850788
816000     -9640.7654244331       130.0371562981       -54.9527932845    102002.7029850788
817000     -9640.7798059392       130.0358054863       -54.6894555614    102002.7029850788
818000     -9640.8023653361       130.0339195846       -54.5783006181    102002.7029850788
819000     -9640.7991237961       130.0329077122       -54.5606202824    102002.7029850788
820000     -9640.7972897738       130.0327557406       -54.5607880163    102002.7029850788
821000     -9640.7847133638       130.0348378813       -54.6422982405    102002.7029850788
822000     -9640.8067752623       130.0344084160       -54.5770408190    102002.7029850788
823000     -9640.8311331934       130.0343982544       -54.5451232440    102002.7029850788
824000     -9640.8596168194       130.0328298590       -54.8256787497    102002.7029850788
825000     -9640.8655614536       130.0328341891       -54.7905332206    102002.7029850788
826000     -9640.8315206930       130.0349093473       -54.6256007651    102002.7029850788
827000     -9640.8292631547       130.0357660872       -54.6585407570    102002.7029850788
828000     -9640.8325741822       130.0344824641       -54.6032436578    102002.7029850788
829000     -9640.8435729134       130.0335650866       -54.5812620382    102002.7029850788
830000     -9640.7978898345       130.0351573953       -54.5583611276    102002.7029850788
831000     -9640.8135094937       130.0332022702       -54.6004768409    102002.7029850788
832000     -9640.8151786712       130.0316415316       -54.5912809548    102002.7029850788
833000     -9640.7744066895       130.0321025090       -54.5972440013    102002.7029850788
834000     -9640.7323570086       130.0329539550       -54.6102936398    102002.7029850788
835000     -9640.6765665442       130.0347365482       -54.4721764446    102002.7029850788
836000     -9640.6919406583       130.0343479130       -54.3616813244    102002.7029850788
837000     -9640.6583961223       130.0359030791       -54.3209647361    102002.7029850788
838000     -9640.7605714455       130.0330696507       -54.4948622393    102002.7029850788
839000     -9640.8132277483       130.0310737568       -54.5173762968    102002.7029850788
840000     -9640.8238045440       130.0307100174       -54.7003287466    102002.7029850788
841000     -9640.8451041827       130.0305870532       -54.9631532263    102002.7029850788
842000     -9640.8678041749       130.0299553418       -55.1092047560    102002.7029850788
843000     -9640.8901428327       130.0299715819       -55.0069183200    102002.7029850788
844000     -9640.8901779952       130.0297096863       -54.7061391227    102002.7029850788
845000     -9640.9037959459       130.0292865920       -54.3795556554    102002.7029850788
846000     -9640.9128758892       130.0279972936       -54.2576104416    102002.7029850788
847000     -9640.8856312605       130.0280543132       -54.2615735353    102002.7029850788
848000     -9640.8508632937       130.0278550382       -54.2366319936    102002.7029850788
849000     -9640.8463716124       130.0274796548       -54.1195038311    102002.7029850788
850000     -9640.8229486575       130.0281873832       -54.1340817272    102002.7029850788
851000     -9640.8565930461       130.0275105436       -54.1279366799    102002.7029850788
852000     -9640.7926451702       130.0311061453       -53.9632418530    102002.7029850788
853000     -9640.7576367107       130.0312328870       -53.8158485977    102002.7029850788
854000     -9640.7925578229       130.0296070056       -53.7434373696    102002.7029850788
855000     -9640.8433166924       130.0283529429       -53.7171858574    102002.7029850788
856000     -9640.8782801854       130.0277966311       -53.6978525446    102002.7029850788
857000     -9640.8789683539       130.0282244190       -53.7572767061    102002.7029850788
858000     -9640.9213261491       130.0266338763       -53.9222362401    102002.7029850788
859000     -9640.9190749451       130.0271572714       -53.7758189275    102002.7029850788
860000     -9640.9493330557       130.0274480132       -53.7335227597    102002.7029850788
861000     -9640.9776454453       130.0280785181       -53.6104855744    102002.7029850788
862000     -9641.0159969011       130.0282274752       -53.5734949572    102002.7029850788
863000     -9641.0561946945       130.0269879665       -53.5545466165    102002.7029850788
864000     -9641.0603985798       130.0272357730       -53.4560528849    102002.7029850788
865000     -9641.1389866717       130.0247251077       -53.4052237648    102002.7029850788
866000     -9641.1538233473       130.0245729578       -53.1527057240    102002.7029850788
867000     -9641.1428614937       130.0259119943       -53.0717452710    102002.7029850788
868000     -9641.1428867853       130.0251226390       -53.0032884031    102002.7029850788
869000     -9641.1424467831       130.0247214507       -52.9767878015    102002.7029850788
870000     -9641.1020679995       130.0267501832       -52.8947852643    102002.7029850787
871000     -9641.1294649996       130.0255472809       -52.7735546282    102002.7029850787
872000     -9641.1692145739       130.0242233038       -52.9879295272    102002.7029850787
873000     -9641.1080354661       130.0274044726       -52.9503101517    102002.7029850787
874000     -9641.1242278662       130.0260390400       -52.8726808122    102002.7029850787
875000     -9641.1323178241       130.0241319916       -52.8566349779    102002.7029850787
876000     -9641.1020728783       130.0238476288       -52.7187667775    102002.7029850787
877000     -9641.0655094353       130.0247034124       -52.4946609681    102002.7029850787
878000     -9641.0671283220       130.0240738259       -52.2734144763    102002.7029850787
879000     -9641.0967907341       130.0234035385       -52.2096972568    102002.7029850787
880000     -9641.1021985764       130.0231912444       -52.1901415465    102002.7029850787
881000     -9641.1118880249       130.0221769528       -52.0990772651    102002.7029850787
882000     -9641.1102777615       130.0223972654       -52.0409272839    102002.7029850787
883000     -9641.1360868828       130.0223575141       -52.1470839391    102002.7029850787
884000     -9641.1477231184       130.0211720743       -52.2248841296    102002.7029850787
885000     -9641.1591704942       130.0203752485       -52.1859882069    102002.7029850787
886000     -9641.0889388009       130.0230942737       -52.0362288718    102002.7029850787
887000     -9641.0946847860       130.0226746036       -52.1676272579    102002.7029850787
888000     -9641.1361666389       130.0199644424       -52.1726717955    102002.7029850787
889000     -9641.1197182392       130.0201913731       -52.1625532255    102002.7029850787
890000     -9641.1463446886       130.0199148670       -52.2061556392    102002.7029850787
891000     -9641.1484658205       130.0204401995       -52.1630030166    102002.7029850787
892000     -9641.1311675218       130.0217762894       -51.9914214500    102002.7029850787
893000     -9641.1546265218       130.0203083390       -51.8596942641    102002.7029850787
894000     -9641.1843326102       130.0185791456       -51.7723081076    102002.7029850787
895000     -9641.1386917137       130.0209414652       -51.5651749619    102002.7029850787
896000     -9641.1270607395       130.0217105555       -51.5003999242    102002.7029850787
897000     -9641.1184065486       130.0210953238       -51.2172643773    102002.7029850787
898000     -9641.1246942090       130.0205353353       -51.1011313112    102002.7029850787
899000     -9641.1234566560       130.0212372939       -50.9050753616    102002.7029850787
900000     -9641.1245670137       130.0214907663       -51.1368440173    102002.7029850787
901000     -9641.0819931485       130.0229391016       -51.2532736370    102002.7029850787
902000     -9641.0578962687       130.0232319483       -51.2209584182    102002.7029850787
903000     -9641.0308594213       130.0244294593       -50.9815726211    102002.7029850787
904000     -9640.9853553163       130.0257937634       -50.7694382183    102002.7029850787
905000     -9641.0213379657       130.0230921604       -50.5540893130    102002.7029850787
906000     -9641.0248782622       130.0221308018       -50.3598636597    102002.7029850787
907000     -9641.0095516844       130.0226607320       -50.1566207797    102002.7029850787
908000     -9640.9729063845       130.0237180131       -50.0446478194    102002.7029850787
909000     -9640.9684328840       130.0231711230       -49.8232035744    102002.7029850787
910000     -9640.9601010170       130.0234977817       -49.5229528382    102002.7029850787
911000     -9640.9196099133       130.0250841468       -49.2882041353    102002.7029850787
912000     -9640.9531990646       130.0243718548       -49.1356759869    102002.7029850787
913000     -9640.8820381605       130.0261673841       -49.0576364032    102002.7029850787
914000     -9640.8627110378       130.0272789466       -49.0164037293    102002.7029850787
915000     -9640.8598056923       130.0269231551       -48.9946958307    102002.7029850787
916000     -9640.8175198696       130.0277674849       -49.0453471880    102002.7029850787
917000     -9640.8008017046       130.0280173975       -49.0783289038    102002.7029850787
918000     -9640.8072348670       130.0263354194       -48.9722134082    102002.7029850787
919000     -9640.7735015797       130.0266650638       -48.9024856781    102002.7029850787
920000     -9640.7578240993       130.0261220087       -48.8529656269    102002.7029850787
921000     -9640.7401665457       130.0276680767       -48.9246547330    102002.7029850787
922000     -9640.7148828223       130.0292651335       -48.7700242290    102002.7029850787
923000     -9640.6994827820       130.0304397227       -48.6459670092    102002.7029850787
924000     -9640.6980492739       130.0296947778       -48.5381150175    102002.7029850787
925000     -9640.6934087776       130.0297719866       -48.4413754753    102002.7029850787
926000     -9640.6540891799       130.0303833548       -48.4072553504    102002.7029850787
927000     -9640.6427417079       130.0300005552       -48.5204794113    102002.7029850786
928000     -9640.6297859440       130.0298206076       -48.4803367766    102002.7029850786
929000     -9640.6271570986       130.0289304473       -48.4375637228    102002.7029850786
930000     -9640.6257108958       130.0286655695       -48.3224349224    102002.7029850786
931000     -9640.6116820927       130.0291016809       -48.3161350148    102002.7029850786
932000     -9640.6133246953       130.0286974581       -48.3234128277    102002.7029850786
933000     -9640.6207446914       130.0290581467       -48.2635020924    102002.7029850786
934000     -9640.6160914131       130.0294220125       -48.2167193189    102002.7029850786
935000     -9640.6295510592       130.0285960015       -48.0479153489    102002.7029850786
936000     -9640.6204514956       130.0289525745       -48.0453542041    102002.7029850786
937000     -9640.5761002384       130.0305873732       -47.9126213129    102002.7029850786
938000     -9640.5635976104       130.0301125697       -47.5826964712    102002.7029850786
939000     -9640.5243786788       130.0314594878       -47.1716673259    102002.7029850786
940000     -9640.5307418513       130.0319868065       -47.0155108452    102002.7029850786
941000     -9640.5266889058       130.0325063013       -46.9429604641    102002.7029850786
942000     -9640.5188097872       130.0321293457       -46.9627119341    102002.7029850786
943000     -9640.4939733674       130.0330137818       -46.9641368397    102002.7029850786
944000     -9640.4955702656       130.0325468949       -47.0317865723    102002.7029850786
945000     -9640.5001100933       130.0310671232       -47.0478578306    102002.7029850786
946000     -9640.4309808814       130.0333419133       -47.0362446613    102002.7029850786
947000     -9640.3855004863       130.0345351838       -46.9313908264    102002.7029850786
948000     -9640.3368582487       130.0361714007       -46.8079385822    102002.7029850786
949000     -9640.3393993323       130.0355883774       -46.8356488465    102002.7029850786
950000     -9640.3421089524       130.0353776356       -46.7012834850    102002.7029850786
951000     -9640.3669756877       130.0342296957       -46.6982701381    102002.7029850786
952000     -9640.3907565118       130.0315686372       -46.6807590657    102002.7029850786
953000     -9640.3686570864       130.0311517425       -46.5137038755    102002.7029850786
954000     -9640.3205581349       130.0333170387       -46.2585002818    102002.7029850786
955000     -9640.3487255218       130.0315435541       -46.1593795760    102002.7029850786
956000     -9640.3370629955       130.0333352772       -45.9886186165    102002.7029850786
957000     -9640.3484534138       130.0332352134       -46.0429131809    102002.7029850786
958000     -9640.3464724312       130.0334094426       -46.1770232669    102002.7029850786
959000     -9640.3088755112       130.0353769284       -46.2146378743    102002.7029850786
960000     -9640.3045970919       130.0363584802       -46.2948036134    102002.7029850786
961000     -9640.3284873063       130.0358754391       -46.3616282230    102002.7029850786
962000     -9640.3479753171       130.0358262243       -46.4648107955    102002.7029850786
963000     -9640.3884413455       130.0337509067       -46.5373644999    102002.7029850786
964000     -9640.3989530715       130.0326019513       -46.6437214877    102002.7029850786
965000     -9640.4045605628       130.0318396382       -46.6104348109    102002.7029850786
966000     -9640.3882542172       130.0316349941       -46.5964438636    102002.7029850786
967000     -9640.3749945449       130.0320035962       -46.6413251204    102002.7029850786
968000     -9640.3607196356       130.0312648457       -46.6025722749    102002.7029850786
969000     -9640.3770726621       130.0288784201       -46.7543646638    102002.7029850786
970000     -9640.3622115926       130.0292503852       -46.9953209318    102002.7029850786
971000     -9640.3605013289       130.0292467563       -47.0700759946    102002.7029850786
972000     -9640.3148569400       130.0309219941       -47.0592799352    102002.7029850786
973000     -9640.3139692439       130.0302528941       -46.9718854504    102002.7029850786
974000     -9640.2962744809       130.0305123717       -46.8862148168    102002.7029850786
975000     -9640.2532310873       130.0315992812       -46.8374291474    102002.7029850786
976000     -9640.2340561152       130.0326481650       -46.6816065617    102002.7029850786
977000     -9640.2253538409       130.0330523072       -46.5068914868    102002.7029850786
978000     -9640.2301245098       130.0325666295       -46.5099791664    102002.7029850786
979000     -9640.2227117915       130.0336758220       -46.4210438244    102002.7029850786
980000     -9640.1953882649       130.0354748316       -46.4053288144    102002.7029850786
981000     -9640.2048903023       130.0357570818       -46.5452615266    102002.7029850786
982000     -9640.2337048556       130.0340418769       -46.6739380858    102002.7029850786
983000     -9640.2614989757       130.0335286175       -46.6122356720    102002.7029850786
984000     -9640.2707245761       130.0338524674       -46.5587948864    102002.7029850786
985000     -9640.2726127814       130.0337080350       -46.7108212168    102002.7029850786
986000     -9640.2748286366       130.0330562043       -46.7350097233    102002.7029850786
987000     -9640.3108960605       130.0314304134       -46.8061090971    102002.7029850786
988000     -9640.3123007650       130.0313894996       -46.7237515100    102002.7029850786
989000     -9640.3238641068       130.0313914172       -46.8098118198    102002.7029850786
990000     -9640.2995356176       130.0328111096       -46.7920262267    102002.7029850786
991000     -9640.2853813729       130.0338620903       -46.8873727200    102002.7029850786
992000     -9640.2926660868       130.0324670145       -46.9798068619    102002.7029850786
993000     -9640.3120448486       130.0316479910       -46.9760572130    102002.7029850786
994000     -9640.2971232259       130.0326096926       -47.0524277537    102002.7029850786
995000     -9640.2889622314       130.0328017300       -47.0529964755    102002.7029850786
996000     -9640.2776741253       130.0334880492       -47.1291350858    102002.7029850786
997000     -9640.2595338279       130.0340514417       -47.2270277229    102002.7029850786
998000     -9640.2768998431       130.0331719837       -47.4189654069    102002.7029850786
999000     -9640.2800965683       130.0331490586       -47.5476363218    102002.7029850786
1000000     -9640.2810952288       130.0334636703       -47.5841699786    102002.7029850786
