# Time-averaged data for fix runningavgs
# TimeStep v_ra_etotal v_ra_temp v_ra_press v_ra_volume
502000     -6699.1144283490       109.8670963712      -734.2181614742    102002.7029850792
503000     -6696.5231671773       109.9900220115      -742.0988775596    102002.7029850792
504000     -6697.7714039406       109.9097947505      -734.5547021215    102002.7029850792
505000     -6697.4415049211       109.9782092481      -726.9175812611    102002.7029850792
506000     -6698.3774365135       109.8514342554      -724.2496802217    102002.7029850792
507000     -6697.5563223214       109.9180520550      -721.9794081550    102002.7029850792
508000     -6697.3925931859       109.9220235741      -723.5407989828    102002.7029850792
509000     -6696.5028063332       109.9995837524      -724.6884912340    102002.7029850792
510000     -6695.8391018320       110.0585190482      -723.0842472653    102002.7029850792
511000     -6695.5565783191       110.0603860808      -717.5398508994    102002.7029850792
512000     -6696.5483676232       109.9510135972      -715.0896012798    102002.7029850792
513000     -6696.9006864007       109.9248644297      -713.4042274305    102002.7029850792
514000     -6696.3848419894       109.9673388533      -713.9032724576    102002.7029850792
515000     -6696.3306653340       109.9727937004      -714.6553055260    102002.7029850792
516000     -6695.7455605337       110.0255501712      -713.6339255139    102002.7029850792
517000     -6695.4034641910       110.0481384196      -712.7338279915    102002.7029850792
518000     -6695.4282728746       110.0466494854      -711.9841475760    102002.7029850792
519000     -6694.9988137821       110.1024440448      -710.9543424437    102002.7029850792
520000     -6694.8390768650       110.1137349332      -712.5938830312    102002.7029850792
521000     -6694.4371131321       110.1445436944      -713.0745796662    102002.7029850792
522000     -6694.3292045281       110.1453601042      -712.3177807849    102002.7029850792
523000     -6694.7018209676       110.1080227122      -711.9928572469    102002.7029850792
524000     -6694.7945118328       110.0994153228      -711.3368765698    102002.7029850792
525000     -6695.1870951746       110.0714593151      -710.6530867778    102002.7029850792
526000     -6695.3029557287       110.0674450997      -711.2433565209    102002.7029850792
527000     -6695.2614095115       110.0623562455      -712.5071056741    102002.7029850792
528000     -6695.3877361994       110.0473582827      -712.7120657466    102002.7029850792
529000     -6695.1193957221       110.0583501882      -711.8412446933    102002.7029850792
530000     -6695.0788761054       110.0543953408      -712.1443487256    102002.7029850792
531000     -6695.3300842722       110.0287938190      -711.6790889631    102002.7029850792
532000     -6695.5469863669       110.0031859899      -711.7941186335    102002.7029850792
533000     -6695.5475234757       110.0036051167      -710.3869413965    102002.7029850792
534000     -6695.3469460950       110.0196273068      -710.4404757417    102002.7029850792
535000     -6694.9901879913       110.0489887811      -709.9399444754    102002.7029850792
536000     -6695.1242421129       110.0439411579      -709.1522230218    102002.7029850792
537000     -6695.3603404172       110.0326560656      -709.2200886834    102002.7029850792
538000     -6695.7451003694       110.0020317632      -709.5903654819    102002.7029850792
539000     -6695.7850835102       110.0039414889      -709.5878650071    102002.7029850791
540000     -6696.0809994610       109.9779282744      -709.4116569282    102002.7029850791
541000     -6696.1561021576       109.9769193869      -710.0459901117    102002.7029850791
542000     -6696.5624644428       109.9427987566      -709.2088795893    102002.7029850791
543000     -6696.6303641424       109.9408042809      -708.9719609771    102002.7029850791
544000     -6696.6660724470       109.9415818282      -709.1385807306    102002.7029850791
545000     -6696.6942636781       109.9384793920      -709.3273965220    102002.7029850791
546000     -6696.7516262592       109.9375348029      -709.5832359423    102002.7029850791
547000     -6696.8912182679       109.9223254020      -709.2094607783    102002.7029850791
548000     -6697.1452668528       109.9008488704      -709.2401070000    102002.7029850791
549000     -6697.1835843114       109.9002937405      -708.8548172052    102002.7029850791
550000     -6696.9778412350       109.9182364019      -708.8857858093    102002.7029850791
551000     -6696.8251565986       109.9321908129      -709.0860865689    102002.7029850791
552000     -6696.9709301727       109.9204396131      -708.7149924124    102002.7029850791
553000     -6697.1043835325       109.9087085394      -708.4201158167    102002.7029850791
554000     -6697.2674433685       109.8953884997      -708.2777160333    102002.7029850791
555000     -6697.3308932141       109.8909931963      -707.8993873377    102002.7029850791
556000     -6697.4843275687       109.8776782688      -707.8583571907    102002.7029850791
557000     -6697.4714610765       109.8789339884      -707.6162073840    102002.7029850791
558000     -6697.3066762541       109.8992320185      -707.1605975275    102002.7029850791
559000     -6697.1523871606       109.9104367288      -706.8207623996    102002.7029850791
560000     -6696.9737948888       109.9283010472      -705.8074304038    102002.7029850791
561000     -6696.8984478590       109.9359907442      -705.7876564088    102002.7029850791
562000     -6696.9134173596       109.9350488651      -705.6982628113    102002.7029850791
563000     -6696.8246083254       109.9424510683      -705.6635570722    102002.7029850791
564000     -6696.9275515512       109.9339872935      -705.5173013358    102002.7029850791
565000     -6696.9781982007       109.9292794947      -705.2675236188    102002.7029850791
566000     -6696.9612225390       109.9289428058      -705.0796718372    102002.7029850791
567000     -6696.9260886215       109.9319140008      -704.9929367618    102002.7029850791
568000     -6696.9914665001       109.9272552583      -704.7485433066    102002.7029850791
569000     -6696.8250676759       109.9433720041      -705.2597439124    102002.7029850791
570000     -6696.7682621684       109.9533767198      -705.3414638594    102002.7029850791
571000     -6696.5907770273       109.9696054159      -704.8624667253    102002.7029850791
572000     -6696.5335481968       109.9738268641      -705.1639071394    102002.7029850791
573000     -6696.6248278522       109.9628064746      -705.0445534771    102002.7029850791
574000     -6696.7289046321       109.9546650923      -705.0308357020    102002.7029850791
575000     -6696.8472039615       109.9436818964      -705.3530422342    102002.7029850791
576000     -6696.9060755517       109.9389259598      -705.2704526646    102002.7029850791
577000     -6697.0102363346       109.9280921349      -705.0861538198    102002.7029850791
578000     -6697.0983502830       109.9192941997      -704.9590718176    102002.7029850791
579000     -6697.0688327395       109.9237836033      -704.8498624869    102002.7029850791
580000     -6696.9708721585       109.9327697267      -705.0817357331    102002.7029850791
581000     -6696.8962199938       109.9396376398      -705.1496342966    102002.7029850791
582000     -6696.8669561111       109.9430691293      -704.9231042109    102002.7029850791
583000     -6696.8054598696       109.9458443041      -704.6093237647    102002.7029850791
584000     -6696.6694828889       109.9546148422      -704.3947654095    102002.7029850791
585000     -6696.6688034830       109.9547725936      -704.1446384901    102002.7029850791
586000     -6696.5831519272       109.9633240796      -704.6217317391    102002.7029850791
587000     -6696.5023492922       109.9686559771      -705.2019022543    102002.7029850791
588000     -6696.4778323937       109.9737906065      -704.7784296701    102002.7029850791
589000     -6696.5191284922       109.9696248462      -704.5815102574    102002.7029850791
590000     -6696.6274650905       109.9577698932      -704.3832103217    102002.7029850791
591000     -6696.7265766622       109.9498512080      -704.1265019060    102002.7029850792
592000     -6696.7404382580       109.9499487725      -704.5864415545    102002.7029850792
593000     -6696.6961133456       109.9545392526      -705.2568724551    102002.7029850792
594000     -6696.6138202789       109.9633616337      -705.1020347215    102002.7029850792
595000     -6696.6306632059       109.9624390194      -704.8298025329    102002.7029850792
596000     -6696.7342519202       109.9518578784      -704.9365445456    102002.7029850792
597000     -6696.7115416721       109.9553427979      -704.8248040060    102002.7029850792
598000     -6696.5851725904       109.9658749650      -705.5785063915    102002.7029850792
599000     -6696.5102571225       109.9729331920      -706.4228832075    102002.7029850792
600000     -6696.4579064853       109.9796873698      -706.3907259873    102002.7029850792
601000     -6696.4827692121       109.9774647618      -706.0269788225    102002.7029850792
602000     -6696.5563935533       109.9711427040      -705.7748953495    102002.7029850792
603000     -6696.5502911402       109.9738943385      -705.6744744290    102002.7029850792
604000     -6696.5601216512       109.9732010445      -706.0028057607    102002.7029850793
605000     -6696.5588164941       109.9733159628      -706.3086706849    102002.7029850793
606000     -6696.4484122177       109.9859172145      -705.9418187252    102002.7029850793
607000     -6696.4224297548       109.9861797695      -705.6939037554    102002.7029850793
608000     -6696.4322221691       109.9859088275      -705.1173704622    102002.7029850793
609000     -6696.4666896266       109.9817619987      -705.1712770594    102002.7029850793
610000     -6696.4862132337       109.9792055005      -705.6757819893    102002.7029850793
611000     -6696.5006654009       109.9775832394      -705.8064947645    102002.7029850793
612000     -6696.5669690952       109.9728389210      -705.3674094857    102002.7029850793
613000     -6696.6620588763       109.9637776478      -705.3266617894    102002.7029850793
614000     -6696.6885264155       109.9629261063      -705.0912219358    102002.7029850793
615000     -6696.5865602145       109.9741333545      -704.8979217099    102002.7029850793
616000     -6696.5740092088       109.9765441170      -705.3665927505    102002.7029850793
617000     -6696.5019987614       109.9843813759      -705.4028302110    102002.7029850793
618000     -6696.5614564822       109.9809126430      -705.0607720805    102002.7029850793
619000     -6696.5802787491       109.9799058196      -704.7837880858    102002.7029850793
620000     -6696.5786383995       109.9789858268      -704.8668547971    102002.7029850793
621000     -6696.6095882915       109.9784090880      -704.5538805418    102002.7029850793
622000     -6696.6779897121       109.9728243616      -704.7274027091    102002.7029850794
623000     -6696.6994139166       109.9705374374      -704.8068785740    102002.7029850794
624000     -6696.7574948298       109.9656520065      -704.1842890908    102002.7029850794
625000     -6696.7645648118       109.9661575078      -703.6625069240    102002.7029850794
626000     -6696.6929509142       109.9737249811      -703.3493484883    102002.7029850794
627000     -6696.6992309991       109.9737279923      -703.2486577556    102002.7029850794
628000     -6696.7133236553       109.9740259471      -703.0509100632    102002.7029850794
629000     -6696.7328906531       109.9733282456      -703.0311397360    102002.7029850794
630000     -6696.7942345858       109.9685275408      -703.0066496435    102002.7029850794
631000     -6696.8210113922       109.9660163894      -702.7087010644    102002.7029850794
632000     -6696.8811607173       109.9612791781      -702.5244758988    102002.7029850794
633000     -6696.9112181769       109.9586251555      -702.6764830989    102002.7029850794
634000     -6696.9444463729       109.9566990649      -702.8726797194    102002.7029850794
635000     -6696.9166923146       109.9598680926      -702.9419440313    102002.7029850794
636000     -6696.9102723243       109.9616183701      -702.9188007132    102002.7029850794
637000     -6696.9654416544       109.9565696423      -702.8155117216    102002.7029850794
638000     -6696.9844437099       109.9551841106      -702.7268557198    102002.7029850794
639000     -6697.0282735105       109.9530329947      -702.8062937958    102002.7029850794
640000     -6697.0599015632       109.9520674487      -702.9083369044    102002.7029850794
641000     -6696.9821885629       109.9600447119      -703.2483177724    102002.7029850794
642000     -6697.0174023471       109.9567504875      -703.1273601307    102002.7029850794
643000     -6696.9671236740       109.9625639037      -702.8399591172    102002.7029850794
644000     -6696.8729903122       109.9701998783      -702.6908956155    102002.7029850794
645000     -6696.8471028544       109.9723702123      -702.5141507125    102002.7029850794
646000     -6696.7775579867       109.9792395098      -702.6980760518    102002.7029850795
647000     -6696.7744602553       109.9788093765      -702.8009725725    102002.7029850795
648000     -6696.8645430316       109.9689938490      -702.6586359652    102002.7029850795
649000     -6696.8453289595       109.9703479110      -702.4044506883    102002.7029850795
650000     -6696.7731411856       109.9762762158      -702.2411573040    102002.7029850795
651000     -6696.7321573656       109.9803289383      -701.9421752177    102002.7029850795
652000     -6696.7112464235       109.9820624698      -702.0268967942    102002.7029850795
653000     -6696.7044851309       109.9823388206      -702.3002219527    102002.7029850795
654000     -6696.6897227873       109.9845004671      -702.2122989607    102002.7029850795
655000     -6696.6585253201       109.9880538077      -702.1809046577    102002.7029850795
656000     -6696.6728334521       109.9860151237      -702.1662062691    102002.7029850795
657000     -6696.6758114009       109.9857740241      -702.2478761243    102002.7029850795
658000     -6696.6558371067       109.9874942382      -702.4295866524    102002.7029850795
659000     -6696.5883197956       109.9939174234      -702.5756939190    102002.7029850795
660000     -6696.6364572008       109.9899867565      -702.7521137972    102002.7029850795
661000     -6696.6775474711       109.9853930520      -702.8380534802    102002.7029850795
662000     -6696.7446379538       109.9805572041      -702.8145067213    102002.7029850795
663000     -6696.7367444422       109.9810856704      -703.0509163459    102002.7029850795
664000     -6696.7539695543       109.9794112466      -703.2641436463    102002.7029850795
665000     -6696.8218574701       109.9729719818      -703.4231294354    102002.7029850795
666000     -6696.8474892481       109.9713914402      -703.4344198685    102002.7029850795
667000     -6696.9129658292       109.9646440406      -703.4516962679    102002.7029850795
668000     -6696.9567034670       109.9609209502      -703.4796456406    102002.7029850795
669000     -6696.9854607769       109.9573387409      -703.4999111819    102002.7029850795
670000     -6696.9652365568       109.9568529931      -703.3628390117    102002.7029850795
671000     -6697.0167656273       109.9520797483      -703.3369357589    102002.7029850795
672000     -6697.0756072107       109.9477849301      -703.2275905402    102002.7029850795
673000     -6697.0307007348       109.9530020050      -703.1715343852    102002.7029850795
674000     -6697.0058879989       109.9550364735      -703.2330206277    102002.7029850794
675000     -6696.9448646869       109.9613039608      -703.0663241619    102002.7029850794
676000     -6696.9257472046       109.9639450688      -702.9983670970    102002.7029850794
677000     -6696.9226280814       109.9636853018      -703.1407672341    102002.7029850794
678000     -6696.9673359540       109.9598943955      -703.0227912053    102002.7029850794
679000     -6696.9873935426       109.9573490490      -702.9793868896    102002.7029850794
680000     -6696.9546371753       109.9609739533      -703.1071132544    102002.7029850794
681000     -6696.8710410325       109.9683178178      -703.1167587828    102002.7029850794
682000     -6696.8511547833       109.9699635958      -703.1183858296    102002.7029850794
683000     -6696.8282968293       109.9720584995      -703.3695418117    102002.7029850794
684000     -6696.8283627958       109.9729038753      -703.2545440962    102002.7029850794
685000     -6696.7891806299       109.9764436982      -703.0619330691    102002.7029850794
686000     -6696.7659000186       109.9771917258      -703.0968070796    102002.7029850794
687000     -6696.7147593667       109.9829204606      -703.1092782245    102002.7029850794
688000     -6696.6765532394       109.9864468948      -703.0930331282    102002.7029850793
689000     -6696.6342388916       109.9910212209      -703.1674772850    102002.7029850793
690000     -6696.6045488167       109.9936006375      -703.0517090916    102002.7029850793
691000     -6696.5828178656       109.9961037046      -702.7732494058    102002.7029850793
692000     -6696.6283626156       109.9913228991      -702.7359712128    102002.7029850793
693000     -6696.6561744106       109.9896777418      -702.5707427549    102002.7029850793
694000     -6696.6975074940       109.9858217746      -702.4959391409    102002.7029850793
695000     -6696.6793461197       109.9873779835      -702.6659189222    102002.7029850793
696000     -6696.6189978169       109.9936483781      -702.6433555267    102002.7029850793
697000     -6696.6421987366       109.9914888738      -702.5123723411    102002.7029850793
698000     -6696.6159847964       109.9945326650      -702.5444956721    102002.7029850793
699000     -6696.5989974440       109.9956930448      -702.4879129095    102002.7029850793
700000     -6696.5620738868       109.9998600999      -702.5718469988    102002.7029850793
701000     -6696.5186438493       110.0033298736      -702.7340409795    102002.7029850793
702000     -6696.5150264433       110.0024681151      -702.4761363520    102002.7029850793
703000     -6696.5298135631       109.9997566852      -702.3274609021    102002.7029850793
704000     -6696.5506573385       109.9971183355      -702.2410606571    102002.7029850792
705000     -6696.5927084732       109.9926548454      -702.1407021653    102002.7029850792
706000     -6696.6137317947       109.9901524914      -702.2295544659    102002.7029850792
707000     -6696.6590372866       109.9861641800      -702.2964957187    102002.7029850792
708000     -6696.6574255252       109.9859414568      -702.1006886562    102002.7029850792
709000     -6696.6654122000       109.9859280654      -701.9143001293    102002.7029850792
710000     -6696.6067136813       109.9906766210      -701.6325692665    102002.7029850792
711000     -6696.5907938720       109.9922649891      -701.3056194056    102002.7029850792
712000     -6696.5827277244       109.9923265115      -701.3458050416    102002.7029850792
713000     -6696.5564959152       109.9936749480      -701.3001356895    102002.7029850792
714000     -6696.5084480905       109.9971973542      -700.9832660462    102002.7029850792
715000     -6696.5249232714       109.9942824670      -700.8467457193    102002.7029850792
716000     -6696.5614887423       109.9905493908      -700.6779410408    102002.7029850792
717000     -6696.6088004864       109.9863982019      -700.4753130652    102002.7029850792
718000     -6696.6191655031       109.9867553882      -700.4490299378    102002.7029850792
719000     -6696.6091136312       109.9877317834      -700.4289079256    102002.7029850792
720000     -6696.5835917392       109.9905244119      -700.2786013866    102002.7029850792
721000     -6696.5388505647       109.9954495047      -700.0990836838    102002.7029850792
722000     -6696.5121125342       109.9980769385      -699.8744034374    102002.7029850792
723000     -6696.4755505529       110.0017757545      -699.6957208304    102002.7029850792
724000     -6696.4539369393       110.0037712633      -699.5369992778    102002.7029850791
725000     -6696.4346824114       110.0057236388      -699.4370763789    102002.7029850791
726000     -6696.3929707727       110.0095125349      -699.3786127530    102002.7029850791
727000     -6696.3937033614       110.0093940273      -699.3630258914    102002.7029850791
728000     -6696.3490763713       110.0130113164      -699.1424655162    102002.7029850791
729000     -6696.3212918169       110.0153018920      -698.9446812686    102002.7029850791
730000     -6696.3171404353       110.0149684655      -698.8600954981    102002.7029850791
731000     -6696.3432786863       110.0117916559      -698.6923497119    102002.7029850791
732000     -6696.3489262615       110.0113643570      -698.5743221254    102002.7029850791
733000     -6696.3549668167       110.0106713873      -698.5312069921    102002.7029850791
734000     -6696.3833592198       110.0075605343      -698.4295582459    102002.7029850791
735000     -6696.3765994400       110.0074364953      -698.3283528653    102002.7029850791
736000     -6696.3136056652       110.0131945657      -698.3081100313    102002.7029850791
737000     -6696.3187494015       110.0126673273      -698.3072325160    102002.7029850791
738000     -6696.3078289973       110.0133845740      -698.2198927010    102002.7029850791
739000     -6696.3332430122       110.0101418291      -698.2612454724    102002.7029850791
740000     -6696.3470204771       110.0086771695      -698.2262438005    102002.7029850791
741000     -6696.3511862488       110.0085598424      -698.2012834601    102002.7029850791
742000     -6696.3948498197       110.0046065674      -698.1806612442    102002.7029850791
743000     -6696.3671598357       110.0070436400      -698.2040427259    102002.7029850791
744000     -6696.3506642693       110.0091904753      -698.2588029835    102002.7029850791
745000     -6696.3065791839       110.0123986988      -698.2199749837    102002.7029850791
746000     -6696.2806505825       110.0152957766      -698.1015129889    102002.7029850791
747000     -6696.2809450676       110.0150080393      -698.1557535910    102002.7029850791
748000     -6696.2490598526       110.0172106856      -698.1898731406    102002.7029850790
749000     -6696.2533306039       110.0160517274      -698.1750661361    102002.7029850790
750000     -6696.2810310431       110.0125119596      -698.1983189457    102002.7029850790
751000     -6696.2790191313       110.0132582905      -698.2288060735    102002.7029850790
752000     -6696.3153088585       110.0097238201      -698.3034279183    102002.7029850790
753000     -6696.3132271593       110.0100502347      -698.3032369631    102002.7029850790
754000     -6696.3123048130       110.0106996367      -698.3625417704    102002.7029850790
755000     -6696.3435855946       110.0075889146      -698.4668885731    102002.7029850790
756000     -6696.3917811316       110.0038356703      -698.4438458814    102002.7029850790
757000     -6696.4083593769       110.0021962046      -698.4149783573    102002.7029850790
758000     -6696.4470455941       109.9988013292      -698.4023880419    102002.7029850790
759000     -6696.4498169558       109.9978201069      -698.3768807543    102002.7029850790
760000     -6696.4541329882       109.9988497415      -698.3374105510    102002.7029850790
761000     -6696.4725877912       109.9969492635      -698.5274498038    102002.7029850790
762000     -6696.5169207176       109.9921300710      -698.5069334810    102002.7029850790
763000     -6696.5366209498       109.9904848883      -698.3900112755    102002.7029850790
764000     -6696.5304063935       109.9910587985      -698.3249399444    102002.7029850790
765000     -6696.4866445285       109.9954346338      -698.1942491116    102002.7029850790
766000     -6696.4804858442       109.9958796498      -698.1185333422    102002.7029850790
767000     -6696.4585433556       109.9986872824      -698.2817653221    102002.7029850790
768000     -6696.4383044871       110.0005621832      -698.3453286717    102002.7029850790
769000     -6696.4392834636       110.0008396997      -698.2683727938    102002.7029850790
770000     -6696.3936993294       110.0050629773      -698.1993810541    102002.7029850790
771000     -6696.3874459800       110.0055960336      -698.0611781067    102002.7029850790
772000     -6696.3908047578       110.0060225025      -697.9751784657    102002.7029850790
773000     -6696.3625005416       110.0091614144      -697.9458952469    102002.7029850790
774000     -6696.3565074822       110.0092634332      -698.0520585457    102002.7029850790
775000     -6696.3485171149       110.0095617693      -697.9633873480    102002.7029850790
776000     -6696.3259221579       110.0116215948      -697.8199445463    102002.7029850790
777000     -6696.3139309136       110.0120368149      -697.6656352614    102002.7029850789
778000     -6696.3479210938       110.0087507656      -697.7497382849    102002.7029850789
779000     -6696.3121429265       110.0130076437      -697.5755060254    102002.7029850789
780000     -6696.3107859834       110.0134298175      -697.6314218421    102002.7029850789
781000     -6696.2951886707       110.0156610607      -697.7799971015    102002.7029850789
782000     -6696.3027233336       110.0155822475      -697.6414637201    102002.7029850789
783000     -6696.3160546104       110.0144817605      -697.5192074931    102002.7029850789
784000     -6696.3205960083       110.0137081766      -697.4601324782    102002.7029850789
785000     -6696.3283127410       110.0134797029      -697.3453701489    102002.7029850789
786000     -6696.2964371411       110.0166439305      -697.3549792825    102002.7029850789
787000     -6696.2844717577       110.0176952635      -697.4839148079    102002.7029850789
788000     -6696.2914707346       110.0173730627      -697.4094401123    102002.7029850789
789000     -6696.3069121788       110.0158126936      -697.2819221078    102002.7029850789
790000     -6696.3377235464       110.0127718756      -697.0410674016    102002.7029850789
791000     -6696.3282974108       110.0136902782      -697.0232722769    102002.7029850789
792000     -6696.3060725191       110.0166090723      -697.0208561888    102002.7029850789
793000     -6696.3093284534       110.0164068697      -697.1229301624    102002.7029850789
794000     -6696.3505771278       110.0132654471      -697.0938380234    102002.7029850789
795000     -6696.3785128372       110.0109162537      -697.1417557730    102002.7029850789
796000     -6696.4173227544       110.0079146631      -697.0302958257    102002.7029850789
797000     -6696.4297527439       110.0070858092      -696.8952498741    102002.7029850789
798000     -6696.4757468610       110.0033623175      -696.9827893029    102002.7029850789
799000     -6696.4576757504       110.0058228533      -697.0851559143    102002.7029850789
800000     -6696.4381728136       110.0085946274      -696.9975589256    102002.7029850789
801000     -6696.4362171144       110.0090286850      -697.0164408944    102002.7029850789
802000     -6696.3980413438       110.0126766489      -696.9709309220    102002.7029850789
803000     -6696.3886757390       110.0140607587      -696.8942646126    102002.7029850789
804000     -6696.3825133746       110.0145663787      -696.9722469586    102002.7029850789
805000     -6696.3820652570       110.0142781647      -697.0799151635    102002.7029850789
806000     -6696.4091829919       110.0118082713      -697.2452680014    102002.7029850789
807000     -6696.4064324637       110.0119452873      -697.3155180360    102002.7029850789
808000     -6696.3797537972       110.0144004615      -697.3028227944    102002.7029850789
809000     -6696.3752842978       110.0148337940      -697.3668417747    102002.7029850789
810000     -6696.3891100441       110.0137504306      -697.5508304616    102002.7029850789
811000     -6696.4132308552       110.0121645407      -697.6482359141    102002.7029850789
812000     -6696.4323820313       110.0108017036      -697.7743014344    102002.7029850789
813000     -6696.4379613530       110.0108520073      -697.9791670930    102002.7029850789
814000     -6696.4393703758       110.0109652504      -697.9026183973    102002.7029850789
815000     -6696.4498445235       110.0102070306      -697.9797874930    102002.7029850788
816000     -6696.4462488144       110.0111748400      -698.1259912632    102002.7029850788
817000     -6696.4400508778       110.0123629550      -698.2629445290    102002.7029850788
818000     -6696.4399527688       110.0129237735      -698.3665522881    102002.7029850788
819000     -6696.4684122637       110.0100013519      -698.4912843426    102002.7029850788
820000     -6696.4893126015       110.0079855464      -698.5127028347    102002.7029850788
821000     -6696.5047146601       110.0069107904      -698.5469211856    102002.7029850788
822000     -6696.5200408497       110.0055883559      -698.5706201002    102002.7029850788
823000     -6696.5214664594       110.0049587809      -698.5682149699    102002.7029850788
824000     -6696.5468396926       110.0029394152      -698.7699435746    102002.7029850788
825000     -6696.5655147638       110.0014836741      -698.7478776486    102002.7029850788
826000     -6696.5647776407       110.0012505299      -698.7252768768    102002.7029850788
827000     -6696.5412210248       110.0034659181      -698.7854873463    102002.7029850788
828000     -6696.5660034115       110.0016261026      -698.8151265022    102002.7029850788
829000     -6696.5604387573       110.0017764281      -698.8256117108    102002.7029850788
830000     -6696.5274703577       110.0047989761      -698.7150339799    102002.7029850788
831000     -6696.5224093519       110.0048261885      -698.7743134197    102002.7029850788
832000     -6696.5146207350       110.0057451710      -698.7317883077    102002.7029850788
833000     -6696.4717051462       110.0095321668      -698.7105283969    102002.7029850788
834000     -6696.4753292485       110.0084445108      -698.7138160626    102002.7029850788
835000     -6696.4905978828       110.0069869650      -698.6577684668    102002.7029850788
836000     -6696.5237481078       110.0042034583      -698.5494197176    102002.7029850788
837000     -6696.5152276634       110.0046036692      -698.4755506153    102002.7029850788
838000     -6696.5282609093       110.0034079775      -698.4975045810    102002.7029850788
839000     -6696.5402316507       110.0029363161      -698.5529247729    102002.7029850788
840000     -6696.5199826412       110.0055655155      -698.5950814835    102002.7029850788
841000     -6696.5129718600       110.0061248307      -698.6922506150    102002.7029850788
842000     -6696.4808005808       110.0091065129      -698.6547956350    102002.7029850788
843000     -6696.4677346678       110.0105943843      -698.6256531995    102002.7029850788
844000     -6696.4481891041       110.0124977476      -698.6889053460    102002.7029850788
845000     -6696.4308461697       110.0139704060      -698.6269874145    102002.7029850788
846000     -6696.3931864035       110.0168285497      -698.7777567420    102002.7029850788
847000     -6696.3874584572       110.0178131014      -698.8283597684    102002.7029850788
848000     -6696.3661782525       110.0195991480      -698.7800274394    102002.7029850788
849000     -6696.3810162403       110.0182783009      -698.7995813502    102002.7029850788
850000     -6696.4007229870       110.0168562234      -698.8350961131    102002.7029850788
851000     -6696.4013462347       110.0167606297      -698.9332712547    102002.7029850788
852000     -6696.3753139005       110.0194091174      -699.1185053751    102002.7029850788
853000     -6696.3845637629       110.0190845156      -699.2099364678    102002.7029850788
854000     -6696.3810067096       110.0198126791      -699.2385694768    102002.7029850788
855000     -6696.3594192623       110.0218469414      -699.3146441512    102002.7029850788
856000     -6696.3773328797       110.0208445111      -699.3154393378    102002.7029850788
857000     -6696.3729943697       110.0213248531      -699.3956000250    102002.7029850788
858000     -6696.3679711342       110.0217720987      -699.4405520651    102002.7029850788
859000     -6696.3717176544       110.0219623663      -699.4266857488    102002.7029850788
860000     -6696.4007949407       110.0196966916      -699.4536799012    102002.7029850788
861000     -6696.4108302119       110.0186530178      -699.4816325171    102002.7029850788
862000     -6696.4441326110       110.0154822159      -699.4496306422    102002.7029850788
863000     -6696.4646384365       110.0138534511      -699.4229906881    102002.7029850788
864000     -6696.4564781100       110.0138594676      -699.5269510723    102002.7029850788
865000     -6696.4258292273       110.0170087036      -699.5266891445    102002.7029850788
866000     -6696.4085599869       110.0184948773      -699.5049120965    102002.7029850788
867000     -6696.4227848567       110.0168427646      -699.4639178721    102002.7029850788
868000     -6696.4288654449       110.0161973266      -699.4090307570    102002.7029850788
869000     -6696.4244648260       110.0165223773      -699.4118692291    102002.7029850788
870000     -6696.4397185828       110.0154785295      -699.4087239952    102002.7029850787
871000     -6696.4585754307       110.0135321649      -699.3072275768    102002.7029850787
872000     -6696.4620595411       110.0133415823      -699.3458441935    102002.7029850787
873000     -6696.4715805175       110.0125838495      -699.3802551734    102002.7029850787
874000     -6696.4996977775       110.0104184113      -699.2685662470    102002.7029850787
875000     -6696.5346589413       110.0076268383      -699.2655951221    102002.7029850787
876000     -6696.5604904933       110.0050334636      -699.3778033805    102002.7029850787
877000     -6696.5767292616       110.0038761649      -699.3062460727    102002.7029850787
878000     -6696.5930616106       110.0026508866      -699.2871709328    102002.7029850787
879000     -6696.6368901858       109.9985411292      -699.3197044271    102002.7029850787
880000     -6696.6375054583       109.9988678339      -699.2660265784    102002.7029850787
881000     -6696.6280342182       110.0003718592      -699.3031913304    102002.7029850787
882000     -6696.6147169122       110.0020001667      -699.2947862164    102002.7029850787
883000     -6696.6346213574       110.0011250393      -699.1701576693    102002.7029850787
884000     -6696.6274368759       110.0014967147      -699.1041072033    102002.7029850787
885000     -6696.6175646126       110.0024865255      -699.0122334011    102002.7029850787
886000     -6696.6319867428       110.0015146844      -698.8962945374    102002.7029850787
887000     -6696.6597819810       109.9989787046      -698.8499761119    102002.7029850787
888000     -6696.6544064896       109.9994499106      -698.8146852097    102002.7029850787
889000     -6696.6247817059       110.0022351988      -698.7090997317    102002.7029850787
890000     -6696.6117849326       110.0036701367      -698.6054537422    102002.7029850787
891000     -6696.5984824796       110.0049302760      -698.4481225317    102002.7029850787
892000     -6696.5861018890       110.0061381183      -698.3222960027    102002.7029850787
893000     -6696.5513823650       110.0095399958      -698.2566594381    102002.7029850787
894000     -6696.5334387298       110.0105657635      -698.2187995486    102002.7029850787
895000     -6696.5218000381       110.0117681735      -698.1783008865    102002.7029850787
896000     -6696.5201419056       110.0121215582      -698.0555698656    102002.7029850787
897000     -6696.5260036065       110.0115065600      -697.9235383445    102002.7029850787
898000     -6696.5258697262       110.0115565366      -697.7332418220    102002.7029850787
899000     -6696.5297613694       110.0113287909      -697.6327635978    102002.7029850787
900000     -6696.5504482907       110.0092870097      -697.5732481735    102002.7029850787
901000     -6696.5674585153       110.0077286333      -697.5060511501    102002.7029850787
902000     -6696.5894142976       110.0055282275      -697.4538647710    102002.7029850787
903000     -6696.5902617387       110.0052143875      -697.3594452645    102002.7029850787
904000     -6696.5673088603       110.0072317393      -697.2524221307    102002.7029850787
905000     -6696.5512619007       110.0081912418      -697.2125930963    102002.7029850787
906000     -6696.5222686366       110.0112006135      -697.1388351008    102002.7029850787
907000     -6696.5141434148       110.0116006640      -697.0570441409    102002.7029850787
908000     -6696.5223959121       110.0105919518      -697.0070969964    102002.7029850787
909000     -6696.5427763605       110.0087130360      -696.9284075989    102002.7029850787
910000     -6696.5520426372       110.0079554115      -696.8083218596    102002.7029850787
911000     -6696.5237092359       110.0104863297      -696.7384257705    102002.7029850787
912000     -6696.5104990844       110.0113661427      -696.6660204352    102002.7029850787
913000     -6696.4883107588       110.0133727727      -696.5974705866    102002.7029850787
914000     -6696.4929801117       110.0129993731      -696.5157023182    102002.7029850787
915000     -6696.4959694963       110.0121663870      -696.4124490593    102002.7029850787
916000     -6696.4824070495       110.0132312900      -696.2890366636    102002.7029850787
917000     -6696.4640855185       110.0151727750      -696.1836674650    102002.7029850787
918000     -6696.4608231667       110.0155806404      -696.1153649435    102002.7029850787
919000     -6696.4690689244       110.0144975100      -696.0637617142    102002.7029850787
920000     -6696.4773230239       110.0134777543      -696.0187172986    102002.7029850787
921000     -6696.4789705308       110.0135121161      -695.9670168765    102002.7029850787
922000     -6696.4628096538       110.0150867617      -695.8816327648    102002.7029850787
923000     -6696.4543366426       110.0161769161      -695.7955975274    102002.7029850787
924000     -6696.4643686406       110.0151550175      -695.7597390799    102002.7029850787
925000     -6696.4407574210       110.0175908794      -695.7295284265    102002.7029850787
926000     -6696.4231676466       110.0193029200      -695.6372747219    102002.7029850787
927000     -6696.4101357871       110.0203842121      -695.5739798370    102002.7029850786
928000     -6696.4283356469       110.0185096802      -695.5461323699    102002.7029850786
929000     -6696.4300313034       110.0179973842      -695.4306836514    102002.7029850786
930000     -6696.4235472754       110.0185883743      -695.3642409065    102002.7029850786
931000     -6696.4002041659       110.0209110955      -695.3437751257    102002.7029850786
932000     -6696.3908945044       110.0217080434      -695.2932719384    102002.7029850786
933000     -6696.3853140979       110.0219312764      -695.2765311841    102002.7029850786
934000     -6696.3935922987       110.0207817129      -695.2100240978    102002.7029850786
935000     -6696.4192454371       110.0184562623      -695.1842560456    102002.7029850786
936000     -6696.4085606707       110.0193623598      -695.1919903849    102002.7029850786
937000     -6696.3925846513       110.0212083324      -695.1956712071    102002.7029850786
938000     -6696.3742538232       110.0231916257      -695.1979166765    102002.7029850786
939000     -6696.3792395714       110.0230890059      -695.1935062266    102002.7029850786
940000     -6696.3915731772       110.0221937656      -695.2164632710    102002.7029850786
941000     -6696.4042079106       110.0209898368      -695.2776234307    102002.7029850786
942000     -6696.4022811250       110.0212817459      -695.2933817635    102002.7029850786
943000     -6696.3925669601       110.0225232092      -695.2622772641    102002.7029850786
944000     -6696.3833784857       110.0235382895      -695.2460448976    102002.7029850786
945000     -6696.3771046400       110.0242276590      -695.2116685747    102002.7029850786
946000     -6696.3682672649       110.0255042131      -695.2023608042    102002.7029850786
947000     -6696.3453620088       110.0279310955      -695.1948500221    102002.7029850786
948000     -6696.3374900015       110.0288006530      -695.2112278538    102002.7029850786
949000     -6696.3446942726       110.0284043606      -695.2224740524    102002.7029850786
950000     -6696.3496255734       110.0279271125      -695.2619736293    102002.7029850786
951000     -6696.3480372400       110.0281263551      -695.2676910476    102002.7029850786
952000     -6696.3655753209       110.0267020385      -695.2398460711    102002.7029850786
953000     -6696.3746414590       110.0261509816      -695.2800490062    102002.7029850786
954000     -6696.3855695057       110.0248572151      -695.3187315838    102002.7029850786
955000     -6696.3692783127       110.0266622773      -695.3823563191    102002.7029850786
956000     -6696.3570630000       110.0276988406      -695.4275886880    102002.7029850786
957000     -6696.3550334081       110.0280711495      -695.5410659899    102002.7029850786
958000     -6696.3304259006       110.0307185203      -695.5686047978    102002.7029850786
959000     -6696.3191971106       110.0318796597      -695.5860524932    102002.7029850786
960000     -6696.2994606025       110.0333617895      -695.6330496309    102002.7029850786
961000     -6696.3035323578       110.0331639474      -695.7113799981    102002.7029850786
962000     -6696.3199310317       110.0317568714      -695.7528867296    102002.7029850786
963000     -6696.3379835738       110.0298132550      -695.7606293414    102002.7029850786
964000     -6696.3421812874       110.0296832549      -695.7278367786    102002.7029850786
965000     -6696.3527303010       110.0285295002      -695.6873698584    102002.7029850786
966000     -6696.3533382172       110.0286045812      -695.6622733954    102002.7029850786
967000     -6696.3475197792       110.0293877646      -695.6967002590    102002.7029850786
968000     -6696.3221005044       110.0322234157      -695.7177752685    102002.7029850786
969000     -6696.3151643135       110.0326078330      -695.6691764581    102002.7029850786
970000     -6696.3091915585       110.0329234301      -695.6657612857    102002.7029850786
971000     -6696.3170388696       110.0320091284      -695.5977594385    102002.7029850786
972000     -6696.3097861714       110.0328595547      -695.6112803551    102002.7029850786
973000     -6696.3205191981       110.0315822202      -695.6828797086    102002.7029850786
974000     -6696.3425463956       110.0297363742      -695.6946142043    102002.7029850786
975000     -6696.3525485301       110.0286504676      -695.7090695109    102002.7029850786
976000     -6696.3557622386       110.0282142268      -695.7357838927    102002.7029850786
977000     -6696.3712273291       110.0270345782      -695.6877685028    102002.7029850786
978000     -6696.3767620246       110.0261350808      -695.7032803128    102002.7029850786
979000     -6696.3822863244       110.0254441759      -695.7534838202    102002.7029850786
980000     -6696.3593764353       110.0275700002      -695.7529173203    102002.7029850786
981000     -6696.3501579647       110.0284894611      -695.7816498034    102002.7029850786
982000     -6696.3194332107       110.0308589537      -695.7816297110    102002.7029850786
983000     -6696.3256955049       110.0303293464      -695.7441070147    102002.7029850786
984000     -6696.3384646297       110.0291451273      -695.6987796595    102002.7029850786
985000     -6696.3458277816       110.0283817174      -695.6746703554    102002.7029850786
986000     -6696.3480430982       110.0281588563      -695.5653252130    102002.7029850786
987000     -6696.3213612555       110.0304452323      -695.5206867968    102002.7029850786
988000     -6696.3097701818       110.0313384846      -695.4834845215    102002.7029850786
989000     -6696.2896297551       110.0331959153      -695.3617012802    102002.7029850786
990000     -6696.2905529783       110.0330407272      -695.3145915790    102002.7029850786
991000     -6696.2745563581       110.0340709836      -695.2687948179    102002.7029850786
992000     -6696.2537979759       110.0356542478      -695.2201824033    102002.7029850786
993000     -6696.2578895843       110.0346124801      -695.1987310578    102002.7029850786
994000     -6696.2710266399       110.0328775596      -695.1792214665    102002.7029850786
995000     -6696.2624550287       110.0337168420      -695.0899904348    102002.7029850786
996000     -6696.2726597966       110.0326798539      -695.0272861127    102002.7029850786
997000     -6696.2920400334       110.0307800632      -694.9925066915    102002.7029850786
998000     -6696.2828256323       110.0317623964      -694.9113876864    102002.7029850786
999000     -6696.2960035500       110.0307539596      -694.8961950651    102002.7029850786
1000000     -6696.3049148338       110.0300998079      -694.7970878868    102002.7029850786
