# Time-averaged data for fix runningavgs
# TimeStep v_ra_etotal v_ra_temp v_ra_press v_ra_volume
502000     -7623.6921962901       109.3215118874      -771.5657143404    102002.7029850792
503000     -7621.3163339039       109.8256497722      -768.9548835392    102002.7029850792
504000     -7617.6114769408       109.8399489459      -783.3539440493    102002.7029850792
505000     -7615.7307701357       109.9005212677      -791.1921399671    102002.7029850792
506000     -7614.8483272902       109.8737702621      -797.6776447854    102002.7029850792
507000     -7614.0972258498       110.0106334703      -793.6296457786    102002.7029850792
508000     -7615.4036827052       109.9724172498      -797.9897674534    102002.7029850792
509000     -7613.5491956964       110.1541490999      -791.0240515167    102002.7029850792
510000     -7613.7976956854       110.1457021304      -787.7884621306    102002.7029850792
511000     -7613.2428008360       110.1396685777      -787.2473870209    102002.7029850792
512000     -7611.8608006175       110.1630837286      -794.4993679093    102002.7029850792
513000     -7611.1044861605       110.1862310192      -794.7339691650    102002.7029850792
514000     -7610.5616870926       110.2279556797      -793.9930970417    102002.7029850792
515000     -7611.1774086953       110.2484277671      -791.9794346261    102002.7029850792
516000     -7612.2032791884       110.1698334327      -790.8989929639    102002.7029850792
517000     -7613.0249445713       110.1395468067      -789.8169657344    102002.7029850792
518000     -7613.4683692872       110.0989186636      -791.9581917733    102002.7029850792
519000     -7614.8352734694       110.0483721340      -792.6495966539    102002.7029850792
520000     -7615.3496945196       110.0424932551      -793.0479893678    102002.7029850792
521000     -7615.3420192274       110.0508323974      -794.2141642363    102002.7029850792
522000     -7614.7066071759       110.0718015942      -793.1504677170    102002.7029850792
523000     -7615.0096220870       110.0393187969      -792.6183976196    102002.7029850792
524000     -7614.8045507654       110.0607725511      -793.2229488862    102002.7029850792
525000     -7615.1925123435       110.0432527046      -794.5528285063    102002.7029850792
526000     -7615.4389764231       110.0265395454      -793.9318187658    102002.7029850792
527000     -7616.1078022526       109.9869624384      -795.0545992609    102002.7029850792
528000     -7616.3785831939       109.9702540760      -795.2386916767    102002.7029850792
529000     -7616.0496295144       109.9933634456      -794.1259439887    102002.7029850792
530000     -7616.3937144451       109.9655501340      -794.2745962839    102002.7029850792
531000     -7616.6465597788       109.9540109340      -795.3605910357    102002.7029850792
532000     -7616.4883119679       109.9877167910      -794.8990098251    102002.7029850792
533000     -7616.4721530983       109.9914551253      -794.5019383900    102002.7029850792
534000     -7616.6667467503       109.9883676805      -793.7797200576    102002.7029850792
535000     -7616.9239135020       109.9781343442      -794.6900847678    102002.7029850792
536000     -7616.8986541977       109.9887450101      -795.8996872749    102002.7029850792
537000     -7616.7493838481       110.0096674788      -795.1071572622    102002.7029850792
538000     -7616.7745751170       110.0167833513      -794.8978620119    102002.7029850792
539000     -7616.9379354551       110.0061623288      -795.0963842879    102002.7029850791
540000     -7616.9628878120       110.0256158766      -794.8322235049    102002.7029850791
541000     -7616.9997237907       110.0428747141      -794.6924268429    102002.7029850791
542000     -7617.0359000819       110.0348688664      -796.4883035606    102002.7029850791
543000     -7617.2326805720       110.0242291197      -797.0183594919    102002.7029850791
544000     -7617.3045221920       110.0284982539      -797.5640432955    102002.7029850791
545000     -7617.4506332529       110.0133813150      -798.2135780613    102002.7029850791
546000     -7617.5044093885       110.0045327974      -798.3403199651    102002.7029850791
547000     -7617.4967177629       110.0072805087      -797.5682734428    102002.7029850791
548000     -7617.6457956638       110.0060204764      -798.2171206997    102002.7029850791
549000     -7617.5324308603       110.0235962802      -798.4018087754    102002.7029850791
550000     -7617.1973333609       110.0309149604      -799.0816392215    102002.7029850791
551000     -7617.3041944306       110.0189569471      -798.1302451843    102002.7029850791
552000     -7616.9326205359       110.0228389640      -798.7745440407    102002.7029850791
553000     -7616.6284778152       110.0278058521      -798.8060911415    102002.7029850791
554000     -7616.5935798139       110.0319758590      -797.9820973441    102002.7029850791
555000     -7616.5125841252       110.0403846154      -797.8546132410    102002.7029850791
556000     -7616.5347820800       110.0301318968      -798.0069893463    102002.7029850791
557000     -7616.4519573896       110.0334033614      -798.8767359569    102002.7029850791
558000     -7616.3298147610       110.0317585389      -798.8439706064    102002.7029850791
559000     -7616.2685940299       110.0352398821      -798.1719242405    102002.7029850791
560000     -7616.1227716538       110.0431371030      -797.4890634926    102002.7029850791
561000     -7616.0520693436       110.0439618242      -797.5493423610    102002.7029850791
562000     -7615.9774931408       110.0514623337      -797.2648649575    102002.7029850791
563000     -7615.9535501540       110.0504055118      -797.8299861966    102002.7029850791
564000     -7615.9793629158       110.0471645127      -798.1204440626    102002.7029850791
565000     -7615.8663353325       110.0532692554      -798.4312437558    102002.7029850791
566000     -7615.8910013875       110.0479892407      -798.1598878626    102002.7029850791
567000     -7615.8822754805       110.0539819381      -797.7758918516    102002.7029850791
568000     -7615.8791882134       110.0548139069      -798.2382408038    102002.7029850791
569000     -7615.9677513511       110.0534178169      -797.7196205151    102002.7029850791
570000     -7616.1787732940       110.0417192865      -797.5683870178    102002.7029850791
571000     -7616.2339261249       110.0341597970      -797.8210765568    102002.7029850791
572000     -7616.3440591592       110.0243366415      -796.8997820460    102002.7029850791
573000     -7616.2762309433       110.0205978074      -796.5498354592    102002.7029850791
574000     -7616.1825769134       110.0262806683      -796.5735067698    102002.7029850791
575000     -7616.4105575203       110.0186286790      -796.2420379743    102002.7029850791
576000     -7616.3298122150       110.0192648256      -796.7006374292    102002.7029850791
577000     -7616.4019120463       110.0125735145      -796.6741682730    102002.7029850791
578000     -7616.4001470292       110.0215379721      -796.8497565292    102002.7029850791
579000     -7616.5462931218       110.0157807585      -797.1351921939    102002.7029850791
580000     -7616.8028100395       110.0147555771      -796.9430199187    102002.7029850791
581000     -7617.0499171080       110.0047587661      -796.7777474232    102002.7029850791
582000     -7617.2021990251       110.0053049753      -796.5549667263    102002.7029850791
583000     -7617.4999233362       109.9990947964      -796.1112178935    102002.7029850791
584000     -7617.4933008078       110.0051663838      -796.1475787390    102002.7029850791
585000     -7617.5510112618       110.0047323553      -796.1799543333    102002.7029850791
586000     -7617.6466000552       109.9991250385      -795.8969263941    102002.7029850791
587000     -7617.6629570197       110.0035280359      -795.4971964409    102002.7029850791
588000     -7617.6254277261       110.0058720940      -795.1504086084    102002.7029850791
589000     -7617.5031168979       110.0182663293      -794.9023237394    102002.7029850791
590000     -7617.3855009751       110.0209401244      -794.6672259050    102002.7029850791
591000     -7617.3520695217       110.0237308031      -794.5978479013    102002.7029850792
592000     -7617.3837063420       110.0288799006      -794.4703555168    102002.7029850792
593000     -7617.4092159057       110.0230716951      -794.6557975130    102002.7029850792
594000     -7617.3653976079       110.0282741398      -794.5082483442    102002.7029850792
595000     -7617.5206222295       110.0247551028      -794.6977745464    102002.7029850792
596000     -7617.7290962336       110.0142735901      -794.2356019430    102002.7029850792
597000     -7617.8490594890       110.0106766006      -794.2616822400    102002.7029850792
598000     -7617.8042179211       110.0158984704      -794.1841694344    102002.7029850792
599000     -7617.7402274024       110.0163646553      -794.1143924335    102002.7029850792
600000     -7617.6954856968       110.0193116908      -794.1948483741    102002.7029850792
601000     -7617.8036938811       110.0113335110      -794.1348898363    102002.7029850792
602000     -7617.9504671809       110.0060771182      -793.7103995352    102002.7029850792
603000     -7617.8313302055       110.0144552269      -793.8387992021    102002.7029850792
604000     -7617.7420930559       110.0128845330      -794.4172779258    102002.7029850793
605000     -7617.8526113109       110.0028064067      -794.6293518263    102002.7029850793
606000     -7617.7930450977       110.0030671263      -794.7452065963    102002.7029850793
607000     -7617.6740297863       110.0119849678      -794.4452877245    102002.7029850793
608000     -7617.6900707933       110.0093848265      -794.5505138411    102002.7029850793
609000     -7617.7169114083       110.0061551835      -794.6520704261    102002.7029850793
610000     -7617.6950733054       110.0047253087      -794.6691582152    102002.7029850793
611000     -7617.7319602459       110.0064895599      -794.8789423802    102002.7029850793
612000     -7617.7230653788       110.0096010464      -794.9667807420    102002.7029850793
613000     -7617.8891520184       110.0011254589      -794.5020547076    102002.7029850793
614000     -7617.9483339792       110.0000207991      -794.1522763368    102002.7029850793
615000     -7617.9439387762       110.0022727976      -793.6956498137    102002.7029850793
616000     -7617.9854414875       110.0044764960      -793.7421497861    102002.7029850793
617000     -7618.0794118238       110.0068360837      -793.5284852395    102002.7029850793
618000     -7618.1552896292       110.0037624554      -793.4518584647    102002.7029850793
619000     -7618.1994803778       110.0016795047      -793.4068255723    102002.7029850793
620000     -7618.2895623338       109.9970459686      -793.8771070397    102002.7029850793
621000     -7618.4281506935       109.9890053360      -793.8315747957    102002.7029850793
622000     -7618.4734584144       109.9904425327      -793.8732444178    102002.7029850794
623000     -7618.4744623574       109.9952396778      -793.9918637669    102002.7029850794
624000     -7618.4291133125       110.0047114839      -794.0328109142    102002.7029850794
625000     -7618.3453034367       110.0100840125      -793.8474525825    102002.7029850794
626000     -7618.4629962686       110.0077964671      -793.6938123630    102002.7029850794
627000     -7618.6566122952       109.9987209921      -793.8274793738    102002.7029850794
628000     -7618.7431065512       109.9960299114      -793.7503316157    102002.7029850794
629000     -7618.8883609722       109.9938601404      -793.5054357768    102002.7029850794
630000     -7618.9360625914       109.9912970184      -793.1272944958    102002.7029850794
631000     -7619.0066802682       109.9856884838      -793.2662489665    102002.7029850794
632000     -7619.0679932629       109.9811922679      -793.5998033597    102002.7029850794
633000     -7619.1121741622       109.9766798616      -793.5435981667    102002.7029850794
634000     -7619.1542356083       109.9720919991      -793.7869610971    102002.7029850794
635000     -7619.1567262123       109.9736329713      -793.6154447008    102002.7029850794
636000     -7619.1977781038       109.9692476278      -793.3785143130    102002.7029850794
637000     -7619.2133800370       109.9700176917      -793.3816077572    102002.7029850794
638000     -7619.1468576265       109.9745425402      -793.5704364429    102002.7029850794
639000     -7619.0826466407       109.9764095821      -793.7461322725    102002.7029850794
640000     -7619.1130847174       109.9730782344      -794.0474202068    102002.7029850794
641000     -7619.0270794007       109.9751610695      -794.0976770967    102002.7029850794
642000     -7618.9499205235       109.9703537404      -794.2773636123    102002.7029850794
643000     -7618.8641320655       109.9680023758      -794.1668054910    102002.7029850794
644000     -7618.7652676542       109.9703978463      -794.3221179247    102002.7029850794
645000     -7618.8032753737       109.9656030068      -794.5969818692    102002.7029850794
646000     -7618.8412387083       109.9619874410      -794.6693748294    102002.7029850795
647000     -7618.8820968618       109.9585990110      -794.5622671573    102002.7029850795
648000     -7618.8814428485       109.9578278039      -794.5782149544    102002.7029850795
649000     -7618.8415752557       109.9616658847      -794.1538703536    102002.7029850795
650000     -7618.6959527638       109.9672923530      -794.2288863829    102002.7029850795
651000     -7618.5891780848       109.9725716155      -794.2260835602    102002.7029850795
652000     -7618.5965950085       109.9698631634      -794.1734620280    102002.7029850795
653000     -7618.5542968144       109.9689061660      -794.4450641174    102002.7029850795
654000     -7618.5938929282       109.9652682894      -794.0882323363    102002.7029850795
655000     -7618.5153976706       109.9710534944      -793.9695723711    102002.7029850795
656000     -7618.4306044075       109.9755374499      -793.7810894121    102002.7029850795
657000     -7618.3006890192       109.9802436090      -793.5969335133    102002.7029850795
658000     -7618.2091986766       109.9804792843      -793.3666460379    102002.7029850795
659000     -7618.1347986285       109.9834842041      -793.3294055233    102002.7029850795
660000     -7618.0169619779       109.9868738107      -793.3277160099    102002.7029850795
661000     -7617.9821367967       109.9892577864      -792.7206116735    102002.7029850795
662000     -7618.0031942600       109.9862605271      -792.6091815749    102002.7029850795
663000     -7617.9754734462       109.9831112801      -792.3700401475    102002.7029850795
664000     -7617.9538537675       109.9838564577      -792.3029326041    102002.7029850795
665000     -7617.9265708211       109.9833111204      -792.4641802247    102002.7029850795
666000     -7617.8792565289       109.9838594620      -792.5589025601    102002.7029850795
667000     -7617.8092789104       109.9883869573      -792.3383649983    102002.7029850795
668000     -7617.6745476114       109.9919013171      -792.2122926265    102002.7029850795
669000     -7617.6157856424       109.9935221803      -792.1151336864    102002.7029850795
670000     -7617.5478939122       109.9947430766      -792.3820167582    102002.7029850795
671000     -7617.5370496167       109.9917022472      -792.2940098642    102002.7029850795
672000     -7617.5565749406       109.9870022305      -792.5211784240    102002.7029850795
673000     -7617.4827571872       109.9871356533      -792.5236743517    102002.7029850795
674000     -7617.4552013641       109.9883387107      -792.3297329181    102002.7029850794
675000     -7617.3785669782       109.9870400540      -792.2388086728    102002.7029850794
676000     -7617.3899378642       109.9847217981      -792.0009882315    102002.7029850794
677000     -7617.2978532354       109.9848539982      -791.9324876409    102002.7029850794
678000     -7617.2561013852       109.9839483951      -791.9070862120    102002.7029850794
679000     -7617.1712159852       109.9871660202      -792.1320829275    102002.7029850794
680000     -7617.1134169540       109.9879899314      -792.1455908047    102002.7029850794
681000     -7617.1362123587       109.9868402263      -792.1119227813    102002.7029850794
682000     -7617.1782379702       109.9853372624      -792.1348506573    102002.7029850794
683000     -7617.1533992410       109.9832617391      -792.2791567050    102002.7029850794
684000     -7617.1921276735       109.9810548503      -791.9804752977    102002.7029850794
685000     -7617.1720922051       109.9814549397      -792.1199302802    102002.7029850794
686000     -7617.2681452726       109.9782531481      -792.2672141528    102002.7029850794
687000     -7617.2665224512       109.9815021031      -792.5169306078    102002.7029850794
688000     -7617.2563130222       109.9810403606      -792.6321946375    102002.7029850793
689000     -7617.2911238442       109.9776477068      -792.4044192042    102002.7029850793
690000     -7617.2914341462       109.9770784385      -792.2705572402    102002.7029850793
691000     -7617.2524882202       109.9788041559      -792.2614433330    102002.7029850793
692000     -7617.2607979205       109.9797401906      -792.2215909463    102002.7029850793
693000     -7617.2857762153       109.9791419482      -792.1345889789    102002.7029850793
694000     -7617.2532235798       109.9797272926      -792.1210338995    102002.7029850793
695000     -7617.2794867235       109.9780214463      -792.0313416015    102002.7029850793
696000     -7617.3050488700       109.9773522685      -791.9718483096    102002.7029850793
697000     -7617.3803525152       109.9742348477      -791.8388795224    102002.7029850793
698000     -7617.4260097185       109.9747083298      -791.8668504119    102002.7029850793
699000     -7617.4869904395       109.9735426692      -791.7431364063    102002.7029850793
700000     -7617.5495510953       109.9698048043      -791.6954225980    102002.7029850793
701000     -7617.5658225972       109.9701097135      -791.7042461848    102002.7029850793
702000     -7617.4991491566       109.9751287150      -791.8072213032    102002.7029850793
703000     -7617.5344296982       109.9754872547      -791.6739777517    102002.7029850793
704000     -7617.6241617594       109.9713580146      -791.5641007729    102002.7029850792
705000     -7617.5542933376       109.9744233821      -791.6816989119    102002.7029850792
706000     -7617.5869386317       109.9704965189      -791.8372861822    102002.7029850792
707000     -7617.5549744734       109.9687095520      -791.9063364833    102002.7029850792
708000     -7617.5078696804       109.9685967924      -791.9160115146    102002.7029850792
709000     -7617.4577773046       109.9695576465      -791.6792735294    102002.7029850792
710000     -7617.3829748352       109.9717215698      -791.6783548832    102002.7029850792
711000     -7617.4200403709       109.9706658703      -791.3610525020    102002.7029850792
712000     -7617.4304066020       109.9678107623      -791.0878865186    102002.7029850792
713000     -7617.4027879542       109.9694030760      -790.8645687672    102002.7029850792
714000     -7617.3831725716       109.9697715604      -790.8703376438    102002.7029850792
715000     -7617.3265937648       109.9694764502      -790.9860664751    102002.7029850792
716000     -7617.3257663127       109.9689771673      -790.9311690717    102002.7029850792
717000     -7617.2950618544       109.9680335491      -791.1390168968    102002.7029850792
718000     -7617.2773344232       109.9665694014      -790.9746656460    102002.7029850792
719000     -7617.1777130026       109.9708495004      -791.0014329772    102002.7029850792
720000     -7617.1373183956       109.9725646342      -791.0824657125    102002.7029850792
721000     -7617.1881492817       109.9692628858      -791.0754279921    102002.7029850792
722000     -7617.2349364876       109.9670584461      -791.0915139181    102002.7029850792
723000     -7617.2734839036       109.9663926522      -791.1917480988    102002.7029850792
724000     -7617.3105268765       109.9633958620      -791.1658809307    102002.7029850791
725000     -7617.2567627018       109.9661368773      -791.1391820723    102002.7029850791
726000     -7617.2191330805       109.9684171486      -791.0499426091    102002.7029850791
727000     -7617.1700861995       109.9732687763      -790.8666132656    102002.7029850791
728000     -7617.1905279470       109.9742539166      -790.9188228446    102002.7029850791
729000     -7617.1910721703       109.9748970534      -791.0003116181    102002.7029850791
730000     -7617.2231379114       109.9725954436      -790.9300109299    102002.7029850791
731000     -7617.1931883703       109.9756700621      -790.8145870307    102002.7029850791
732000     -7617.1775071041       109.9763303490      -790.7034327687    102002.7029850791
733000     -7617.1657292263       109.9742996201      -790.4678963528    102002.7029850791
734000     -7617.1315086484       109.9771816434      -790.3116211849    102002.7029850791
735000     -7617.1692908155       109.9773459244      -790.1901127392    102002.7029850791
736000     -7617.1261185894       109.9791297841      -790.1355031391    102002.7029850791
737000     -7617.0467495067       109.9838602918      -790.1752096322    102002.7029850791
738000     -7617.0180311287       109.9867103691      -790.1296782933    102002.7029850791
739000     -7617.0226621311       109.9844101848      -790.0247620008    102002.7029850791
740000     -7617.0108818968       109.9869808434      -789.9286240562    102002.7029850791
741000     -7617.0283514910       109.9890910088      -789.8898721168    102002.7029850791
742000     -7617.0659181927       109.9887843100      -789.8108427196    102002.7029850791
743000     -7617.1397700217       109.9847206898      -789.8891757922    102002.7029850791
744000     -7617.1519512957       109.9848829056      -789.9169627917    102002.7029850791
745000     -7617.1323340023       109.9865428292      -790.0291455938    102002.7029850791
746000     -7617.1600328002       109.9870362265      -789.9574560698    102002.7029850791
747000     -7617.1881480423       109.9845000727      -790.0577206418    102002.7029850791
748000     -7617.2178661576       109.9817149195      -789.8854528697    102002.7029850790
749000     -7617.2363916699       109.9801093044      -789.8978964051    102002.7029850790
750000     -7617.2781772076       109.9795596156      -789.8970475717    102002.7029850790
751000     -7617.2955926036       109.9808807923      -789.7389624166    102002.7029850790
752000     -7617.2690961502       109.9821266064      -789.7282954132    102002.7029850790
753000     -7617.2864746646       109.9795063195      -789.7009395805    102002.7029850790
754000     -7617.2665002844       109.9819156893      -789.7864404530    102002.7029850790
755000     -7617.2162606140       109.9840533932      -789.7842938053    102002.7029850790
756000     -7617.2026241826       109.9819396966      -789.8857351190    102002.7029850790
757000     -7617.1680260319       109.9831963852      -789.9463024644    102002.7029850790
758000     -7617.1489592012       109.9831558422      -789.9866023705    102002.7029850790
759000     -7617.1058267179       109.9856279331      -789.9206082258    102002.7029850790
760000     -7617.0736522318       109.9878905577      -789.7956166596    102002.7029850790
761000     -7617.0685039386       109.9892239237      -789.8400870160    102002.7029850790
762000     -7617.0283420533       109.9892749031      -789.9215457617    102002.7029850790
763000     -7617.0864395439       109.9865133187      -789.8423418451    102002.7029850790
764000     -7617.0657497815       109.9887755144      -789.8432194920    102002.7029850790
765000     -7617.0813948796       109.9874373506      -789.8821041681    102002.7029850790
766000     -7617.0700703837       109.9882939703      -789.9939716937    102002.7029850790
767000     -7617.1148688453       109.9862357166      -789.8413024262    102002.7029850790
768000     -7617.0879531873       109.9878957792      -789.9118246952    102002.7029850790
769000     -7617.1325848339       109.9840842095      -789.8318724378    102002.7029850790
770000     -7617.1284657244       109.9828014538      -789.9334991723    102002.7029850790
771000     -7617.1179266274       109.9831946733      -789.8437475534    102002.7029850790
772000     -7617.0493143902       109.9858832624      -789.7283605523    102002.7029850790
773000     -7617.0167790933       109.9871868742      -789.8072518495    102002.7029850790
774000     -7617.0380230625       109.9857688551      -789.7593464997    102002.7029850790
775000     -7616.9782819154       109.9889642050      -789.5954142750    102002.7029850790
776000     -7616.9418651970       109.9891292707      -789.6281904200    102002.7029850790
777000     -7616.9721682681       109.9869111574      -789.6478977320    102002.7029850789
778000     -7616.9785120787       109.9872999324      -789.6291485916    102002.7029850789
779000     -7616.9660309720       109.9896937415      -789.6189864700    102002.7029850789
780000     -7616.9588789397       109.9899851209      -789.6927089364    102002.7029850789
781000     -7616.9110981087       109.9921611834      -789.6606568317    102002.7029850789
782000     -7616.8754749399       109.9930231667      -789.6016490136    102002.7029850789
783000     -7616.8939221032       109.9898014860      -789.4870760560    102002.7029850789
784000     -7616.8868191579       109.9885088036      -789.2317386480    102002.7029850789
785000     -7616.8760357796       109.9872955016      -789.3265326719    102002.7029850789
786000     -7616.8910473098       109.9873393513      -789.2495126894    102002.7029850789
787000     -7616.8943872632       109.9874272441      -789.2694459511    102002.7029850789
788000     -7616.9001907845       109.9873791334      -789.2280972612    102002.7029850789
789000     -7616.9384866917       109.9848409311      -789.1757640370    102002.7029850789
790000     -7616.9529934576       109.9824796866      -789.0872147565    102002.7029850789
791000     -7616.9311199092       109.9849016132      -789.0612846314    102002.7029850789
792000     -7616.9381188259       109.9838615073      -789.0071603255    102002.7029850789
793000     -7616.9690583979       109.9834078388      -788.9803196093    102002.7029850789
794000     -7616.9575374053       109.9841443021      -789.0761199072    102002.7029850789
795000     -7616.9552707494       109.9852712312      -789.0102829833    102002.7029850789
796000     -7616.9595261427       109.9856796444      -789.1060621447    102002.7029850789
797000     -7616.9999464856       109.9856229580      -789.1872453845    102002.7029850789
798000     -7616.9861737343       109.9866994569      -789.1801463583    102002.7029850789
799000     -7616.9767102892       109.9876927638      -788.9856708581    102002.7029850789
800000     -7616.9507748896       109.9893890394      -789.0655965767    102002.7029850789
801000     -7616.9264917056       109.9905501198      -789.0646937028    102002.7029850789
802000     -7616.9213121792       109.9909070376      -789.2158074654    102002.7029850789
803000     -7616.9896651310       109.9881425046      -789.2338195801    102002.7029850789
804000     -7617.0253899385       109.9853289358      -789.1822968865    102002.7029850789
805000     -7617.0179356109       109.9843296589      -788.9908958031    102002.7029850789
806000     -7617.0353246451       109.9817274362      -789.0884064233    102002.7029850789
807000     -7617.0236565270       109.9808611314      -789.1353674366    102002.7029850789
808000     -7617.0169326121       109.9806095634      -789.1135679821    102002.7029850789
809000     -7617.0381756550       109.9802259922      -788.9869673610    102002.7029850789
810000     -7617.0191113975       109.9806922570      -788.9809446675    102002.7029850789
811000     -7616.9872815974       109.9824389165      -788.8441821698    102002.7029850789
812000     -7616.9966042093       109.9799413334      -788.7828821616    102002.7029850789
813000     -7617.0292903102       109.9775363580      -788.6333666537    102002.7029850789
814000     -7616.9801380390       109.9795075923      -788.8526431523    102002.7029850789
815000     -7616.9313193688       109.9821205596      -788.7330597155    102002.7029850788
816000     -7616.8758403693       109.9832365202      -788.6077877204    102002.7029850788
817000     -7616.8000724617       109.9858861438      -788.6599467874    102002.7029850788
818000     -7616.7586971369       109.9862220993      -788.7224239844    102002.7029850788
819000     -7616.7260261873       109.9878396647      -788.6642164065    102002.7029850788
820000     -7616.6836692124       109.9865064796      -788.6590328433    102002.7029850788
821000     -7616.6402084264       109.9871237572      -788.6887278108    102002.7029850788
822000     -7616.5743775776       109.9897605057      -788.6864103665    102002.7029850788
823000     -7616.5611392830       109.9903748310      -788.5856619983    102002.7029850788
824000     -7616.5732530560       109.9883888244      -788.5884669168    102002.7029850788
825000     -7616.5839952532       109.9886999804      -788.8092728553    102002.7029850788
826000     -7616.5566337973       109.9889208521      -788.9086172424    102002.7029850788
827000     -7616.5537952609       109.9896551289      -788.7860939958    102002.7029850788
828000     -7616.5118529042       109.9922250719      -788.7850081829    102002.7029850788
829000     -7616.5522880248       109.9900527041      -788.8440334377    102002.7029850788
830000     -7616.5607538922       109.9903519025      -788.6803339950    102002.7029850788
831000     -7616.5653215663       109.9905713874      -788.5516792056    102002.7029850788
832000     -7616.5841084004       109.9882974895      -788.6724434574    102002.7029850788
833000     -7616.5996157376       109.9863990354      -788.6753119825    102002.7029850788
834000     -7616.5560278922       109.9890028427      -788.6594681521    102002.7029850788
835000     -7616.5475125200       109.9891808358      -788.5330813101    102002.7029850788
836000     -7616.5163314271       109.9908326854      -788.4464763720    102002.7029850788
837000     -7616.5209364756       109.9898086904      -788.4202102461    102002.7029850788
838000     -7616.5140856636       109.9899362557      -788.4081726450    102002.7029850788
839000     -7616.5269046450       109.9892538663      -788.3697478794    102002.7029850788
840000     -7616.5118764524       109.9906351121      -788.4094837985    102002.7029850788
841000     -7616.5452168368       109.9881487332      -788.2640449516    102002.7029850788
842000     -7616.5153451752       109.9903359074      -788.2633830275    102002.7029850788
843000     -7616.5130975561       109.9911937387      -788.2339059761    102002.7029850788
844000     -7616.4985321284       109.9909197760      -788.1531668130    102002.7029850788
845000     -7616.4536516920       109.9932618930      -788.1849828287    102002.7029850788
846000     -7616.4331642761       109.9944484327      -788.1392938781    102002.7029850788
847000     -7616.4029494214       109.9950176737      -788.1395473292    102002.7029850788
848000     -7616.4027089184       109.9922097637      -788.0949594663    102002.7029850788
849000     -7616.3514412447       109.9932297869      -788.0918334134    102002.7029850788
850000     -7616.3232409036       109.9943100472      -788.1006968120    102002.7029850788
851000     -7616.3145685243       109.9954109002      -788.1359641465    102002.7029850788
852000     -7616.3299066931       109.9946683180      -788.0102477890    102002.7029850788
853000     -7616.3120714891       109.9965130625      -787.8382805623    102002.7029850788
854000     -7616.3260752187       109.9948978995      -787.7026871473    102002.7029850788
855000     -7616.3683068747       109.9927513337      -787.5786681143    102002.7029850788
856000     -7616.3847177301       109.9927326478      -787.5028675298    102002.7029850788
857000     -7616.3927306843       109.9916802015      -787.7000240242    102002.7029850788
858000     -7616.4140613263       109.9905414598      -787.8038968157    102002.7029850788
859000     -7616.4497634410       109.9893926488      -787.7316724598    102002.7029850788
860000     -7616.4618239321       109.9880519985      -787.7373745268    102002.7029850788
861000     -7616.4935810486       109.9863681326      -787.6643703359    102002.7029850788
862000     -7616.4869786612       109.9862187809      -787.7216988740    102002.7029850788
863000     -7616.5075178475       109.9852720775      -787.7949722131    102002.7029850788
864000     -7616.5122413456       109.9836711913      -787.8862827167    102002.7029850788
865000     -7616.4775201889       109.9841281326      -787.9581436854    102002.7029850788
866000     -7616.4599640539       109.9853120369      -788.0194851639    102002.7029850788
867000     -7616.5134036198       109.9830847967      -788.0346478907    102002.7029850788
868000     -7616.4968573860       109.9843257005      -788.0592817349    102002.7029850788
869000     -7616.5312805329       109.9818048806      -788.0565657218    102002.7029850788
870000     -7616.5200404889       109.9832026647      -788.0572897495    102002.7029850787
871000     -7616.5133396740       109.9837775895      -788.0875503218    102002.7029850787
872000     -7616.5042184811       109.9854823788      -788.0649786937    102002.7029850787
873000     -7616.5055583166       109.9844872909      -788.0378971110    102002.7029850787
874000     -7616.4900779079       109.9850561544      -788.0237261964    102002.7029850787
875000     -7616.5083568005       109.9842861781      -787.9646720069    102002.7029850787
876000     -7616.4821295871       109.9859362928      -787.9567056414    102002.7029850787
877000     -7616.4872151313       109.9847545231      -787.9439380567    102002.7029850787
878000     -7616.5221381079       109.9839457216      -787.9533461090    102002.7029850787
879000     -7616.5454952435       109.9828921178      -787.9343957911    102002.7029850787
880000     -7616.5925478897       109.9803751223      -787.9062383349    102002.7029850787
881000     -7616.6132653497       109.9800508501      -787.8132447500    102002.7029850787
882000     -7616.6117392182       109.9810832242      -787.6801016347    102002.7029850787
883000     -7616.6022590674       109.9820684758      -787.5436801982    102002.7029850787
884000     -7616.5470641111       109.9860510167      -787.4968163524    102002.7029850787
885000     -7616.5200411745       109.9865372468      -787.4005712175    102002.7029850787
886000     -7616.5229565995       109.9863401530      -787.4434419792    102002.7029850787
887000     -7616.5135036005       109.9873243021      -787.4885376986    102002.7029850787
888000     -7616.5210570934       109.9878780222      -787.4175490481    102002.7029850787
889000     -7616.5161013910       109.9889445209      -787.3902848075    102002.7029850787
890000     -7616.5187655084       109.9899213308      -787.3299819149    102002.7029850787
891000     -7616.5159012667       109.9896595572      -787.2390508314    102002.7029850787
892000     -7616.5371158413       109.9875895530      -787.1454550051    102002.7029850787
893000     -7616.5183717465       109.9884378622      -787.1494008761    102002.7029850787
894000     -7616.5255566695       109.9884932137      -787.0672615734    102002.7029850787
895000     -7616.5312805425       109.9897495464      -787.0680759525    102002.7029850787
896000     -7616.5618839886       109.9875991532      -787.0703882568    102002.7029850787
897000     -7616.5622140193       109.9880256813      -787.1116187746    102002.7029850787
898000     -7616.5923885956       109.9871203626      -786.9695527234    102002.7029850787
899000     -7616.5521326735       109.9889684890      -786.9260910374    102002.7029850787
900000     -7616.5251228799       109.9892589334      -786.9713310677    102002.7029850787
901000     -7616.5350324570       109.9876663689      -786.9969394612    102002.7029850787
902000     -7616.5113420340       109.9895687338      -787.0077750861    102002.7029850787
903000     -7616.5128474249       109.9898796926      -787.0806073205    102002.7029850787
904000     -7616.5162065939       109.9897816210      -787.0332444368    102002.7029850787
905000     -7616.5174123980       109.9898482096      -787.0125559704    102002.7029850787
906000     -7616.5182319189       109.9911637904      -787.0411335527    102002.7029850787
907000     -7616.5229277559       109.9924893512      -786.9180032486    102002.7029850787
908000     -7616.5252007016       109.9932845896      -786.9939580535    102002.7029850787
909000     -7616.5530101966       109.9926362600      -786.9971452464    102002.7029850787
910000     -7616.5539025390       109.9926298698      -786.9940852120    102002.7029850787
911000     -7616.5918324904       109.9899560983      -786.8416941641    102002.7029850787
912000     -7616.5777107698       109.9905308874      -786.9012102881    102002.7029850787
913000     -7616.5486466041       109.9924233565      -786.8452217166    102002.7029850787
914000     -7616.5454533747       109.9923352979      -786.7436757880    102002.7029850787
915000     -7616.5223760557       109.9933259771      -786.7535407101    102002.7029850787
916000     -7616.5153721060       109.9940689453      -786.9429716267    102002.7029850787
917000     -7616.5161169929       109.9929745611      -786.9634077494    102002.7029850787
918000     -7616.4720850771       109.9966418939      -786.9055698378    102002.7029850787
919000     -7616.4408276960       109.9976549503      -786.8585348514    102002.7029850787
920000     -7616.4119578772       109.9982683356      -786.8372231724    102002.7029850787
921000     -7616.3871893629       109.9998846706      -786.7716146982    102002.7029850787
922000     -7616.3932280623       110.0001029939      -786.7802976728    102002.7029850787
923000     -7616.4031541873       109.9995264827      -786.7649364359    102002.7029850787
924000     -7616.4219374139       109.9981048946      -786.8283282632    102002.7029850787
925000     -7616.4563744488       109.9971557815      -786.7401172124    102002.7029850787
926000     -7616.4253820577       109.9994993226      -786.6173103050    102002.7029850787
927000     -7616.4194700883       109.9998499426      -786.5822508019    102002.7029850786
928000     -7616.4120063136       110.0003103932      -786.5680637196    102002.7029850786
929000     -7616.4401926947       109.9983319279      -786.5634958609    102002.7029850786
930000     -7616.4624737572       109.9983497304      -786.6014562730    102002.7029850786
931000     -7616.4633284858       109.9988006584      -786.5686749126    102002.7029850786
932000     -7616.4565506805       109.9995439101      -786.6600467328    102002.7029850786
933000     -7616.4358648734       110.0008528415      -786.5723396730    102002.7029850786
934000     -7616.4435818612       110.0010943274      -786.5128924453    102002.7029850786
935000     -7616.4623753236       110.0020420420      -786.5502724596    102002.7029850786
936000     -7616.4635333697       110.0023323512      -786.5776016682    102002.7029850786
937000     -7616.4779337994       110.0017501885      -786.5457369869    102002.7029850786
938000     -7616.4572132465       110.0031916164      -786.5868856214    102002.7029850786
939000     -7616.4766346645       110.0030409601      -786.5190956514    102002.7029850786
940000     -7616.4797238367       110.0033948103      -786.4574690271    102002.7029850786
941000     -7616.4898042370       110.0036181309      -786.4885572028    102002.7029850786
942000     -7616.5058003748       110.0019389019      -786.4027168121    102002.7029850786
943000     -7616.5048743639       110.0020169900      -786.4810376026    102002.7029850786
944000     -7616.5034669554       110.0018294820      -786.4804042086    102002.7029850786
945000     -7616.4864681934       110.0038708574      -786.4562423196    102002.7029850786
946000     -7616.5110928714       110.0035903548      -786.4291891040    102002.7029850786
947000     -7616.5127378717       110.0043763727      -786.4152863384    102002.7029850786
948000     -7616.5255565783       110.0052263733      -786.4154231439    102002.7029850786
949000     -7616.5721102587       110.0043173242      -786.4370398693    102002.7029850786
950000     -7616.5733718202       110.0057933151      -786.4213338094    102002.7029850786
951000     -7616.6223773470       110.0052604508      -786.3525008841    102002.7029850786
952000     -7616.6208448336       110.0069082985      -786.3573894591    102002.7029850786
953000     -7616.6489457248       110.0079310312      -786.3024415153    102002.7029850786
954000     -7616.6761219741       110.0075622338      -786.2102158371    102002.7029850786
955000     -7616.7178450597       110.0070183279      -786.1791885620    102002.7029850786
956000     -7616.7201441468       110.0076620102      -786.1391913091    102002.7029850786
957000     -7616.7476625544       110.0073909220      -786.0171121640    102002.7029850786
958000     -7616.7651655725       110.0083127269      -786.0539100865    102002.7029850786
959000     -7616.7821436476       110.0094121318      -786.0878082184    102002.7029850786
960000     -7616.7993338521       110.0103325614      -785.9696841720    102002.7029850786
961000     -7616.8167947558       110.0106129165      -785.8899384178    102002.7029850786
962000     -7616.8588262250       110.0097571919      -785.9426585215    102002.7029850786
963000     -7616.8857192849       110.0085538510      -785.9191433120    102002.7029850786
964000     -7616.9022871788       110.0094814902      -785.9334680473    102002.7029850786
965000     -7616.9346662966       110.0097424186      -785.9165117232    102002.7029850786
966000     -7616.9477368843       110.0093652803      -785.8946221461    102002.7029850786
967000     -7616.9528078474       110.0095061288      -785.8379749520    102002.7029850786
968000     -7616.9436104847       110.0099444457      -785.7270885503    102002.7029850786
969000     -7616.9257104761       110.0116145243      -785.7664751484    102002.7029850786
970000     -7616.9602504307       110.0107741147      -785.6026847190    102002.7029850786
971000     -7616.9908885208       110.0088122965      -785.5211387489    102002.7029850786
972000     -7617.0175736109       110.0073525416      -785.5050915672    102002.7029850786
973000     -7617.0296714257       110.0075377423      -785.5742987176    102002.7029850786
974000     -7617.0353270104       110.0086521430      -785.5315146972    102002.7029850786
975000     -7617.0600478904       110.0089365383      -785.4725337232    102002.7029850786
976000     -7617.0911762787       110.0081017040      -785.4340241815    102002.7029850786
977000     -7617.1102855339       110.0083785923      -785.3694478791    102002.7029850786
978000     -7617.1161217162       110.0079304197      -785.3310432619    102002.7029850786
979000     -7617.1186183185       110.0077936330      -785.5164851907    102002.7029850786
980000     -7617.1449739218       110.0074592458      -785.5605170875    102002.7029850786
981000     -7617.1720406958       110.0064103662      -785.5522696243    102002.7029850786
982000     -7617.2012628970       110.0051611947      -785.5967260392    102002.7029850786
983000     -7617.1869150106       110.0066528054      -785.6077752019    102002.7029850786
984000     -7617.1864332862       110.0071240828      -785.5986364131    102002.7029850786
985000     -7617.1787312166       110.0072385690      -785.6184994136    102002.7029850786
986000     -7617.1770500260       110.0079284271      -785.6916430198    102002.7029850786
987000     -7617.1699458198       110.0094889085      -785.7460040335    102002.7029850786
988000     -7617.1600665907       110.0106156612      -785.8414652542    102002.7029850786
989000     -7617.1658092644       110.0091158006      -785.8730723594    102002.7029850786
990000     -7617.1774602731       110.0084133043      -785.9223944021    102002.7029850786
991000     -7617.1952787738       110.0074756279      -785.9498070670    102002.7029850786
992000     -7617.2084096669       110.0063862404      -786.0308458110    102002.7029850786
993000     -7617.1987193927       110.0060403816      -786.0274572510    102002.7029850786
994000     -7617.1878973608       110.0070767236      -786.0623426785    102002.7029850786
995000     -7617.1744410573       110.0077369157      -786.0466438485    102002.7029850786
996000     -7617.2031764005       110.0051369663      -786.0037725895    102002.7029850786
997000     -7617.2210743706       110.0047155101      -785.9778907507    102002.7029850786
998000     -7617.2010616991       110.0057370229      -786.0153654750    102002.7029850786
999000     -7617.1871443169       110.0054186097      -786.1187213528    102002.7029850786
1000000     -7617.1884588624       110.0064635259      -786.0631114972    102002.7029850786
