# Time-averaged data for fix runningavgs
# TimeStep v_ra_etotal v_ra_temp v_ra_press v_ra_volume
502000     -9001.3425212447       109.8925683503      -989.9429927448    102002.7029850792
503000     -8993.7459755881       110.0973349356     -1014.4897352542    102002.7029850792
504000     -8990.0214780531       110.1279104263     -1026.8793428567    102002.7029850792
505000     -8993.0234276228       109.9053311439     -1030.1505174202    102002.7029850792
506000     -8993.1160408737       109.8894808415     -1044.2179392197    102002.7029850792
507000     -8994.5159581478       109.8407413384     -1040.3671177105    102002.7029850792
508000     -8991.6922756010       109.9336756022     -1034.6873911676    102002.7029850792
509000     -8989.6208378097       109.9712546698     -1037.4669308318    102002.7029850792
510000     -8987.1514380218       110.0396716418     -1036.8208763466    102002.7029850792
511000     -8986.6962051991       110.0825620019     -1028.7595640541    102002.7029850792
512000     -8988.1231045256       110.0173121827     -1026.5823366981    102002.7029850792
513000     -8989.0476399486       110.0141241643     -1023.8584914081    102002.7029850792
514000     -8988.9546831049       110.0560435189     -1023.1422656084    102002.7029850792
515000     -8989.1234743353       110.0375883063     -1028.8913282849    102002.7029850792
516000     -8987.7073824345       110.0400571018     -1032.9445762704    102002.7029850792
517000     -8985.9235095066       110.0534086800     -1038.7706691221    102002.7029850792
518000     -8985.6056675810       110.0460366349     -1039.1489504348    102002.7029850792
519000     -8985.8358815243       110.0378486107     -1037.0770197868    102002.7029850792
520000     -8984.9272844930       110.0596680556     -1036.0781436957    102002.7029850792
521000     -8984.6248790095       110.0640299195     -1035.3472421884    102002.7029850792
522000     -8984.2994647000       110.0745181667     -1036.1955076243    102002.7029850792
523000     -8984.4862075696       110.0712859424     -1035.1598145390    102002.7029850792
524000     -8985.3309618669       110.0854884566     -1033.5725770439    102002.7029850792
525000     -8986.0821852186       110.0528108845     -1032.3969720027    102002.7029850792
526000     -8986.7888056552       110.0412547915     -1030.8296292057    102002.7029850792
527000     -8987.2595378413       110.0454547281     -1029.1353848317    102002.7029850792
528000     -8987.3238750944       110.0618600057     -1028.1698240576    102002.7029850792
529000     -8986.6982451429       110.0803486218     -1031.1982492393    102002.7029850792
530000     -8986.8069562747       110.0729077626     -1030.7829388280    102002.7029850792
531000     -8987.0625217052       110.0741038072     -1030.7132547893    102002.7029850792
532000     -8987.1016125468       110.0800642458     -1031.2137809024    102002.7029850792
533000     -8986.9601083086       110.0913433669     -1031.0162744506    102002.7029850792
534000     -8986.9219640808       110.0827372535     -1031.8772876369    102002.7029850792
535000     -8986.9637042285       110.0737347296     -1030.6568242566    102002.7029850792
536000     -8987.4017117498       110.0520789781     -1030.2018701907    102002.7029850792
537000     -8987.2905962728       110.0505433682     -1032.9605205289    102002.7029850792
538000     -8987.3924941261       110.0485673629     -1033.2938674182    102002.7029850792
539000     -8987.4678929523       110.0471823303     -1033.0448858827    102002.7029850791
540000     -8987.4371057392       110.0453483651     -1033.6538283608    102002.7029850791
541000     -8987.2314580764       110.0483321977     -1034.2886799252    102002.7029850791
542000     -8986.6633001500       110.0617425002     -1035.0783654143    102002.7029850791
543000     -8986.6922758043       110.0505222283     -1034.7520302382    102002.7029850791
544000     -8986.5476116732       110.0608716352     -1035.1721638037    102002.7029850791
545000     -8986.2089042686       110.0823362507     -1036.3918317832    102002.7029850791
546000     -8986.2634048067       110.0819808081     -1036.5499563422    102002.7029850791
547000     -8986.0141722876       110.0871741690     -1037.0981191315    102002.7029850791
548000     -8986.1470950365       110.0818341718     -1038.3531329191    102002.7029850791
549000     -8986.4944487620       110.0647358742     -1039.0572691470    102002.7029850791
550000     -8986.6472073742       110.0540257443     -1039.2340353090    102002.7029850791
551000     -8986.8619391005       110.0480091757     -1038.5292755943    102002.7029850791
552000     -8987.0463837512       110.0478447432     -1037.6831240083    102002.7029850791
553000     -8987.0740090246       110.0400029648     -1038.3009620403    102002.7029850791
554000     -8987.1985730514       110.0273593132     -1038.2393845827    102002.7029850791
555000     -8987.3510292206       110.0165788730     -1037.0994589938    102002.7029850791
556000     -8987.5315295588       110.0164961646     -1036.2926117851    102002.7029850791
557000     -8987.6866132331       110.0119270673     -1035.2527318793    102002.7029850791
558000     -8987.5870316126       110.0094463157     -1035.3722866083    102002.7029850791
559000     -8987.5371579421       110.0040326235     -1036.4345334983    102002.7029850791
560000     -8987.1078475618       110.0130040981     -1037.0954047100    102002.7029850791
561000     -8986.7532373960       110.0232541238     -1037.2469839105    102002.7029850791
562000     -8986.5795957070       110.0255579034     -1036.8220245400    102002.7029850791
563000     -8986.7938561790       110.0158826766     -1036.6098344358    102002.7029850791
564000     -8987.0431936151       110.0087230290     -1036.5438744932    102002.7029850791
565000     -8987.0758520178       110.0072213069     -1036.3083988101    102002.7029850791
566000     -8986.9439522439       110.0123135703     -1036.1798800838    102002.7029850791
567000     -8986.7821055032       110.0239365535     -1035.5902642925    102002.7029850791
568000     -8986.8871206290       110.0226740199     -1035.5405331793    102002.7029850791
569000     -8987.1646779864       110.0107418202     -1035.8997236960    102002.7029850791
570000     -8987.3206242892       110.0116227988     -1035.5259831555    102002.7029850791
571000     -8987.5421302720       110.0077400712     -1034.8776687251    102002.7029850791
572000     -8987.6833251882       110.0020348077     -1035.7363986942    102002.7029850791
573000     -8987.8129242198       109.9996644547     -1035.7323816345    102002.7029850791
574000     -8988.0131046072       109.9940106959     -1036.0781682900    102002.7029850791
575000     -8988.0495169009       109.9953438435     -1036.3326376214    102002.7029850791
576000     -8988.1594410128       109.9968504420     -1035.7559858478    102002.7029850791
577000     -8988.0926228188       110.0026487558     -1035.9433305547    102002.7029850791
578000     -8988.3139213001       109.9965274323     -1035.2447158027    102002.7029850791
579000     -8988.2546687968       110.0036480107     -1034.3251067966    102002.7029850791
580000     -8988.2721167876       110.0029360498     -1034.4120111024    102002.7029850791
581000     -8988.2545866204       110.0012805767     -1034.3165081039    102002.7029850791
582000     -8988.1450786599       109.9992578406     -1033.9966154913    102002.7029850791
583000     -8988.1934882269       109.9832396042     -1035.3074079175    102002.7029850791
584000     -8988.0653608005       109.9825107976     -1035.9336059156    102002.7029850791
585000     -8988.1288688252       109.9763105764     -1036.0246104843    102002.7029850791
586000     -8988.1068707288       109.9751796210     -1036.1091656593    102002.7029850791
587000     -8987.8453719901       109.9729399418     -1036.8312578306    102002.7029850791
588000     -8987.6907748816       109.9796505082     -1036.4681395025    102002.7029850791
589000     -8987.6316307940       109.9764061810     -1036.1237095383    102002.7029850791
590000     -8987.6186665309       109.9786079543     -1035.9481614768    102002.7029850791
591000     -8987.6644557556       109.9776110180     -1034.8835849925    102002.7029850792
592000     -8987.6821294898       109.9732834088     -1034.1799066904    102002.7029850792
593000     -8987.6899848088       109.9745149737     -1034.1539658593    102002.7029850792
594000     -8987.7822776440       109.9785097967     -1033.9376238283    102002.7029850792
595000     -8987.9865758850       109.9728809681     -1034.0578423663    102002.7029850792
596000     -8987.9790259486       109.9716490337     -1034.9637822329    102002.7029850792
597000     -8987.9827220333       109.9681109386     -1034.7801911027    102002.7029850792
598000     -8987.9513485800       109.9665630282     -1034.7452599454    102002.7029850792
599000     -8987.8484122516       109.9718752309     -1034.4230618836    102002.7029850792
600000     -8987.7608097607       109.9718236460     -1034.3935830024    102002.7029850792
601000     -8987.6452246533       109.9717204592     -1035.3975228529    102002.7029850792
602000     -8987.5010877974       109.9687033397     -1035.8530756813    102002.7029850792
603000     -8987.5843350642       109.9677322680     -1036.0267952164    102002.7029850792
604000     -8987.6303731752       109.9616953523     -1035.8903748994    102002.7029850793
605000     -8987.6418543252       109.9638090633     -1035.6487185044    102002.7029850793
606000     -8987.6732858945       109.9625132936     -1035.9035205260    102002.7029850793
607000     -8987.6566230799       109.9636658866     -1035.8807142076    102002.7029850793
608000     -8987.5698416298       109.9647838513     -1035.8954411629    102002.7029850793
609000     -8987.4476078143       109.9681262755     -1035.8581586712    102002.7029850793
610000     -8987.3851249524       109.9697833222     -1035.6002120895    102002.7029850793
611000     -8987.2285134937       109.9731832345     -1035.2743497302    102002.7029850793
612000     -8987.1955597125       109.9691638849     -1035.3097942836    102002.7029850793
613000     -8986.9357126572       109.9787190498     -1035.5352649383    102002.7029850793
614000     -8986.9085067671       109.9762391825     -1035.3168277571    102002.7029850793
615000     -8986.8649646746       109.9747046001     -1035.1575100376    102002.7029850793
616000     -8987.0305910888       109.9702439883     -1035.0659213442    102002.7029850793
617000     -8986.9669211968       109.9746440930     -1035.5475077366    102002.7029850793
618000     -8987.0660117895       109.9762207138     -1035.4614032339    102002.7029850793
619000     -8987.1890594316       109.9728908759     -1035.3504286105    102002.7029850793
620000     -8987.1113035560       109.9744068727     -1035.3754978281    102002.7029850793
621000     -8986.9605311055       109.9748935352     -1035.3148764157    102002.7029850793
622000     -8987.0729370181       109.9666049716     -1034.6036043317    102002.7029850794
623000     -8987.0146105439       109.9655026932     -1034.5093798449    102002.7029850794
624000     -8987.0092008821       109.9645093301     -1034.4825195257    102002.7029850794
625000     -8987.1531795354       109.9595976760     -1033.9134704979    102002.7029850794
626000     -8987.1679096136       109.9578805336     -1034.4922466436    102002.7029850794
627000     -8987.2044046569       109.9591837996     -1034.3002898525    102002.7029850794
628000     -8987.1811250164       109.9624808077     -1034.6885795344    102002.7029850794
629000     -8987.2696002860       109.9581554630     -1034.7436295562    102002.7029850794
630000     -8987.2288545756       109.9615484469     -1034.6926302224    102002.7029850794
631000     -8987.1498025561       109.9639962520     -1034.4984353593    102002.7029850794
632000     -8986.9915050934       109.9697769645     -1034.6979192875    102002.7029850794
633000     -8986.9127081125       109.9714992448     -1034.8150685751    102002.7029850794
634000     -8986.8772503964       109.9670866046     -1034.9783470736    102002.7029850794
635000     -8986.8520107710       109.9700419580     -1034.6226313552    102002.7029850794
636000     -8986.9694963923       109.9711975772     -1033.8156928357    102002.7029850794
637000     -8986.8622356368       109.9764271028     -1033.5836135730    102002.7029850794
638000     -8986.8572140495       109.9793017109     -1033.5481059005    102002.7029850794
639000     -8986.8023466895       109.9813932909     -1033.7894791532    102002.7029850794
640000     -8986.7923005495       109.9784359600     -1034.0031724098    102002.7029850794
641000     -8986.8226309541       109.9795405961     -1033.8890640303    102002.7029850794
642000     -8987.0265103259       109.9779523217     -1033.0450079235    102002.7029850794
643000     -8987.0398441411       109.9761372909     -1033.5235199347    102002.7029850794
644000     -8987.1791930322       109.9701461783     -1033.6529321079    102002.7029850794
645000     -8987.2821689192       109.9714472790     -1033.5442392762    102002.7029850794
646000     -8987.3828097021       109.9726723614     -1033.4492866430    102002.7029850795
647000     -8987.3911619829       109.9778510090     -1033.2231001389    102002.7029850795
648000     -8987.3373907404       109.9842621707     -1033.0831836454    102002.7029850795
649000     -8987.3358542441       109.9889472299     -1032.6257383095    102002.7029850795
650000     -8987.2023236564       109.9941437399     -1032.4775780971    102002.7029850795
651000     -8987.1395313704       109.9977478576     -1032.6166850608    102002.7029850795
652000     -8987.1735427868       109.9936312709     -1032.7774422554    102002.7029850795
653000     -8987.2115005974       109.9919914136     -1032.9676880885    102002.7029850795
654000     -8987.1742621685       109.9950435875     -1032.9328105881    102002.7029850795
655000     -8987.2638463882       109.9950236447     -1032.6029040662    102002.7029850795
656000     -8987.3019022114       109.9968792412     -1032.3746535141    102002.7029850795
657000     -8987.2710437918       109.9975490464     -1032.4342777138    102002.7029850795
658000     -8987.3421044237       109.9982890762     -1032.0171541094    102002.7029850795
659000     -8987.3916684956       109.9947708332     -1032.0827292354    102002.7029850795
660000     -8987.4176574079       109.9930257186     -1032.2490031447    102002.7029850795
661000     -8987.3583306268       109.9964850500     -1032.2448553888    102002.7029850795
662000     -8987.3312416087       109.9983793736     -1031.9510775435    102002.7029850795
663000     -8987.4741209587       109.9948718682     -1031.5906018865    102002.7029850795
664000     -8987.4955472370       109.9931240883     -1031.6760342838    102002.7029850795
665000     -8987.5322460367       109.9937070806     -1031.5402170751    102002.7029850795
666000     -8987.5124234645       109.9940481725     -1031.5666842068    102002.7029850795
667000     -8987.4189078807       109.9976971952     -1032.0020627342    102002.7029850795
668000     -8987.4727610379       109.9944310486     -1031.8206931466    102002.7029850795
669000     -8987.5101791479       109.9936636280     -1031.7607402792    102002.7029850795
670000     -8987.5572375581       109.9928632066     -1031.8259059066    102002.7029850795
671000     -8987.5518187119       109.9948544910     -1031.9816456108    102002.7029850795
672000     -8987.5694296095       109.9929353797     -1032.0728523318    102002.7029850795
673000     -8987.6538875065       109.9922140593     -1031.8273975189    102002.7029850795
674000     -8987.7850484097       109.9913859704     -1031.4662847018    102002.7029850794
675000     -8987.8685224535       109.9907345289     -1031.2230583328    102002.7029850794
676000     -8987.8671463788       109.9911932576     -1030.7315236956    102002.7029850794
677000     -8987.8545303745       109.9903394561     -1030.6472912418    102002.7029850794
678000     -8987.8191899839       109.9902652952     -1030.7753188781    102002.7029850794
679000     -8987.7674021531       109.9911818140     -1030.8632313552    102002.7029850794
680000     -8987.7433832925       109.9929096893     -1031.1020166770    102002.7029850794
681000     -8987.7296961184       109.9942844521     -1031.4486796868    102002.7029850794
682000     -8987.6901516122       109.9986631853     -1031.4792067530    102002.7029850794
683000     -8987.7888951472       109.9968987497     -1031.4442249527    102002.7029850794
684000     -8987.8911665457       109.9959559994     -1031.1151839466    102002.7029850794
685000     -8987.8014773200       110.0007320720     -1031.1982857863    102002.7029850794
686000     -8987.8269283299       109.9988561103     -1031.6190685669    102002.7029850794
687000     -8987.8898120746       109.9963242155     -1032.0349969030    102002.7029850794
688000     -8987.9728568419       109.9957258788     -1031.8527290715    102002.7029850793
689000     -8988.0954054794       109.9913388890     -1032.2055657800    102002.7029850793
690000     -8988.1717772202       109.9886693172     -1032.6950625107    102002.7029850793
691000     -8988.1940274691       109.9916572852     -1032.8221359638    102002.7029850793
692000     -8988.2058928029       109.9942535269     -1033.1684842113    102002.7029850793
693000     -8988.1165474660       109.9967481577     -1033.0591563800    102002.7029850793
694000     -8988.1227391903       109.9957589948     -1032.9027254834    102002.7029850793
695000     -8988.1709753994       109.9955628461     -1032.8022889961    102002.7029850793
696000     -8988.1353806465       109.9996919460     -1032.7723420259    102002.7029850793
697000     -8988.2174111646       109.9985681712     -1032.8711992710    102002.7029850793
698000     -8988.3155788853       109.9959686249     -1033.1082869587    102002.7029850793
699000     -8988.4320187976       109.9945242258     -1032.8003993141    102002.7029850793
700000     -8988.5193789254       109.9926519998     -1032.6582756942    102002.7029850793
701000     -8988.5860119909       109.9930101747     -1032.5358192956    102002.7029850793
702000     -8988.6120755497       109.9942481286     -1032.5813241973    102002.7029850793
703000     -8988.5956452833       109.9970629026     -1032.7480461179    102002.7029850793
704000     -8988.5490157284       109.9977658988     -1032.8612641692    102002.7029850792
705000     -8988.5122473840       110.0001232228     -1032.7991521163    102002.7029850792
706000     -8988.4799065774       110.0014157034     -1032.9094943037    102002.7029850792
707000     -8988.4954902656       110.0003512392     -1033.1456062468    102002.7029850792
708000     -8988.4137300778       110.0021940085     -1033.3395061040    102002.7029850792
709000     -8988.3743093714       110.0016242543     -1033.3845974064    102002.7029850792
710000     -8988.3116409501       110.0020402999     -1033.2221082995    102002.7029850792
711000     -8988.3434402204       110.0004257636     -1033.0197632430    102002.7029850792
712000     -8988.3465740347       110.0014839125     -1032.9187137637    102002.7029850792
713000     -8988.3788407302       110.0027357097     -1032.7899430585    102002.7029850792
714000     -8988.4220858322       110.0016102965     -1032.6763361893    102002.7029850792
715000     -8988.4295679190       110.0023421212     -1032.6127700645    102002.7029850792
716000     -8988.4554722862       110.0016865036     -1032.4675588935    102002.7029850792
717000     -8988.5014193427       109.9992614675     -1032.3518419814    102002.7029850792
718000     -8988.4675323454       109.9993294196     -1032.1876221515    102002.7029850792
719000     -8988.4160288310       110.0002737861     -1031.9489498065    102002.7029850792
720000     -8988.3710116961       110.0005123909     -1031.9634503106    102002.7029850792
721000     -8988.4565549048       109.9965801196     -1032.3874047744    102002.7029850792
722000     -8988.4703882704       109.9951051760     -1032.5388499086    102002.7029850792
723000     -8988.5069788593       109.9956666243     -1032.3660079800    102002.7029850792
724000     -8988.4456853401       109.9989132153     -1032.2648243457    102002.7029850791
725000     -8988.4415805681       109.9964761765     -1032.1844995611    102002.7029850791
726000     -8988.3977046218       109.9976340545     -1032.0797562034    102002.7029850791
727000     -8988.3759874147       109.9956288669     -1032.0276867183    102002.7029850791
728000     -8988.3134954991       109.9967140940     -1032.1680230807    102002.7029850791
729000     -8988.3252525425       109.9960526344     -1032.1256097073    102002.7029850791
730000     -8988.3967926526       109.9927072400     -1032.3129445555    102002.7029850791
731000     -8988.3881877721       109.9933760427     -1032.2521156297    102002.7029850791
732000     -8988.3671186389       109.9924271758     -1032.3193239078    102002.7029850791
733000     -8988.3556620855       109.9935618806     -1032.3560862829    102002.7029850791
734000     -8988.3801656722       109.9912849404     -1032.3330794176    102002.7029850791
735000     -8988.3973137525       109.9930895895     -1032.1209157789    102002.7029850791
736000     -8988.3667832523       109.9915455940     -1032.1584198455    102002.7029850791
737000     -8988.3344662652       109.9892504695     -1032.3088648342    102002.7029850791
738000     -8988.3219625202       109.9877789219     -1032.2291132012    102002.7029850791
739000     -8988.3582965454       109.9868994600     -1031.9598741786    102002.7029850791
740000     -8988.3617426789       109.9847972719     -1031.7380398366    102002.7029850791
741000     -8988.3711821816       109.9828617459     -1031.8416786435    102002.7029850791
742000     -8988.3502678925       109.9820202413     -1031.9433340590    102002.7029850791
743000     -8988.3165584269       109.9822445147     -1032.1749499963    102002.7029850791
744000     -8988.2904052624       109.9822409236     -1032.4218280013    102002.7029850791
745000     -8988.2533710251       109.9822065403     -1032.5744736227    102002.7029850791
746000     -8988.1824828462       109.9817929633     -1032.5930909129    102002.7029850791
747000     -8988.1179502645       109.9825245788     -1032.7324759588    102002.7029850791
748000     -8988.0565918694       109.9843526221     -1032.8421855602    102002.7029850790
749000     -8987.9617511333       109.9859968111     -1033.0055560151    102002.7029850790
750000     -8987.8727451144       109.9893630220     -1032.9840712683    102002.7029850790
751000     -8987.8884237351       109.9901393656     -1032.8198574409    102002.7029850790
752000     -8987.9271994650       109.9896650406     -1032.8479698909    102002.7029850790
753000     -8987.9485005055       109.9877235019     -1032.8876145340    102002.7029850790
754000     -8987.9016523439       109.9875997626     -1033.0556680019    102002.7029850790
755000     -8987.8220171776       109.9880515747     -1032.9173378398    102002.7029850790
756000     -8987.8026080351       109.9883089945     -1032.8612283923    102002.7029850790
757000     -8987.7787939701       109.9892337085     -1033.0789197800    102002.7029850790
758000     -8987.8061267697       109.9879397929     -1033.3346560366    102002.7029850790
759000     -8987.8223842240       109.9883615474     -1033.3811322488    102002.7029850790
760000     -8987.8006023150       109.9891635732     -1033.3903862302    102002.7029850790
761000     -8987.8200010046       109.9871694744     -1033.2912236596    102002.7029850790
762000     -8987.8186790389       109.9861973144     -1033.1797342550    102002.7029850790
763000     -8987.7953878509       109.9870243026     -1033.3032974667    102002.7029850790
764000     -8987.7695856279       109.9863059776     -1033.4697616706    102002.7029850790
765000     -8987.7511809421       109.9882603110     -1033.4858087766    102002.7029850790
766000     -8987.7334063063       109.9876883397     -1033.5303447069    102002.7029850790
767000     -8987.7219378702       109.9861254236     -1033.6928649139    102002.7029850790
768000     -8987.7655778756       109.9832587808     -1033.7929990799    102002.7029850790
769000     -8987.7568744482       109.9828708274     -1033.9446938296    102002.7029850790
770000     -8987.7583049748       109.9832425555     -1034.0014134680    102002.7029850790
771000     -8987.7988385689       109.9825145568     -1033.9746427780    102002.7029850790
772000     -8987.8282188540       109.9823249742     -1034.0149523769    102002.7029850790
773000     -8987.7833426757       109.9831985128     -1034.1011467655    102002.7029850790
774000     -8987.7648164052       109.9850539072     -1033.9700227832    102002.7029850790
775000     -8987.8141310660       109.9850522359     -1033.7372974843    102002.7029850790
776000     -8987.8889656121       109.9837950246     -1033.3926582286    102002.7029850790
777000     -8987.8977414975       109.9866241923     -1033.1642755416    102002.7029850789
778000     -8987.8986230211       109.9868097841     -1033.0760569417    102002.7029850789
779000     -8987.9067721566       109.9852263946     -1033.1859400638    102002.7029850789
780000     -8987.8922309140       109.9857432576     -1033.1789801087    102002.7029850789
781000     -8987.8332480566       109.9866815034     -1033.2298288951    102002.7029850789
782000     -8987.7082498715       109.9868900549     -1033.2482738634    102002.7029850789
783000     -8987.6777345369       109.9868315012     -1033.4354102656    102002.7029850789
784000     -8987.6424333125       109.9872860885     -1033.4821876905    102002.7029850789
785000     -8987.6056140127       109.9891808083     -1033.6867593932    102002.7029850789
786000     -8987.6078557884       109.9876238216     -1033.5671034758    102002.7029850789
787000     -8987.5664773638       109.9881104065     -1033.4648496387    102002.7029850789
788000     -8987.5760044250       109.9872269308     -1033.4485646622    102002.7029850789
789000     -8987.5838383631       109.9869906234     -1033.6290764487    102002.7029850789
790000     -8987.5797566323       109.9857754035     -1033.5343848389    102002.7029850789
791000     -8987.5784121519       109.9841349020     -1033.6892635836    102002.7029850789
792000     -8987.5703457819       109.9833861518     -1033.7313636232    102002.7029850789
793000     -8987.4720403113       109.9876752966     -1033.9513002886    102002.7029850789
794000     -8987.4741192563       109.9873292932     -1033.9707270120    102002.7029850789
795000     -8987.5078409075       109.9860667698     -1034.0689504271    102002.7029850789
796000     -8987.4962634589       109.9856217549     -1034.0134379401    102002.7029850789
797000     -8987.5267644027       109.9857389327     -1033.9818875281    102002.7029850789
798000     -8987.5738368317       109.9868191424     -1033.9360900367    102002.7029850789
799000     -8987.6610596890       109.9846487800     -1033.9549546357    102002.7029850789
800000     -8987.7170985088       109.9842876386     -1034.0743408242    102002.7029850789
801000     -8987.7597101721       109.9844323223     -1034.1546856054    102002.7029850789
802000     -8987.8081944162       109.9843370725     -1034.0503289121    102002.7029850789
803000     -8987.8403659281       109.9839655120     -1033.9197910104    102002.7029850789
804000     -8987.8316437543       109.9861083119     -1034.0572367790    102002.7029850789
805000     -8987.8434537785       109.9870023071     -1034.0878555731    102002.7029850789
806000     -8987.8744409182       109.9865283560     -1034.0609045019    102002.7029850789
807000     -8987.8969370463       109.9865257635     -1034.1751931991    102002.7029850789
808000     -8987.8339008721       109.9901095227     -1034.1872616223    102002.7029850789
809000     -8987.8148994520       109.9909481941     -1034.3871301286    102002.7029850789
810000     -8987.7832482277       109.9910605891     -1034.4358026183    102002.7029850789
811000     -8987.7696211174       109.9900789029     -1034.4479340997    102002.7029850789
812000     -8987.7370458766       109.9903447241     -1034.3181726813    102002.7029850789
813000     -8987.7522141160       109.9887502462     -1034.0912221922    102002.7029850789
814000     -8987.7327984421       109.9896861215     -1033.9608315909    102002.7029850789
815000     -8987.7329454603       109.9899181306     -1033.8900982530    102002.7029850788
816000     -8987.6838930866       109.9921160780     -1033.9404545856    102002.7029850788
817000     -8987.6827411723       109.9924684158     -1033.8783875056    102002.7029850788
818000     -8987.7035860008       109.9920164876     -1033.8468800286    102002.7029850788
819000     -8987.6880527380       109.9924533961     -1033.7652863374    102002.7029850788
820000     -8987.6329927360       109.9955534382     -1033.7356593502    102002.7029850788
821000     -8987.6410995979       109.9963276893     -1033.7511904842    102002.7029850788
822000     -8987.6495800935       109.9950134701     -1033.7036994100    102002.7029850788
823000     -8987.6654313783       109.9945178282     -1033.6739983452    102002.7029850788
824000     -8987.6797714757       109.9952428121     -1033.7134959032    102002.7029850788
825000     -8987.7153151892       109.9939938195     -1033.8670237585    102002.7029850788
826000     -8987.7946516174       109.9926269766     -1033.6517653077    102002.7029850788
827000     -8987.8466918291       109.9926814313     -1033.6135307360    102002.7029850788
828000     -8987.8761854814       109.9943216012     -1033.5134704969    102002.7029850788
829000     -8987.9239814510       109.9926174225     -1033.3525835354    102002.7029850788
830000     -8988.0008028017       109.9906312780     -1033.4303062948    102002.7029850788
831000     -8988.0130884898       109.9903314955     -1033.4873340526    102002.7029850788
832000     -8988.0356636711       109.9898185044     -1033.4258039956    102002.7029850788
833000     -8988.0654521433       109.9899627822     -1033.3527044316    102002.7029850788
834000     -8988.0726705678       109.9911529045     -1033.3926640960    102002.7029850788
835000     -8988.0750305510       109.9917744910     -1033.5047848963    102002.7029850788
836000     -8988.0727008432       109.9927320095     -1033.5243450611    102002.7029850788
837000     -8988.0458100188       109.9938412086     -1033.5077940656    102002.7029850788
838000     -8988.0345771569       109.9948246314     -1033.5002863781    102002.7029850788
839000     -8988.0525527212       109.9938624280     -1033.6118687872    102002.7029850788
840000     -8988.0671468929       109.9930533239     -1033.5894870667    102002.7029850788
841000     -8988.0661330656       109.9941391567     -1033.5576981163    102002.7029850788
842000     -8988.0768473571       109.9944026012     -1033.4062633369    102002.7029850788
843000     -8988.1230449274       109.9924223832     -1033.3532426847    102002.7029850788
844000     -8988.1419237811       109.9917696144     -1033.3035644457    102002.7029850788
845000     -8988.0897655359       109.9930205995     -1033.4946897744    102002.7029850788
846000     -8988.0478583647       109.9948588024     -1033.4206193286    102002.7029850788
847000     -8988.0247173916       109.9941340816     -1033.4361246539    102002.7029850788
848000     -8987.9854758999       109.9958965791     -1033.4616082364    102002.7029850788
849000     -8987.9030807078       109.9980555760     -1033.6038753395    102002.7029850788
850000     -8987.8712137170       109.9991457036     -1033.6298435253    102002.7029850788
851000     -8987.8220558452       109.9988131805     -1033.6272074710    102002.7029850788
852000     -8987.7649926467       110.0004636145     -1033.4504202660    102002.7029850788
853000     -8987.7224126504       110.0012880791     -1033.3206442715    102002.7029850788
854000     -8987.6894216027       110.0013776539     -1033.3959980601    102002.7029850788
855000     -8987.7010471588       110.0003495372     -1033.4577589839    102002.7029850788
856000     -8987.6902551740       110.0011885887     -1033.6028860030    102002.7029850788
857000     -8987.6823073381       110.0014938501     -1033.7774389445    102002.7029850788
858000     -8987.6410224035       110.0007707257     -1033.9178748688    102002.7029850788
859000     -8987.5600495365       110.0017078325     -1033.9211274687    102002.7029850788
860000     -8987.5141503475       110.0030193873     -1033.8663725844    102002.7029850788
861000     -8987.4907861422       110.0033146364     -1033.9471711651    102002.7029850788
862000     -8987.4653967000       110.0037244232     -1033.9615444434    102002.7029850788
863000     -8987.4270875011       110.0037820517     -1034.0815777548    102002.7029850788
864000     -8987.4011266385       110.0048798497     -1034.2095469117    102002.7029850788
865000     -8987.4405717970       110.0035930483     -1034.1130654521    102002.7029850788
866000     -8987.4621625320       110.0042750554     -1034.1090323767    102002.7029850788
867000     -8987.4254875403       110.0065260461     -1034.0670275578    102002.7029850788
868000     -8987.3801121423       110.0073022985     -1034.2047681641    102002.7029850788
869000     -8987.3494464808       110.0078837976     -1034.2392243523    102002.7029850788
870000     -8987.3848868749       110.0073965132     -1034.1973476461    102002.7029850787
871000     -8987.4247383515       110.0055206539     -1034.1817763636    102002.7029850787
872000     -8987.3781826067       110.0060102240     -1034.0482143029    102002.7029850787
873000     -8987.3855564204       110.0042146308     -1034.1832780736    102002.7029850787
874000     -8987.3890434003       110.0043853270     -1034.0260071274    102002.7029850787
875000     -8987.3895668482       110.0030390780     -1034.0142278159    102002.7029850787
876000     -8987.3667635434       110.0032868689     -1033.8413544330    102002.7029850787
877000     -8987.3362546394       110.0031543851     -1033.7639861651    102002.7029850787
878000     -8987.3037417704       110.0019836105     -1033.9292200865    102002.7029850787
879000     -8987.2802845497       110.0020142582     -1034.0510045188    102002.7029850787
880000     -8987.1986707416       110.0043703353     -1034.1040515945    102002.7029850787
881000     -8987.1768175692       110.0044095920     -1034.1811512033    102002.7029850787
882000     -8987.1213172938       110.0060457989     -1034.1404243447    102002.7029850787
883000     -8987.0569453896       110.0085888476     -1034.1345156852    102002.7029850787
884000     -8987.0285775872       110.0091959795     -1034.1230987228    102002.7029850787
885000     -8987.0242187633       110.0078081738     -1034.2177797897    102002.7029850787
886000     -8986.9815081562       110.0071195958     -1034.3932156989    102002.7029850787
887000     -8986.9712414995       110.0062008389     -1034.4781788884    102002.7029850787
888000     -8986.9902398932       110.0037436438     -1034.5817002505    102002.7029850787
889000     -8986.9560404693       110.0032253947     -1034.5955326377    102002.7029850787
890000     -8986.9405531691       110.0049373432     -1034.5655668371    102002.7029850787
891000     -8986.9379912734       110.0060767919     -1034.5484183658    102002.7029850787
892000     -8986.9372927517       110.0059589759     -1034.8020053518    102002.7029850787
893000     -8986.9066216448       110.0072897542     -1034.8155721679    102002.7029850787
894000     -8986.8771380445       110.0084216131     -1034.8265213442    102002.7029850787
895000     -8986.8341881710       110.0105135946     -1034.7278107447    102002.7029850787
896000     -8986.8159391707       110.0109595023     -1034.7038352863    102002.7029850787
897000     -8986.7842173288       110.0118549678     -1034.5415363830    102002.7029850787
898000     -8986.7706124396       110.0110439002     -1034.4575088437    102002.7029850787
899000     -8986.7767311215       110.0107755654     -1034.3331524439    102002.7029850787
900000     -8986.7812207711       110.0111196451     -1034.3096558331    102002.7029850787
901000     -8986.8117814031       110.0088409917     -1034.2603170851    102002.7029850787
902000     -8986.7906074127       110.0085851574     -1034.2916120350    102002.7029850787
903000     -8986.7802640429       110.0086386099     -1034.4953127631    102002.7029850787
904000     -8986.7559291833       110.0085412516     -1034.5884084540    102002.7029850787
905000     -8986.6873672624       110.0092968752     -1034.6000829729    102002.7029850787
906000     -8986.6342861941       110.0096880396     -1034.5393672219    102002.7029850787
907000     -8986.6155354465       110.0092629958     -1034.6420251983    102002.7029850787
908000     -8986.5676325922       110.0101449784     -1034.7859004414    102002.7029850787
909000     -8986.5368923459       110.0100814871     -1034.7927281612    102002.7029850787
910000     -8986.5332739711       110.0092894476     -1034.9261468837    102002.7029850787
911000     -8986.6009380398       110.0071336051     -1034.9401952067    102002.7029850787
912000     -8986.6128751024       110.0061423243     -1034.8928149098    102002.7029850787
913000     -8986.5674682871       110.0064718341     -1034.9899611023    102002.7029850787
914000     -8986.5894795787       110.0059203034     -1034.8616022355    102002.7029850787
915000     -8986.5896645734       110.0061577182     -1034.7631657380    102002.7029850787
916000     -8986.5567889308       110.0063846199     -1034.7258232316    102002.7029850787
917000     -8986.5272416217       110.0060312101     -1034.6013942283    102002.7029850787
918000     -8986.5310297678       110.0061917753     -1034.4841245063    102002.7029850787
919000     -8986.5368254263       110.0047460378     -1034.4536958711    102002.7029850787
920000     -8986.5176636007       110.0050398389     -1034.3437336145    102002.7029850787
921000     -8986.4856239903       110.0057332417     -1034.2580315422    102002.7029850787
922000     -8986.4740988895       110.0055909003     -1034.3515179402    102002.7029850787
923000     -8986.4787504514       110.0052043389     -1034.2303017196    102002.7029850787
924000     -8986.4374921799       110.0062637275     -1034.1987037922    102002.7029850787
925000     -8986.4056344721       110.0044043399     -1034.3361139873    102002.7029850787
926000     -8986.3883573163       110.0036071436     -1034.3689680542    102002.7029850787
927000     -8986.3473239472       110.0060126096     -1034.3894529407    102002.7029850786
928000     -8986.3622202083       110.0056957402     -1034.4165870436    102002.7029850786
929000     -8986.3753559255       110.0047777364     -1034.3641638685    102002.7029850786
930000     -8986.3447978002       110.0056298399     -1034.3974409808    102002.7029850786
931000     -8986.3104436808       110.0064427641     -1034.5352048432    102002.7029850786
932000     -8986.2899362281       110.0066251807     -1034.5384958113    102002.7029850786
933000     -8986.2674208310       110.0068693797     -1034.5714646776    102002.7029850786
934000     -8986.2239094838       110.0072494698     -1034.5335407173    102002.7029850786
935000     -8986.2062580280       110.0079000587     -1034.4959303913    102002.7029850786
936000     -8986.1754721354       110.0082395081     -1034.4574356209    102002.7029850786
937000     -8986.1885110193       110.0081337399     -1034.4257252529    102002.7029850786
938000     -8986.1783708514       110.0080382624     -1034.5394623563    102002.7029850786
939000     -8986.1551008047       110.0076941774     -1034.7189074863    102002.7029850786
940000     -8986.1296602784       110.0077538909     -1034.6359976114    102002.7029850786
941000     -8986.1436701725       110.0078362942     -1034.5018928027    102002.7029850786
942000     -8986.2078153483       110.0056235659     -1034.5170260655    102002.7029850786
943000     -8986.1984663472       110.0053218117     -1034.4404016389    102002.7029850786
944000     -8986.2150818474       110.0042537889     -1034.5883887585    102002.7029850786
945000     -8986.1872128666       110.0060801855     -1034.6472057223    102002.7029850786
946000     -8986.2105493413       110.0046706780     -1034.7317909281    102002.7029850786
947000     -8986.2040240059       110.0049269569     -1034.6983048693    102002.7029850786
948000     -8986.2291444867       110.0041233152     -1034.6714344809    102002.7029850786
949000     -8986.2711795496       110.0021089443     -1034.5957668383    102002.7029850786
950000     -8986.2925185917       110.0014195178     -1034.4884281807    102002.7029850786
951000     -8986.2974038381       110.0012460980     -1034.4388388709    102002.7029850786
952000     -8986.2951152156       110.0009002099     -1034.4890575323    102002.7029850786
953000     -8986.2984334447       110.0004396496     -1034.5563029376    102002.7029850786
954000     -8986.2620131206       110.0004502281     -1034.7132273183    102002.7029850786
955000     -8986.3201358962       109.9987525569     -1034.6750998680    102002.7029850786
956000     -8986.3557411720       109.9986081201     -1034.6569855668    102002.7029850786
957000     -8986.3690546170       109.9974672341     -1034.6358600094    102002.7029850786
958000     -8986.3349949771       109.9992776932     -1034.5535150208    102002.7029850786
959000     -8986.3239738489       109.9977479950     -1034.5737455656    102002.7029850786
960000     -8986.2940597714       109.9985682413     -1034.5414955062    102002.7029850786
961000     -8986.2879550826       109.9998905636     -1034.4087414254    102002.7029850786
962000     -8986.2859185336       110.0002173596     -1034.4630596642    102002.7029850786
963000     -8986.2977003057       110.0007226939     -1034.5454871415    102002.7029850786
964000     -8986.3065110256       110.0005361242     -1034.6764103108    102002.7029850786
965000     -8986.2910125311       110.0014898762     -1034.7705427700    102002.7029850786
966000     -8986.2883020703       110.0019641370     -1034.8913087280    102002.7029850786
967000     -8986.2906282736       110.0013240898     -1034.9411075846    102002.7029850786
968000     -8986.3104743361       110.0020309214     -1034.8353150119    102002.7029850786
969000     -8986.2932081197       110.0033001336     -1034.6682264369    102002.7029850786
970000     -8986.2875959299       110.0030868661     -1034.5853290822    102002.7029850786
971000     -8986.2795121778       110.0033192973     -1034.5334529689    102002.7029850786
972000     -8986.2661642795       110.0037135829     -1034.5485569994    102002.7029850786
973000     -8986.2897358658       110.0033210682     -1034.5783332143    102002.7029850786
974000     -8986.2878165370       110.0034961941     -1034.4861012785    102002.7029850786
975000     -8986.3093062424       110.0030836883     -1034.4067366958    102002.7029850786
976000     -8986.2979015644       110.0035295249     -1034.4216841303    102002.7029850786
977000     -8986.2929619973       110.0036142913     -1034.4366143391    102002.7029850786
978000     -8986.2918315157       110.0036855623     -1034.4023654602    102002.7029850786
979000     -8986.2946983999       110.0034399151     -1034.4108621729    102002.7029850786
980000     -8986.2902098298       110.0033413289     -1034.3260561030    102002.7029850786
981000     -8986.2644019051       110.0047008064     -1034.3283993657    102002.7029850786
982000     -8986.2385511202       110.0051659076     -1034.4767155453    102002.7029850786
983000     -8986.2671954932       110.0059066099     -1034.3558894796    102002.7029850786
984000     -8986.2797437087       110.0066872013     -1034.2650909746    102002.7029850786
985000     -8986.2762164604       110.0073831321     -1034.2172793469    102002.7029850786
986000     -8986.2790999597       110.0064097931     -1034.3400751566    102002.7029850786
987000     -8986.2475289502       110.0064261948     -1034.3637846192    102002.7029850786
988000     -8986.2187340086       110.0075330523     -1034.4477143628    102002.7029850786
989000     -8986.2142298190       110.0071434268     -1034.4701745595    102002.7029850786
990000     -8986.2149293970       110.0084086943     -1034.4551305520    102002.7029850786
991000     -8986.2502984586       110.0078283034     -1034.2754550729    102002.7029850786
992000     -8986.2664717328       110.0077786214     -1034.2596329920    102002.7029850786
993000     -8986.2871173091       110.0077559256     -1034.1414829061    102002.7029850786
994000     -8986.3166514639       110.0065495796     -1034.0671831344    102002.7029850786
995000     -8986.3311484861       110.0051997394     -1034.0604752935    102002.7029850786
996000     -8986.3286695305       110.0061363920     -1033.9910143548    102002.7029850786
997000     -8986.3297510546       110.0056910280     -1034.0796650266    102002.7029850786
998000     -8986.3247656817       110.0047168443     -1034.0855378081    102002.7029850786
999000     -8986.3295348037       110.0046165788     -1034.1666268680    102002.7029850786
1000000     -8986.3121829699       110.0052707940     -1034.2323393271    102002.7029850786
