# Time-averaged data for fix runningavgs
# TimeStep v_ra_etotal v_ra_temp v_ra_press v_ra_volume
502000    -10900.7985643743        90.5959457226       698.9265159077    102002.7029850792
503000    -10894.5422667397        90.8505546484       714.9371685757    102002.7029850792
504000    -10896.2922524384        90.8190181599       704.2417247751    102002.7029850792
505000    -10898.5529908394        90.7282550281       710.9248140394    102002.7029850792
506000    -10896.3558045595        90.8314576954       717.4856928927    102002.7029850792
507000    -10895.4375504121        90.8634607443       713.7394472390    102002.7029850792
508000    -10895.0215357901        90.8494886410       711.0826117639    102002.7029850792
509000    -10894.1948869353        90.9068629090       716.9432498733    102002.7029850792
510000    -10895.3668535126        90.8566578043       714.9412486339    102002.7029850792
511000    -10895.5088381936        90.8369425796       715.4050400326    102002.7029850792
512000    -10894.5096396391        90.8962153922       715.0526045599    102002.7029850792
513000    -10893.2141320647        90.9599714946       716.2102805003    102002.7029850792
514000    -10893.3800061607        90.9528426892       716.9427481209    102002.7029850792
515000    -10893.4152821982        90.9322614482       716.2054327488    102002.7029850792
516000    -10893.3281381299        90.9360038183       715.9834486519    102002.7029850792
517000    -10893.2899056999        90.9360807470       714.6739151550    102002.7029850792
518000    -10892.9734381915        90.9686439284       713.1620478203    102002.7029850792
519000    -10893.0112371716        90.9846301368       712.4976809828    102002.7029850792
520000    -10893.0012479174        90.9873980518       713.0956440726    102002.7029850792
521000    -10892.9935930901        90.9969374898       711.1387550650    102002.7029850792
522000    -10893.3912981788        90.9802081894       709.9409732300    102002.7029850792
523000    -10893.8007971425        90.9660424749       710.5759806869    102002.7029850792
524000    -10894.2049186641        90.9495529348       708.2795874713    102002.7029850792
525000    -10894.0942363241        90.9542492150       707.9605389452    102002.7029850792
526000    -10894.1379960221        90.9632166226       709.0108876100    102002.7029850792
527000    -10894.3148044874        90.9627002553       710.9950593145    102002.7029850792
528000    -10894.2887703210        90.9587018102       711.5764736075    102002.7029850792
529000    -10894.3807786750        90.9544440173       712.2798010835    102002.7029850792
530000    -10894.6052825364        90.9440100483       711.2547191506    102002.7029850792
531000    -10894.6317221590        90.9381204055       711.5423594101    102002.7029850792
532000    -10894.2706858967        90.9603197219       712.2087090982    102002.7029850792
533000    -10894.2489080601        90.9587266179       713.4469493224    102002.7029850792
534000    -10894.3176034379        90.9565403125       713.5890044696    102002.7029850792
535000    -10893.8626717089        90.9767575868       715.2707521531    102002.7029850792
536000    -10894.0499909759        90.9680472950       715.0919311043    102002.7029850792
537000    -10893.8494394200        90.9847030759       715.0632625611    102002.7029850792
538000    -10893.8177588990        90.9884315258       716.6021872179    102002.7029850792
539000    -10894.0505227802        90.9833900567       716.1848992769    102002.7029850791
540000    -10894.1088723945        90.9833818315       716.7853195276    102002.7029850791
541000    -10894.1618833466        90.9838326115       717.5284245669    102002.7029850791
542000    -10894.4119417570        90.9689406896       719.1427990457    102002.7029850791
543000    -10894.4222086876        90.9743461098       720.0079056629    102002.7029850791
544000    -10894.3503564205        90.9753378463       720.3773924526    102002.7029850791
545000    -10894.4673043163        90.9659896310       719.6313949275    102002.7029850791
546000    -10894.5777844844        90.9615488508       718.8621261399    102002.7029850791
547000    -10894.4224849153        90.9685205181       718.3941425359    102002.7029850791
548000    -10894.3514527228        90.9728970379       718.8258963858    102002.7029850791
549000    -10894.2393165120        90.9790479666       719.2521201245    102002.7029850791
550000    -10894.0453881701        90.9867190064       718.9664121879    102002.7029850791
551000    -10893.8400336226        90.9896632667       718.4878818328    102002.7029850791
552000    -10893.8833006299        90.9843882373       717.9397741047    102002.7029850791
553000    -10893.9148549110        90.9794026119       717.2582121086    102002.7029850791
554000    -10893.7864437156        90.9816764638       716.6210052892    102002.7029850791
555000    -10893.7415695498        90.9822339041       716.2562732344    102002.7029850791
556000    -10893.5881442525        90.9855595494       715.3364507115    102002.7029850791
557000    -10893.6131097779        90.9823407108       714.8799684995    102002.7029850791
558000    -10893.6543010259        90.9772339070       714.7871215385    102002.7029850791
559000    -10893.6341564022        90.9733527664       714.3190307069    102002.7029850791
560000    -10893.6313561997        90.9747250593       712.5411246815    102002.7029850791
561000    -10893.5168909636        90.9789865803       711.3103003423    102002.7029850791
562000    -10893.6918654812        90.9727870720       709.0384467887    102002.7029850791
563000    -10893.8041906964        90.9660336233       707.6876824235    102002.7029850791
564000    -10893.8061196144        90.9654539876       706.8485659345    102002.7029850791
565000    -10893.8393554493        90.9610124522       705.5291391508    102002.7029850791
566000    -10893.7675475948        90.9667270985       704.1810275410    102002.7029850791
567000    -10893.8099676635        90.9647299565       703.1042363482    102002.7029850791
568000    -10893.9357560023        90.9587147348       702.1087547591    102002.7029850791
569000    -10893.9685152222        90.9577596928       700.9405182684    102002.7029850791
570000    -10894.1040066456        90.9524261155       700.1053342743    102002.7029850791
571000    -10894.0542239989        90.9565659718       700.0476051040    102002.7029850791
572000    -10893.9876665833        90.9584034426       699.6338012367    102002.7029850791
573000    -10893.8973339481        90.9656587726       698.7958296174    102002.7029850791
574000    -10893.9646236533        90.9617783304       698.7884286821    102002.7029850791
575000    -10893.9879859178        90.9620107194       698.4480199373    102002.7029850791
576000    -10893.9870982415        90.9624754436       697.9219322376    102002.7029850791
577000    -10894.0450932622        90.9620313452       697.2364645020    102002.7029850791
578000    -10893.9891459335        90.9667281043       697.0498421378    102002.7029850791
579000    -10894.0903596072        90.9634441160       696.8869716640    102002.7029850791
580000    -10894.1348655362        90.9649600336       696.1774428837    102002.7029850791
581000    -10894.1054854314        90.9651641540       695.7129174476    102002.7029850791
582000    -10894.0986943365        90.9679662711       694.9348756678    102002.7029850791
583000    -10894.0119246053        90.9721663475       694.5256661926    102002.7029850791
584000    -10893.9875963762        90.9738440667       693.7728960280    102002.7029850791
585000    -10893.9767244279        90.9727777255       693.2530949794    102002.7029850791
586000    -10893.8582759295        90.9768880370       692.7958408751    102002.7029850791
587000    -10893.8496892299        90.9763610402       693.1648376984    102002.7029850791
588000    -10894.0421413583        90.9674850996       691.9210606904    102002.7029850791
589000    -10894.0422307909        90.9672770882       691.8605987277    102002.7029850791
590000    -10894.1182227571        90.9616506553       691.6542273766    102002.7029850791
591000    -10894.1855597092        90.9557017538       691.5202339578    102002.7029850792
592000    -10894.0866195887        90.9543472773       691.7746433556    102002.7029850792
593000    -10894.0795286199        90.9526222725       691.5960498535    102002.7029850792
594000    -10894.1409840247        90.9472286827       691.3343477489    102002.7029850792
595000    -10893.9876722374        90.9510456816       691.5356462165    102002.7029850792
596000    -10893.8021732700        90.9576719466       691.3791675311    102002.7029850792
597000    -10893.7111730739        90.9619550139       690.8608958471    102002.7029850792
598000    -10893.7730623979        90.9573784914       690.5435305056    102002.7029850792
599000    -10893.7649444385        90.9549130599       690.0080678100    102002.7029850792
600000    -10893.6858710955        90.9570842686       689.5141338937    102002.7029850792
601000    -10893.6607683793        90.9567984184       689.3629753460    102002.7029850792
602000    -10893.5809119216        90.9573344670       688.8064654672    102002.7029850792
603000    -10893.5123243282        90.9595034524       688.4455933411    102002.7029850792
604000    -10893.4177150345        90.9623396074       688.1412946689    102002.7029850793
605000    -10893.3555727725        90.9625048366       687.6705034390    102002.7029850793
606000    -10893.4658102634        90.9561118381       687.5801520704    102002.7029850793
607000    -10893.3919366223        90.9581141260       687.3832021896    102002.7029850793
608000    -10893.4499407528        90.9554608140       686.9785301513    102002.7029850793
609000    -10893.4035046367        90.9562660053       686.5700283196    102002.7029850793
610000    -10893.3470227300        90.9581642098       686.1301341215    102002.7029850793
611000    -10893.3304665634        90.9594823557       686.0014183523    102002.7029850793
612000    -10893.2211225008        90.9654297669       685.7408282775    102002.7029850793
613000    -10893.1016471656        90.9702517209       685.8121319374    102002.7029850793
614000    -10893.1310553396        90.9674948846       685.4017646763    102002.7029850793
615000    -10893.2191378112        90.9622657961       684.5207172881    102002.7029850793
616000    -10893.1593440085        90.9640470755       684.3912725161    102002.7029850793
617000    -10893.0963191940        90.9677961475       684.4367895836    102002.7029850793
618000    -10893.1122340512        90.9677572603       684.2782611316    102002.7029850793
619000    -10893.0496216450        90.9701563819       683.8601768317    102002.7029850793
620000    -10893.0600969711        90.9690331957       683.9834632185    102002.7029850793
621000    -10893.0601788699        90.9693215922       683.9076906216    102002.7029850793
622000    -10893.0172106392        90.9712388584       683.8910677381    102002.7029850794
623000    -10893.0281058313        90.9712804463       683.3724518689    102002.7029850794
624000    -10892.9539912010        90.9745528063       683.5300003087    102002.7029850794
625000    -10892.9258332101        90.9738341147       683.7254172302    102002.7029850794
626000    -10892.9050703784        90.9721614548       683.9772652099    102002.7029850794
627000    -10892.7890467643        90.9748808524       684.4202301384    102002.7029850794
628000    -10892.7506039773        90.9771213914       684.6237230047    102002.7029850794
629000    -10892.7757561592        90.9759339410       685.0434187980    102002.7029850794
630000    -10892.6619566068        90.9796405429       685.4428517098    102002.7029850794
631000    -10892.6548504449        90.9788939622       685.3263565409    102002.7029850794
632000    -10892.7397331562        90.9749419785       684.8633325194    102002.7029850794
633000    -10892.7495143681        90.9746689498       685.0997545611    102002.7029850794
634000    -10892.8442660110        90.9712214469       685.2559469257    102002.7029850794
635000    -10892.8139239448        90.9727946899       685.4361633676    102002.7029850794
636000    -10892.8575495593        90.9695014631       685.4373900253    102002.7029850794
637000    -10892.9272662838        90.9667201742       685.5485141206    102002.7029850794
638000    -10892.9403117269        90.9669785756       685.4959569682    102002.7029850794
639000    -10892.9010196055        90.9708502030       685.6566280315    102002.7029850794
640000    -10892.9484311930        90.9693709343       685.6999992948    102002.7029850794
641000    -10892.9412113774        90.9711827130       685.5962270734    102002.7029850794
642000    -10892.9272233593        90.9725979084       686.1748015073    102002.7029850794
643000    -10892.8860987592        90.9747543245       686.2855779490    102002.7029850794
644000    -10892.7979493833        90.9782701996       686.5996460491    102002.7029850794
645000    -10892.8241888151        90.9766903336       686.7886825680    102002.7029850794
646000    -10892.9443239504        90.9723462845       687.1733937876    102002.7029850795
647000    -10893.0319706910        90.9688387011       687.6063785059    102002.7029850795
648000    -10893.0398561313        90.9704098297       688.0226766763    102002.7029850795
649000    -10893.1094198252        90.9683720298       688.1893655017    102002.7029850795
650000    -10893.1862698070        90.9653152519       688.2827161655    102002.7029850795
651000    -10893.1891227145        90.9654921600       688.3135925311    102002.7029850795
652000    -10893.1886061571        90.9654890052       688.2442196346    102002.7029850795
653000    -10893.1500120846        90.9668454117       688.2002961236    102002.7029850795
654000    -10893.1129194961        90.9685700631       688.2559679833    102002.7029850795
655000    -10893.0700259350        90.9716396159       688.3464860504    102002.7029850795
656000    -10893.0211217207        90.9737751674       688.3037712068    102002.7029850795
657000    -10892.9619653518        90.9753557462       688.3374640674    102002.7029850795
658000    -10892.9648161051        90.9748689026       688.5300902277    102002.7029850795
659000    -10892.9126041173        90.9758848488       688.5226508587    102002.7029850795
660000    -10892.9235501222        90.9758900938       688.6776269651    102002.7029850795
661000    -10892.8511786357        90.9797051296       688.8671992781    102002.7029850795
662000    -10892.8134962294        90.9816634594       688.7592791402    102002.7029850795
663000    -10892.8462759833        90.9802563516       688.7085439998    102002.7029850795
664000    -10892.8182506279        90.9809673619       688.5332388917    102002.7029850795
665000    -10892.7481892669        90.9835443458       688.7669629468    102002.7029850795
666000    -10892.6869856776        90.9859907307       688.4794440899    102002.7029850795
667000    -10892.6048441911        90.9891108190       688.4234018006    102002.7029850795
668000    -10892.5941714697        90.9903338064       688.2344257887    102002.7029850795
669000    -10892.6134232302        90.9891653809       688.1341660190    102002.7029850795
670000    -10892.5438322335        90.9916756562       688.2367867926    102002.7029850795
671000    -10892.5357721640        90.9914536362       688.3536501069    102002.7029850795
672000    -10892.5503455966        90.9902672439       688.5039028132    102002.7029850795
673000    -10892.5744960331        90.9886004199       688.4510367473    102002.7029850795
674000    -10892.5220633904        90.9896788011       688.5568439137    102002.7029850794
675000    -10892.4801501620        90.9894161319       688.8426710257    102002.7029850794
676000    -10892.4349974818        90.9899689887       689.0447747900    102002.7029850794
677000    -10892.4284646548        90.9886398053       689.5040005254    102002.7029850794
678000    -10892.3600488546        90.9904830063       689.8590136357    102002.7029850794
679000    -10892.3391257799        90.9904927483       690.1899737308    102002.7029850794
680000    -10892.3065623160        90.9916966694       690.5427123932    102002.7029850794
681000    -10892.3729035226        90.9876818540       690.3406727832    102002.7029850794
682000    -10892.3473175667        90.9877460230       690.4791741399    102002.7029850794
683000    -10892.3370118926        90.9878283278       690.8167624451    102002.7029850794
684000    -10892.3583572652        90.9858044057       690.7807671196    102002.7029850794
685000    -10892.3526568658        90.9858447237       690.8609949329    102002.7029850794
686000    -10892.3417284828        90.9855468783       691.1739613398    102002.7029850794
687000    -10892.3526232457        90.9833598175       691.3505510243    102002.7029850794
688000    -10892.3294756043        90.9832796628       691.7573147808    102002.7029850793
689000    -10892.3344854355        90.9817073102       691.9916140809    102002.7029850793
690000    -10892.3563266775        90.9794667315       692.2163794542    102002.7029850793
691000    -10892.2945809113        90.9801846120       692.2851078024    102002.7029850793
692000    -10892.2518993965        90.9804158605       692.4474053206    102002.7029850793
693000    -10892.1602117338        90.9840026354       692.7606642464    102002.7029850793
694000    -10892.1268167269        90.9854330299       692.6962295551    102002.7029850793
695000    -10892.1516952846        90.9849060061       692.7711959548    102002.7029850793
696000    -10892.1808116661        90.9833820586       693.0560825633    102002.7029850793
697000    -10892.1837250429        90.9828670370       693.0722759729    102002.7029850793
698000    -10892.1626651132        90.9833990554       693.4962916036    102002.7029850793
699000    -10892.1219960873        90.9845103392       693.5777943654    102002.7029850793
700000    -10892.0648689420        90.9875925180       693.6636053850    102002.7029850793
701000    -10892.0563978339        90.9888746004       693.6038968624    102002.7029850793
702000    -10892.0632890466        90.9869355274       693.8260233625    102002.7029850793
703000    -10892.0647651199        90.9866007749       693.9337675539    102002.7029850793
704000    -10892.0345445428        90.9871956365       694.1496821040    102002.7029850792
705000    -10892.0004486729        90.9889733865       694.2202710876    102002.7029850792
706000    -10891.9700267080        90.9889954258       694.1054268076    102002.7029850792
707000    -10891.9855939389        90.9872313435       693.9492522618    102002.7029850792
708000    -10891.9426596492        90.9886841183       693.9812931133    102002.7029850792
709000    -10891.9972919976        90.9872441020       693.8635086094    102002.7029850792
710000    -10891.9485188937        90.9891902023       693.6049105709    102002.7029850792
711000    -10891.9215823577        90.9901245512       693.4135452934    102002.7029850792
712000    -10891.9350139333        90.9892959798       693.1976390212    102002.7029850792
713000    -10891.9057006984        90.9915281233       692.8248165143    102002.7029850792
714000    -10891.9089350927        90.9909982238       692.6996238941    102002.7029850792
715000    -10891.9032869102        90.9913637857       692.5680909304    102002.7029850792
716000    -10891.8671976414        90.9915993749       692.5074285321    102002.7029850792
717000    -10891.8616169023        90.9917807557       692.3082914034    102002.7029850792
718000    -10891.8243095008        90.9924542326       692.1475736859    102002.7029850792
719000    -10891.7996241478        90.9932462680       692.0080470155    102002.7029850792
720000    -10891.8182720160        90.9912669213       692.0060477973    102002.7029850792
721000    -10891.7583800222        90.9933220844       692.0753738832    102002.7029850792
722000    -10891.7677769360        90.9924246332       691.9914835209    102002.7029850792
723000    -10891.7447544293        90.9932194876       691.9981396317    102002.7029850792
724000    -10891.7178567548        90.9945397832       692.0882036826    102002.7029850791
725000    -10891.7001453222        90.9953587809       692.1937727820    102002.7029850791
726000    -10891.7500421673        90.9924370238       692.1751512444    102002.7029850791
727000    -10891.7375828536        90.9926732076       692.2891008441    102002.7029850791
728000    -10891.7419250815        90.9922619103       692.2602002469    102002.7029850791
729000    -10891.7223099579        90.9927393430       692.1754113063    102002.7029850791
730000    -10891.7237041170        90.9928189242       692.1310854529    102002.7029850791
731000    -10891.7032403666        90.9943567098       692.0487779253    102002.7029850791
732000    -10891.6867602002        90.9944000693       691.8309342156    102002.7029850791
733000    -10891.7085274011        90.9939027369       691.9234055403    102002.7029850791
734000    -10891.7159331372        90.9940419347       691.8509683518    102002.7029850791
735000    -10891.7071883936        90.9955869286       691.7685913703    102002.7029850791
736000    -10891.6685155823        90.9972707717       691.7996890425    102002.7029850791
737000    -10891.7154507395        90.9947564305       691.8767328852    102002.7029850791
738000    -10891.7176066677        90.9936961008       691.8051808993    102002.7029850791
739000    -10891.7235490891        90.9944047081       691.6620397575    102002.7029850791
740000    -10891.7060414942        90.9946458835       691.6194512767    102002.7029850791
741000    -10891.6921516412        90.9953976083       691.6264930570    102002.7029850791
742000    -10891.6603539691        90.9969861796       691.6014128769    102002.7029850791
743000    -10891.6693775851        90.9969349938       691.5444815012    102002.7029850791
744000    -10891.6914384156        90.9956363350       691.3930959012    102002.7029850791
745000    -10891.6497162601        90.9978996729       691.4004572851    102002.7029850791
746000    -10891.6078822147        90.9991870372       691.5608210489    102002.7029850791
747000    -10891.5786652172        91.0010544410       691.5868224099    102002.7029850791
748000    -10891.6009197863        91.0001763312       691.5341183276    102002.7029850790
749000    -10891.5651788161        91.0016723103       691.5870188365    102002.7029850790
750000    -10891.5682272348        91.0017567050       691.4450373046    102002.7029850790
751000    -10891.6004192437        91.0007935194       691.5350545843    102002.7029850790
752000    -10891.5904282117        91.0012313508       691.5375826549    102002.7029850790
753000    -10891.6102030668        91.0005194643       691.6448281919    102002.7029850790
754000    -10891.6071482661        91.0012970381       691.6410139230    102002.7029850790
755000    -10891.5962833129        91.0021508884       691.4686624507    102002.7029850790
756000    -10891.5724355986        91.0031047662       691.5949193622    102002.7029850790
757000    -10891.5487953779        91.0038811141       691.6723303195    102002.7029850790
758000    -10891.5625479738        91.0030884495       691.6369811117    102002.7029850790
759000    -10891.5295796673        91.0047707670       691.6248954713    102002.7029850790
760000    -10891.5922283007        91.0026330612       691.5902159467    102002.7029850790
761000    -10891.5932572997        91.0032025229       691.6439245645    102002.7029850790
762000    -10891.5886282547        91.0034798012       691.6712682218    102002.7029850790
763000    -10891.5830332074        91.0037459382       691.7932892863    102002.7029850790
764000    -10891.6068663127        91.0033281783       691.7143489698    102002.7029850790
765000    -10891.6322383545        91.0023080134       691.5954520673    102002.7029850790
766000    -10891.6021029702        91.0044887109       691.6000745905    102002.7029850790
767000    -10891.5758802596        91.0061075349       691.7188197918    102002.7029850790
768000    -10891.6096119941        91.0048205590       691.7243722344    102002.7029850790
769000    -10891.6428017654        91.0036203838       691.7191654121    102002.7029850790
770000    -10891.6484225064        91.0047397576       691.6175241317    102002.7029850790
771000    -10891.6399784095        91.0055154988       691.6393010857    102002.7029850790
772000    -10891.6548841860        91.0047431761       691.6775225679    102002.7029850790
773000    -10891.6780911883        91.0035639555       691.6579741042    102002.7029850790
774000    -10891.7050012347        91.0023892440       691.6872586272    102002.7029850790
775000    -10891.7215406552        91.0014270365       691.7983069272    102002.7029850790
776000    -10891.7594902265        91.0009218417       691.8137208113    102002.7029850790
777000    -10891.8087954789        90.9985162286       691.7576408427    102002.7029850789
778000    -10891.8430785306        90.9964651152       691.6753955256    102002.7029850789
779000    -10891.8433460996        90.9973298878       691.5599465496    102002.7029850789
780000    -10891.8509695531        90.9973132680       691.4907099780    102002.7029850789
781000    -10891.7772859577        91.0000461548       691.6885520167    102002.7029850789
782000    -10891.7695180628        90.9999806172       692.0258558889    102002.7029850789
783000    -10891.7327890737        91.0008445800       692.3762397312    102002.7029850789
784000    -10891.7087616789        91.0018700140       692.6838763666    102002.7029850789
785000    -10891.7166259206        91.0023926826       692.7604002197    102002.7029850789
786000    -10891.7185444611        91.0019113117       692.8933577102    102002.7029850789
787000    -10891.7607258633        91.0004808869       692.7680864080    102002.7029850789
788000    -10891.7769389240        91.0002049161       692.8876867581    102002.7029850789
789000    -10891.7807065896        91.0009639955       692.8954072725    102002.7029850789
790000    -10891.7758741048        91.0017371827       693.0055713944    102002.7029850789
791000    -10891.7852428303        91.0018095093       693.1165260855    102002.7029850789
792000    -10891.7894619939        91.0026670099       693.3009573822    102002.7029850789
793000    -10891.8156948129        91.0025922127       693.3645363292    102002.7029850789
794000    -10891.8409062075        91.0022566336       693.2842324843    102002.7029850789
795000    -10891.8534595329        91.0022597403       693.2972720216    102002.7029850789
796000    -10891.8772419853        91.0013105866       693.2259737421    102002.7029850789
797000    -10891.8988831461        91.0008408523       693.1771720037    102002.7029850789
798000    -10891.9342320623        91.0005350712       692.9716244402    102002.7029850789
799000    -10891.9421893023        91.0008346650       693.0103432983    102002.7029850789
800000    -10891.9446427273        91.0017392690       692.9615026814    102002.7029850789
801000    -10891.9874131548        91.0002001950       692.9924097670    102002.7029850789
802000    -10891.9422348993        91.0018229481       693.1733280283    102002.7029850789
803000    -10891.9741033936        91.0003073132       693.0901472238    102002.7029850789
804000    -10891.9504088666        91.0013375573       693.0327478223    102002.7029850789
805000    -10891.9230181464        91.0021827823       692.9719863112    102002.7029850789
806000    -10891.9335353307        91.0012533475       693.0508539920    102002.7029850789
807000    -10891.9199932727        91.0016879887       693.2042023942    102002.7029850789
808000    -10891.9159316863        91.0017629433       693.2884136459    102002.7029850789
809000    -10891.9347053940        91.0006939511       693.2879248385    102002.7029850789
810000    -10891.9251096830        91.0017725598       693.2954240821    102002.7029850789
811000    -10891.9291041910        91.0013807474       693.4139607254    102002.7029850789
812000    -10891.9047588185        91.0029788131       693.4606277175    102002.7029850789
813000    -10891.9127830986        91.0025443591       693.4286973536    102002.7029850789
814000    -10891.9074447057        91.0028491071       693.4054956941    102002.7029850789
815000    -10891.8913071797        91.0037926092       693.3726963480    102002.7029850788
816000    -10891.9231226523        91.0020941487       693.5031951500    102002.7029850788
817000    -10891.9165611749        91.0020918472       693.6053270657    102002.7029850788
818000    -10891.9424869781        91.0016918385       693.5527070957    102002.7029850788
819000    -10891.9420867571        91.0020593407       693.5689165908    102002.7029850788
820000    -10891.9393257153        91.0023810342       693.6067732755    102002.7029850788
821000    -10891.9253621873        91.0032254082       693.6127130044    102002.7029850788
822000    -10891.9469066118        91.0025829886       693.5372867992    102002.7029850788
823000    -10891.9414837601        91.0023484003       693.5491693803    102002.7029850788
824000    -10891.8852769904        91.0049832814       693.5104538586    102002.7029850788
825000    -10891.9198493080        91.0043621330       693.5616253318    102002.7029850788
826000    -10891.9141049535        91.0048916967       693.4753336868    102002.7029850788
827000    -10891.9313061548        91.0043603846       693.4147459593    102002.7029850788
828000    -10891.9595277975        91.0030037880       693.2834293182    102002.7029850788
829000    -10891.9366941139        91.0035873072       693.2005120591    102002.7029850788
830000    -10891.9318296229        91.0045151161       693.0786728096    102002.7029850788
831000    -10891.9230909921        91.0050290315       693.1591286822    102002.7029850788
832000    -10891.9375797410        91.0046336362       693.0389094953    102002.7029850788
833000    -10891.9130804733        91.0059856386       692.9261545047    102002.7029850788
834000    -10891.9159665421        91.0056348350       692.8334266346    102002.7029850788
835000    -10891.9249840162        91.0053565853       692.6758022255    102002.7029850788
836000    -10891.9071352783        91.0063106544       692.5714293780    102002.7029850788
837000    -10891.8803366194        91.0077615428       692.4181264053    102002.7029850788
838000    -10891.8660105129        91.0077028358       692.4089787405    102002.7029850788
839000    -10891.8669539653        91.0071828670       692.3589039000    102002.7029850788
840000    -10891.8438501211        91.0075300053       692.3626741598    102002.7029850788
841000    -10891.8386442516        91.0076298115       692.3470467717    102002.7029850788
842000    -10891.8485484840        91.0063636675       692.3883324933    102002.7029850788
843000    -10891.8331184966        91.0063930951       692.6234692288    102002.7029850788
844000    -10891.8473880475        91.0057356590       692.5702427693    102002.7029850788
845000    -10891.8528354592        91.0056100820       692.5518928218    102002.7029850788
846000    -10891.8482194155        91.0053749708       692.3814055961    102002.7029850788
847000    -10891.8003726041        91.0067790768       692.4750521954    102002.7029850788
848000    -10891.7904346875        91.0071530143       692.4399196120    102002.7029850788
849000    -10891.7474105132        91.0088826070       692.2965353623    102002.7029850788
850000    -10891.7427918183        91.0085657615       692.1503116517    102002.7029850788
851000    -10891.7146883914        91.0095247345       692.1863864485    102002.7029850788
852000    -10891.7217562773        91.0087593357       692.2416213008    102002.7029850788
853000    -10891.7215605095        91.0082087369       692.2296111641    102002.7029850788
854000    -10891.7316078486        91.0074442589       692.2443919991    102002.7029850788
855000    -10891.7019312931        91.0079939645       692.3045953563    102002.7029850788
856000    -10891.7212613277        91.0068537362       692.2790783730    102002.7029850788
857000    -10891.7181078546        91.0068831105       692.2801764136    102002.7029850788
858000    -10891.6981137783        91.0071067609       692.2574065615    102002.7029850788
859000    -10891.7159096033        91.0056918853       692.3793752226    102002.7029850788
860000    -10891.6874256093        91.0063399345       692.5504283210    102002.7029850788
861000    -10891.6598307083        91.0075723170       692.7555879174    102002.7029850788
862000    -10891.6321547336        91.0087110491       692.9237056112    102002.7029850788
863000    -10891.6106279888        91.0099277662       692.9566348620    102002.7029850788
864000    -10891.6186342964        91.0090610046       693.0002330923    102002.7029850788
865000    -10891.6160569661        91.0093555217       693.1727532010    102002.7029850788
866000    -10891.5977655031        91.0093528571       693.4117976057    102002.7029850788
867000    -10891.5738866417        91.0101657855       693.5114600092    102002.7029850788
868000    -10891.5634930980        91.0100424636       693.5390810788    102002.7029850788
869000    -10891.5701520257        91.0095056352       693.5818368982    102002.7029850788
870000    -10891.5392552145        91.0104460826       693.6853824405    102002.7029850787
871000    -10891.5136913635        91.0109942357       693.7551895521    102002.7029850787
872000    -10891.4786904671        91.0118826192       693.9486392426    102002.7029850787
873000    -10891.4680545891        91.0118296280       694.0482487675    102002.7029850787
874000    -10891.4837886014        91.0107252628       694.1131763021    102002.7029850787
875000    -10891.4682482788        91.0112986844       694.1477119843    102002.7029850787
876000    -10891.4320719370        91.0125368667       694.1790567684    102002.7029850787
877000    -10891.4086958128        91.0133384919       694.3617950436    102002.7029850787
878000    -10891.4056140069        91.0130100026       694.4727908882    102002.7029850787
879000    -10891.4269904398        91.0112472353       694.7020069167    102002.7029850787
880000    -10891.4103451136        91.0109015984       694.9737356913    102002.7029850787
881000    -10891.3717972668        91.0118040528       695.3045670467    102002.7029850787
882000    -10891.3752425211        91.0111925750       695.5046772493    102002.7029850787
883000    -10891.3373706516        91.0121937037       695.9148243281    102002.7029850787
884000    -10891.3137623214        91.0122321342       696.1661009052    102002.7029850787
885000    -10891.2480614651        91.0144746208       696.4982584781    102002.7029850787
886000    -10891.2341415286        91.0143912832       696.7918531653    102002.7029850787
887000    -10891.1919213266        91.0150995041       697.0936935575    102002.7029850787
888000    -10891.1772095549        91.0143232116       697.4491797034    102002.7029850787
889000    -10891.1823185716        91.0133427060       697.6799325864    102002.7029850787
890000    -10891.1770978446        91.0128553298       697.8205627083    102002.7029850787
891000    -10891.1516071293        91.0128737594       698.0836230131    102002.7029850787
892000    -10891.1438309576        91.0129441585       698.2555581336    102002.7029850787
893000    -10891.1674359324        91.0117364095       698.5645243593    102002.7029850787
894000    -10891.1536992430        91.0122532488       698.7863247310    102002.7029850787
895000    -10891.1380245342        91.0120790758       699.1059765727    102002.7029850787
896000    -10891.1369954913        91.0117227483       699.3913952453    102002.7029850787
897000    -10891.1224467158        91.0119083969       699.5755265956    102002.7029850787
898000    -10891.1178112130        91.0119254005       699.8334981393    102002.7029850787
899000    -10891.1229492537        91.0113222640       700.1211706677    102002.7029850787
900000    -10891.1324068289        91.0107262808       700.3535580793    102002.7029850787
901000    -10891.1353714031        91.0102811339       700.5452872721    102002.7029850787
902000    -10891.1137432610        91.0109025692       700.8470364889    102002.7029850787
903000    -10891.0713550425        91.0127726238       701.1193103637    102002.7029850787
904000    -10891.0580573264        91.0128214814       701.3118428760    102002.7029850787
905000    -10891.0398628549        91.0127191828       701.4774483381    102002.7029850787
906000    -10891.0036409625        91.0139558913       701.6184923210    102002.7029850787
907000    -10891.0159201664        91.0127544480       701.6201788689    102002.7029850787
908000    -10890.9891296278        91.0129415470       701.7961854869    102002.7029850787
909000    -10890.9702929785        91.0132526669       701.9748286627    102002.7029850787
910000    -10890.9833715431        91.0115973555       702.1015822523    102002.7029850787
911000    -10890.9832471528        91.0109551964       702.2880663446    102002.7029850787
912000    -10890.9901370841        91.0099220380       702.4989186583    102002.7029850787
913000    -10890.9725850652        91.0095304826       702.6863918125    102002.7029850787
914000    -10890.9558229847        91.0096709284       702.8604510409    102002.7029850787
915000    -10890.9641209169        91.0081009476       703.0962633875    102002.7029850787
916000    -10890.9583555577        91.0079145750       703.2373123015    102002.7029850787
917000    -10890.9494579696        91.0080620666       703.3838729698    102002.7029850787
918000    -10890.9520925071        91.0077538576       703.5537175986    102002.7029850787
919000    -10890.9357930526        91.0081450727       703.7368638246    102002.7029850787
920000    -10890.9382603127        91.0074970747       704.0229907760    102002.7029850787
921000    -10890.9389336377        91.0072730724       704.1986263897    102002.7029850787
922000    -10890.9345932444        91.0071896267       704.2764649361    102002.7029850787
923000    -10890.9324215710        91.0073856072       704.4417401108    102002.7029850787
924000    -10890.9374943265        91.0067261325       704.5908363617    102002.7029850787
925000    -10890.9478264602        91.0062475231       704.6506103036    102002.7029850787
926000    -10890.9771364060        91.0049787175       704.7893433926    102002.7029850787
927000    -10890.9830654698        91.0048799354       704.9347570868    102002.7029850786
928000    -10890.9793125898        91.0050217825       705.0591949909    102002.7029850786
929000    -10890.9822716583        91.0051330255       705.1075359194    102002.7029850786
930000    -10890.9924449896        91.0048574827       705.2139124851    102002.7029850786
931000    -10891.0176232062        91.0034450032       705.2505671897    102002.7029850786
932000    -10891.0287132044        91.0030394798       705.2534355217    102002.7029850786
933000    -10891.0169095071        91.0035210121       705.3637358524    102002.7029850786
934000    -10891.0189808900        91.0028002673       705.4290532599    102002.7029850786
935000    -10891.0340018613        91.0018547081       705.5401942209    102002.7029850786
936000    -10891.0459036881        91.0011531071       705.6193404610    102002.7029850786
937000    -10891.0560323179        91.0008901157       705.5755122711    102002.7029850786
938000    -10891.0365145452        91.0014224351       705.6502001877    102002.7029850786
939000    -10891.0254749568        91.0016390416       705.5801405962    102002.7029850786
940000    -10891.0395898271        91.0008592577       705.6642742912    102002.7029850786
941000    -10891.0307025042        91.0006568333       705.6712926089    102002.7029850786
942000    -10891.0321076966        91.0008392579       705.6005455389    102002.7029850786
943000    -10891.0182715014        91.0014789190       705.6355475718    102002.7029850786
944000    -10891.0092866402        91.0019725412       705.6686136546    102002.7029850786
945000    -10890.9909052782        91.0028676859       705.7159458911    102002.7029850786
946000    -10891.0014053325        91.0022275323       705.5981817904    102002.7029850786
947000    -10891.0146623680        91.0012144205       705.5585340009    102002.7029850786
948000    -10891.0072862677        91.0015165691       705.3869009175    102002.7029850786
949000    -10891.0051411699        91.0005633314       705.4949794516    102002.7029850786
950000    -10890.9706065823        91.0013484957       705.4592484088    102002.7029850786
951000    -10890.9556772226        91.0012343283       705.5348913773    102002.7029850786
952000    -10890.9367976419        91.0018598841       705.4718174985    102002.7029850786
953000    -10890.9318131036        91.0016453323       705.4771774615    102002.7029850786
954000    -10890.9253752642        91.0017197428       705.4114483357    102002.7029850786
955000    -10890.9471036856        91.0004631249       705.5364491602    102002.7029850786
956000    -10890.9412369677        91.0009175242       705.5717051847    102002.7029850786
957000    -10890.9324653012        91.0012911967       705.6393756766    102002.7029850786
958000    -10890.9236578919        91.0015234518       705.6990390587    102002.7029850786
959000    -10890.9171312376        91.0017126544       705.8310162122    102002.7029850786
960000    -10890.8806806722        91.0027453772       706.0094891731    102002.7029850786
961000    -10890.8721615735        91.0028516566       706.1737980754    102002.7029850786
962000    -10890.8419842114        91.0043203074       706.3599858563    102002.7029850786
963000    -10890.8380669288        91.0040710768       706.5146712903    102002.7029850786
964000    -10890.8277926672        91.0047176289       706.6726137225    102002.7029850786
965000    -10890.8275953583        91.0047112608       706.7579776948    102002.7029850786
966000    -10890.8129292616        91.0050417539       706.9552077432    102002.7029850786
967000    -10890.8084946971        91.0051002074       707.1932838919    102002.7029850786
968000    -10890.7904207883        91.0055214231       707.4912138606    102002.7029850786
969000    -10890.7443061193        91.0072614039       707.7315872091    102002.7029850786
970000    -10890.7297701862        91.0077045213       707.9176188412    102002.7029850786
971000    -10890.7243031160        91.0077720367       707.9505474349    102002.7029850786
972000    -10890.7321947148        91.0072936872       708.0847137212    102002.7029850786
973000    -10890.7290220317        91.0071030656       708.0863184082    102002.7029850786
974000    -10890.7540403918        91.0059936168       708.0039740742    102002.7029850786
975000    -10890.7462695243        91.0066211841       707.9195792905    102002.7029850786
976000    -10890.7541254633        91.0063567978       708.0247403632    102002.7029850786
977000    -10890.7567004640        91.0061300889       708.0951279456    102002.7029850786
978000    -10890.7723056225        91.0054812435       708.0600426540    102002.7029850786
979000    -10890.7686556853        91.0057578755       708.0992890909    102002.7029850786
980000    -10890.7574263682        91.0067042014       708.0718925673    102002.7029850786
981000    -10890.7687610338        91.0062209933       708.1762222416    102002.7029850786
982000    -10890.7582448768        91.0069874282       708.1833445860    102002.7029850786
983000    -10890.7732980517        91.0063246270       708.1280797226    102002.7029850786
984000    -10890.7838324410        91.0064682282       708.0723134335    102002.7029850786
985000    -10890.8094433505        91.0055729184       707.9994719221    102002.7029850786
986000    -10890.8316055963        91.0049019373       707.9381170650    102002.7029850786
987000    -10890.8356727653        91.0054765064       707.9795036513    102002.7029850786
988000    -10890.8385136421        91.0065511539       708.0202392895    102002.7029850786
989000    -10890.8517859277        91.0067290707       708.0564945317    102002.7029850786
990000    -10890.8567418966        91.0073361751       708.0149455753    102002.7029850786
991000    -10890.8603680051        91.0083254015       707.9704314888    102002.7029850786
992000    -10890.8590670622        91.0083623857       707.9797251084    102002.7029850786
993000    -10890.8963920480        91.0070983318       707.8473775705    102002.7029850786
994000    -10890.9170014994        91.0062592350       707.7774726520    102002.7029850786
995000    -10890.9274828786        91.0062794588       707.7714643005    102002.7029850786
996000    -10890.9416169015        91.0057943031       707.7138457098    102002.7029850786
997000    -10890.9546519425        91.0056466119       707.6725100898    102002.7029850786
998000    -10890.9449679649        91.0065870847       707.6788153788    102002.7029850786
999000    -10890.9475118330        91.0070502983       707.6958053388    102002.7029850786
1000000    -10890.9448660879        91.0078826401       707.6599535373    102002.7029850786
