# Time-averaged data for fix runningavgs
# TimeStep v_ra_etotal v_ra_temp v_ra_press v_ra_volume
502000     -6757.6850882903       109.4409918109      -709.4415485653    102002.7029850792
503000     -6753.1697021833       109.8029660859      -711.7032413944    102002.7029850792
504000     -6753.8277620927       109.8275032981      -694.9907508003    102002.7029850792
505000     -6755.4743355711       109.6293451054      -686.6726570893    102002.7029850792
506000     -6754.4483321721       109.7064553478      -690.9018007696    102002.7029850792
507000     -6752.5809290811       109.8297104453      -694.9646528941    102002.7029850792
508000     -6751.5442508066       109.9297289352      -691.1479721925    102002.7029850792
509000     -6751.8955110068       109.8268352435      -692.2847396393    102002.7029850792
510000     -6752.2535187903       109.7908142756      -688.7420741799    102002.7029850792
511000     -6752.2973561918       109.7760783291      -687.6077462284    102002.7029850792
512000     -6752.2684626709       109.8077671162      -686.8226095875    102002.7029850792
513000     -6751.1423609835       109.9105748640      -685.7081959397    102002.7029850792
514000     -6751.4234822660       109.8848045177      -685.8590754899    102002.7029850792
515000     -6751.3648496614       109.9121960089      -686.8905576116    102002.7029850792
516000     -6751.7106137718       109.8858371483      -686.2607699465    102002.7029850792
517000     -6752.1816649367       109.8383794986      -685.0266442006    102002.7029850792
518000     -6752.1690768273       109.8419843095      -687.1747525061    102002.7029850792
519000     -6752.4971630707       109.8247425307      -686.7827323483    102002.7029850792
520000     -6752.7049694811       109.7906133831      -686.0403185824    102002.7029850792
521000     -6752.6852149355       109.7850378609      -685.5599745819    102002.7029850792
522000     -6752.7361896008       109.7618208923      -686.1964341291    102002.7029850792
523000     -6752.5414980910       109.7950189845      -685.4654251768    102002.7029850792
524000     -6752.2060506900       109.8214284951      -685.6248490359    102002.7029850792
525000     -6751.9864104608       109.8358949569      -686.9161220017    102002.7029850792
526000     -6751.9451693506       109.8485197720      -685.0322202412    102002.7029850792
527000     -6751.6208449090       109.8844306045      -685.0150765897    102002.7029850792
528000     -6751.4728126782       109.9051093559      -684.5414582676    102002.7029850792
529000     -6751.5122698381       109.9211506809      -685.7499716920    102002.7029850792
530000     -6751.8173173422       109.9026375180      -686.9683487102    102002.7029850792
531000     -6751.9276468195       109.9001806101      -687.4233364731    102002.7029850792
532000     -6751.7653250597       109.9239134780      -687.8132901592    102002.7029850792
533000     -6751.7837845406       109.9225186923      -687.6420415895    102002.7029850792
534000     -6752.1204055128       109.8906928168      -686.4781649725    102002.7029850792
535000     -6751.8386628150       109.9148546735      -685.4051501875    102002.7029850792
536000     -6751.6440030298       109.9343943923      -685.1403057544    102002.7029850792
537000     -6751.6209037557       109.9349490333      -684.7737812212    102002.7029850792
538000     -6751.3748467999       109.9564450380      -683.5981718988    102002.7029850792
539000     -6751.4966162706       109.9409967544      -683.2413767343    102002.7029850791
540000     -6751.4053694949       109.9456703664      -682.3808406599    102002.7029850791
541000     -6751.2544666975       109.9608034337      -682.0827546403    102002.7029850791
542000     -6750.9101498629       109.9924434171      -682.1592726488    102002.7029850791
543000     -6750.9164845447       109.9930510675      -681.4847999897    102002.7029850791
544000     -6751.1252048346       109.9695407180      -680.7335771739    102002.7029850791
545000     -6750.9910309173       109.9828237354      -680.4783627802    102002.7029850791
546000     -6751.0030220669       109.9799882707      -679.8775029958    102002.7029850791
547000     -6750.8531707402       109.9939475143      -679.3935468029    102002.7029850791
548000     -6751.1070056803       109.9762834937      -679.2903079527    102002.7029850791
549000     -6751.2571662765       109.9655229342      -678.1875373456    102002.7029850791
550000     -6751.2855399147       109.9686614560      -677.5468418272    102002.7029850791
551000     -6751.2258414746       109.9724401208      -677.3997466123    102002.7029850791
552000     -6751.3926216744       109.9575859105      -676.8739362962    102002.7029850791
553000     -6751.2137196258       109.9788715507      -676.0626769077    102002.7029850791
554000     -6751.1609563434       109.9838669071      -676.1387760199    102002.7029850791
555000     -6751.0936194417       109.9943616199      -675.6949931379    102002.7029850791
556000     -6751.0395771924       109.9965412199      -674.6407852745    102002.7029850791
557000     -6750.8582389122       110.0149430491      -674.5029407998    102002.7029850791
558000     -6750.8264033728       110.0103608400      -673.9220201115    102002.7029850791
559000     -6750.9149947330       110.0019470345      -673.2420347913    102002.7029850791
560000     -6750.9240611239       109.9942416979      -673.3529963925    102002.7029850791
561000     -6750.7451518398       110.0092227734      -672.9949458982    102002.7029850791
562000     -6750.5942057387       110.0153544008      -672.2527802569    102002.7029850791
563000     -6750.4111807415       110.0314471678      -672.0401043406    102002.7029850791
564000     -6750.3661770310       110.0331329253      -671.7292126648    102002.7029850791
565000     -6750.2593252915       110.0419441197      -670.9515941712    102002.7029850791
566000     -6750.3251944376       110.0350562255      -670.6768268263    102002.7029850791
567000     -6750.2777433449       110.0358269939      -670.5104130333    102002.7029850791
568000     -6750.1691910528       110.0450889825      -670.1530948632    102002.7029850791
569000     -6750.0568221184       110.0547936288      -669.9689030097    102002.7029850791
570000     -6750.0379406125       110.0553578260      -670.0109824480    102002.7029850791
571000     -6750.1149798742       110.0505637861      -670.0358921441    102002.7029850791
572000     -6750.2355489251       110.0360952569      -669.9717807582    102002.7029850791
573000     -6750.3129099338       110.0294304168      -669.7442671739    102002.7029850791
574000     -6750.3607431907       110.0246261832      -669.8741851213    102002.7029850791
575000     -6750.4387014130       110.0199659125      -670.0437189828    102002.7029850791
576000     -6750.4737297883       110.0222189023      -669.8234264214    102002.7029850791
577000     -6750.4970226642       110.0203713647      -670.4828356440    102002.7029850791
578000     -6750.3835815683       110.0344760146      -670.6224985271    102002.7029850791
579000     -6750.3555726341       110.0407426468      -670.3042599716    102002.7029850791
580000     -6750.3687460955       110.0425156710      -670.0971140515    102002.7029850791
581000     -6750.2708287566       110.0519832183      -670.3182197695    102002.7029850791
582000     -6750.2517521273       110.0563373715      -670.0164322323    102002.7029850791
583000     -6750.2731556337       110.0582413217      -670.2002241036    102002.7029850791
584000     -6750.2698621915       110.0594731421      -670.3574209210    102002.7029850791
585000     -6750.2304866544       110.0631286850      -670.1665866921    102002.7029850791
586000     -6750.2062429736       110.0638167300      -669.5977242543    102002.7029850791
587000     -6750.2823104015       110.0594460076      -669.4128930514    102002.7029850791
588000     -6750.2496117009       110.0635253778      -669.4096190224    102002.7029850791
589000     -6750.2025238792       110.0737017061      -669.5704602049    102002.7029850791
590000     -6750.2097140429       110.0729587437      -670.1844092042    102002.7029850791
591000     -6750.3742302434       110.0581079743      -670.0089869003    102002.7029850792
592000     -6750.3780559977       110.0570140718      -669.8114102469    102002.7029850792
593000     -6750.4035131770       110.0541181412      -669.8197268128    102002.7029850792
594000     -6750.5242378366       110.0449243382      -669.4167570684    102002.7029850792
595000     -6750.5914788681       110.0403353943      -669.6568973109    102002.7029850792
596000     -6750.5820254330       110.0399263182      -670.8533980276    102002.7029850792
597000     -6750.6779115867       110.0375137552      -670.7418402548    102002.7029850792
598000     -6750.5967142898       110.0499995311      -670.1590297952    102002.7029850792
599000     -6750.5898018687       110.0522130034      -670.1566301253    102002.7029850792
600000     -6750.6194234312       110.0494864127      -670.0317513712    102002.7029850792
601000     -6750.6552811640       110.0482326004      -670.2521580791    102002.7029850792
602000     -6750.6311265019       110.0500423020      -670.5733013694    102002.7029850792
603000     -6750.6235517077       110.0511997929      -671.0065002738    102002.7029850792
604000     -6750.5512951936       110.0614956044      -670.8282917491    102002.7029850793
605000     -6750.4981860172       110.0662865467      -670.6152633583    102002.7029850793
606000     -6750.5240335420       110.0658675432      -670.4675842721    102002.7029850793
607000     -6750.5848229586       110.0611637672      -670.4723490461    102002.7029850793
608000     -6750.6408945847       110.0579419740      -670.8933744268    102002.7029850793
609000     -6750.6400310027       110.0590131486      -671.3319623319    102002.7029850793
610000     -6750.5655423806       110.0660149459      -671.4041550303    102002.7029850793
611000     -6750.6427126961       110.0633678068      -671.3433867201    102002.7029850793
612000     -6750.6335939959       110.0637500069      -671.8288669404    102002.7029850793
613000     -6750.7414289520       110.0543664137      -672.3683883182    102002.7029850793
614000     -6750.7220324279       110.0561512804      -672.6464689155    102002.7029850793
615000     -6750.6771083244       110.0628428371      -672.7632922112    102002.7029850793
616000     -6750.5826868905       110.0702771232      -673.0776200760    102002.7029850793
617000     -6750.6242751166       110.0682564436      -673.2359246450    102002.7029850793
618000     -6750.6556058510       110.0652572102      -672.9626790321    102002.7029850793
619000     -6750.6581563140       110.0645827672      -673.4816369072    102002.7029850793
620000     -6750.7354798914       110.0580251131      -673.7233350798    102002.7029850793
621000     -6750.8169126005       110.0532957128      -673.8514203296    102002.7029850793
622000     -6750.8282699559       110.0521652563      -674.2793171904    102002.7029850794
623000     -6750.9364956608       110.0432842395      -674.6446557163    102002.7029850794
624000     -6750.9479377700       110.0427505889      -674.6707855853    102002.7029850794
625000     -6750.8645130736       110.0476049849      -674.9591872280    102002.7029850794
626000     -6750.7936999964       110.0520800518      -675.3106860096    102002.7029850794
627000     -6750.8304027331       110.0496428266      -675.1403058774    102002.7029850794
628000     -6750.9142377030       110.0403615022      -675.5657665936    102002.7029850794
629000     -6750.9335740026       110.0367348980      -675.6558409142    102002.7029850794
630000     -6750.9743133013       110.0346325791      -675.9574164521    102002.7029850794
631000     -6751.0047512456       110.0317301135      -676.0921000226    102002.7029850794
632000     -6751.0951215273       110.0239619534      -676.4628438650    102002.7029850794
633000     -6751.1390374483       110.0194508758      -676.4348313043    102002.7029850794
634000     -6751.1187000337       110.0204355392      -676.4707542185    102002.7029850794
635000     -6751.0948491748       110.0231577184      -676.6759905902    102002.7029850794
636000     -6751.1085959593       110.0230683707      -676.7927622809    102002.7029850794
637000     -6751.1577942373       110.0177076716      -676.7742611143    102002.7029850794
638000     -6751.2202316178       110.0139564873      -676.9634188587    102002.7029850794
639000     -6751.1825117649       110.0172201244      -676.7571965036    102002.7029850794
640000     -6751.0938630589       110.0243969907      -676.5662730219    102002.7029850794
641000     -6751.0716748404       110.0256006139      -676.4712639049    102002.7029850794
642000     -6750.9840155982       110.0308962881      -676.2895236383    102002.7029850794
643000     -6750.9187052389       110.0361496287      -676.4201321505    102002.7029850794
644000     -6750.8934334227       110.0371578236      -676.6500978919    102002.7029850794
645000     -6750.9387945235       110.0328597612      -676.5209213953    102002.7029850794
646000     -6750.9291102703       110.0338524285      -676.3046338163    102002.7029850795
647000     -6750.9177318296       110.0350613319      -676.2616100946    102002.7029850795
648000     -6750.8691971718       110.0387134056      -676.1104485793    102002.7029850795
649000     -6750.8958989872       110.0361176326      -675.9822656751    102002.7029850795
650000     -6750.8253496748       110.0412804332      -676.3230514771    102002.7029850795
651000     -6750.7892568173       110.0438841722      -676.1572836485    102002.7029850795
652000     -6750.7650376104       110.0455395203      -676.0230854985    102002.7029850795
653000     -6750.7916657815       110.0456473540      -675.9295110640    102002.7029850795
654000     -6750.8359461184       110.0433986145      -675.9819430039    102002.7029850795
655000     -6750.9183623304       110.0366869407      -676.1092762662    102002.7029850795
656000     -6750.9698775224       110.0338905922      -676.2270551177    102002.7029850795
657000     -6751.0083575329       110.0317648856      -676.5462766013    102002.7029850795
658000     -6751.0835228793       110.0242917492      -676.5537602064    102002.7029850795
659000     -6751.0680777520       110.0242446819      -676.5837508201    102002.7029850795
660000     -6751.1201937404       110.0199904547      -676.5275698006    102002.7029850795
661000     -6751.1209072108       110.0225353518      -676.6161826730    102002.7029850795
662000     -6751.1498671715       110.0208758633      -676.9229653066    102002.7029850795
663000     -6751.0887996210       110.0296543508      -677.0708124090    102002.7029850795
664000     -6751.0893766175       110.0298963996      -677.0868822606    102002.7029850795
665000     -6751.0898152463       110.0299212253      -677.0077175797    102002.7029850795
666000     -6751.0677662365       110.0319549816      -677.2254779587    102002.7029850795
667000     -6751.1099526620       110.0276127336      -677.3510877888    102002.7029850795
668000     -6751.1266624190       110.0277275462      -677.5127386777    102002.7029850795
669000     -6751.2063396432       110.0223440945      -678.0446515396    102002.7029850795
670000     -6751.2954116352       110.0165682507      -678.1946224731    102002.7029850795
671000     -6751.3337287155       110.0130033915      -678.2426121882    102002.7029850795
672000     -6751.2780501461       110.0187646966      -678.2325564785    102002.7029850795
673000     -6751.2522258007       110.0195528230      -678.5877935591    102002.7029850795
674000     -6751.2652425322       110.0192623963      -678.7269662124    102002.7029850794
675000     -6751.2292401521       110.0222001051      -678.6689321665    102002.7029850794
676000     -6751.1846148562       110.0256390646      -678.4978745389    102002.7029850794
677000     -6751.2367646387       110.0213423124      -678.4063838506    102002.7029850794
678000     -6751.2735748537       110.0169798304      -678.4778146955    102002.7029850794
679000     -6751.3344823398       110.0119620497      -678.5754271194    102002.7029850794
680000     -6751.3614976768       110.0106212963      -678.7813183109    102002.7029850794
681000     -6751.4013414835       110.0090688843      -678.7959073043    102002.7029850794
682000     -6751.4246240866       110.0072255054      -678.7126181541    102002.7029850794
683000     -6751.4044145561       110.0103329719      -678.6593879723    102002.7029850794
684000     -6751.3849442755       110.0132086299      -678.6683471283    102002.7029850794
685000     -6751.3929175323       110.0141503269      -678.8423824589    102002.7029850794
686000     -6751.3925100984       110.0150997001      -679.0309214466    102002.7029850794
687000     -6751.3848250245       110.0160716224      -679.1848789506    102002.7029850794
688000     -6751.3371711182       110.0220318720      -679.1974122059    102002.7029850793
689000     -6751.3426601180       110.0220523443      -679.2756411086    102002.7029850793
690000     -6751.3127803119       110.0263765111      -679.2363664097    102002.7029850793
691000     -6751.3138149761       110.0264625802      -679.5974377156    102002.7029850793
692000     -6751.3767890811       110.0210916748      -679.8490018129    102002.7029850793
693000     -6751.4157622226       110.0174177571      -680.1029599615    102002.7029850793
694000     -6751.3945819761       110.0188228459      -680.0148466472    102002.7029850793
695000     -6751.3880390544       110.0217104545      -679.9936424227    102002.7029850793
696000     -6751.3703413739       110.0227362643      -680.2200215183    102002.7029850793
697000     -6751.3937952221       110.0207193299      -680.4171576280    102002.7029850793
698000     -6751.4126786397       110.0197692960      -680.7418363505    102002.7029850793
699000     -6751.3907214563       110.0226103973      -680.9465861535    102002.7029850793
700000     -6751.3897416529       110.0229389984      -680.8666666237    102002.7029850793
701000     -6751.4609742125       110.0177450430      -680.7867738223    102002.7029850793
702000     -6751.4785050539       110.0166976626      -680.6423271721    102002.7029850793
703000     -6751.5708603379       110.0095809066      -680.7960433050    102002.7029850793
704000     -6751.5997753663       110.0075328760      -680.8888453266    102002.7029850792
705000     -6751.6048407046       110.0089499718      -680.8789135316    102002.7029850792
706000     -6751.5743601167       110.0129407430      -680.8321448770    102002.7029850792
707000     -6751.5720982081       110.0132127158      -680.7914701216    102002.7029850792
708000     -6751.6069092126       110.0111580853      -680.9447453854    102002.7029850792
709000     -6751.6422859989       110.0101627344      -680.9757911948    102002.7029850792
710000     -6751.6438709361       110.0106980378      -681.1498649393    102002.7029850792
711000     -6751.6434563105       110.0122836181      -681.1690372217    102002.7029850792
712000     -6751.6476740416       110.0135737582      -681.1775639274    102002.7029850792
713000     -6751.6084182596       110.0178007972      -681.0855147813    102002.7029850792
714000     -6751.5944005689       110.0206022101      -680.9558862343    102002.7029850792
715000     -6751.6153858225       110.0205769149      -681.1305250356    102002.7029850792
716000     -6751.6469946914       110.0204069786      -681.2220943118    102002.7029850792
717000     -6751.6741342894       110.0197857204      -681.2896185221    102002.7029850792
718000     -6751.7448108033       110.0148164129      -681.1936782720    102002.7029850792
719000     -6751.8163195541       110.0102543540      -681.1463938582    102002.7029850792
720000     -6751.8381746710       110.0096586071      -681.3763066500    102002.7029850792
721000     -6751.8445644664       110.0117319883      -681.4227481096    102002.7029850792
722000     -6751.8219746774       110.0165334246      -681.4778875166    102002.7029850792
723000     -6751.8381912430       110.0170637402      -681.5123985888    102002.7029850792
724000     -6751.8423720948       110.0176428348      -681.3232986549    102002.7029850791
725000     -6751.8605404200       110.0166614635      -681.1538663582    102002.7029850791
726000     -6751.9151123783       110.0119759847      -681.0631827166    102002.7029850791
727000     -6751.8830758996       110.0164778727      -681.0309837807    102002.7029850791
728000     -6751.8944888937       110.0162704655      -681.0406763507    102002.7029850791
729000     -6751.9146995600       110.0149682051      -680.9511383286    102002.7029850791
730000     -6751.9170378458       110.0151123916      -680.7786866086    102002.7029850791
731000     -6751.9102447353       110.0164213279      -680.5862676909    102002.7029850791
732000     -6751.8964876859       110.0178635764      -680.4259826037    102002.7029850791
733000     -6751.9467959090       110.0152752624      -680.2136445937    102002.7029850791
734000     -6751.9634090960       110.0153052479      -680.2318037754    102002.7029850791
735000     -6751.9713613354       110.0159893267      -680.0605929231    102002.7029850791
736000     -6751.9851183872       110.0151318194      -679.8601900584    102002.7029850791
737000     -6751.9872175119       110.0157137017      -679.6363072051    102002.7029850791
738000     -6751.9529903332       110.0202437301      -679.5152066657    102002.7029850791
739000     -6751.9343670460       110.0223705559      -679.3942710979    102002.7029850791
740000     -6751.9255540828       110.0221800451      -679.2428132163    102002.7029850791
741000     -6751.9452261006       110.0207124684      -678.9346193976    102002.7029850791
742000     -6751.9811270742       110.0180677101      -678.7831398402    102002.7029850791
743000     -6751.9767289655       110.0176187739      -678.6979760423    102002.7029850791
744000     -6751.9847363953       110.0185375117      -678.5641664551    102002.7029850791
745000     -6752.0349240546       110.0138423307      -678.5493573952    102002.7029850791
746000     -6752.0009361021       110.0177959490      -678.5344291983    102002.7029850791
747000     -6751.9894084629       110.0200983508      -678.4671147695    102002.7029850791
748000     -6751.9850249459       110.0215982684      -678.3108123752    102002.7029850790
749000     -6751.9267410305       110.0262426756      -678.1715194861    102002.7029850790
750000     -6751.9218043795       110.0274034485      -678.0425223910    102002.7029850790
751000     -6751.9418146437       110.0254857496      -677.9618310263    102002.7029850790
752000     -6751.9627959295       110.0229101681      -677.9389856372    102002.7029850790
753000     -6751.9898719865       110.0205410912      -677.9861892809    102002.7029850790
754000     -6752.0199997864       110.0189658552      -677.7730410959    102002.7029850790
755000     -6752.0034796112       110.0206357880      -677.8637210106    102002.7029850790
756000     -6752.0057309946       110.0208840492      -677.9309934101    102002.7029850790
757000     -6752.0338806558       110.0199385398      -677.9513453870    102002.7029850790
758000     -6752.0502317624       110.0194964430      -677.9544129134    102002.7029850790
759000     -6752.0616882955       110.0184682990      -677.9642295673    102002.7029850790
760000     -6752.0230828064       110.0215771360      -677.9122726294    102002.7029850790
761000     -6752.0265190989       110.0226276129      -677.7064870506    102002.7029850790
762000     -6752.0479175149       110.0202129298      -677.6885428792    102002.7029850790
763000     -6752.0540077690       110.0197015079      -677.8071929332    102002.7029850790
764000     -6752.0327668373       110.0218956858      -677.6454046638    102002.7029850790
765000     -6752.0343038909       110.0207154892      -677.5712513654    102002.7029850790
766000     -6752.0318123827       110.0196407564      -677.5523687297    102002.7029850790
767000     -6752.0643254585       110.0178692903      -677.4343316127    102002.7029850790
768000     -6752.0791764261       110.0152651066      -677.3115061700    102002.7029850790
769000     -6752.0772141653       110.0143183220      -677.4139393394    102002.7029850790
770000     -6752.0590587412       110.0162732539      -677.3641503315    102002.7029850790
771000     -6752.0742165786       110.0156951155      -677.2721606569    102002.7029850790
772000     -6752.1134211440       110.0115988338      -677.3981425622    102002.7029850790
773000     -6752.1286332612       110.0098615326      -677.3889873119    102002.7029850790
774000     -6752.1093425386       110.0117272796      -677.3338284505    102002.7029850790
775000     -6752.0842259057       110.0130965506      -677.5268175820    102002.7029850790
776000     -6752.0509420041       110.0167657970      -677.5343850432    102002.7029850790
777000     -6752.0591954873       110.0152795664      -677.4712375382    102002.7029850789
778000     -6752.0685056590       110.0134788300      -677.4854781103    102002.7029850789
779000     -6752.0681559451       110.0125014986      -677.5521308646    102002.7029850789
780000     -6752.0562080355       110.0125182163      -677.6411854393    102002.7029850789
781000     -6752.0729063046       110.0101781885      -677.6756330293    102002.7029850789
782000     -6752.0895767168       110.0083948586      -677.6486272169    102002.7029850789
783000     -6752.0815764127       110.0083813014      -677.6210958561    102002.7029850789
784000     -6752.0543832751       110.0109343005      -677.5124753797    102002.7029850789
785000     -6752.0492479157       110.0112793709      -677.4641253743    102002.7029850789
786000     -6752.0456490532       110.0117088383      -677.4365212936    102002.7029850789
787000     -6752.0749451925       110.0097792604      -677.4040543619    102002.7029850789
788000     -6752.1081306098       110.0066006891      -677.4519822290    102002.7029850789
789000     -6752.1340327205       110.0041031104      -677.4458456826    102002.7029850789
790000     -6752.1566079584       110.0020357668      -677.4229109787    102002.7029850789
791000     -6752.1079606182       110.0060367266      -677.4689143938    102002.7029850789
792000     -6752.1139347130       110.0062008098      -677.3376877704    102002.7029850789
793000     -6752.1347683061       110.0037851261      -677.2922909041    102002.7029850789
794000     -6752.1624513143       110.0011078064      -677.3893917296    102002.7029850789
795000     -6752.1733241840       109.9997236162      -677.2965417766    102002.7029850789
796000     -6752.1555220608       110.0006692924      -677.1958844331    102002.7029850789
797000     -6752.1717943582       109.9981549291      -677.1558459863    102002.7029850789
798000     -6752.1801432928       109.9968161120      -677.1850342792    102002.7029850789
799000     -6752.1847477002       109.9957237474      -677.0392499209    102002.7029850789
800000     -6752.1901513250       109.9944154174      -677.1493974554    102002.7029850789
801000     -6752.1870566918       109.9944588955      -677.1908508156    102002.7029850789
802000     -6752.1742950283       109.9957579039      -677.1369786248    102002.7029850789
803000     -6752.1527729043       109.9977019387      -677.0310072878    102002.7029850789
804000     -6752.1615492219       109.9970396251      -677.0494260284    102002.7029850789
805000     -6752.1533721443       109.9978612095      -677.1797380688    102002.7029850789
806000     -6752.1130829265       110.0014878691      -677.2752755517    102002.7029850789
807000     -6752.0878256756       110.0035536060      -677.1961658522    102002.7029850789
808000     -6752.0800755777       110.0033998595      -677.0886818979    102002.7029850789
809000     -6752.0987513203       110.0008333232      -677.0862467487    102002.7029850789
810000     -6752.0550926476       110.0043041210      -676.9966464280    102002.7029850789
811000     -6752.0345419329       110.0058980502      -677.1054541220    102002.7029850789
812000     -6752.0064213253       110.0080220983      -677.1633434449    102002.7029850789
813000     -6752.0353631911       110.0039981710      -677.1700959370    102002.7029850789
814000     -6752.0299005195       110.0034612385      -677.0704204618    102002.7029850789
815000     -6751.9894711552       110.0056005014      -676.9836321852    102002.7029850788
816000     -6751.9819898058       110.0054725867      -677.0092833292    102002.7029850788
817000     -6751.9643813798       110.0068584416      -677.0980957075    102002.7029850788
818000     -6751.9374692629       110.0086782767      -677.2905485446    102002.7029850788
819000     -6751.9489304239       110.0081973032      -677.3036802909    102002.7029850788
820000     -6751.9587494971       110.0065308996      -677.3499170037    102002.7029850788
821000     -6751.9798508639       110.0039274734      -677.2485061098    102002.7029850788
822000     -6751.9706954941       110.0037395697      -677.2026990197    102002.7029850788
823000     -6751.9359091919       110.0065581987      -677.1997592449    102002.7029850788
824000     -6751.9301743973       110.0066705103      -677.2567820045    102002.7029850788
825000     -6751.9092997466       110.0077910527      -677.3189769518    102002.7029850788
826000     -6751.9037569837       110.0071666186      -677.2913522629    102002.7029850788
827000     -6751.9157968348       110.0069603953      -677.1863916913    102002.7029850788
828000     -6751.9043961808       110.0082164207      -677.0712752493    102002.7029850788
829000     -6751.8923199580       110.0092154892      -677.0575627113    102002.7029850788
830000     -6751.8757096033       110.0110486423      -677.0343254345    102002.7029850788
831000     -6751.8688466221       110.0124997911      -676.9536501577    102002.7029850788
832000     -6751.8568125555       110.0126218007      -676.9083636805    102002.7029850788
833000     -6751.8161614469       110.0167669513      -676.8406976905    102002.7029850788
834000     -6751.8029482515       110.0187708717      -676.8666158091    102002.7029850788
835000     -6751.8047495297       110.0183668720      -676.9399864233    102002.7029850788
836000     -6751.8292807572       110.0165859351      -676.8634488524    102002.7029850788
837000     -6751.8475103598       110.0148479911      -676.8472740448    102002.7029850788
838000     -6751.8450302424       110.0154103110      -676.9475151071    102002.7029850788
839000     -6751.8444200326       110.0164035695      -676.9646139862    102002.7029850788
840000     -6751.8655761134       110.0148337554      -677.0070730948    102002.7029850788
841000     -6751.8950519446       110.0116169377      -677.1646006032    102002.7029850788
842000     -6751.9037959983       110.0113286777      -677.2266174069    102002.7029850788
843000     -6751.9359609663       110.0088551108      -677.1945270693    102002.7029850788
844000     -6751.9671411975       110.0064848014      -677.1520496726    102002.7029850788
845000     -6751.9781884560       110.0050505633      -677.1912952877    102002.7029850788
846000     -6752.0112454973       110.0018615879      -677.1796912874    102002.7029850788
847000     -6751.9697310355       110.0052993609      -677.2099215824    102002.7029850788
848000     -6751.9579609342       110.0058913848      -677.0940811945    102002.7029850788
849000     -6751.9182468775       110.0089968468      -677.1423645737    102002.7029850788
850000     -6751.9173765550       110.0090214663      -677.1719523917    102002.7029850788
851000     -6751.9379593136       110.0072344237      -677.1020260011    102002.7029850788
852000     -6751.9402081249       110.0077863614      -677.1124430235    102002.7029850788
853000     -6751.9377342807       110.0083394134      -677.1726059362    102002.7029850788
854000     -6751.9437266646       110.0080391291      -677.1972174264    102002.7029850788
855000     -6751.9326215771       110.0082133866      -677.2154001382    102002.7029850788
856000     -6751.9468402093       110.0063449148      -677.2943345974    102002.7029850788
857000     -6751.9659972143       110.0047207208      -677.2686106584    102002.7029850788
858000     -6751.9523670876       110.0055943494      -677.3287799775    102002.7029850788
859000     -6751.9565430679       110.0042416081      -677.3006320560    102002.7029850788
860000     -6751.9452762825       110.0044649772      -677.2942856303    102002.7029850788
861000     -6751.9124601720       110.0065918178      -677.3452432696    102002.7029850788
862000     -6751.9374546811       110.0046540001      -677.3446507354    102002.7029850788
863000     -6751.9483492198       110.0040800907      -677.2408795890    102002.7029850788
864000     -6751.9570055657       110.0031444936      -677.2360102880    102002.7029850788
865000     -6751.9896399994       110.0011133451      -677.1559834307    102002.7029850788
866000     -6752.0007792736       110.0002439904      -677.1448655296    102002.7029850788
867000     -6752.0133344603       109.9994792007      -677.1754875212    102002.7029850788
868000     -6752.0138674675       109.9988544172      -677.1294530913    102002.7029850788
869000     -6752.0181571037       109.9976198308      -677.1052766248    102002.7029850788
870000     -6752.0357051772       109.9956951124      -677.0209889825    102002.7029850787
871000     -6752.0581745549       109.9931027235      -676.9913729233    102002.7029850787
872000     -6752.0562925033       109.9938983647      -676.9647843860    102002.7029850787
873000     -6752.0262015283       109.9961285485      -676.8890794865    102002.7029850787
874000     -6751.9868845555       109.9983717571      -676.9822514017    102002.7029850787
875000     -6751.9688203869       109.9992570095      -677.0157888693    102002.7029850787
876000     -6751.9672459595       109.9995989061      -676.9552599950    102002.7029850787
877000     -6751.9435592182       110.0016799912      -676.8565627320    102002.7029850787
878000     -6751.9117408493       110.0042411586      -676.8134573914    102002.7029850787
879000     -6751.8997129564       110.0042980332      -676.8574691312    102002.7029850787
880000     -6751.8973064511       110.0046444387      -676.9569345286    102002.7029850787
881000     -6751.8980369283       110.0040472924      -676.9671056317    102002.7029850787
882000     -6751.8893483363       110.0044567219      -676.9128165392    102002.7029850787
883000     -6751.8581450957       110.0064201652      -676.8592133175    102002.7029850787
884000     -6751.8419669249       110.0079792488      -676.8037228273    102002.7029850787
885000     -6751.8220405356       110.0092138446      -676.7388602689    102002.7029850787
886000     -6751.8325207633       110.0084149521      -676.8258010779    102002.7029850787
887000     -6751.8386324933       110.0075508408      -676.9363935734    102002.7029850787
888000     -6751.8420386095       110.0072657137      -676.9259971928    102002.7029850787
889000     -6751.8695193715       110.0048073346      -676.8221471652    102002.7029850787
890000     -6751.8677096010       110.0042933709      -676.7857414786    102002.7029850787
891000     -6751.8831192069       110.0038571572      -676.7086887434    102002.7029850787
892000     -6751.8914435024       110.0027555571      -676.7976800864    102002.7029850787
893000     -6751.8747571068       110.0040247100      -676.8087040950    102002.7029850787
894000     -6751.8650464071       110.0052570430      -676.7984014888    102002.7029850787
895000     -6751.8617784892       110.0050035374      -676.8267020371    102002.7029850787
896000     -6751.8472418255       110.0059925651      -676.6840196538    102002.7029850787
897000     -6751.8445681866       110.0054985628      -676.6582687200    102002.7029850787
898000     -6751.8512456770       110.0044551356      -676.7495838455    102002.7029850787
899000     -6751.8568018626       110.0034686584      -676.7726957575    102002.7029850787
900000     -6751.8582698330       110.0025594830      -676.8769616030    102002.7029850787
901000     -6751.8911261427       109.9999240950      -676.8091357923    102002.7029850787
902000     -6751.8718868124       110.0018328694      -676.8290316892    102002.7029850787
903000     -6751.8441571797       110.0043864326      -676.8107753182    102002.7029850787
904000     -6751.8515500705       110.0044046702      -676.7778115012    102002.7029850787
905000     -6751.8522560539       110.0042302174      -676.6711858544    102002.7029850787
906000     -6751.8453570059       110.0051103816      -676.6927455493    102002.7029850787
907000     -6751.8231096577       110.0073934886      -676.6947560782    102002.7029850787
908000     -6751.8357377965       110.0066048307      -676.6173871416    102002.7029850787
909000     -6751.8378259278       110.0068404924      -676.6243772087    102002.7029850787
910000     -6751.8242370915       110.0077150356      -676.5567445404    102002.7029850787
911000     -6751.8317803876       110.0076577799      -676.5418359311    102002.7029850787
912000     -6751.8408281270       110.0070581310      -676.4598252307    102002.7029850787
913000     -6751.8221435511       110.0089093247      -676.4746802306    102002.7029850787
914000     -6751.8002884441       110.0108470519      -676.4796535165    102002.7029850787
915000     -6751.8051066491       110.0107979157      -676.4378788019    102002.7029850787
916000     -6751.8302660563       110.0082679264      -676.4070437999    102002.7029850787
917000     -6751.8166632416       110.0099062024      -676.3915556028    102002.7029850787
918000     -6751.7968651326       110.0114178418      -676.3729881650    102002.7029850787
919000     -6751.7896190654       110.0120640172      -676.2546475797    102002.7029850787
920000     -6751.7987876483       110.0115106283      -676.2463330154    102002.7029850787
921000     -6751.7863512057       110.0124591819      -676.2671990875    102002.7029850787
922000     -6751.7809358111       110.0124706589      -676.1799685825    102002.7029850787
923000     -6751.7866350178       110.0113566565      -676.1413171708    102002.7029850787
924000     -6751.8004794618       110.0093300428      -676.0575151698    102002.7029850787
925000     -6751.8265980619       110.0074723334      -676.0179431269    102002.7029850787
926000     -6751.8226574152       110.0075296910      -675.9283015455    102002.7029850787
927000     -6751.8149545363       110.0090141521      -675.8264407483    102002.7029850786
928000     -6751.8160691340       110.0093534012      -675.7805742858    102002.7029850786
929000     -6751.8129924995       110.0096588113      -675.7069026344    102002.7029850786
930000     -6751.8345282455       110.0081426751      -675.6246584324    102002.7029850786
931000     -6751.8524449337       110.0060963920      -675.5349054453    102002.7029850786
932000     -6751.8460864627       110.0068279716      -675.5119352104    102002.7029850786
933000     -6751.8313801675       110.0080991647      -675.4210428434    102002.7029850786
934000     -6751.8146889856       110.0092210129      -675.3293313972    102002.7029850786
935000     -6751.8148209949       110.0090753032      -675.2362186229    102002.7029850786
936000     -6751.8276638657       110.0077593611      -675.1266578573    102002.7029850786
937000     -6751.8365005547       110.0066963037      -674.9681713408    102002.7029850786
938000     -6751.8444101458       110.0067025019      -674.9373058620    102002.7029850786
939000     -6751.8121884733       110.0094884145      -674.9675985097    102002.7029850786
940000     -6751.8351284296       110.0072729220      -674.9604768384    102002.7029850786
941000     -6751.8381076923       110.0071703062      -674.9502302825    102002.7029850786
942000     -6751.8563414554       110.0052704878      -674.8519432212    102002.7029850786
943000     -6751.8614961934       110.0048513762      -674.9022628466    102002.7029850786
944000     -6751.8467892618       110.0058591822      -674.8918486934    102002.7029850786
945000     -6751.8324664842       110.0066368050      -674.8575837558    102002.7029850786
946000     -6751.7999325309       110.0090299542      -674.7787367819    102002.7029850786
947000     -6751.7931251431       110.0088477554      -674.6865331615    102002.7029850786
948000     -6751.7781105663       110.0102972954      -674.5376557953    102002.7029850786
949000     -6751.7606749410       110.0118957705      -674.4453084982    102002.7029850786
950000     -6751.7424594335       110.0135139521      -674.3470893780    102002.7029850786
951000     -6751.7345532091       110.0134824925      -674.3617533505    102002.7029850786
952000     -6751.7409824170       110.0134422428      -674.3305516696    102002.7029850786
953000     -6751.7560512228       110.0120112374      -674.2148072873    102002.7029850786
954000     -6751.7694902962       110.0112376669      -674.1798074649    102002.7029850786
955000     -6751.7651134866       110.0115144837      -674.1171872231    102002.7029850786
956000     -6751.7850229713       110.0100264306      -674.0009450310    102002.7029850786
957000     -6751.8051813021       110.0079664581      -673.9683999960    102002.7029850786
958000     -6751.8173041425       110.0072361219      -673.9601178931    102002.7029850786
959000     -6751.8096658484       110.0078785795      -673.9775367913    102002.7029850786
960000     -6751.7967261030       110.0092785149      -673.9632638287    102002.7029850786
961000     -6751.7870602989       110.0100948316      -673.8859197947    102002.7029850786
962000     -6751.7996748038       110.0091290896      -673.8307103916    102002.7029850786
963000     -6751.8171935760       110.0074915809      -673.8333750016    102002.7029850786
964000     -6751.8117662341       110.0079224608      -673.8432904384    102002.7029850786
965000     -6751.7954946895       110.0097533716      -673.7062112992    102002.7029850786
966000     -6751.7879974759       110.0103881163      -673.6344292844    102002.7029850786
967000     -6751.7959769229       110.0098769268      -673.5485563782    102002.7029850786
968000     -6751.7979746765       110.0100808345      -673.4513993217    102002.7029850786
969000     -6751.7845008166       110.0115184920      -673.5113193015    102002.7029850786
970000     -6751.7647006327       110.0135696123      -673.4937786323    102002.7029850786
971000     -6751.7501156862       110.0148833070      -673.4361730162    102002.7029850786
972000     -6751.7512090310       110.0146132609      -673.3952276879    102002.7029850786
973000     -6751.7741418747       110.0127681950      -673.2869134541    102002.7029850786
974000     -6751.7717332163       110.0129744436      -673.3168242922    102002.7029850786
975000     -6751.7802166792       110.0122580439      -673.3464955674    102002.7029850786
976000     -6751.7917446062       110.0110462391      -673.3308766499    102002.7029850786
977000     -6751.7723406809       110.0128157881      -673.3389413447    102002.7029850786
978000     -6751.7637900702       110.0139642021      -673.4027585315    102002.7029850786
979000     -6751.7600229543       110.0140703581      -673.3399091198    102002.7029850786
980000     -6751.7666667902       110.0130747329      -673.3330381812    102002.7029850786
981000     -6751.7773143675       110.0120544231      -673.3841356656    102002.7029850786
982000     -6751.7946511515       110.0103397874      -673.3644676497    102002.7029850786
983000     -6751.8044417450       110.0096086998      -673.1951755203    102002.7029850786
984000     -6751.8040015011       110.0095296763      -673.1870610240    102002.7029850786
985000     -6751.7776496236       110.0117173339      -673.1663881864    102002.7029850786
986000     -6751.7735008861       110.0115843713      -673.1534390840    102002.7029850786
987000     -6751.7946385600       110.0094201431      -673.1581747387    102002.7029850786
988000     -6751.8021066859       110.0089914159      -673.1092952363    102002.7029850786
989000     -6751.7932142139       110.0096509368      -673.0360512833    102002.7029850786
990000     -6751.7750865387       110.0108327970      -672.9924919703    102002.7029850786
991000     -6751.7619447774       110.0121305542      -673.0092311134    102002.7029850786
992000     -6751.7602812128       110.0126172920      -673.0533122414    102002.7029850786
993000     -6751.7762050006       110.0118322193      -673.1227575074    102002.7029850786
994000     -6751.7813798158       110.0114589695      -673.1185572290    102002.7029850786
995000     -6751.7820395999       110.0114371497      -673.0932141020    102002.7029850786
996000     -6751.7728307178       110.0117513712      -673.0304832355    102002.7029850786
997000     -6751.7669275895       110.0118064799      -672.9759474390    102002.7029850786
998000     -6751.7729672145       110.0106346101      -673.0790828972    102002.7029850786
999000     -6751.7833716443       110.0101270772      -673.1551509996    102002.7029850786
1000000     -6751.7992619049       110.0084596982      -673.1645253274    102002.7029850786
