# Time-averaged data for fix runningavgs
# TimeStep v_ra_etotal v_ra_temp v_ra_press v_ra_volume
502000     -9654.0754513979       129.9823605865        30.3937479602    102002.7029850792
503000     -9648.9774014243       130.3576205604        63.6650794454    102002.7029850792
504000     -9652.4830020361       130.3293883802        43.2321824984    102002.7029850792
505000     -9654.1167506147       130.2153965907        24.5478357304    102002.7029850792
506000     -9653.8070963989       130.2255353721        34.1031617799    102002.7029850792
507000     -9656.4426252878       130.0893075180        30.9166696969    102002.7029850792
508000     -9657.2744101441       130.0709174178        28.5994885815    102002.7029850792
509000     -9655.7520914921       130.1388196284        28.3352109507    102002.7029850792
510000     -9656.7270023083       130.0280090478        32.2100370447    102002.7029850792
511000     -9657.7800179726       129.9954557313        30.3467433581    102002.7029850792
512000     -9656.1421795675       130.0687716628        26.8419642642    102002.7029850792
513000     -9655.7015902032       130.1119694514        24.3528853740    102002.7029850792
514000     -9655.1726892093       130.1322952361        23.3994938080    102002.7029850792
515000     -9655.9184318835       130.0809819857        23.1980858912    102002.7029850792
516000     -9655.1867713405       130.1286926036        27.6489772405    102002.7029850792
517000     -9654.6263306426       130.1362289793        26.7268255687    102002.7029850792
518000     -9655.5739750914       130.0682571337        25.6534586619    102002.7029850792
519000     -9655.2973676310       130.0586018772        22.9245072041    102002.7029850792
520000     -9654.9555420269       130.0489916544        22.2150739143    102002.7029850792
521000     -9654.6827213313       130.0404205377        19.0753658808    102002.7029850792
522000     -9655.1831954590       130.0238552887        14.8071586827    102002.7029850792
523000     -9655.0361143696       130.0169751139        15.6641276504    102002.7029850792
524000     -9655.6931480921       129.9818572209        13.9338684377    102002.7029850792
525000     -9655.6427041558       129.9867801280        14.5511713230    102002.7029850792
526000     -9656.4466425241       129.9488927027        14.2588184329    102002.7029850792
527000     -9656.5080550439       129.9530204828        16.7280522637    102002.7029850792
528000     -9656.3960819045       129.9784680834        16.5497255835    102002.7029850792
529000     -9656.3190698710       129.9835833553        17.5522539532    102002.7029850792
530000     -9656.1987969469       130.0097435845        15.8604925487    102002.7029850792
531000     -9656.2988208822       130.0155811287        13.7834066562    102002.7029850792
532000     -9656.4413087465       130.0153291135        11.7352791632    102002.7029850792
533000     -9656.4599335982       130.0182679523         9.2076160770    102002.7029850792
534000     -9655.9451113427       130.0392270893         9.7375444942    102002.7029850792
535000     -9656.0403395171       130.0302268505         9.3072229642    102002.7029850792
536000     -9655.6595157263       130.0511506293         8.7119325115    102002.7029850792
537000     -9655.7965597529       130.0511323410         7.3712432901    102002.7029850792
538000     -9655.6872971301       130.0584268508         7.2895152501    102002.7029850792
539000     -9655.6495035915       130.0559271488         6.8147130655    102002.7029850791
540000     -9655.2237585953       130.0690048837         6.0188858410    102002.7029850791
541000     -9655.1548839978       130.0560185963         7.8907544794    102002.7029850791
542000     -9655.0169160771       130.0582676453         8.1722475059    102002.7029850791
543000     -9655.1113122005       130.0493594213         7.3993782369    102002.7029850791
544000     -9655.2920067023       130.0499966432         8.7972474388    102002.7029850791
545000     -9655.1938371664       130.0729442167         7.7201164529    102002.7029850791
546000     -9655.6110238748       130.0638437477         5.0050825334    102002.7029850791
547000     -9655.7983243677       130.0600705349         2.8857745861    102002.7029850791
548000     -9656.0045387165       130.0499278998        -1.2044935228    102002.7029850791
549000     -9656.4518279024       130.0440068713        -4.3517868882    102002.7029850791
550000     -9656.7148359208       130.0390942094        -6.4013190535    102002.7029850791
551000     -9656.7374492430       130.0430096363        -8.9071356497    102002.7029850791
552000     -9656.8621288061       130.0355647348       -10.4398011071    102002.7029850791
553000     -9656.8960572272       130.0337068205       -11.2452288084    102002.7029850791
554000     -9656.9148059338       130.0284058592       -10.7441395200    102002.7029850791
555000     -9656.8236178224       130.0263141060        -9.8232034706    102002.7029850791
556000     -9656.4956983994       130.0317725717       -10.2532825225    102002.7029850791
557000     -9656.2693535951       130.0325551677       -10.9118500584    102002.7029850791
558000     -9656.0161705077       130.0331041993       -11.4138668080    102002.7029850791
559000     -9655.7209072898       130.0467452595       -11.3614501502    102002.7029850791
560000     -9655.8239879061       130.0485048417       -11.3913099723    102002.7029850791
561000     -9655.7812548647       130.0523583932       -11.3561258599    102002.7029850791
562000     -9655.7676122181       130.0558097890       -10.8007298713    102002.7029850791
563000     -9655.9363638368       130.0440515614       -10.4623510750    102002.7029850791
564000     -9655.7429967096       130.0489765881       -11.8280573074    102002.7029850791
565000     -9655.9903056048       130.0388711872       -11.1106614909    102002.7029850791
566000     -9655.9688226762       130.0430528815       -11.3378830825    102002.7029850791
567000     -9655.7887844434       130.0543437434       -10.5072140610    102002.7029850791
568000     -9656.0465671855       130.0464474518       -10.9643626126    102002.7029850791
569000     -9656.0855892832       130.0472552058       -11.0281793265    102002.7029850791
570000     -9656.1047858552       130.0505144347       -10.6039379793    102002.7029850791
571000     -9656.1125124575       130.0527037649       -11.2923048903    102002.7029850791
572000     -9656.0937937850       130.0621197164       -12.1707433667    102002.7029850791
573000     -9656.0975097493       130.0676044245       -12.0541185342    102002.7029850791
574000     -9656.0089471875       130.0687572596       -11.4813314180    102002.7029850791
575000     -9655.9902763207       130.0722840055       -11.3119121103    102002.7029850791
576000     -9656.0971014718       130.0716287581       -12.8273564583    102002.7029850791
577000     -9656.0778136549       130.0702525537       -12.5830873348    102002.7029850791
578000     -9656.2576514005       130.0637876095       -12.9903864598    102002.7029850791
579000     -9656.4255514929       130.0532885998       -12.7389734703    102002.7029850791
580000     -9656.4895396296       130.0487256096       -13.1097103288    102002.7029850791
581000     -9656.3123665106       130.0523727764       -12.4970288201    102002.7029850791
582000     -9656.2243079266       130.0516565706       -11.4359478665    102002.7029850791
583000     -9656.2470014750       130.0480610695       -11.9273574613    102002.7029850791
584000     -9656.5548928270       130.0357324249       -12.2901577074    102002.7029850791
585000     -9656.7433783411       130.0349858052       -13.1753972753    102002.7029850791
586000     -9656.8376323198       130.0355077669       -13.0566420424    102002.7029850791
587000     -9656.8525965891       130.0343988498       -12.3560904222    102002.7029850791
588000     -9656.8608172458       130.0337931168       -12.5074438814    102002.7029850791
589000     -9656.7505254224       130.0404433743       -13.7634612506    102002.7029850791
590000     -9656.7630748991       130.0414224814       -14.4393684629    102002.7029850791
591000     -9656.5334846635       130.0487740987       -14.9274850969    102002.7029850792
592000     -9656.5916162471       130.0395584384       -15.2028765050    102002.7029850792
593000     -9656.5053799000       130.0373527241       -15.1615837609    102002.7029850792
594000     -9656.3140953959       130.0416641030       -14.9092159215    102002.7029850792
595000     -9656.3207836263       130.0429724378       -15.2153606916    102002.7029850792
596000     -9656.2202496656       130.0520555622       -15.0527393584    102002.7029850792
597000     -9656.1577182096       130.0562151129       -14.9573791771    102002.7029850792
598000     -9656.1845953725       130.0548063776       -14.1474674609    102002.7029850792
599000     -9656.1963148388       130.0556162705       -13.8196909817    102002.7029850792
600000     -9656.2952824339       130.0536055713       -14.0920977499    102002.7029850792
601000     -9656.3334358033       130.0520113056       -13.8127266959    102002.7029850792
602000     -9656.4553438768       130.0462055963       -14.7180408010    102002.7029850792
603000     -9656.4438698118       130.0469628527       -15.3240892984    102002.7029850792
604000     -9656.4621646806       130.0481052630       -15.2585379632    102002.7029850793
605000     -9656.5661241381       130.0446294922       -15.5068227862    102002.7029850793
606000     -9656.4650749908       130.0524270673       -15.0068490000    102002.7029850793
607000     -9656.5506458445       130.0505460692       -14.7105916517    102002.7029850793
608000     -9656.3945016863       130.0548310150       -13.7980167972    102002.7029850793
609000     -9656.3647153010       130.0480955336       -13.7077324020    102002.7029850793
610000     -9656.3511706963       130.0472010653       -13.5044488508    102002.7029850793
611000     -9656.4442121311       130.0420658112       -13.5318362083    102002.7029850793
612000     -9656.2708193735       130.0487893109       -12.9630125278    102002.7029850793
613000     -9656.3107586004       130.0493732790       -13.2896435617    102002.7029850793
614000     -9656.4682932084       130.0442581871       -13.4479030052    102002.7029850793
615000     -9656.3185517014       130.0439390593       -12.5577032471    102002.7029850793
616000     -9656.1357418803       130.0478932797       -12.7645975144    102002.7029850793
617000     -9656.0724509332       130.0483798641       -12.4508465365    102002.7029850793
618000     -9655.9005641036       130.0538164350       -11.9856830783    102002.7029850793
619000     -9655.9174840133       130.0515192132       -11.4461504553    102002.7029850793
620000     -9655.9288431544       130.0490125163       -11.3278278840    102002.7029850793
621000     -9655.9383524934       130.0514099810       -10.9541272447    102002.7029850793
622000     -9656.0352074978       130.0456005021       -10.4220968951    102002.7029850794
623000     -9656.0300571461       130.0475695994       -10.6383886335    102002.7029850794
624000     -9655.9780274250       130.0522168427        -9.9066492345    102002.7029850794
625000     -9655.9246474857       130.0564506077        -9.8698348860    102002.7029850794
626000     -9655.9916016101       130.0511291228        -9.6239345886    102002.7029850794
627000     -9656.0503781419       130.0479193753        -9.0579017272    102002.7029850794
628000     -9655.8758362951       130.0534021023        -8.3027889928    102002.7029850794
629000     -9655.7396707162       130.0546390654        -8.4283812731    102002.7029850794
630000     -9655.6921849070       130.0544781172        -8.1932846448    102002.7029850794
631000     -9655.7487418279       130.0478627495        -8.0485283806    102002.7029850794
632000     -9655.7449184279       130.0510780273        -8.0088887685    102002.7029850794
633000     -9655.7174060423       130.0529159242        -7.3542258613    102002.7029850794
634000     -9655.7660448649       130.0519209978        -7.5342293586    102002.7029850794
635000     -9655.6808570441       130.0543899059        -7.7842064371    102002.7029850794
636000     -9655.6557791243       130.0546819105        -7.3886826625    102002.7029850794
637000     -9655.6730140908       130.0515567321        -6.4449208523    102002.7029850794
638000     -9655.6597211622       130.0537779689        -5.6545907807    102002.7029850794
639000     -9655.6529388708       130.0544678365        -4.4786927615    102002.7029850794
640000     -9655.7142994468       130.0534930240        -4.0756456249    102002.7029850794
641000     -9655.6763823511       130.0542115586        -3.6840372106    102002.7029850794
642000     -9655.7552081769       130.0497660829        -3.6579698027    102002.7029850794
643000     -9655.8362023704       130.0431791070        -3.6331193979    102002.7029850794
644000     -9655.7878821716       130.0450461787        -3.4245413142    102002.7029850794
645000     -9655.7575699411       130.0453749984        -2.8645229030    102002.7029850794
646000     -9655.8338396288       130.0430401425        -2.4797889707    102002.7029850795
647000     -9655.9646090060       130.0366679659        -2.3095888047    102002.7029850795
648000     -9655.9166268301       130.0404241551        -1.9322880786    102002.7029850795
649000     -9655.9489655038       130.0420607778        -1.9380649929    102002.7029850795
650000     -9655.9150310956       130.0441394576        -1.9576833696    102002.7029850795
651000     -9655.8891903568       130.0422253803        -1.6303727423    102002.7029850795
652000     -9655.7729510767       130.0456604062        -1.6422694641    102002.7029850795
653000     -9655.7603461995       130.0458129632        -1.4759600366    102002.7029850795
654000     -9655.6975848051       130.0445605274        -1.2848207802    102002.7029850795
655000     -9655.6730279403       130.0416842614        -0.8675448683    102002.7029850795
656000     -9655.5993600440       130.0416363941        -0.4645587351    102002.7029850795
657000     -9655.6738238244       130.0376897611        -0.6904706110    102002.7029850795
658000     -9655.7130266831       130.0352915288        -0.2465476643    102002.7029850795
659000     -9655.6882389203       130.0358077133         0.8599349827    102002.7029850795
660000     -9655.7227772616       130.0304233492         1.6913091786    102002.7029850795
661000     -9655.6506297598       130.0326993378         2.4496254960    102002.7029850795
662000     -9655.4814811996       130.0405436920         3.2745168491    102002.7029850795
663000     -9655.4829384328       130.0401975860         3.6873681928    102002.7029850795
664000     -9655.4911264979       130.0413080488         3.7837060669    102002.7029850795
665000     -9655.5166213719       130.0413492810         3.9368137676    102002.7029850795
666000     -9655.6755081390       130.0343193698         4.2532814141    102002.7029850795
667000     -9655.6250716278       130.0397615964         4.5226277175    102002.7029850795
668000     -9655.7309235518       130.0366205338         4.7611978044    102002.7029850795
669000     -9655.8075657811       130.0350558811         4.6789624758    102002.7029850795
670000     -9655.8485482700       130.0317741779         4.2379410967    102002.7029850795
671000     -9655.8301586726       130.0336048691         3.7542429620    102002.7029850795
672000     -9655.8640170973       130.0336791268         3.1648676582    102002.7029850795
673000     -9655.8878149609       130.0338250174         2.9220156482    102002.7029850795
674000     -9655.9178019864       130.0346926676         2.6650440080    102002.7029850794
675000     -9655.8560621870       130.0392284245         2.6200894464    102002.7029850794
676000     -9655.8816325513       130.0362120461         2.2842978491    102002.7029850794
677000     -9655.9216016820       130.0320884630         1.6976120093    102002.7029850794
678000     -9655.9235737195       130.0321899692         1.4783151230    102002.7029850794
679000     -9655.8966513411       130.0334692912         1.4372939142    102002.7029850794
680000     -9655.9759822514       130.0330304582         1.2328949299    102002.7029850794
681000     -9656.0302490563       130.0331371833         1.4533655380    102002.7029850794
682000     -9656.0232993468       130.0347389023         1.4451299029    102002.7029850794
683000     -9656.1256358265       130.0309227003         1.3851735545    102002.7029850794
684000     -9656.1634206741       130.0291345927         1.4281131079    102002.7029850794
685000     -9656.1494292162       130.0281900863         1.2972115568    102002.7029850794
686000     -9656.1495065484       130.0293031638         1.3376893191    102002.7029850794
687000     -9656.1618719371       130.0279508040         1.4160934292    102002.7029850794
688000     -9656.1479110250       130.0293308226         1.1630752780    102002.7029850793
689000     -9656.2917770184       130.0227137111         1.2376030710    102002.7029850793
690000     -9656.2718311386       130.0242937526         1.3258607127    102002.7029850793
691000     -9656.3492536716       130.0194426773         1.2217547497    102002.7029850793
692000     -9656.2714697648       130.0208998635         1.3838069941    102002.7029850793
693000     -9656.2127474402       130.0215632667         1.5388244646    102002.7029850793
694000     -9656.1351893076       130.0243610641         1.9228821553    102002.7029850793
695000     -9656.1383087796       130.0225258700         2.1139843927    102002.7029850793
696000     -9656.0944168481       130.0255937643         2.1168171512    102002.7029850793
697000     -9656.0709176846       130.0261657195         2.0022781781    102002.7029850793
698000     -9656.0398203285       130.0292300970         1.5338113271    102002.7029850793
699000     -9656.0488217780       130.0293616469         0.9675478728    102002.7029850793
700000     -9656.0446789930       130.0322159495         0.8818280566    102002.7029850793
701000     -9656.0439449661       130.0332484702         0.5545880654    102002.7029850793
702000     -9655.9241717618       130.0390328017         0.5622603765    102002.7029850793
703000     -9655.9115051389       130.0399799200         0.4038952235    102002.7029850793
704000     -9655.9092420753       130.0410382091         0.5560490157    102002.7029850792
705000     -9655.9252873200       130.0412915874         0.6458871229    102002.7029850792
706000     -9655.9920106412       130.0391189002         0.5222736034    102002.7029850792
707000     -9656.0531187189       130.0386660144         0.5511201472    102002.7029850792
708000     -9656.1136595380       130.0339861741         0.7670701461    102002.7029850792
709000     -9656.0898048940       130.0331997935         0.6056859433    102002.7029850792
710000     -9656.0315112826       130.0347507822         0.8759985918    102002.7029850792
711000     -9656.0641282081       130.0346600101         0.6611637787    102002.7029850792
712000     -9656.0110775018       130.0385120479         1.0628036295    102002.7029850792
713000     -9656.0393072349       130.0383353396         1.2299443203    102002.7029850792
714000     -9656.0945517902       130.0366329864         1.5520299218    102002.7029850792
715000     -9656.1130745927       130.0362079986         1.8141287348    102002.7029850792
716000     -9656.1375386936       130.0336112693         2.0497154875    102002.7029850792
717000     -9656.1691586699       130.0321530993         2.0535379796    102002.7029850792
718000     -9656.0980112108       130.0333332911         2.3914431270    102002.7029850792
719000     -9656.1041376480       130.0311103193         2.6441094106    102002.7029850792
720000     -9656.0610432851       130.0309471696         2.8192101352    102002.7029850792
721000     -9656.0513583109       130.0329103593         2.9373437420    102002.7029850792
722000     -9656.0558853500       130.0343837177         3.4510048920    102002.7029850792
723000     -9656.0623346429       130.0351366086         3.6159108989    102002.7029850792
724000     -9656.1613921780       130.0314840821         3.5826819049    102002.7029850791
725000     -9656.1576786786       130.0305293336         3.6462441562    102002.7029850791
726000     -9656.1355042281       130.0313414808         3.6512787022    102002.7029850791
727000     -9656.2103266681       130.0273838592         3.5104599996    102002.7029850791
728000     -9656.1942364629       130.0267884514         3.8694512094    102002.7029850791
729000     -9656.1557336366       130.0265807341         4.0539475787    102002.7029850791
730000     -9656.1728871324       130.0254856077         4.0758725640    102002.7029850791
731000     -9656.2122000999       130.0241124523         4.1917930066    102002.7029850791
732000     -9656.2307271233       130.0241894084         4.2467821415    102002.7029850791
733000     -9656.2534656768       130.0215955415         4.1957473750    102002.7029850791
734000     -9656.2846644415       130.0186113474         4.2228905217    102002.7029850791
735000     -9656.2502761172       130.0186334800         4.6049085070    102002.7029850791
736000     -9656.3075826414       130.0164994480         4.7339823602    102002.7029850791
737000     -9656.3261988905       130.0162876924         4.6941514166    102002.7029850791
738000     -9656.4183416051       130.0122667348         4.2886930551    102002.7029850791
739000     -9656.4595867330       130.0114331033         4.0611632632    102002.7029850791
740000     -9656.5094997492       130.0112605436         3.8284515798    102002.7029850791
741000     -9656.5475423315       130.0096501863         3.9633941549    102002.7029850791
742000     -9656.5426519787       130.0084559114         3.9033063330    102002.7029850791
743000     -9656.5690410010       130.0059406051         3.7551278242    102002.7029850791
744000     -9656.4850698294       130.0094832599         4.1370741911    102002.7029850791
745000     -9656.4866195064       130.0097276972         3.9522047377    102002.7029850791
746000     -9656.4749591263       130.0101310478         3.9068512491    102002.7029850791
747000     -9656.4971586125       130.0088654504         3.6937812491    102002.7029850791
748000     -9656.5443141944       130.0073527253         3.8045082396    102002.7029850790
749000     -9656.5007506003       130.0095844923         4.3661999446    102002.7029850790
750000     -9656.5049444063       130.0087279529         4.4753493101    102002.7029850790
751000     -9656.5047489484       130.0073419269         4.8604522099    102002.7029850790
752000     -9656.4511233786       130.0078625574         4.9950330179    102002.7029850790
753000     -9656.4727752373       130.0089432837         5.2581998478    102002.7029850790
754000     -9656.4555213329       130.0090879738         5.7308648591    102002.7029850790
755000     -9656.5052935206       130.0050009602         6.0265046165    102002.7029850790
756000     -9656.4656648310       130.0075010588         6.3560741941    102002.7029850790
757000     -9656.5039544162       130.0051666218         6.4488389227    102002.7029850790
758000     -9656.5207956538       130.0040784126         6.6720399030    102002.7029850790
759000     -9656.4463946121       130.0064408819         6.8509127136    102002.7029850790
760000     -9656.4177880578       130.0066175282         7.2345287454    102002.7029850790
761000     -9656.4251724391       130.0059885975         7.4476427822    102002.7029850790
762000     -9656.4018556887       130.0061998474         7.5491842208    102002.7029850790
763000     -9656.4133323746       130.0050141915         7.7735267312    102002.7029850790
764000     -9656.3642364106       130.0064449776         8.0339049511    102002.7029850790
765000     -9656.3112037847       130.0071177969         8.4680583101    102002.7029850790
766000     -9656.2896210560       130.0068223402         8.8460286325    102002.7029850790
767000     -9656.3057202963       130.0057466202         9.2168973590    102002.7029850790
768000     -9656.2988460585       130.0043378342         9.5353982845    102002.7029850790
769000     -9656.2697369984       130.0064316252         9.6741868890    102002.7029850790
770000     -9656.2513453761       130.0068140197         9.4500134637    102002.7029850790
771000     -9656.2540588908       130.0035421323         9.4335595536    102002.7029850790
772000     -9656.1916228697       130.0044173945         9.5331899046    102002.7029850790
773000     -9656.1464213744       130.0044132042         9.5036729661    102002.7029850790
774000     -9656.1781803468       130.0029759933         9.3998056300    102002.7029850790
775000     -9656.1714081007       130.0007815864         9.4143409265    102002.7029850790
776000     -9656.1661777241       130.0009761743         9.1920546240    102002.7029850790
777000     -9656.2765650341       129.9964622122         8.9596671174    102002.7029850789
778000     -9656.2483280528       129.9984189569         8.7807527794    102002.7029850789
779000     -9656.2522620320       129.9991693995         8.5443879864    102002.7029850789
780000     -9656.2331200811       129.9990122346         8.7255074642    102002.7029850789
781000     -9656.1782173872       130.0000718892         8.7444631351    102002.7029850789
782000     -9656.0817571185       130.0025637726         8.5444286177    102002.7029850789
783000     -9656.0248828471       130.0029701574         8.6450652104    102002.7029850789
784000     -9655.9511984177       130.0056752615         8.9695610289    102002.7029850789
785000     -9655.9500454891       130.0057688253         9.2491400985    102002.7029850789
786000     -9655.8996093695       130.0068525488         9.5110868253    102002.7029850789
787000     -9655.8984013582       130.0059219849         9.9340887208    102002.7029850789
788000     -9655.9138271939       130.0044371992        10.3353141763    102002.7029850789
789000     -9655.9091616843       130.0052731463        10.5647918181    102002.7029850789
790000     -9655.9224659861       130.0028282044        10.5870765867    102002.7029850789
791000     -9655.8883882487       130.0042375894        10.5817303266    102002.7029850789
792000     -9655.8594999171       130.0058748812        10.9218878969    102002.7029850789
793000     -9655.7647963378       130.0106382053        11.1755636019    102002.7029850789
794000     -9655.7495711030       130.0109442943        11.0056900012    102002.7029850789
795000     -9655.6748300559       130.0133570860        11.2650338061    102002.7029850789
796000     -9655.6849767876       130.0134836599        11.5700532401    102002.7029850789
797000     -9655.6748416040       130.0130250635        11.7631861714    102002.7029850789
798000     -9655.7136612428       130.0096788527        12.0021663437    102002.7029850789
799000     -9655.6881957595       130.0116207648        12.2884257466    102002.7029850789
800000     -9655.6758223945       130.0132419218        12.4993436052    102002.7029850789
801000     -9655.6208583022       130.0158593688        12.6931094214    102002.7029850789
802000     -9655.6508586619       130.0133521600        12.8162649193    102002.7029850789
803000     -9655.6481905743       130.0129253791        12.8431788306    102002.7029850789
804000     -9655.6023554697       130.0134839307        12.8895058956    102002.7029850789
805000     -9655.6202771737       130.0112967408        12.8110601674    102002.7029850789
806000     -9655.6766474983       130.0083188857        12.7709991304    102002.7029850789
807000     -9655.6011873442       130.0107362661        12.9079830749    102002.7029850789
808000     -9655.6064956992       130.0094027036        12.8371672660    102002.7029850789
809000     -9655.5808656864       130.0095054389        13.0324989418    102002.7029850789
810000     -9655.5390307100       130.0093605317        13.0922936261    102002.7029850789
811000     -9655.5748320531       130.0067682377        13.1811449579    102002.7029850789
812000     -9655.5496294059       130.0074800793        13.0385657771    102002.7029850789
813000     -9655.5500934847       130.0070185687        13.0103794536    102002.7029850789
814000     -9655.5047433343       130.0102672044        13.2711002666    102002.7029850789
815000     -9655.5718558460       130.0093391979        13.2737311578    102002.7029850788
816000     -9655.6187960361       130.0080033708        13.0106008056    102002.7029850788
817000     -9655.6687948934       130.0056777327        12.7884087501    102002.7029850788
818000     -9655.6554496099       130.0067320260        12.7012898847    102002.7029850788
819000     -9655.6670609225       130.0060435996        12.5136732640    102002.7029850788
820000     -9655.6926946433       130.0056734285        12.4022772728    102002.7029850788
821000     -9655.7016162171       130.0051718101        12.5488710674    102002.7029850788
822000     -9655.6866278201       130.0055921979        12.8309987816    102002.7029850788
823000     -9655.6652876192       130.0064242559        13.1120916460    102002.7029850788
824000     -9655.6547376786       130.0084825126        13.2717807998    102002.7029850788
825000     -9655.6813504834       130.0078582187        13.2765790438    102002.7029850788
826000     -9655.6708572851       130.0073515550        13.1432750631    102002.7029850788
827000     -9655.6608403330       130.0082151892        13.1926843471    102002.7029850788
828000     -9655.6632261142       130.0086987884        13.1767537543    102002.7029850788
829000     -9655.6980681280       130.0075818249        12.9645609095    102002.7029850788
830000     -9655.6775006022       130.0079581466        12.9835584533    102002.7029850788
831000     -9655.6980835460       130.0055505429        13.0375483021    102002.7029850788
832000     -9655.7177668886       130.0045690870        13.2656434875    102002.7029850788
833000     -9655.6926114559       130.0061977740        13.3436662102    102002.7029850788
834000     -9655.6365294106       130.0085620806        13.3335545336    102002.7029850788
835000     -9655.5951147552       130.0101430239        13.1874010620    102002.7029850788
836000     -9655.6151965196       130.0094083772        13.0928443129    102002.7029850788
837000     -9655.6468855055       130.0084988920        12.9976216128    102002.7029850788
838000     -9655.5789119134       130.0124394578        13.0764834058    102002.7029850788
839000     -9655.6180558451       130.0104805440        12.8855973265    102002.7029850788
840000     -9655.6014901219       130.0115204069        12.7374930299    102002.7029850788
841000     -9655.5767484629       130.0134623801        12.7699311365    102002.7029850788
842000     -9655.5412075921       130.0149736473        12.8581896064    102002.7029850788
843000     -9655.5559959330       130.0140424973        12.8830103977    102002.7029850788
844000     -9655.4883870918       130.0154034986        12.9127350168    102002.7029850788
845000     -9655.4725493513       130.0166872798        12.9137668588    102002.7029850788
846000     -9655.4645778332       130.0170181145        13.1137633945    102002.7029850788
847000     -9655.4683989280       130.0165121762        13.3170150798    102002.7029850788
848000     -9655.5008529475       130.0143417667        13.4834450919    102002.7029850788
849000     -9655.4868223803       130.0143368710        13.5203360200    102002.7029850788
850000     -9655.4880429131       130.0135685478        13.3208125852    102002.7029850788
851000     -9655.4522571130       130.0142484264        13.3452189229    102002.7029850788
852000     -9655.4052657315       130.0171715634        13.0414087177    102002.7029850788
853000     -9655.3914297881       130.0180001255        12.7473178179    102002.7029850788
854000     -9655.4093334303       130.0161332483        12.7162946047    102002.7029850788
855000     -9655.4079437825       130.0159757695        12.6963057670    102002.7029850788
856000     -9655.3772021038       130.0176921964        12.8219259009    102002.7029850788
857000     -9655.3765810220       130.0185409465        12.9445615098    102002.7029850788
858000     -9655.3637967593       130.0194612031        12.9548633756    102002.7029850788
859000     -9655.3328315284       130.0222595819        12.9204035199    102002.7029850788
860000     -9655.3039719319       130.0241090348        12.9662092327    102002.7029850788
861000     -9655.3182213920       130.0232968726        13.1670191391    102002.7029850788
862000     -9655.3856844081       130.0200535369        13.2688322820    102002.7029850788
863000     -9655.3589388175       130.0212082300        13.3231425296    102002.7029850788
864000     -9655.3662636531       130.0203412130        13.1962721152    102002.7029850788
865000     -9655.4063563768       130.0183907343        13.0713455359    102002.7029850788
866000     -9655.3985094452       130.0181903098        13.0820485828    102002.7029850788
867000     -9655.4196300613       130.0173913052        12.8576891242    102002.7029850788
868000     -9655.4159748495       130.0183632154        12.7678635506    102002.7029850788
869000     -9655.4276218154       130.0181261717        12.6241838073    102002.7029850788
870000     -9655.4445517186       130.0172806597        12.6434059209    102002.7029850787
871000     -9655.4835541336       130.0157015988        12.5960400285    102002.7029850787
872000     -9655.4013288993       130.0187738846        12.6998222302    102002.7029850787
873000     -9655.3920294278       130.0194452082        12.8157480284    102002.7029850787
874000     -9655.3427993178       130.0206860539        13.1256562429    102002.7029850787
875000     -9655.3141855636       130.0213902836        13.2250838461    102002.7029850787
876000     -9655.3000604517       130.0205824142        13.1432083456    102002.7029850787
877000     -9655.3252827789       130.0192110445        13.0350642895    102002.7029850787
878000     -9655.3491014697       130.0183556701        13.0762568167    102002.7029850787
879000     -9655.4048554859       130.0143974301        13.1729170483    102002.7029850787
880000     -9655.3640467087       130.0150765206        13.2306225579    102002.7029850787
881000     -9655.3559811912       130.0161517917        13.4196288698    102002.7029850787
882000     -9655.3535402409       130.0162054694        13.6386665617    102002.7029850787
883000     -9655.3726640655       130.0147549749        13.7004412685    102002.7029850787
884000     -9655.3960768213       130.0139052745        13.7415815881    102002.7029850787
885000     -9655.3775718530       130.0151329351        13.9253281035    102002.7029850787
886000     -9655.3365098518       130.0172519579        14.2405393872    102002.7029850787
887000     -9655.3352341198       130.0170699692        14.3848368107    102002.7029850787
888000     -9655.3100522884       130.0173341051        14.4915043448    102002.7029850787
889000     -9655.3378818509       130.0155051918        14.7328613739    102002.7029850787
890000     -9655.3220745425       130.0157220261        14.9306839267    102002.7029850787
891000     -9655.3410351054       130.0157653213        15.0709176187    102002.7029850787
892000     -9655.3322246764       130.0163752810        15.1640202116    102002.7029850787
893000     -9655.3416382748       130.0156012038        15.0633071986    102002.7029850787
894000     -9655.3619723613       130.0144535624        15.0243945857    102002.7029850787
895000     -9655.3610523438       130.0155911463        14.8111358276    102002.7029850787
896000     -9655.3403410214       130.0167451042        14.6808933219    102002.7029850787
897000     -9655.3431479775       130.0169258471        14.4032290678    102002.7029850787
898000     -9655.3402196717       130.0180545523        14.3668117777    102002.7029850787
899000     -9655.3594997407       130.0167425104        14.3816942028    102002.7029850787
900000     -9655.3896099312       130.0154373199        14.3167791518    102002.7029850787
901000     -9655.4500144327       130.0124908976        14.1628716983    102002.7029850787
902000     -9655.4347499191       130.0121934901        14.1436859086    102002.7029850787
903000     -9655.4496271562       130.0118352217        14.0492160470    102002.7029850787
904000     -9655.4237882236       130.0132723323        13.9514212325    102002.7029850787
905000     -9655.4296219570       130.0125358044        14.0491948131    102002.7029850787
906000     -9655.4219121025       130.0136467372        14.2217731365    102002.7029850787
907000     -9655.4618201435       130.0121622986        14.2817968154    102002.7029850787
908000     -9655.4778918823       130.0105313078        14.3282518236    102002.7029850787
909000     -9655.4800445093       130.0098269322        14.3718625642    102002.7029850787
910000     -9655.5016108626       130.0081017549        14.3909243946    102002.7029850787
911000     -9655.4784370291       130.0090016485        14.4190449380    102002.7029850787
912000     -9655.4644313302       130.0084807268        14.3830726963    102002.7029850787
913000     -9655.4880517686       130.0073915344        14.2100140362    102002.7029850787
914000     -9655.4517971284       130.0076381537        14.0237711995    102002.7029850787
915000     -9655.4512330904       130.0060057738        13.9237992247    102002.7029850787
916000     -9655.4321586519       130.0056519458        13.9964015874    102002.7029850787
917000     -9655.4136272615       130.0058785734        13.9359325020    102002.7029850787
918000     -9655.4350328309       130.0048962278        13.9267444745    102002.7029850787
919000     -9655.4396566454       130.0037882312        13.9974968363    102002.7029850787
920000     -9655.4488606850       130.0029766109        13.9217445899    102002.7029850787
921000     -9655.4537978480       130.0023652944        13.8654333685    102002.7029850787
922000     -9655.4459161605       130.0029893443        13.8281064431    102002.7029850787
923000     -9655.4319656946       130.0025464760        13.8639605482    102002.7029850787
924000     -9655.4506668415       130.0009144132        13.7671116058    102002.7029850787
925000     -9655.4190567816       130.0022642274        13.7286442003    102002.7029850787
926000     -9655.3981088053       130.0029835900        13.6013563498    102002.7029850787
927000     -9655.3730283076       130.0033496438        13.6035117681    102002.7029850786
928000     -9655.3871168106       130.0025076995        13.5604701021    102002.7029850786
929000     -9655.3771330397       130.0028254859        13.5444337444    102002.7029850786
930000     -9655.3924953707       130.0015270272        13.5510445260    102002.7029850786
931000     -9655.4120341273       129.9998444793        13.5747005468    102002.7029850786
932000     -9655.4226580229       129.9993793854        13.5777546982    102002.7029850786
933000     -9655.4140826436       129.9996389968        13.6117815966    102002.7029850786
934000     -9655.4532923643       129.9970554585        13.5570831554    102002.7029850786
935000     -9655.4285864821       129.9976185792        13.4132480634    102002.7029850786
936000     -9655.4417152541       129.9960508171        13.4367584915    102002.7029850786
937000     -9655.4252311570       129.9952216154        13.6663743946    102002.7029850786
938000     -9655.4395129697       129.9932515660        13.5899354744    102002.7029850786
939000     -9655.4267526575       129.9941624776        13.4566090972    102002.7029850786
940000     -9655.3907036194       129.9953797671        13.1650684875    102002.7029850786
941000     -9655.3578522599       129.9968529655        13.0301348274    102002.7029850786
942000     -9655.3846210451       129.9952363280        12.9232579275    102002.7029850786
943000     -9655.3654587941       129.9961277636        12.8272558771    102002.7029850786
944000     -9655.3494224617       129.9965961067        12.8050180382    102002.7029850786
945000     -9655.3291893530       129.9983410854        12.7143060903    102002.7029850786
946000     -9655.3265266386       129.9990376245        12.7355760042    102002.7029850786
947000     -9655.3277530031       129.9986536798        12.7189652514    102002.7029850786
948000     -9655.3242093112       129.9986250945        12.7522007355    102002.7029850786
949000     -9655.3337090068       129.9988188478        12.5537626622    102002.7029850786
950000     -9655.3631354804       129.9978001450        12.6246753628    102002.7029850786
951000     -9655.4190200699       129.9955533446        12.5054334159    102002.7029850786
952000     -9655.4338445643       129.9946007111        12.5362513290    102002.7029850786
953000     -9655.4709858861       129.9926318098        12.3736677205    102002.7029850786
954000     -9655.5066060270       129.9905497663        12.3779405986    102002.7029850786
955000     -9655.5074629470       129.9903061247        12.2189001662    102002.7029850786
956000     -9655.5114935695       129.9902504982        11.9473133545    102002.7029850786
957000     -9655.4877709235       129.9905692316        11.8960061661    102002.7029850786
958000     -9655.4874909423       129.9904766534        11.8133248199    102002.7029850786
959000     -9655.4846750713       129.9896391149        11.7356398976    102002.7029850786
960000     -9655.4331040344       129.9913962302        11.7194608804    102002.7029850786
961000     -9655.4306879233       129.9893072433        11.8609929738    102002.7029850786
962000     -9655.3980135901       129.9897781817        12.0377354055    102002.7029850786
963000     -9655.4081783973       129.9891735447        12.0536709454    102002.7029850786
964000     -9655.3641530402       129.9903985416        12.1857609088    102002.7029850786
965000     -9655.3700189505       129.9907527109        12.1411164062    102002.7029850786
966000     -9655.3337513890       129.9913868562        12.1709873136    102002.7029850786
967000     -9655.3293265910       129.9912412105        12.0215022102    102002.7029850786
968000     -9655.3120486861       129.9907294120        11.9662326690    102002.7029850786
969000     -9655.3262880428       129.9905861434        11.7730928005    102002.7029850786
970000     -9655.3503714968       129.9889797124        11.5592993605    102002.7029850786
971000     -9655.3367102710       129.9893739425        11.4780958705    102002.7029850786
972000     -9655.3280238147       129.9899959327        11.4046962928    102002.7029850786
973000     -9655.3288777212       129.9895992923        11.3351352818    102002.7029850786
974000     -9655.3414817792       129.9884149449        11.3231543359    102002.7029850786
975000     -9655.3425936345       129.9871776901        11.0702591938    102002.7029850786
976000     -9655.3302013215       129.9864894474        10.8452888568    102002.7029850786
977000     -9655.3129936571       129.9859862148        10.6617665363    102002.7029850786
978000     -9655.2775539794       129.9867896400        10.2625447913    102002.7029850786
979000     -9655.2810023164       129.9853141361         9.9602443775    102002.7029850786
980000     -9655.3042553285       129.9838778395         9.6654197096    102002.7029850786
981000     -9655.2957309298       129.9844786271         9.6397908042    102002.7029850786
982000     -9655.3030473156       129.9839504203         9.5075089834    102002.7029850786
983000     -9655.2773053679       129.9857495187         9.4464299379    102002.7029850786
984000     -9655.2643457100       129.9867617038         9.3977007473    102002.7029850786
985000     -9655.2508969595       129.9878420839         9.3236252076    102002.7029850786
986000     -9655.2621252039       129.9882942960         9.0530772200    102002.7029850786
987000     -9655.2698084061       129.9883038719         8.8714106486    102002.7029850786
988000     -9655.3079670598       129.9881258102         8.7181220580    102002.7029850786
989000     -9655.3280993910       129.9889205819         8.5241330253    102002.7029850786
990000     -9655.3725763925       129.9871718761         8.3360397266    102002.7029850786
991000     -9655.3520904090       129.9879549582         8.1570173638    102002.7029850786
992000     -9655.3415893819       129.9879064315         7.9424154242    102002.7029850786
993000     -9655.3289744961       129.9894492832         7.9678537071    102002.7029850786
994000     -9655.3572279262       129.9887759147         7.8791404804    102002.7029850786
995000     -9655.3538529707       129.9897337617         7.7516881772    102002.7029850786
996000     -9655.3969712089       129.9878907411         7.5391519623    102002.7029850786
997000     -9655.4269668534       129.9862847673         7.3164637887    102002.7029850786
998000     -9655.4497697753       129.9854881242         7.1478483452    102002.7029850786
999000     -9655.4351507726       129.9868544339         7.1019186533    102002.7029850786
1000000     -9655.4538392428       129.9863901001         7.1079447767    102002.7029850786
