# Time-averaged data for fix runningavgs
# TimeStep v_ra_etotal v_ra_temp v_ra_press v_ra_volume
502000     -9195.0743455293       130.6055559804      -621.0124857704    102002.7029850792
503000     -9206.4328964619       129.9269516153      -631.4628797100    102002.7029850792
504000     -9200.1216705737       130.0852309070      -640.1043265909    102002.7029850792
505000     -9200.0983792731       130.1081263755      -642.5075776191    102002.7029850792
506000     -9198.9553235607       130.2364167558      -657.6683070235    102002.7029850792
507000     -9200.5222621898       130.1512286482      -680.4106193866    102002.7029850792
508000     -9199.4790716817       130.2449118552      -692.6843873461    102002.7029850792
509000     -9198.2153813723       130.2744743347      -694.4742577427    102002.7029850792
510000     -9197.5080466872       130.2966320601      -692.2628308586    102002.7029850792
511000     -9197.7619939624       130.2575010670      -690.2547720734    102002.7029850792
512000     -9198.7854759718       130.2052555413      -689.5249274280    102002.7029850792
513000     -9199.8549345578       130.1729876343      -688.1453116992    102002.7029850792
514000     -9200.8686648951       130.1246647982      -686.5265239552    102002.7029850792
515000     -9201.1594534198       130.1380657065      -685.8445313983    102002.7029850792
516000     -9201.1358473040       130.1165062223      -688.7157185373    102002.7029850792
517000     -9200.8027234166       130.1172797629      -686.8377115734    102002.7029850792
518000     -9200.5751584399       130.1392294128      -684.2434458850    102002.7029850792
519000     -9200.3481751903       130.1587115692      -680.4564828905    102002.7029850792
520000     -9201.5022750187       130.0937186132      -678.8953240217    102002.7029850792
521000     -9201.5717902408       130.0990733663      -680.6149544696    102002.7029850792
522000     -9201.5367237943       130.0909607856      -680.0495164006    102002.7029850792
523000     -9201.7144920466       130.0951273857      -679.6277571906    102002.7029850792
524000     -9201.6230780360       130.1100628277      -679.9426488426    102002.7029850792
525000     -9202.0132890549       130.0958712523      -681.8812231109    102002.7029850792
526000     -9202.3460206692       130.0848995357      -682.2209418692    102002.7029850792
527000     -9202.7216032745       130.0745275523      -681.6310104699    102002.7029850792
528000     -9203.0975906549       130.0800850978      -679.9994521674    102002.7029850792
529000     -9203.3924622436       130.0909923416      -680.6589118776    102002.7029850792
530000     -9203.5266083392       130.0892774328      -682.7488358693    102002.7029850792
531000     -9203.0530709848       130.1261662371      -680.7284824208    102002.7029850792
532000     -9203.1635623069       130.1321085110      -680.5747447628    102002.7029850792
533000     -9203.7976421380       130.1094686867      -682.0521122836    102002.7029850792
534000     -9204.1016213089       130.1013273941      -683.5887387567    102002.7029850792
535000     -9204.4846270383       130.0787361944      -684.8990380337    102002.7029850792
536000     -9204.8448190523       130.0517712345      -686.1452047792    102002.7029850792
537000     -9204.8907676256       130.0579958241      -685.6453638494    102002.7029850792
538000     -9205.1702597600       130.0347341197      -687.6790657344    102002.7029850792
539000     -9205.3023572253       130.0264520667      -689.7544273503    102002.7029850791
540000     -9205.5628627781       130.0229208392      -689.0739791847    102002.7029850791
541000     -9205.7318971344       130.0198062445      -688.9848517579    102002.7029850791
542000     -9205.6293534843       130.0222277835      -689.6286403144    102002.7029850791
543000     -9205.7113503814       130.0265792577      -689.9779676658    102002.7029850791
544000     -9205.7280063337       130.0250349309      -689.2766993339    102002.7029850791
545000     -9206.1273602163       130.0047892144      -688.4371831596    102002.7029850791
546000     -9206.2116018413       130.0041262827      -686.9101074693    102002.7029850791
547000     -9206.2879994667       129.9976226243      -685.7678787647    102002.7029850791
548000     -9206.4611180289       129.9920077382      -685.3102416695    102002.7029850791
549000     -9206.5589851515       130.0057089136      -684.9739678016    102002.7029850791
550000     -9206.6510280963       130.0022202335      -684.0209318221    102002.7029850791
551000     -9206.6540777512       130.0032442184      -683.9916351803    102002.7029850791
552000     -9206.6669226094       130.0004989049      -684.4474094850    102002.7029850791
553000     -9206.6843713085       129.9981502631      -685.7376252070    102002.7029850791
554000     -9206.9445397486       129.9846958020      -686.1688890957    102002.7029850791
555000     -9206.9938370243       129.9790000021      -686.1259547461    102002.7029850791
556000     -9207.0319073466       129.9773429949      -686.3374340513    102002.7029850791
557000     -9206.9020401328       129.9896706812      -685.9208303888    102002.7029850791
558000     -9207.0934602230       129.9772772891      -685.0112481505    102002.7029850791
559000     -9207.0632550335       129.9778625246      -683.5336400807    102002.7029850791
560000     -9206.8779650915       129.9884224790      -683.0714768247    102002.7029850791
561000     -9207.1098989622       129.9763348187      -682.6668945978    102002.7029850791
562000     -9207.1170174891       129.9764045866      -682.3932064697    102002.7029850791
563000     -9206.8570890949       129.9841568637      -683.0810181668    102002.7029850791
564000     -9206.8668141631       129.9848669773      -682.7310298362    102002.7029850791
565000     -9207.0527645258       129.9732166668      -683.0538907692    102002.7029850791
566000     -9207.0516092249       129.9704607624      -684.0269582224    102002.7029850791
567000     -9206.9790694374       129.9695190659      -684.9696136776    102002.7029850791
568000     -9207.1026943563       129.9674133198      -685.4155771519    102002.7029850791
569000     -9207.1768562147       129.9660394838      -685.6875531487    102002.7029850791
570000     -9207.4876391939       129.9530219346      -685.9594554445    102002.7029850791
571000     -9207.5074667840       129.9527934147      -687.3591880963    102002.7029850791
572000     -9207.5235401078       129.9480044360      -687.6218713526    102002.7029850791
573000     -9207.7308640978       129.9390656316      -687.8781625708    102002.7029850791
574000     -9207.7312892968       129.9345920185      -687.6380452341    102002.7029850791
575000     -9207.6880599435       129.9367866076      -687.6868449985    102002.7029850791
576000     -9207.5523776771       129.9423180526      -688.3254332685    102002.7029850791
577000     -9207.4115467295       129.9503450117      -689.1432515033    102002.7029850791
578000     -9207.2556608606       129.9600037979      -690.3453484306    102002.7029850791
579000     -9207.2428542361       129.9524231591      -692.9342232120    102002.7029850791
580000     -9207.0218198497       129.9573277871      -694.0276279035    102002.7029850791
581000     -9206.8414035100       129.9659802157      -694.3331520871    102002.7029850791
582000     -9206.9309854017       129.9612410508      -694.2168030957    102002.7029850791
583000     -9206.7595743370       129.9656800779      -694.4444437633    102002.7029850791
584000     -9206.7053566648       129.9710031759      -695.6019534553    102002.7029850791
585000     -9206.6858613128       129.9739439876      -696.5324915607    102002.7029850791
586000     -9206.6368453771       129.9787901504      -696.9464547135    102002.7029850791
587000     -9206.5061821615       129.9870411307      -697.1149863838    102002.7029850791
588000     -9206.4156705660       129.9887464942      -697.3150041187    102002.7029850791
589000     -9206.3934822696       129.9923963453      -697.4574603898    102002.7029850791
590000     -9206.2995301594       129.9987756411      -697.0369406768    102002.7029850791
591000     -9206.3290464321       130.0022639504      -697.3346704944    102002.7029850792
592000     -9206.2293125841       130.0134391060      -696.9367588889    102002.7029850792
593000     -9206.2502985808       130.0171430327      -696.9607353686    102002.7029850792
594000     -9206.3651823398       130.0142559663      -696.8015380903    102002.7029850792
595000     -9206.4199053025       130.0148519608      -696.5779866055    102002.7029850792
596000     -9206.3937865287       130.0220653914      -696.5358205499    102002.7029850792
597000     -9206.5138372043       130.0164585751      -696.4654908100    102002.7029850792
598000     -9206.7709103577       130.0103644859      -696.6209950875    102002.7029850792
599000     -9206.8309129111       130.0108823805      -696.7929405295    102002.7029850792
600000     -9206.8536846293       130.0095517906      -696.8907772747    102002.7029850792
601000     -9206.6074455201       130.0170817790      -696.5474384904    102002.7029850792
602000     -9206.5663409098       130.0188102131      -696.4499137122    102002.7029850792
603000     -9206.8315553754       130.0050571620      -697.6586072505    102002.7029850792
604000     -9206.8203131288       130.0022511587      -697.4364890036    102002.7029850793
605000     -9206.7987593584       130.0012746190      -697.2367988503    102002.7029850793
606000     -9206.8699501565       129.9961413674      -698.0310741456    102002.7029850793
607000     -9206.9090997948       129.9934481955      -697.7521293781    102002.7029850793
608000     -9206.8998866792       129.9909622875      -697.9486172027    102002.7029850793
609000     -9206.8342683179       129.9968401055      -698.3496837240    102002.7029850793
610000     -9206.7590518045       129.9984356508      -698.1088542512    102002.7029850793
611000     -9206.6042137538       130.0052916342      -697.5770227822    102002.7029850793
612000     -9206.6709205387       130.0039172744      -697.8447120224    102002.7029850793
613000     -9206.6206079929       130.0036354952      -697.5941780464    102002.7029850793
614000     -9206.6550270241       129.9955940275      -697.6316563980    102002.7029850793
615000     -9206.5890907918       130.0015859682      -697.9488719196    102002.7029850793
616000     -9206.4715886223       130.0067204948      -697.9601782258    102002.7029850793
617000     -9206.4417184483       130.0060008615      -698.4202114495    102002.7029850793
618000     -9206.3868963774       130.0081967298      -698.5193617977    102002.7029850793
619000     -9206.4285911272       130.0023527155      -698.1981566104    102002.7029850793
620000     -9206.3499506912       130.0065153524      -698.3794518931    102002.7029850793
621000     -9206.2244722447       130.0096442110      -698.9896044678    102002.7029850793
622000     -9206.1991562914       130.0114093217      -699.7796943787    102002.7029850794
623000     -9206.2278276168       130.0133630920      -699.9135637270    102002.7029850794
624000     -9206.3212012360       130.0106113312      -700.2850160477    102002.7029850794
625000     -9206.2369525681       130.0147944526      -700.2706517410    102002.7029850794
626000     -9206.1097094359       130.0214175742      -699.9978072194    102002.7029850794
627000     -9206.1011173787       130.0159887192      -700.0291886427    102002.7029850794
628000     -9206.1351831440       130.0131413722      -701.0107162676    102002.7029850794
629000     -9206.1418683449       130.0116360189      -701.6083767678    102002.7029850794
630000     -9206.1211509369       130.0106276358      -701.7962304198    102002.7029850794
631000     -9206.0309523374       130.0127375509      -701.9221530141    102002.7029850794
632000     -9205.9579536259       130.0155012038      -701.8692449246    102002.7029850794
633000     -9205.9939013367       130.0097175671      -701.9271618581    102002.7029850794
634000     -9206.0824811008       130.0070667745      -702.0813093371    102002.7029850794
635000     -9206.0776886065       130.0063107507      -701.6938053861    102002.7029850794
636000     -9206.1653182401       130.0012994711      -702.0343371938    102002.7029850794
637000     -9206.1295225525       130.0041311348      -702.1262210622    102002.7029850794
638000     -9206.0558114684       130.0094213315      -702.1970638835    102002.7029850794
639000     -9206.0142533110       130.0146135123      -702.8173902746    102002.7029850794
640000     -9206.0631032006       130.0140290084      -703.5551816433    102002.7029850794
641000     -9206.1056447851       130.0119684955      -703.7169380804    102002.7029850794
642000     -9206.0874479431       130.0113556161      -704.0026492032    102002.7029850794
643000     -9206.0286497328       130.0165419698      -703.7320081333    102002.7029850794
644000     -9206.0089629019       130.0184529691      -703.8501748263    102002.7029850794
645000     -9205.9539520042       130.0223258644      -703.4921114425    102002.7029850794
646000     -9205.9569153689       130.0240614408      -703.3948063907    102002.7029850795
647000     -9206.0370336521       130.0220812642      -704.0780557788    102002.7029850795
648000     -9206.0501634565       130.0193795257      -704.8992331274    102002.7029850795
649000     -9206.0007747511       130.0185835134      -705.4459115694    102002.7029850795
650000     -9205.9612021814       130.0186956759      -705.3114452430    102002.7029850795
651000     -9206.0491579653       130.0138995023      -705.3807969588    102002.7029850795
652000     -9206.0677219741       130.0083788572      -705.7708555861    102002.7029850795
653000     -9206.0988291932       130.0051619327      -705.8285884603    102002.7029850795
654000     -9206.0864892296       130.0041030542      -705.8114639796    102002.7029850795
655000     -9206.1308341469       130.0017128817      -706.0318556167    102002.7029850795
656000     -9206.1181130968       130.0024986693      -705.9839441842    102002.7029850795
657000     -9206.1655514789       129.9980898033      -705.9851984729    102002.7029850795
658000     -9206.2120654944       129.9943026635      -706.0065619944    102002.7029850795
659000     -9206.1451588842       129.9997186323      -705.8814467273    102002.7029850795
660000     -9206.1327628235       130.0005847335      -705.7410918470    102002.7029850795
661000     -9206.0781171384       130.0057058895      -705.9763001768    102002.7029850795
662000     -9206.1227751545       130.0059882184      -706.0932511086    102002.7029850795
663000     -9206.1522402803       130.0076774281      -706.4457784510    102002.7029850795
664000     -9206.1169433208       130.0116637968      -706.6524840466    102002.7029850795
665000     -9206.1545764774       130.0119713574      -706.6304447155    102002.7029850795
666000     -9206.1255718560       130.0125456515      -707.0111940796    102002.7029850795
667000     -9206.0509674810       130.0169763266      -706.9954956329    102002.7029850795
668000     -9206.0397477585       130.0179278364      -707.4420049402    102002.7029850795
669000     -9206.0583451879       130.0135797766      -708.0356047434    102002.7029850795
670000     -9206.0303980611       130.0138572373      -708.1478352863    102002.7029850795
671000     -9205.9382352963       130.0167822818      -708.4545720788    102002.7029850795
672000     -9205.9780313983       130.0167951627      -709.1166183020    102002.7029850795
673000     -9206.0169745518       130.0154039737      -709.3112610897    102002.7029850795
674000     -9206.0190993861       130.0172592092      -709.0361576329    102002.7029850794
675000     -9206.0285520635       130.0167917743      -709.3434242352    102002.7029850794
676000     -9205.9102405582       130.0222677213      -709.0993640127    102002.7029850794
677000     -9205.8445974095       130.0258084351      -709.0408067730    102002.7029850794
678000     -9205.7877953991       130.0268038488      -708.9792683620    102002.7029850794
679000     -9205.7378042772       130.0272057368      -709.4077086631    102002.7029850794
680000     -9205.6292571091       130.0295457635      -709.8544994127    102002.7029850794
681000     -9205.4590069003       130.0335269528      -710.1057136026    102002.7029850794
682000     -9205.3300206345       130.0380128357      -710.4737087965    102002.7029850794
683000     -9205.2130403099       130.0408421463      -710.6705693759    102002.7029850794
684000     -9205.1085452534       130.0442610551      -710.4402235537    102002.7029850794
685000     -9205.1985410127       130.0404200396      -710.8298699322    102002.7029850794
686000     -9205.1715144247       130.0413677701      -711.4784260418    102002.7029850794
687000     -9205.0634866693       130.0468583413      -711.6616340516    102002.7029850794
688000     -9205.0580111833       130.0462840301      -711.3729703473    102002.7029850793
689000     -9205.0669690312       130.0463376953      -711.3433865503    102002.7029850793
690000     -9205.0929229324       130.0454263841      -711.2120557789    102002.7029850793
691000     -9205.0592802261       130.0461637176      -711.3816321236    102002.7029850793
692000     -9205.0378616438       130.0478166752      -711.2273197504    102002.7029850793
693000     -9205.0799071351       130.0451971307      -711.2149099357    102002.7029850793
694000     -9205.1290131398       130.0439924894      -711.4723261695    102002.7029850793
695000     -9205.0621200103       130.0475045923      -711.2089923101    102002.7029850793
696000     -9205.0931691444       130.0461598753      -711.0650144773    102002.7029850793
697000     -9205.0567446135       130.0465111696      -710.5590350847    102002.7029850793
698000     -9205.0082908122       130.0491892542      -710.3484481688    102002.7029850793
699000     -9205.1162735596       130.0441177738      -710.5521426182    102002.7029850793
700000     -9205.2315341007       130.0403152800      -710.7779177804    102002.7029850793
701000     -9205.2506753412       130.0397805554      -710.6328550424    102002.7029850793
702000     -9205.2630850963       130.0399250479      -710.6750813942    102002.7029850793
703000     -9205.2418512707       130.0406826824      -710.7506838848    102002.7029850793
704000     -9205.2106865216       130.0415612576      -711.0704962797    102002.7029850792
705000     -9205.1993195401       130.0438931382      -711.2486247802    102002.7029850792
706000     -9205.1266465735       130.0464840160      -711.1427934569    102002.7029850792
707000     -9205.1594829185       130.0445419843      -710.9656707551    102002.7029850792
708000     -9205.1353169147       130.0464988042      -710.8811929496    102002.7029850792
709000     -9205.0779582117       130.0473532935      -710.7371449523    102002.7029850792
710000     -9205.0769968213       130.0457495898      -710.8935836592    102002.7029850792
711000     -9205.1383159302       130.0407628521      -711.0969094573    102002.7029850792
712000     -9205.0601890079       130.0424590163      -710.8700916694    102002.7029850792
713000     -9205.0109206811       130.0448059313      -710.8439555454    102002.7029850792
714000     -9204.9776849404       130.0471377181      -710.7530465003    102002.7029850792
715000     -9204.9545750704       130.0499495818      -711.2421044596    102002.7029850792
716000     -9204.9977414768       130.0475948162      -711.3515630798    102002.7029850792
717000     -9205.0340469074       130.0449506327      -711.3604444315    102002.7029850792
718000     -9205.0663444839       130.0424967916      -711.4517676487    102002.7029850792
719000     -9205.1377609662       130.0399870376      -711.6546164025    102002.7029850792
720000     -9205.1663367841       130.0389347568      -711.7201722072    102002.7029850792
721000     -9205.0992670019       130.0417589812      -711.5381086582    102002.7029850792
722000     -9205.0278766476       130.0458093605      -711.4330878368    102002.7029850792
723000     -9204.9800361564       130.0460238350      -711.5378481714    102002.7029850792
724000     -9204.9806060162       130.0446981866      -711.4651075335    102002.7029850791
725000     -9204.9269157156       130.0458761505      -711.3190124042    102002.7029850791
726000     -9204.9728064736       130.0426540597      -710.9306332637    102002.7029850791
727000     -9204.8533461641       130.0468688968      -711.0207590157    102002.7029850791
728000     -9204.8205520445       130.0487627691      -711.0509147401    102002.7029850791
729000     -9204.8557643808       130.0471091332      -711.2118738703    102002.7029850791
730000     -9204.8485519553       130.0470092226      -710.8456798521    102002.7029850791
731000     -9204.8596165739       130.0466817616      -710.6535075310    102002.7029850791
732000     -9204.8774107524       130.0459975956      -710.6814065467    102002.7029850791
733000     -9204.8241545283       130.0492157681      -710.6918587492    102002.7029850791
734000     -9204.7650389095       130.0506604932      -710.5608762667    102002.7029850791
735000     -9204.7524465887       130.0501262080      -710.3208861991    102002.7029850791
736000     -9204.8089642558       130.0478732315      -710.3869893961    102002.7029850791
737000     -9204.7860625593       130.0507585012      -710.5339508699    102002.7029850791
738000     -9204.7408189594       130.0531311796      -710.6610377821    102002.7029850791
739000     -9204.7347479945       130.0530503927      -710.5946540001    102002.7029850791
740000     -9204.7566315386       130.0536963893      -710.5870243081    102002.7029850791
741000     -9204.7381119226       130.0546867075      -710.6784112109    102002.7029850791
742000     -9204.7782566607       130.0538274014      -710.7100150950    102002.7029850791
743000     -9204.8119022444       130.0505715959      -710.8348895130    102002.7029850791
744000     -9204.7684615806       130.0522880420      -710.9336286911    102002.7029850791
745000     -9204.7792629198       130.0495596750      -710.8958553439    102002.7029850791
746000     -9204.8080051921       130.0479538654      -710.8001405259    102002.7029850791
747000     -9204.8310639858       130.0451592314      -710.7396217704    102002.7029850791
748000     -9204.8276103904       130.0446340907      -710.9447535471    102002.7029850790
749000     -9204.8246317477       130.0455604674      -711.3582740765    102002.7029850790
750000     -9204.8425539224       130.0447857479      -711.7652422524    102002.7029850790
751000     -9204.8523642340       130.0449161544      -711.9400258559    102002.7029850790
752000     -9204.8999133249       130.0433691002      -712.0648593771    102002.7029850790
753000     -9204.9974162102       130.0390047341      -711.9798745234    102002.7029850790
754000     -9205.0462339354       130.0376983339      -712.3583892946    102002.7029850790
755000     -9204.9623230092       130.0417218699      -712.4452780373    102002.7029850790
756000     -9204.9830649186       130.0426136125      -712.3437605963    102002.7029850790
757000     -9205.0458454543       130.0397479019      -712.2768124228    102002.7029850790
758000     -9205.0478390825       130.0386409482      -712.2023565521    102002.7029850790
759000     -9205.0251313088       130.0386118582      -712.3928730872    102002.7029850790
760000     -9205.0662831596       130.0362248387      -712.5371684388    102002.7029850790
761000     -9205.0885420977       130.0348989458      -712.8267467233    102002.7029850790
762000     -9205.0911029004       130.0321071583      -713.0592348488    102002.7029850790
763000     -9204.9985631839       130.0353501700      -713.2440166075    102002.7029850790
764000     -9204.9388823742       130.0365530463      -713.4574505182    102002.7029850790
765000     -9204.8979904904       130.0377528358      -713.4103258926    102002.7029850790
766000     -9204.8625162805       130.0382289127      -713.5483577085    102002.7029850790
767000     -9204.7957102076       130.0402868519      -713.6017594149    102002.7029850790
768000     -9204.7060367286       130.0433826667      -713.5478096453    102002.7029850790
769000     -9204.6772256699       130.0431047218      -713.3734522446    102002.7029850790
770000     -9204.6276795667       130.0442357795      -713.3230029063    102002.7029850790
771000     -9204.5756999740       130.0462686557      -713.3337383640    102002.7029850790
772000     -9204.5351049027       130.0467482651      -713.1347178597    102002.7029850790
773000     -9204.5032185776       130.0474277356      -712.8775899887    102002.7029850790
774000     -9204.5534535796       130.0455721150      -712.8998313608    102002.7029850790
775000     -9204.5300194104       130.0465482816      -712.6108107635    102002.7029850790
776000     -9204.5080201975       130.0467532907      -712.3790911827    102002.7029850790
777000     -9204.4797638684       130.0486263997      -712.2072540347    102002.7029850789
778000     -9204.4180184198       130.0513717992      -711.9289747687    102002.7029850789
779000     -9204.4007998407       130.0522522745      -711.9787272320    102002.7029850789
780000     -9204.3676066237       130.0539637742      -711.8999855797    102002.7029850789
781000     -9204.3553055175       130.0544543421      -711.6832689467    102002.7029850789
782000     -9204.2855684146       130.0580618047      -711.4831019988    102002.7029850789
783000     -9204.2608497278       130.0597251059      -711.5291485077    102002.7029850789
784000     -9204.2476001344       130.0607740743      -711.8275279343    102002.7029850789
785000     -9204.2640963857       130.0607976520      -711.6895059087    102002.7029850789
786000     -9204.2493222909       130.0626706075      -711.6146672495    102002.7029850789
787000     -9204.2447814340       130.0618058402      -711.6561277533    102002.7029850789
788000     -9204.2121682228       130.0624872958      -711.6771042428    102002.7029850789
789000     -9204.1501482725       130.0662444467      -711.8247968598    102002.7029850789
790000     -9204.2287660915       130.0623959974      -712.1350592811    102002.7029850789
791000     -9204.2504852704       130.0611198355      -712.2704436251    102002.7029850789
792000     -9204.2621774672       130.0622174870      -712.2884793744    102002.7029850789
793000     -9204.2614050305       130.0609511189      -712.3828880453    102002.7029850789
794000     -9204.2047615457       130.0609871710      -712.6308185720    102002.7029850789
795000     -9204.2205164948       130.0595686631      -712.8799474485    102002.7029850789
796000     -9204.2150708635       130.0589394279      -712.7969295250    102002.7029850789
797000     -9204.2239444233       130.0591250479      -712.6331214108    102002.7029850789
798000     -9204.2341832149       130.0578389563      -712.5107259668    102002.7029850789
799000     -9204.2518205751       130.0565566780      -712.5997555103    102002.7029850789
800000     -9204.2811918950       130.0558638469      -712.8227430025    102002.7029850789
801000     -9204.2112684928       130.0583781712      -713.0122627368    102002.7029850789
802000     -9204.1885924585       130.0599755991      -713.0776302569    102002.7029850789
803000     -9204.2240756837       130.0590540577      -713.1517500618    102002.7029850789
804000     -9204.1987465784       130.0611472192      -712.8812562381    102002.7029850789
805000     -9204.2191077409       130.0618396211      -712.7333651994    102002.7029850789
806000     -9204.2884748170       130.0604091118      -712.6875220288    102002.7029850789
807000     -9204.3344150144       130.0599601403      -712.5989093005    102002.7029850789
808000     -9204.3557694176       130.0602541039      -712.5473470063    102002.7029850789
809000     -9204.3214140974       130.0618750556      -712.3299686823    102002.7029850789
810000     -9204.3617471491       130.0616756082      -712.3567590835    102002.7029850789
811000     -9204.3803396533       130.0611687067      -712.2807251791    102002.7029850789
812000     -9204.3997063327       130.0595399052      -712.2963650882    102002.7029850789
813000     -9204.4618880069       130.0564391859      -712.3548338678    102002.7029850789
814000     -9204.4410024972       130.0580743376      -712.2877496954    102002.7029850789
815000     -9204.4534867474       130.0577302099      -712.3867342886    102002.7029850788
816000     -9204.5476537443       130.0543747469      -712.6518961413    102002.7029850788
817000     -9204.5755333781       130.0521585528      -712.5173958926    102002.7029850788
818000     -9204.5552852102       130.0534204826      -712.2793466976    102002.7029850788
819000     -9204.5024493767       130.0546939699      -712.1978456420    102002.7029850788
820000     -9204.5025217039       130.0543087942      -712.2883562564    102002.7029850788
821000     -9204.5086717839       130.0538582310      -712.4019337709    102002.7029850788
822000     -9204.5081637114       130.0549055605      -712.6073772525    102002.7029850788
823000     -9204.4871403907       130.0553764146      -712.5625295580    102002.7029850788
824000     -9204.4886929070       130.0545740595      -712.5295356617    102002.7029850788
825000     -9204.4434462675       130.0561725422      -712.5464108747    102002.7029850788
826000     -9204.4123498289       130.0579463138      -712.6293392080    102002.7029850788
827000     -9204.4339966757       130.0565816930      -712.7498309665    102002.7029850788
828000     -9204.4057155661       130.0583728631      -712.6164674578    102002.7029850788
829000     -9204.4526001389       130.0567659958      -712.4187697415    102002.7029850788
830000     -9204.4322651192       130.0577781959      -712.4693886040    102002.7029850788
831000     -9204.3745189810       130.0599688693      -712.5741393129    102002.7029850788
832000     -9204.3813663895       130.0585953392      -712.6520535533    102002.7029850788
833000     -9204.3751222306       130.0585495852      -712.6887204292    102002.7029850788
834000     -9204.4062707813       130.0550683426      -712.5532228374    102002.7029850788
835000     -9204.4046831361       130.0541338992      -712.4958801142    102002.7029850788
836000     -9204.4089303761       130.0533844121      -712.4070225048    102002.7029850788
837000     -9204.4269170649       130.0530457506      -712.2878854753    102002.7029850788
838000     -9204.3861236967       130.0548003302      -712.1335707425    102002.7029850788
839000     -9204.3781273307       130.0553094164      -712.0184318523    102002.7029850788
840000     -9204.3668699080       130.0558837094      -711.9310273448    102002.7029850788
841000     -9204.3758963796       130.0549740823      -712.0558076279    102002.7029850788
842000     -9204.3395623928       130.0568426582      -712.2958785400    102002.7029850788
843000     -9204.3087003752       130.0586736320      -712.5225764720    102002.7029850788
844000     -9204.2803440797       130.0602157924      -712.6068182379    102002.7029850788
845000     -9204.3035707547       130.0590414689      -712.5478572740    102002.7029850788
846000     -9204.3635469762       130.0562818270      -712.5690462719    102002.7029850788
847000     -9204.3846859129       130.0557846327      -712.3373624796    102002.7029850788
848000     -9204.3594277498       130.0581986908      -712.1898758444    102002.7029850788
849000     -9204.3544001902       130.0565891972      -712.1865253660    102002.7029850788
850000     -9204.3194551371       130.0584512655      -712.1469022203    102002.7029850788
851000     -9204.2719613591       130.0598367214      -712.0419221922    102002.7029850788
852000     -9204.3025087333       130.0587792245      -712.1520743835    102002.7029850788
853000     -9204.3056766435       130.0581252407      -712.2788616059    102002.7029850788
854000     -9204.3133801086       130.0594080797      -712.4572078476    102002.7029850788
855000     -9204.2810513916       130.0606180632      -712.5314818385    102002.7029850788
856000     -9204.2821812462       130.0605348777      -712.7366796333    102002.7029850788
857000     -9204.2620966096       130.0616684925      -712.7578207632    102002.7029850788
858000     -9204.2289379954       130.0641200556      -712.8172613165    102002.7029850788
859000     -9204.2110235958       130.0654585494      -712.9290897908    102002.7029850788
860000     -9204.2381699394       130.0648676589      -712.8932707920    102002.7029850788
861000     -9204.2289870432       130.0654534574      -712.9887954071    102002.7029850788
862000     -9204.2331525565       130.0642217063      -713.2741605339    102002.7029850788
863000     -9204.2070175749       130.0660420297      -713.3941525730    102002.7029850788
864000     -9204.2038936654       130.0658786928      -713.5885376127    102002.7029850788
865000     -9204.2093248569       130.0656989691      -713.8698367887    102002.7029850788
866000     -9204.1560220763       130.0681880804      -714.0526315046    102002.7029850788
867000     -9204.1216468636       130.0708491266      -713.9769165967    102002.7029850788
868000     -9204.0807010459       130.0718503430      -714.0789245104    102002.7029850788
869000     -9204.1080039592       130.0706344298      -714.2350728826    102002.7029850788
870000     -9204.0927961492       130.0708849718      -714.2078728232    102002.7029850787
871000     -9204.0410189597       130.0729817326      -714.3095912438    102002.7029850787
872000     -9204.0139271163       130.0737245463      -714.3556644737    102002.7029850787
873000     -9204.0308931451       130.0722742640      -714.2782735198    102002.7029850787
874000     -9204.0477013597       130.0704385178      -714.3421700454    102002.7029850787
875000     -9204.0212556041       130.0716975326      -714.5451156209    102002.7029850787
876000     -9204.0000827865       130.0714003062      -714.6780644873    102002.7029850787
877000     -9204.0342230120       130.0689055205      -714.7343574775    102002.7029850787
878000     -9204.0363274627       130.0677028380      -714.9915148148    102002.7029850787
879000     -9204.0326076988       130.0672748282      -715.0742291370    102002.7029850787
880000     -9204.0854712681       130.0647036650      -715.1500337202    102002.7029850787
881000     -9204.0800171351       130.0635413444      -715.3549285062    102002.7029850787
882000     -9204.0366333251       130.0632644240      -715.2999145694    102002.7029850787
883000     -9204.0773820853       130.0614485306      -715.4447157631    102002.7029850787
884000     -9204.0475060472       130.0625625488      -715.5903480160    102002.7029850787
885000     -9204.0365608634       130.0627228402      -715.5419809428    102002.7029850787
886000     -9204.0408992673       130.0622644039      -715.5153984842    102002.7029850787
887000     -9204.0673859395       130.0608083989      -715.6874066351    102002.7029850787
888000     -9204.0971300567       130.0586111826      -715.9073651983    102002.7029850787
889000     -9204.1012533482       130.0581059572      -716.0422037394    102002.7029850787
890000     -9204.1125086267       130.0560479911      -715.9987845869    102002.7029850787
891000     -9204.0947114807       130.0564495460      -716.1634231440    102002.7029850787
892000     -9204.1014951317       130.0564915005      -716.3820097192    102002.7029850787
893000     -9204.0871673800       130.0568345070      -716.5809226303    102002.7029850787
894000     -9204.0488987352       130.0574127055      -716.6097654338    102002.7029850787
895000     -9204.0308819398       130.0579595450      -716.7115478045    102002.7029850787
896000     -9203.9990879859       130.0589652721      -716.7683774826    102002.7029850787
897000     -9203.9757342271       130.0605798347      -716.7198127588    102002.7029850787
898000     -9203.9489712830       130.0613709997      -716.8582854601    102002.7029850787
899000     -9203.9164979862       130.0615309734      -717.0185242442    102002.7029850787
900000     -9203.8964337113       130.0630446422      -717.0227950674    102002.7029850787
901000     -9203.8697710743       130.0645957250      -716.8919567078    102002.7029850787
902000     -9203.8900876350       130.0632804577      -716.9513820738    102002.7029850787
903000     -9203.8542838325       130.0644054417      -716.8566012206    102002.7029850787
904000     -9203.8383654074       130.0642444334      -716.6702335663    102002.7029850787
905000     -9203.8769256124       130.0617409171      -716.6423304279    102002.7029850787
906000     -9203.8948073964       130.0596732896      -716.7273415753    102002.7029850787
907000     -9203.9080001926       130.0592320133      -716.6875161624    102002.7029850787
908000     -9203.9232096415       130.0579594367      -716.6249053633    102002.7029850787
909000     -9203.9209278174       130.0574633903      -716.6727280299    102002.7029850787
910000     -9203.9402840190       130.0566665372      -716.7461686750    102002.7029850787
911000     -9203.9515149131       130.0566105016      -716.7776791249    102002.7029850787
912000     -9203.9551551373       130.0568529391      -716.9024045253    102002.7029850787
913000     -9203.9721204026       130.0573591282      -717.0843782921    102002.7029850787
914000     -9204.0013061316       130.0553616972      -717.0748876979    102002.7029850787
915000     -9204.0173781253       130.0540798177      -717.1101933150    102002.7029850787
916000     -9204.0555749127       130.0518391460      -717.0513547560    102002.7029850787
917000     -9204.0526481198       130.0513008936      -716.9814294410    102002.7029850787
918000     -9204.0166562693       130.0532681605      -716.8690003462    102002.7029850787
919000     -9204.0197903571       130.0536466624      -717.0468398435    102002.7029850787
920000     -9204.0372409438       130.0518539534      -717.0792134969    102002.7029850787
921000     -9204.0038429970       130.0532677519      -717.0041314755    102002.7029850787
922000     -9203.9564690145       130.0551309756      -717.0192160555    102002.7029850787
923000     -9203.9451667477       130.0545346272      -717.1026058359    102002.7029850787
924000     -9203.9071024831       130.0547873214      -717.1625821168    102002.7029850787
925000     -9203.9252443106       130.0534800839      -717.1799427691    102002.7029850787
926000     -9203.9267785114       130.0533262988      -717.3279667219    102002.7029850787
927000     -9203.9644195224       130.0511420660      -717.5029228359    102002.7029850786
928000     -9203.9745810084       130.0497510209      -717.6471233704    102002.7029850786
929000     -9203.9944310236       130.0478859004      -717.7563561295    102002.7029850786
930000     -9204.0073491311       130.0464843435      -717.7353527542    102002.7029850786
931000     -9203.9676350206       130.0489090967      -717.7989142908    102002.7029850786
932000     -9203.9290296512       130.0502789101      -717.8789646128    102002.7029850786
933000     -9203.9149962345       130.0501349286      -717.9493285191    102002.7029850786
934000     -9203.9216139560       130.0515424018      -718.0320755003    102002.7029850786
935000     -9203.8989521003       130.0523901731      -718.1847309368    102002.7029850786
936000     -9203.8981486543       130.0521803361      -718.4147214507    102002.7029850786
937000     -9203.8712528083       130.0520549137      -718.5839704330    102002.7029850786
938000     -9203.8651656996       130.0504276853      -718.6884491584    102002.7029850786
939000     -9203.8669385361       130.0498218874      -718.8117293401    102002.7029850786
940000     -9203.8647618124       130.0494858921      -718.7194493371    102002.7029850786
941000     -9203.8760161532       130.0492039400      -718.7502744894    102002.7029850786
942000     -9203.8619759544       130.0513609574      -718.7959453255    102002.7029850786
943000     -9203.8696337913       130.0515840974      -718.9217901358    102002.7029850786
944000     -9203.8758919597       130.0524414232      -719.0331979048    102002.7029850786
945000     -9203.8742116089       130.0527098141      -718.9778933220    102002.7029850786
946000     -9203.8770068379       130.0527091016      -719.0210417077    102002.7029850786
947000     -9203.8782774086       130.0524986419      -719.0177187366    102002.7029850786
948000     -9203.8932028660       130.0513743050      -718.9889021240    102002.7029850786
949000     -9203.9142707087       130.0505127374      -718.9828454584    102002.7029850786
950000     -9203.9235417768       130.0492798138      -719.0875600933    102002.7029850786
951000     -9203.9305655924       130.0479342437      -719.1537366339    102002.7029850786
952000     -9203.8944837218       130.0487007696      -719.3891696098    102002.7029850786
953000     -9203.8796276975       130.0495218229      -719.4993907507    102002.7029850786
954000     -9203.8774335057       130.0493697502      -719.6565837649    102002.7029850786
955000     -9203.8978476946       130.0488710483      -719.6514778450    102002.7029850786
956000     -9203.8956440533       130.0485412158      -719.6523667309    102002.7029850786
957000     -9203.9188100465       130.0480400566      -719.7071173505    102002.7029850786
958000     -9203.9231506960       130.0469119779      -719.8130164776    102002.7029850786
959000     -9203.9269009596       130.0463292231      -719.8978421531    102002.7029850786
960000     -9203.9493242554       130.0457917521      -719.9911916684    102002.7029850786
961000     -9203.9329117253       130.0465269187      -719.8169541266    102002.7029850786
962000     -9203.9364860480       130.0468802842      -719.8661607104    102002.7029850786
963000     -9203.9507550885       130.0462913954      -719.7306813960    102002.7029850786
964000     -9203.9538810241       130.0465272395      -719.6337427293    102002.7029850786
965000     -9203.9547514855       130.0455184756      -719.5952049644    102002.7029850786
966000     -9203.9680533759       130.0446198915      -719.5823340780    102002.7029850786
967000     -9203.9665736630       130.0436901598      -719.5317727877    102002.7029850786
968000     -9203.9873982348       130.0412462267      -719.5169836883    102002.7029850786
969000     -9203.9696288305       130.0409080798      -719.4901317570    102002.7029850786
970000     -9203.9865448231       130.0389269232      -719.4839961442    102002.7029850786
971000     -9203.9738184779       130.0389976360      -719.5506507916    102002.7029850786
972000     -9203.9328006032       130.0407702275      -719.5930311725    102002.7029850786
973000     -9203.8919689275       130.0422521575      -719.7225952359    102002.7029850786
974000     -9203.8571050963       130.0431950109      -719.8909927163    102002.7029850786
975000     -9203.8369507832       130.0431725518      -720.1017614473    102002.7029850786
976000     -9203.8558446721       130.0412815590      -720.2924051485    102002.7029850786
977000     -9203.8813577058       130.0400241310      -720.2975375988    102002.7029850786
978000     -9203.9387755252       130.0374608455      -720.4719669280    102002.7029850786
979000     -9203.9568119094       130.0372771774      -720.5549026888    102002.7029850786
980000     -9203.9742783086       130.0378651148      -720.4539855503    102002.7029850786
981000     -9203.9522969889       130.0388253266      -720.3339876587    102002.7029850786
982000     -9203.9340636338       130.0399052726      -720.2927939284    102002.7029850786
983000     -9203.9502429512       130.0390371407      -720.2722662901    102002.7029850786
984000     -9203.9808292552       130.0373014646      -720.4729475370    102002.7029850786
985000     -9203.9771994314       130.0376852547      -720.6220329139    102002.7029850786
986000     -9203.9876679256       130.0382568345      -720.5671919386    102002.7029850786
987000     -9204.0180592595       130.0369334952      -720.5948699722    102002.7029850786
988000     -9204.0329033724       130.0359449436      -720.5782947229    102002.7029850786
989000     -9203.9869193908       130.0374908114      -720.5057628296    102002.7029850786
990000     -9203.9648131036       130.0374203899      -720.4129032351    102002.7029850786
991000     -9203.9661722380       130.0357755087      -720.2802059058    102002.7029850786
992000     -9203.9488811020       130.0359546876      -720.2761084617    102002.7029850786
993000     -9203.9393600666       130.0354507848      -720.2243023598    102002.7029850786
994000     -9203.9506556791       130.0344039269      -720.1463309141    102002.7029850786
995000     -9203.9857950613       130.0328016807      -720.2726908285    102002.7029850786
996000     -9203.9779443835       130.0328049704      -720.2383208467    102002.7029850786
997000     -9203.9776023394       130.0335583795      -720.1941933794    102002.7029850786
998000     -9203.9789154195       130.0338745187      -720.1894807188    102002.7029850786
999000     -9204.0133220682       130.0330429764      -720.2102689315    102002.7029850786
1000000     -9204.0130411180       130.0332727599      -720.2783827562    102002.7029850786
