# Time-averaged data for fix runningavgs
# TimeStep v_ra_etotal v_ra_temp v_ra_press v_ra_volume
502000     -6677.6918769728       109.2970919594      -684.2381920273    102002.7029850792
503000     -6673.8290598967       109.6152171253      -675.0034934196    102002.7029850792
504000     -6671.7709847168       109.8767729015      -672.1192213934    102002.7029850792
505000     -6668.8044713771       110.1654213556      -680.9567250394    102002.7029850792
506000     -6668.4400458124       110.2042033592      -681.4117154554    102002.7029850792
507000     -6668.8972420043       110.1662201022      -675.8179135226    102002.7029850792
508000     -6669.4775506759       110.1000026474      -674.0424451911    102002.7029850792
509000     -6670.1836368604       110.0476518163      -671.0217726810    102002.7029850792
510000     -6669.1253488328       110.1467535899      -671.8290201285    102002.7029850792
511000     -6669.2717792920       110.1324202925      -674.4440292800    102002.7029850792
512000     -6669.8883770463       110.0685351672      -675.2297413902    102002.7029850792
513000     -6670.1757431285       110.0498254706      -674.7755794528    102002.7029850792
514000     -6669.1021596461       110.1397304216      -675.4196093943    102002.7029850792
515000     -6669.0486167205       110.1497988975      -674.4612493125    102002.7029850792
516000     -6668.7514428944       110.1853579269      -675.2578053581    102002.7029850792
517000     -6668.1075274880       110.2376009820      -677.3315004966    102002.7029850792
518000     -6667.8021956891       110.2582793424      -676.3793380682    102002.7029850792
519000     -6668.7187105435       110.1804894815      -674.9095482661    102002.7029850792
520000     -6668.7816615274       110.1694770429      -674.6070638867    102002.7029850792
521000     -6668.5036613319       110.1978426842      -672.7964543975    102002.7029850792
522000     -6668.3890312731       110.2106028864      -672.3659444572    102002.7029850792
523000     -6668.3643917307       110.2127557737      -672.6460518397    102002.7029850792
524000     -6668.7346978973       110.1798869934      -673.8064311296    102002.7029850792
525000     -6669.1144680934       110.1399759979      -672.8226132967    102002.7029850792
526000     -6669.3125842576       110.1170634118      -671.3640884090    102002.7029850792
527000     -6669.6981500049       110.0791444989      -671.2068915849    102002.7029850792
528000     -6669.9501538352       110.0595091894      -670.2047004712    102002.7029850792
529000     -6670.0828935008       110.0448459260      -670.3178660968    102002.7029850792
530000     -6670.0932066551       110.0426117205      -670.2966104115    102002.7029850792
531000     -6669.9304652682       110.0599099407      -671.0273016754    102002.7029850792
532000     -6669.8125002666       110.0695625915      -671.2411227287    102002.7029850792
533000     -6669.8081194864       110.0718626677      -671.0145465409    102002.7029850792
534000     -6669.9217617136       110.0608333032      -671.9304298651    102002.7029850792
535000     -6670.0503574015       110.0478806773      -672.6702393619    102002.7029850792
536000     -6670.1152586363       110.0435268310      -672.7236067299    102002.7029850792
537000     -6670.2154913685       110.0340826594      -672.8012767254    102002.7029850792
538000     -6670.5267028407       110.0040366229      -673.8881551048    102002.7029850792
539000     -6670.2485707963       110.0295654755      -674.2555035864    102002.7029850791
540000     -6670.3535899909       110.0207458709      -675.5017236644    102002.7029850791
541000     -6670.6626459967       109.9851327195      -677.3954052946    102002.7029850791
542000     -6670.7190607891       109.9842650988      -678.2480935182    102002.7029850791
543000     -6670.7390983889       109.9807630625      -678.7728225483    102002.7029850791
544000     -6670.6991317190       109.9809753144      -678.9379011179    102002.7029850791
545000     -6670.5613252914       109.9926276907      -679.5413973509    102002.7029850791
546000     -6670.4710921276       110.0008279394      -680.1130665669    102002.7029850791
547000     -6670.1712246357       110.0273960477      -681.3944949513    102002.7029850791
548000     -6670.1126787456       110.0330771374      -682.0045833355    102002.7029850791
549000     -6670.1498898286       110.0279865078      -682.0528808341    102002.7029850791
550000     -6670.1529581516       110.0250014835      -682.5354786177    102002.7029850791
551000     -6669.9457465018       110.0420612431      -683.3112151608    102002.7029850791
552000     -6670.0441552324       110.0347857961      -683.4406534882    102002.7029850791
553000     -6669.7244584186       110.0627362790      -684.6059585528    102002.7029850791
554000     -6669.8147130403       110.0564518936      -685.2507002558    102002.7029850791
555000     -6669.7934350922       110.0598205291      -684.8523057557    102002.7029850791
556000     -6669.8417829094       110.0545630246      -684.8297926853    102002.7029850791
557000     -6669.8400493953       110.0561705264      -685.3851288882    102002.7029850791
558000     -6669.8815094944       110.0534034667      -685.9162512605    102002.7029850791
559000     -6669.8037882104       110.0604939912      -686.3751061672    102002.7029850791
560000     -6669.9246634025       110.0477414776      -686.7578688183    102002.7029850791
561000     -6669.9309341104       110.0474049482      -686.7907655740    102002.7029850791
562000     -6669.8419003588       110.0540011741      -686.5437887140    102002.7029850791
563000     -6669.8589721539       110.0486830171      -686.4647871330    102002.7029850791
564000     -6669.9747886162       110.0384474480      -686.8025063572    102002.7029850791
565000     -6670.0231566753       110.0363744317      -686.9046090260    102002.7029850791
566000     -6670.0587432829       110.0322850199      -687.2674957996    102002.7029850791
567000     -6670.1461800045       110.0228683322      -687.3448417376    102002.7029850791
568000     -6670.1909462337       110.0211397420      -687.2106693593    102002.7029850791
569000     -6670.0989481610       110.0292512923      -687.3830982118    102002.7029850791
570000     -6670.0626243878       110.0343490130      -687.7163956373    102002.7029850791
571000     -6670.0399834303       110.0385294604      -688.1029600892    102002.7029850791
572000     -6669.9610046267       110.0464350756      -688.3456132327    102002.7029850791
573000     -6670.0505490274       110.0382923374      -688.0815278195    102002.7029850791
574000     -6670.0559217339       110.0361005916      -688.3214932099    102002.7029850791
575000     -6670.1601101302       110.0285016262      -688.4912739199    102002.7029850791
576000     -6670.1473864570       110.0291648096      -688.8538821431    102002.7029850791
577000     -6670.0512688641       110.0385837852      -689.3875034561    102002.7029850791
578000     -6669.9347323313       110.0493743964      -689.6520661230    102002.7029850791
579000     -6669.8346911828       110.0597670655      -689.1966191682    102002.7029850791
580000     -6669.8993122846       110.0517398163      -689.1009494106    102002.7029850791
581000     -6669.9576710356       110.0470907548      -689.3837538519    102002.7029850791
582000     -6670.0594667545       110.0377985226      -689.2349491740    102002.7029850791
583000     -6670.0444481818       110.0389907857      -689.5569994128    102002.7029850791
584000     -6670.0572813597       110.0375451260      -689.7429954640    102002.7029850791
585000     -6670.0424553427       110.0392181553      -689.5330816789    102002.7029850791
586000     -6669.8919800650       110.0519220467      -689.3591929558    102002.7029850791
587000     -6669.8325318600       110.0566238903      -689.4665181857    102002.7029850791
588000     -6669.7309225884       110.0661215579      -689.6912476246    102002.7029850791
589000     -6669.7132155398       110.0672158812      -689.8237632963    102002.7029850791
590000     -6669.8301106875       110.0566165033      -689.4740767299    102002.7029850791
591000     -6669.8491859908       110.0537072485      -689.6023733107    102002.7029850792
592000     -6669.8433395929       110.0551305354      -689.5305790469    102002.7029850792
593000     -6669.7551789952       110.0635152154      -689.4096710328    102002.7029850792
594000     -6669.7479141363       110.0645661741      -689.5241460695    102002.7029850792
595000     -6669.7464845856       110.0650695384      -689.9457025565    102002.7029850792
596000     -6669.7803071519       110.0619425302      -689.6419397223    102002.7029850792
597000     -6669.8151567831       110.0588506681      -689.4457897599    102002.7029850792
598000     -6669.7650562815       110.0643630805      -689.7426411579    102002.7029850792
599000     -6669.8333180489       110.0594614805      -689.6069113015    102002.7029850792
600000     -6669.8852915458       110.0538511885      -689.5162131087    102002.7029850792
601000     -6669.9608145716       110.0464571221      -689.9609859720    102002.7029850792
602000     -6669.9774975441       110.0459382301      -689.5386868819    102002.7029850792
603000     -6669.8953119792       110.0528372139      -689.2280406891    102002.7029850792
604000     -6669.7862641771       110.0610679921      -689.1325751496    102002.7029850793
605000     -6669.7386498118       110.0650920728      -688.9955205730    102002.7029850793
606000     -6669.7525668391       110.0639461720      -689.3015934545    102002.7029850793
607000     -6669.8038659791       110.0593307743      -689.3456598644    102002.7029850793
608000     -6669.9192730278       110.0480963237      -689.2448471074    102002.7029850793
609000     -6669.8706563102       110.0513696681      -689.6295469192    102002.7029850793
610000     -6669.8208517320       110.0586195905      -689.4570188973    102002.7029850793
611000     -6669.8107159347       110.0594880478      -689.9162352443    102002.7029850793
612000     -6669.7538650074       110.0654288090      -690.4949771884    102002.7029850793
613000     -6669.6986631041       110.0721684538      -690.6878195586    102002.7029850793
614000     -6669.6849702831       110.0735795903      -690.7145238325    102002.7029850793
615000     -6669.6773016953       110.0743776545      -690.9045058027    102002.7029850793
616000     -6669.6283640205       110.0789170169      -690.7326782456    102002.7029850793
617000     -6669.5969477981       110.0822195100      -690.7108454591    102002.7029850793
618000     -6669.6871298546       110.0728287713      -691.0292007751    102002.7029850793
619000     -6669.7596434776       110.0670035084      -691.1006620071    102002.7029850793
620000     -6669.7646610692       110.0663306605      -690.9147939758    102002.7029850793
621000     -6669.7661206555       110.0666452207      -691.0435421984    102002.7029850793
622000     -6669.7939138643       110.0644294801      -691.3161527260    102002.7029850794
623000     -6669.8397435702       110.0612943155      -691.3863263850    102002.7029850794
624000     -6669.9098763852       110.0541969887      -691.9684145581    102002.7029850794
625000     -6669.9276574045       110.0540985002      -692.2272951292    102002.7029850794
626000     -6670.0592455205       110.0420477839      -692.0577490912    102002.7029850794
627000     -6670.0518551290       110.0415565112      -692.3249182432    102002.7029850794
628000     -6669.9891663302       110.0488199601      -692.3784327118    102002.7029850794
629000     -6670.0181845995       110.0460034916      -692.7322530649    102002.7029850794
630000     -6670.0410597215       110.0439853125      -693.3224649240    102002.7029850794
631000     -6670.1537532353       110.0349064137      -693.3598530182    102002.7029850794
632000     -6670.1779240131       110.0328911240      -693.6736371644    102002.7029850794
633000     -6670.2911091745       110.0227210467      -693.7434453102    102002.7029850794
634000     -6670.2867021744       110.0243186813      -693.6982469675    102002.7029850794
635000     -6670.3214202699       110.0218656378      -694.2068586498    102002.7029850794
636000     -6670.4156070655       110.0134818823      -694.3708525788    102002.7029850794
637000     -6670.3746121185       110.0172664158      -694.2442581789    102002.7029850794
638000     -6670.3266712356       110.0215487087      -694.5788130752    102002.7029850794
639000     -6670.3227788080       110.0226899257      -694.5025116781    102002.7029850794
640000     -6670.3091888417       110.0243642038      -694.5341145532    102002.7029850794
641000     -6670.3158381344       110.0234202109      -694.9490777504    102002.7029850794
642000     -6670.3957284062       110.0155868254      -694.9927731691    102002.7029850794
643000     -6670.3795702517       110.0179029824      -695.0033287827    102002.7029850794
644000     -6670.4465807449       110.0114112354      -694.9673749167    102002.7029850794
645000     -6670.4400165487       110.0112592020      -695.0164787929    102002.7029850794
646000     -6670.4068140049       110.0151900767      -695.1346641705    102002.7029850795
647000     -6670.3254852509       110.0236187258      -695.4540971703    102002.7029850795
648000     -6670.3121042862       110.0250793002      -695.6546285621    102002.7029850795
649000     -6670.3264000440       110.0248759244      -695.4948358823    102002.7029850795
650000     -6670.3470918839       110.0223940041      -695.4517906249    102002.7029850795
651000     -6670.2842134634       110.0281633350      -695.5760434279    102002.7029850795
652000     -6670.2565369581       110.0313120486      -695.5365227764    102002.7029850795
653000     -6670.2355690527       110.0332726741      -695.7372503792    102002.7029850795
654000     -6670.2550005308       110.0315296684      -695.9341918163    102002.7029850795
655000     -6670.1924842276       110.0372490338      -695.7428381784    102002.7029850795
656000     -6670.1975600102       110.0359544866      -695.6536065929    102002.7029850795
657000     -6670.1736719305       110.0379750003      -695.8050774517    102002.7029850795
658000     -6670.2140557547       110.0347048799      -696.0706555638    102002.7029850795
659000     -6670.1789062428       110.0376625153      -696.4522855330    102002.7029850795
660000     -6670.1804572932       110.0385741564      -696.6720437226    102002.7029850795
661000     -6670.1525285977       110.0400078579      -696.8931391871    102002.7029850795
662000     -6670.1489842217       110.0399059266      -696.7648541841    102002.7029850795
663000     -6670.1340514244       110.0404443635      -696.6853477579    102002.7029850795
664000     -6670.1198289144       110.0409175391      -697.0355925129    102002.7029850795
665000     -6670.1044073290       110.0441592117      -697.0685759298    102002.7029850795
666000     -6670.0895694049       110.0440745711      -697.1082822489    102002.7029850795
667000     -6670.1096588854       110.0421716240      -697.2295814765    102002.7029850795
668000     -6670.1681026780       110.0363619316      -697.2232213479    102002.7029850795
669000     -6670.2016728072       110.0325772645      -696.9848934837    102002.7029850795
670000     -6670.2418780903       110.0288461385      -696.7646079160    102002.7029850795
671000     -6670.2573424277       110.0278056242      -696.9755816082    102002.7029850795
672000     -6670.3300214674       110.0213385859      -696.9331209793    102002.7029850795
673000     -6670.3617726654       110.0185695144      -696.8411826586    102002.7029850795
674000     -6670.3956028461       110.0154328078      -697.0097179357    102002.7029850794
675000     -6670.3054033463       110.0253665516      -697.1051344234    102002.7029850794
676000     -6670.2984362170       110.0262418059      -697.2309828878    102002.7029850794
677000     -6670.2406437245       110.0319729108      -697.4296417337    102002.7029850794
678000     -6670.2324862212       110.0332341980      -697.5025988006    102002.7029850794
679000     -6670.2179468522       110.0347797348      -697.5032461490    102002.7029850794
680000     -6670.2264864853       110.0340300562      -697.4520533207    102002.7029850794
681000     -6670.1955105417       110.0374173233      -697.4211895118    102002.7029850794
682000     -6670.1686199891       110.0401470185      -697.7339465396    102002.7029850794
683000     -6670.1736389769       110.0391868914      -697.6478036216    102002.7029850794
684000     -6670.1662767540       110.0398544233      -697.7127630341    102002.7029850794
685000     -6670.1514435511       110.0413899115      -697.7718297360    102002.7029850794
686000     -6670.0631859086       110.0477341896      -697.7141258340    102002.7029850794
687000     -6670.0635329546       110.0476810585      -697.9524014035    102002.7029850794
688000     -6670.0961755696       110.0452454800      -698.2737328197    102002.7029850793
689000     -6670.1016544787       110.0442375235      -698.4112422589    102002.7029850793
690000     -6670.1107700374       110.0433616724      -698.5866136316    102002.7029850793
691000     -6670.1003522462       110.0443136371      -698.8187239986    102002.7029850793
692000     -6670.1621025595       110.0387087299      -698.7545762414    102002.7029850793
693000     -6670.1657730235       110.0375819286      -698.9762113769    102002.7029850793
694000     -6670.2327386129       110.0313191965      -699.2340428777    102002.7029850793
695000     -6670.2376109523       110.0308309337      -699.2550482973    102002.7029850793
696000     -6670.3022395726       110.0243903823      -699.2293028760    102002.7029850793
697000     -6670.3216986007       110.0226561651      -699.1872964778    102002.7029850793
698000     -6670.3936390261       110.0161173668      -699.2954392751    102002.7029850793
699000     -6670.3936456437       110.0166882669      -699.3260441426    102002.7029850793
700000     -6670.4118320442       110.0150166311      -699.5258597752    102002.7029850793
701000     -6670.4167482986       110.0146442426      -699.6894851197    102002.7029850793
702000     -6670.4232979495       110.0145258690      -699.6206974410    102002.7029850793
703000     -6670.3950057322       110.0164808183      -699.6059425262    102002.7029850793
704000     -6670.4067500696       110.0145268071      -699.7184573994    102002.7029850792
705000     -6670.4174235148       110.0131229952      -699.8018243142    102002.7029850792
706000     -6670.4013780278       110.0144678167      -699.8617488817    102002.7029850792
707000     -6670.3762492911       110.0166710053      -700.1000496057    102002.7029850792
708000     -6670.3148624744       110.0234314339      -700.2061541451    102002.7029850792
709000     -6670.3282368668       110.0221339586      -700.1821875194    102002.7029850792
710000     -6670.3490971160       110.0207015687      -700.2455346715    102002.7029850792
711000     -6670.3625674749       110.0194512188      -700.6773684665    102002.7029850792
712000     -6670.3841603501       110.0179320769      -700.7102187879    102002.7029850792
713000     -6670.3807472238       110.0189151644      -700.8610188510    102002.7029850792
714000     -6670.3972738219       110.0174411201      -701.1460835305    102002.7029850792
715000     -6670.4287077931       110.0151918675      -701.1446754070    102002.7029850792
716000     -6670.4076859289       110.0170384851      -701.1395835913    102002.7029850792
717000     -6670.4170488184       110.0163165126      -701.3323725050    102002.7029850792
718000     -6670.4426838616       110.0142769897      -701.4173477496    102002.7029850792
719000     -6670.4530220550       110.0129741336      -701.4098728939    102002.7029850792
720000     -6670.4705586333       110.0115251708      -701.5101282226    102002.7029850792
721000     -6670.4500737541       110.0143209032      -701.7350771493    102002.7029850792
722000     -6670.4454572652       110.0144019015      -701.8729597359    102002.7029850792
723000     -6670.3889651814       110.0205577295      -701.9312492199    102002.7029850792
724000     -6670.3846092497       110.0212900107      -702.1270135903    102002.7029850791
725000     -6670.3861562768       110.0211096669      -702.1526959124    102002.7029850791
726000     -6670.3901972255       110.0199864359      -702.0721744723    102002.7029850791
727000     -6670.3914551807       110.0200502416      -701.9850036233    102002.7029850791
728000     -6670.3726534474       110.0212983033      -702.1200979023    102002.7029850791
729000     -6670.3241123135       110.0256965444      -702.1785195599    102002.7029850791
730000     -6670.3172725162       110.0260884201      -702.0832610794    102002.7029850791
731000     -6670.3176717273       110.0255864499      -702.0614742382    102002.7029850791
732000     -6670.2998107846       110.0270180005      -702.0858336967    102002.7029850791
733000     -6670.2622891529       110.0305122397      -702.0294262401    102002.7029850791
734000     -6670.3038298171       110.0258374483      -702.1766018178    102002.7029850791
735000     -6670.3256999682       110.0242524434      -702.1214020036    102002.7029850791
736000     -6670.3156776418       110.0241237677      -702.2894021582    102002.7029850791
737000     -6670.2677867511       110.0280798523      -702.3218470371    102002.7029850791
738000     -6670.2699597325       110.0278136590      -702.2536381275    102002.7029850791
739000     -6670.2527025084       110.0295085467      -702.1396560182    102002.7029850791
740000     -6670.2122524797       110.0330941911      -702.2977345735    102002.7029850791
741000     -6670.1894510093       110.0355073561      -702.3637626178    102002.7029850791
742000     -6670.1709752928       110.0379198749      -702.2638696322    102002.7029850791
743000     -6670.1494375233       110.0396348268      -702.3980722853    102002.7029850791
744000     -6670.1404123052       110.0408034349      -702.2813736862    102002.7029850791
745000     -6670.1205343819       110.0426582465      -702.1400339729    102002.7029850791
746000     -6670.1406984564       110.0405761154      -702.0516108077    102002.7029850791
747000     -6670.1918239277       110.0356970028      -702.0174138761    102002.7029850791
748000     -6670.1869460686       110.0365402237      -702.0369819750    102002.7029850790
749000     -6670.1716900138       110.0371982891      -702.0568452696    102002.7029850790
750000     -6670.1527729846       110.0386898626      -701.9381342209    102002.7029850790
751000     -6670.1532224341       110.0385036897      -701.9420788408    102002.7029850790
752000     -6670.1901976658       110.0354413466      -701.8866514534    102002.7029850790
753000     -6670.2211313866       110.0321358330      -701.8259361253    102002.7029850790
754000     -6670.2111002890       110.0334347770      -701.7223775817    102002.7029850790
755000     -6670.2211051954       110.0326805292      -701.6472358230    102002.7029850790
756000     -6670.2567937416       110.0290440786      -701.6036437349    102002.7029850790
757000     -6670.2787579534       110.0266636586      -701.5773409119    102002.7029850790
758000     -6670.3158018649       110.0234163411      -701.5476848319    102002.7029850790
759000     -6670.3138193908       110.0233852537      -701.5738720675    102002.7029850790
760000     -6670.3027100419       110.0244110536      -701.5676986739    102002.7029850790
761000     -6670.2830857020       110.0256545890      -701.5609156317    102002.7029850790
762000     -6670.3396740754       110.0204876063      -701.5388409053    102002.7029850790
763000     -6670.3442303851       110.0201780734      -701.5436901449    102002.7029850790
764000     -6670.3000737612       110.0239691392      -701.5070803538    102002.7029850790
765000     -6670.2882046215       110.0252020013      -701.4848023921    102002.7029850790
766000     -6670.2642166929       110.0275792459      -701.3777631866    102002.7029850790
767000     -6670.2573353567       110.0280545403      -701.2267800973    102002.7029850790
768000     -6670.2587075490       110.0275294192      -701.1279160880    102002.7029850790
769000     -6670.2679667372       110.0267072581      -701.0388299203    102002.7029850790
770000     -6670.2923138104       110.0244960577      -700.9570745208    102002.7029850790
771000     -6670.3110193394       110.0225133388      -700.9628577018    102002.7029850790
772000     -6670.3400606849       110.0197991495      -700.9771531053    102002.7029850790
773000     -6670.3306995190       110.0204610817      -700.8468871941    102002.7029850790
774000     -6670.3139215602       110.0219158969      -700.7788348145    102002.7029850790
775000     -6670.2970453860       110.0238051685      -700.7187801811    102002.7029850790
776000     -6670.3018815578       110.0233739017      -700.6571150405    102002.7029850790
777000     -6670.3216479972       110.0211702784      -700.6389354746    102002.7029850789
778000     -6670.3542415041       110.0184102838      -700.4950071759    102002.7029850789
779000     -6670.3499357367       110.0184551306      -700.4187902840    102002.7029850789
780000     -6670.3475675860       110.0188068174      -700.3339054171    102002.7029850789
781000     -6670.3758082915       110.0164650536      -700.1195049028    102002.7029850789
782000     -6670.3898042062       110.0154167463      -700.1114424942    102002.7029850789
783000     -6670.3966454338       110.0141445564      -700.1218544034    102002.7029850789
784000     -6670.3829164297       110.0158403353      -700.0305204814    102002.7029850789
785000     -6670.4184644600       110.0124093485      -700.0119484284    102002.7029850789
786000     -6670.4328504792       110.0110803449      -699.9374397396    102002.7029850789
787000     -6670.4160194878       110.0127018267      -699.8795766756    102002.7029850789
788000     -6670.3909074775       110.0146506812      -699.8674805653    102002.7029850789
789000     -6670.4126268579       110.0122026462      -699.9690853842    102002.7029850789
790000     -6670.4095012274       110.0125504876      -699.8519610724    102002.7029850789
791000     -6670.4429940463       110.0093526894      -699.8665085821    102002.7029850789
792000     -6670.4451666659       110.0087508270      -699.9794253118    102002.7029850789
793000     -6670.4398704533       110.0091877712      -699.7576680808    102002.7029850789
794000     -6670.4023874700       110.0127638051      -699.6757484906    102002.7029850789
795000     -6670.3876356990       110.0139915342      -699.6514633545    102002.7029850789
796000     -6670.3863795700       110.0142301052      -699.4958124814    102002.7029850789
797000     -6670.3831761312       110.0142270423      -699.4788121836    102002.7029850789
798000     -6670.3894557546       110.0130973336      -699.4722147791    102002.7029850789
799000     -6670.3815326248       110.0142382721      -699.3567826308    102002.7029850789
800000     -6670.3539305532       110.0166035713      -699.3788104564    102002.7029850789
801000     -6670.3125121222       110.0202602462      -699.3996175339    102002.7029850789
802000     -6670.3116619998       110.0209770380      -699.2401179795    102002.7029850789
803000     -6670.2980107009       110.0220018136      -699.2561913295    102002.7029850789
804000     -6670.3012463807       110.0215222396      -699.3094361932    102002.7029850789
805000     -6670.2755587282       110.0246557790      -699.2818725574    102002.7029850789
806000     -6670.2568576465       110.0257504333      -699.3882206642    102002.7029850789
807000     -6670.2652453966       110.0250126796      -699.4323153867    102002.7029850789
808000     -6670.3006920194       110.0223100154      -699.4864387464    102002.7029850789
809000     -6670.3154143188       110.0210525520      -699.5140736931    102002.7029850789
810000     -6670.3398714205       110.0185788895      -699.6205117317    102002.7029850789
811000     -6670.3673272240       110.0169292813      -699.6462633756    102002.7029850789
812000     -6670.3558932783       110.0177300177      -699.6474729375    102002.7029850789
813000     -6670.3488873201       110.0185271886      -699.7304532333    102002.7029850789
814000     -6670.3117339811       110.0226753154      -699.7016520725    102002.7029850789
815000     -6670.3084764757       110.0230373041      -699.7236228357    102002.7029850788
816000     -6670.3043439557       110.0231158907      -699.7012420604    102002.7029850788
817000     -6670.2743821245       110.0262746693      -699.5834151851    102002.7029850788
818000     -6670.2494566751       110.0283397816      -699.6310418621    102002.7029850788
819000     -6670.2590310086       110.0270220144      -699.6401007670    102002.7029850788
820000     -6670.2796741117       110.0252643016      -699.5125489143    102002.7029850788
821000     -6670.2890996488       110.0238935199      -699.5280541330    102002.7029850788
822000     -6670.2821659340       110.0245197426      -699.4651266017    102002.7029850788
823000     -6670.2873753704       110.0245976003      -699.2813758589    102002.7029850788
824000     -6670.3061617284       110.0226992986      -699.3596306525    102002.7029850788
825000     -6670.3407627296       110.0197278520      -699.3922461780    102002.7029850788
826000     -6670.3736606761       110.0168756535      -699.2828735520    102002.7029850788
827000     -6670.3647158431       110.0175504344      -699.3747480024    102002.7029850788
828000     -6670.3483756919       110.0193319748      -699.4309531588    102002.7029850788
829000     -6670.3337030227       110.0211020055      -699.2759828009    102002.7029850788
830000     -6670.3494243702       110.0193728349      -699.2680827603    102002.7029850788
831000     -6670.3810133135       110.0159459418      -699.3411183711    102002.7029850788
832000     -6670.3816792152       110.0163138508      -699.2249024461    102002.7029850788
833000     -6670.3334793514       110.0205167770      -699.2256673844    102002.7029850788
834000     -6670.3251677715       110.0212962883      -699.2253297761    102002.7029850788
835000     -6670.3017241629       110.0235099163      -699.1724398607    102002.7029850788
836000     -6670.2951122978       110.0235663938      -699.1456705008    102002.7029850788
837000     -6670.2757928778       110.0257089081      -699.1443912971    102002.7029850788
838000     -6670.3016667316       110.0234896586      -699.1311009991    102002.7029850788
839000     -6670.3134339908       110.0216790599      -699.2160250673    102002.7029850788
840000     -6670.2936566339       110.0233448235      -699.1712107971    102002.7029850788
841000     -6670.3122107168       110.0220981079      -699.1371305584    102002.7029850788
842000     -6670.3221832925       110.0203864573      -699.1424886570    102002.7029850788
843000     -6670.3269344722       110.0200368511      -699.1623339794    102002.7029850788
844000     -6670.3318915537       110.0201911223      -699.1222717111    102002.7029850788
845000     -6670.3125238698       110.0216443338      -699.1988435316    102002.7029850788
846000     -6670.2885790235       110.0239364372      -699.1220026452    102002.7029850788
847000     -6670.2851107306       110.0244954876      -699.0593243231    102002.7029850788
848000     -6670.2795142307       110.0249986630      -699.0790350288    102002.7029850788
849000     -6670.2596778264       110.0271060679      -699.0309292495    102002.7029850788
850000     -6670.2440436975       110.0286755813      -699.0164567778    102002.7029850788
851000     -6670.2350766340       110.0294924772      -699.0406910940    102002.7029850788
852000     -6670.2209352085       110.0305527861      -699.1113679198    102002.7029850788
853000     -6670.2479025180       110.0282758712      -699.0796263190    102002.7029850788
854000     -6670.2595818154       110.0272548333      -699.1148918520    102002.7029850788
855000     -6670.2687875173       110.0257437126      -699.2272419946    102002.7029850788
856000     -6670.2814119110       110.0249419376      -699.1441217273    102002.7029850788
857000     -6670.3175859342       110.0217855502      -699.0907666188    102002.7029850788
858000     -6670.3121112116       110.0220158870      -699.1585815081    102002.7029850788
859000     -6670.3118180751       110.0224836714      -699.1266685921    102002.7029850788
860000     -6670.2863534565       110.0250174579      -699.1229899596    102002.7029850788
861000     -6670.2890622399       110.0249045079      -699.1834192276    102002.7029850788
862000     -6670.2921102163       110.0245598164      -699.1412996157    102002.7029850788
863000     -6670.2847611790       110.0249873422      -699.1695263472    102002.7029850788
864000     -6670.2601080284       110.0277886696      -699.1686581941    102002.7029850788
865000     -6670.2854577910       110.0251950598      -699.1006617601    102002.7029850788
866000     -6670.3046704203       110.0228974825      -699.1337222015    102002.7029850788
867000     -6670.3123434684       110.0224039713      -699.1424566961    102002.7029850788
868000     -6670.3374917501       110.0200554636      -699.1203140462    102002.7029850788
869000     -6670.3275200143       110.0209655050      -699.1014946389    102002.7029850788
870000     -6670.3320039997       110.0208687079      -699.0715766145    102002.7029850787
871000     -6670.3374623798       110.0208710710      -699.0290986782    102002.7029850787
872000     -6670.3297551579       110.0215310072      -699.0510926865    102002.7029850787
873000     -6670.3240258363       110.0219755270      -699.0079314033    102002.7029850787
874000     -6670.3008885697       110.0245809036      -698.9408411014    102002.7029850787
875000     -6670.3134218526       110.0235283547      -699.0019994998    102002.7029850787
876000     -6670.3182420493       110.0228639248      -698.9175503089    102002.7029850787
877000     -6670.2981436761       110.0247127788      -698.8475710196    102002.7029850787
878000     -6670.3215514749       110.0223732744      -698.8644171734    102002.7029850787
879000     -6670.3300066154       110.0212829309      -698.8522312123    102002.7029850787
880000     -6670.3126646132       110.0236422742      -698.7483919046    102002.7029850787
881000     -6670.3076272380       110.0236355954      -698.7367099856    102002.7029850787
882000     -6670.3230796219       110.0221544531      -698.6633918160    102002.7029850787
883000     -6670.3426669232       110.0207324070      -698.5869856981    102002.7029850787
884000     -6670.3494962947       110.0200226999      -698.5899683588    102002.7029850787
885000     -6670.3147269927       110.0235746059      -698.5216379096    102002.7029850787
886000     -6670.3235302620       110.0226961101      -698.5005830114    102002.7029850787
887000     -6670.3413028627       110.0214079844      -698.4468577403    102002.7029850787
888000     -6670.3429841987       110.0213113756      -698.3822120772    102002.7029850787
889000     -6670.3631776211       110.0197170909      -698.3114500095    102002.7029850787
890000     -6670.3713016322       110.0188332958      -698.2467461977    102002.7029850787
891000     -6670.3706851260       110.0188862219      -698.2241060316    102002.7029850787
892000     -6670.3698749976       110.0189087441      -698.1639873985    102002.7029850787
893000     -6670.3773272947       110.0178889680      -698.1696064541    102002.7029850787
894000     -6670.3727176117       110.0181904799      -698.1675358970    102002.7029850787
895000     -6670.3674890942       110.0187248487      -698.1352394282    102002.7029850787
896000     -6670.3351192626       110.0218201324      -698.1215662807    102002.7029850787
897000     -6670.3386597370       110.0212295400      -698.1112852406    102002.7029850787
898000     -6670.3355084996       110.0214685034      -698.0946909652    102002.7029850787
899000     -6670.3012118054       110.0242278345      -698.1339118693    102002.7029850787
900000     -6670.3163464891       110.0227701005      -698.0718723116    102002.7029850787
901000     -6670.3144528400       110.0230126939      -698.0234381105    102002.7029850787
902000     -6670.3105428923       110.0231284632      -698.0516600074    102002.7029850787
903000     -6670.3406748159       110.0202062498      -698.0430510507    102002.7029850787
904000     -6670.3568101633       110.0187765576      -697.9114061054    102002.7029850787
905000     -6670.3561876699       110.0186613675      -697.9090149353    102002.7029850787
906000     -6670.3283466934       110.0206908805      -697.8108976668    102002.7029850787
907000     -6670.3065532052       110.0227044287      -697.6408675730    102002.7029850787
908000     -6670.2831313297       110.0243839266      -697.6314864097    102002.7029850787
909000     -6670.2540015819       110.0270276529      -697.5651889506    102002.7029850787
910000     -6670.2455242951       110.0276093007      -697.5273216728    102002.7029850787
911000     -6670.2132645578       110.0302868813      -697.5819189215    102002.7029850787
912000     -6670.1962007471       110.0320126779      -697.5511420601    102002.7029850787
913000     -6670.2026447372       110.0313445121      -697.4947964006    102002.7029850787
914000     -6670.2130636412       110.0301594282      -697.4857553181    102002.7029850787
915000     -6670.2239327314       110.0294928877      -697.4378627536    102002.7029850787
916000     -6670.2320585638       110.0288979580      -697.4138202315    102002.7029850787
917000     -6670.2170077609       110.0298077132      -697.3969263101    102002.7029850787
918000     -6670.1908323205       110.0321168892      -697.3494918806    102002.7029850787
919000     -6670.1926235508       110.0319655016      -697.3506024651    102002.7029850787
920000     -6670.1546922110       110.0353508909      -697.3514296097    102002.7029850787
921000     -6670.1578544464       110.0351109894      -697.3494060382    102002.7029850787
922000     -6670.1483894888       110.0360644163      -697.3688087309    102002.7029850787
923000     -6670.1304553707       110.0375802749      -697.3519884476    102002.7029850787
924000     -6670.1377571592       110.0372381509      -697.2935844512    102002.7029850787
925000     -6670.1361871047       110.0371626903      -697.2819227924    102002.7029850787
926000     -6670.1421747266       110.0363196977      -697.2700034482    102002.7029850787
927000     -6670.1362891180       110.0367049794      -697.1898787049    102002.7029850786
928000     -6670.1435335830       110.0358779777      -697.1972895907    102002.7029850786
929000     -6670.1506176183       110.0348684257      -697.2491313827    102002.7029850786
930000     -6670.1594599033       110.0340036382      -697.1570109202    102002.7029850786
931000     -6670.1324695205       110.0366194196      -697.1081902994    102002.7029850786
932000     -6670.1179541918       110.0375377121      -697.0871508342    102002.7029850786
933000     -6670.1222652466       110.0371531971      -696.9907861811    102002.7029850786
934000     -6670.1139258353       110.0380607067      -696.9168580346    102002.7029850786
935000     -6670.1163018113       110.0373942391      -696.9231178041    102002.7029850786
936000     -6670.1481185325       110.0346563451      -696.8220439863    102002.7029850786
937000     -6670.1352594556       110.0358718341      -696.8128507010    102002.7029850786
938000     -6670.1171265326       110.0375787585      -696.8655029006    102002.7029850786
939000     -6670.1142127111       110.0377812071      -696.8162233380    102002.7029850786
940000     -6670.1204634525       110.0374052880      -696.7660687709    102002.7029850786
941000     -6670.1008405854       110.0388226898      -696.8170382814    102002.7029850786
942000     -6670.1156046434       110.0373726806      -696.7713138808    102002.7029850786
943000     -6670.1326062651       110.0359933839      -696.6893786690    102002.7029850786
944000     -6670.1475022303       110.0344768285      -696.7356579700    102002.7029850786
945000     -6670.1755609375       110.0322839080      -696.6812691361    102002.7029850786
946000     -6670.1814313201       110.0317462964      -696.6043852318    102002.7029850786
947000     -6670.2062064862       110.0294891091      -696.6027794103    102002.7029850786
948000     -6670.2076720764       110.0296377602      -696.5804499752    102002.7029850786
949000     -6670.2013111511       110.0307014320      -696.5673672886    102002.7029850786
950000     -6670.1854177428       110.0322189127      -696.6138147277    102002.7029850786
951000     -6670.1967717737       110.0313095530      -696.5990585483    102002.7029850786
952000     -6670.2096838861       110.0301880618      -696.6091029004    102002.7029850786
953000     -6670.2261055324       110.0286518067      -696.6373398260    102002.7029850786
954000     -6670.2406399913       110.0274109334      -696.6634406619    102002.7029850786
955000     -6670.2339526504       110.0286325674      -696.6489200362    102002.7029850786
956000     -6670.2194515821       110.0297987605      -696.7478735419    102002.7029850786
957000     -6670.2191577774       110.0297117166      -696.7941462315    102002.7029850786
958000     -6670.2177723648       110.0296647555      -696.8902285188    102002.7029850786
959000     -6670.2063598245       110.0307575230      -696.9645015677    102002.7029850786
960000     -6670.2057603074       110.0310336277      -696.9971671336    102002.7029850786
961000     -6670.2054905322       110.0310202925      -697.0377097044    102002.7029850786
962000     -6670.1986404462       110.0313836126      -697.0764920208    102002.7029850786
963000     -6670.2293525373       110.0288068383      -697.1152695344    102002.7029850786
964000     -6670.2326893616       110.0282926979      -697.2066098026    102002.7029850786
965000     -6670.2203204106       110.0294444957      -697.2429559386    102002.7029850786
966000     -6670.2486656211       110.0266487443      -697.2586517400    102002.7029850786
967000     -6670.2489356165       110.0264792836      -697.3507765472    102002.7029850786
968000     -6670.2404248543       110.0272928938      -697.3956088812    102002.7029850786
969000     -6670.2284680804       110.0285501504      -697.3980988223    102002.7029850786
970000     -6670.2335651032       110.0281235818      -697.4581204938    102002.7029850786
971000     -6670.2509900275       110.0261153702      -697.4642656052    102002.7029850786
972000     -6670.2611028825       110.0251799628      -697.3818037842    102002.7029850786
973000     -6670.2845882382       110.0230232943      -697.3871768953    102002.7029850786
974000     -6670.2787463278       110.0233090740      -697.4559108177    102002.7029850786
975000     -6670.3103688162       110.0205144845      -697.4070370014    102002.7029850786
976000     -6670.3119686595       110.0202507004      -697.3827558325    102002.7029850786
977000     -6670.2974081125       110.0213628119      -697.4258243334    102002.7029850786
978000     -6670.3111481013       110.0202008229      -697.3855637275    102002.7029850786
979000     -6670.3299078950       110.0189719692      -697.3320230143    102002.7029850786
980000     -6670.3205270718       110.0198325088      -697.4129573605    102002.7029850786
981000     -6670.3183099309       110.0202474022      -697.3499400716    102002.7029850786
982000     -6670.3205627758       110.0201173585      -697.3299612044    102002.7029850786
983000     -6670.3333397916       110.0188123781      -697.3623382983    102002.7029850786
984000     -6670.3288538665       110.0193946034      -697.2780614606    102002.7029850786
985000     -6670.3049734618       110.0218135426      -697.2020879609    102002.7029850786
986000     -6670.2896758938       110.0232158859      -697.2118458093    102002.7029850786
987000     -6670.2820642400       110.0241171971      -697.1478908425    102002.7029850786
988000     -6670.2755479318       110.0247596437      -697.0968842398    102002.7029850786
989000     -6670.2573437978       110.0265457621      -697.0612025886    102002.7029850786
990000     -6670.2568491198       110.0267202956      -697.0043196735    102002.7029850786
991000     -6670.2792169797       110.0248941638      -696.9590092653    102002.7029850786
992000     -6670.2891895842       110.0238633545      -696.9410563853    102002.7029850786
993000     -6670.2916623987       110.0238845449      -696.9064628371    102002.7029850786
994000     -6670.3039869025       110.0229816733      -696.8630807473    102002.7029850786
995000     -6670.3034436348       110.0230286388      -696.8268585508    102002.7029850786
996000     -6670.2814160333       110.0253169609      -696.7828272304    102002.7029850786
997000     -6670.2761460440       110.0259597277      -696.7429651427    102002.7029850786
998000     -6670.2605113802       110.0271674638      -696.6983992386    102002.7029850786
999000     -6670.2598504328       110.0275727438      -696.6217532083    102002.7029850786
1000000     -6670.2677279434       110.0269446274      -696.5849787509    102002.7029850786
