# Time-averaged data for fix runningavgs
# TimeStep v_ra_etotal v_ra_temp v_ra_press v_ra_volume
502000    -10545.1330718825        91.0296171905      -397.3882726563    102002.7029850792
503000    -10541.5184584771        91.1416721189      -404.2757603422    102002.7029850792
504000    -10540.6856543018        91.2499773429      -403.5584465868    102002.7029850792
505000    -10541.8705000883        91.1570086703      -405.4263201272    102002.7029850792
506000    -10541.5369127902        91.1437337391      -408.9127476465    102002.7029850792
507000    -10541.8642132164        91.1169443512      -412.4724878724    102002.7029850792
508000    -10540.3396207353        91.2115166153      -413.9811945605    102002.7029850792
509000    -10541.4173641459        91.2019354380      -423.9705629783    102002.7029850792
510000    -10539.9840259164        91.2721923713      -427.5421784831    102002.7029850792
511000    -10540.9786931902        91.2321096668      -425.6361298488    102002.7029850792
512000    -10540.9879967451        91.2539447292      -426.6724651159    102002.7029850792
513000    -10541.4882200599        91.2371081813      -427.2114592617    102002.7029850792
514000    -10542.2133127495        91.2097622940      -429.4935187527    102002.7029850792
515000    -10542.3939265377        91.1890559128      -433.1555291599    102002.7029850792
516000    -10541.7608985432        91.2027760190      -436.0605376524    102002.7029850792
517000    -10542.0452430718        91.1738183955      -435.4880859450    102002.7029850792
518000    -10542.3204397368        91.1490201774      -437.4723222698    102002.7029850792
519000    -10542.3815111316        91.1329358019      -439.7399377237    102002.7029850792
520000    -10542.6808784348        91.1129783340      -443.9315224993    102002.7029850792
521000    -10542.6377465727        91.1169878537      -447.4699717602    102002.7029850792
522000    -10543.0273139852        91.0825613816      -450.8938760327    102002.7029850792
523000    -10543.0020448356        91.0911182482      -450.1682270566    102002.7029850792
524000    -10543.2065720995        91.0772412061      -451.3271374639    102002.7029850792
525000    -10543.0865339473        91.0780874913      -451.2817467174    102002.7029850792
526000    -10542.9426273412        91.0812980655      -453.4544597144    102002.7029850792
527000    -10542.3431505328        91.1034610883      -452.9181433384    102002.7029850792
528000    -10542.3289354894        91.1088702106      -454.6673774577    102002.7029850792
529000    -10542.3482217892        91.1095627444      -456.0765622315    102002.7029850792
530000    -10542.4628804860        91.1035810975      -456.1556413121    102002.7029850792
531000    -10542.7706957862        91.0890501443      -455.6287660715    102002.7029850792
532000    -10543.1256882976        91.0827104528      -456.0392244022    102002.7029850792
533000    -10543.2392627741        91.0794568406      -455.9889116556    102002.7029850792
534000    -10543.4830132278        91.0655920657      -455.0091284554    102002.7029850792
535000    -10543.4706998812        91.0607562678      -454.1193523047    102002.7029850792
536000    -10543.5666985326        91.0576990596      -454.3936009927    102002.7029850792
537000    -10543.8078849347        91.0407210201      -454.5658545018    102002.7029850792
538000    -10543.7225188310        91.0458716266      -455.2330865428    102002.7029850792
539000    -10543.9094877681        91.0365256649      -455.3863324536    102002.7029850791
540000    -10543.8917178491        91.0318352254      -455.7874399478    102002.7029850791
541000    -10543.7346462591        91.0267162649      -455.3092329107    102002.7029850791
542000    -10543.6006488024        91.0354038799      -454.9386198244    102002.7029850791
543000    -10543.7560075529        91.0230355844      -455.6090962279    102002.7029850791
544000    -10543.5760413656        91.0278315840      -456.3194512068    102002.7029850791
545000    -10543.4465997466        91.0277717939      -456.5908464102    102002.7029850791
546000    -10543.3101872482        91.0312190722      -455.6010831382    102002.7029850791
547000    -10543.1653014374        91.0261877451      -456.7828888842    102002.7029850791
548000    -10542.8988962510        91.0356303850      -458.0478120274    102002.7029850791
549000    -10542.7922832906        91.0405932439      -459.9584019764    102002.7029850791
550000    -10542.9378368446        91.0323179872      -461.5434900262    102002.7029850791
551000    -10543.3143602524        91.0200767106      -463.0925635755    102002.7029850791
552000    -10543.4517486946        91.0123592233      -464.9252858742    102002.7029850791
553000    -10543.5147157112        91.0115939023      -466.3566353400    102002.7029850791
554000    -10543.6765938863        91.0035304490      -467.3240158185    102002.7029850791
555000    -10543.5389993063        91.0127419918      -468.7773435428    102002.7029850791
556000    -10543.4430029155        91.0186014310      -469.7701514707    102002.7029850791
557000    -10543.5726131983        91.0139463981      -470.2915647860    102002.7029850791
558000    -10543.6492833405        91.0098907972      -470.1704774503    102002.7029850791
559000    -10543.8615216701        91.0014671147      -470.3737189174    102002.7029850791
560000    -10543.9048075774        90.9999859137      -470.0418549692    102002.7029850791
561000    -10543.9309322571        90.9988431634      -470.0534499818    102002.7029850791
562000    -10543.9517516176        91.0015532697      -470.4627347070    102002.7029850791
563000    -10543.7889368891        91.0072018645      -470.7563776207    102002.7029850791
564000    -10543.9121261378        90.9991680766      -472.4208207974    102002.7029850791
565000    -10544.0687959004        90.9936899772      -473.4469619571    102002.7029850791
566000    -10544.1309115875        90.9937881179      -474.2604079220    102002.7029850791
567000    -10544.1562609636        90.9920415525      -475.9622013247    102002.7029850791
568000    -10544.1241549643        90.9943203599      -477.8390516509    102002.7029850791
569000    -10544.0876479196        90.9971747830      -480.0777384839    102002.7029850791
570000    -10544.0767675186        90.9997658825      -482.0514368481    102002.7029850791
571000    -10544.0272898874        91.0009564727      -482.5993876900    102002.7029850791
572000    -10544.0936452475        91.0007691363      -483.2128900961    102002.7029850791
573000    -10544.2093658764        90.9938772614      -484.4569058668    102002.7029850791
574000    -10544.0890502795        91.0036886174      -485.9840376555    102002.7029850791
575000    -10544.0592970167        91.0041081567      -486.9868351548    102002.7029850791
576000    -10544.0566470628        91.0012516254      -487.5526207659    102002.7029850791
577000    -10544.1326039075        90.9974621991      -488.5284514917    102002.7029850791
578000    -10544.2930769885        90.9880887470      -489.6681086618    102002.7029850791
579000    -10544.2937649350        90.9905956584      -490.4596159014    102002.7029850791
580000    -10544.2884868734        90.9887653101      -491.5437274664    102002.7029850791
581000    -10544.3305648714        90.9893772939      -492.5450844901    102002.7029850791
582000    -10544.2638666259        90.9922575552      -493.3638148509    102002.7029850791
583000    -10544.2028065236        90.9963481366      -493.0500837018    102002.7029850791
584000    -10544.2249408429        90.9973513005      -492.8701094542    102002.7029850791
585000    -10544.4140984502        90.9897804023      -493.6636475328    102002.7029850791
586000    -10544.3705143969        90.9908506745      -494.9067680250    102002.7029850791
587000    -10544.3069767504        90.9956265169      -495.3916491226    102002.7029850791
588000    -10544.4424927699        90.9923700978      -495.4135162448    102002.7029850791
589000    -10544.4853732082        90.9933664944      -495.3616264616    102002.7029850791
590000    -10544.5463697483        90.9918005642      -495.7613729302    102002.7029850791
591000    -10544.5246865309        90.9988480983      -496.2563027670    102002.7029850792
592000    -10544.6950256086        90.9951650378      -497.5319843994    102002.7029850792
593000    -10544.8740238463        90.9902890752      -498.4925005354    102002.7029850792
594000    -10544.9220676433        90.9906171697      -499.1669438129    102002.7029850792
595000    -10544.9746659203        90.9910426430      -499.4461228511    102002.7029850792
596000    -10545.0000157242        90.9947439341      -499.4514165721    102002.7029850792
597000    -10544.9677478736        90.9970789048      -499.2962605410    102002.7029850792
598000    -10545.0115494003        90.9951203650      -499.0741218608    102002.7029850792
599000    -10544.9284402588        90.9992955505      -499.2972168840    102002.7029850792
600000    -10544.9251132360        91.0034295715      -499.3943314052    102002.7029850792
601000    -10545.0082888838        91.0035126345      -499.7322382429    102002.7029850792
602000    -10544.9939232411        91.0050203126      -499.4225325181    102002.7029850792
603000    -10545.0677860424        91.0005745490      -499.6668260592    102002.7029850792
604000    -10545.0852396243        90.9995333266      -500.0644175641    102002.7029850793
605000    -10544.9588183775        91.0066597693      -499.7482787352    102002.7029850793
606000    -10544.8628932002        91.0101187774      -499.1030707076    102002.7029850793
607000    -10544.9423821625        91.0090687539      -498.7076382873    102002.7029850793
608000    -10544.9448686985        91.0079758215      -498.8033471269    102002.7029850793
609000    -10544.9584107766        91.0077939583      -499.3875020565    102002.7029850793
610000    -10544.9524186138        91.0107761450      -499.2642540894    102002.7029850793
611000    -10544.9447801163        91.0090593156      -499.3457866497    102002.7029850793
612000    -10545.0639865996        91.0043734601      -499.4292076050    102002.7029850793
613000    -10545.1828421763        91.0017117250      -498.8851118313    102002.7029850793
614000    -10545.1401688401        91.0057239087      -498.4103439104    102002.7029850793
615000    -10545.2218156347        91.0013419133      -498.1093759914    102002.7029850793
616000    -10545.2146236584        91.0022388656      -497.5667305358    102002.7029850793
617000    -10545.1997122288        91.0020982053      -496.8083051659    102002.7029850793
618000    -10545.1714648848        91.0025061349      -496.6728469537    102002.7029850793
619000    -10545.0993880302        91.0075838937      -496.1657995093    102002.7029850793
620000    -10545.0215630083        91.0096608201      -495.8098589721    102002.7029850793
621000    -10545.0525626934        91.0072741915      -495.6656810251    102002.7029850793
622000    -10545.0444704423        91.0081491866      -495.5492736825    102002.7029850794
623000    -10545.1203790796        91.0043119257      -495.3310017683    102002.7029850794
624000    -10545.0968543541        91.0056173204      -495.4765645975    102002.7029850794
625000    -10545.0866078308        91.0071488025      -496.0563503546    102002.7029850794
626000    -10545.0886051916        91.0061051014      -496.3175738948    102002.7029850794
627000    -10545.1241099934        91.0046529435      -496.5005502695    102002.7029850794
628000    -10545.2158027892        91.0022940030      -496.6819913091    102002.7029850794
629000    -10545.2232854966        91.0028059509      -496.7980977199    102002.7029850794
630000    -10545.2675746629        91.0013245165      -497.0669708506    102002.7029850794
631000    -10545.2953402289        91.0008905832      -497.6704794964    102002.7029850794
632000    -10545.2605398323        91.0042502431      -497.8660571464    102002.7029850794
633000    -10545.1630548397        91.0104838199      -497.4640608043    102002.7029850794
634000    -10545.1436327853        91.0126262164      -497.5837298103    102002.7029850794
635000    -10545.1589722062        91.0123596259      -497.3238481882    102002.7029850794
636000    -10545.1901593397        91.0117104991      -497.4476071459    102002.7029850794
637000    -10545.1254305692        91.0144330681      -497.8944095250    102002.7029850794
638000    -10545.1060455064        91.0157523106      -497.8663503938    102002.7029850794
639000    -10545.1781605192        91.0122135510      -497.6654217584    102002.7029850794
640000    -10545.1806628415        91.0126770713      -497.7144523497    102002.7029850794
641000    -10545.1439352017        91.0150322680      -497.7702035636    102002.7029850794
642000    -10545.1800834404        91.0142294874      -497.8488555932    102002.7029850794
643000    -10545.2616688894        91.0102297234      -497.8766632669    102002.7029850794
644000    -10545.3749380671        91.0059818261      -497.9070606385    102002.7029850794
645000    -10545.3717003491        91.0073434691      -497.8433096099    102002.7029850794
646000    -10545.3817948227        91.0072638238      -497.8718189609    102002.7029850795
647000    -10545.2966478561        91.0129367308      -497.8125701049    102002.7029850795
648000    -10545.2233186627        91.0164933506      -497.6382327928    102002.7029850795
649000    -10545.1788918841        91.0191364281      -497.5921229711    102002.7029850795
650000    -10545.2733160973        91.0168035587      -497.4932265702    102002.7029850795
651000    -10545.3019315355        91.0153114333      -497.4862496571    102002.7029850795
652000    -10545.3739761807        91.0140572986      -497.4823398227    102002.7029850795
653000    -10545.3565483940        91.0146677652      -497.4411491341    102002.7029850795
654000    -10545.3190547518        91.0161575030      -497.3572050214    102002.7029850795
655000    -10545.4106493956        91.0126682351      -497.1299061700    102002.7029850795
656000    -10545.4860519743        91.0096135919      -497.1010380976    102002.7029850795
657000    -10545.4759336588        91.0094899671      -497.0556916374    102002.7029850795
658000    -10545.4802938274        91.0109103969      -496.6748479275    102002.7029850795
659000    -10545.5039220989        91.0101470220      -496.5619571910    102002.7029850795
660000    -10545.5696158332        91.0087909512      -496.6380633969    102002.7029850795
661000    -10545.6709837060        91.0048545203      -496.7976116507    102002.7029850795
662000    -10545.6928863853        91.0057156481      -497.0110911261    102002.7029850795
663000    -10545.7004311139        91.0076978532      -497.3438974006    102002.7029850795
664000    -10545.7890858814        91.0055536863      -497.3568474588    102002.7029850795
665000    -10545.8606133994        91.0026911787      -497.2083089201    102002.7029850795
666000    -10545.9020220542        91.0027371809      -497.2589929269    102002.7029850795
667000    -10545.9186407522        91.0030093373      -497.1184159831    102002.7029850795
668000    -10545.8964764041        91.0034260152      -497.1275262123    102002.7029850795
669000    -10545.9226840768        91.0013584395      -497.1324235474    102002.7029850795
670000    -10545.9270958173        91.0011415102      -497.2346954201    102002.7029850795
671000    -10545.9595182917        91.0001060941      -497.5000129484    102002.7029850795
672000    -10545.9576317296        90.9994055748      -497.8654000080    102002.7029850795
673000    -10545.9283926181        90.9990971498      -498.0227831831    102002.7029850795
674000    -10545.9088274760        91.0004584321      -498.2064580795    102002.7029850794
675000    -10545.9006483354        90.9995422039      -498.2813865100    102002.7029850794
676000    -10545.8955659678        90.9979664990      -498.5463138857    102002.7029850794
677000    -10545.8823280346        90.9961682026      -498.4565456021    102002.7029850794
678000    -10545.8542339976        90.9958947921      -498.3502776237    102002.7029850794
679000    -10545.8379089921        90.9950630529      -498.3629017536    102002.7029850794
680000    -10545.7694064732        90.9960176201      -498.2323862210    102002.7029850794
681000    -10545.7030861852        90.9977893423      -497.7069162821    102002.7029850794
682000    -10545.6943860700        90.9980338981      -497.5747963553    102002.7029850794
683000    -10545.6286602526        91.0006478491      -497.6053601295    102002.7029850794
684000    -10545.6458343627        91.0005583879      -497.4675508147    102002.7029850794
685000    -10545.6557918439        90.9982933608      -497.1840750647    102002.7029850794
686000    -10545.6719931163        90.9974240025      -497.0468440033    102002.7029850794
687000    -10545.6954460626        90.9961906893      -496.9262253764    102002.7029850794
688000    -10545.7048332788        90.9966161441      -496.7931606954    102002.7029850793
689000    -10545.7647483526        90.9943460640      -496.8106742890    102002.7029850793
690000    -10545.6970504818        90.9957637220      -496.4287360170    102002.7029850793
691000    -10545.6987602447        90.9943516070      -496.2189680393    102002.7029850793
692000    -10545.6907733104        90.9928281488      -495.8422284016    102002.7029850793
693000    -10545.6901378278        90.9923853666      -495.6163881094    102002.7029850793
694000    -10545.6993149381        90.9914460465      -495.3056439144    102002.7029850793
695000    -10545.6762542606        90.9907269939      -494.9493392893    102002.7029850793
696000    -10545.6687855328        90.9899164160      -494.4398832308    102002.7029850793
697000    -10545.6744693192        90.9872915236      -493.9510501949    102002.7029850793
698000    -10545.6331419906        90.9876975584      -493.9072615512    102002.7029850793
699000    -10545.5623336947        90.9892123139      -493.7974408373    102002.7029850793
700000    -10545.4688837237        90.9919963904      -493.7203599028    102002.7029850793
701000    -10545.3625736602        90.9943076746      -494.0598735969    102002.7029850793
702000    -10545.3455340416        90.9923021900      -494.4088087262    102002.7029850793
703000    -10545.3743598145        90.9916392739      -494.6756051688    102002.7029850793
704000    -10545.3696384151        90.9912490526      -494.7172409583    102002.7029850792
705000    -10545.4072877909        90.9890781348      -494.8485310593    102002.7029850792
706000    -10545.4007511928        90.9885278658      -494.8715102190    102002.7029850792
707000    -10545.4204122162        90.9865804923      -495.1571759854    102002.7029850792
708000    -10545.3660399130        90.9892427477      -495.3455441622    102002.7029850792
709000    -10545.3530442230        90.9888887321      -495.1958722759    102002.7029850792
710000    -10545.4046179417        90.9866409138      -495.1846473500    102002.7029850792
711000    -10545.3784764724        90.9875931251      -495.2202872664    102002.7029850792
712000    -10545.3284944157        90.9885384131      -495.1020894700    102002.7029850792
713000    -10545.3255780051        90.9874490936      -495.0501063779    102002.7029850792
714000    -10545.3574667069        90.9845204221      -495.0283300556    102002.7029850792
715000    -10545.3194320993        90.9845579660      -495.2270822360    102002.7029850792
716000    -10545.2278443979        90.9874229020      -495.3179567618    102002.7029850792
717000    -10545.2268081535        90.9860522900      -495.1911262567    102002.7029850792
718000    -10545.2058977945        90.9859042390      -494.9547379439    102002.7029850792
719000    -10545.1803740466        90.9857961302      -495.0024002281    102002.7029850792
720000    -10545.1148382668        90.9876919893      -494.6078373680    102002.7029850792
721000    -10545.0739132943        90.9871243984      -494.6026359292    102002.7029850792
722000    -10545.0628410100        90.9851147730      -494.7900944852    102002.7029850792
723000    -10545.0537622279        90.9867985413      -494.9577170084    102002.7029850792
724000    -10545.0231592627        90.9868613005      -494.7009673592    102002.7029850791
725000    -10544.9660814383        90.9880705519      -494.4958904761    102002.7029850791
726000    -10544.9171045496        90.9884857604      -494.1227587778    102002.7029850791
727000    -10544.8880466607        90.9872022618      -493.9070471769    102002.7029850791
728000    -10544.8763728069        90.9860662429      -493.9440153569    102002.7029850791
729000    -10544.8043334917        90.9886642939      -493.6887229385    102002.7029850791
730000    -10544.7208224632        90.9907020867      -493.9141819984    102002.7029850791
731000    -10544.6537593322        90.9940367147      -494.0140227709    102002.7029850791
732000    -10544.6266078947        90.9936246210      -493.9063673497    102002.7029850791
733000    -10544.5815301716        90.9945483100      -493.7882533859    102002.7029850791
734000    -10544.5876590838        90.9925683075      -493.7038236341    102002.7029850791
735000    -10544.5533769239        90.9930264716      -493.7604945889    102002.7029850791
736000    -10544.5653326324        90.9921427564      -493.6566691853    102002.7029850791
737000    -10544.5292598961        90.9921811584      -493.4451716756    102002.7029850791
738000    -10544.4998601591        90.9919935008      -493.1648664966    102002.7029850791
739000    -10544.4737644981        90.9903551521      -492.9669416618    102002.7029850791
740000    -10544.4797334566        90.9901313305      -492.8376659724    102002.7029850791
741000    -10544.4650578576        90.9894012528      -492.6178655329    102002.7029850791
742000    -10544.4651525486        90.9885234477      -492.2948864990    102002.7029850791
743000    -10544.4728717674        90.9864396431      -492.0790077565    102002.7029850791
744000    -10544.4655597804        90.9861508847      -492.0490290260    102002.7029850791
745000    -10544.4291844856        90.9860711361      -491.7988443295    102002.7029850791
746000    -10544.3990951904        90.9865709096      -491.5638510314    102002.7029850791
747000    -10544.3688096439        90.9864816065      -491.2199910937    102002.7029850791
748000    -10544.3523260015        90.9846103922      -491.2101817025    102002.7029850790
749000    -10544.3080679712        90.9847121074      -491.2416114818    102002.7029850790
750000    -10544.2557922167        90.9860118316      -490.9410578187    102002.7029850790
751000    -10544.2465572725        90.9851423560      -490.6325412939    102002.7029850790
752000    -10544.1548054686        90.9868976181      -490.2326949879    102002.7029850790
753000    -10544.1076143745        90.9860273085      -490.0101789341    102002.7029850790
754000    -10544.0605406491        90.9859368474      -490.0215761950    102002.7029850790
755000    -10544.0322621693        90.9849463858      -490.0479204911    102002.7029850790
756000    -10544.0469262814        90.9829395435      -489.9585788470    102002.7029850790
757000    -10544.0759351081        90.9812960705      -489.8335976464    102002.7029850790
758000    -10544.0692859720        90.9811907247      -489.5684613835    102002.7029850790
759000    -10544.0446221971        90.9824732792      -489.3015559759    102002.7029850790
760000    -10544.0387983211        90.9819931853      -489.0741459518    102002.7029850790
761000    -10544.0434892059        90.9804991242      -488.6598371605    102002.7029850790
762000    -10544.0061024778        90.9812121228      -488.3597410992    102002.7029850790
763000    -10543.9604860921        90.9816248933      -488.0184569924    102002.7029850790
764000    -10543.9459900203        90.9821161341      -487.8229698003    102002.7029850790
765000    -10543.9122185540        90.9817164726      -487.6132236112    102002.7029850790
766000    -10543.9152159151        90.9805346637      -487.2240408197    102002.7029850790
767000    -10543.9164254792        90.9811952948      -486.9715806500    102002.7029850790
768000    -10543.9119767877        90.9818461388      -486.5651183618    102002.7029850790
769000    -10543.9533845433        90.9811222064      -486.2974409103    102002.7029850790
770000    -10543.9519061043        90.9817679866      -486.1043546281    102002.7029850790
771000    -10543.9514319882        90.9830229685      -486.0187278037    102002.7029850790
772000    -10543.9339026573        90.9837633289      -485.8916300975    102002.7029850790
773000    -10543.9085985158        90.9853601944      -485.9360507908    102002.7029850790
774000    -10543.8811981179        90.9865073419      -485.7920480559    102002.7029850790
775000    -10543.9072902015        90.9848410910      -485.8051435926    102002.7029850790
776000    -10543.9196251453        90.9839963322      -485.8190448589    102002.7029850790
777000    -10543.9783368092        90.9818199473      -485.7296938596    102002.7029850789
778000    -10543.9821425936        90.9820377609      -485.3892859185    102002.7029850789
779000    -10543.9628852031        90.9834325109      -485.2167348918    102002.7029850789
780000    -10543.9594048819        90.9835843101      -485.2084416556    102002.7029850789
781000    -10543.9330696719        90.9859915852      -485.0383217626    102002.7029850789
782000    -10543.9523619605        90.9858543017      -484.7105471820    102002.7029850789
783000    -10543.9547028976        90.9856156162      -484.3954225062    102002.7029850789
784000    -10543.9780413787        90.9847232556      -483.9136357250    102002.7029850789
785000    -10544.0219553962        90.9828932939      -483.5674866732    102002.7029850789
786000    -10544.0179092927        90.9837923686      -483.2449819333    102002.7029850789
787000    -10543.9787928611        90.9855291835      -483.0207471879    102002.7029850789
788000    -10544.0148873279        90.9835196488      -482.8248748713    102002.7029850789
789000    -10544.0017499584        90.9836890654      -482.4837484467    102002.7029850789
790000    -10543.9939456266        90.9840098027      -482.2513482058    102002.7029850789
791000    -10543.9825228172        90.9847990854      -482.3271829471    102002.7029850789
792000    -10543.9855223871        90.9851755484      -482.3579944985    102002.7029850789
793000    -10544.0225647995        90.9835772258      -482.1842563323    102002.7029850789
794000    -10544.0125005836        90.9837514952      -482.1006035360    102002.7029850789
795000    -10544.0371312671        90.9835186675      -481.9768345368    102002.7029850789
796000    -10544.0212701701        90.9845368197      -481.9833881154    102002.7029850789
797000    -10543.9829591275        90.9856338622      -481.9328747305    102002.7029850789
798000    -10543.9846039995        90.9859664759      -481.9285419731    102002.7029850789
799000    -10544.0349123106        90.9839385710      -481.9505208684    102002.7029850789
800000    -10544.0567920592        90.9831283719      -481.9488765470    102002.7029850789
801000    -10544.0567337124        90.9827233184      -481.9696224398    102002.7029850789
802000    -10544.0481307046        90.9831340174      -481.6852740956    102002.7029850789
803000    -10544.0530559678        90.9831012150      -481.5615585833    102002.7029850789
804000    -10544.0677413807        90.9823065155      -481.4611076500    102002.7029850789
805000    -10544.0682817045        90.9821326472      -481.5890489366    102002.7029850789
806000    -10544.0578458500        90.9824611664      -481.6658622735    102002.7029850789
807000    -10544.0347365910        90.9839565880      -481.7874608298    102002.7029850789
808000    -10544.0164181447        90.9849609826      -481.9212807960    102002.7029850789
809000    -10544.0435573450        90.9833523290      -481.9388817569    102002.7029850789
810000    -10544.0356767778        90.9838444734      -481.8947645017    102002.7029850789
811000    -10543.9928177936        90.9860361873      -481.7314509611    102002.7029850789
812000    -10544.0149402895        90.9848670475      -481.6275602475    102002.7029850789
813000    -10544.0252805934        90.9839186441      -481.5814727881    102002.7029850789
814000    -10544.0437556893        90.9822026433      -481.4237568833    102002.7029850789
815000    -10544.0431943118        90.9811608465      -481.2038471168    102002.7029850788
816000    -10544.0580804780        90.9808311393      -481.3330567109    102002.7029850788
817000    -10544.0475560551        90.9815361483      -481.2725312517    102002.7029850788
818000    -10544.0565606636        90.9810873498      -481.2459593036    102002.7029850788
819000    -10544.0406517096        90.9823461231      -481.2690528346    102002.7029850788
820000    -10544.0364593349        90.9824419029      -481.2033813624    102002.7029850788
821000    -10544.0600969090        90.9809933202      -481.1380063841    102002.7029850788
822000    -10544.0615896261        90.9803648197      -481.1075053323    102002.7029850788
823000    -10544.0395594588        90.9814010750      -481.0629783290    102002.7029850788
824000    -10544.0044358422        90.9822785857      -480.7865696032    102002.7029850788
825000    -10544.0377927399        90.9804311391      -480.5818188028    102002.7029850788
826000    -10544.0415887488        90.9793322503      -480.4929569077    102002.7029850788
827000    -10544.0405408600        90.9792669755      -480.5142817886    102002.7029850788
828000    -10544.0552839013        90.9790817765      -480.5104428196    102002.7029850788
829000    -10544.0319163464        90.9808618217      -480.2739659353    102002.7029850788
830000    -10544.0304517757        90.9801193206      -480.0195287023    102002.7029850788
831000    -10544.0139875260        90.9803661298      -480.1577468616    102002.7029850788
832000    -10544.0276053084        90.9791616140      -480.0879424104    102002.7029850788
833000    -10544.0200831326        90.9792586368      -480.1190611187    102002.7029850788
834000    -10544.0417404688        90.9773734236      -480.1078872608    102002.7029850788
835000    -10544.0331444535        90.9770368465      -479.9727536082    102002.7029850788
836000    -10544.0159940125        90.9782512388      -479.6629091434    102002.7029850788
837000    -10544.0212228228        90.9790752618      -479.5685261851    102002.7029850788
838000    -10544.0184334284        90.9790313000      -479.3445484062    102002.7029850788
839000    -10544.0420684667        90.9770983932      -479.2833175837    102002.7029850788
840000    -10544.0201787649        90.9781052889      -479.2231478037    102002.7029850788
841000    -10543.9956834566        90.9799140442      -479.1674467889    102002.7029850788
842000    -10544.0140913896        90.9791540865      -478.9703669499    102002.7029850788
843000    -10544.0375199232        90.9785616574      -479.0436092863    102002.7029850788
844000    -10544.0659520661        90.9773796055      -479.1236292962    102002.7029850788
845000    -10544.0447070600        90.9784429628      -479.0378492514    102002.7029850788
846000    -10544.0597739779        90.9768802865      -479.0047769387    102002.7029850788
847000    -10544.0888966279        90.9753564428      -478.8879454275    102002.7029850788
848000    -10544.0824607425        90.9753057612      -478.8755027679    102002.7029850788
849000    -10544.0548634602        90.9771938032      -478.8397406624    102002.7029850788
850000    -10544.0441027549        90.9776289655      -478.7336349492    102002.7029850788
851000    -10544.0490889078        90.9778880117      -478.6204979519    102002.7029850788
852000    -10544.0391258746        90.9776456013      -478.5350704513    102002.7029850788
853000    -10544.0131399371        90.9785112890      -478.4150773417    102002.7029850788
854000    -10544.0425135041        90.9773614290      -478.1604017561    102002.7029850788
855000    -10544.0469463761        90.9778718742      -477.8713755492    102002.7029850788
856000    -10544.0696288906        90.9769620704      -477.6170269925    102002.7029850788
857000    -10544.0778774600        90.9763455744      -477.3429081674    102002.7029850788
858000    -10544.0988277350        90.9751963049      -477.1618885379    102002.7029850788
859000    -10544.0939907425        90.9756292151      -476.9019015478    102002.7029850788
860000    -10544.1051639453        90.9760125735      -476.7398596329    102002.7029850788
861000    -10544.1284848299        90.9755264596      -476.6722867904    102002.7029850788
862000    -10544.1496584177        90.9751668471      -476.4802148680    102002.7029850788
863000    -10544.1682469059        90.9747651795      -476.3488690985    102002.7029850788
864000    -10544.2134541437        90.9733155556      -476.0714723928    102002.7029850788
865000    -10544.2319838348        90.9730578380      -475.8731272741    102002.7029850788
866000    -10544.2332355769        90.9736995577      -475.6179894089    102002.7029850788
867000    -10544.2756838998        90.9721629006      -475.4396955107    102002.7029850788
868000    -10544.2969709336        90.9714980603      -475.2305141123    102002.7029850788
869000    -10544.3185104402        90.9713040188      -475.0985490611    102002.7029850788
870000    -10544.2892730125        90.9733011757      -474.7332028040    102002.7029850787
871000    -10544.2869980504        90.9737323143      -474.4745436360    102002.7029850787
872000    -10544.2649297169        90.9744052621      -474.1755591394    102002.7029850787
873000    -10544.2534115176        90.9748358302      -474.0333577922    102002.7029850787
874000    -10544.2615492345        90.9751439657      -473.8233012421    102002.7029850787
875000    -10544.2736418609        90.9744054091      -473.6138578360    102002.7029850787
876000    -10544.2950909435        90.9731596155      -473.4315193364    102002.7029850787
877000    -10544.2888330425        90.9728920148      -473.1790919797    102002.7029850787
878000    -10544.2928166599        90.9734878815      -472.9938793196    102002.7029850787
879000    -10544.2976845944        90.9740342127      -472.7804855504    102002.7029850787
880000    -10544.3226792165        90.9733524817      -472.5548596821    102002.7029850787
881000    -10544.2968244509        90.9747597230      -472.2183272378    102002.7029850787
882000    -10544.3053185415        90.9741405902      -471.9650644565    102002.7029850787
883000    -10544.3255545851        90.9736995510      -471.7053779946    102002.7029850787
884000    -10544.3186328685        90.9746768232      -471.4285788316    102002.7029850787
885000    -10544.3376710807        90.9752244104      -471.2907481618    102002.7029850787
886000    -10544.3685544855        90.9742293512      -470.9685868927    102002.7029850787
887000    -10544.3837068058        90.9741944817      -470.8170626600    102002.7029850787
888000    -10544.4017424087        90.9746401496      -470.6404678461    102002.7029850787
889000    -10544.4086506037        90.9752995677      -470.5771261775    102002.7029850787
890000    -10544.4111730066        90.9763430588      -470.4303620983    102002.7029850787
891000    -10544.4121747612        90.9770059843      -470.2087484023    102002.7029850787
892000    -10544.4221027286        90.9772075018      -469.9421367668    102002.7029850787
893000    -10544.4102804072        90.9779817397      -469.7988772289    102002.7029850787
894000    -10544.4234894012        90.9779251033      -469.6997892475    102002.7029850787
895000    -10544.4551672827        90.9771296424      -469.5902717806    102002.7029850787
896000    -10544.4531587771        90.9778019987      -469.5931950449    102002.7029850787
897000    -10544.4304938659        90.9792436812      -469.5292615191    102002.7029850787
898000    -10544.4405918184        90.9795820738      -469.3594487891    102002.7029850787
899000    -10544.4454983419        90.9796998360      -469.2770378135    102002.7029850787
900000    -10544.4429210756        90.9804984410      -469.1961192278    102002.7029850787
901000    -10544.4666915402        90.9804233573      -469.2784483401    102002.7029850787
902000    -10544.4808837425        90.9800265594      -469.2695014511    102002.7029850787
903000    -10544.4991411445        90.9804167903      -469.1518750503    102002.7029850787
904000    -10544.4939574248        90.9814804884      -469.0873396162    102002.7029850787
905000    -10544.4902513145        90.9822912687      -469.0516213284    102002.7029850787
906000    -10544.5128568050        90.9815461950      -469.1146831360    102002.7029850787
907000    -10544.5427206382        90.9809521213      -468.9595697440    102002.7029850787
908000    -10544.5615382123        90.9806392186      -468.8717803979    102002.7029850787
909000    -10544.5771659934        90.9808497830      -468.6959182232    102002.7029850787
910000    -10544.5819828876        90.9812304141      -468.3902064580    102002.7029850787
911000    -10544.5793538865        90.9818118885      -468.3109503024    102002.7029850787
912000    -10544.5511120072        90.9825267375      -468.3243680530    102002.7029850787
913000    -10544.5826207105        90.9810418355      -468.3488064747    102002.7029850787
914000    -10544.5782808719        90.9812721327      -468.3738597728    102002.7029850787
915000    -10544.5663186636        90.9814511040      -468.4911984252    102002.7029850787
916000    -10544.5836927801        90.9814368329      -468.7686326994    102002.7029850787
917000    -10544.6201322842        90.9807966044      -468.7701516517    102002.7029850787
918000    -10544.6146242362        90.9813874665      -468.6996405191    102002.7029850787
919000    -10544.6239016527        90.9809950886      -468.6044301272    102002.7029850787
920000    -10544.6273676274        90.9816929168      -468.5135807335    102002.7029850787
921000    -10544.6496477691        90.9801024294      -468.3003520411    102002.7029850787
922000    -10544.6602741106        90.9802415804      -468.2210789011    102002.7029850787
923000    -10544.6809938363        90.9796800759      -468.1139428910    102002.7029850787
924000    -10544.6977245194        90.9793729426      -467.9644180903    102002.7029850787
925000    -10544.6915940294        90.9803180447      -467.8942578395    102002.7029850787
926000    -10544.6938369478        90.9810346593      -467.8583691814    102002.7029850787
927000    -10544.7382029908        90.9797249177      -467.7334902415    102002.7029850786
928000    -10544.7445817162        90.9809094559      -467.4714054224    102002.7029850786
929000    -10544.7496442649        90.9812080064      -467.3008416413    102002.7029850786
930000    -10544.7588619281        90.9813186649      -467.1529953915    102002.7029850786
931000    -10544.7987664988        90.9796349560      -467.1121124656    102002.7029850786
932000    -10544.8146263144        90.9798932334      -467.1560965431    102002.7029850786
933000    -10544.8029155095        90.9804919730      -467.0096319532    102002.7029850786
934000    -10544.8097257928        90.9804917546      -466.8733951843    102002.7029850786
935000    -10544.8066539238        90.9810142723      -466.8583538970    102002.7029850786
936000    -10544.8241081365        90.9801910196      -466.6801371083    102002.7029850786
937000    -10544.8153123036        90.9807354306      -466.5152270028    102002.7029850786
938000    -10544.8347646990        90.9802307741      -466.4397218534    102002.7029850786
939000    -10544.8510241406        90.9800621538      -466.3363768137    102002.7029850786
940000    -10544.8345323540        90.9810080266      -466.2546235335    102002.7029850786
941000    -10544.8477302571        90.9811306538      -466.3413174881    102002.7029850786
942000    -10544.8346748892        90.9814694114      -466.2450030139    102002.7029850786
943000    -10544.8043305657        90.9829214129      -466.2169791917    102002.7029850786
944000    -10544.7730204998        90.9837491586      -466.2151340071    102002.7029850786
945000    -10544.7500108983        90.9843545644      -466.0963041478    102002.7029850786
946000    -10544.7237043014        90.9845558391      -465.9194763614    102002.7029850786
947000    -10544.7117949841        90.9849995366      -465.8533353794    102002.7029850786
948000    -10544.7192264906        90.9848151023      -465.7228585357    102002.7029850786
949000    -10544.7204795145        90.9846645861      -465.6018912363    102002.7029850786
950000    -10544.7150255933        90.9849070369      -465.5515782982    102002.7029850786
951000    -10544.7263526838        90.9845946504      -465.3885920826    102002.7029850786
952000    -10544.7090109262        90.9852462396      -465.1995477834    102002.7029850786
953000    -10544.6988222316        90.9854678005      -465.0596503899    102002.7029850786
954000    -10544.7188545989        90.9844959739      -464.9863489997    102002.7029850786
955000    -10544.7206081836        90.9845416986      -464.9236779552    102002.7029850786
956000    -10544.6930416681        90.9858537458      -464.8200265167    102002.7029850786
957000    -10544.6851379263        90.9862307554      -464.8507810176    102002.7029850786
958000    -10544.7030298790        90.9851111482      -464.9249468229    102002.7029850786
959000    -10544.7009619951        90.9847441178      -465.0268532312    102002.7029850786
960000    -10544.6853556077        90.9854066011      -465.1241374962    102002.7029850786
961000    -10544.6737207695        90.9860371018      -465.2350880473    102002.7029850786
962000    -10544.6490954407        90.9869611390      -465.2191495935    102002.7029850786
963000    -10544.6798433056        90.9862102959      -465.1558941495    102002.7029850786
964000    -10544.6887905577        90.9858666943      -465.1513774837    102002.7029850786
965000    -10544.6998763688        90.9857545197      -465.2707495170    102002.7029850786
966000    -10544.6843946366        90.9873514240      -465.3216487162    102002.7029850786
967000    -10544.6710240431        90.9884554615      -465.3584800023    102002.7029850786
968000    -10544.6678060549        90.9892823174      -465.4683218347    102002.7029850786
969000    -10544.6603186508        90.9901286062      -465.4078914612    102002.7029850786
970000    -10544.6347515281        90.9913863314      -465.2261467705    102002.7029850786
971000    -10544.6335139666        90.9916001018      -465.0947775117    102002.7029850786
972000    -10544.6115616657        90.9921442936      -465.0038434065    102002.7029850786
973000    -10544.6067187058        90.9922632469      -464.9821460190    102002.7029850786
974000    -10544.5999884896        90.9924855476      -464.8598366724    102002.7029850786
975000    -10544.6055294780        90.9917823474      -464.7076930842    102002.7029850786
976000    -10544.6179808565        90.9907699834      -464.4796325744    102002.7029850786
977000    -10544.5923610584        90.9919383478      -464.2292837300    102002.7029850786
978000    -10544.5990311785        90.9920575059      -464.0321361248    102002.7029850786
979000    -10544.5929549627        90.9926379987      -463.8594251486    102002.7029850786
980000    -10544.5891101695        90.9928287014      -463.7473423092    102002.7029850786
981000    -10544.5636186759        90.9942412745      -463.7010777454    102002.7029850786
982000    -10544.5569733706        90.9947558604      -463.5436955640    102002.7029850786
983000    -10544.5433966398        90.9955853670      -463.4364883762    102002.7029850786
984000    -10544.5437616338        90.9961622431      -463.2709202994    102002.7029850786
985000    -10544.5433800105        90.9962006493      -463.1115815105    102002.7029850786
986000    -10544.5757373227        90.9954841596      -462.9577116843    102002.7029850786
987000    -10544.5904835165        90.9952985092      -462.8365380468    102002.7029850786
988000    -10544.6097504635        90.9948957554      -462.7376453561    102002.7029850786
989000    -10544.6311758125        90.9950384354      -462.5665026509    102002.7029850786
990000    -10544.6412879975        90.9952144053      -462.5073381645    102002.7029850786
991000    -10544.6353806720        90.9965358773      -462.4254523058    102002.7029850786
992000    -10544.6385181688        90.9972870958      -462.2482726895    102002.7029850786
993000    -10544.6763883848        90.9962206406      -462.1728558625    102002.7029850786
994000    -10544.7056453030        90.9955920945      -462.0802745158    102002.7029850786
995000    -10544.7243576634        90.9954458743      -462.0233402838    102002.7029850786
996000    -10544.7255881636        90.9960826005      -461.9099830481    102002.7029850786
997000    -10544.7461325886        90.9951933041      -461.8964590830    102002.7029850786
998000    -10544.7542067947        90.9948771641      -461.9158723668    102002.7029850786
999000    -10544.7427971012        90.9953526798      -461.8635906155    102002.7029850786
1000000    -10544.7385797309        90.9957079657      -461.7562345321    102002.7029850786
