# Time-averaged data for fix runningavgs
# TimeStep v_ra_etotal v_ra_temp v_ra_press v_ra_volume
502000     -7888.3489489159       129.0802672280      -833.6372313673    102002.7029850792
503000     -7874.0680495650       129.4366454851      -804.5869572674    102002.7029850792
504000     -7868.3218127492       129.8812573448      -805.9916812110    102002.7029850792
505000     -7870.6148088794       129.9641227712      -798.8518084583    102002.7029850792
506000     -7869.6792462350       130.0122001241      -805.1434610931    102002.7029850792
507000     -7868.2646467238       130.0621180594      -808.3056961716    102002.7029850792
508000     -7868.5569806410       130.1166053116      -798.8965217792    102002.7029850792
509000     -7869.6151682097       130.0286962685      -797.3444010528    102002.7029850792
510000     -7869.8492473211       130.0297168043      -805.8978050358    102002.7029850792
511000     -7869.4763540497       130.0161865306      -814.3003385368    102002.7029850792
512000     -7870.0391704000       129.9477946779      -817.4467996483    102002.7029850792
513000     -7869.3374025842       129.9526926079      -815.3558991449    102002.7029850792
514000     -7870.4258541550       129.8688607488      -816.5036816785    102002.7029850792
515000     -7869.3728854909       129.8846721361      -818.5228805673    102002.7029850792
516000     -7868.5119198842       129.9289619068      -820.3569573964    102002.7029850792
517000     -7868.4781359057       129.9444387646      -820.5143577790    102002.7029850792
518000     -7868.8626197251       129.9913730145      -819.2969411815    102002.7029850792
519000     -7869.3267156708       129.9772309003      -814.7486784047    102002.7029850792
520000     -7869.0030388208       129.9560827909      -813.5025565966    102002.7029850792
521000     -7869.3307702565       129.9408282908      -815.2357578360    102002.7029850792
522000     -7869.1821391148       129.9691150367      -817.1136936240    102002.7029850792
523000     -7869.1758154655       129.9809491094      -816.5485845512    102002.7029850792
524000     -7868.8757805077       130.0225396955      -816.7438809569    102002.7029850792
525000     -7869.0182295613       130.0250639018      -818.0340400436    102002.7029850792
526000     -7868.6311840379       130.0606235611      -819.5256678407    102002.7029850792
527000     -7868.4705531167       130.0685435386      -819.5524368530    102002.7029850792
528000     -7867.5541649551       130.0935651412      -821.0707800212    102002.7029850792
529000     -7866.9701724592       130.0905135008      -825.0425997094    102002.7029850792
530000     -7867.0295801552       130.1105913051      -828.9493463242    102002.7029850792
531000     -7866.9580134977       130.0942000248      -830.1631692805    102002.7029850792
532000     -7867.1157306123       130.0609117106      -831.1223187075    102002.7029850792
533000     -7866.8653367984       130.0880664914      -829.7989682111    102002.7029850792
534000     -7866.5245649112       130.1013908804      -830.8905361550    102002.7029850792
535000     -7866.7092734322       130.1081834492      -831.2261346582    102002.7029850792
536000     -7866.4692131922       130.1345023950      -830.6306658894    102002.7029850792
537000     -7866.1875749152       130.1496643815      -829.5878133904    102002.7029850792
538000     -7865.9437143936       130.1613840273      -829.3286571299    102002.7029850792
539000     -7865.6705312591       130.1689910613      -829.6525040221    102002.7029850791
540000     -7865.0415934047       130.1856017099      -831.0241591598    102002.7029850791
541000     -7865.2341259652       130.1802363231      -831.0535525434    102002.7029850791
542000     -7865.7202367702       130.1534607829      -828.9335238122    102002.7029850791
543000     -7865.4934739592       130.1677350038      -827.8592941234    102002.7029850791
544000     -7865.2804030617       130.1653009401      -826.7518463651    102002.7029850791
545000     -7865.3244250287       130.1610588419      -827.3248142349    102002.7029850791
546000     -7865.3089596194       130.1720264809      -828.1996159674    102002.7029850791
547000     -7865.6144347792       130.1621987900      -828.7658071462    102002.7029850791
548000     -7865.6362334248       130.1505932433      -829.5159186183    102002.7029850791
549000     -7865.8339708868       130.1529249622      -828.1614320951    102002.7029850791
550000     -7865.7199710759       130.1620180601      -827.4228911825    102002.7029850791
551000     -7865.8486522160       130.1486414014      -826.2109807545    102002.7029850791
552000     -7865.7617037628       130.1470712216      -825.3661311148    102002.7029850791
553000     -7865.7515098314       130.1536712745      -825.1281828343    102002.7029850791
554000     -7865.8710019629       130.1487368292      -824.6903797440    102002.7029850791
555000     -7866.2205625689       130.1346122041      -824.7101404525    102002.7029850791
556000     -7866.5802618610       130.1198925193      -824.6486817506    102002.7029850791
557000     -7867.0151022689       130.1019880511      -824.0126869574    102002.7029850791
558000     -7867.0081408290       130.1118414649      -823.7499836010    102002.7029850791
559000     -7866.7332475350       130.1177118119      -823.6199977584    102002.7029850791
560000     -7866.2707762255       130.1240481308      -823.6870032427    102002.7029850791
561000     -7866.1188583159       130.1276286970      -823.6537290514    102002.7029850791
562000     -7865.7995992377       130.1428762365      -823.3548294529    102002.7029850791
563000     -7865.8808119512       130.1466024625      -824.2758388569    102002.7029850791
564000     -7866.2221281798       130.1389807473      -824.6454634781    102002.7029850791
565000     -7866.2149850210       130.1461771498      -824.8702537725    102002.7029850791
566000     -7866.1853268189       130.1540485393      -824.7912661823    102002.7029850791
567000     -7866.1603818271       130.1509682474      -824.8002079579    102002.7029850791
568000     -7866.3842498010       130.1343976166      -824.5737937309    102002.7029850791
569000     -7866.1589333429       130.1426270129      -825.0653112494    102002.7029850791
570000     -7865.9871547638       130.1423030129      -825.1536239995    102002.7029850791
571000     -7865.9349168341       130.1423112345      -825.5293574818    102002.7029850791
572000     -7866.0282519573       130.1322318389      -825.3029666197    102002.7029850791
573000     -7865.8711810156       130.1365888909      -825.3449541005    102002.7029850791
574000     -7865.6833455393       130.1374649927      -825.1777745407    102002.7029850791
575000     -7865.8168151135       130.1345765649      -824.8661228226    102002.7029850791
576000     -7865.7752900151       130.1293550837      -824.4082566258    102002.7029850791
577000     -7865.6133655540       130.1303010353      -824.7166152751    102002.7029850791
578000     -7865.6718262790       130.1215775478      -824.5530998615    102002.7029850791
579000     -7865.6988317983       130.1286408722      -824.1791426189    102002.7029850791
580000     -7865.4306851578       130.1371071377      -824.2444998584    102002.7029850791
581000     -7865.3815411481       130.1336141493      -824.0066613116    102002.7029850791
582000     -7865.2547323055       130.1428862258      -823.0002944708    102002.7029850791
583000     -7865.1077783544       130.1468028834      -822.7193345312    102002.7029850791
584000     -7865.1363402086       130.1496467396      -822.3834359457    102002.7029850791
585000     -7864.9349767438       130.1628839041      -822.4702834350    102002.7029850791
586000     -7864.9664754819       130.1606117192      -821.9397796642    102002.7029850791
587000     -7864.9848455078       130.1642496286      -821.0158022610    102002.7029850791
588000     -7865.0278721205       130.1714092614      -820.4304604309    102002.7029850791
589000     -7865.2035219730       130.1646032262      -821.0062540507    102002.7029850791
590000     -7865.4226596201       130.1560137158      -820.0935015206    102002.7029850791
591000     -7865.6293294867       130.1524119446      -819.2247514025    102002.7029850792
592000     -7865.8168422551       130.1442361753      -818.6491012458    102002.7029850792
593000     -7865.9430200521       130.1393002414      -818.5591258507    102002.7029850792
594000     -7865.9519045324       130.1335516670      -818.9356097764    102002.7029850792
595000     -7865.9370881230       130.1388058996      -818.8395182695    102002.7029850792
596000     -7865.9296054096       130.1422711842      -818.4954290070    102002.7029850792
597000     -7866.0768595846       130.1337526799      -818.6502631718    102002.7029850792
598000     -7865.8933983025       130.1419454442      -818.8568639827    102002.7029850792
599000     -7865.8692121427       130.1347978695      -818.4399490595    102002.7029850792
600000     -7865.8834276091       130.1299146851      -818.2014967472    102002.7029850792
601000     -7865.8772543292       130.1275230054      -817.9901276500    102002.7029850792
602000     -7865.9217575255       130.1274667044      -818.0345172070    102002.7029850792
603000     -7866.1163374030       130.1161333023      -818.1724779755    102002.7029850792
604000     -7866.0723794505       130.1146484661      -818.0663031095    102002.7029850793
605000     -7866.0518814266       130.1138928891      -817.7102771416    102002.7029850793
606000     -7865.9748152548       130.1157161153      -817.4144493782    102002.7029850793
607000     -7865.8856874897       130.1123110236      -817.6599013122    102002.7029850793
608000     -7866.0298476994       130.1063730346      -817.7101958077    102002.7029850793
609000     -7866.2072499596       130.0952521522      -817.8878867927    102002.7029850793
610000     -7866.3090555886       130.0874365254      -817.4882854271    102002.7029850793
611000     -7866.3198613864       130.0826177725      -817.8687497452    102002.7029850793
612000     -7866.4378265173       130.0691957013      -817.6713078024    102002.7029850793
613000     -7866.4260670381       130.0666342907      -817.8030466193    102002.7029850793
614000     -7866.6298328700       130.0559329020      -817.4177778333    102002.7029850793
615000     -7866.6734192499       130.0490465758      -817.5029524512    102002.7029850793
616000     -7866.7258668411       130.0524106784      -817.2402872037    102002.7029850793
617000     -7866.7477122823       130.0550518810      -817.2868422689    102002.7029850793
618000     -7866.8415247134       130.0568305547      -817.4043642659    102002.7029850793
619000     -7866.8243201457       130.0567583681      -817.0841891905    102002.7029850793
620000     -7866.8608086225       130.0542356265      -816.3230123934    102002.7029850793
621000     -7866.8099032579       130.0584369321      -815.5757763023    102002.7029850793
622000     -7866.8733063340       130.0527876286      -815.4464075383    102002.7029850794
623000     -7866.8047052367       130.0519346806      -815.2028575643    102002.7029850794
624000     -7866.7397507063       130.0501708637      -814.8768682519    102002.7029850794
625000     -7866.6398366890       130.0568714582      -814.5696297576    102002.7029850794
626000     -7866.5278969452       130.0631529884      -814.5040477723    102002.7029850794
627000     -7866.5316282373       130.0629489225      -814.5967043246    102002.7029850794
628000     -7866.4273347906       130.0688618099      -814.3713858024    102002.7029850794
629000     -7866.4357420849       130.0657338003      -814.2801681770    102002.7029850794
630000     -7866.3599673359       130.0748907677      -814.0971618974    102002.7029850794
631000     -7866.3028111792       130.0792281405      -814.0968260845    102002.7029850794
632000     -7866.3120387477       130.0782862663      -813.8890329391    102002.7029850794
633000     -7866.3323597024       130.0779609791      -814.0468202852    102002.7029850794
634000     -7866.2943047121       130.0730758348      -813.8277221786    102002.7029850794
635000     -7866.2456170730       130.0766492487      -814.0448916547    102002.7029850794
636000     -7866.2567460118       130.0720068299      -813.7416932270    102002.7029850794
637000     -7866.3089350371       130.0726084551      -813.6765441949    102002.7029850794
638000     -7866.3748456740       130.0620099485      -814.0434552403    102002.7029850794
639000     -7866.2061471274       130.0709318196      -813.9349399334    102002.7029850794
640000     -7866.2443660354       130.0673109143      -814.1769500770    102002.7029850794
641000     -7866.3380411869       130.0626894484      -814.1524337627    102002.7029850794
642000     -7866.3489996926       130.0638537371      -813.8790266775    102002.7029850794
643000     -7866.5395547988       130.0569384353      -813.6005348977    102002.7029850794
644000     -7866.4692559858       130.0613300461      -813.5347121363    102002.7029850794
645000     -7866.5351746199       130.0603250741      -813.4586310365    102002.7029850794
646000     -7866.3573304467       130.0695048926      -813.5211423639    102002.7029850795
647000     -7866.2486387242       130.0730058942      -813.7195800016    102002.7029850795
648000     -7866.2602192264       130.0741780485      -814.1083660026    102002.7029850795
649000     -7866.2750905072       130.0777721644      -814.1648012550    102002.7029850795
650000     -7866.3164207603       130.0765705953      -814.1674761373    102002.7029850795
651000     -7866.3813583875       130.0741409549      -814.5774022074    102002.7029850795
652000     -7866.2916344063       130.0782465060      -814.7979203845    102002.7029850795
653000     -7866.3091221493       130.0790311884      -814.4248376385    102002.7029850795
654000     -7866.2079680712       130.0858798626      -814.4725892733    102002.7029850795
655000     -7866.1598371874       130.0881745793      -814.6695184146    102002.7029850795
656000     -7866.1879012192       130.0882657907      -815.0693571274    102002.7029850795
657000     -7866.2451020421       130.0863010633      -815.0633785201    102002.7029850795
658000     -7866.3127503422       130.0786390206      -815.1438473092    102002.7029850795
659000     -7866.2710233994       130.0822476551      -815.1331645739    102002.7029850795
660000     -7866.3734748194       130.0780475458      -815.0880126729    102002.7029850795
661000     -7866.3331615246       130.0848941756      -814.8762191331    102002.7029850795
662000     -7866.2241687754       130.0861099166      -815.1416806396    102002.7029850795
663000     -7866.2141903556       130.0889613771      -814.7921122536    102002.7029850795
664000     -7866.4092938180       130.0831317036      -814.4806147949    102002.7029850795
665000     -7866.5498153319       130.0794203782      -814.2529168437    102002.7029850795
666000     -7866.5621138886       130.0776392470      -814.1516506044    102002.7029850795
667000     -7866.5423479975       130.0762068932      -814.0085216221    102002.7029850795
668000     -7866.5912973401       130.0730924693      -814.2267807872    102002.7029850795
669000     -7866.6910021852       130.0719527602      -814.2676381044    102002.7029850795
670000     -7866.8118652276       130.0627943907      -814.2804154231    102002.7029850795
671000     -7866.8127914871       130.0612074040      -814.0438321343    102002.7029850795
672000     -7866.8717825323       130.0620521128      -813.6032426542    102002.7029850795
673000     -7866.9197580852       130.0590036683      -813.5289403827    102002.7029850795
674000     -7866.9425996772       130.0578886060      -813.6721000892    102002.7029850794
675000     -7866.9876087940       130.0586587059      -813.6559626104    102002.7029850794
676000     -7866.8841332782       130.0601536678      -813.9725595917    102002.7029850794
677000     -7866.8877064983       130.0611626100      -814.0720353733    102002.7029850794
678000     -7866.9537019213       130.0566273411      -814.1272871737    102002.7029850794
679000     -7866.9830120253       130.0560638800      -814.1700733703    102002.7029850794
680000     -7866.9923001300       130.0561239321      -814.0501868371    102002.7029850794
681000     -7867.0040516908       130.0563473945      -814.0987227825    102002.7029850794
682000     -7867.0376853725       130.0528465363      -814.3426794591    102002.7029850794
683000     -7867.0052671292       130.0559763945      -814.4727838686    102002.7029850794
684000     -7867.0893487906       130.0539045072      -814.3901383177    102002.7029850794
685000     -7867.1646755017       130.0497148328      -814.3693305093    102002.7029850794
686000     -7867.2498393150       130.0490416283      -814.0872211406    102002.7029850794
687000     -7867.3230129034       130.0456750544      -814.4014835355    102002.7029850794
688000     -7867.3552103899       130.0452747521      -814.1019012724    102002.7029850793
689000     -7867.3057063719       130.0466085325      -814.0232310384    102002.7029850793
690000     -7867.3623801684       130.0411037074      -813.7312352049    102002.7029850793
691000     -7867.3403215740       130.0438941412      -813.2094879474    102002.7029850793
692000     -7867.3198108468       130.0473352838      -812.9543385934    102002.7029850793
693000     -7867.3799866265       130.0499070660      -812.9773760935    102002.7029850793
694000     -7867.4243910858       130.0549274937      -812.8070408127    102002.7029850793
695000     -7867.3842712858       130.0547695581      -812.9580030033    102002.7029850793
696000     -7867.3207270934       130.0592670818      -812.7571561829    102002.7029850793
697000     -7867.3230015028       130.0593058072      -812.5292365053    102002.7029850793
698000     -7867.3401263581       130.0590637086      -812.1304531690    102002.7029850793
699000     -7867.3555021522       130.0566653275      -812.2121119036    102002.7029850793
700000     -7867.3381627643       130.0607197604      -812.3348921680    102002.7029850793
701000     -7867.3995736927       130.0587037195      -812.4416153979    102002.7029850793
702000     -7867.4683682213       130.0524592384      -813.1098952682    102002.7029850793
703000     -7867.4630312441       130.0540826045      -813.1598690636    102002.7029850793
704000     -7867.4542072775       130.0547177621      -812.9832599772    102002.7029850792
705000     -7867.3907759015       130.0559318148      -813.1634348271    102002.7029850792
706000     -7867.2750387511       130.0574098212      -813.0291083423    102002.7029850792
707000     -7867.1886181795       130.0554558223      -812.9522825636    102002.7029850792
708000     -7867.1776443212       130.0561272536      -812.9171140049    102002.7029850792
709000     -7867.1432170851       130.0568199556      -812.8360814916    102002.7029850792
710000     -7867.0906359171       130.0570188458      -813.0780864848    102002.7029850792
711000     -7867.1014523310       130.0560258513      -813.3393949108    102002.7029850792
712000     -7867.0475136393       130.0568360728      -813.6492335896    102002.7029850792
713000     -7867.1057127551       130.0534504710      -813.5512451845    102002.7029850792
714000     -7867.1787279566       130.0493822861      -813.3327794098    102002.7029850792
715000     -7867.1631995823       130.0516831676      -813.2773062673    102002.7029850792
716000     -7867.1613246463       130.0484645649      -813.5585566038    102002.7029850792
717000     -7867.1163492819       130.0521791209      -813.5191749546    102002.7029850792
718000     -7867.1572097097       130.0506462470      -813.6686585302    102002.7029850792
719000     -7867.1852702041       130.0507646000      -813.9341907109    102002.7029850792
720000     -7867.2363350229       130.0476974338      -813.8983632561    102002.7029850792
721000     -7867.2554209183       130.0445086791      -813.8280086980    102002.7029850792
722000     -7867.3123984187       130.0432196200      -813.8337562548    102002.7029850792
723000     -7867.3544150246       130.0447369976      -813.6386493167    102002.7029850792
724000     -7867.4212023607       130.0414224955      -813.5859987306    102002.7029850791
725000     -7867.4788459648       130.0378885123      -813.7257232448    102002.7029850791
726000     -7867.4892677716       130.0391412793      -813.9131062566    102002.7029850791
727000     -7867.3961051731       130.0412677994      -814.0344374128    102002.7029850791
728000     -7867.2891312493       130.0462969306      -814.0476702146    102002.7029850791
729000     -7867.2741068392       130.0488224363      -814.1367243716    102002.7029850791
730000     -7867.2580031004       130.0482204634      -814.5322262578    102002.7029850791
731000     -7867.2245420909       130.0499605372      -814.3440737215    102002.7029850791
732000     -7867.1598792271       130.0546613225      -814.2165622169    102002.7029850791
733000     -7867.2145349316       130.0521815328      -814.1957076910    102002.7029850791
734000     -7867.3245395977       130.0474728978      -814.2286158690    102002.7029850791
735000     -7867.4382949409       130.0426376770      -814.2479851540    102002.7029850791
736000     -7867.4378248595       130.0415079680      -814.1758791747    102002.7029850791
737000     -7867.4414355620       130.0426609445      -814.0468498382    102002.7029850791
738000     -7867.4977572249       130.0382581148      -813.9727310943    102002.7029850791
739000     -7867.5017258527       130.0362415733      -813.8298155788    102002.7029850791
740000     -7867.5775962292       130.0345909392      -813.6802318756    102002.7029850791
741000     -7867.6021798265       130.0344787236      -813.7231071380    102002.7029850791
742000     -7867.6309667312       130.0322447292      -813.5639834229    102002.7029850791
743000     -7867.5797985577       130.0301201814      -813.3594259037    102002.7029850791
744000     -7867.4722788641       130.0356786910      -813.2774713809    102002.7029850791
745000     -7867.4589641191       130.0355883867      -813.1052932373    102002.7029850791
746000     -7867.4472161946       130.0330620833      -813.1869050843    102002.7029850791
747000     -7867.3976404287       130.0359593434      -813.1305544865    102002.7029850791
748000     -7867.3747124906       130.0339944596      -813.0365771319    102002.7029850790
749000     -7867.3294967514       130.0351929551      -813.1838863492    102002.7029850790
750000     -7867.3706553844       130.0327704652      -813.1717023363    102002.7029850790
751000     -7867.3866387720       130.0303945219      -813.2324098976    102002.7029850790
752000     -7867.3924551652       130.0299043443      -813.4408013617    102002.7029850790
753000     -7867.3515059989       130.0311276678      -813.6777484840    102002.7029850790
754000     -7867.3786734473       130.0259178798      -813.6570540002    102002.7029850790
755000     -7867.3678968403       130.0240993642      -813.6647110720    102002.7029850790
756000     -7867.3406595638       130.0224764259      -813.7669656785    102002.7029850790
757000     -7867.3643957258       130.0208899112      -813.7782930733    102002.7029850790
758000     -7867.3715259714       130.0186266420      -813.8522090257    102002.7029850790
759000     -7867.3932037759       130.0150552144      -813.9281497567    102002.7029850790
760000     -7867.3478041000       130.0138486290      -814.0243772829    102002.7029850790
761000     -7867.2940331699       130.0149904287      -814.1675807204    102002.7029850790
762000     -7867.2251130289       130.0160417331      -814.0700815396    102002.7029850790
763000     -7867.1594890274       130.0182614415      -814.0320067128    102002.7029850790
764000     -7867.1512232448       130.0167146878      -814.0283365859    102002.7029850790
765000     -7867.1207857430       130.0169904823      -814.0786859467    102002.7029850790
766000     -7867.0725380377       130.0176650215      -814.0656455594    102002.7029850790
767000     -7867.0894382581       130.0165425857      -814.1317242949    102002.7029850790
768000     -7867.0249183130       130.0179898284      -814.2651246491    102002.7029850790
769000     -7867.0003233568       130.0187774842      -814.2207472776    102002.7029850790
770000     -7866.9859829327       130.0163818715      -814.3427660479    102002.7029850790
771000     -7866.9103741548       130.0169276656      -814.1754963514    102002.7029850790
772000     -7866.8512314580       130.0179856149      -814.1688713714    102002.7029850790
773000     -7866.7855912543       130.0204146130      -814.1679729088    102002.7029850790
774000     -7866.7299324226       130.0231847211      -814.5308048874    102002.7029850790
775000     -7866.7484340546       130.0217056502      -814.4896544419    102002.7029850790
776000     -7866.7357204513       130.0200595917      -814.4289625343    102002.7029850790
777000     -7866.7038926240       130.0205827817      -814.5179282568    102002.7029850789
778000     -7866.6904398429       130.0217767272      -814.3865523210    102002.7029850789
779000     -7866.6117768805       130.0259752875      -814.4473690319    102002.7029850789
780000     -7866.6295115021       130.0269997270      -814.3175074717    102002.7029850789
781000     -7866.6705374419       130.0240802227      -814.2229838312    102002.7029850789
782000     -7866.6578031470       130.0253533003      -814.0901594245    102002.7029850789
783000     -7866.6497870423       130.0245767461      -814.0719843979    102002.7029850789
784000     -7866.6307090998       130.0263048919      -814.1207736893    102002.7029850789
785000     -7866.6210953669       130.0261943927      -814.0584717627    102002.7029850789
786000     -7866.5396238437       130.0297807665      -813.9372738114    102002.7029850789
787000     -7866.4328942853       130.0322821427      -814.1325239783    102002.7029850789
788000     -7866.3369345907       130.0342027326      -813.9918751525    102002.7029850789
789000     -7866.3220210386       130.0317965354      -813.9408662342    102002.7029850789
790000     -7866.3013509693       130.0301182874      -813.9517640389    102002.7029850789
791000     -7866.2770206738       130.0296080053      -814.0411578524    102002.7029850789
792000     -7866.3139805193       130.0266281064      -813.9766029103    102002.7029850789
793000     -7866.3335829873       130.0252636707      -813.8320234331    102002.7029850789
794000     -7866.2982484029       130.0227470456      -813.8666559049    102002.7029850789
795000     -7866.2685946158       130.0224123903      -813.9837956871    102002.7029850789
796000     -7866.3270737932       130.0183457153      -814.0897695813    102002.7029850789
797000     -7866.3215916071       130.0173364845      -814.0398688712    102002.7029850789
798000     -7866.3406709627       130.0137623789      -814.1243964675    102002.7029850789
799000     -7866.2372711188       130.0177418097      -814.3022330236    102002.7029850789
800000     -7866.1957538725       130.0183129082      -814.3824615618    102002.7029850789
801000     -7866.1687606198       130.0185124862      -814.5091772034    102002.7029850789
802000     -7866.1099759612       130.0185181750      -814.6526613179    102002.7029850789
803000     -7866.0782345712       130.0196112544      -814.5900305404    102002.7029850789
804000     -7866.0587569303       130.0189315531      -814.5471834319    102002.7029850789
805000     -7866.1002650604       130.0152668640      -814.4329145784    102002.7029850789
806000     -7866.0767884923       130.0129653696      -814.5559024080    102002.7029850789
807000     -7866.0407324361       130.0150501945      -814.4856804343    102002.7029850789
808000     -7866.0458367800       130.0140490988      -814.4651105448    102002.7029850789
809000     -7866.0589702022       130.0108899856      -814.5399143169    102002.7029850789
810000     -7866.0289056543       130.0117187664      -814.6512609095    102002.7029850789
811000     -7865.9655815695       130.0122537940      -814.5046656989    102002.7029850789
812000     -7865.9134644390       130.0139951661      -814.5511645872    102002.7029850789
813000     -7865.8943972150       130.0117433928      -814.5768456207    102002.7029850789
814000     -7865.8662034526       130.0126744586      -814.6003918117    102002.7029850789
815000     -7865.8278535291       130.0137028659      -814.6114010387    102002.7029850788
816000     -7865.8136716209       130.0142153931      -814.5613893329    102002.7029850788
817000     -7865.7932344059       130.0145204952      -814.5695803061    102002.7029850788
818000     -7865.7948476130       130.0134844245      -814.4195742830    102002.7029850788
819000     -7865.7551529679       130.0143911543      -814.3043426068    102002.7029850788
820000     -7865.7434269301       130.0136400857      -814.1419197132    102002.7029850788
821000     -7865.7535670513       130.0126428254      -814.0091842340    102002.7029850788
822000     -7865.7295373073       130.0126588624      -813.8710657374    102002.7029850788
823000     -7865.6458161783       130.0152545632      -813.9004092896    102002.7029850788
824000     -7865.5912838324       130.0158163405      -813.9963636932    102002.7029850788
825000     -7865.5258107599       130.0189057418      -814.0979788310    102002.7029850788
826000     -7865.4743501543       130.0197884559      -813.9912652284    102002.7029850788
827000     -7865.4255650742       130.0211395926      -814.0194686471    102002.7029850788
828000     -7865.4278116503       130.0183750206      -814.0879689734    102002.7029850788
829000     -7865.3842849275       130.0181879717      -814.1522058124    102002.7029850788
830000     -7865.3514137381       130.0208694515      -814.0043830299    102002.7029850788
831000     -7865.4083152122       130.0186793423      -813.7506282055    102002.7029850788
832000     -7865.4468149397       130.0165859390      -813.6355530403    102002.7029850788
833000     -7865.4304829729       130.0172960345      -813.8036456508    102002.7029850788
834000     -7865.3988765690       130.0189783597      -813.9848933202    102002.7029850788
835000     -7865.3971318954       130.0162313128      -814.0279851383    102002.7029850788
836000     -7865.3942125630       130.0144060234      -814.0781253737    102002.7029850788
837000     -7865.3994827584       130.0146121143      -814.0708994935    102002.7029850788
838000     -7865.3525117771       130.0157338512      -814.1176030105    102002.7029850788
839000     -7865.3456557371       130.0150562160      -814.1598194714    102002.7029850788
840000     -7865.3154756387       130.0141675381      -814.1310892480    102002.7029850788
841000     -7865.3166849495       130.0165590344      -813.8844584464    102002.7029850788
842000     -7865.2984313091       130.0174717444      -813.9613355209    102002.7029850788
843000     -7865.2977914875       130.0179958558      -814.0708374383    102002.7029850788
844000     -7865.2479775790       130.0210335378      -814.0130368408    102002.7029850788
845000     -7865.1896002381       130.0232267536      -813.9972658147    102002.7029850788
846000     -7865.1616209244       130.0231764362      -813.9785936825    102002.7029850788
847000     -7865.1445606915       130.0249918851      -814.0266585387    102002.7029850788
848000     -7865.1248756770       130.0274937945      -814.0737344698    102002.7029850788
849000     -7865.1489841382       130.0267975101      -813.8727778749    102002.7029850788
850000     -7865.2247589549       130.0250674456      -813.7739317487    102002.7029850788
851000     -7865.2234809858       130.0244229227      -813.8999418843    102002.7029850788
852000     -7865.1950112605       130.0254412322      -813.8844706047    102002.7029850788
853000     -7865.2203688670       130.0222998153      -813.9802391795    102002.7029850788
854000     -7865.2365951616       130.0206721836      -813.9997540048    102002.7029850788
855000     -7865.2054361602       130.0223692612      -814.0999979455    102002.7029850788
856000     -7865.1990115278       130.0202006814      -814.0599316247    102002.7029850788
857000     -7865.2434605708       130.0181416996      -814.0340386554    102002.7029850788
858000     -7865.2429997903       130.0161214190      -813.8930981408    102002.7029850788
859000     -7865.2530962292       130.0145207329      -813.8787375399    102002.7029850788
860000     -7865.2598422559       130.0140173724      -813.9310947036    102002.7029850788
861000     -7865.2399843988       130.0138909288      -813.6984179464    102002.7029850788
862000     -7865.1569386099       130.0156813494      -813.7228484634    102002.7029850788
863000     -7865.1180540886       130.0151277877      -813.8015956434    102002.7029850788
864000     -7865.0597556403       130.0162500211      -813.6906503336    102002.7029850788
865000     -7865.0455521029       130.0136419708      -813.7426202473    102002.7029850788
866000     -7865.0181306207       130.0140881152      -813.7967908725    102002.7029850788
867000     -7865.0080780873       130.0136369451      -813.8427595893    102002.7029850788
868000     -7864.9718167014       130.0127246485      -813.8986153396    102002.7029850788
869000     -7864.8928746564       130.0129645572      -814.0320735877    102002.7029850788
870000     -7864.8630593869       130.0102617125      -814.0076028379    102002.7029850787
871000     -7864.8701976004       130.0095037766      -813.9754563578    102002.7029850787
872000     -7864.8729071074       130.0076642421      -814.0803878053    102002.7029850787
873000     -7864.8627059759       130.0078679914      -814.0701094036    102002.7029850787
874000     -7864.8030959561       130.0104918813      -814.1223452058    102002.7029850787
875000     -7864.7707796536       130.0112969408      -814.0596094148    102002.7029850787
876000     -7864.7446717646       130.0120595922      -813.8977016660    102002.7029850787
877000     -7864.6783211919       130.0146812356      -813.7742423547    102002.7029850787
878000     -7864.7063405673       130.0148290670      -813.6402660408    102002.7029850787
879000     -7864.6876333324       130.0159079704      -813.5358949978    102002.7029850787
880000     -7864.6901942317       130.0140720088      -813.4425133290    102002.7029850787
881000     -7864.6486287519       130.0129805176      -813.4476855159    102002.7029850787
882000     -7864.6076917281       130.0132297933      -813.3653068883    102002.7029850787
883000     -7864.6101937825       130.0120160648      -813.3094123648    102002.7029850787
884000     -7864.6095836842       130.0122730122      -813.2506521173    102002.7029850787
885000     -7864.5866690322       130.0126528299      -813.2095592507    102002.7029850787
886000     -7864.5433666933       130.0146149782      -813.2756466473    102002.7029850787
887000     -7864.5164382092       130.0142353219      -813.3294411820    102002.7029850787
888000     -7864.4969043668       130.0143167359      -813.2452870525    102002.7029850787
889000     -7864.4626322103       130.0144809823      -813.2963748293    102002.7029850787
890000     -7864.4792002267       130.0132981200      -813.4401835886    102002.7029850787
891000     -7864.4779966803       130.0119643764      -813.5803515599    102002.7029850787
892000     -7864.4924868204       130.0099807381      -813.5729410278    102002.7029850787
893000     -7864.4639773649       130.0095369112      -813.7132718832    102002.7029850787
894000     -7864.4473754419       130.0080178823      -813.7788245975    102002.7029850787
895000     -7864.4633437812       130.0054977794      -813.7992871739    102002.7029850787
896000     -7864.4585965339       130.0039359004      -813.7221309990    102002.7029850787
897000     -7864.4774653215       130.0035274240      -813.6613336727    102002.7029850787
898000     -7864.4492868504       130.0054943400      -813.6859348894    102002.7029850787
899000     -7864.4423712817       130.0046277212      -813.6607116911    102002.7029850787
900000     -7864.4716171554       130.0033101284      -813.6747151486    102002.7029850787
901000     -7864.4624354173       130.0034868169      -813.6609718440    102002.7029850787
902000     -7864.5047740182       130.0016323355      -813.8974161843    102002.7029850787
903000     -7864.4805686517       130.0021513872      -814.0698611179    102002.7029850787
904000     -7864.4792649695       130.0014083306      -814.1814211758    102002.7029850787
905000     -7864.5211159848       129.9999559012      -814.2371337481    102002.7029850787
906000     -7864.5322703683       129.9990713507      -814.2672050488    102002.7029850787
907000     -7864.5407809192       129.9980587854      -814.1099395631    102002.7029850787
908000     -7864.5494576304       129.9955017657      -814.1791988316    102002.7029850787
909000     -7864.5638714434       129.9938794614      -814.2823572192    102002.7029850787
910000     -7864.5641573849       129.9941595927      -814.2618073461    102002.7029850787
911000     -7864.5707514447       129.9937983514      -814.2654789932    102002.7029850787
912000     -7864.6445478991       129.9919715574      -814.1391527460    102002.7029850787
913000     -7864.6731048350       129.9914297794      -814.2076659308    102002.7029850787
914000     -7864.6850797408       129.9902711959      -814.1310635478    102002.7029850787
915000     -7864.6484904800       129.9898977026      -814.0011928249    102002.7029850787
916000     -7864.6635087969       129.9876729370      -813.8608524027    102002.7029850787
917000     -7864.6720314648       129.9868882521      -813.8276438812    102002.7029850787
918000     -7864.6571547349       129.9874643804      -813.7366721688    102002.7029850787
919000     -7864.6518538219       129.9876376556      -813.7044202366    102002.7029850787
920000     -7864.6118889181       129.9898352307      -813.7223072806    102002.7029850787
921000     -7864.6099762789       129.9902314868      -813.7596625787    102002.7029850787
922000     -7864.5951693083       129.9906782128      -813.6052383803    102002.7029850787
923000     -7864.5803080005       129.9903462671      -813.6782825282    102002.7029850787
924000     -7864.5359125474       129.9912194541      -813.9121090646    102002.7029850787
925000     -7864.4869946494       129.9930067046      -814.0204464952    102002.7029850787
926000     -7864.4768242086       129.9904766549      -814.0353683730    102002.7029850787
927000     -7864.4670380422       129.9893800221      -814.0218598919    102002.7029850786
928000     -7864.4301563773       129.9907510164      -814.0971379747    102002.7029850786
929000     -7864.3679773746       129.9937089142      -814.0921261886    102002.7029850786
930000     -7864.3656682288       129.9924989443      -814.1332387716    102002.7029850786
931000     -7864.3618350577       129.9926589182      -814.0158437378    102002.7029850786
932000     -7864.3630410496       129.9945538528      -813.9144728340    102002.7029850786
933000     -7864.4033264692       129.9935657949      -813.8379142420    102002.7029850786
934000     -7864.4171905389       129.9915136007      -813.8356177095    102002.7029850786
935000     -7864.3585415345       129.9918800678      -813.8611447097    102002.7029850786
936000     -7864.3056551257       129.9934277680      -813.7259201415    102002.7029850786
937000     -7864.2834974948       129.9937501157      -813.7075758175    102002.7029850786
938000     -7864.2890757370       129.9930982894      -813.6484780369    102002.7029850786
939000     -7864.3204026322       129.9907964559      -813.6599730491    102002.7029850786
940000     -7864.3086426072       129.9898544014      -813.7402954559    102002.7029850786
941000     -7864.3204122901       129.9895751801      -813.7200541865    102002.7029850786
942000     -7864.3449004455       129.9872622375      -813.7051275814    102002.7029850786
943000     -7864.3446961927       129.9866009650      -813.7325450244    102002.7029850786
944000     -7864.3293212202       129.9872313803      -813.8573726094    102002.7029850786
945000     -7864.3434763698       129.9867154297      -813.7326241816    102002.7029850786
946000     -7864.3368248374       129.9861069804      -813.9215716963    102002.7029850786
947000     -7864.2791420678       129.9888650483      -814.0936655445    102002.7029850786
948000     -7864.2490873530       129.9907707593      -814.0359004115    102002.7029850786
949000     -7864.2271219402       129.9934660530      -813.8470260889    102002.7029850786
950000     -7864.2491555153       129.9934027136      -813.8832839037    102002.7029850786
951000     -7864.2672328714       129.9935464815      -813.8005750951    102002.7029850786
952000     -7864.2881937605       129.9950471706      -813.7377000850    102002.7029850786
953000     -7864.3151380361       129.9948161481      -813.7725161794    102002.7029850786
954000     -7864.3235195844       129.9946509829      -813.7028573954    102002.7029850786
955000     -7864.3194136695       129.9953723575      -813.5454682956    102002.7029850786
956000     -7864.2508928636       129.9970327966      -813.6542036977    102002.7029850786
957000     -7864.2022632709       129.9976539155      -813.6218426352    102002.7029850786
958000     -7864.1773914108       129.9971775774      -813.5762499379    102002.7029850786
959000     -7864.1588815350       129.9974319489      -813.5765586962    102002.7029850786
960000     -7864.1242455474       129.9985424585      -813.7278344109    102002.7029850786
961000     -7864.1112570757       129.9989051192      -813.8504500554    102002.7029850786
962000     -7864.1374553639       129.9976979618      -813.7839565537    102002.7029850786
963000     -7864.1617733764       129.9975429284      -813.7007804139    102002.7029850786
964000     -7864.1454336559       129.9998448476      -813.6095083354    102002.7029850786
965000     -7864.1585563129       129.9998160528      -813.6032038689    102002.7029850786
966000     -7864.1295654818       130.0010110613      -813.5980692333    102002.7029850786
967000     -7864.1563628937       130.0004238227      -813.5287010913    102002.7029850786
968000     -7864.1554934689       129.9993838881      -813.5125661972    102002.7029850786
969000     -7864.1498326559       130.0006469496      -813.5285094169    102002.7029850786
970000     -7864.1359096140       130.0019100111      -813.6055373044    102002.7029850786
971000     -7864.1418178643       130.0012875448      -813.7133982605    102002.7029850786
972000     -7864.1771642843       130.0003750212      -813.7876694702    102002.7029850786
973000     -7864.1441541787       130.0017750443      -813.8047929788    102002.7029850786
974000     -7864.1176737831       130.0028794021      -814.0013137168    102002.7029850786
975000     -7864.0565501097       130.0055872761      -814.0992591109    102002.7029850786
976000     -7864.0582223593       130.0064451629      -814.0313517247    102002.7029850786
977000     -7864.0637987822       130.0060442320      -814.0037521025    102002.7029850786
978000     -7864.0760106222       130.0049946167      -813.8770640016    102002.7029850786
979000     -7864.1131536593       130.0036231797      -813.8733484371    102002.7029850786
980000     -7864.1724226963       130.0021192994      -813.8573356424    102002.7029850786
981000     -7864.2296707769       130.0011829625      -813.7670070588    102002.7029850786
982000     -7864.2484279455       130.0012274445      -813.7556758909    102002.7029850786
983000     -7864.2662874530       130.0027530505      -813.7569087562    102002.7029850786
984000     -7864.2791874944       130.0030806377      -813.8274346561    102002.7029850786
985000     -7864.2954124194       130.0013052294      -813.9521375323    102002.7029850786
986000     -7864.3284234703       130.0002752586      -813.9778054072    102002.7029850786
987000     -7864.3356143908       130.0003540091      -813.9132509851    102002.7029850786
988000     -7864.3672669083       129.9989012659      -813.8007804107    102002.7029850786
989000     -7864.3763343280       129.9970954999      -813.8457690799    102002.7029850786
990000     -7864.3465189913       129.9987458085      -813.9124680577    102002.7029850786
991000     -7864.3707008750       129.9976743826      -813.9923390269    102002.7029850786
992000     -7864.3889013794       129.9954619165      -814.0977858710    102002.7029850786
993000     -7864.3412299264       129.9969634420      -814.1420929401    102002.7029850786
994000     -7864.3479349402       129.9971136706      -814.1836734194    102002.7029850786
995000     -7864.3589882751       129.9954171759      -814.1505428331    102002.7029850786
996000     -7864.3340089394       129.9964326575      -814.3408752338    102002.7029850786
997000     -7864.3288614214       129.9963540221      -814.4473546636    102002.7029850786
998000     -7864.3086918522       129.9968406082      -814.5364477852    102002.7029850786
999000     -7864.2936963557       129.9967544698      -814.4644553516    102002.7029850786
1000000     -7864.2721528460       129.9980205306      -814.5525628909    102002.7029850786
