# Time-averaged data for fix runningavgs
# TimeStep v_ra_etotal v_ra_temp v_ra_press v_ra_volume
502000     -9966.4710947141       109.7392727934      -429.9096452949    102002.7029850792
503000     -9965.6702160575       109.5045804344      -407.4057860620    102002.7029850792
504000     -9961.6844486916       109.7765174033      -415.2605440550    102002.7029850792
505000     -9962.5621855214       109.8383176971      -417.1721344111    102002.7029850792
506000     -9961.7617007688       109.8825152567      -414.4532207612    102002.7029850792
507000     -9962.4173635050       109.8584433310      -415.0465329082    102002.7029850792
508000     -9961.8806251968       109.9004227595      -416.4705947428    102002.7029850792
509000     -9962.1022244554       109.9099493791      -414.9736224884    102002.7029850792
510000     -9960.8284558315       109.9897577895      -409.6034273401    102002.7029850792
511000     -9960.4068221026       110.0014340886      -411.0005010313    102002.7029850792
512000     -9960.0961295935       109.9992175692      -410.1103429763    102002.7029850792
513000     -9959.9892502160       109.9889797223      -406.0962529769    102002.7029850792
514000     -9959.8540426108       110.0216508616      -402.6371477660    102002.7029850792
515000     -9960.0794051937       110.0384013473      -400.7805522360    102002.7029850792
516000     -9961.1571484353       109.9691652303      -399.3724496204    102002.7029850792
517000     -9961.2764688534       109.9814760059      -397.1228214355    102002.7029850792
518000     -9961.5776677523       109.9884977350      -400.0139683357    102002.7029850792
519000     -9961.3485008995       110.0017331248      -401.1675616498    102002.7029850792
520000     -9962.0404715614       109.9663124348      -406.8844903842    102002.7029850792
521000     -9961.8514679893       109.9672772050      -413.2204259711    102002.7029850792
522000     -9961.9631572706       109.9604210528      -418.2953790954    102002.7029850792
523000     -9962.0611887396       109.9423369096      -421.1207034674    102002.7029850792
524000     -9962.0192485638       109.9308519193      -422.2548653285    102002.7029850792
525000     -9962.4052445679       109.9245852047      -428.1602196783    102002.7029850792
526000     -9962.4055460976       109.9312692307      -430.1806903015    102002.7029850792
527000     -9962.7545584999       109.9132937370      -431.8295355575    102002.7029850792
528000     -9962.6007593895       109.9221939167      -432.7534137721    102002.7029850792
529000     -9962.7422979789       109.9191699407      -432.5754256362    102002.7029850792
530000     -9962.8084052147       109.9205418247      -433.3844655353    102002.7029850792
531000     -9963.1191880487       109.9037591910      -434.7665596807    102002.7029850792
532000     -9963.3484057141       109.9005958700      -434.6721783885    102002.7029850792
533000     -9963.5070621685       109.8969104432      -436.5309192103    102002.7029850792
534000     -9963.2572049848       109.9163625964      -436.1188454387    102002.7029850792
535000     -9963.1818796694       109.9228759770      -436.1637718441    102002.7029850792
536000     -9963.0244487777       109.9341572838      -435.9534883213    102002.7029850792
537000     -9963.0041463136       109.9383214246      -434.7787111135    102002.7029850792
538000     -9962.6338910816       109.9588348964      -435.2298106391    102002.7029850792
539000     -9962.9692130518       109.9508385809      -437.5400748126    102002.7029850791
540000     -9963.1731570277       109.9429274035      -438.8392315870    102002.7029850791
541000     -9963.4448428632       109.9366462609      -439.3151232141    102002.7029850791
542000     -9963.5981187696       109.9391669663      -438.0928887666    102002.7029850791
543000     -9963.6155628349       109.9407949571      -436.8704182814    102002.7029850791
544000     -9963.6398308246       109.9446341326      -436.6931557510    102002.7029850791
545000     -9963.6287931992       109.9442974348      -437.5442934800    102002.7029850791
546000     -9963.5818266082       109.9507607990      -438.6624041606    102002.7029850791
547000     -9963.9994908789       109.9339048614      -439.0964277221    102002.7029850791
548000     -9964.0717761464       109.9380702991      -438.4583747826    102002.7029850791
549000     -9964.2979812773       109.9384215462      -439.1917093226    102002.7029850791
550000     -9964.2740937771       109.9442622062      -438.6736709213    102002.7029850791
551000     -9964.4721878197       109.9405881275      -439.8733246658    102002.7029850791
552000     -9964.5899670467       109.9419076119      -440.2257222292    102002.7029850791
553000     -9964.7691353164       109.9327775370      -441.5969989882    102002.7029850791
554000     -9964.6411950485       109.9325495476      -443.0453851471    102002.7029850791
555000     -9964.7717483418       109.9276160462      -444.5560698385    102002.7029850791
556000     -9964.9889032361       109.9212641419      -446.2952925277    102002.7029850791
557000     -9965.1669435594       109.9165442216      -449.2325425792    102002.7029850791
558000     -9965.3502145367       109.9048618287      -451.4330989259    102002.7029850791
559000     -9965.5385190062       109.9030186854      -453.7274900045    102002.7029850791
560000     -9965.9330015945       109.8838189722      -453.7887611265    102002.7029850791
561000     -9966.1056143193       109.8782961602      -454.0468192485    102002.7029850791
562000     -9966.0373856016       109.8851557053      -454.0185027561    102002.7029850791
563000     -9966.1770613653       109.8813343121      -453.4892036708    102002.7029850791
564000     -9966.3492507896       109.8774011875      -453.9877893431    102002.7029850791
565000     -9966.3979020658       109.8853030317      -453.8953104692    102002.7029850791
566000     -9966.5168071245       109.8845829204      -454.5274291684    102002.7029850791
567000     -9966.6967445779       109.8795815714      -455.7226098663    102002.7029850791
568000     -9966.9754984752       109.8732783797      -455.9505890052    102002.7029850791
569000     -9966.9971357914       109.8814854331      -456.0527467728    102002.7029850791
570000     -9966.9825817593       109.8875319285      -456.4099484216    102002.7029850791
571000     -9966.9961590201       109.8889287954      -456.3692024426    102002.7029850791
572000     -9967.1189476054       109.8914781746      -455.9410765948    102002.7029850791
573000     -9967.1481375227       109.8961778311      -455.3832904598    102002.7029850791
574000     -9967.0710423855       109.9020111904      -455.7961452656    102002.7029850791
575000     -9967.3121346970       109.8945644147      -457.7088691413    102002.7029850791
576000     -9967.2040097246       109.8999344179      -457.7780555197    102002.7029850791
577000     -9967.1519516061       109.9054445808      -458.0835766091    102002.7029850791
578000     -9967.1462436396       109.9115411269      -458.1928591255    102002.7029850791
579000     -9967.1547900733       109.9146217154      -459.3298515367    102002.7029850791
580000     -9967.2566381295       109.9134081349      -460.2198259521    102002.7029850791
581000     -9967.3748177955       109.9075875888      -460.5552251098    102002.7029850791
582000     -9967.2815881944       109.9107137336      -460.9778117304    102002.7029850791
583000     -9967.3803613615       109.9129378658      -460.9461459882    102002.7029850791
584000     -9967.4942194287       109.9073486492      -460.4795002080    102002.7029850791
585000     -9967.4550084216       109.9065356440      -460.1746535330    102002.7029850791
586000     -9967.3811465728       109.9061117948      -459.8263228134    102002.7029850791
587000     -9967.3214819449       109.9078593863      -460.0508178833    102002.7029850791
588000     -9967.1529477905       109.9158166414      -460.1552611834    102002.7029850791
589000     -9967.2753257115       109.9128702355      -460.3599923977    102002.7029850791
590000     -9967.1920600324       109.9167310924      -460.5258898692    102002.7029850791
591000     -9967.1530193131       109.9215062072      -461.5497490078    102002.7029850792
592000     -9967.1703888825       109.9243561226      -462.8315921072    102002.7029850792
593000     -9967.1475435851       109.9266383172      -463.9241721132    102002.7029850792
594000     -9967.1694133427       109.9279624091      -464.7869694453    102002.7029850792
595000     -9967.2602936280       109.9264322343      -464.7901906241    102002.7029850792
596000     -9967.3237243632       109.9232141812      -465.0358360433    102002.7029850792
597000     -9967.3431628457       109.9206416471      -465.9971155688    102002.7029850792
598000     -9967.2023194751       109.9268442458      -466.6818834469    102002.7029850792
599000     -9967.1103059273       109.9318157383      -467.3361941264    102002.7029850792
600000     -9966.9975200350       109.9376739061      -468.2135996035    102002.7029850792
601000     -9967.0918976052       109.9395002880      -468.8266014349    102002.7029850792
602000     -9967.1210389163       109.9415037374      -468.9782971969    102002.7029850792
603000     -9967.1969777849       109.9367168380      -469.4458276596    102002.7029850792
604000     -9967.1908634255       109.9366227218      -469.2924630606    102002.7029850793
605000     -9967.2666155394       109.9324414998      -469.5644343615    102002.7029850793
606000     -9967.3006884644       109.9307615464      -469.7902192081    102002.7029850793
607000     -9967.2985935553       109.9326001430      -469.4863364902    102002.7029850793
608000     -9967.3803495114       109.9268930015      -469.8819382402    102002.7029850793
609000     -9967.3524522310       109.9288286829      -469.8593509592    102002.7029850793
610000     -9967.3923432673       109.9267671609      -469.7141605512    102002.7029850793
611000     -9967.5097814410       109.9222235982      -469.3924825607    102002.7029850793
612000     -9967.4981249735       109.9259365783      -469.4146320167    102002.7029850793
613000     -9967.4827093661       109.9285194650      -470.1472064733    102002.7029850793
614000     -9967.4042877366       109.9323047135      -470.1721420467    102002.7029850793
615000     -9967.4754029711       109.9303192685      -470.3897685283    102002.7029850793
616000     -9967.5207876943       109.9300394223      -470.3419124469    102002.7029850793
617000     -9967.5469043502       109.9320065660      -470.0100795985    102002.7029850793
618000     -9967.5677946908       109.9345083902      -469.4835312628    102002.7029850793
619000     -9967.5337561036       109.9383437194      -469.4293990694    102002.7029850793
620000     -9967.4481691125       109.9439757651      -469.1561239647    102002.7029850793
621000     -9967.4084577351       109.9466061119      -469.2025350857    102002.7029850793
622000     -9967.4155250162       109.9474235576      -469.5398198888    102002.7029850794
623000     -9967.4201957017       109.9499096039      -469.6737129742    102002.7029850794
624000     -9967.3939378607       109.9503321868      -469.6207656757    102002.7029850794
625000     -9967.4479649228       109.9475002969      -468.6801743381    102002.7029850794
626000     -9967.5760876936       109.9432664229      -468.0951245234    102002.7029850794
627000     -9967.5274032054       109.9485894915      -468.1034397789    102002.7029850794
628000     -9967.4595790615       109.9538717744      -467.8911465633    102002.7029850794
629000     -9967.4814439577       109.9506138773      -468.3318233883    102002.7029850794
630000     -9967.4295112290       109.9502093420      -468.4307213195    102002.7029850794
631000     -9967.4570147961       109.9501270127      -468.9396750802    102002.7029850794
632000     -9967.5591117102       109.9468427942      -470.1700173588    102002.7029850794
633000     -9967.5699365020       109.9455313610      -470.2902258236    102002.7029850794
634000     -9967.5315176598       109.9444373445      -470.2045931784    102002.7029850794
635000     -9967.5492155485       109.9424187100      -470.3395752248    102002.7029850794
636000     -9967.5313885083       109.9434223662      -470.8157622422    102002.7029850794
637000     -9967.4893107521       109.9439452377      -471.1777782329    102002.7029850794
638000     -9967.5377313115       109.9412576253      -471.6913142992    102002.7029850794
639000     -9967.5527278720       109.9392928665      -471.8595990864    102002.7029850794
640000     -9967.6053651050       109.9352651467      -472.5265101511    102002.7029850794
641000     -9967.5413263543       109.9382941478      -473.1025081963    102002.7029850794
642000     -9967.4416512314       109.9419500879      -473.5293066047    102002.7029850794
643000     -9967.4223143485       109.9432013294      -474.5070045933    102002.7029850794
644000     -9967.2984555492       109.9480143484      -475.3037790452    102002.7029850794
645000     -9967.3542218596       109.9450354937      -475.4645195827    102002.7029850794
646000     -9967.4179716049       109.9433121392      -475.3250338706    102002.7029850795
647000     -9967.4535917501       109.9424868316      -475.0601838282    102002.7029850795
648000     -9967.4272474428       109.9443722457      -474.9297859285    102002.7029850795
649000     -9967.3878824269       109.9473483954      -474.6361253084    102002.7029850795
650000     -9967.4413086537       109.9463748926      -474.5695979094    102002.7029850795
651000     -9967.3940952686       109.9488227742      -474.3179601111    102002.7029850795
652000     -9967.4494576252       109.9488926519      -474.1635449142    102002.7029850795
653000     -9967.5855164050       109.9440045837      -474.5885234251    102002.7029850795
654000     -9967.6989882924       109.9388817333      -475.0504728775    102002.7029850795
655000     -9967.7316764112       109.9383833654      -474.8723344544    102002.7029850795
656000     -9967.7894571440       109.9368257602      -474.7460678512    102002.7029850795
657000     -9967.8179678190       109.9328727920      -474.4718013803    102002.7029850795
658000     -9967.8349497531       109.9323512116      -474.7045474142    102002.7029850795
659000     -9967.8395519645       109.9322038000      -474.8990660111    102002.7029850795
660000     -9967.8133571143       109.9316730895      -475.3917774719    102002.7029850795
661000     -9967.8614630905       109.9294597929      -475.9201349731    102002.7029850795
662000     -9967.8634803928       109.9286113954      -476.5698997374    102002.7029850795
663000     -9967.9466108814       109.9250926583      -476.9905178441    102002.7029850795
664000     -9967.9445680711       109.9256863592      -477.1356328891    102002.7029850795
665000     -9968.0330227514       109.9224579016      -477.6067263974    102002.7029850795
666000     -9968.0232804099       109.9228897700      -478.1890218703    102002.7029850795
667000     -9968.0557532213       109.9211759222      -477.9207976384    102002.7029850795
668000     -9967.9441856510       109.9268659237      -477.6028560174    102002.7029850795
669000     -9967.9817564465       109.9256513056      -477.9569877576    102002.7029850795
670000     -9967.9304621804       109.9305820346      -478.2097021422    102002.7029850795
671000     -9967.8765257383       109.9341353239      -478.2949692354    102002.7029850795
672000     -9967.8559325902       109.9368551013      -478.0757256589    102002.7029850795
673000     -9967.9241205700       109.9342839732      -477.8012587344    102002.7029850795
674000     -9968.0215578409       109.9304377030      -477.6168026382    102002.7029850794
675000     -9968.0271145009       109.9300391012      -477.2479788497    102002.7029850794
676000     -9968.0920276639       109.9250298683      -477.0738385035    102002.7029850794
677000     -9968.1428389869       109.9225522946      -476.9226310025    102002.7029850794
678000     -9968.1220744202       109.9225483677      -476.8838601895    102002.7029850794
679000     -9967.9877405848       109.9268085551      -476.8386484875    102002.7029850794
680000     -9967.8874696853       109.9289341861      -476.6395141129    102002.7029850794
681000     -9967.8778654324       109.9295178968      -476.7009778576    102002.7029850794
682000     -9967.8689078933       109.9277105267      -476.4865361859    102002.7029850794
683000     -9967.8548385039       109.9271820979      -476.8771292343    102002.7029850794
684000     -9967.8229766327       109.9282005273      -477.4699756870    102002.7029850794
685000     -9967.8058110277       109.9282665768      -477.9724633511    102002.7029850794
686000     -9967.7123318434       109.9322787583      -478.1779787528    102002.7029850794
687000     -9967.7007273490       109.9351534638      -478.2543469207    102002.7029850794
688000     -9967.6954347219       109.9353925811      -478.2513715149    102002.7029850793
689000     -9967.6361538635       109.9392440030      -477.5940186849    102002.7029850793
690000     -9967.6071325100       109.9407520070      -477.5847762727    102002.7029850793
691000     -9967.6373231929       109.9379777152      -477.9644492922    102002.7029850793
692000     -9967.6137528699       109.9369621449      -477.8492345214    102002.7029850793
693000     -9967.5771910201       109.9368504675      -477.6795645075    102002.7029850793
694000     -9967.5771408956       109.9363738965      -477.5287664549    102002.7029850793
695000     -9967.5765354340       109.9365774385      -477.4433436288    102002.7029850793
696000     -9967.6143135225       109.9341834905      -477.3429421891    102002.7029850793
697000     -9967.6258535575       109.9328984541      -477.3418192487    102002.7029850793
698000     -9967.5395757642       109.9350198021      -476.9115791111    102002.7029850793
699000     -9967.5217925838       109.9345121953      -476.6369704610    102002.7029850793
700000     -9967.4794447313       109.9365041860      -476.4906376117    102002.7029850793
701000     -9967.4444022268       109.9390360083      -476.5803669367    102002.7029850793
702000     -9967.4549887691       109.9379695950      -476.7354954622    102002.7029850793
703000     -9967.5213963093       109.9341768125      -476.9849049845    102002.7029850793
704000     -9967.5385048627       109.9329403002      -477.3471391570    102002.7029850792
705000     -9967.5476682855       109.9328740692      -477.1618912002    102002.7029850792
706000     -9967.5153075400       109.9336691608      -476.9434393871    102002.7029850792
707000     -9967.5324203345       109.9353014458      -476.8993420867    102002.7029850792
708000     -9967.5805906016       109.9339283985      -477.1075327884    102002.7029850792
709000     -9967.5878758961       109.9352726206      -477.1163439691    102002.7029850792
710000     -9967.5722564225       109.9388805700      -477.0276131516    102002.7029850792
711000     -9967.6741873495       109.9360819493      -476.9911063457    102002.7029850792
712000     -9967.6956182214       109.9355215393      -477.2239499986    102002.7029850792
713000     -9967.6603820768       109.9379256249      -477.2806566397    102002.7029850792
714000     -9967.6689955474       109.9378056649      -477.0033547330    102002.7029850792
715000     -9967.6402896016       109.9373905378      -476.7064950333    102002.7029850792
716000     -9967.5686530139       109.9400416184      -476.6891017575    102002.7029850792
717000     -9967.5472675769       109.9398101849      -476.7672227475    102002.7029850792
718000     -9967.5404491030       109.9407161991      -476.7913712898    102002.7029850792
719000     -9967.5496068006       109.9409800187      -476.6558627011    102002.7029850792
720000     -9967.5413109573       109.9412079665      -476.6443459705    102002.7029850792
721000     -9967.4659032602       109.9455312736      -476.4030644691    102002.7029850792
722000     -9967.4624175098       109.9447363652      -476.0079360950    102002.7029850792
723000     -9967.4733819889       109.9445550036      -475.7958766987    102002.7029850792
724000     -9967.4314337751       109.9463085412      -475.7907563671    102002.7029850791
725000     -9967.4570965585       109.9452240596      -476.0251787758    102002.7029850791
726000     -9967.4758032320       109.9449967555      -476.1308831272    102002.7029850791
727000     -9967.4210135849       109.9482226881      -476.1123704006    102002.7029850791
728000     -9967.3698572741       109.9508861602      -476.3317094195    102002.7029850791
729000     -9967.3565728622       109.9510966042      -476.3830919169    102002.7029850791
730000     -9967.3143742527       109.9509553050      -476.4995403637    102002.7029850791
731000     -9967.3363011467       109.9471590556      -476.4346811627    102002.7029850791
732000     -9967.2696459460       109.9475860593      -476.1769609498    102002.7029850791
733000     -9967.2783149335       109.9458818709      -475.9751773764    102002.7029850791
734000     -9967.2022755497       109.9449047797      -475.5259228065    102002.7029850791
735000     -9967.1672261831       109.9440067253      -475.0025958538    102002.7029850791
736000     -9967.0838017167       109.9467836146      -474.8425086485    102002.7029850791
737000     -9967.0380937861       109.9463632014      -474.6369771768    102002.7029850791
738000     -9967.0572619069       109.9434319812      -474.3278558439    102002.7029850791
739000     -9966.9827505371       109.9462451291      -474.2641405357    102002.7029850791
740000     -9966.9012407844       109.9491282828      -473.9623713662    102002.7029850791
741000     -9966.8563671549       109.9512702867      -473.7218601355    102002.7029850791
742000     -9966.8749261875       109.9521425083      -473.7746869107    102002.7029850791
743000     -9966.9002014937       109.9508434774      -473.7617194325    102002.7029850791
744000     -9966.9283362448       109.9482158941      -473.9619816921    102002.7029850791
745000     -9966.9155281791       109.9481741903      -474.0806018009    102002.7029850791
746000     -9966.9275661026       109.9467884252      -474.1305690750    102002.7029850791
747000     -9966.9222898771       109.9463866328      -473.9908801971    102002.7029850791
748000     -9966.8804256031       109.9476748381      -473.9397487874    102002.7029850790
749000     -9966.8387638353       109.9477775057      -473.9428434424    102002.7029850790
750000     -9966.8157800530       109.9489495442      -474.2575147525    102002.7029850790
751000     -9966.8459997969       109.9465095587      -474.5441569913    102002.7029850790
752000     -9966.7818106980       109.9485637360      -474.4969475655    102002.7029850790
753000     -9966.7086773230       109.9513883995      -474.2699955387    102002.7029850790
754000     -9966.6676997879       109.9500920479      -473.8081265191    102002.7029850790
755000     -9966.5954995285       109.9529301769      -473.7765274035    102002.7029850790
756000     -9966.5791957630       109.9518569298      -473.8682527052    102002.7029850790
757000     -9966.5011580406       109.9543978148      -474.0046737907    102002.7029850790
758000     -9966.3963093979       109.9571005953      -473.9856968219    102002.7029850790
759000     -9966.3231577611       109.9581962625      -473.9613329208    102002.7029850790
760000     -9966.3127206996       109.9565109555      -474.0288138368    102002.7029850790
761000     -9966.2847716830       109.9563649461      -473.9519606228    102002.7029850790
762000     -9966.2125569721       109.9583677746      -473.9564951256    102002.7029850790
763000     -9966.2049758958       109.9602371979      -473.9972204292    102002.7029850790
764000     -9966.2073963302       109.9600128860      -474.2151346345    102002.7029850790
765000     -9966.1624737794       109.9616373634      -474.5827906550    102002.7029850790
766000     -9966.1313967220       109.9618973559      -474.6331394195    102002.7029850790
767000     -9966.1506299100       109.9596116316      -474.7697204617    102002.7029850790
768000     -9966.1702790512       109.9579398187      -475.1556962432    102002.7029850790
769000     -9966.1218477658       109.9610783228      -475.6901024628    102002.7029850790
770000     -9966.1196379562       109.9613048287      -475.7703173765    102002.7029850790
771000     -9966.1247306030       109.9599400981      -475.9079440330    102002.7029850790
772000     -9966.1061912147       109.9606219562      -476.0230638599    102002.7029850790
773000     -9966.0663336361       109.9623349467      -476.1833896094    102002.7029850790
774000     -9966.0445169522       109.9634313099      -476.3329044432    102002.7029850790
775000     -9966.0676451802       109.9625395291      -476.5068728187    102002.7029850790
776000     -9966.0827155840       109.9617130574      -476.5695391126    102002.7029850790
777000     -9966.0906927883       109.9600943979      -476.6005099163    102002.7029850789
778000     -9966.0915705330       109.9602448267      -476.8394642526    102002.7029850789
779000     -9966.0512154980       109.9607792500      -477.1315460245    102002.7029850789
780000     -9966.0200787156       109.9621648603      -477.5274689555    102002.7029850789
781000     -9965.9906180478       109.9634321672      -477.6091749617    102002.7029850789
782000     -9965.9770559959       109.9640316812      -477.7005031243    102002.7029850789
783000     -9965.9700071691       109.9642177000      -478.0396031874    102002.7029850789
784000     -9966.0192492394       109.9618598685      -478.3449538266    102002.7029850789
785000     -9966.0152656336       109.9618782773      -478.3163168141    102002.7029850789
786000     -9965.9718290422       109.9622796722      -478.4620583507    102002.7029850789
787000     -9965.9589926440       109.9604370623      -478.4574796117    102002.7029850789
788000     -9965.9832108950       109.9597174766      -478.3963490877    102002.7029850789
789000     -9965.9582117421       109.9604898705      -478.1612931775    102002.7029850789
790000     -9965.9314625588       109.9610795133      -477.9461983226    102002.7029850789
791000     -9965.9338753231       109.9613746441      -477.9171804684    102002.7029850789
792000     -9965.9026258396       109.9624317404      -477.7054188599    102002.7029850789
793000     -9965.9143676703       109.9613835606      -477.8633739414    102002.7029850789
794000     -9965.8802142141       109.9631764271      -477.9722449958    102002.7029850789
795000     -9965.8441135498       109.9645855236      -477.8970354309    102002.7029850789
796000     -9965.8346720640       109.9650318186      -478.0094805032    102002.7029850789
797000     -9965.8154239641       109.9669458805      -478.2105137301    102002.7029850789
798000     -9965.7497872412       109.9700635349      -478.2310265775    102002.7029850789
799000     -9965.7515217547       109.9703035338      -478.1156399686    102002.7029850789
800000     -9965.7071446927       109.9717275335      -478.0500242936    102002.7029850789
801000     -9965.6953959079       109.9715973327      -477.8587682708    102002.7029850789
802000     -9965.6962480428       109.9716604759      -477.9389089383    102002.7029850789
803000     -9965.6609603532       109.9738191152      -477.7418522635    102002.7029850789
804000     -9965.6536919886       109.9739980351      -477.6437394239    102002.7029850789
805000     -9965.6063071840       109.9766520897      -477.4846321406    102002.7029850789
806000     -9965.6246232935       109.9766469202      -477.4587720736    102002.7029850789
807000     -9965.6520701489       109.9760366932      -477.4075767659    102002.7029850789
808000     -9965.6145773882       109.9769167716      -477.1917885128    102002.7029850789
809000     -9965.5714753376       109.9788122799      -476.8708362757    102002.7029850789
810000     -9965.5849909065       109.9775716245      -476.7702936727    102002.7029850789
811000     -9965.5809703617       109.9770579602      -476.8057778670    102002.7029850789
812000     -9965.5217676623       109.9798519862      -476.7133877247    102002.7029850789
813000     -9965.4636325329       109.9822878026      -476.5836353332    102002.7029850789
814000     -9965.4712357142       109.9821379872      -476.5232374685    102002.7029850789
815000     -9965.4458927609       109.9842359046      -476.2899235631    102002.7029850788
816000     -9965.4081944283       109.9859755126      -476.1136847643    102002.7029850788
817000     -9965.3985449607       109.9857533290      -476.0102955950    102002.7029850788
818000     -9965.3458822578       109.9885969142      -475.8308652649    102002.7029850788
819000     -9965.3154520162       109.9898370331      -475.7411091663    102002.7029850788
820000     -9965.3073407216       109.9887990919      -475.6719016935    102002.7029850788
821000     -9965.2248462034       109.9915930950      -475.5936053330    102002.7029850788
822000     -9965.1511442204       109.9932327174      -475.4437042485    102002.7029850788
823000     -9965.1098953760       109.9935637349      -475.2874992462    102002.7029850788
824000     -9965.1079526849       109.9931489581      -475.1556963853    102002.7029850788
825000     -9965.0574525021       109.9941929941      -474.9455152005    102002.7029850788
826000     -9965.0544894029       109.9932622981      -474.6671141532    102002.7029850788
827000     -9965.0571290556       109.9928463001      -474.4102647245    102002.7029850788
828000     -9964.9838549692       109.9950206325      -474.1438488923    102002.7029850788
829000     -9964.9388791922       109.9955064303      -473.9344499410    102002.7029850788
830000     -9964.9556912319       109.9942692466      -473.7759006126    102002.7029850788
831000     -9964.9440645333       109.9942628662      -473.6997100776    102002.7029850788
832000     -9964.9276507665       109.9948413325      -473.5116641839    102002.7029850788
833000     -9964.8996389567       109.9963634274      -473.1434331542    102002.7029850788
834000     -9964.8633106995       109.9977704211      -472.8548073242    102002.7029850788
835000     -9964.8991217274       109.9957784947      -472.5095793341    102002.7029850788
836000     -9964.8883379378       109.9949492940      -472.3110817520    102002.7029850788
837000     -9964.8471780052       109.9968875161      -472.1080756617    102002.7029850788
838000     -9964.8188266631       109.9993123704      -471.9971486854    102002.7029850788
839000     -9964.8463973607       109.9979493900      -471.9699092005    102002.7029850788
840000     -9964.8361694515       109.9985456122      -471.8274837299    102002.7029850788
841000     -9964.8583051500       109.9985273159      -471.6525524656    102002.7029850788
842000     -9964.8564694754       109.9986954592      -471.6143934731    102002.7029850788
843000     -9964.8539012120       109.9993019453      -471.7014157888    102002.7029850788
844000     -9964.8491200163       109.9995073427      -471.6950785005    102002.7029850788
845000     -9964.8014422686       110.0008949229      -471.5242913745    102002.7029850788
846000     -9964.8248851645       109.9996109621      -471.4411770472    102002.7029850788
847000     -9964.8230035090       109.9976245648      -471.1344291734    102002.7029850788
848000     -9964.7879768504       109.9988875004      -470.8802841934    102002.7029850788
849000     -9964.7612732513       109.9986284670      -470.8300172267    102002.7029850788
850000     -9964.7253272317       110.0001522724      -470.7100547225    102002.7029850788
851000     -9964.7387974831       109.9991680120      -470.6231079605    102002.7029850788
852000     -9964.7794747142       109.9965395384      -470.5724167911    102002.7029850788
853000     -9964.8093432726       109.9951589522      -470.7584768496    102002.7029850788
854000     -9964.8095574904       109.9951931143      -470.8823760768    102002.7029850788
855000     -9964.8588100833       109.9938506908      -470.7999813010    102002.7029850788
856000     -9964.8639677759       109.9927892804      -470.8047676426    102002.7029850788
857000     -9964.8574618477       109.9921103232      -470.8085432345    102002.7029850788
858000     -9964.8151303659       109.9936922338      -470.6678331369    102002.7029850788
859000     -9964.8003973066       109.9941335194      -470.6629347329    102002.7029850788
860000     -9964.7966556943       109.9939881316      -470.6235160826    102002.7029850788
861000     -9964.7715237556       109.9939670407      -470.5448753087    102002.7029850788
862000     -9964.7138304532       109.9959522739      -470.6580444342    102002.7029850788
863000     -9964.6837250945       109.9962105066      -470.5758914887    102002.7029850788
864000     -9964.6359581850       109.9973297362      -470.4279122668    102002.7029850788
865000     -9964.6182376953       109.9971311840      -470.3569911824    102002.7029850788
866000     -9964.5970746721       109.9974396065      -470.2061087054    102002.7029850788
867000     -9964.5821865319       109.9973458403      -470.1425239263    102002.7029850788
868000     -9964.5536510846       109.9976876534      -469.9744306741    102002.7029850788
869000     -9964.5332319736       109.9980910675      -470.0168913661    102002.7029850788
870000     -9964.4733327712       109.9997590786      -469.9223099632    102002.7029850787
871000     -9964.4521002251       110.0001529669      -469.9208764503    102002.7029850787
872000     -9964.4431974980       110.0001239236      -469.8517305690    102002.7029850787
873000     -9964.4388154557       110.0005015509      -469.8563430220    102002.7029850787
874000     -9964.4673193411       109.9986672935      -469.8814887214    102002.7029850787
875000     -9964.4491849971       109.9985550188      -470.0946871442    102002.7029850787
876000     -9964.4155637759       110.0010293863      -470.4056805330    102002.7029850787
877000     -9964.4387210375       110.0011438683      -470.5208864391    102002.7029850787
878000     -9964.4489962243       110.0022677326      -470.6996767717    102002.7029850787
879000     -9964.4455534622       110.0030987606      -471.0661745739    102002.7029850787
880000     -9964.4763721443       110.0029199379      -471.3242455136    102002.7029850787
881000     -9964.4425749378       110.0037170930      -471.3692661772    102002.7029850787
882000     -9964.4540425957       110.0032647368      -471.4655293325    102002.7029850787
883000     -9964.4378606917       110.0029423884      -471.6658735978    102002.7029850787
884000     -9964.4602024263       110.0014587798      -471.8440510049    102002.7029850787
885000     -9964.4432433654       110.0011192292      -471.8590112681    102002.7029850787
886000     -9964.3978546614       110.0018900153      -471.8132895519    102002.7029850787
887000     -9964.3887375212       110.0006551004      -472.0169511981    102002.7029850787
888000     -9964.3614226971       110.0011479273      -472.0968042075    102002.7029850787
889000     -9964.3463926850       110.0004332025      -472.4470310882    102002.7029850787
890000     -9964.2912226904       110.0018518274      -472.5221059888    102002.7029850787
891000     -9964.2497263369       110.0026517269      -472.5024636802    102002.7029850787
892000     -9964.2440160104       110.0027238861      -472.5880739291    102002.7029850787
893000     -9964.2398750947       110.0032478377      -472.4798240136    102002.7029850787
894000     -9964.2321819498       110.0034773161      -472.2828614951    102002.7029850787
895000     -9964.2347722153       110.0024638167      -472.1593895108    102002.7029850787
896000     -9964.1785162389       110.0045712915      -472.0321079564    102002.7029850787
897000     -9964.1811287140       110.0036813413      -471.9990631711    102002.7029850787
898000     -9964.1260668768       110.0057337081      -471.9117896060    102002.7029850787
899000     -9964.1409848437       110.0047733046      -471.9172918691    102002.7029850787
900000     -9964.1386578558       110.0036014334      -471.8847673000    102002.7029850787
901000     -9964.1343322976       110.0031589437      -471.6787142796    102002.7029850787
902000     -9964.1182699363       110.0037852208      -471.5173766035    102002.7029850787
903000     -9964.1252665836       110.0040406341      -471.6096058714    102002.7029850787
904000     -9964.1280723551       110.0047012327      -471.5397230850    102002.7029850787
905000     -9964.1458227659       110.0040596291      -471.7036547086    102002.7029850787
906000     -9964.1731322334       110.0024407580      -471.8586834595    102002.7029850787
907000     -9964.1748595140       110.0021023221      -471.9756673226    102002.7029850787
908000     -9964.1865634204       110.0014190829      -472.0370495541    102002.7029850787
909000     -9964.1822226179       110.0015491120      -472.0572606612    102002.7029850787
910000     -9964.1715125776       110.0023707481      -471.9775491767    102002.7029850787
911000     -9964.1916438350       110.0014263676      -471.8932218511    102002.7029850787
912000     -9964.1635824245       110.0027800458      -471.6891420677    102002.7029850787
913000     -9964.1691847214       110.0033631217      -471.7313533600    102002.7029850787
914000     -9964.1736479082       110.0037003937      -471.7717599483    102002.7029850787
915000     -9964.1732578913       110.0030173257      -471.7451391142    102002.7029850787
916000     -9964.1713643963       110.0034031972      -471.5084500847    102002.7029850787
917000     -9964.1849212656       110.0030988998      -471.5237494264    102002.7029850787
918000     -9964.1993165148       110.0023471277      -471.4946328821    102002.7029850787
919000     -9964.2050581162       110.0020738099      -471.5732544807    102002.7029850787
920000     -9964.2218425842       110.0022099145      -471.6667518015    102002.7029850787
921000     -9964.2137849888       110.0026844331      -471.5830042878    102002.7029850787
922000     -9964.2175805771       110.0026573694      -471.3761866089    102002.7029850787
923000     -9964.2123288683       110.0026827269      -471.2778786193    102002.7029850787
924000     -9964.2192155559       110.0022137657      -471.1748008996    102002.7029850787
925000     -9964.2048522944       110.0030228835      -470.9834695055    102002.7029850787
926000     -9964.1712924501       110.0043461314      -470.9742819000    102002.7029850787
927000     -9964.1520709983       110.0052111186      -471.0204136280    102002.7029850786
928000     -9964.1632223585       110.0045119543      -470.9167488932    102002.7029850786
929000     -9964.1523309476       110.0044118238      -470.8860657074    102002.7029850786
930000     -9964.1273550457       110.0056404499      -470.8294263105    102002.7029850786
931000     -9964.1109011507       110.0072925960      -470.7559338690    102002.7029850786
932000     -9964.1121934144       110.0072950530      -470.7304340808    102002.7029850786
933000     -9964.1355786681       110.0073662824      -470.7655330939    102002.7029850786
934000     -9964.1911627889       110.0059133946      -470.7701594989    102002.7029850786
935000     -9964.2119174340       110.0058335798      -470.7290516103    102002.7029850786
936000     -9964.2307808474       110.0065787803      -470.8561807753    102002.7029850786
937000     -9964.2259945026       110.0075964888      -470.8317861373    102002.7029850786
938000     -9964.2386433090       110.0080518769      -470.8481201603    102002.7029850786
939000     -9964.2466354553       110.0075836573      -470.9603350686    102002.7029850786
940000     -9964.2334397070       110.0078311233      -470.9137188599    102002.7029850786
941000     -9964.2654212440       110.0060739158      -470.9614182442    102002.7029850786
942000     -9964.3028108085       110.0050696482      -470.8227411503    102002.7029850786
943000     -9964.3367551983       110.0037460116      -470.7558698320    102002.7029850786
944000     -9964.3342314225       110.0033241057      -470.6892169442    102002.7029850786
945000     -9964.3364040275       110.0038791279      -470.7734177406    102002.7029850786
946000     -9964.3131390222       110.0063398451      -470.7432614296    102002.7029850786
947000     -9964.3018737173       110.0069156569      -470.7044030564    102002.7029850786
948000     -9964.3010541797       110.0072500368      -470.7783134569    102002.7029850786
949000     -9964.2759321204       110.0091435437      -470.8271129413    102002.7029850786
950000     -9964.2586133904       110.0100223389      -470.7132201111    102002.7029850786
951000     -9964.2682545655       110.0105735778      -470.6748702447    102002.7029850786
952000     -9964.2745198627       110.0110721901      -470.6712227082    102002.7029850786
953000     -9964.2870638454       110.0106027920      -470.6196477652    102002.7029850786
954000     -9964.2765771408       110.0107429697      -470.4443958840    102002.7029850786
955000     -9964.2713156623       110.0102001193      -470.3875204629    102002.7029850786
956000     -9964.2788660135       110.0090203963      -470.4669082026    102002.7029850786
957000     -9964.2769596008       110.0087812042      -470.5616422849    102002.7029850786
958000     -9964.2572986745       110.0101649123      -470.5603579531    102002.7029850786
959000     -9964.2610008746       110.0105445527      -470.6300702008    102002.7029850786
960000     -9964.3058136684       110.0082144680      -470.5976670501    102002.7029850786
961000     -9964.3193273502       110.0083191047      -470.6477772667    102002.7029850786
962000     -9964.2922145573       110.0089664882      -470.5726815867    102002.7029850786
963000     -9964.2878498075       110.0086327470      -470.5470719258    102002.7029850786
964000     -9964.3073015944       110.0072612196      -470.6665169559    102002.7029850786
965000     -9964.2825357336       110.0082215087      -470.6651260023    102002.7029850786
966000     -9964.2870803722       110.0080404994      -470.7524191277    102002.7029850786
967000     -9964.2704446692       110.0086338398      -470.8963009472    102002.7029850786
968000     -9964.2596011108       110.0084665609      -470.8934470115    102002.7029850786
969000     -9964.2656005327       110.0081749049      -470.8485851501    102002.7029850786
970000     -9964.2369301437       110.0089999337      -470.7367744034    102002.7029850786
971000     -9964.2140641319       110.0098725710      -470.5830848867    102002.7029850786
972000     -9964.2302538719       110.0094761842      -470.4946805906    102002.7029850786
973000     -9964.2347572336       110.0090281380      -470.4557351425    102002.7029850786
974000     -9964.2261517414       110.0100609997      -470.5694115832    102002.7029850786
975000     -9964.2445842672       110.0096656303      -470.7594047508    102002.7029850786
976000     -9964.2391955451       110.0097829927      -470.9428188561    102002.7029850786
977000     -9964.2401171465       110.0086158442      -471.1514224595    102002.7029850786
978000     -9964.2288880263       110.0093687478      -471.3063759961    102002.7029850786
979000     -9964.2248253873       110.0096132369      -471.3535609061    102002.7029850786
980000     -9964.2250056150       110.0098491189      -471.3749568173    102002.7029850786
981000     -9964.2356890983       110.0094972035      -471.6231421161    102002.7029850786
982000     -9964.2596509562       110.0090474344      -471.7795437605    102002.7029850786
983000     -9964.2917271287       110.0069448932      -471.8093501754    102002.7029850786
984000     -9964.2800075255       110.0083889665      -471.9383104084    102002.7029850786
985000     -9964.2690978819       110.0095520407      -471.9843867524    102002.7029850786
986000     -9964.2789127005       110.0102535373      -471.9808462282    102002.7029850786
987000     -9964.2866733059       110.0095682566      -472.0538063525    102002.7029850786
988000     -9964.2705601457       110.0102867666      -471.9709457129    102002.7029850786
989000     -9964.2596280912       110.0115126890      -471.8236429609    102002.7029850786
990000     -9964.2529678399       110.0121833136      -471.8296987736    102002.7029850786
991000     -9964.2377977677       110.0139865026      -471.9088759103    102002.7029850786
992000     -9964.2560192862       110.0126606802      -471.9571165183    102002.7029850786
993000     -9964.2332637299       110.0135229920      -472.0688764231    102002.7029850786
994000     -9964.2271710376       110.0131213477      -472.1059025921    102002.7029850786
995000     -9964.2086613315       110.0144622049      -472.0217746367    102002.7029850786
996000     -9964.2163552727       110.0139129396      -472.0737002795    102002.7029850786
997000     -9964.1878573704       110.0151145588      -472.2725596283    102002.7029850786
998000     -9964.1990805724       110.0151541452      -472.4250790047    102002.7029850786
999000     -9964.2004678539       110.0152550057      -472.5120427712    102002.7029850786
1000000     -9964.1960528274       110.0157624763      -472.5140907004    102002.7029850786
