# Time-averaged data for fix runningavgs
# TimeStep v_ra_etotal v_ra_temp v_ra_press v_ra_volume
502000    -10647.8872384727        91.0585415089       -87.0933016023    102002.7029850792
503000    -10647.7185777305        91.1278710657       -94.6638673199    102002.7029850792
504000    -10649.6132211323        91.0044273979       -75.7343785532    102002.7029850792
505000    -10650.1663319500        91.0186026816       -71.2823536148    102002.7029850792
506000    -10649.8580616583        91.0446686484       -71.0447485816    102002.7029850792
507000    -10651.7781613972        90.9773013254       -69.6074640806    102002.7029850792
508000    -10650.9929123134        91.0217490752       -72.3216860490    102002.7029850792
509000    -10651.0904618867        91.0325266472       -70.6301285310    102002.7029850792
510000    -10649.7175147568        91.0928335799       -67.1316742923    102002.7029850792
511000    -10650.0240336448        91.0672174849       -61.8672698761    102002.7029850792
512000    -10648.9994978418        91.1225420778       -60.5409040942    102002.7029850792
513000    -10649.0717748917        91.1400206753       -59.6523289188    102002.7029850792
514000    -10648.7152116387        91.1310554595       -59.1802906179    102002.7029850792
515000    -10649.4372474986        91.0975072525       -57.4162588815    102002.7029850792
516000    -10650.4868333688        91.0590592743       -56.8641511731    102002.7029850792
517000    -10650.4371683117        91.0670756090       -56.9201569751    102002.7029850792
518000    -10650.0262726210        91.0809486484       -56.5196827293    102002.7029850792
519000    -10650.2553522135        91.0639303761       -54.7514653240    102002.7029850792
520000    -10650.1936450113        91.0750768040       -53.2719843852    102002.7029850792
521000    -10649.9013752239        91.0859023784       -51.3952705793    102002.7029850792
522000    -10649.6619305616        91.0881117107       -49.9087645634    102002.7029850792
523000    -10649.4511152326        91.0933086314       -47.7328975372    102002.7029850792
524000    -10649.0850339647        91.1064229691       -45.9995344480    102002.7029850792
525000    -10649.1702760556        91.0990613866       -44.6469442073    102002.7029850792
526000    -10649.6822551957        91.0733144758       -42.3415276900    102002.7029850792
527000    -10649.1596424312        91.0958414747       -40.1728707636    102002.7029850792
528000    -10649.0222957955        91.0866528810       -38.6641106337    102002.7029850792
529000    -10648.6176808936        91.1014417551       -35.7917294522    102002.7029850792
530000    -10648.7001205003        91.1034017826       -34.0033720892    102002.7029850792
531000    -10648.6096592514        91.1114323266       -34.0409866419    102002.7029850792
532000    -10648.7052945847        91.1065797555       -34.7617154707    102002.7029850792
533000    -10649.0241946481        91.0879539546       -35.4585061219    102002.7029850792
534000    -10648.8247504714        91.1026441341       -36.0726860580    102002.7029850792
535000    -10649.1198125361        91.0986558613       -37.0832352747    102002.7029850792
536000    -10649.5692602242        91.0911195813       -36.7942465219    102002.7029850792
537000    -10649.9897603912        91.0742783074       -36.6359639979    102002.7029850792
538000    -10649.9088041051        91.0727605011       -34.8474698899    102002.7029850792
539000    -10650.0428785529        91.0672257043       -34.3009039255    102002.7029850791
540000    -10649.9399473560        91.0713762993       -33.8514033754    102002.7029850791
541000    -10650.0918154252        91.0600702838       -33.5157848157    102002.7029850791
542000    -10649.9253754626        91.0680830607       -33.4286845723    102002.7029850791
543000    -10649.7996000359        91.0743254768       -33.2227127623    102002.7029850791
544000    -10649.7952571654        91.0731444188       -34.1377562802    102002.7029850791
545000    -10650.0088332634        91.0645629342       -35.8615016357    102002.7029850791
546000    -10649.8872190816        91.0746982129       -35.0773260611    102002.7029850791
547000    -10650.1809923564        91.0658815594       -35.8019094841    102002.7029850791
548000    -10649.9422009750        91.0753926967       -35.4087152058    102002.7029850791
549000    -10649.9787146169        91.0752010728       -34.9684076252    102002.7029850791
550000    -10650.0831260265        91.0662558050       -36.6004842650    102002.7029850791
551000    -10650.1657203022        91.0638694107       -37.5227051821    102002.7029850791
552000    -10650.2426526993        91.0604092129       -38.2002831221    102002.7029850791
553000    -10650.2777476365        91.0554710642       -39.2617722029    102002.7029850791
554000    -10650.3274327916        91.0481046828       -39.9882103247    102002.7029850791
555000    -10650.4646694893        91.0442487897       -40.5706794381    102002.7029850791
556000    -10650.4253093793        91.0423960846       -40.7546490379    102002.7029850791
557000    -10650.3226259625        91.0437167603       -41.4094679600    102002.7029850791
558000    -10650.1792660802        91.0479478613       -40.8531256450    102002.7029850791
559000    -10650.1975544794        91.0510478917       -41.6658894452    102002.7029850791
560000    -10650.2670814757        91.0521486158       -41.7356864764    102002.7029850791
561000    -10650.3932398288        91.0474622618       -42.6802782566    102002.7029850791
562000    -10650.2869374772        91.0569104019       -43.2501215252    102002.7029850791
563000    -10650.4928229994        91.0482331401       -45.1039152126    102002.7029850791
564000    -10650.4006804387        91.0535790132       -45.9701186415    102002.7029850791
565000    -10650.3751434004        91.0565672221       -46.6073953473    102002.7029850791
566000    -10650.4224924492        91.0522395029       -47.7524514941    102002.7029850791
567000    -10650.6927961276        91.0465504870       -49.0639103456    102002.7029850791
568000    -10650.7588548927        91.0463119983       -50.0875781554    102002.7029850791
569000    -10650.9373977543        91.0408163105       -51.0797561652    102002.7029850791
570000    -10650.9290698710        91.0427652394       -52.0502930158    102002.7029850791
571000    -10650.8716895063        91.0497697232       -53.1803398420    102002.7029850791
572000    -10650.7853993202        91.0582001783       -53.2523164351    102002.7029850791
573000    -10650.7190054751        91.0609871567       -53.5123557393    102002.7029850791
574000    -10650.7006300672        91.0626847528       -53.9611413219    102002.7029850791
575000    -10650.5700810970        91.0654814509       -54.2251925289    102002.7029850791
576000    -10650.6521038812        91.0648739868       -54.5521464379    102002.7029850791
577000    -10650.7038810436        91.0602442133       -54.2767960678    102002.7029850791
578000    -10650.7026720227        91.0575617897       -54.2052733682    102002.7029850791
579000    -10650.4921637658        91.0670226672       -53.9922260475    102002.7029850791
580000    -10650.4516567516        91.0676106599       -54.4328597382    102002.7029850791
581000    -10650.4034898217        91.0700512885       -54.3727282866    102002.7029850791
582000    -10650.4585455657        91.0678447032       -54.8769655964    102002.7029850791
583000    -10650.4632985330        91.0695392966       -55.4743590554    102002.7029850791
584000    -10650.5278666852        91.0657049043       -55.9048007396    102002.7029850791
585000    -10650.5588484416        91.0652247434       -55.9720665689    102002.7029850791
586000    -10650.5420794036        91.0692390283       -56.3134049313    102002.7029850791
587000    -10650.6276654332        91.0669917746       -57.0629962274    102002.7029850791
588000    -10650.8574505476        91.0595376495       -57.4759669854    102002.7029850791
589000    -10650.9940927600        91.0562515092       -57.9519698568    102002.7029850791
590000    -10651.0157223006        91.0564316020       -58.9906457844    102002.7029850791
591000    -10651.1319615566        91.0543627459       -59.4373832085    102002.7029850792
592000    -10651.1183425922        91.0551873882       -59.2722612342    102002.7029850792
593000    -10651.2362998380        91.0514139921       -59.5377868397    102002.7029850792
594000    -10651.3732411742        91.0448124747       -60.0076654984    102002.7029850792
595000    -10651.3713663076        91.0434781845       -59.8632816379    102002.7029850792
596000    -10651.4614005607        91.0401855346       -59.8537113432    102002.7029850792
597000    -10651.5259188880        91.0389010366       -60.0255702572    102002.7029850792
598000    -10651.5724717449        91.0393895193       -60.3635014444    102002.7029850792
599000    -10651.6399565271        91.0397766062       -60.9991446385    102002.7029850792
600000    -10651.6517834060        91.0416460672       -61.1619961200    102002.7029850792
601000    -10651.5896661014        91.0472869366       -61.4687158060    102002.7029850792
602000    -10651.6709730584        91.0474111861       -61.7118331056    102002.7029850792
603000    -10651.6884140016        91.0482662113       -62.0911731475    102002.7029850792
604000    -10651.8397956522        91.0429057830       -62.4365755162    102002.7029850793
605000    -10651.9197446873        91.0403947964       -62.3664710641    102002.7029850793
606000    -10651.9103102960        91.0419594592       -62.4653600439    102002.7029850793
607000    -10651.8950982731        91.0447390698       -62.5892827671    102002.7029850793
608000    -10651.9050034660        91.0449310468       -62.7059485353    102002.7029850793
609000    -10651.8841353963        91.0448247217       -63.4847148934    102002.7029850793
610000    -10651.8960616516        91.0452197095       -63.9693985332    102002.7029850793
611000    -10651.9171036347        91.0454909658       -64.3632017771    102002.7029850793
612000    -10652.1080745604        91.0386499944       -65.1500042818    102002.7029850793
613000    -10652.2209040108        91.0366222367       -65.3468213183    102002.7029850793
614000    -10652.4110443977        91.0291267662       -65.8557572285    102002.7029850793
615000    -10652.4983801859        91.0268952096       -65.9829270699    102002.7029850793
616000    -10652.5430510672        91.0267984315       -66.2297957267    102002.7029850793
617000    -10652.5762812808        91.0265384330       -66.3325403000    102002.7029850793
618000    -10652.6429461903        91.0241366326       -66.5871118358    102002.7029850793
619000    -10652.5498128955        91.0265526833       -66.4194111578    102002.7029850793
620000    -10652.5108835853        91.0282028881       -66.5056382545    102002.7029850793
621000    -10652.5409714283        91.0282315336       -66.4804547774    102002.7029850793
622000    -10652.4785117045        91.0306252751       -66.9877035632    102002.7029850794
623000    -10652.4458468382        91.0318834814       -67.4023748157    102002.7029850794
624000    -10652.3942217872        91.0330019746       -67.4933008109    102002.7029850794
625000    -10652.3660153534        91.0353853895       -67.0980995905    102002.7029850794
626000    -10652.3440020994        91.0370938206       -66.9121018739    102002.7029850794
627000    -10652.3625849844        91.0349151912       -66.6179313352    102002.7029850794
628000    -10652.4319622472        91.0313602826       -66.6585214292    102002.7029850794
629000    -10652.4551311290        91.0288589800       -66.6996057474    102002.7029850794
630000    -10652.5174451396        91.0237120644       -66.9044929652    102002.7029850794
631000    -10652.4308575959        91.0264640801       -66.8167074585    102002.7029850794
632000    -10652.4937102375        91.0221544654       -67.0822974550    102002.7029850794
633000    -10652.4939058999        91.0209700570       -67.1023071194    102002.7029850794
634000    -10652.5581170178        91.0187261620       -67.2736008752    102002.7029850794
635000    -10652.4931622139        91.0213643692       -67.1055888350    102002.7029850794
636000    -10652.4960896499        91.0215534730       -67.2301088154    102002.7029850794
637000    -10652.4799904898        91.0223355414       -67.1999032808    102002.7029850794
638000    -10652.4475783100        91.0256758334       -67.0841358551    102002.7029850794
639000    -10652.4229302264        91.0284728660       -67.0862523412    102002.7029850794
640000    -10652.4379768371        91.0286029383       -66.7534846637    102002.7029850794
641000    -10652.4616564273        91.0275133992       -66.7081243573    102002.7029850794
642000    -10652.6208808196        91.0210707342       -66.6486436157    102002.7029850794
643000    -10652.6095530522        91.0236457778       -66.0786134399    102002.7029850794
644000    -10652.6167794356        91.0240582882       -66.2990992205    102002.7029850794
645000    -10652.6747965351        91.0227550414       -66.1643336152    102002.7029850794
646000    -10652.6664095530        91.0244876195       -65.6936026034    102002.7029850795
647000    -10652.7015427340        91.0247350580       -65.4928790196    102002.7029850795
648000    -10652.7590187968        91.0246180021       -65.4794089215    102002.7029850795
649000    -10652.7549307564        91.0267306683       -65.2702382929    102002.7029850795
650000    -10652.6860110362        91.0307169235       -65.1808749247    102002.7029850795
651000    -10652.6594267604        91.0329364128       -64.9793841427    102002.7029850795
652000    -10652.6972953219        91.0324522704       -65.0471868346    102002.7029850795
653000    -10652.7678475811        91.0313498235       -64.8192259614    102002.7029850795
654000    -10652.8795891999        91.0265958144       -65.2099697548    102002.7029850795
655000    -10652.8985627215        91.0271084173       -65.3017351136    102002.7029850795
656000    -10652.9272604868        91.0267585770       -65.4086607001    102002.7029850795
657000    -10653.0235992643        91.0242445409       -65.4674848525    102002.7029850795
658000    -10653.0695800678        91.0235908056       -65.2445392817    102002.7029850795
659000    -10653.0898514550        91.0243629768       -65.1048215533    102002.7029850795
660000    -10653.0638611741        91.0264375467       -64.8295103689    102002.7029850795
661000    -10653.1168650036        91.0250044424       -64.7967036479    102002.7029850795
662000    -10653.2146800872        91.0205353479       -64.8040781316    102002.7029850795
663000    -10653.2462000507        91.0197799681       -64.7752021707    102002.7029850795
664000    -10653.2324676213        91.0224790575       -64.9991698822    102002.7029850795
665000    -10653.2406353823        91.0241552776       -65.2908045515    102002.7029850795
666000    -10653.2631459056        91.0237181892       -65.2066792288    102002.7029850795
667000    -10653.2799218764        91.0241093218       -64.8876405516    102002.7029850795
668000    -10653.3284084176        91.0232320252       -64.8432113916    102002.7029850795
669000    -10653.3529140359        91.0216536959       -64.6884563702    102002.7029850795
670000    -10653.4191793658        91.0173211619       -64.7781981456    102002.7029850795
671000    -10653.3873444007        91.0179121599       -64.8501623719    102002.7029850795
672000    -10653.3371046593        91.0197991037       -64.9381195699    102002.7029850795
673000    -10653.3579311700        91.0184981759       -65.0780026843    102002.7029850795
674000    -10653.3549755326        91.0174482985       -65.3383432048    102002.7029850794
675000    -10653.3690873118        91.0152890077       -65.2853280682    102002.7029850794
676000    -10653.2959980338        91.0175062680       -65.2656198848    102002.7029850794
677000    -10653.2670974475        91.0165799119       -65.2402984534    102002.7029850794
678000    -10653.2539381185        91.0157389868       -65.2270383656    102002.7029850794
679000    -10653.2381827294        91.0153637427       -65.3346314968    102002.7029850794
680000    -10653.2802439890        91.0122934619       -65.6168180701    102002.7029850794
681000    -10653.2402997699        91.0134691990       -65.7902376621    102002.7029850794
682000    -10653.1778137065        91.0152549477       -65.7800623414    102002.7029850794
683000    -10653.1098001338        91.0175085566       -65.5138284923    102002.7029850794
684000    -10653.0915227587        91.0171326211       -65.3206422602    102002.7029850794
685000    -10653.0510448749        91.0184846199       -65.4244347591    102002.7029850794
686000    -10653.0831425873        91.0160920038       -65.4620939819    102002.7029850794
687000    -10653.1068815438        91.0145429608       -65.1814190563    102002.7029850794
688000    -10653.1042587314        91.0134300424       -65.0821222377    102002.7029850793
689000    -10653.0973004452        91.0118514091       -64.9053645875    102002.7029850793
690000    -10653.0304302517        91.0137656092       -64.6874642993    102002.7029850793
691000    -10653.0118651427        91.0150449131       -64.5282053355    102002.7029850793
692000    -10652.9606320677        91.0178158348       -64.3840417189    102002.7029850793
693000    -10653.0065099946        91.0155769980       -64.3979444710    102002.7029850793
694000    -10653.0559294573        91.0134657535       -64.2087269918    102002.7029850793
695000    -10653.0456616277        91.0141830836       -63.9740105929    102002.7029850793
696000    -10653.0505794702        91.0125480251       -63.9269404583    102002.7029850793
697000    -10653.0532239600        91.0118875719       -63.9398487819    102002.7029850793
698000    -10653.0210576871        91.0127114591       -63.9569061038    102002.7029850793
699000    -10653.0056293805        91.0125916796       -64.1225807970    102002.7029850793
700000    -10652.9943961626        91.0130748852       -64.2157181011    102002.7029850793
701000    -10652.9418534171        91.0146360689       -64.1738671498    102002.7029850793
702000    -10653.0395410838        91.0110612559       -64.2877318165    102002.7029850793
703000    -10653.0197182698        91.0130653969       -64.2121929497    102002.7029850793
704000    -10652.9923582110        91.0145027523       -63.9452505424    102002.7029850792
705000    -10653.0193402519        91.0139579392       -63.8212991861    102002.7029850792
706000    -10653.0636111999        91.0128863219       -63.8065823981    102002.7029850792
707000    -10653.1258993548        91.0094791390       -63.8710920245    102002.7029850792
708000    -10653.0917802444        91.0103976826       -63.8939090568    102002.7029850792
709000    -10653.1017835691        91.0096178654       -63.7881821428    102002.7029850792
710000    -10653.0675092662        91.0113551970       -63.7734759388    102002.7029850792
711000    -10653.0919290207        91.0099472674       -63.8546274634    102002.7029850792
712000    -10653.0882648645        91.0097336760       -63.8924996049    102002.7029850792
713000    -10653.1038295853        91.0088711265       -63.8076814143    102002.7029850792
714000    -10653.1078967451        91.0073526519       -63.7583514534    102002.7029850792
715000    -10653.0746267236        91.0080737355       -63.7728463142    102002.7029850792
716000    -10653.0198298316        91.0096389884       -63.6207232730    102002.7029850792
717000    -10653.0291765600        91.0088060560       -63.5615462591    102002.7029850792
718000    -10653.0172586884        91.0084498746       -63.4252615681    102002.7029850792
719000    -10653.0229447420        91.0080466297       -63.5093120012    102002.7029850792
720000    -10653.0792485375        91.0063332776       -63.4613704582    102002.7029850792
721000    -10653.1316244286        91.0041903853       -63.6861111411    102002.7029850792
722000    -10653.1120964432        91.0049619859       -63.7351393460    102002.7029850792
723000    -10653.2245619750        91.0011367803       -63.9360835563    102002.7029850792
724000    -10653.2466976466        91.0013677178       -63.9592399627    102002.7029850791
725000    -10653.2377617477        91.0023676703       -63.9516835024    102002.7029850791
726000    -10653.2393398687        91.0030918611       -63.8490441760    102002.7029850791
727000    -10653.2599321563        91.0029048378       -64.0172165295    102002.7029850791
728000    -10653.2963905128        91.0021318259       -64.0624316104    102002.7029850791
729000    -10653.3302354169        91.0009784339       -64.0514588777    102002.7029850791
730000    -10653.3028724984        91.0021046984       -63.9886736693    102002.7029850791
731000    -10653.3564437530        91.0006839739       -64.1348861525    102002.7029850791
732000    -10653.3115597980        91.0028796610       -64.2179035664    102002.7029850791
733000    -10653.2837829543        91.0047111102       -64.2868050684    102002.7029850791
734000    -10653.3285937798        91.0026434420       -64.4894451387    102002.7029850791
735000    -10653.3418180417        91.0021298478       -64.6624962892    102002.7029850791
736000    -10653.2916966372        91.0046175004       -64.7190409483    102002.7029850791
737000    -10653.2315395995        91.0067107855       -64.5873292421    102002.7029850791
738000    -10653.1871002207        91.0082054115       -64.6460224299    102002.7029850791
739000    -10653.1647431194        91.0083919817       -64.5868737289    102002.7029850791
740000    -10653.1584201478        91.0091773058       -64.8272400621    102002.7029850791
741000    -10653.1593279696        91.0092043351       -64.8551252955    102002.7029850791
742000    -10653.1745747098        91.0080495608       -65.1527780657    102002.7029850791
743000    -10653.1637899752        91.0086833360       -65.4003393555    102002.7029850791
744000    -10653.1833800910        91.0085351903       -65.5953083391    102002.7029850791
745000    -10653.2303691556        91.0070529274       -65.8200412957    102002.7029850791
746000    -10653.2663590066        91.0064345679       -65.7772375561    102002.7029850791
747000    -10653.2465930709        91.0081892963       -65.7226070911    102002.7029850791
748000    -10653.2409361923        91.0090807589       -65.7016672492    102002.7029850790
749000    -10653.2573035859        91.0083524095       -65.7142363860    102002.7029850790
750000    -10653.3027564141        91.0071341262       -65.9682237920    102002.7029850790
751000    -10653.3172098658        91.0077383509       -66.0380349264    102002.7029850790
752000    -10653.3729227131        91.0052441159       -65.9884430577    102002.7029850790
753000    -10653.3735278892        91.0055742568       -66.1392801995    102002.7029850790
754000    -10653.3959421740        91.0041948720       -66.1610757284    102002.7029850790
755000    -10653.3889643941        91.0042498187       -66.1814803133    102002.7029850790
756000    -10653.4007997450        91.0029788310       -66.4789086212    102002.7029850790
757000    -10653.3974388714        91.0032837182       -66.4173936556    102002.7029850790
758000    -10653.3788739545        91.0039236914       -66.5003719943    102002.7029850790
759000    -10653.4031427271        91.0030799580       -66.4453109519    102002.7029850790
760000    -10653.4498537001        91.0008812472       -66.4493767354    102002.7029850790
761000    -10653.4660753048        91.0000317920       -66.4829898455    102002.7029850790
762000    -10653.4502844589        91.0004621713       -66.6070107666    102002.7029850790
763000    -10653.4885527505        90.9980333477       -66.6533228192    102002.7029850790
764000    -10653.4939138173        90.9976069554       -66.4994940238    102002.7029850790
765000    -10653.4801092596        90.9976009454       -66.3897799124    102002.7029850790
766000    -10653.4765653093        90.9964399470       -66.2849019951    102002.7029850790
767000    -10653.4386981671        90.9982298961       -66.2841594020    102002.7029850790
768000    -10653.3892215203        90.9993418685       -66.2838843102    102002.7029850790
769000    -10653.3686496621        90.9988686551       -66.3710200968    102002.7029850790
770000    -10653.2880573736        91.0015561960       -66.1792697933    102002.7029850790
771000    -10653.2716337469        91.0010787480       -66.1219745176    102002.7029850790
772000    -10653.2270621667        91.0021609637       -66.0291959559    102002.7029850790
773000    -10653.1910166651        91.0027271255       -65.7895455121    102002.7029850790
774000    -10653.1436251012        91.0043766761       -65.5934947681    102002.7029850790
775000    -10653.1243629445        91.0041027366       -65.6839559322    102002.7029850790
776000    -10653.1430365207        91.0025104715       -65.7175372593    102002.7029850790
777000    -10653.1158956212        91.0034532288       -65.6670891002    102002.7029850789
778000    -10653.0841155077        91.0045365774       -65.8479292304    102002.7029850789
779000    -10653.0772572648        91.0039854778       -65.8568413018    102002.7029850789
780000    -10653.0343143462        91.0048312832       -65.8040671102    102002.7029850789
781000    -10652.9829303578        91.0066545367       -65.6261942214    102002.7029850789
782000    -10652.9852986495        91.0058791762       -65.5099433586    102002.7029850789
783000    -10652.9912363946        91.0053093600       -65.4627944053    102002.7029850789
784000    -10652.9581654683        91.0065814745       -65.4387326343    102002.7029850789
785000    -10652.9145143258        91.0077251980       -65.3345816184    102002.7029850789
786000    -10652.8752075608        91.0079108481       -65.3431465580    102002.7029850789
787000    -10652.8722304284        91.0074291208       -65.3654516880    102002.7029850789
788000    -10652.8380789206        91.0083770279       -65.2356466206    102002.7029850789
789000    -10652.8035130154        91.0092305717       -65.0049511605    102002.7029850789
790000    -10652.7800354111        91.0093700292       -64.9398354575    102002.7029850789
791000    -10652.7557704595        91.0090584327       -64.5685259017    102002.7029850789
792000    -10652.7237402965        91.0098137418       -64.1669932741    102002.7029850789
793000    -10652.7219466197        91.0097568033       -64.0785913514    102002.7029850789
794000    -10652.7059600016        91.0102830601       -64.1778746232    102002.7029850789
795000    -10652.7267187650        91.0088323069       -64.3014653351    102002.7029850789
796000    -10652.7250064362        91.0073041070       -64.2823828531    102002.7029850789
797000    -10652.6866274883        91.0094767500       -64.0826462212    102002.7029850789
798000    -10652.6842391965        91.0096218764       -63.9060903582    102002.7029850789
799000    -10652.6550350480        91.0108797794       -63.9360845121    102002.7029850789
800000    -10652.6878904418        91.0094192777       -63.9936516720    102002.7029850789
801000    -10652.6845556729        91.0099485297       -63.9977149778    102002.7029850789
802000    -10652.6588030377        91.0113945929       -64.0251101948    102002.7029850789
803000    -10652.6786556193        91.0119575822       -63.9489131028    102002.7029850789
804000    -10652.6939009578        91.0117092878       -63.9824688140    102002.7029850789
805000    -10652.6892767306        91.0119714148       -63.9281088773    102002.7029850789
806000    -10652.7126933226        91.0107844587       -63.9747226792    102002.7029850789
807000    -10652.6931579440        91.0121927773       -63.9239008947    102002.7029850789
808000    -10652.7466145672        91.0099798940       -63.9869759272    102002.7029850789
809000    -10652.7735628582        91.0092808262       -64.0240612509    102002.7029850789
810000    -10652.7980955322        91.0079713827       -63.9894303889    102002.7029850789
811000    -10652.7931901297        91.0088033907       -64.1386899954    102002.7029850789
812000    -10652.8125222522        91.0081133677       -64.1968245769    102002.7029850789
813000    -10652.8450145023        91.0067261208       -64.1580979679    102002.7029850789
814000    -10652.8555348592        91.0063893908       -64.1879258300    102002.7029850789
815000    -10652.9018077673        91.0041035459       -64.2315854335    102002.7029850788
816000    -10652.9292415163        91.0032346186       -64.1534375885    102002.7029850788
817000    -10652.9290507269        91.0037436190       -64.0581449523    102002.7029850788
818000    -10652.9385941278        91.0036527619       -63.8785576120    102002.7029850788
819000    -10652.9693485721        91.0033720901       -63.8648953172    102002.7029850788
820000    -10652.9537550798        91.0042824815       -63.7552323604    102002.7029850788
821000    -10652.9464503407        91.0053914092       -63.7572614949    102002.7029850788
822000    -10652.9619070422        91.0048498714       -63.6909872984    102002.7029850788
823000    -10652.9616954621        91.0044685341       -63.7111927316    102002.7029850788
824000    -10652.9434825329        91.0057445027       -63.5541585672    102002.7029850788
825000    -10652.9329533314        91.0063931335       -63.4949179076    102002.7029850788
826000    -10652.9629377142        91.0053225426       -63.5164584420    102002.7029850788
827000    -10652.9628258211        91.0047053824       -63.2882494490    102002.7029850788
828000    -10653.0179921013        91.0017872704       -63.3167709100    102002.7029850788
829000    -10653.0115808674        91.0020522083       -63.2178206434    102002.7029850788
830000    -10653.0569666841        90.9994030079       -63.2049272104    102002.7029850788
831000    -10653.0632386246        90.9986330090       -63.0388914741    102002.7029850788
832000    -10653.0493143632        90.9986015328       -62.8307031457    102002.7029850788
833000    -10653.0341672700        90.9996511731       -62.6141273453    102002.7029850788
834000    -10653.0396991488        90.9992653466       -62.6249443003    102002.7029850788
835000    -10653.0494495761        90.9993470710       -62.5249537406    102002.7029850788
836000    -10653.0690285976        90.9985940830       -62.5134091507    102002.7029850788
837000    -10653.0512382200        90.9999431678       -62.4398002820    102002.7029850788
838000    -10653.0665472476        91.0000795193       -62.4829812681    102002.7029850788
839000    -10653.0554418715        91.0007016594       -62.4362310235    102002.7029850788
840000    -10653.0594695281        91.0007421948       -62.4261476339    102002.7029850788
841000    -10653.0793229501        91.0000331503       -62.3667103029    102002.7029850788
842000    -10653.1033152738        90.9988968699       -62.3693744114    102002.7029850788
843000    -10653.0887308465        90.9999062318       -62.4875546309    102002.7029850788
844000    -10653.0922526428        91.0002291091       -62.4901874844    102002.7029850788
845000    -10653.0877038398        91.0005736435       -62.3202900544    102002.7029850788
846000    -10653.1046221886        90.9999884027       -62.2178128003    102002.7029850788
847000    -10653.1032760661        90.9991049881       -62.1373474364    102002.7029850788
848000    -10653.0995762713        90.9990146240       -62.0198506664    102002.7029850788
849000    -10653.0899246082        90.9989223443       -61.9603570172    102002.7029850788
850000    -10653.0871564947        90.9987962052       -61.7689748323    102002.7029850788
851000    -10653.0697159932        90.9990864105       -61.6127200338    102002.7029850788
852000    -10653.0336539198        90.9998987889       -61.5052883750    102002.7029850788
853000    -10653.0142782138        91.0007303573       -61.4114425297    102002.7029850788
854000    -10653.0294898610        91.0000613538       -61.3658591859    102002.7029850788
855000    -10652.9893139332        91.0020931620       -61.2130132914    102002.7029850788
856000    -10652.9621771816        91.0031157132       -61.1103160521    102002.7029850788
857000    -10652.9929070599        91.0012645762       -61.1092456047    102002.7029850788
858000    -10652.9815274536        91.0011946138       -60.9606857421    102002.7029850788
859000    -10653.0035682584        90.9996564379       -60.9108781464    102002.7029850788
860000    -10652.9971458844        91.0003176170       -60.8506402347    102002.7029850788
861000    -10652.9869724399        91.0012979506       -60.7888819438    102002.7029850788
862000    -10652.9913671815        91.0006238185       -60.6172615212    102002.7029850788
863000    -10652.9970679399        91.0003167454       -60.6753482759    102002.7029850788
864000    -10652.9736306594        91.0010689912       -60.8821710543    102002.7029850788
865000    -10652.9747459501        91.0013463874       -60.9373273746    102002.7029850788
866000    -10652.9933122561        91.0002682190       -60.9228507864    102002.7029850788
867000    -10652.9963835909        91.0006870549       -60.6978117345    102002.7029850788
868000    -10653.0001917758        91.0013790282       -60.6928007921    102002.7029850788
869000    -10652.9970067967        91.0022747117       -60.7281580115    102002.7029850788
870000    -10653.0001072303        91.0026813036       -60.9107650627    102002.7029850787
871000    -10652.9594875086        91.0050703790       -60.9961814750    102002.7029850787
872000    -10652.9281930975        91.0062170237       -61.0655480103    102002.7029850787
873000    -10652.9374330456        91.0058710832       -61.1249120293    102002.7029850787
874000    -10652.9472706523        91.0054591590       -61.0558547330    102002.7029850787
875000    -10652.9317987817        91.0062277446       -60.9884875413    102002.7029850787
876000    -10652.9442017645        91.0056833134       -61.1285982807    102002.7029850787
877000    -10652.9451282127        91.0057498338       -61.1443872809    102002.7029850787
878000    -10652.9578820362        91.0054563347       -61.3130137157    102002.7029850787
879000    -10652.9349142009        91.0059727099       -61.2236179818    102002.7029850787
880000    -10652.9106912274        91.0069226715       -61.1999011202    102002.7029850787
881000    -10652.9322346266        91.0064319341       -61.2494161483    102002.7029850787
882000    -10652.9454872631        91.0057497430       -61.2495952047    102002.7029850787
883000    -10652.9491972816        91.0050657327       -61.2789339284    102002.7029850787
884000    -10652.9444191229        91.0048820599       -61.1514150879    102002.7029850787
885000    -10652.9426881906        91.0045648119       -61.0872784936    102002.7029850787
886000    -10652.9305074926        91.0053292491       -60.9853459289    102002.7029850787
887000    -10652.9351155846        91.0053107224       -60.8836522434    102002.7029850787
888000    -10652.9335988430        91.0058005299       -60.7650692721    102002.7029850787
889000    -10652.9187082504        91.0062708524       -60.6623356732    102002.7029850787
890000    -10652.9257186609        91.0059134015       -60.6912744773    102002.7029850787
891000    -10652.9532204391        91.0047946841       -60.7157751363    102002.7029850787
892000    -10652.9701806326        91.0042460098       -60.7185167716    102002.7029850787
893000    -10652.9614433249        91.0039676527       -60.5900134341    102002.7029850787
894000    -10652.9593453846        91.0039532634       -60.6687406137    102002.7029850787
895000    -10652.9422057880        91.0050642112       -60.5427212865    102002.7029850787
896000    -10652.9180541966        91.0057583128       -60.4377712378    102002.7029850787
897000    -10652.9359912568        91.0046549414       -60.6031559350    102002.7029850787
898000    -10652.9352626052        91.0044602043       -60.7229565218    102002.7029850787
899000    -10652.9249133518        91.0044808153       -60.7839878876    102002.7029850787
900000    -10652.8942268640        91.0058533348       -60.7190273836    102002.7029850787
901000    -10652.9242338110        91.0043809976       -60.7182841022    102002.7029850787
902000    -10652.9315866750        91.0041431094       -60.6795045826    102002.7029850787
903000    -10652.9190719275        91.0053415160       -60.7963599691    102002.7029850787
904000    -10652.9168156389        91.0056187889       -60.8463514545    102002.7029850787
905000    -10652.9175346006        91.0063890009       -60.8814269989    102002.7029850787
906000    -10652.9168064762        91.0071744975       -60.9241095719    102002.7029850787
907000    -10652.9475109840        91.0062756251       -60.8398864959    102002.7029850787
908000    -10652.9429929504        91.0073110569       -60.7170464376    102002.7029850787
909000    -10652.9525229151        91.0074603760       -60.6914150816    102002.7029850787
910000    -10652.9514867340        91.0082539538       -60.6872514673    102002.7029850787
911000    -10652.9573530124        91.0085838770       -60.6587308607    102002.7029850787
912000    -10652.9674116174        91.0084884079       -60.7127879277    102002.7029850787
913000    -10652.9615115803        91.0090548849       -60.5584373162    102002.7029850787
914000    -10652.9521095328        91.0095976408       -60.5178319298    102002.7029850787
915000    -10652.9496812764        91.0100292184       -60.3862240437    102002.7029850787
916000    -10652.9485666837        91.0103640672       -60.3099724473    102002.7029850787
917000    -10652.9497948301        91.0104149918       -60.2822878119    102002.7029850787
918000    -10652.9577774600        91.0097852054       -60.2705572213    102002.7029850787
919000    -10652.9680249397        91.0088729382       -60.2707711251    102002.7029850787
920000    -10652.9565516860        91.0093817285       -60.3595713753    102002.7029850787
921000    -10652.9584888826        91.0093700229       -60.3429458233    102002.7029850787
922000    -10652.9629989230        91.0087944202       -60.3330677615    102002.7029850787
923000    -10652.9580671691        91.0078417451       -60.2040803036    102002.7029850787
924000    -10652.9551687354        91.0073800480       -60.1818291879    102002.7029850787
925000    -10652.9103945138        91.0092604680       -59.9536089263    102002.7029850787
926000    -10652.9114341134        91.0085876377       -59.9165968274    102002.7029850787
927000    -10652.9231857799        91.0082695854       -59.8943029818    102002.7029850786
928000    -10652.9259318362        91.0074368281       -59.8322000915    102002.7029850786
929000    -10652.9050361307        91.0076077189       -59.7503484396    102002.7029850786
930000    -10652.9148437769        91.0067980552       -59.7080405847    102002.7029850786
931000    -10652.9256604750        91.0056681951       -59.5546158741    102002.7029850786
932000    -10652.9048265800        91.0062559935       -59.4006241205    102002.7029850786
933000    -10652.8829355986        91.0074236419       -59.2601701026    102002.7029850786
934000    -10652.8744147225        91.0079115246       -59.0794095711    102002.7029850786
935000    -10652.8783971266        91.0082276316       -59.0238037369    102002.7029850786
936000    -10652.8924560782        91.0076587706       -58.9193864478    102002.7029850786
937000    -10652.8982034578        91.0082354447       -58.8287105712    102002.7029850786
938000    -10652.9218709715        91.0077334199       -58.7125054573    102002.7029850786
939000    -10652.9238347830        91.0076023730       -58.5814981032    102002.7029850786
940000    -10652.8956613198        91.0087752489       -58.3886967748    102002.7029850786
941000    -10652.8758678393        91.0091978856       -58.2376609092    102002.7029850786
942000    -10652.8430910171        91.0105044560       -58.0396944316    102002.7029850786
943000    -10652.8273890707        91.0110839840       -58.0111277985    102002.7029850786
944000    -10652.8296445557        91.0107669288       -57.9676579611    102002.7029850786
945000    -10652.8112512518        91.0113655570       -58.0046654030    102002.7029850786
946000    -10652.8140765969        91.0109430520       -57.9940578842    102002.7029850786
947000    -10652.8376030460        91.0099237302       -57.9726627123    102002.7029850786
948000    -10652.8500222668        91.0092907187       -58.0603996668    102002.7029850786
949000    -10652.8539325979        91.0089915170       -58.0697438593    102002.7029850786
950000    -10652.8599028102        91.0087862530       -58.1587070353    102002.7029850786
951000    -10652.8399894594        91.0092079872       -58.1546582283    102002.7029850786
952000    -10652.8291794184        91.0094492876       -58.1790439092    102002.7029850786
953000    -10652.8064213429        91.0097175574       -58.1686828565    102002.7029850786
954000    -10652.8130587937        91.0085748597       -58.2921424774    102002.7029850786
955000    -10652.8084704306        91.0082842002       -58.3173178816    102002.7029850786
956000    -10652.8095841402        91.0073035751       -58.2133995039    102002.7029850786
957000    -10652.8016262913        91.0068815547       -58.1005010333    102002.7029850786
958000    -10652.7874093508        91.0064505492       -57.9114216385    102002.7029850786
959000    -10652.7701613022        91.0069277408       -57.7008548791    102002.7029850786
960000    -10652.7462806564        91.0078475913       -57.5218384450    102002.7029850786
961000    -10652.7578303874        91.0064894407       -57.3972375652    102002.7029850786
962000    -10652.7469495459        91.0066331328       -57.3039001908    102002.7029850786
963000    -10652.7241817056        91.0073183617       -57.0584480529    102002.7029850786
964000    -10652.7253663770        91.0070645657       -56.8731365227    102002.7029850786
965000    -10652.7331121329        91.0064951596       -56.6561244224    102002.7029850786
966000    -10652.7298148261        91.0068864836       -56.5240459109    102002.7029850786
967000    -10652.7395296388        91.0066348378       -56.3561595267    102002.7029850786
968000    -10652.7616840159        91.0054694916       -56.2944122929    102002.7029850786
969000    -10652.7616985763        91.0051390886       -56.1993209953    102002.7029850786
970000    -10652.7682753269        91.0045467157       -56.0292025769    102002.7029850786
971000    -10652.7666373646        91.0041019066       -55.8425450622    102002.7029850786
972000    -10652.7688006679        91.0036617603       -55.7229058233    102002.7029850786
973000    -10652.7691005769        91.0033215926       -55.5438544254    102002.7029850786
974000    -10652.7867845884        91.0017418055       -55.5011066481    102002.7029850786
975000    -10652.7734231502        91.0016516296       -55.2975674901    102002.7029850786
976000    -10652.7575827209        91.0014934233       -55.1184297498    102002.7029850786
977000    -10652.7307627888        91.0028039271       -54.9666948025    102002.7029850786
978000    -10652.7072437469        91.0034455149       -54.8191362509    102002.7029850786
979000    -10652.6835274434        91.0048135796       -54.5811286652    102002.7029850786
980000    -10652.6766797380        91.0043245258       -54.4449903844    102002.7029850786
981000    -10652.6672281834        91.0038153221       -54.2626233850    102002.7029850786
982000    -10652.6694467881        91.0033726151       -54.1709529625    102002.7029850786
983000    -10652.6610681346        91.0025980095       -54.1703088830    102002.7029850786
984000    -10652.6520301771        91.0026004648       -54.1442572616    102002.7029850786
985000    -10652.6543839208        91.0021865414       -54.1196665852    102002.7029850786
986000    -10652.6522880481        91.0019429043       -53.9666300915    102002.7029850786
987000    -10652.6393965636        91.0021554555       -53.9352445750    102002.7029850786
988000    -10652.6033098495        91.0030718127       -53.7970534858    102002.7029850786
989000    -10652.5848951010        91.0035411537       -53.7328332721    102002.7029850786
990000    -10652.5588312709        91.0041885151       -53.6115547582    102002.7029850786
991000    -10652.5725933973        91.0030784809       -53.5251515779    102002.7029850786
992000    -10652.5705526206        91.0033842019       -53.4315192354    102002.7029850786
993000    -10652.5621136641        91.0033581986       -53.4190571679    102002.7029850786
994000    -10652.5618242628        91.0033699165       -53.5383828226    102002.7029850786
995000    -10652.5356514535        91.0041972828       -53.5259566023    102002.7029850786
996000    -10652.5336264473        91.0036457723       -53.5708554977    102002.7029850786
997000    -10652.5226835732        91.0038222404       -53.5941778874    102002.7029850786
998000    -10652.5112784816        91.0044459758       -53.7045042306    102002.7029850786
999000    -10652.5041082663        91.0052415586       -53.7704474571    102002.7029850786
1000000    -10652.4969028579        91.0056393450       -53.6488885275    102002.7029850786
